Godot Engine v4.6.1.stable.official.14d19694e - https://godotengine.org

[WorldPerf] Startup.start_to_loading_screen_visible_ms: 12.83 ms
[WorldPerf] WorldPrePass.compute.sample_height_grid: 161.40 ms
[FrameBudget] streaming=0.0ms topology=0.0ms visual=0.0ms spawn=0.0ms total=0.0ms/6.0ms building.room_recompute=0.0ms(60) power.balance_recompute=0.0ms(60)
[WorldPerf] WorldPrePass.compute.spine_seeds: 374.77 ms
[WorldPerf] WorldPrePass.compute.ridge_graph: 43.26 ms
[WorldPerf] WorldPrePass.compute.ridge_strength_grid.native_total: 0.82 ms
[WorldPerf] WorldPrePass.compute.mountain_mass_grid: 23.46 ms
[FrameBudget] streaming=0.0ms topology=0.0ms visual=0.0ms spawn=0.0ms total=0.0ms/6.0ms building.room_recompute=0.0ms(60) power.balance_recompute=0.0ms(60)
[WorldPerf] WorldPrePass.compute.lake_aware_fill.extract_lake_records: 540.93 ms
[WorldPerf] WorldPrePass.compute.lake_aware_fill: 546.22 ms
[FrameBudget] streaming=0.0ms topology=0.0ms visual=0.0ms spawn=0.0ms total=0.0ms/6.0ms building.room_recompute=0.0ms(60) power.balance_recompute=0.0ms(60)
[FrameBudget] streaming=0.0ms topology=0.0ms visual=0.0ms spawn=0.0ms total=0.0ms/6.0ms building.room_recompute=0.0ms(60) power.balance_recompute=0.0ms(60)
[WorldPerf] WorldPrePass.compute.flow_directions: 641.47 ms
[FrameBudget] streaming=0.0ms topology=0.0ms visual=0.0ms spawn=0.0ms total=0.0ms/6.0ms building.room_recompute=0.0ms(60) power.balance_recompute=0.0ms(60)
[WorldPerf] === Frame Summary (300 frames) ===
[WorldPerf] Frame time: avg=7.4 ms, p99=12.6 ms, hitches=1
[WorldPerf] Frame budget: dispatcher=0.1ms streaming=0.0ms streaming_load=0.0ms streaming_redraw=0.0ms topology=0.0ms building=0.0ms power=0.0ms visual=0.0ms shadow=0.0ms spawn=0.0ms total=0.1ms/6.0ms
[WorldPerf] Observability: Startup.loading_screen_visible=0.0ms, Startup.start_pressed=0.0ms, Startup.start_to_loading_screen_visible_ms=12.8ms
[FrameBudget] streaming=0.0ms topology=0.0ms visual=0.0ms spawn=0.0ms total=0.0ms/6.0ms building.room_recompute=0.0ms(60) power.balance_recompute=0.0ms(60)
[WorldPerf] WorldPrePass.compute.flow_accumulation: 802.53 ms
[WorldPerf] WorldPrePass.compute.floodplain_strength: 11.40 ms
[FrameBudget] streaming=0.0ms topology=0.0ms visual=0.0ms spawn=0.0ms total=0.0ms/6.0ms building.room_recompute=0.0ms(60) power.balance_recompute=0.0ms(60)
[WorldPerf] WorldPrePass.compute.erosion_proxy: 308.99 ms
[FrameBudget] streaming=0.0ms topology=0.0ms visual=0.0ms spawn=0.0ms total=0.0ms/6.0ms building.room_recompute=0.0ms(60) power.balance_recompute=0.0ms(60)
[WorldPerf] WorldPrePass.compute.slope_grid: 391.28 ms
[FrameBudget] streaming=0.0ms topology=0.0ms visual=0.0ms spawn=0.0ms total=0.0ms/6.0ms building.room_recompute=0.0ms(60) power.balance_recompute=0.0ms(60)
[FrameBudget] streaming=0.0ms topology=0.0ms visual=0.0ms spawn=0.0ms total=0.0ms/6.0ms building.room_recompute=0.0ms(60) power.balance_recompute=0.0ms(60)
[WorldPerf] === Frame Summary (300 frames) ===
[WorldPerf] Frame time: avg=6.9 ms, p99=6.9 ms, hitches=0
[WorldPerf] Frame budget: dispatcher=0.1ms streaming=0.0ms streaming_load=0.0ms streaming_redraw=0.0ms topology=0.0ms building=0.0ms power=0.0ms visual=0.0ms shadow=0.0ms spawn=0.0ms total=0.1ms/6.0ms
[WorldPerf] WorldPrePass.compute.rain_shadow: 957.13 ms
[WorldPerf] WorldPrePass.compute.continentalness.seed_water_sources: 28.26 ms
[WorldPerf] WorldPrePass.compute.continentalness: 38.58 ms
[WorldPerf] WorldGenerator._setup_world_pre_pass.configure: 60.50 ms
[WorldPerf] WorldGenerator._setup_world_pre_pass.compute: 4319.54 ms
[WorldPerf] WorldGenerator.initialize_world.setup_world_pre_pass: 4380.04 ms
[WorldGenerator] Native ChunkGenerator initialized (6 biomes, 5 flora sets, 1 decor sets)
[WorldPerf] WorldGenerator.complete_pending_initialize_world.pending_age_ms: 4382.05 ms
[WorldPerf] _init_world_generator: 4384.02 ms
[WorldPerf] GameWorld._setup_after_loading_screen: 4435.35 ms
[ChunkTilesetFactory] rock_atlas=240, wall_base=47, variants=5
[ChunkTilesetFactory] ground_faces: start=259 count=47
[ChunkTilesetFactory] rock_atlas=240, wall_base=47, variants=5
[ChunkTilesetFactory] ground_faces: start=259 count=47
[ChunkTilesetFactory] rock_atlas=240, wall_base=47, variants=5
[ChunkTilesetFactory] ground_faces: start=259 count=47
[ChunkTilesetFactory] rock_atlas=240, wall_base=47, variants=5
[ChunkTilesetFactory] ground_faces: start=259 count=47
[ChunkTilesetFactory] rock_atlas=240, wall_base=47, variants=5
[ChunkTilesetFactory] ground_faces: start=259 count=47
[ChunkTilesetFactory] rock_atlas=240, wall_base=47, variants=5
[ChunkTilesetFactory] ground_faces: start=259 count=47
[ChunkTilesetFactory] rock_atlas=240, wall_base=47, variants=5
[ChunkTilesetFactory] ground_faces: start=259 count=47
[WorldPerf] PlayerChunk coord=(0, 0) z=0 trigger=entered_chunk loaded=false visible=false state=not_loaded phase=none first_pass=false full_ready=false issues=not_loaded,load_queued,first_pass_not_ready ages(first=-ms full=-ms border=-ms apply=-ms converge=-ms) queues(fast=0 urgent=0 near=0 full_near=0 full_far=0) requests(load=true staged=false generating=false) scheduler(step=0.00ms exhausted=false)
[WorldPerf] PlayerChunk coord=(0, 0) z=0 trigger=scheduler loaded=false visible=false state=not_loaded phase=none first_pass=false full_ready=false issues=not_loaded,generating,first_pass_not_ready ages(first=-ms full=-ms border=-ms apply=-ms converge=-ms) queues(fast=0 urgent=0 near=0 full_near=0 full_far=0) requests(load=false staged=false generating=true) scheduler(step=0.00ms exhausted=false)
[WorldPerf] Boot.loop_step_ms: 76.86 ms
[FrameBudget] streaming=0.1ms topology=0.0ms visual=0.0ms spawn=0.0ms total=0.1ms/6.0ms building.room_recompute=0.0ms(60) power.balance_recompute=0.0ms(60) chunk_manager.streaming_load=0.1ms(23) chunk_manager.topology_rebuild=0.0ms(23) underground.fog_update=0.0ms(23) chunk_manager.streaming_redraw=0.0ms(23) mountain_shadow.visual_rebuild=0.0ms(23)
[WorldPerf] Boot.loop_step_ms: 95.35 ms
[WorldPerf] Shadow.edge_cache_compute (0, 0): 326.60 ms
[WorldPerf] Shadow.edge_cache_compute (0, -1): 88.34 ms
[WorldPerf] Shadow.edge_cache_compute (1, -1): 140.47 ms
[WorldPerf] Shadow.edge_cache_compute (63, -1): 140.99 ms
[FrameBudget] streaming=0.0ms topology=0.0ms visual=0.8ms spawn=0.0ms total=0.8ms/6.0ms chunk_manager.streaming_load=0.0ms(60) building.room_recompute=0.0ms(60) power.balance_recompute=0.0ms(60) chunk_manager.topology_rebuild=0.0ms(60) underground.fog_update=0.0ms(60) chunk_manager.streaming_redraw=0.0ms(60) mountain_shadow.visual_rebuild=0.8ms(60)
[WorldPerf] Shadow.edge_cache_compute (1, 1): 133.32 ms
[FrameBudget] streaming=0.0ms topology=0.0ms visual=0.1ms spawn=0.0ms total=0.2ms/6.0ms chunk_manager.streaming_load=0.0ms(60) building.room_recompute=0.0ms(60) power.balance_recompute=0.0ms(60) chunk_manager.topology_rebuild=0.0ms(60) underground.fog_update=0.0ms(60) chunk_manager.streaming_redraw=0.0ms(60) mountain_shadow.visual_rebuild=0.1ms(60)
[FrameBudget] streaming=0.0ms topology=0.0ms visual=0.0ms spawn=0.0ms total=0.0ms/6.0ms chunk_manager.streaming_load=0.0ms(60) building.room_recompute=0.0ms(60) power.balance_recompute=0.0ms(60) chunk_manager.topology_rebuild=0.0ms(60) underground.fog_update=0.0ms(60) chunk_manager.streaming_redraw=0.0ms(60) mountain_shadow.visual_rebuild=0.0ms(60)
[FrameBudget] streaming=0.0ms topology=0.0ms visual=0.0ms spawn=0.0ms total=0.0ms/6.0ms chunk_manager.streaming_load=0.0ms(60) building.room_recompute=0.0ms(60) power.balance_recompute=0.0ms(60) chunk_manager.topology_rebuild=0.0ms(60) underground.fog_update=0.0ms(60) chunk_manager.streaming_redraw=0.0ms(60) mountain_shadow.visual_rebuild=0.0ms(60)
[WorldPerf] === Frame Summary (300 frames) ===
[WorldPerf] Frame time: avg=9.4 ms, p99=69.0 ms, hitches=13
[WorldPerf] Frame budget: dispatcher=0.3ms streaming=0.0ms streaming_load=0.0ms streaming_redraw=0.0ms topology=0.0ms building=0.0ms power=0.0ms visual=0.0ms shadow=3.1ms spawn=0.0ms total=5.9ms/6.0ms
[WorldPerf] Boot detail: compute=0.0ms apply=0.1ms redraw=0.0ms topology=0.0ms shadow=0.0ms milestones=0 other=2.3ms | peaks: compute=0.0ms apply=3.0ms redraw=0.0ms topology=0.0ms shadow=0.0ms milestones=0.0ms stream_load=2.8ms stream_redraw=0.0ms
[WorldPerf] stream.chunk_first_pass_ms (0, 0)@z0: 2475.21 ms
[FrameBudget] streaming=0.0ms topology=0.0ms visual=0.0ms spawn=0.0ms total=0.0ms/6.0ms chunk_manager.streaming_load=0.0ms(60) building.room_recompute=0.0ms(60) power.balance_recompute=0.0ms(60) chunk_manager.topology_rebuild=0.0ms(60) underground.fog_update=0.0ms(60) chunk_manager.streaming_redraw=0.0ms(60) mountain_shadow.visual_rebuild=0.0ms(60)
[FrameBudget] streaming=0.0ms topology=0.0ms visual=0.0ms spawn=0.0ms total=0.0ms/6.0ms chunk_manager.streaming_load=0.0ms(60) building.room_recompute=0.0ms(60) power.balance_recompute=0.0ms(60) chunk_manager.topology_rebuild=0.0ms(60) underground.fog_update=0.0ms(60) chunk_manager.streaming_redraw=0.0ms(60) mountain_shadow.visual_rebuild=0.0ms(60)
[FrameBudget] streaming=0.0ms topology=0.0ms visual=0.0ms spawn=0.0ms total=0.0ms/6.0ms chunk_manager.streaming_load=0.0ms(60) building.room_recompute=0.0ms(60) power.balance_recompute=0.0ms(60) chunk_manager.topology_rebuild=0.0ms(60) underground.fog_update=0.0ms(60) chunk_manager.streaming_redraw=0.0ms(60) mountain_shadow.visual_rebuild=0.0ms(60)
[FrameBudget] streaming=0.0ms topology=0.0ms visual=0.0ms spawn=0.0ms total=0.0ms/6.0ms chunk_manager.streaming_load=0.0ms(60) building.room_recompute=0.0ms(60) power.balance_recompute=0.0ms(60) chunk_manager.topology_rebuild=0.0ms(60) underground.fog_update=0.0ms(60) chunk_manager.streaming_redraw=0.0ms(60) mountain_shadow.visual_rebuild=0.0ms(60)
[FrameBudget] streaming=0.0ms topology=0.0ms visual=0.0ms spawn=0.0ms total=0.0ms/6.0ms chunk_manager.streaming_load=0.0ms(60) building.room_recompute=0.0ms(60) power.balance_recompute=0.0ms(60) chunk_manager.topology_rebuild=0.0ms(60) underground.fog_update=0.0ms(60) chunk_manager.streaming_redraw=0.0ms(60) mountain_shadow.visual_rebuild=0.0ms(60)
[WorldPerf] === Frame Summary (300 frames) ===
[WorldPerf] Frame time: avg=6.9 ms, p99=6.9 ms, hitches=0
[WorldPerf] Frame budget: dispatcher=0.2ms streaming=0.0ms streaming_load=0.0ms streaming_redraw=0.0ms topology=0.0ms building=0.0ms power=0.0ms visual=0.0ms shadow=0.0ms spawn=0.0ms total=0.2ms/6.0ms
[WorldPerf] Boot.loop_step_ms: 36.43 ms
[WorldPerf] FPS: 144.0
[FrameBudget] streaming=0.0ms topology=0.0ms visual=0.0ms spawn=0.0ms total=0.0ms/6.0ms chunk_manager.streaming_load=0.0ms(60) building.room_recompute=0.0ms(60) power.balance_recompute=0.0ms(60) chunk_manager.topology_rebuild=0.0ms(60) underground.fog_update=0.0ms(60) chunk_manager.streaming_redraw=0.0ms(60) mountain_shadow.visual_rebuild=0.0ms(60)
[FrameBudget] streaming=0.0ms topology=0.0ms visual=0.0ms spawn=0.0ms total=0.0ms/6.0ms chunk_manager.streaming_load=0.0ms(60) building.room_recompute=0.0ms(60) power.balance_recompute=0.0ms(60) chunk_manager.topology_rebuild=0.0ms(60) underground.fog_update=0.0ms(60) chunk_manager.streaming_redraw=0.0ms(60) mountain_shadow.visual_rebuild=0.0ms(60)
[FrameBudget] streaming=0.0ms topology=0.0ms visual=0.0ms spawn=0.0ms total=0.0ms/6.0ms chunk_manager.streaming_load=0.0ms(60) building.room_recompute=0.0ms(60) power.balance_recompute=0.0ms(60) chunk_manager.topology_rebuild=0.0ms(60) underground.fog_update=0.0ms(60) chunk_manager.streaming_redraw=0.0ms(60) mountain_shadow.visual_rebuild=0.0ms(60)
[FrameBudget] streaming=0.0ms topology=0.0ms visual=0.0ms spawn=0.0ms total=0.0ms/6.0ms chunk_manager.streaming_load=0.0ms(60) building.room_recompute=0.0ms(60) power.balance_recompute=0.0ms(60) chunk_manager.topology_rebuild=0.0ms(60) underground.fog_update=0.0ms(60) chunk_manager.streaming_redraw=0.0ms(60) mountain_shadow.visual_rebuild=0.0ms(60)
[FrameBudget] streaming=0.0ms topology=0.0ms visual=0.0ms spawn=0.0ms total=0.0ms/6.0ms chunk_manager.streaming_load=0.0ms(60) building.room_recompute=0.0ms(60) power.balance_recompute=0.0ms(60) chunk_manager.topology_rebuild=0.0ms(60) underground.fog_update=0.0ms(60) chunk_manager.streaming_redraw=0.0ms(60) mountain_shadow.visual_rebuild=0.0ms(60)
[WorldPerf] === Frame Summary (300 frames) ===
[WorldPerf] Frame time: avg=7.9 ms, p99=32.4 ms, hitches=11
[WorldPerf] Frame budget: dispatcher=0.2ms streaming=0.0ms streaming_load=0.0ms streaming_redraw=0.0ms topology=0.0ms building=0.0ms power=0.0ms visual=0.0ms shadow=0.0ms spawn=0.0ms total=1.5ms/6.0ms
[WorldPerf] Boot detail: compute=0.0ms apply=0.0ms redraw=0.0ms topology=0.0ms shadow=0.0ms milestones=0 other=1.3ms | peaks: compute=0.0ms apply=0.0ms redraw=0.0ms topology=0.0ms shadow=0.0ms milestones=0.0ms stream_load=0.0ms stream_redraw=0.0ms
[FrameBudget] streaming=0.0ms topology=0.0ms visual=0.0ms spawn=0.0ms total=0.0ms/6.0ms chunk_manager.streaming_load=0.0ms(60) building.room_recompute=0.0ms(60) power.balance_recompute=0.0ms(60) chunk_manager.topology_rebuild=0.0ms(60) underground.fog_update=0.0ms(60) chunk_manager.streaming_redraw=0.0ms(60) mountain_shadow.visual_rebuild=0.0ms(60)
[FrameBudget] streaming=0.0ms topology=0.0ms visual=0.0ms spawn=0.0ms total=0.0ms/6.0ms chunk_manager.streaming_load=0.0ms(60) building.room_recompute=0.0ms(60) power.balance_recompute=0.0ms(60) chunk_manager.topology_rebuild=0.0ms(60) underground.fog_update=0.0ms(60) chunk_manager.streaming_redraw=0.0ms(60) mountain_shadow.visual_rebuild=0.0ms(60)
[FrameBudget] streaming=0.0ms topology=0.0ms visual=0.0ms spawn=0.0ms total=0.0ms/6.0ms chunk_manager.streaming_load=0.0ms(60) building.room_recompute=0.0ms(60) power.balance_recompute=0.0ms(60) chunk_manager.topology_rebuild=0.0ms(60) underground.fog_update=0.0ms(60) chunk_manager.streaming_redraw=0.0ms(60) mountain_shadow.visual_rebuild=0.0ms(60)
[FrameBudget] streaming=0.0ms topology=0.0ms visual=0.0ms spawn=0.0ms total=0.0ms/6.0ms chunk_manager.streaming_load=0.0ms(60) building.room_recompute=0.0ms(60) power.balance_recompute=0.0ms(60) chunk_manager.topology_rebuild=0.0ms(60) underground.fog_update=0.0ms(60) chunk_manager.streaming_redraw=0.0ms(60) mountain_shadow.visual_rebuild=0.0ms(60)
[WorldPerf] stream.chunk_first_pass_ms (0, -1)@z0: 8614.50 ms
[WorldPerf] stream.chunk_first_pass_ms (1, 0)@z0: 8546.94 ms
[WorldPerf] Boot.loop_step_ms: 37.12 ms
[WorldPerf] stream.chunk_first_pass_ms (63, 0)@z0: 8654.60 ms
[WorldPerf] stream.chunk_first_pass_ms (0, 1)@z0: 8590.87 ms
[WorldPerf] stream.chunk_first_pass_ms (1, -1)@z0: 8539.42 ms
[WorldPerf] stream.chunk_first_pass_ms (63, -1)@z0: 8531.34 ms
[WorldPerf] stream.chunk_first_pass_ms (1, 1)@z0: 8418.40 ms
[WorldPerf] stream.chunk_first_pass_ms (63, 1)@z0: 8433.11 ms
[FrameBudget] streaming=0.0ms topology=0.0ms visual=0.0ms spawn=0.0ms total=0.0ms/6.0ms chunk_manager.streaming_load=0.0ms(60) building.room_recompute=0.0ms(60) power.balance_recompute=0.0ms(60) chunk_manager.topology_rebuild=0.0ms(60) underground.fog_update=0.0ms(60) chunk_manager.streaming_redraw=0.0ms(60) mountain_shadow.visual_rebuild=0.0ms(60)
[WorldPerf] === Frame Summary (300 frames) ===
[WorldPerf] Frame time: avg=8.0 ms, p99=31.6 ms, hitches=12
[WorldPerf] Frame budget: dispatcher=0.2ms streaming=0.0ms streaming_load=0.0ms streaming_redraw=0.0ms topology=0.0ms building=0.0ms power=0.0ms visual=0.0ms shadow=0.0ms spawn=0.0ms total=1.5ms/6.0ms
[WorldPerf] Boot detail: compute=0.0ms apply=0.0ms redraw=0.0ms topology=0.0ms shadow=0.0ms milestones=0 other=1.4ms | peaks: compute=0.0ms apply=0.0ms redraw=0.0ms topology=0.0ms shadow=0.0ms milestones=0.0ms stream_load=0.0ms stream_redraw=0.0ms
[WorldPerf] stream.chunk_full_redraw_ms (0, 0)@z0: 9427.99 ms
[FrameBudget] streaming=0.0ms topology=0.0ms visual=0.0ms spawn=0.0ms total=0.0ms/6.0ms chunk_manager.streaming_load=0.0ms(60) building.room_recompute=0.0ms(60) power.balance_recompute=0.0ms(60) chunk_manager.topology_rebuild=0.0ms(60) underground.fog_update=0.0ms(60) chunk_manager.streaming_redraw=0.0ms(60) mountain_shadow.visual_rebuild=0.0ms(60)
[WorldPerf] FPS: 102.0
[FrameBudget] streaming=0.0ms topology=0.0ms visual=0.0ms spawn=0.0ms total=0.0ms/6.0ms chunk_manager.streaming_load=0.0ms(60) building.room_recompute=0.0ms(60) power.balance_recompute=0.0ms(60) chunk_manager.topology_rebuild=0.0ms(60) underground.fog_update=0.0ms(60) chunk_manager.streaming_redraw=0.0ms(60) mountain_shadow.visual_rebuild=0.0ms(60)
[FrameBudget] streaming=0.0ms topology=0.0ms visual=0.0ms spawn=0.0ms total=0.0ms/6.0ms chunk_manager.streaming_load=0.0ms(60) building.room_recompute=0.0ms(60) power.balance_recompute=0.0ms(60) chunk_manager.topology_rebuild=0.0ms(60) underground.fog_update=0.0ms(60) chunk_manager.streaming_redraw=0.0ms(60) mountain_shadow.visual_rebuild=0.0ms(60)
[FrameBudget] streaming=0.0ms topology=0.0ms visual=0.0ms spawn=0.0ms total=0.0ms/6.0ms chunk_manager.streaming_load=0.0ms(60) building.room_recompute=0.0ms(60) power.balance_recompute=0.0ms(60) chunk_manager.topology_rebuild=0.0ms(60) underground.fog_update=0.0ms(60) chunk_manager.streaming_redraw=0.0ms(60) mountain_shadow.visual_rebuild=0.0ms(60)
[FrameBudget] streaming=0.0ms topology=0.0ms visual=0.0ms spawn=0.0ms total=0.0ms/6.0ms chunk_manager.streaming_load=0.0ms(60) building.room_recompute=0.0ms(60) power.balance_recompute=0.0ms(60) chunk_manager.topology_rebuild=0.0ms(60) underground.fog_update=0.0ms(60) chunk_manager.streaming_redraw=0.0ms(60) mountain_shadow.visual_rebuild=0.0ms(60)
[WorldPerf] === Frame Summary (300 frames) ===
[WorldPerf] Frame time: avg=6.9 ms, p99=6.9 ms, hitches=0
[WorldPerf] Frame budget: dispatcher=0.1ms streaming=0.0ms streaming_load=0.0ms streaming_redraw=0.0ms topology=0.0ms building=0.0ms power=0.0ms visual=0.0ms shadow=0.0ms spawn=0.0ms total=0.2ms/6.0ms
[FrameBudget] streaming=0.0ms topology=0.0ms visual=0.0ms spawn=0.0ms total=0.0ms/6.0ms chunk_manager.streaming_load=0.0ms(60) building.room_recompute=0.0ms(60) power.balance_recompute=0.0ms(60) chunk_manager.topology_rebuild=0.0ms(60) underground.fog_update=0.0ms(60) chunk_manager.streaming_redraw=0.0ms(60) mountain_shadow.visual_rebuild=0.0ms(60)
[FrameBudget] streaming=0.0ms topology=0.0ms visual=0.0ms spawn=0.0ms total=0.0ms/6.0ms chunk_manager.streaming_load=0.0ms(60) building.room_recompute=0.0ms(60) power.balance_recompute=0.0ms(60) chunk_manager.topology_rebuild=0.0ms(60) underground.fog_update=0.0ms(60) chunk_manager.streaming_redraw=0.0ms(60) mountain_shadow.visual_rebuild=0.0ms(60)
[FrameBudget] streaming=0.0ms topology=0.0ms visual=0.0ms spawn=0.0ms total=0.0ms/6.0ms chunk_manager.streaming_load=0.0ms(60) building.room_recompute=0.0ms(60) power.balance_recompute=0.0ms(60) chunk_manager.topology_rebuild=0.0ms(60) underground.fog_update=0.0ms(60) chunk_manager.streaming_redraw=0.0ms(60) mountain_shadow.visual_rebuild=0.0ms(60)
[WorldPerf] Boot.loop_step_ms: 37.06 ms
[WorldPerf] stream.chunk_full_redraw_ms (0, -1)@z0: 12893.30 ms
[WorldPerf] stream.chunk_full_redraw_ms (1, 0)@z0: 12826.54 ms
[WorldPerf] stream.chunk_full_redraw_ms (63, 0)@z0: 12845.09 ms
[WorldPerf] stream.chunk_full_redraw_ms (0, 1)@z0: 12782.52 ms
[WorldPerf] stream.chunk_full_redraw_ms (1, -1)@z0: 12756.65 ms
[WorldPerf] stream.chunk_full_redraw_ms (63, -1)@z0: 12749.79 ms
[WorldPerf] stream.chunk_full_redraw_ms (1, 1)@z0: 12660.30 ms
[WorldPerf] stream.chunk_full_redraw_ms (63, 1)@z0: 12610.75 ms
[Boot] first_playable reached (13174.8 ms) | queue_wait=12670.3ms compute=886.4ms (25 chunks) apply=16.9ms (9 chunks) redraw=0.0ms
[WorldPerf] Startup.loading_screen_visible_to_startup_bubble_ready_ms: 25160.69 ms
[WorldPerf] PlayerChunk coord=(0, 0) z=0 trigger=scheduler loaded=true visible=true state=full_ready phase=done first_pass=true full_ready=true issues=healthy ages(first=-ms full=-ms border=-ms apply=13090ms converge=13090ms) queues(fast=0 urgent=0 near=0 full_near=0 full_far=0) requests(load=false staged=false generating=false) scheduler(step=0.00ms exhausted=false)
[WorldPerf] FrameBudgetDispatcher.visual.chunk_manager.streaming_redraw: 32.99 ms
[WorldPerf] FrameBudgetDispatcher.total: 35.81 ms
[WorldPerf] FrameBudgetDispatcher.visual.chunk_manager.streaming_redraw: 39.40 ms
[WorldPerf] FrameBudgetDispatcher.total: 43.30 ms
[FrameBudget] streaming=0.4ms topology=0.0ms visual=3.6ms spawn=0.0ms total=4.0ms/6.0ms chunk_manager.streaming_load=0.4ms(60) building.room_recompute=0.0ms(60) power.balance_recompute=0.0ms(60) chunk_manager.topology_rebuild=0.0ms(60) underground.fog_update=0.0ms(60) chunk_manager.streaming_redraw=3.6ms(60) mountain_shadow.visual_rebuild=0.0ms(53)
[FrameBudget] streaming=0.2ms topology=0.1ms visual=9.7ms spawn=0.0ms total=10.0ms/6.0ms chunk_manager.streaming_load=0.2ms(60) building.room_recompute=0.0ms(60) power.balance_recompute=0.0ms(60) chunk_manager.topology_rebuild=0.0ms(60) underground.fog_update=0.0ms(60) chunk_manager.streaming_redraw=9.2ms(60) mountain_shadow.visual_rebuild=0.4ms(33)
[WorldPerf] === Frame Summary (300 frames) ===
[WorldPerf] Frame time: avg=9.2 ms, p99=41.4 ms, hitches=26
[WorldPerf] Frame budget: dispatcher=2.9ms streaming=0.0ms streaming_load=0.1ms streaming_redraw=0.0ms topology=0.0ms building=0.0ms power=0.0ms visual=0.0ms shadow=2.9ms spawn=0.0ms total=6.7ms/6.0ms
[WorldPerf] Boot detail: compute=0.0ms apply=0.0ms redraw=0.0ms topology=0.0ms shadow=0.0ms milestones=1 other=0.7ms | peaks: compute=0.0ms apply=0.0ms redraw=0.0ms topology=0.0ms shadow=0.0ms milestones=0.0ms stream_load=3.7ms stream_redraw=0.0ms
[WorldPerf] Observability: Startup.loading_screen_visible_to_startup_bubble_ready_ms=25160.7ms, Startup.startup_bubble_ready=0.0ms
[WorldPerf] Shadow.edge_cache_compute (1, -2): 63.89 ms
[WorldPerf] Shadow.edge_cache_compute (2, -1): 61.49 ms
[WorldPerf] Shadow.edge_cache_compute (2, 1): 65.21 ms
[WorldPerf] Shadow.edge_cache_compute (62, 1): 67.10 ms
[FrameBudget] streaming=0.0ms topology=0.0ms visual=5.9ms spawn=0.0ms total=5.9ms/6.0ms chunk_manager.streaming_load=0.0ms(60) building.room_recompute=0.0ms(60) power.balance_recompute=0.0ms(60) chunk_manager.topology_rebuild=0.0ms(60) underground.fog_update=0.0ms(60) chunk_manager.streaming_redraw=5.2ms(60) mountain_shadow.visual_rebuild=0.7ms(47)
[WorldPerf] Shadow.edge_cache_compute (1, 2): 67.44 ms
[WorldPerf] Shadow.edge_cache_compute (2, -2): 134.03 ms
[WorldPerf] FPS: 73.0
[FrameBudget] streaming=0.0ms topology=0.0ms visual=4.9ms spawn=0.0ms total=4.9ms/6.0ms chunk_manager.streaming_load=0.0ms(60) building.room_recompute=0.0ms(60) power.balance_recompute=0.0ms(60) chunk_manager.topology_rebuild=0.0ms(60) underground.fog_update=0.0ms(60) chunk_manager.streaming_redraw=4.7ms(60) mountain_shadow.visual_rebuild=0.1ms(50)
[WorldPerf] Shadow.stale_age_ms: 1782.18 ms
[FrameBudget] streaming=0.0ms topology=0.0ms visual=5.3ms spawn=0.0ms total=5.4ms/6.0ms chunk_manager.streaming_load=0.0ms(60) building.room_recompute=0.0ms(60) power.balance_recompute=0.0ms(60) chunk_manager.topology_rebuild=0.0ms(60) underground.fog_update=0.0ms(60) chunk_manager.streaming_redraw=5.3ms(60) mountain_shadow.visual_rebuild=0.0ms(40)
[FrameBudget] streaming=0.0ms topology=0.0ms visual=5.9ms spawn=0.0ms total=5.9ms/6.0ms chunk_manager.streaming_load=0.0ms(60) building.room_recompute=0.0ms(60) power.balance_recompute=0.0ms(60) chunk_manager.topology_rebuild=0.0ms(60) underground.fog_update=0.0ms(60) chunk_manager.streaming_redraw=5.9ms(60) mountain_shadow.visual_rebuild=0.0ms(35)
[FrameBudget] streaming=0.0ms topology=0.0ms visual=5.9ms spawn=0.0ms total=5.9ms/6.0ms chunk_manager.streaming_load=0.0ms(60) building.room_recompute=0.0ms(60) power.balance_recompute=0.0ms(60) chunk_manager.topology_rebuild=0.0ms(60) underground.fog_update=0.0ms(60) chunk_manager.streaming_redraw=5.9ms(60) mountain_shadow.visual_rebuild=0.0ms(34)
[WorldPerf] === Frame Summary (300 frames) ===
[WorldPerf] Frame time: avg=7.2 ms, p99=11.0 ms, hitches=0
[WorldPerf] Frame budget: dispatcher=5.7ms streaming=0.0ms streaming_load=0.0ms streaming_redraw=0.0ms topology=0.0ms building=0.0ms power=0.0ms visual=0.0ms shadow=13.2ms spawn=0.0ms total=19.0ms/6.0ms
[WorldPerf] Observability: Shadow.stale_age_ms=1782.2ms
[FrameBudget] streaming=0.0ms topology=0.0ms visual=5.6ms spawn=0.0ms total=5.7ms/6.0ms chunk_manager.streaming_load=0.0ms(60) building.room_recompute=0.0ms(60) power.balance_recompute=0.0ms(60) chunk_manager.topology_rebuild=0.0ms(60) underground.fog_update=0.0ms(60) chunk_manager.streaming_redraw=5.6ms(60) mountain_shadow.visual_rebuild=0.0ms(38)
[FrameBudget] streaming=0.0ms topology=0.0ms visual=5.7ms spawn=0.0ms total=5.7ms/6.0ms chunk_manager.streaming_load=0.0ms(60) building.room_recompute=0.0ms(60) power.balance_recompute=0.0ms(60) chunk_manager.topology_rebuild=0.0ms(60) underground.fog_update=0.0ms(60) chunk_manager.streaming_redraw=5.6ms(60) mountain_shadow.visual_rebuild=0.0ms(35)
[FrameBudget] streaming=0.0ms topology=0.0ms visual=5.8ms spawn=0.0ms total=5.9ms/6.0ms chunk_manager.streaming_load=0.0ms(60) building.room_recompute=0.0ms(60) power.balance_recompute=0.0ms(60) chunk_manager.topology_rebuild=0.0ms(60) underground.fog_update=0.0ms(60) chunk_manager.streaming_redraw=5.8ms(60) mountain_shadow.visual_rebuild=0.0ms(34)
[FrameBudget] streaming=0.0ms topology=0.0ms visual=5.9ms spawn=0.0ms total=5.9ms/6.0ms chunk_manager.streaming_load=0.0ms(60) building.room_recompute=0.0ms(60) power.balance_recompute=0.0ms(60) chunk_manager.topology_rebuild=0.0ms(60) underground.fog_update=0.0ms(60) chunk_manager.streaming_redraw=5.9ms(60) mountain_shadow.visual_rebuild=0.0ms(35)
[WorldPerf] PlayerChunk coord=(0, 0) z=0 trigger=scheduler loaded=true visible=true state=full_ready phase=done first_pass=true full_ready=true issues=healthy ages(first=-ms full=-ms border=-ms apply=18249ms converge=18249ms) queues(fast=0 urgent=0 near=15 full_near=0 full_far=0) requests(load=false staged=false generating=false) scheduler(step=34.94ms exhausted=true)
[WorldPerf] FrameBudgetDispatcher.visual.chunk_manager.streaming_redraw: 35.23 ms
[WorldPerf] FrameBudgetDispatcher.total: 35.42 ms
[FrameBudget] streaming=0.0ms topology=0.0ms visual=7.7ms spawn=0.0ms total=7.7ms/6.0ms chunk_manager.streaming_load=0.0ms(60) building.room_recompute=0.0ms(60) power.balance_recompute=0.0ms(60) chunk_manager.topology_rebuild=0.0ms(60) underground.fog_update=0.0ms(60) chunk_manager.streaming_redraw=7.7ms(60) mountain_shadow.visual_rebuild=0.0ms(35)
[WorldPerf] === Frame Summary (300 frames) ===
[WorldPerf] Frame time: avg=7.3 ms, p99=28.7 ms, hitches=3
[WorldPerf] Frame budget: dispatcher=6.3ms streaming=0.0ms streaming_load=0.0ms streaming_redraw=0.0ms topology=0.0ms building=0.0ms power=0.0ms visual=0.0ms shadow=6.1ms spawn=0.0ms total=12.5ms/6.0ms
[WorldPerf] FrameBudgetDispatcher.visual.chunk_manager.streaming_redraw: 41.42 ms
[WorldPerf] FrameBudgetDispatcher.total: 41.77 ms
[FrameBudget] streaming=0.0ms topology=0.0ms visual=13.2ms spawn=0.0ms total=13.2ms/6.0ms chunk_manager.streaming_load=0.0ms(60) building.room_recompute=0.0ms(60) power.balance_recompute=0.0ms(60) chunk_manager.topology_rebuild=0.0ms(60) underground.fog_update=0.0ms(60) chunk_manager.streaming_redraw=13.2ms(60) mountain_shadow.visual_rebuild=0.0ms(24)
[FrameBudget] streaming=0.0ms topology=0.0ms visual=5.4ms spawn=0.0ms total=5.4ms/6.0ms chunk_manager.streaming_load=0.0ms(60) building.room_recompute=0.0ms(60) power.balance_recompute=0.0ms(60) chunk_manager.topology_rebuild=0.0ms(60) underground.fog_update=0.0ms(60) chunk_manager.streaming_redraw=5.4ms(60) mountain_shadow.visual_rebuild=0.0ms(39)
[WorldPerf] FPS: 60.0
[FrameBudget] streaming=0.0ms topology=0.0ms visual=5.3ms spawn=0.0ms total=5.4ms/6.0ms chunk_manager.streaming_load=0.0ms(60) building.room_recompute=0.0ms(60) power.balance_recompute=0.0ms(60) chunk_manager.topology_rebuild=0.0ms(60) underground.fog_update=0.0ms(60) chunk_manager.streaming_redraw=5.3ms(60) mountain_shadow.visual_rebuild=0.0ms(40)
[FrameBudget] streaming=0.0ms topology=0.0ms visual=5.4ms spawn=0.0ms total=5.5ms/6.0ms chunk_manager.streaming_load=0.0ms(60) building.room_recompute=0.0ms(60) power.balance_recompute=0.0ms(60) chunk_manager.topology_rebuild=0.0ms(60) underground.fog_update=0.0ms(60) chunk_manager.streaming_redraw=5.4ms(60) mountain_shadow.visual_rebuild=0.0ms(38)
[FrameBudget] streaming=0.0ms topology=0.0ms visual=5.2ms spawn=0.0ms total=5.2ms/6.0ms chunk_manager.streaming_load=0.0ms(60) building.room_recompute=0.0ms(60) power.balance_recompute=0.0ms(60) chunk_manager.topology_rebuild=0.0ms(60) underground.fog_update=0.0ms(60) chunk_manager.streaming_redraw=5.2ms(60) mountain_shadow.visual_rebuild=0.0ms(41)
[WorldPerf] === Frame Summary (300 frames) ===
[WorldPerf] Frame time: avg=8.5 ms, p99=36.5 ms, hitches=19
[WorldPerf] Frame budget: dispatcher=7.1ms streaming=0.0ms streaming_load=0.0ms streaming_redraw=0.0ms topology=0.0ms building=0.0ms power=0.0ms visual=0.0ms shadow=6.9ms spawn=0.0ms total=14.0ms/6.0ms
[FrameBudget] streaming=0.0ms topology=0.0ms visual=5.3ms spawn=0.0ms total=5.3ms/6.0ms chunk_manager.streaming_load=0.0ms(60) building.room_recompute=0.0ms(60) power.balance_recompute=0.0ms(60) chunk_manager.topology_rebuild=0.0ms(60) underground.fog_update=0.0ms(60) chunk_manager.streaming_redraw=5.3ms(60) mountain_shadow.visual_rebuild=0.0ms(40)
[FrameBudget] streaming=0.0ms topology=0.0ms visual=5.3ms spawn=0.0ms total=5.4ms/6.0ms chunk_manager.streaming_load=0.0ms(60) building.room_recompute=0.0ms(60) power.balance_recompute=0.0ms(60) chunk_manager.topology_rebuild=0.0ms(60) underground.fog_update=0.0ms(60) chunk_manager.streaming_redraw=5.3ms(60) mountain_shadow.visual_rebuild=0.0ms(39)
[FrameBudget] streaming=0.0ms topology=0.0ms visual=5.3ms spawn=0.0ms total=5.3ms/6.0ms chunk_manager.streaming_load=0.0ms(60) building.room_recompute=0.0ms(60) power.balance_recompute=0.0ms(60) chunk_manager.topology_rebuild=0.0ms(60) underground.fog_update=0.0ms(60) chunk_manager.streaming_redraw=5.3ms(60) mountain_shadow.visual_rebuild=0.0ms(40)
[FrameBudget] streaming=0.0ms topology=0.0ms visual=5.3ms spawn=0.0ms total=5.3ms/6.0ms chunk_manager.streaming_load=0.0ms(60) building.room_recompute=0.0ms(60) power.balance_recompute=0.0ms(60) chunk_manager.topology_rebuild=0.0ms(60) underground.fog_update=0.0ms(60) chunk_manager.streaming_redraw=5.3ms(60) mountain_shadow.visual_rebuild=0.0ms(40)
[WorldPerf] PlayerChunk coord=(0, 0) z=0 trigger=scheduler loaded=true visible=true state=full_ready phase=done first_pass=true full_ready=true issues=healthy ages(first=-ms full=-ms border=-ms apply=22943ms converge=22943ms) queues(fast=0 urgent=0 near=15 full_near=0 full_far=0) requests(load=false staged=false generating=false) scheduler(step=30.75ms exhausted=true)
[WorldPerf] FrameBudgetDispatcher.visual.chunk_manager.streaming_redraw: 31.97 ms
[WorldPerf] FrameBudgetDispatcher.total: 32.14 ms
[WorldPerf] stream.chunk_first_pass_ms (0, -2)@z0: 9856.31 ms
[WorldPerf] stream.chunk_first_pass_ms (2, 0)@z0: 9877.44 ms
[WorldPerf] stream.chunk_first_pass_ms (62, 0)@z0: 9838.48 ms
[FrameBudget] streaming=0.0ms topology=0.0ms visual=8.0ms spawn=0.0ms total=8.1ms/6.0ms chunk_manager.streaming_load=0.0ms(60) building.room_recompute=0.0ms(60) power.balance_recompute=0.0ms(60) chunk_manager.topology_rebuild=0.0ms(60) underground.fog_update=0.0ms(60) chunk_manager.streaming_redraw=8.0ms(60) mountain_shadow.visual_rebuild=0.0ms(37)
[WorldPerf] === Frame Summary (300 frames) ===
[WorldPerf] Frame time: avg=7.4 ms, p99=30.6 ms, hitches=5
[WorldPerf] Frame budget: dispatcher=6.0ms streaming=0.0ms streaming_load=0.0ms streaming_redraw=0.0ms topology=0.0ms building=0.0ms power=0.0ms visual=0.0ms shadow=5.8ms spawn=0.0ms total=11.9ms/6.0ms
[WorldPerf] stream.chunk_first_pass_ms (0, 2)@z0: 9946.02 ms
[WorldPerf] stream.chunk_first_pass_ms (1, -2)@z0: 9946.54 ms
[WorldPerf] stream.chunk_first_pass_ms (63, -2)@z0: 9938.25 ms
[WorldPerf] stream.chunk_first_pass_ms (2, -1)@z0: 9937.62 ms
[WorldPerf] stream.chunk_first_pass_ms (62, -1)@z0: 9927.25 ms
[WorldPerf] stream.chunk_first_pass_ms (2, 1)@z0: 9930.99 ms
[WorldPerf] stream.chunk_first_pass_ms (62, 1)@z0: 9894.61 ms
[WorldPerf] stream.chunk_first_pass_ms (1, 2)@z0: 9894.14 ms
[WorldPerf] FrameBudgetDispatcher.visual.chunk_manager.streaming_redraw: 38.91 ms
[WorldPerf] FrameBudgetDispatcher.total: 39.17 ms
[WorldPerf] stream.chunk_first_pass_ms (63, 2)@z0: 9899.83 ms
[WorldPerf] stream.chunk_first_pass_ms (2, -2)@z0: 9889.83 ms
[WorldPerf] stream.chunk_first_pass_ms (62, -2)@z0: 9878.60 ms
[WorldPerf] stream.chunk_first_pass_ms (2, 2)@z0: 9871.29 ms
[WorldPerf] stream.chunk_first_pass_ms (62, 2)@z0: 9834.96 ms
[FrameBudget] streaming=0.0ms topology=0.0ms visual=11.5ms spawn=0.0ms total=11.5ms/6.0ms chunk_manager.streaming_load=0.0ms(60) building.room_recompute=0.0ms(60) power.balance_recompute=0.0ms(60) chunk_manager.topology_rebuild=0.0ms(60) underground.fog_update=0.0ms(60) chunk_manager.streaming_redraw=11.5ms(60) mountain_shadow.visual_rebuild=0.0ms(40)
[WorldPerf] stream.chunk_border_fix_ms (0, -1)@z0: 11211.75 ms
[WorldPerf] stream.chunk_full_redraw_ms (0, -1)@z0: 11211.89 ms
[FrameBudget] streaming=0.0ms topology=0.0ms visual=4.9ms spawn=0.0ms total=4.9ms/6.0ms chunk_manager.streaming_load=0.0ms(60) building.room_recompute=0.0ms(60) power.balance_recompute=0.0ms(60) chunk_manager.topology_rebuild=0.0ms(60) underground.fog_update=0.0ms(60) chunk_manager.streaming_redraw=4.8ms(60) mountain_shadow.visual_rebuild=0.0ms(51)
[WorldPerf] stream.chunk_border_fix_ms (1, 0)@z0: 11249.51 ms
[WorldPerf] stream.chunk_full_redraw_ms (1, 0)@z0: 11249.71 ms
[WorldPerf] stream.chunk_border_fix_ms (63, 0)@z0: 11244.83 ms
[WorldPerf] stream.chunk_full_redraw_ms (63, 0)@z0: 11244.96 ms
[WorldPerf] stream.chunk_border_fix_ms (0, 1)@z0: 11256.92 ms
[WorldPerf] stream.chunk_full_redraw_ms (0, 1)@z0: 11257.07 ms
[FrameBudget] streaming=0.0ms topology=0.0ms visual=4.8ms spawn=0.0ms total=4.8ms/6.0ms chunk_manager.streaming_load=0.0ms(60) building.room_recompute=0.0ms(60) power.balance_recompute=0.0ms(60) chunk_manager.topology_rebuild=0.0ms(60) underground.fog_update=0.0ms(60) chunk_manager.streaming_redraw=4.8ms(60) mountain_shadow.visual_rebuild=0.0ms(47)
[WorldPerf] FPS: 78.0
[FrameBudget] streaming=0.0ms topology=0.0ms visual=4.9ms spawn=0.0ms total=5.0ms/6.0ms chunk_manager.streaming_load=0.0ms(60) building.room_recompute=0.0ms(60) power.balance_recompute=0.0ms(60) chunk_manager.topology_rebuild=0.0ms(60) underground.fog_update=0.0ms(60) chunk_manager.streaming_redraw=4.9ms(60) mountain_shadow.visual_rebuild=0.0ms(50)
[FrameBudget] streaming=0.0ms topology=0.0ms visual=5.1ms spawn=0.0ms total=5.2ms/6.0ms chunk_manager.streaming_load=0.0ms(60) building.room_recompute=0.0ms(60) power.balance_recompute=0.0ms(60) chunk_manager.topology_rebuild=0.0ms(60) underground.fog_update=0.0ms(60) chunk_manager.streaming_redraw=5.1ms(60) mountain_shadow.visual_rebuild=0.0ms(45)
[WorldPerf] === Frame Summary (300 frames) ===
[WorldPerf] Frame time: avg=8.2 ms, p99=34.2 ms, hitches=14
[WorldPerf] Frame budget: dispatcher=6.4ms streaming=0.0ms streaming_load=0.0ms streaming_redraw=0.0ms topology=0.0ms building=0.0ms power=0.0ms visual=0.0ms shadow=6.2ms spawn=0.0ms total=12.7ms/6.0ms
[FrameBudget] streaming=0.0ms topology=0.0ms visual=5.1ms spawn=0.0ms total=5.2ms/6.0ms chunk_manager.streaming_load=0.0ms(60) building.room_recompute=0.0ms(60) power.balance_recompute=0.0ms(60) chunk_manager.topology_rebuild=0.0ms(60) underground.fog_update=0.0ms(60) chunk_manager.streaming_redraw=5.1ms(60) mountain_shadow.visual_rebuild=0.0ms(46)
[FrameBudget] streaming=0.0ms topology=0.0ms visual=5.9ms spawn=0.0ms total=5.9ms/6.0ms chunk_manager.streaming_load=0.0ms(60) building.room_recompute=0.0ms(60) power.balance_recompute=0.0ms(60) chunk_manager.topology_rebuild=0.0ms(60) underground.fog_update=0.0ms(60) chunk_manager.streaming_redraw=5.9ms(60) mountain_shadow.visual_rebuild=0.0ms(38)
[FrameBudget] streaming=0.0ms topology=0.0ms visual=5.3ms spawn=0.0ms total=5.3ms/6.0ms chunk_manager.streaming_load=0.0ms(60) building.room_recompute=0.0ms(60) power.balance_recompute=0.0ms(60) chunk_manager.topology_rebuild=0.0ms(60) underground.fog_update=0.0ms(60) chunk_manager.streaming_redraw=5.3ms(60) mountain_shadow.visual_rebuild=0.0ms(45)
[WorldPerf] stream.chunk_border_fix_ms (1, -1)@z0: 13878.84 ms
[WorldPerf] stream.chunk_full_redraw_ms (1, -1)@z0: 13869.35 ms
[WorldPerf] stream.chunk_border_fix_ms (63, -1)@z0: 13911.77 ms
[WorldPerf] stream.chunk_full_redraw_ms (63, -1)@z0: 13866.90 ms
[WorldPerf] stream.chunk_border_fix_ms (1, 1)@z0: 13893.54 ms
[WorldPerf] stream.chunk_full_redraw_ms (1, 1)@z0: 13854.36 ms
[WorldPerf] stream.chunk_border_fix_ms (63, 1)@z0: 13891.35 ms
[WorldPerf] stream.chunk_full_redraw_ms (63, 1)@z0: 13856.10 ms
[Boot] first_playable reached (27350.4 ms) | queue_wait=12670.3ms compute=886.4ms (25 chunks) apply=16.9ms (9 chunks) redraw=0.0ms
[FrameBudget] streaming=0.0ms topology=0.0ms visual=4.9ms spawn=0.0ms total=4.9ms/6.0ms chunk_manager.streaming_load=0.0ms(60) building.room_recompute=0.0ms(60) power.balance_recompute=0.0ms(60) chunk_manager.topology_rebuild=0.0ms(60) underground.fog_update=0.0ms(60) chunk_manager.streaming_redraw=4.9ms(60) mountain_shadow.visual_rebuild=0.0ms(48)
[FrameBudget] streaming=0.0ms topology=0.0ms visual=4.8ms spawn=0.0ms total=4.8ms/6.0ms chunk_manager.streaming_load=0.0ms(60) building.room_recompute=0.0ms(60) power.balance_recompute=0.0ms(60) chunk_manager.topology_rebuild=0.0ms(60) underground.fog_update=0.0ms(60) chunk_manager.streaming_redraw=4.8ms(60) mountain_shadow.visual_rebuild=0.0ms(53)
[WorldPerf] === Frame Summary (300 frames) ===
[WorldPerf] Frame time: avg=6.9 ms, p99=7.4 ms, hitches=0
[WorldPerf] Frame budget: dispatcher=5.3ms streaming=0.0ms streaming_load=0.0ms streaming_redraw=0.0ms topology=0.0ms building=0.0ms power=0.0ms visual=0.0ms shadow=5.2ms spawn=0.0ms total=10.6ms/6.0ms
[WorldPerf] Boot detail: compute=0.0ms apply=0.0ms redraw=0.0ms topology=0.0ms shadow=0.0ms milestones=1 other=0.0ms | peaks: compute=0.0ms apply=0.0ms redraw=0.0ms topology=0.0ms shadow=0.0ms milestones=0.0ms stream_load=0.1ms stream_redraw=0.0ms
[WorldPerf] stream.chunk_full_redraw_ms (0, -2)@z0: 14803.60 ms
[WorldPerf] PlayerChunk coord=(0, 0) z=0 trigger=scheduler loaded=true visible=true state=full_ready phase=done first_pass=true full_ready=true issues=healthy ages(first=-ms full=-ms border=-ms apply=27958ms converge=27958ms) queues(fast=0 urgent=0 near=0 full_near=11 full_far=0) requests(load=false staged=false generating=false) scheduler(step=36.66ms exhausted=true)
[WorldPerf] FrameBudgetDispatcher.visual.chunk_manager.streaming_redraw: 37.02 ms
[WorldPerf] FrameBudgetDispatcher.total: 37.18 ms
[WorldPerf] stream.chunk_full_redraw_ms (62, 2)@z0: 14752.57 ms
[WorldPerf] stream.chunk_full_redraw_ms (0, 2)@z0: 15030.40 ms
[WorldPerf] stream.chunk_full_redraw_ms (1, -2)@z0: 14993.34 ms
[WorldPerf] stream.chunk_full_redraw_ms (2, 0)@z0: 15108.85 ms
[WorldPerf] stream.chunk_full_redraw_ms (62, -1)@z0: 15094.85 ms
[WorldPerf] stream.chunk_full_redraw_ms (2, 1)@z0: 15105.84 ms
[WorldPerf] stream.chunk_full_redraw_ms (2, -1)@z0: 15153.26 ms
[WorldPerf] stream.chunk_full_redraw_ms (62, 0)@z0: 15260.75 ms
[WorldPerf] stream.chunk_full_redraw_ms (63, -2)@z0: 15178.99 ms
[FrameBudget] streaming=0.0ms topology=0.0ms visual=9.6ms spawn=0.0ms total=9.7ms/6.0ms chunk_manager.streaming_load=0.0ms(60) building.room_recompute=0.0ms(60) power.balance_recompute=0.0ms(60) chunk_manager.topology_rebuild=0.0ms(60) underground.fog_update=0.0ms(60) chunk_manager.streaming_redraw=9.6ms(60) mountain_shadow.visual_rebuild=0.0ms(38)
[WorldPerf] stream.chunk_full_redraw_ms (62, 1)@z0: 15117.68 ms
[WorldPerf] stream.chunk_full_redraw_ms (63, 2)@z0: 15083.07 ms
[WorldPerf] stream.chunk_full_redraw_ms (1, 2)@z0: 15118.63 ms
[WorldPerf] stream.chunk_full_redraw_ms (2, -2)@z0: 15071.56 ms
[WorldPerf] stream.chunk_full_redraw_ms (2, 2)@z0: 15053.41 ms
[WorldPerf] stream.chunk_full_redraw_ms (62, -2)@z0: 15062.73 ms
[Boot] boot_complete reached (28639.5 ms) | queue_wait=12670.3ms compute=886.4ms (25 chunks) apply=16.9ms (9 chunks) redraw=0.0ms
[WorldPerf] Startup.startup_bubble_ready_to_boot_complete_ms: 15440.55 ms
[CodexValidation] boot proof complete; quitting
WARNING: ObjectDB instances leaked at exit (run with --verbose for details).
   at: cleanup (core/object/object.cpp:2641)
ERROR: 22 resources still in use at exit (run with --verbose for details).
   at: clear (core/io/resource.cpp:810)
