Godot Engine v4.6.1.stable.official.14d19694e - https://godotengine.org

[WorldPerf] Startup.start_to_loading_screen_visible_ms: 13.54 ms
[WorldPerf] WorldPrePass.compute.sample_height_grid: 123.66 ms
[FrameBudget] streaming=0.0ms topology=0.0ms visual=0.0ms spawn=0.0ms total=0.0ms/6.0ms building.room_recompute=0.0ms(60) power.balance_recompute=0.0ms(60)
[WorldPerf] WorldPrePass.compute.spine_seeds: 402.90 ms
[WorldPerf] WorldPrePass.compute.ridge_graph: 42.98 ms
[WorldPerf] WorldPrePass.compute.ridge_strength_grid.native_total: 0.80 ms
[WorldPerf] WorldPrePass.compute.mountain_mass_grid: 23.60 ms
[FrameBudget] streaming=0.0ms topology=0.0ms visual=0.0ms spawn=0.0ms total=0.0ms/6.0ms building.room_recompute=0.0ms(60) power.balance_recompute=0.0ms(60)
[WorldPerf] WorldPrePass.compute.lake_aware_fill.extract_lake_records: 522.20 ms
[WorldPerf] WorldPrePass.compute.lake_aware_fill: 527.39 ms
[FrameBudget] streaming=0.0ms topology=0.0ms visual=0.0ms spawn=0.0ms total=0.0ms/6.0ms building.room_recompute=0.0ms(60) power.balance_recompute=0.0ms(60)
[FrameBudget] streaming=0.0ms topology=0.0ms visual=0.0ms spawn=0.0ms total=0.0ms/6.0ms building.room_recompute=0.0ms(60) power.balance_recompute=0.0ms(60)
[WorldPerf] WorldPrePass.compute.flow_directions: 659.70 ms
[FrameBudget] streaming=0.0ms topology=0.0ms visual=0.0ms spawn=0.0ms total=0.0ms/6.0ms building.room_recompute=0.0ms(60) power.balance_recompute=0.0ms(60)
[WorldPerf] === Frame Summary (300 frames) ===
[WorldPerf] Frame time: avg=7.4 ms, p99=6.9 ms, hitches=2
[WorldPerf] Frame budget: dispatcher=0.1ms streaming=0.0ms streaming_load=0.0ms streaming_redraw=0.0ms topology=0.0ms building=0.0ms power=0.0ms visual=0.0ms shadow=0.0ms spawn=0.0ms total=0.1ms/6.0ms
[WorldPerf] Observability: Startup.loading_screen_visible=0.0ms, Startup.start_pressed=0.0ms, Startup.start_to_loading_screen_visible_ms=13.5ms
[FrameBudget] streaming=0.0ms topology=0.0ms visual=0.0ms spawn=0.0ms total=0.0ms/6.0ms building.room_recompute=0.0ms(60) power.balance_recompute=0.0ms(60)
[WorldPerf] WorldPrePass.compute.flow_accumulation: 861.92 ms
[WorldPerf] WorldPrePass.compute.floodplain_strength: 11.54 ms
[FrameBudget] streaming=0.0ms topology=0.0ms visual=0.0ms spawn=0.0ms total=0.0ms/6.0ms building.room_recompute=0.0ms(60) power.balance_recompute=0.0ms(60)
[WorldPerf] WorldPrePass.compute.erosion_proxy: 306.28 ms
[FrameBudget] streaming=0.0ms topology=0.0ms visual=0.0ms spawn=0.0ms total=0.0ms/6.0ms building.room_recompute=0.0ms(60) power.balance_recompute=0.0ms(60)
[WorldPerf] WorldPrePass.compute.slope_grid: 408.07 ms
[FrameBudget] streaming=0.0ms topology=0.0ms visual=0.0ms spawn=0.0ms total=0.0ms/6.0ms building.room_recompute=0.0ms(60) power.balance_recompute=0.0ms(60)
[FrameBudget] streaming=0.0ms topology=0.0ms visual=0.0ms spawn=0.0ms total=0.0ms/6.0ms building.room_recompute=0.0ms(60) power.balance_recompute=0.0ms(60)
[WorldPerf] === Frame Summary (300 frames) ===
[WorldPerf] Frame time: avg=6.9 ms, p99=6.9 ms, hitches=0
[WorldPerf] Frame budget: dispatcher=0.1ms streaming=0.0ms streaming_load=0.0ms streaming_redraw=0.0ms topology=0.0ms building=0.0ms power=0.0ms visual=0.0ms shadow=0.0ms spawn=0.0ms total=0.1ms/6.0ms
[WorldPerf] WorldPrePass.compute.rain_shadow: 978.27 ms
[WorldPerf] WorldPrePass.compute.continentalness.seed_water_sources: 27.41 ms
[WorldPerf] WorldPrePass.compute.continentalness: 37.43 ms
[WorldPerf] WorldGenerator._setup_world_pre_pass.configure: 60.64 ms
[WorldPerf] WorldGenerator._setup_world_pre_pass.compute: 4402.11 ms
[WorldPerf] WorldGenerator.initialize_world.setup_world_pre_pass: 4462.76 ms
[WorldGenerator] Native ChunkGenerator initialized (6 biomes, 5 flora sets, 1 decor sets)
[WorldPerf] WorldGenerator.complete_pending_initialize_world.pending_age_ms: 4464.85 ms
[WorldPerf] _init_world_generator: 4467.08 ms
[WorldPerf] GameWorld._setup_after_loading_screen: 4519.55 ms
[ChunkTilesetFactory] rock_atlas=240, wall_base=47, variants=5
[ChunkTilesetFactory] ground_faces: start=259 count=47
[ChunkTilesetFactory] rock_atlas=240, wall_base=47, variants=5
[ChunkTilesetFactory] ground_faces: start=259 count=47
[ChunkTilesetFactory] rock_atlas=240, wall_base=47, variants=5
[ChunkTilesetFactory] ground_faces: start=259 count=47
[ChunkTilesetFactory] rock_atlas=240, wall_base=47, variants=5
[ChunkTilesetFactory] ground_faces: start=259 count=47
[ChunkTilesetFactory] rock_atlas=240, wall_base=47, variants=5
[ChunkTilesetFactory] ground_faces: start=259 count=47
[ChunkTilesetFactory] rock_atlas=240, wall_base=47, variants=5
[ChunkTilesetFactory] ground_faces: start=259 count=47
[ChunkTilesetFactory] rock_atlas=240, wall_base=47, variants=5
[ChunkTilesetFactory] ground_faces: start=259 count=47
[WorldPerf] PlayerChunk coord=(0, 0) z=0 trigger=entered_chunk loaded=false visible=false state=not_loaded phase=none first_pass=false full_ready=false issues=not_loaded,load_queued,first_pass_not_ready ages(first=-ms full=-ms border=-ms apply=-ms converge=-ms) queues(fast=0 urgent=0 near=0 full_near=0 full_far=0) requests(load=true staged=false generating=false) scheduler(step=0.00ms exhausted=false)
[WorldPerf] PlayerChunk coord=(0, 0) z=0 trigger=scheduler loaded=false visible=false state=not_loaded phase=none first_pass=false full_ready=false issues=not_loaded,generating,first_pass_not_ready ages(first=-ms full=-ms border=-ms apply=-ms converge=-ms) queues(fast=0 urgent=0 near=0 full_near=0 full_far=0) requests(load=false staged=false generating=true) scheduler(step=0.00ms exhausted=false)
[FrameBudget] streaming=0.0ms topology=0.0ms visual=0.0ms spawn=0.0ms total=0.1ms/6.0ms building.room_recompute=0.0ms(60) power.balance_recompute=0.0ms(60) chunk_manager.streaming_load=0.0ms(11) chunk_manager.topology_rebuild=0.0ms(11) underground.fog_update=0.0ms(11) chunk_manager.streaming_redraw=0.0ms(11) mountain_shadow.visual_rebuild=0.0ms(11)
[FrameBudget] streaming=0.0ms topology=0.0ms visual=0.0ms spawn=0.0ms total=0.0ms/6.0ms chunk_manager.streaming_load=0.0ms(60) building.room_recompute=0.0ms(60) power.balance_recompute=0.0ms(60) chunk_manager.topology_rebuild=0.0ms(60) underground.fog_update=0.0ms(60) chunk_manager.streaming_redraw=0.0ms(60) mountain_shadow.visual_rebuild=0.0ms(60)
[FrameBudget] streaming=0.0ms topology=0.0ms visual=0.1ms spawn=0.0ms total=0.1ms/6.0ms chunk_manager.streaming_load=0.0ms(60) building.room_recompute=0.0ms(60) power.balance_recompute=0.0ms(60) chunk_manager.topology_rebuild=0.0ms(60) underground.fog_update=0.0ms(60) chunk_manager.streaming_redraw=0.0ms(60) mountain_shadow.visual_rebuild=0.1ms(60)
[WorldPerf] Shadow.edge_cache_compute (0, 0): 329.80 ms
[FrameBudget] streaming=0.0ms topology=0.0ms visual=0.1ms spawn=0.0ms total=0.2ms/6.0ms chunk_manager.streaming_load=0.0ms(60) building.room_recompute=0.0ms(60) power.balance_recompute=0.0ms(60) chunk_manager.topology_rebuild=0.0ms(60) underground.fog_update=0.0ms(60) chunk_manager.streaming_redraw=0.0ms(60) mountain_shadow.visual_rebuild=0.1ms(60)
[WorldPerf] stream.chunk_first_pass_ms (0, 0)@z0: 914.60 ms
[WorldPerf] Shadow.edge_cache_compute (0, -1): 224.23 ms
[FrameBudget] streaming=0.0ms topology=0.0ms visual=0.0ms spawn=0.0ms total=0.1ms/6.0ms chunk_manager.streaming_load=0.0ms(60) building.room_recompute=0.0ms(60) power.balance_recompute=0.0ms(60) chunk_manager.topology_rebuild=0.0ms(60) underground.fog_update=0.0ms(60) chunk_manager.streaming_redraw=0.0ms(60) mountain_shadow.visual_rebuild=0.0ms(60)
[WorldPerf] === Frame Summary (300 frames) ===
[WorldPerf] Frame time: avg=7.5 ms, p99=10.8 ms, hitches=1
[WorldPerf] Frame budget: dispatcher=0.2ms streaming=0.0ms streaming_load=0.0ms streaming_redraw=0.0ms topology=0.0ms building=0.0ms power=0.0ms visual=0.0ms shadow=1.9ms spawn=0.0ms total=2.6ms/6.0ms
[WorldPerf] Boot detail: compute=0.0ms apply=0.0ms redraw=0.0ms topology=0.0ms shadow=0.0ms milestones=0 other=0.3ms | peaks: compute=0.0ms apply=3.3ms redraw=0.0ms topology=0.0ms shadow=0.0ms milestones=0.0ms stream_load=2.8ms stream_redraw=0.0ms
WARNING: [WorldPerf] WARNING: FrameBudget overrun job_id=mountain_shadow.visual_rebuild category=visual used_ms=1.19 budget_ms=1.00 over_budget_pct=18.5
   at: push_warning (core/variant/variant_utility.cpp:1034)
   GDScript backtrace (most recent call first):
       [0] report_budget_overrun (res://core/systems/world/world_perf_probe.gd:100)
       [1] _process (res://core/autoloads/frame_budget_dispatcher.gd:76)
[WorldPerf] Shadow.edge_cache_compute (1, -1): 176.18 ms
[FrameBudget] streaming=0.0ms topology=0.0ms visual=0.8ms spawn=0.0ms total=0.8ms/6.0ms chunk_manager.streaming_load=0.0ms(60) building.room_recompute=0.0ms(60) power.balance_recompute=0.0ms(60) chunk_manager.topology_rebuild=0.0ms(60) underground.fog_update=0.0ms(60) chunk_manager.streaming_redraw=0.0ms(60) mountain_shadow.visual_rebuild=0.8ms(60)
[WorldPerf] Shadow.edge_cache_compute (63, -1): 193.09 ms
[FrameBudget] streaming=0.0ms topology=0.0ms visual=0.8ms spawn=0.0ms total=0.8ms/6.0ms chunk_manager.streaming_load=0.0ms(60) building.room_recompute=0.0ms(60) power.balance_recompute=0.0ms(60) chunk_manager.topology_rebuild=0.0ms(60) underground.fog_update=0.0ms(60) chunk_manager.streaming_redraw=0.0ms(60) mountain_shadow.visual_rebuild=0.8ms(60)
[WorldPerf] Shadow.edge_cache_compute (1, 1): 176.54 ms
[FrameBudget] streaming=0.0ms topology=0.0ms visual=0.1ms spawn=0.0ms total=0.1ms/6.0ms chunk_manager.streaming_load=0.0ms(60) building.room_recompute=0.0ms(60) power.balance_recompute=0.0ms(60) chunk_manager.topology_rebuild=0.0ms(60) underground.fog_update=0.0ms(60) chunk_manager.streaming_redraw=0.0ms(60) mountain_shadow.visual_rebuild=0.1ms(60)
[FrameBudget] streaming=0.0ms topology=0.0ms visual=0.0ms spawn=0.0ms total=0.1ms/6.0ms chunk_manager.streaming_load=0.0ms(60) building.room_recompute=0.0ms(60) power.balance_recompute=0.0ms(60) chunk_manager.topology_rebuild=0.0ms(60) underground.fog_update=0.0ms(60) chunk_manager.streaming_redraw=0.0ms(60) mountain_shadow.visual_rebuild=0.0ms(60)
[FrameBudget] streaming=0.0ms topology=0.0ms visual=0.0ms spawn=0.0ms total=0.1ms/6.0ms chunk_manager.streaming_load=0.0ms(60) building.room_recompute=0.0ms(60) power.balance_recompute=0.0ms(60) chunk_manager.topology_rebuild=0.0ms(60) underground.fog_update=0.0ms(60) chunk_manager.streaming_redraw=0.0ms(60) mountain_shadow.visual_rebuild=0.0ms(60)
[WorldPerf] === Frame Summary (300 frames) ===
[WorldPerf] Frame time: avg=7.1 ms, p99=8.3 ms, hitches=0
[WorldPerf] Frame budget: dispatcher=0.5ms streaming=0.0ms streaming_load=0.0ms streaming_redraw=0.0ms topology=0.0ms building=0.0ms power=0.0ms visual=0.0ms shadow=2.5ms spawn=0.0ms total=3.8ms/6.0ms
[WorldPerf] Boot detail: compute=0.0ms apply=0.0ms redraw=0.0ms topology=0.0ms shadow=0.0ms milestones=0 other=0.7ms | peaks: compute=0.0ms apply=3.3ms redraw=0.0ms topology=0.0ms shadow=0.0ms milestones=0.0ms stream_load=0.0ms stream_redraw=0.0ms
[FrameBudget] streaming=0.0ms topology=0.0ms visual=0.0ms spawn=0.0ms total=0.0ms/6.0ms chunk_manager.streaming_load=0.0ms(60) building.room_recompute=0.0ms(60) power.balance_recompute=0.0ms(60) chunk_manager.topology_rebuild=0.0ms(60) underground.fog_update=0.0ms(60) chunk_manager.streaming_redraw=0.0ms(60) mountain_shadow.visual_rebuild=0.0ms(60)
[FrameBudget] streaming=0.0ms topology=0.0ms visual=0.0ms spawn=0.0ms total=0.0ms/6.0ms chunk_manager.streaming_load=0.0ms(60) building.room_recompute=0.0ms(60) power.balance_recompute=0.0ms(60) chunk_manager.topology_rebuild=0.0ms(60) underground.fog_update=0.0ms(60) chunk_manager.streaming_redraw=0.0ms(60) mountain_shadow.visual_rebuild=0.0ms(60)
[WorldPerf] stream.chunk_first_pass_ms (0, -1)@z0: 3941.53 ms
[WorldPerf] stream.chunk_first_pass_ms (1, 0)@z0: 3702.36 ms
[WorldPerf] FPS: 141.0
[WorldPerf] stream.chunk_first_pass_ms (63, 0)@z0: 3699.59 ms
[WorldPerf] stream.chunk_first_pass_ms (1, -1)@z0: 3566.20 ms
[WorldPerf] stream.chunk_first_pass_ms (0, 1)@z0: 3585.41 ms
[WorldPerf] stream.chunk_first_pass_ms (63, -1)@z0: 3538.75 ms
[FrameBudget] streaming=0.0ms topology=0.0ms visual=0.0ms spawn=0.0ms total=0.0ms/6.0ms chunk_manager.streaming_load=0.0ms(60) building.room_recompute=0.0ms(60) power.balance_recompute=0.0ms(60) chunk_manager.topology_rebuild=0.0ms(60) underground.fog_update=0.0ms(60) chunk_manager.streaming_redraw=0.0ms(60) mountain_shadow.visual_rebuild=0.0ms(60)
[WorldPerf] stream.chunk_full_redraw_ms (0, 0)@z0: 4402.17 ms
[WorldPerf] stream.chunk_first_pass_ms (1, 1)@z0: 3366.16 ms
[WorldPerf] stream.chunk_first_pass_ms (63, 1)@z0: 3315.06 ms
[FrameBudget] streaming=0.0ms topology=0.0ms visual=0.0ms spawn=0.0ms total=0.0ms/6.0ms chunk_manager.streaming_load=0.0ms(60) building.room_recompute=0.0ms(60) power.balance_recompute=0.0ms(60) chunk_manager.topology_rebuild=0.0ms(60) underground.fog_update=0.0ms(60) chunk_manager.streaming_redraw=0.0ms(60) mountain_shadow.visual_rebuild=0.0ms(60)
[WorldPerf] stream.chunk_full_redraw_ms (0, -1)@z0: 4841.56 ms
[WorldPerf] stream.chunk_full_redraw_ms (1, 0)@z0: 4604.76 ms
[WorldPerf] stream.chunk_full_redraw_ms (63, 0)@z0: 4602.47 ms
[FrameBudget] streaming=0.0ms topology=0.0ms visual=0.0ms spawn=0.0ms total=0.0ms/6.0ms chunk_manager.streaming_load=0.0ms(60) building.room_recompute=0.0ms(60) power.balance_recompute=0.0ms(60) chunk_manager.topology_rebuild=0.0ms(60) underground.fog_update=0.0ms(60) chunk_manager.streaming_redraw=0.0ms(60) mountain_shadow.visual_rebuild=0.0ms(60)
[WorldPerf] === Frame Summary (300 frames) ===
[WorldPerf] Frame time: avg=6.9 ms, p99=6.9 ms, hitches=0
[WorldPerf] Frame budget: dispatcher=0.2ms streaming=0.0ms streaming_load=0.0ms streaming_redraw=0.0ms topology=0.0ms building=0.0ms power=0.0ms visual=0.0ms shadow=0.0ms spawn=0.0ms total=0.3ms/6.0ms
[WorldPerf] Boot detail: compute=0.0ms apply=0.0ms redraw=0.0ms topology=0.0ms shadow=0.0ms milestones=0 other=0.1ms | peaks: compute=0.0ms apply=0.0ms redraw=0.0ms topology=0.0ms shadow=0.0ms milestones=0.0ms stream_load=0.0ms stream_redraw=0.0ms
[WorldPerf] stream.chunk_full_redraw_ms (1, -1)@z0: 4469.44 ms
[WorldPerf] stream.chunk_full_redraw_ms (0, 1)@z0: 4489.59 ms
[WorldPerf] stream.chunk_full_redraw_ms (63, -1)@z0: 4452.68 ms
[WorldPerf] stream.chunk_full_redraw_ms (1, 1)@z0: 4278.71 ms
[WorldPerf] stream.chunk_full_redraw_ms (63, 1)@z0: 4229.49 ms
[Boot] first_playable reached (6151.9 ms) | queue_wait=53648.2ms compute=9194.3ms (25 chunks) apply=17.9ms (9 chunks) redraw=0.0ms
[WorldPerf] Startup.loading_screen_visible_to_startup_bubble_ready_ms: 18072.08 ms
WARNING: [WorldPerf] WARNING: FrameBudget overrun job_id=chunk_manager.streaming_load category=streaming used_ms=5.44 budget_ms=3.00 over_budget_pct=81.3
   at: push_warning (core/variant/variant_utility.cpp:1034)
   GDScript backtrace (most recent call first):
       [0] report_budget_overrun (res://core/systems/world/world_perf_probe.gd:100)
       [1] _process (res://core/autoloads/frame_budget_dispatcher.gd:76)
[WorldPerf] PlayerChunk coord=(0, 0) z=0 trigger=scheduler loaded=true visible=true state=full_ready phase=done first_pass=true full_ready=true issues=healthy ages(first=-ms full=-ms border=-ms apply=5430ms converge=5430ms) queues(fast=0 urgent=0 near=0 full_near=0 full_far=0) requests(load=false staged=false generating=false) scheduler(step=0.00ms exhausted=false)
WARNING: [WorldPerf] WARNING: FrameBudget overrun job_id=chunk_manager.streaming_redraw category=visual used_ms=5.22 budget_ms=4.00 over_budget_pct=30.5
   at: push_warning (core/variant/variant_utility.cpp:1034)
   GDScript backtrace (most recent call first):
       [0] report_budget_overrun (res://core/systems/world/world_perf_probe.gd:100)
       [1] _process (res://core/autoloads/frame_budget_dispatcher.gd:76)
WARNING: [WorldPerf] WARNING: FrameBudget overrun job_id=mountain_shadow.visual_rebuild category=visual used_ms=1.41 budget_ms=1.00 over_budget_pct=41.4
   at: push_warning (core/variant/variant_utility.cpp:1034)
   GDScript backtrace (most recent call first):
       [0] report_budget_overrun (res://core/systems/world/world_perf_probe.gd:100)
       [1] _process (res://core/autoloads/frame_budget_dispatcher.gd:76)
WARNING: [WorldPerf] WARNING: FrameBudget overrun job_id=chunk_manager.streaming_redraw category=visual used_ms=6.61 budget_ms=4.00 over_budget_pct=65.1
   at: push_warning (core/variant/variant_utility.cpp:1034)
   GDScript backtrace (most recent call first):
       [0] report_budget_overrun (res://core/systems/world/world_perf_probe.gd:100)
       [1] _process (res://core/autoloads/frame_budget_dispatcher.gd:76)
WARNING: [WorldPerf] WARNING: FrameBudget overrun job_id=chunk_manager.topology_rebuild category=topology used_ms=2.72 budget_ms=2.00 over_budget_pct=36.1
   at: push_warning (core/variant/variant_utility.cpp:1034)
   GDScript backtrace (most recent call first):
       [0] report_budget_overrun (res://core/systems/world/world_perf_probe.gd:100)
       [1] _process (res://core/autoloads/frame_budget_dispatcher.gd:76)
WARNING: [WorldPerf] WARNING: FrameBudget overrun job_id=chunk_manager.streaming_redraw category=visual used_ms=8.43 budget_ms=4.00 over_budget_pct=110.7
   at: push_warning (core/variant/variant_utility.cpp:1034)
   GDScript backtrace (most recent call first):
       [0] report_budget_overrun (res://core/systems/world/world_perf_probe.gd:100)
       [1] _process (res://core/autoloads/frame_budget_dispatcher.gd:76)
WARNING: [WorldPerf] WARNING: FrameBudget overrun job_id=mountain_shadow.visual_rebuild category=visual used_ms=4.06 budget_ms=1.00 over_budget_pct=306.3
   at: push_warning (core/variant/variant_utility.cpp:1034)
   GDScript backtrace (most recent call first):
       [0] report_budget_overrun (res://core/systems/world/world_perf_probe.gd:100)
       [1] _process (res://core/autoloads/frame_budget_dispatcher.gd:76)
[FrameBudget] streaming=0.8ms topology=0.1ms visual=2.8ms spawn=0.0ms total=3.7ms/6.0ms chunk_manager.streaming_load=0.8ms(60) building.room_recompute=0.0ms(60) power.balance_recompute=0.0ms(60) chunk_manager.topology_rebuild=0.0ms(60) underground.fog_update=0.0ms(60) chunk_manager.streaming_redraw=2.6ms(60) mountain_shadow.visual_rebuild=0.2ms(44)
[WorldPerf] Shadow.edge_cache_compute (0, -2): 63.14 ms
[WorldPerf] Shadow.edge_cache_compute (1, -2): 66.80 ms
[FrameBudget] streaming=0.0ms topology=0.0ms visual=6.0ms spawn=0.0ms total=6.0ms/6.0ms chunk_manager.streaming_load=0.0ms(60) building.room_recompute=0.0ms(60) power.balance_recompute=0.0ms(60) chunk_manager.topology_rebuild=0.0ms(60) underground.fog_update=0.0ms(60) chunk_manager.streaming_redraw=5.6ms(60) mountain_shadow.visual_rebuild=0.4ms(32)
[WorldPerf] Shadow.edge_cache_compute (2, -1): 64.70 ms
[WorldPerf] Shadow.edge_cache_compute (2, 1): 64.07 ms
WARNING: [WorldPerf] WARNING: FrameBudget overrun job_id=chunk_manager.streaming_redraw category=visual used_ms=7.85 budget_ms=4.00 over_budget_pct=96.3
   at: push_warning (core/variant/variant_utility.cpp:1034)
   GDScript backtrace (most recent call first):
       [0] report_budget_overrun (res://core/systems/world/world_perf_probe.gd:100)
       [1] _process (res://core/autoloads/frame_budget_dispatcher.gd:76)
[WorldPerf] Shadow.edge_cache_compute (62, 1): 61.59 ms
WARNING: [WorldPerf] WARNING: FrameBudget overrun job_id=mountain_shadow.visual_rebuild category=visual used_ms=2.26 budget_ms=1.00 over_budget_pct=126.2
   at: push_warning (core/variant/variant_utility.cpp:1034)
   GDScript backtrace (most recent call first):
       [0] report_budget_overrun (res://core/systems/world/world_perf_probe.gd:100)
       [1] _process (res://core/autoloads/frame_budget_dispatcher.gd:76)
[FrameBudget] streaming=0.0ms topology=0.0ms visual=6.9ms spawn=0.0ms total=7.0ms/6.0ms chunk_manager.streaming_load=0.0ms(60) building.room_recompute=0.0ms(60) power.balance_recompute=0.0ms(60) chunk_manager.topology_rebuild=0.0ms(60) underground.fog_update=0.0ms(60) chunk_manager.streaming_redraw=6.6ms(60) mountain_shadow.visual_rebuild=0.3ms(21)
WARNING: [WorldPerf] WARNING: FrameBudget overrun job_id=chunk_manager.streaming_redraw category=visual used_ms=8.88 budget_ms=4.00 over_budget_pct=122.1
   at: push_warning (core/variant/variant_utility.cpp:1034)
   GDScript backtrace (most recent call first):
       [0] report_budget_overrun (res://core/systems/world/world_perf_probe.gd:100)
       [1] _process (res://core/autoloads/frame_budget_dispatcher.gd:76)
[WorldPerf] Shadow.edge_cache_compute (1, 2): 70.91 ms
[FrameBudget] streaming=0.0ms topology=0.0ms visual=6.7ms spawn=0.0ms total=6.7ms/6.0ms chunk_manager.streaming_load=0.0ms(60) building.room_recompute=0.0ms(60) power.balance_recompute=0.0ms(60) chunk_manager.topology_rebuild=0.0ms(60) underground.fog_update=0.0ms(60) chunk_manager.streaming_redraw=6.6ms(60) mountain_shadow.visual_rebuild=0.1ms(20)
WARNING: [WorldPerf] WARNING: FrameBudget overrun job_id=chunk_manager.streaming_redraw category=visual used_ms=10.07 budget_ms=4.00 over_budget_pct=151.8
   at: push_warning (core/variant/variant_utility.cpp:1034)
   GDScript backtrace (most recent call first):
       [0] report_budget_overrun (res://core/systems/world/world_perf_probe.gd:100)
       [1] _process (res://core/autoloads/frame_budget_dispatcher.gd:76)
[WorldPerf] Shadow.edge_cache_compute (2, -2): 144.25 ms
[FrameBudget] streaming=0.0ms topology=0.0ms visual=5.5ms spawn=0.0ms total=5.6ms/6.0ms chunk_manager.streaming_load=0.0ms(60) building.room_recompute=0.0ms(60) power.balance_recompute=0.0ms(60) chunk_manager.topology_rebuild=0.0ms(60) underground.fog_update=0.0ms(60) chunk_manager.streaming_redraw=5.4ms(60) mountain_shadow.visual_rebuild=0.1ms(36)
[WorldPerf] === Frame Summary (300 frames) ===
[WorldPerf] Frame time: avg=7.9 ms, p99=11.4 ms, hitches=0
[WorldPerf] Frame budget: dispatcher=5.9ms streaming=0.0ms streaming_load=0.2ms streaming_redraw=0.0ms topology=0.0ms building=0.0ms power=0.0ms visual=0.0ms shadow=7.6ms spawn=0.0ms total=13.8ms/6.0ms
[WorldPerf] Boot detail: compute=0.0ms apply=0.0ms redraw=0.0ms topology=0.0ms shadow=0.0ms milestones=1 other=0.0ms | peaks: compute=0.0ms apply=0.0ms redraw=0.0ms topology=0.0ms shadow=0.0ms milestones=0.0ms stream_load=5.4ms stream_redraw=0.0ms
[WorldPerf] Observability: Startup.loading_screen_visible_to_startup_bubble_ready_ms=18072.1ms, Startup.startup_bubble_ready=0.0ms
[WorldPerf] Shadow.stale_age_ms: 2209.57 ms
[FrameBudget] streaming=0.0ms topology=0.0ms visual=5.2ms spawn=0.0ms total=5.2ms/6.0ms chunk_manager.streaming_load=0.0ms(60) building.room_recompute=0.0ms(60) power.balance_recompute=0.0ms(60) chunk_manager.topology_rebuild=0.0ms(60) underground.fog_update=0.0ms(60) chunk_manager.streaming_redraw=5.1ms(60) mountain_shadow.visual_rebuild=0.0ms(38)
[FrameBudget] streaming=0.0ms topology=0.0ms visual=3.9ms spawn=0.0ms total=4.0ms/6.0ms chunk_manager.streaming_load=0.0ms(60) building.room_recompute=0.0ms(60) power.balance_recompute=0.0ms(60) chunk_manager.topology_rebuild=0.0ms(60) underground.fog_update=0.0ms(60) chunk_manager.streaming_redraw=3.9ms(60) mountain_shadow.visual_rebuild=0.0ms(49)
WARNING: [WorldPerf] WARNING: FrameBudget overrun job_id=chunk_manager.streaming_redraw category=visual used_ms=4.97 budget_ms=4.00 over_budget_pct=24.3
   at: push_warning (core/variant/variant_utility.cpp:1034)
   GDScript backtrace (most recent call first):
       [0] report_budget_overrun (res://core/systems/world/world_perf_probe.gd:100)
       [1] _process (res://core/autoloads/frame_budget_dispatcher.gd:76)
WARNING: [WorldPerf] WARNING: FrameBudget overrun job_id=chunk_manager.streaming_redraw category=visual used_ms=9.16 budget_ms=4.00 over_budget_pct=129.1
   at: push_warning (core/variant/variant_utility.cpp:1034)
   GDScript backtrace (most recent call first):
       [0] report_budget_overrun (res://core/systems/world/world_perf_probe.gd:100)
       [1] _process (res://core/autoloads/frame_budget_dispatcher.gd:76)
[WorldPerf] stream.chunk_border_fix_ms (0, -1)@z0: 3298.03 ms
[WorldPerf] stream.chunk_full_redraw_ms (0, -1)@z0: 3298.16 ms
[WorldPerf] stream.chunk_border_fix_ms (1, 0)@z0: 3338.00 ms
[WorldPerf] stream.chunk_full_redraw_ms (1, 0)@z0: 3338.13 ms
[WorldPerf] stream.chunk_border_fix_ms (63, 0)@z0: 3328.01 ms
[WorldPerf] stream.chunk_full_redraw_ms (63, 0)@z0: 3328.10 ms
[WorldPerf] stream.chunk_border_fix_ms (0, 1)@z0: 3335.63 ms
[WorldPerf] stream.chunk_full_redraw_ms (0, 1)@z0: 3335.76 ms
[FrameBudget] streaming=0.0ms topology=0.0ms visual=3.4ms spawn=0.0ms total=3.4ms/6.0ms chunk_manager.streaming_load=0.0ms(60) building.room_recompute=0.0ms(60) power.balance_recompute=0.0ms(60) chunk_manager.topology_rebuild=0.0ms(60) underground.fog_update=0.0ms(60) chunk_manager.streaming_redraw=3.4ms(60) mountain_shadow.visual_rebuild=0.0ms(57)
[WorldPerf] stream.chunk_border_fix_ms (1, -1)@z0: 3476.85 ms
[WorldPerf] stream.chunk_full_redraw_ms (1, -1)@z0: 3461.22 ms
[WorldPerf] stream.chunk_border_fix_ms (63, -1)@z0: 3470.20 ms
[WorldPerf] stream.chunk_full_redraw_ms (63, -1)@z0: 3454.33 ms
[WorldPerf] stream.chunk_border_fix_ms (1, 1)@z0: 3459.29 ms
[WorldPerf] stream.chunk_full_redraw_ms (1, 1)@z0: 3450.53 ms
[WorldPerf] stream.chunk_border_fix_ms (63, 1)@z0: 3451.72 ms
[WorldPerf] stream.chunk_full_redraw_ms (63, 1)@z0: 3441.67 ms
[Boot] first_playable reached (9721.1 ms) | queue_wait=53648.2ms compute=9194.3ms (25 chunks) apply=17.9ms (9 chunks) redraw=0.0ms
[WorldPerf] FPS: 144.0
[FrameBudget] streaming=0.0ms topology=0.0ms visual=3.6ms spawn=0.0ms total=3.6ms/6.0ms chunk_manager.streaming_load=0.0ms(60) building.room_recompute=0.0ms(60) power.balance_recompute=0.0ms(60) chunk_manager.topology_rebuild=0.0ms(60) underground.fog_update=0.0ms(60) chunk_manager.streaming_redraw=3.6ms(60) mountain_shadow.visual_rebuild=0.0ms(60)
[FrameBudget] streaming=0.0ms topology=0.0ms visual=3.3ms spawn=0.0ms total=3.4ms/6.0ms chunk_manager.streaming_load=0.0ms(60) building.room_recompute=0.0ms(60) power.balance_recompute=0.0ms(60) chunk_manager.topology_rebuild=0.0ms(60) underground.fog_update=0.0ms(60) chunk_manager.streaming_redraw=3.3ms(60) mountain_shadow.visual_rebuild=0.0ms(60)
[WorldPerf] === Frame Summary (300 frames) ===
[WorldPerf] Frame time: avg=6.9 ms, p99=7.1 ms, hitches=0
[WorldPerf] Frame budget: dispatcher=4.0ms streaming=0.0ms streaming_load=0.0ms streaming_redraw=0.0ms topology=0.0ms building=0.0ms power=0.0ms visual=0.0ms shadow=11.2ms spawn=0.0ms total=15.3ms/6.0ms
[WorldPerf] Boot detail: compute=0.0ms apply=0.0ms redraw=0.0ms topology=0.0ms shadow=0.0ms milestones=1 other=0.0ms | peaks: compute=0.0ms apply=0.0ms redraw=0.0ms topology=0.0ms shadow=0.0ms milestones=0.0ms stream_load=0.1ms stream_redraw=0.0ms
[WorldPerf] Observability: Shadow.stale_age_ms=2209.6ms
[WorldPerf] stream.chunk_first_pass_ms (0, -2)@z0: 4247.77 ms
[WorldPerf] stream.chunk_first_pass_ms (2, 0)@z0: 4261.24 ms
[WorldPerf] stream.chunk_first_pass_ms (62, 0)@z0: 4264.96 ms
[WorldPerf] stream.chunk_first_pass_ms (0, 2)@z0: 4270.15 ms
[WorldPerf] stream.chunk_first_pass_ms (1, -2)@z0: 4269.97 ms
[WorldPerf] stream.chunk_first_pass_ms (63, -2)@z0: 4263.15 ms
[WorldPerf] stream.chunk_first_pass_ms (2, -1)@z0: 4261.08 ms
[WorldPerf] stream.chunk_first_pass_ms (62, -1)@z0: 4253.69 ms
[WorldPerf] stream.chunk_first_pass_ms (2, 1)@z0: 4252.19 ms
[WorldPerf] stream.chunk_first_pass_ms (62, 1)@z0: 4244.89 ms
WARNING: [WorldPerf] WARNING: FrameBudget overrun job_id=chunk_manager.streaming_redraw category=visual used_ms=4.90 budget_ms=4.00 over_budget_pct=22.5
   at: push_warning (core/variant/variant_utility.cpp:1034)
   GDScript backtrace (most recent call first):
       [0] report_budget_overrun (res://core/systems/world/world_perf_probe.gd:100)
       [1] _process (res://core/autoloads/frame_budget_dispatcher.gd:76)
[WorldPerf] stream.chunk_first_pass_ms (1, 2)@z0: 4249.20 ms
[WorldPerf] stream.chunk_first_pass_ms (63, 2)@z0: 4240.78 ms
[WorldPerf] stream.chunk_first_pass_ms (2, -2)@z0: 4235.00 ms
[WorldPerf] stream.chunk_first_pass_ms (62, -2)@z0: 4221.10 ms
[WorldPerf] stream.chunk_first_pass_ms (2, 2)@z0: 4210.28 ms
[WorldPerf] stream.chunk_first_pass_ms (62, 2)@z0: 4204.60 ms
[FrameBudget] streaming=0.0ms topology=0.0ms visual=3.6ms spawn=0.0ms total=3.6ms/6.0ms chunk_manager.streaming_load=0.0ms(60) building.room_recompute=0.0ms(60) power.balance_recompute=0.0ms(60) chunk_manager.topology_rebuild=0.0ms(60) underground.fog_update=0.0ms(60) chunk_manager.streaming_redraw=3.5ms(60) mountain_shadow.visual_rebuild=0.0ms(60)
[FrameBudget] streaming=0.0ms topology=0.0ms visual=3.7ms spawn=0.0ms total=3.8ms/6.0ms chunk_manager.streaming_load=0.0ms(60) building.room_recompute=0.0ms(60) power.balance_recompute=0.0ms(60) chunk_manager.topology_rebuild=0.0ms(60) underground.fog_update=0.0ms(60) chunk_manager.streaming_redraw=3.7ms(60) mountain_shadow.visual_rebuild=0.0ms(60)
[FrameBudget] streaming=0.0ms topology=0.0ms visual=3.7ms spawn=0.0ms total=3.8ms/6.0ms chunk_manager.streaming_load=0.0ms(60) building.room_recompute=0.0ms(60) power.balance_recompute=0.0ms(60) chunk_manager.topology_rebuild=0.0ms(60) underground.fog_update=0.0ms(60) chunk_manager.streaming_redraw=3.7ms(60) mountain_shadow.visual_rebuild=0.0ms(60)
WARNING: [WorldPerf] WARNING: FrameBudget overrun job_id=chunk_manager.streaming_redraw category=visual used_ms=4.14 budget_ms=4.00 over_budget_pct=3.4
   at: push_warning (core/variant/variant_utility.cpp:1034)
   GDScript backtrace (most recent call first):
       [0] report_budget_overrun (res://core/systems/world/world_perf_probe.gd:100)
       [1] _process (res://core/autoloads/frame_budget_dispatcher.gd:76)
[FrameBudget] streaming=0.0ms topology=0.0ms visual=3.8ms spawn=0.0ms total=3.8ms/6.0ms chunk_manager.streaming_load=0.0ms(60) building.room_recompute=0.0ms(60) power.balance_recompute=0.0ms(60) chunk_manager.topology_rebuild=0.0ms(60) underground.fog_update=0.0ms(60) chunk_manager.streaming_redraw=3.8ms(60) mountain_shadow.visual_rebuild=0.0ms(60)
[WorldPerf] stream.chunk_full_redraw_ms (0, -2)@z0: 5957.76 ms
WARNING: [WorldPerf] WARNING: FrameBudget overrun job_id=chunk_manager.streaming_redraw category=visual used_ms=6.07 budget_ms=4.00 over_budget_pct=51.6
   at: push_warning (core/variant/variant_utility.cpp:1034)
   GDScript backtrace (most recent call first):
       [0] report_budget_overrun (res://core/systems/world/world_perf_probe.gd:100)
       [1] _process (res://core/autoloads/frame_budget_dispatcher.gd:76)
[WorldPerf] stream.chunk_full_redraw_ms (2, 0)@z0: 5977.20 ms
[WorldPerf] stream.chunk_full_redraw_ms (62, 0)@z0: 5985.26 ms
[WorldPerf] stream.chunk_full_redraw_ms (0, 2)@z0: 5998.27 ms
[WorldPerf] stream.chunk_full_redraw_ms (1, -2)@z0: 5991.69 ms
[WorldPerf] stream.chunk_full_redraw_ms (63, -2)@z0: 6006.83 ms
[WorldPerf] stream.chunk_full_redraw_ms (2, -1)@z0: 6000.72 ms
[WorldPerf] stream.chunk_full_redraw_ms (62, -1)@z0: 6013.98 ms
[WorldPerf] stream.chunk_full_redraw_ms (2, 1)@z0: 6007.67 ms
[WorldPerf] stream.chunk_full_redraw_ms (62, 1)@z0: 6023.82 ms
[WorldPerf] stream.chunk_full_redraw_ms (1, 2)@z0: 6023.98 ms
[WorldPerf] stream.chunk_full_redraw_ms (63, 2)@z0: 6015.96 ms
[WorldPerf] stream.chunk_full_redraw_ms (2, -2)@z0: 6032.08 ms
[WorldPerf] stream.chunk_full_redraw_ms (62, -2)@z0: 6012.97 ms
[WorldPerf] stream.chunk_full_redraw_ms (2, 2)@z0: 6023.87 ms
[WorldPerf] stream.chunk_full_redraw_ms (62, 2)@z0: 6013.41 ms
[Boot] boot_complete reached (12362.4 ms) | queue_wait=53648.2ms compute=9194.3ms (25 chunks) apply=17.9ms (9 chunks) redraw=0.0ms
[WorldPerf] Startup.startup_bubble_ready_to_boot_complete_ms: 6193.67 ms
[CodexValidation] boot proof complete; quitting
WARNING: ObjectDB instances leaked at exit (run with --verbose for details).
   at: cleanup (core/object/object.cpp:2641)
ERROR: 16 resources still in use at exit (run with --verbose for details).
   at: clear (core/io/resource.cpp:810)
