Godot Engine v4.6.1.stable.official.14d19694e - https://godotengine.org

SCRIPT ERROR: Parse Error: Too few arguments for "_resolve_visual_apply_tile_budget()" call. Expected at least 5 but received 4.
   at: GDScript::reload (res://core/systems/world/chunk_visual_scheduler.gd:791)
SCRIPT ERROR: Parse Error: Invalid argument for "_resolve_visual_apply_tile_budget()" function: argument 1 should be "Dictionary" but is "int".
   at: GDScript::reload (res://core/systems/world/chunk_visual_scheduler.gd:791)
SCRIPT ERROR: Parse Error: Cannot pass a value of type "StringName" as "int".
   at: GDScript::reload (res://core/systems/world/chunk_visual_scheduler.gd:791)
SCRIPT ERROR: Parse Error: Invalid argument for "_resolve_visual_apply_tile_budget()" function: argument 3 should be "int" but is "StringName".
   at: GDScript::reload (res://core/systems/world/chunk_visual_scheduler.gd:791)
SCRIPT ERROR: Parse Error: Invalid argument for "_resolve_visual_apply_tile_budget()" function: argument 4 should be "StringName" but is "int".
   at: GDScript::reload (res://core/systems/world/chunk_visual_scheduler.gd:791)
SCRIPT ERROR: Compile Error: Failed to compile depended scripts.
   at: GDScript::reload (res://core/systems/world/chunk_debug_system.gd:0)
SCRIPT ERROR: Compile Error: Failed to compile depended scripts.
   at: GDScript::reload (res://core/systems/world/chunk_manager.gd:0)
SCRIPT ERROR: Compile Error: Failed to compile depended scripts.
   at: GDScript::reload (res://core/systems/world/chunk.gd:0)
SCRIPT ERROR: Compile Error: Failed to compile depended scripts.
   at: GDScript::reload (res://core/systems/world/chunk_content_builder.gd:0)
SCRIPT ERROR: Compile Error: Failed to compile depended scripts.
   at: GDScript::reload (res://core/autoloads/world_generator.gd:0)
ERROR: Failed to load script "res://core/autoloads/world_generator.gd" with error "Compilation failed".
   at: load (modules/gdscript/gdscript.cpp:2907)
SCRIPT ERROR: Invalid call. Nonexistent function 'new' in base 'GDScript'.
   at: ChunkManager._ready (res://core/systems/world/chunk_manager.gd:205)
   GDScript backtrace (most recent call first):
       [0] _ready (res://core/systems/world/chunk_manager.gd:205)
       [1] _setup_chunk_manager (res://scenes/world/game_world.gd:215)
       [2] _finish_scene_setup_after_loading_screen (res://scenes/world/game_world.gd:74)
       [3] _init_world_generator (res://scenes/world/game_world.gd:186)
ERROR: ChunkManager.boot_load_initial_chunks(): boot entrypoint was called before deferred init became ready.
   at: push_error (core/variant/variant_utility.cpp:1024)
   GDScript backtrace (most recent call first):
       [0] boot_load_initial_chunks (res://core/systems/world/chunk_manager.gd:288)
       [1] _await_boot_entrypoint_ready (res://core/systems/world/chunk_manager.gd:280)
ERROR: GameWorld._run_boot_sequence(): boot entry returned before first_playable; keeping loading screen active.
   at: push_error (core/variant/variant_utility.cpp:1024)
   GDScript backtrace (most recent call first):
       [0] _run_boot_sequence (res://scenes/world/game_world.gd:290)
       [1] boot_load_initial_chunks (res://core/systems/world/chunk_manager.gd:289)
       [2] _await_boot_entrypoint_ready (res://core/systems/world/chunk_manager.gd:280)
