Godot Engine v4.6.1.stable.official.14d19694e - https://godotengine.org

[FrameBudget] streaming=0.0ms topology=0.0ms visual=0.0ms spawn=0.0ms total=0.0ms/6.0ms building.room_recompute=0.0ms(60) power.balance_recompute=0.0ms(60)
[FrameBudget] streaming=0.0ms topology=0.0ms visual=0.0ms spawn=0.0ms total=0.0ms/6.0ms building.room_recompute=0.0ms(60) power.balance_recompute=0.0ms(60)
[FrameBudget] streaming=0.0ms topology=0.0ms visual=0.0ms spawn=0.0ms total=0.0ms/6.0ms building.room_recompute=0.0ms(60) power.balance_recompute=0.0ms(60)
[FrameBudget] streaming=0.0ms topology=0.0ms visual=0.0ms spawn=0.0ms total=0.0ms/6.0ms building.room_recompute=0.0ms(60) power.balance_recompute=0.0ms(60)
[WorldGenerator] Native ChunkGenerator initialized (6 biomes, 5 flora sets, 1 decor sets, 1 feature hooks, 1 pois, authoritative WorldPrePass snapshot)
[ChunkTilesetFactory] rock_atlas=240, wall_base=47, variants=5
[ChunkTilesetFactory] ground_faces: start=259 count=47
[ChunkTilesetFactory] rock_atlas=240, wall_base=47, variants=5
[ChunkTilesetFactory] ground_faces: start=259 count=47
[ChunkTilesetFactory] rock_atlas=240, wall_base=47, variants=5
[ChunkTilesetFactory] ground_faces: start=259 count=47
[ChunkTilesetFactory] rock_atlas=240, wall_base=47, variants=5
[ChunkTilesetFactory] ground_faces: start=259 count=47
[ChunkTilesetFactory] rock_atlas=240, wall_base=47, variants=5
[ChunkTilesetFactory] ground_faces: start=259 count=47
[ChunkTilesetFactory] rock_atlas=240, wall_base=47, variants=5
[ChunkTilesetFactory] ground_faces: start=259 count=47
[ChunkTilesetFactory] rock_atlas=240, wall_base=47, variants=5
[ChunkTilesetFactory] ground_faces: start=259 count=47
[Shadow] MountainShadowKernels available=true
[ChunkGen] slow native generate_chunk (1, 0): 80.2 ms (request=0.0 native=78.5 validate=0.7 prebaked=0.0)
[ChunkGen] slow native generate_chunk (0, 0): 99.5 ms (request=0.0 native=93.4 validate=2.5 prebaked=0.0)
[ChunkGen] slow native generate_chunk (0, -1): 105.3 ms (request=0.0 native=96.2 validate=3.4 prebaked=0.0)
[WorldDiag] Система чанков СѓСЃС‚Р°РЅРѕРІРёР»Р° СЃРєСЂС‹С‚С‹Р№ С‡Р°РЅРє: чанк (1, 0); причина — С‡Р°РЅРє РїРѕР»СѓС‡РёР» node РІ scene tree, РЅРѕ РѕСЃС‚Р°С‘С‚СЃСЏ СЃРєСЂС‹С‚С‹Рј РґРѕ terminal full_ready publication; важность — только фоновый долг сходимости; состояние — РѕР¶РёРґР°РµС‚ РїСѓР±Р»РёРєР°С†РёРё; приоритет — последствие или фоновый follow-up, ниже главной причины.
[WorldDiagDetail] actor=chunk_manager action=chunk_installed_hidden target=chunk reason=chunk_installed_hidden impact=background_debt_only state=queued severity=follow_up code=queued_publication chunk_coord=(1, 0) distance=1 priority=высокий visual_queue_depth=1 z=0
[WorldDiag] Система чанков СѓСЃС‚Р°РЅРѕРІРёР»Р° СЃРєСЂС‹С‚С‹Р№ С‡Р°РЅРє: чанк (0, 0); причина — С‡Р°РЅРє РїРѕР»СѓС‡РёР» node РІ scene tree, РЅРѕ РѕСЃС‚Р°С‘С‚СЃСЏ СЃРєСЂС‹С‚С‹Рј РґРѕ terminal full_ready publication; важность — только фоновый долг сходимости; состояние — РѕР¶РёРґР°РµС‚ РїСѓР±Р»РёРєР°С†РёРё; приоритет — последствие или фоновый follow-up, ниже главной причины.
[WorldDiagDetail] actor=chunk_manager action=chunk_installed_hidden target=chunk reason=chunk_installed_hidden impact=background_debt_only state=queued severity=follow_up code=queued_publication chunk_coord=(0, 0) distance=0 priority=немедленный visual_queue_depth=3 z=0
[WorldDiag] Система чанков СѓСЃС‚Р°РЅРѕРІРёР»Р° СЃРєСЂС‹С‚С‹Р№ С‡Р°РЅРє: чанк (0, -1); причина — С‡Р°РЅРє РїРѕР»СѓС‡РёР» node РІ scene tree, РЅРѕ РѕСЃС‚Р°С‘С‚СЃСЏ СЃРєСЂС‹С‚С‹Рј РґРѕ terminal full_ready publication; важность — только фоновый долг сходимости; состояние — РѕР¶РёРґР°РµС‚ РїСѓР±Р»РёРєР°С†РёРё; приоритет — последствие или фоновый follow-up, ниже главной причины.
[WorldDiagDetail] actor=chunk_manager action=chunk_installed_hidden target=chunk reason=chunk_installed_hidden impact=background_debt_only state=queued severity=follow_up code=queued_publication chunk_coord=(0, -1) distance=1 priority=высокий visual_queue_depth=4 z=0
[WorldDiag] Система чанков СѓСЃС‚Р°РЅРѕРІРёР»Р° СЃРєСЂС‹С‚С‹Р№ С‡Р°РЅРє: чанк (63, 0); причина — С‡Р°РЅРє РїРѕР»СѓС‡РёР» node РІ scene tree, РЅРѕ РѕСЃС‚Р°С‘С‚СЃСЏ СЃРєСЂС‹С‚С‹Рј РґРѕ terminal full_ready publication; важность — только фоновый долг сходимости; состояние — РѕР¶РёРґР°РµС‚ РїСѓР±Р»РёРєР°С†РёРё; приоритет — последствие или фоновый follow-up, ниже главной причины.
[WorldDiagDetail] actor=chunk_manager action=chunk_installed_hidden target=chunk reason=chunk_installed_hidden impact=background_debt_only state=queued severity=follow_up code=queued_publication chunk_coord=(63, 0) distance=1 priority=высокий visual_queue_depth=6 z=0
[FrameBudget] streaming=0.0ms topology=0.0ms visual=0.1ms spawn=0.0ms total=0.1ms/6.0ms building.room_recompute=0.0ms(60) power.balance_recompute=0.0ms(60) chunk_manager.streaming_load=0.0ms(30) chunk_manager.topology_rebuild=0.0ms(30) underground.fog_update=0.0ms(30) chunk_manager.streaming_redraw=0.0ms(30) mountain_shadow.visual_rebuild=0.1ms(30)
[ChunkGen] slow native generate_chunk (0, 1): 150.9 ms (request=0.0 native=120.7 validate=10.7 prebaked=0.0)
[ChunkGen] slow native generate_chunk (1, -1): 122.6 ms (request=0.0 native=107.3 validate=6.2 prebaked=0.0)
[ChunkGen] slow native generate_chunk (63, -1): 86.1 ms (request=0.0 native=76.3 validate=3.8 prebaked=0.0)
[WorldDiag] Система чанков СѓСЃС‚Р°РЅРѕРІРёР»Р° СЃРєСЂС‹С‚С‹Р№ С‡Р°РЅРє: чанк (0, 1); причина — С‡Р°РЅРє РїРѕР»СѓС‡РёР» node РІ scene tree, РЅРѕ РѕСЃС‚Р°С‘С‚СЃСЏ СЃРєСЂС‹С‚С‹Рј РґРѕ terminal full_ready publication; важность — только фоновый долг сходимости; состояние — РѕР¶РёРґР°РµС‚ РїСѓР±Р»РёРєР°С†РёРё; приоритет — последствие или фоновый follow-up, ниже главной причины.
[WorldDiagDetail] actor=chunk_manager action=chunk_installed_hidden target=chunk reason=chunk_installed_hidden impact=background_debt_only state=queued severity=follow_up code=queued_publication chunk_coord=(0, 1) distance=1 priority=высокий visual_queue_depth=7 z=0
[WorldDiag] Система чанков СѓСЃС‚Р°РЅРѕРІРёР»Р° СЃРєСЂС‹С‚С‹Р№ С‡Р°РЅРє: чанк (1, -1); причина — С‡Р°РЅРє РїРѕР»СѓС‡РёР» node РІ scene tree, РЅРѕ РѕСЃС‚Р°С‘С‚СЃСЏ СЃРєСЂС‹С‚С‹Рј РґРѕ terminal full_ready publication; важность — только фоновый долг сходимости; состояние — РѕР¶РёРґР°РµС‚ РїСѓР±Р»РёРєР°С†РёРё; приоритет — последствие или фоновый follow-up, ниже главной причины.
[WorldDiagDetail] actor=chunk_manager action=chunk_installed_hidden target=chunk reason=chunk_installed_hidden impact=background_debt_only state=queued severity=follow_up code=queued_publication chunk_coord=(1, -1) distance=1 priority=высокий visual_queue_depth=8 z=0
[WorldDiag] Система чанков СѓСЃС‚Р°РЅРѕРІРёР»Р° СЃРєСЂС‹С‚С‹Р№ С‡Р°РЅРє: чанк (63, -1); причина — С‡Р°РЅРє РїРѕР»СѓС‡РёР» node РІ scene tree, РЅРѕ РѕСЃС‚Р°С‘С‚СЃСЏ СЃРєСЂС‹С‚С‹Рј РґРѕ terminal full_ready publication; важность — только фоновый долг сходимости; состояние — РѕР¶РёРґР°РµС‚ РїСѓР±Р»РёРєР°С†РёРё; приоритет — последствие или фоновый follow-up, ниже главной причины.
[WorldDiagDetail] actor=chunk_manager action=chunk_installed_hidden target=chunk reason=chunk_installed_hidden impact=background_debt_only state=queued severity=follow_up code=queued_publication chunk_coord=(63, -1) distance=1 priority=высокий visual_queue_depth=9 z=0
[ChunkGen] slow native generate_chunk (1, 1): 126.8 ms (request=0.0 native=123.9 validate=1.2 prebaked=0.0)
[ChunkGen] slow native generate_chunk (63, 1): 142.0 ms (request=0.0 native=128.8 validate=4.8 prebaked=0.0)
[ChunkGen] slow native generate_chunk (0, -2): 148.4 ms (request=0.0 native=140.2 validate=3.6 prebaked=0.0)
[WorldDiag] Система чанков СѓСЃС‚Р°РЅРѕРІРёР»Р° СЃРєСЂС‹С‚С‹Р№ С‡Р°РЅРє: чанк (1, 1); причина — С‡Р°РЅРє РїРѕР»СѓС‡РёР» node РІ scene tree, РЅРѕ РѕСЃС‚Р°С‘С‚СЃСЏ СЃРєСЂС‹С‚С‹Рј РґРѕ terminal full_ready publication; важность — только фоновый долг сходимости; состояние — РѕР¶РёРґР°РµС‚ РїСѓР±Р»РёРєР°С†РёРё; приоритет — последствие или фоновый follow-up, ниже главной причины.
[WorldDiagDetail] actor=chunk_manager action=chunk_installed_hidden target=chunk reason=chunk_installed_hidden impact=background_debt_only state=queued severity=follow_up code=queued_publication chunk_coord=(1, 1) distance=1 priority=высокий visual_queue_depth=10 z=0
[WorldDiag] Система чанков СѓСЃС‚Р°РЅРѕРІРёР»Р° СЃРєСЂС‹С‚С‹Р№ С‡Р°РЅРє: чанк (63, 1); причина — С‡Р°РЅРє РїРѕР»СѓС‡РёР» node РІ scene tree, РЅРѕ РѕСЃС‚Р°С‘С‚СЃСЏ СЃРєСЂС‹С‚С‹Рј РґРѕ terminal full_ready publication; важность — только фоновый долг сходимости; состояние — РѕР¶РёРґР°РµС‚ РїСѓР±Р»РёРєР°С†РёРё; приоритет — последствие или фоновый follow-up, ниже главной причины.
[WorldDiagDetail] actor=chunk_manager action=chunk_installed_hidden target=chunk reason=chunk_installed_hidden impact=background_debt_only state=queued severity=follow_up code=queued_publication chunk_coord=(63, 1) distance=1 priority=высокий visual_queue_depth=11 z=0
[ChunkGen] slow native generate_chunk (2, 0): 127.9 ms (request=0.0 native=88.6 validate=16.3 prebaked=0.0)
[ChunkGen] slow native generate_chunk (0, 2): 99.5 ms (request=0.0 native=98.8 validate=0.3 prebaked=0.0)
[ChunkGen] slow native generate_chunk (62, 0): 113.8 ms (request=0.1 native=106.7 validate=2.9 prebaked=0.0)
[ChunkGen] slow native generate_chunk (63, -2): 113.2 ms (request=0.0 native=113.1 validate=0.0 prebaked=0.0)
[ChunkGen] slow native generate_chunk (1, -2): 117.2 ms (request=0.0 native=108.5 validate=3.4 prebaked=0.0)
[ChunkGen] slow native generate_chunk (2, -1): 137.0 ms (request=0.0 native=121.6 validate=5.9 prebaked=0.0)
[ChunkGen] slow native generate_chunk (62, -1): 97.0 ms (request=0.0 native=82.3 validate=5.7 prebaked=0.0)
[ChunkGen] slow native generate_chunk (2, 1): 94.1 ms (request=0.0 native=89.1 validate=2.1 prebaked=0.0)
[ChunkGen] slow native generate_chunk (62, 1): 123.4 ms (request=0.0 native=98.4 validate=8.4 prebaked=0.0)
[FrameBudget] streaming=0.0ms topology=0.0ms visual=3.7ms spawn=0.0ms total=3.7ms/6.0ms chunk_manager.streaming_load=0.0ms(60) building.room_recompute=0.0ms(60) power.balance_recompute=0.0ms(60) chunk_manager.topology_rebuild=0.0ms(60) underground.fog_update=0.0ms(60) chunk_manager.streaming_redraw=0.0ms(60) mountain_shadow.visual_rebuild=3.6ms(60)
[ChunkGen] slow native generate_chunk (1, 2): 95.2 ms (request=0.0 native=88.9 validate=2.6 prebaked=0.0)
[ChunkGen] slow native generate_chunk (63, 2): 93.4 ms (request=0.0 native=83.9 validate=3.4 prebaked=0.0)
[ChunkGen] slow native generate_chunk (2, -2): 85.0 ms (request=0.0 native=82.5 validate=1.0 prebaked=0.0)
[ChunkGen] slow native generate_chunk (62, -2): 91.7 ms (request=0.0 native=87.2 validate=1.9 prebaked=0.0)
[ChunkGen] slow native generate_chunk (2, 2): 111.1 ms (request=0.0 native=103.5 validate=3.2 prebaked=0.0)
[FrameBudget] streaming=0.0ms topology=0.0ms visual=0.0ms spawn=0.0ms total=0.0ms/6.0ms chunk_manager.streaming_load=0.0ms(60) building.room_recompute=0.0ms(60) power.balance_recompute=0.0ms(60) chunk_manager.topology_rebuild=0.0ms(60) underground.fog_update=0.0ms(60) chunk_manager.streaming_redraw=0.0ms(60) mountain_shadow.visual_rebuild=0.0ms(60)
[FrameBudget] streaming=0.0ms topology=0.0ms visual=0.0ms spawn=0.0ms total=0.1ms/6.0ms chunk_manager.streaming_load=0.0ms(60) building.room_recompute=0.0ms(60) power.balance_recompute=0.0ms(60) chunk_manager.topology_rebuild=0.0ms(60) underground.fog_update=0.0ms(60) chunk_manager.streaming_redraw=0.0ms(60) mountain_shadow.visual_rebuild=0.0ms(60)
[FrameBudget] streaming=0.0ms topology=0.0ms visual=0.0ms spawn=0.0ms total=0.0ms/6.0ms chunk_manager.streaming_load=0.0ms(60) building.room_recompute=0.0ms(60) power.balance_recompute=0.0ms(60) chunk_manager.topology_rebuild=0.0ms(60) underground.fog_update=0.0ms(60) chunk_manager.streaming_redraw=0.0ms(60) mountain_shadow.visual_rebuild=0.0ms(60)
[FrameBudget] streaming=0.0ms topology=0.0ms visual=0.0ms spawn=0.0ms total=0.0ms/6.0ms chunk_manager.streaming_load=0.0ms(60) building.room_recompute=0.0ms(60) power.balance_recompute=0.0ms(60) chunk_manager.topology_rebuild=0.0ms(60) underground.fog_update=0.0ms(60) chunk_manager.streaming_redraw=0.0ms(60) mountain_shadow.visual_rebuild=0.0ms(60)
[FrameBudget] streaming=0.0ms topology=0.0ms visual=0.0ms spawn=0.0ms total=0.0ms/6.0ms chunk_manager.streaming_load=0.0ms(60) building.room_recompute=0.0ms(60) power.balance_recompute=0.0ms(60) chunk_manager.topology_rebuild=0.0ms(60) underground.fog_update=0.0ms(60) chunk_manager.streaming_redraw=0.0ms(60) mountain_shadow.visual_rebuild=0.0ms(60)
[FrameBudget] streaming=0.0ms topology=0.0ms visual=0.0ms spawn=0.0ms total=0.0ms/6.0ms chunk_manager.streaming_load=0.0ms(60) building.room_recompute=0.0ms(60) power.balance_recompute=0.0ms(60) chunk_manager.topology_rebuild=0.0ms(60) underground.fog_update=0.0ms(60) chunk_manager.streaming_redraw=0.0ms(60) mountain_shadow.visual_rebuild=0.0ms(60)
[FrameBudget] streaming=0.0ms topology=0.0ms visual=0.0ms spawn=0.0ms total=0.0ms/6.0ms chunk_manager.streaming_load=0.0ms(60) building.room_recompute=0.0ms(60) power.balance_recompute=0.0ms(60) chunk_manager.topology_rebuild=0.0ms(60) underground.fog_update=0.0ms(60) chunk_manager.streaming_redraw=0.0ms(60) mountain_shadow.visual_rebuild=0.0ms(60)
[FrameBudget] streaming=0.0ms topology=0.0ms visual=0.0ms spawn=0.0ms total=0.0ms/6.0ms chunk_manager.streaming_load=0.0ms(60) building.room_recompute=0.0ms(60) power.balance_recompute=0.0ms(60) chunk_manager.topology_rebuild=0.0ms(60) underground.fog_update=0.0ms(60) chunk_manager.streaming_redraw=0.0ms(60) mountain_shadow.visual_rebuild=0.0ms(60)
[FrameBudget] streaming=0.0ms topology=0.0ms visual=0.0ms spawn=0.0ms total=0.0ms/6.0ms chunk_manager.streaming_load=0.0ms(60) building.room_recompute=0.0ms(60) power.balance_recompute=0.0ms(60) chunk_manager.topology_rebuild=0.0ms(60) underground.fog_update=0.0ms(60) chunk_manager.streaming_redraw=0.0ms(60) mountain_shadow.visual_rebuild=0.0ms(60)
[FrameBudget] streaming=0.0ms topology=0.0ms visual=0.0ms spawn=0.0ms total=0.0ms/6.0ms chunk_manager.streaming_load=0.0ms(60) building.room_recompute=0.0ms(60) power.balance_recompute=0.0ms(60) chunk_manager.topology_rebuild=0.0ms(60) underground.fog_update=0.0ms(60) chunk_manager.streaming_redraw=0.0ms(60) mountain_shadow.visual_rebuild=0.0ms(60)
[FrameBudget] streaming=0.0ms topology=0.0ms visual=0.0ms spawn=0.0ms total=0.0ms/6.0ms chunk_manager.streaming_load=0.0ms(60) building.room_recompute=0.0ms(60) power.balance_recompute=0.0ms(60) chunk_manager.topology_rebuild=0.0ms(60) underground.fog_update=0.0ms(60) chunk_manager.streaming_redraw=0.0ms(60) mountain_shadow.visual_rebuild=0.0ms(60)
[FrameBudget] streaming=0.0ms topology=0.0ms visual=0.0ms spawn=0.0ms total=0.0ms/6.0ms chunk_manager.streaming_load=0.0ms(60) building.room_recompute=0.0ms(60) power.balance_recompute=0.0ms(60) chunk_manager.topology_rebuild=0.0ms(60) underground.fog_update=0.0ms(60) chunk_manager.streaming_redraw=0.0ms(60) mountain_shadow.visual_rebuild=0.0ms(60)
[FrameBudget] streaming=0.0ms topology=0.0ms visual=0.0ms spawn=0.0ms total=0.0ms/6.0ms chunk_manager.streaming_load=0.0ms(60) building.room_recompute=0.0ms(60) power.balance_recompute=0.0ms(60) chunk_manager.topology_rebuild=0.0ms(60) underground.fog_update=0.0ms(60) chunk_manager.streaming_redraw=0.0ms(60) mountain_shadow.visual_rebuild=0.0ms(60)
[FrameBudget] streaming=0.0ms topology=0.0ms visual=0.0ms spawn=0.0ms total=0.0ms/6.0ms chunk_manager.streaming_load=0.0ms(60) building.room_recompute=0.0ms(60) power.balance_recompute=0.0ms(60) chunk_manager.topology_rebuild=0.0ms(60) underground.fog_update=0.0ms(60) chunk_manager.streaming_redraw=0.0ms(60) mountain_shadow.visual_rebuild=0.0ms(60)
[FrameBudget] streaming=0.0ms topology=0.0ms visual=0.0ms spawn=0.0ms total=0.0ms/6.0ms chunk_manager.streaming_load=0.0ms(60) building.room_recompute=0.0ms(60) power.balance_recompute=0.0ms(60) chunk_manager.topology_rebuild=0.0ms(60) underground.fog_update=0.0ms(60) chunk_manager.streaming_redraw=0.0ms(60) mountain_shadow.visual_rebuild=0.0ms(60)
[FrameBudget] streaming=0.0ms topology=0.0ms visual=0.0ms spawn=0.0ms total=0.0ms/6.0ms chunk_manager.streaming_load=0.0ms(60) building.room_recompute=0.0ms(60) power.balance_recompute=0.0ms(60) chunk_manager.topology_rebuild=0.0ms(60) underground.fog_update=0.0ms(60) chunk_manager.streaming_redraw=0.0ms(60) mountain_shadow.visual_rebuild=0.0ms(60)
[FrameBudget] streaming=0.0ms topology=0.0ms visual=0.0ms spawn=0.0ms total=0.0ms/6.0ms chunk_manager.streaming_load=0.0ms(60) building.room_recompute=0.0ms(60) power.balance_recompute=0.0ms(60) chunk_manager.topology_rebuild=0.0ms(60) underground.fog_update=0.0ms(60) chunk_manager.streaming_redraw=0.0ms(60) mountain_shadow.visual_rebuild=0.0ms(60)
[FrameBudget] streaming=0.0ms topology=0.0ms visual=0.0ms spawn=0.0ms total=0.0ms/6.0ms chunk_manager.streaming_load=0.0ms(60) building.room_recompute=0.0ms(60) power.balance_recompute=0.0ms(60) chunk_manager.topology_rebuild=0.0ms(60) underground.fog_update=0.0ms(60) chunk_manager.streaming_redraw=0.0ms(60) mountain_shadow.visual_rebuild=0.0ms(60)
[FrameBudget] streaming=0.0ms topology=0.0ms visual=0.0ms spawn=0.0ms total=0.0ms/6.0ms chunk_manager.streaming_load=0.0ms(60) building.room_recompute=0.0ms(60) power.balance_recompute=0.0ms(60) chunk_manager.topology_rebuild=0.0ms(60) underground.fog_update=0.0ms(60) chunk_manager.streaming_redraw=0.0ms(60) mountain_shadow.visual_rebuild=0.0ms(60)
[FrameBudget] streaming=0.0ms topology=0.0ms visual=0.0ms spawn=0.0ms total=0.0ms/6.0ms chunk_manager.streaming_load=0.0ms(60) building.room_recompute=0.0ms(60) power.balance_recompute=0.0ms(60) chunk_manager.topology_rebuild=0.0ms(60) underground.fog_update=0.0ms(60) chunk_manager.streaming_redraw=0.0ms(60) mountain_shadow.visual_rebuild=0.0ms(60)
[FrameBudget] streaming=0.0ms topology=0.0ms visual=0.0ms spawn=0.0ms total=0.0ms/6.0ms chunk_manager.streaming_load=0.0ms(60) building.room_recompute=0.0ms(60) power.balance_recompute=0.0ms(60) chunk_manager.topology_rebuild=0.0ms(60) underground.fog_update=0.0ms(60) chunk_manager.streaming_redraw=0.0ms(60) mountain_shadow.visual_rebuild=0.0ms(60)
[FrameBudget] streaming=0.0ms topology=0.0ms visual=0.0ms spawn=0.0ms total=0.0ms/6.0ms chunk_manager.streaming_load=0.0ms(60) building.room_recompute=0.0ms(60) power.balance_recompute=0.0ms(60) chunk_manager.topology_rebuild=0.0ms(60) underground.fog_update=0.0ms(60) chunk_manager.streaming_redraw=0.0ms(60) mountain_shadow.visual_rebuild=0.0ms(60)
[FrameBudget] streaming=0.0ms topology=0.0ms visual=0.0ms spawn=0.0ms total=0.0ms/6.0ms chunk_manager.streaming_load=0.0ms(60) building.room_recompute=0.0ms(60) power.balance_recompute=0.0ms(60) chunk_manager.topology_rebuild=0.0ms(60) underground.fog_update=0.0ms(60) chunk_manager.streaming_redraw=0.0ms(60) mountain_shadow.visual_rebuild=0.0ms(60)
[FrameBudget] streaming=0.0ms topology=0.0ms visual=0.0ms spawn=0.0ms total=0.0ms/6.0ms chunk_manager.streaming_load=0.0ms(60) building.room_recompute=0.0ms(60) power.balance_recompute=0.0ms(60) chunk_manager.topology_rebuild=0.0ms(60) underground.fog_update=0.0ms(60) chunk_manager.streaming_redraw=0.0ms(60) mountain_shadow.visual_rebuild=0.0ms(60)
[FrameBudget] streaming=0.0ms topology=0.0ms visual=0.0ms spawn=0.0ms total=0.0ms/6.0ms chunk_manager.streaming_load=0.0ms(60) building.room_recompute=0.0ms(60) power.balance_recompute=0.0ms(60) chunk_manager.topology_rebuild=0.0ms(60) underground.fog_update=0.0ms(60) chunk_manager.streaming_redraw=0.0ms(60) mountain_shadow.visual_rebuild=0.0ms(60)
[FrameBudget] streaming=0.0ms topology=0.0ms visual=0.0ms spawn=0.0ms total=0.0ms/6.0ms chunk_manager.streaming_load=0.0ms(60) building.room_recompute=0.0ms(60) power.balance_recompute=0.0ms(60) chunk_manager.topology_rebuild=0.0ms(60) underground.fog_update=0.0ms(60) chunk_manager.streaming_redraw=0.0ms(60) mountain_shadow.visual_rebuild=0.0ms(60)
[FrameBudget] streaming=0.0ms topology=0.0ms visual=0.0ms spawn=0.0ms total=0.0ms/6.0ms chunk_manager.streaming_load=0.0ms(60) building.room_recompute=0.0ms(60) power.balance_recompute=0.0ms(60) chunk_manager.topology_rebuild=0.0ms(60) underground.fog_update=0.0ms(60) chunk_manager.streaming_redraw=0.0ms(60) mountain_shadow.visual_rebuild=0.0ms(60)
[FrameBudget] streaming=0.0ms topology=0.0ms visual=0.0ms spawn=0.0ms total=0.0ms/6.0ms chunk_manager.streaming_load=0.0ms(60) building.room_recompute=0.0ms(60) power.balance_recompute=0.0ms(60) chunk_manager.topology_rebuild=0.0ms(60) underground.fog_update=0.0ms(60) chunk_manager.streaming_redraw=0.0ms(60) mountain_shadow.visual_rebuild=0.0ms(60)
[FrameBudget] streaming=0.0ms topology=0.0ms visual=0.0ms spawn=0.0ms total=0.0ms/6.0ms chunk_manager.streaming_load=0.0ms(60) building.room_recompute=0.0ms(60) power.balance_recompute=0.0ms(60) chunk_manager.topology_rebuild=0.0ms(60) underground.fog_update=0.0ms(60) chunk_manager.streaming_redraw=0.0ms(60) mountain_shadow.visual_rebuild=0.0ms(60)
[FrameBudget] streaming=0.0ms topology=0.0ms visual=0.0ms spawn=0.0ms total=0.0ms/6.0ms chunk_manager.streaming_load=0.0ms(60) building.room_recompute=0.0ms(60) power.balance_recompute=0.0ms(60) chunk_manager.topology_rebuild=0.0ms(60) underground.fog_update=0.0ms(60) chunk_manager.streaming_redraw=0.0ms(60) mountain_shadow.visual_rebuild=0.0ms(60)
[FrameBudget] streaming=0.0ms topology=0.0ms visual=0.0ms spawn=0.0ms total=0.0ms/6.0ms chunk_manager.streaming_load=0.0ms(60) building.room_recompute=0.0ms(60) power.balance_recompute=0.0ms(60) chunk_manager.topology_rebuild=0.0ms(60) underground.fog_update=0.0ms(60) chunk_manager.streaming_redraw=0.0ms(60) mountain_shadow.visual_rebuild=0.0ms(60)
[FrameBudget] streaming=0.0ms topology=0.0ms visual=0.0ms spawn=0.0ms total=0.0ms/6.0ms chunk_manager.streaming_load=0.0ms(60) building.room_recompute=0.0ms(60) power.balance_recompute=0.0ms(60) chunk_manager.topology_rebuild=0.0ms(60) underground.fog_update=0.0ms(60) chunk_manager.streaming_redraw=0.0ms(60) mountain_shadow.visual_rebuild=0.0ms(60)
[FrameBudget] streaming=0.0ms topology=0.0ms visual=0.0ms spawn=0.0ms total=0.0ms/6.0ms chunk_manager.streaming_load=0.0ms(60) building.room_recompute=0.0ms(60) power.balance_recompute=0.0ms(60) chunk_manager.topology_rebuild=0.0ms(60) underground.fog_update=0.0ms(60) chunk_manager.streaming_redraw=0.0ms(60) mountain_shadow.visual_rebuild=0.0ms(60)
[FrameBudget] streaming=0.0ms topology=0.0ms visual=0.0ms spawn=0.0ms total=0.0ms/6.0ms chunk_manager.streaming_load=0.0ms(60) building.room_recompute=0.0ms(60) power.balance_recompute=0.0ms(60) chunk_manager.topology_rebuild=0.0ms(60) underground.fog_update=0.0ms(60) chunk_manager.streaming_redraw=0.0ms(60) mountain_shadow.visual_rebuild=0.0ms(60)
[FrameBudget] streaming=0.0ms topology=0.0ms visual=0.0ms spawn=0.0ms total=0.0ms/6.0ms chunk_manager.streaming_load=0.0ms(60) building.room_recompute=0.0ms(60) power.balance_recompute=0.0ms(60) chunk_manager.topology_rebuild=0.0ms(60) underground.fog_update=0.0ms(60) chunk_manager.streaming_redraw=0.0ms(60) mountain_shadow.visual_rebuild=0.0ms(60)
[FrameBudget] streaming=0.0ms topology=0.0ms visual=0.0ms spawn=0.0ms total=0.0ms/6.0ms chunk_manager.streaming_load=0.0ms(60) building.room_recompute=0.0ms(60) power.balance_recompute=0.0ms(60) chunk_manager.topology_rebuild=0.0ms(60) underground.fog_update=0.0ms(60) chunk_manager.streaming_redraw=0.0ms(60) mountain_shadow.visual_rebuild=0.0ms(60)
[FrameBudget] streaming=0.0ms topology=0.0ms visual=0.0ms spawn=0.0ms total=0.0ms/6.0ms chunk_manager.streaming_load=0.0ms(60) building.room_recompute=0.0ms(60) power.balance_recompute=0.0ms(60) chunk_manager.topology_rebuild=0.0ms(60) underground.fog_update=0.0ms(60) chunk_manager.streaming_redraw=0.0ms(60) mountain_shadow.visual_rebuild=0.0ms(60)
[FrameBudget] streaming=0.0ms topology=0.0ms visual=0.0ms spawn=0.0ms total=0.0ms/6.0ms chunk_manager.streaming_load=0.0ms(60) building.room_recompute=0.0ms(60) power.balance_recompute=0.0ms(60) chunk_manager.topology_rebuild=0.0ms(60) underground.fog_update=0.0ms(60) chunk_manager.streaming_redraw=0.0ms(60) mountain_shadow.visual_rebuild=0.0ms(60)
[FrameBudget] streaming=0.0ms topology=0.0ms visual=0.0ms spawn=0.0ms total=0.0ms/6.0ms chunk_manager.streaming_load=0.0ms(60) building.room_recompute=0.0ms(60) power.balance_recompute=0.0ms(60) chunk_manager.topology_rebuild=0.0ms(60) underground.fog_update=0.0ms(60) chunk_manager.streaming_redraw=0.0ms(60) mountain_shadow.visual_rebuild=0.0ms(60)
[FrameBudget] streaming=0.0ms topology=0.0ms visual=0.0ms spawn=0.0ms total=0.0ms/6.0ms chunk_manager.streaming_load=0.0ms(60) building.room_recompute=0.0ms(60) power.balance_recompute=0.0ms(60) chunk_manager.topology_rebuild=0.0ms(60) underground.fog_update=0.0ms(60) chunk_manager.streaming_redraw=0.0ms(60) mountain_shadow.visual_rebuild=0.0ms(60)
[FrameBudget] streaming=0.0ms topology=0.0ms visual=0.0ms spawn=0.0ms total=0.0ms/6.0ms chunk_manager.streaming_load=0.0ms(60) building.room_recompute=0.0ms(60) power.balance_recompute=0.0ms(60) chunk_manager.topology_rebuild=0.0ms(60) underground.fog_update=0.0ms(60) chunk_manager.streaming_redraw=0.0ms(60) mountain_shadow.visual_rebuild=0.0ms(60)
[FrameBudget] streaming=0.0ms topology=0.0ms visual=0.0ms spawn=0.0ms total=0.0ms/6.0ms chunk_manager.streaming_load=0.0ms(60) building.room_recompute=0.0ms(60) power.balance_recompute=0.0ms(60) chunk_manager.topology_rebuild=0.0ms(60) underground.fog_update=0.0ms(60) chunk_manager.streaming_redraw=0.0ms(60) mountain_shadow.visual_rebuild=0.0ms(60)
[FrameBudget] streaming=0.0ms topology=0.0ms visual=0.0ms spawn=0.0ms total=0.0ms/6.0ms chunk_manager.streaming_load=0.0ms(60) building.room_recompute=0.0ms(60) power.balance_recompute=0.0ms(60) chunk_manager.topology_rebuild=0.0ms(60) underground.fog_update=0.0ms(60) chunk_manager.streaming_redraw=0.0ms(60) mountain_shadow.visual_rebuild=0.0ms(60)
[FrameBudget] streaming=0.0ms topology=0.0ms visual=0.0ms spawn=0.0ms total=0.0ms/6.0ms chunk_manager.streaming_load=0.0ms(60) building.room_recompute=0.0ms(60) power.balance_recompute=0.0ms(60) chunk_manager.topology_rebuild=0.0ms(60) underground.fog_update=0.0ms(60) chunk_manager.streaming_redraw=0.0ms(60) mountain_shadow.visual_rebuild=0.0ms(60)
[FrameBudget] streaming=0.0ms topology=0.0ms visual=0.0ms spawn=0.0ms total=0.0ms/6.0ms chunk_manager.streaming_load=0.0ms(60) building.room_recompute=0.0ms(60) power.balance_recompute=0.0ms(60) chunk_manager.topology_rebuild=0.0ms(60) underground.fog_update=0.0ms(60) chunk_manager.streaming_redraw=0.0ms(60) mountain_shadow.visual_rebuild=0.0ms(60)
[FrameBudget] streaming=0.0ms topology=0.0ms visual=0.0ms spawn=0.0ms total=0.0ms/6.0ms chunk_manager.streaming_load=0.0ms(60) building.room_recompute=0.0ms(60) power.balance_recompute=0.0ms(60) chunk_manager.topology_rebuild=0.0ms(60) underground.fog_update=0.0ms(60) chunk_manager.streaming_redraw=0.0ms(60) mountain_shadow.visual_rebuild=0.0ms(60)
[FrameBudget] streaming=0.0ms topology=0.0ms visual=0.0ms spawn=0.0ms total=0.0ms/6.0ms chunk_manager.streaming_load=0.0ms(60) building.room_recompute=0.0ms(60) power.balance_recompute=0.0ms(60) chunk_manager.topology_rebuild=0.0ms(60) underground.fog_update=0.0ms(60) chunk_manager.streaming_redraw=0.0ms(60) mountain_shadow.visual_rebuild=0.0ms(60)
[FrameBudget] streaming=0.0ms topology=0.0ms visual=0.0ms spawn=0.0ms total=0.0ms/6.0ms chunk_manager.streaming_load=0.0ms(60) building.room_recompute=0.0ms(60) power.balance_recompute=0.0ms(60) chunk_manager.topology_rebuild=0.0ms(60) underground.fog_update=0.0ms(60) chunk_manager.streaming_redraw=0.0ms(60) mountain_shadow.visual_rebuild=0.0ms(60)
[FrameBudget] streaming=0.0ms topology=0.0ms visual=0.0ms spawn=0.0ms total=0.0ms/6.0ms chunk_manager.streaming_load=0.0ms(60) building.room_recompute=0.0ms(60) power.balance_recompute=0.0ms(60) chunk_manager.topology_rebuild=0.0ms(60) underground.fog_update=0.0ms(60) chunk_manager.streaming_redraw=0.0ms(60) mountain_shadow.visual_rebuild=0.0ms(60)
[FrameBudget] streaming=0.0ms topology=0.0ms visual=0.0ms spawn=0.0ms total=0.0ms/6.0ms chunk_manager.streaming_load=0.0ms(60) building.room_recompute=0.0ms(60) power.balance_recompute=0.0ms(60) chunk_manager.topology_rebuild=0.0ms(60) underground.fog_update=0.0ms(60) chunk_manager.streaming_redraw=0.0ms(60) mountain_shadow.visual_rebuild=0.0ms(60)
[FrameBudget] streaming=0.0ms topology=0.0ms visual=0.0ms spawn=0.0ms total=0.0ms/6.0ms chunk_manager.streaming_load=0.0ms(60) building.room_recompute=0.0ms(60) power.balance_recompute=0.0ms(60) chunk_manager.topology_rebuild=0.0ms(60) underground.fog_update=0.0ms(60) chunk_manager.streaming_redraw=0.0ms(60) mountain_shadow.visual_rebuild=0.0ms(60)
[FrameBudget] streaming=0.0ms topology=0.0ms visual=0.0ms spawn=0.0ms total=0.0ms/6.0ms chunk_manager.streaming_load=0.0ms(60) building.room_recompute=0.0ms(60) power.balance_recompute=0.0ms(60) chunk_manager.topology_rebuild=0.0ms(60) underground.fog_update=0.0ms(60) chunk_manager.streaming_redraw=0.0ms(60) mountain_shadow.visual_rebuild=0.0ms(60)
[FrameBudget] streaming=0.0ms topology=0.0ms visual=0.0ms spawn=0.0ms total=0.0ms/6.0ms chunk_manager.streaming_load=0.0ms(60) building.room_recompute=0.0ms(60) power.balance_recompute=0.0ms(60) chunk_manager.topology_rebuild=0.0ms(60) underground.fog_update=0.0ms(60) chunk_manager.streaming_redraw=0.0ms(60) mountain_shadow.visual_rebuild=0.0ms(60)
[FrameBudget] streaming=0.0ms topology=0.0ms visual=0.0ms spawn=0.0ms total=0.0ms/6.0ms chunk_manager.streaming_load=0.0ms(60) building.room_recompute=0.0ms(60) power.balance_recompute=0.0ms(60) chunk_manager.topology_rebuild=0.0ms(60) underground.fog_update=0.0ms(60) chunk_manager.streaming_redraw=0.0ms(60) mountain_shadow.visual_rebuild=0.0ms(60)
[FrameBudget] streaming=0.0ms topology=0.0ms visual=0.0ms spawn=0.0ms total=0.1ms/6.0ms chunk_manager.streaming_load=0.0ms(60) building.room_recompute=0.0ms(60) power.balance_recompute=0.0ms(60) chunk_manager.topology_rebuild=0.0ms(60) underground.fog_update=0.0ms(60) chunk_manager.streaming_redraw=0.0ms(60) mountain_shadow.visual_rebuild=0.0ms(60)
[FrameBudget] streaming=0.0ms topology=0.0ms visual=0.0ms spawn=0.0ms total=0.1ms/6.0ms chunk_manager.streaming_load=0.0ms(60) building.room_recompute=0.0ms(60) power.balance_recompute=0.0ms(60) chunk_manager.topology_rebuild=0.0ms(60) underground.fog_update=0.0ms(60) chunk_manager.streaming_redraw=0.0ms(60) mountain_shadow.visual_rebuild=0.0ms(60)
[FrameBudget] streaming=0.0ms topology=0.0ms visual=0.0ms spawn=0.0ms total=0.0ms/6.0ms chunk_manager.streaming_load=0.0ms(60) building.room_recompute=0.0ms(60) power.balance_recompute=0.0ms(60) chunk_manager.topology_rebuild=0.0ms(60) underground.fog_update=0.0ms(60) chunk_manager.streaming_redraw=0.0ms(60) mountain_shadow.visual_rebuild=0.0ms(60)
[FrameBudget] streaming=0.0ms topology=0.0ms visual=0.0ms spawn=0.0ms total=0.1ms/6.0ms chunk_manager.streaming_load=0.0ms(60) building.room_recompute=0.0ms(60) power.balance_recompute=0.0ms(60) chunk_manager.topology_rebuild=0.0ms(60) underground.fog_update=0.0ms(60) chunk_manager.streaming_redraw=0.0ms(60) mountain_shadow.visual_rebuild=0.0ms(60)
[FrameBudget] streaming=0.0ms topology=0.0ms visual=0.0ms spawn=0.0ms total=0.0ms/6.0ms chunk_manager.streaming_load=0.0ms(60) building.room_recompute=0.0ms(60) power.balance_recompute=0.0ms(60) chunk_manager.topology_rebuild=0.0ms(60) underground.fog_update=0.0ms(60) chunk_manager.streaming_redraw=0.0ms(60) mountain_shadow.visual_rebuild=0.0ms(60)
[FrameBudget] streaming=0.0ms topology=0.0ms visual=0.0ms spawn=0.0ms total=0.0ms/6.0ms chunk_manager.streaming_load=0.0ms(60) building.room_recompute=0.0ms(60) power.balance_recompute=0.0ms(60) chunk_manager.topology_rebuild=0.0ms(60) underground.fog_update=0.0ms(60) chunk_manager.streaming_redraw=0.0ms(60) mountain_shadow.visual_rebuild=0.0ms(60)
[FrameBudget] streaming=0.0ms topology=0.0ms visual=0.0ms spawn=0.0ms total=0.0ms/6.0ms chunk_manager.streaming_load=0.0ms(60) building.room_recompute=0.0ms(60) power.balance_recompute=0.0ms(60) chunk_manager.topology_rebuild=0.0ms(60) underground.fog_update=0.0ms(60) chunk_manager.streaming_redraw=0.0ms(60) mountain_shadow.visual_rebuild=0.0ms(60)
[FrameBudget] streaming=0.0ms topology=0.0ms visual=0.0ms spawn=0.0ms total=0.0ms/6.0ms chunk_manager.streaming_load=0.0ms(60) building.room_recompute=0.0ms(60) power.balance_recompute=0.0ms(60) chunk_manager.topology_rebuild=0.0ms(60) underground.fog_update=0.0ms(60) chunk_manager.streaming_redraw=0.0ms(60) mountain_shadow.visual_rebuild=0.0ms(60)
[FrameBudget] streaming=0.0ms topology=0.0ms visual=0.0ms spawn=0.0ms total=0.0ms/6.0ms chunk_manager.streaming_load=0.0ms(60) building.room_recompute=0.0ms(60) power.balance_recompute=0.0ms(60) chunk_manager.topology_rebuild=0.0ms(60) underground.fog_update=0.0ms(60) chunk_manager.streaming_redraw=0.0ms(60) mountain_shadow.visual_rebuild=0.0ms(60)
[FrameBudget] streaming=0.0ms topology=0.0ms visual=0.0ms spawn=0.0ms total=0.0ms/6.0ms chunk_manager.streaming_load=0.0ms(60) building.room_recompute=0.0ms(60) power.balance_recompute=0.0ms(60) chunk_manager.topology_rebuild=0.0ms(60) underground.fog_update=0.0ms(60) chunk_manager.streaming_redraw=0.0ms(60) mountain_shadow.visual_rebuild=0.0ms(60)
[FrameBudget] streaming=0.0ms topology=0.0ms visual=0.0ms spawn=0.0ms total=0.0ms/6.0ms chunk_manager.streaming_load=0.0ms(60) building.room_recompute=0.0ms(60) power.balance_recompute=0.0ms(60) chunk_manager.topology_rebuild=0.0ms(60) underground.fog_update=0.0ms(60) chunk_manager.streaming_redraw=0.0ms(60) mountain_shadow.visual_rebuild=0.0ms(60)
[FrameBudget] streaming=0.0ms topology=0.0ms visual=0.0ms spawn=0.0ms total=0.0ms/6.0ms chunk_manager.streaming_load=0.0ms(60) building.room_recompute=0.0ms(60) power.balance_recompute=0.0ms(60) chunk_manager.topology_rebuild=0.0ms(60) underground.fog_update=0.0ms(60) chunk_manager.streaming_redraw=0.0ms(60) mountain_shadow.visual_rebuild=0.0ms(60)
[FrameBudget] streaming=0.0ms topology=0.0ms visual=0.0ms spawn=0.0ms total=0.0ms/6.0ms chunk_manager.streaming_load=0.0ms(60) building.room_recompute=0.0ms(60) power.balance_recompute=0.0ms(60) chunk_manager.topology_rebuild=0.0ms(60) underground.fog_update=0.0ms(60) chunk_manager.streaming_redraw=0.0ms(60) mountain_shadow.visual_rebuild=0.0ms(60)
[FrameBudget] streaming=0.0ms topology=0.0ms visual=0.0ms spawn=0.0ms total=0.0ms/6.0ms chunk_manager.streaming_load=0.0ms(60) building.room_recompute=0.0ms(60) power.balance_recompute=0.0ms(60) chunk_manager.topology_rebuild=0.0ms(60) underground.fog_update=0.0ms(60) chunk_manager.streaming_redraw=0.0ms(60) mountain_shadow.visual_rebuild=0.0ms(60)
[FrameBudget] streaming=0.0ms topology=0.0ms visual=0.0ms spawn=0.0ms total=0.0ms/6.0ms chunk_manager.streaming_load=0.0ms(60) building.room_recompute=0.0ms(60) power.balance_recompute=0.0ms(60) chunk_manager.topology_rebuild=0.0ms(60) underground.fog_update=0.0ms(60) chunk_manager.streaming_redraw=0.0ms(60) mountain_shadow.visual_rebuild=0.0ms(60)
[FrameBudget] streaming=0.0ms topology=0.0ms visual=0.0ms spawn=0.0ms total=0.0ms/6.0ms chunk_manager.streaming_load=0.0ms(60) building.room_recompute=0.0ms(60) power.balance_recompute=0.0ms(60) chunk_manager.topology_rebuild=0.0ms(60) underground.fog_update=0.0ms(60) chunk_manager.streaming_redraw=0.0ms(60) mountain_shadow.visual_rebuild=0.0ms(60)
[FrameBudget] streaming=0.0ms topology=0.0ms visual=0.0ms spawn=0.0ms total=0.0ms/6.0ms chunk_manager.streaming_load=0.0ms(60) building.room_recompute=0.0ms(60) power.balance_recompute=0.0ms(60) chunk_manager.topology_rebuild=0.0ms(60) underground.fog_update=0.0ms(60) chunk_manager.streaming_redraw=0.0ms(60) mountain_shadow.visual_rebuild=0.0ms(60)
[FrameBudget] streaming=0.0ms topology=0.0ms visual=0.0ms spawn=0.0ms total=0.0ms/6.0ms chunk_manager.streaming_load=0.0ms(60) building.room_recompute=0.0ms(60) power.balance_recompute=0.0ms(60) chunk_manager.topology_rebuild=0.0ms(60) underground.fog_update=0.0ms(60) chunk_manager.streaming_redraw=0.0ms(60) mountain_shadow.visual_rebuild=0.0ms(60)
[FrameBudget] streaming=0.0ms topology=0.0ms visual=0.0ms spawn=0.0ms total=0.0ms/6.0ms chunk_manager.streaming_load=0.0ms(60) building.room_recompute=0.0ms(60) power.balance_recompute=0.0ms(60) chunk_manager.topology_rebuild=0.0ms(60) underground.fog_update=0.0ms(60) chunk_manager.streaming_redraw=0.0ms(60) mountain_shadow.visual_rebuild=0.0ms(60)
[FrameBudget] streaming=0.0ms topology=0.0ms visual=0.0ms spawn=0.0ms total=0.0ms/6.0ms chunk_manager.streaming_load=0.0ms(60) building.room_recompute=0.0ms(60) power.balance_recompute=0.0ms(60) chunk_manager.topology_rebuild=0.0ms(60) underground.fog_update=0.0ms(60) chunk_manager.streaming_redraw=0.0ms(60) mountain_shadow.visual_rebuild=0.0ms(60)
[FrameBudget] streaming=0.0ms topology=0.0ms visual=0.0ms spawn=0.0ms total=0.0ms/6.0ms chunk_manager.streaming_load=0.0ms(60) building.room_recompute=0.0ms(60) power.balance_recompute=0.0ms(60) chunk_manager.topology_rebuild=0.0ms(60) underground.fog_update=0.0ms(60) chunk_manager.streaming_redraw=0.0ms(60) mountain_shadow.visual_rebuild=0.0ms(60)
[FrameBudget] streaming=0.0ms topology=0.0ms visual=0.0ms spawn=0.0ms total=0.0ms/6.0ms chunk_manager.streaming_load=0.0ms(60) building.room_recompute=0.0ms(60) power.balance_recompute=0.0ms(60) chunk_manager.topology_rebuild=0.0ms(60) underground.fog_update=0.0ms(60) chunk_manager.streaming_redraw=0.0ms(60) mountain_shadow.visual_rebuild=0.0ms(60)
[WorldDiag] Система чанков опубликовала визуал: чанк (1, 0); причина — полный визуал чанка готов, игрок не должен видеть сырой build-up; важность — только фоновый долг сходимости; состояние — видим; приоритет — последствие или фоновый follow-up, ниже главной причины.
[WorldDiagDetail] actor=chunk_manager action=chunk_visible target=chunk reason=chunk_visible impact=background_debt_only state=visible severity=follow_up code=visual_published chunk_coord=(1, 0) distance=1 priority=высокий visual_queue_depth=9 z=0
[WorldDiag] Система чанков опубликовала визуал: чанк (63, 1); причина — полный визуал чанка готов, игрок не должен видеть сырой build-up; важность — только фоновый долг сходимости; состояние — видим; приоритет — последствие или фоновый follow-up, ниже главной причины.
[WorldDiagDetail] actor=chunk_manager action=chunk_visible target=chunk reason=chunk_visible impact=background_debt_only state=visible severity=follow_up code=visual_published chunk_coord=(63, 1) distance=1 priority=высокий visual_queue_depth=8 z=0
[WorldDiag] Система чанков опубликовала визуал: чанк (0, -1); причина — полный визуал чанка готов, игрок не должен видеть сырой build-up; важность — только фоновый долг сходимости; состояние — видим; приоритет — последствие или фоновый follow-up, ниже главной причины.
[WorldDiagDetail] actor=chunk_manager action=chunk_visible target=chunk reason=chunk_visible impact=background_debt_only state=visible severity=follow_up code=visual_published chunk_coord=(0, -1) distance=1 priority=высокий visual_queue_depth=6 z=0
[WorldDiag] Система чанков опубликовала визуал: чанк (0, 0); причина — полный визуал чанка готов, игрок не должен видеть сырой build-up; важность — только фоновый долг сходимости; состояние — видим; приоритет — последствие или фоновый follow-up, ниже главной причины.
[WorldDiagDetail] actor=chunk_manager action=chunk_visible target=chunk reason=chunk_visible impact=background_debt_only state=visible severity=follow_up code=visual_published chunk_coord=(0, 0) distance=0 incident_id=3 priority=немедленный trace_id=trace-0003 trace_source=chunk_scheduler visual_queue_depth=5 z=0
[WorldDiag] Система чанков опубликовала визуал: чанк (0, 1); причина — полный визуал чанка готов, игрок не должен видеть сырой build-up; важность — только фоновый долг сходимости; состояние — видим; приоритет — последствие или фоновый follow-up, ниже главной причины.
[WorldDiagDetail] actor=chunk_manager action=chunk_visible target=chunk reason=chunk_visible impact=background_debt_only state=visible severity=follow_up code=visual_published chunk_coord=(0, 1) distance=1 priority=высокий visual_queue_depth=5 z=0
[WorldDiag] Система чанков опубликовала визуал: чанк (63, 0); причина — полный визуал чанка готов, игрок не должен видеть сырой build-up; важность — только фоновый долг сходимости; состояние — видим; приоритет — последствие или фоновый follow-up, ниже главной причины.
[WorldDiagDetail] actor=chunk_manager action=chunk_visible target=chunk reason=chunk_visible impact=background_debt_only state=visible severity=follow_up code=visual_published chunk_coord=(63, 0) distance=1 priority=высокий visual_queue_depth=3 z=0
[WorldDiag] Система чанков опубликовала визуал: чанк (63, -1); причина — полный визуал чанка готов, игрок не должен видеть сырой build-up; важность — только фоновый долг сходимости; состояние — видим; приоритет — последствие или фоновый follow-up, ниже главной причины.
[WorldDiagDetail] actor=chunk_manager action=chunk_visible target=chunk reason=chunk_visible impact=background_debt_only state=visible severity=follow_up code=visual_published chunk_coord=(63, -1) distance=1 priority=высокий visual_queue_depth=2 z=0
[WorldDiag] Система чанков опубликовала визуал: чанк (1, -1); причина — полный визуал чанка готов, игрок не должен видеть сырой build-up; важность — только фоновый долг сходимости; состояние — видим; приоритет — последствие или фоновый follow-up, ниже главной причины.
[WorldDiagDetail] actor=chunk_manager action=chunk_visible target=chunk reason=chunk_visible impact=background_debt_only state=visible severity=follow_up code=visual_published chunk_coord=(1, -1) distance=1 priority=высокий visual_queue_depth=1 z=0
[WorldDiag] Система чанков опубликовала визуал: чанк (1, 1); причина — полный визуал чанка готов, игрок не должен видеть сырой build-up; важность — только фоновый долг сходимости; состояние — видим; приоритет — последствие или фоновый follow-up, ниже главной причины.
[WorldDiagDetail] actor=chunk_manager action=chunk_visible target=chunk reason=chunk_visible impact=background_debt_only state=visible severity=follow_up code=visual_published chunk_coord=(1, 1) distance=1 priority=высокий visual_queue_depth=0 z=0
[Boot] first_playable reached (37585.3 ms) | queue_wait=17812.4ms compute=3055.3ms (25 chunks) apply=62.6ms (9 chunks) redraw=0.0ms
[WorldDiag] Система чанков запросила загрузку: чанк (0, -2); причина — игрок приблизился к фактической области загрузки; важность — только фоновый долг сходимости; состояние — поставлен в очередь; приоритет — последствие или фоновый follow-up, ниже главной причины.
[WorldDiagDetail] actor=chunk_manager action=chunk_requested target=chunk reason=chunk_requested impact=background_debt_only state=queued severity=follow_up code=stream_load chunk_coord=(0, -2) distance=2 frontier_capacity={ "reserved_critical_workers": 1, "max_concurrent": 4, "noncritical_capacity_limit": 3, "active_total": 0, "active_frontier_critical": 0, "active_camera_visible_support": 0, "active_background": 0, "queue_frontier_critical": 0, "queue_camera_visible_support": 0, "queue_background": 1 } frontier_lane=background frontier_lane_human=фон frontier_plan={  } priority=средний queue_depth=1 z=0
[WorldDiag] Система чанков запросила загрузку: чанк (2, 0); причина — игрок приблизился к фактической области загрузки; важность — только фоновый долг сходимости; состояние — поставлен в очередь; приоритет — последствие или фоновый follow-up, ниже главной причины.
[WorldDiagDetail] actor=chunk_manager action=chunk_requested target=chunk reason=chunk_requested impact=background_debt_only state=queued severity=follow_up code=stream_load chunk_coord=(2, 0) distance=2 frontier_capacity={ "reserved_critical_workers": 1, "max_concurrent": 4, "noncritical_capacity_limit": 3, "active_total": 0, "active_frontier_critical": 0, "active_camera_visible_support": 0, "active_background": 0, "queue_frontier_critical": 0, "queue_camera_visible_support": 0, "queue_background": 2 } frontier_lane=background frontier_lane_human=фон frontier_plan={  } priority=средний queue_depth=2 z=0
[WorldDiag] Система чанков запросила загрузку: чанк (62, 0); причина — игрок приблизился к фактической области загрузки; важность — только фоновый долг сходимости; состояние — поставлен в очередь; приоритет — последствие или фоновый follow-up, ниже главной причины.
[WorldDiagDetail] actor=chunk_manager action=chunk_requested target=chunk reason=chunk_requested impact=background_debt_only state=queued severity=follow_up code=stream_load chunk_coord=(62, 0) distance=2 frontier_capacity={ "reserved_critical_workers": 1, "max_concurrent": 4, "noncritical_capacity_limit": 3, "active_total": 0, "active_frontier_critical": 0, "active_camera_visible_support": 0, "active_background": 0, "queue_frontier_critical": 0, "queue_camera_visible_support": 0, "queue_background": 3 } frontier_lane=background frontier_lane_human=фон frontier_plan={  } priority=средний queue_depth=3 z=0
[WorldDiag] Система чанков запросила загрузку: чанк (0, 2); причина — игрок приблизился к фактической области загрузки; важность — только фоновый долг сходимости; состояние — поставлен в очередь; приоритет — последствие или фоновый follow-up, ниже главной причины.
[WorldDiagDetail] actor=chunk_manager action=chunk_requested target=chunk reason=chunk_requested impact=background_debt_only state=queued severity=follow_up code=stream_load chunk_coord=(0, 2) distance=2 frontier_capacity={ "reserved_critical_workers": 1, "max_concurrent": 4, "noncritical_capacity_limit": 3, "active_total": 0, "active_frontier_critical": 0, "active_camera_visible_support": 0, "active_background": 0, "queue_frontier_critical": 0, "queue_camera_visible_support": 0, "queue_background": 4 } frontier_lane=background frontier_lane_human=фон frontier_plan={  } priority=средний queue_depth=4 z=0
[WorldDiag] Система чанков запросила загрузку: чанк (1, -2); причина — игрок приблизился к фактической области загрузки; важность — только фоновый долг сходимости; состояние — поставлен в очередь; приоритет — последствие или фоновый follow-up, ниже главной причины.
[WorldDiagDetail] actor=chunk_manager action=chunk_requested target=chunk reason=chunk_requested impact=background_debt_only state=queued severity=follow_up code=stream_load chunk_coord=(1, -2) distance=2 frontier_capacity={ "reserved_critical_workers": 1, "max_concurrent": 4, "noncritical_capacity_limit": 3, "active_total": 0, "active_frontier_critical": 0, "active_camera_visible_support": 0, "active_background": 0, "queue_frontier_critical": 0, "queue_camera_visible_support": 0, "queue_background": 5 } frontier_lane=background frontier_lane_human=фон frontier_plan={  } priority=средний queue_depth=5 z=0
[WorldDiag] Система чанков запросила загрузку: чанк (63, -2); причина — игрок приблизился к фактической области загрузки; важность — только фоновый долг сходимости; состояние — поставлен в очередь; приоритет — последствие или фоновый follow-up, ниже главной причины.
[WorldDiagDetail] actor=chunk_manager action=chunk_requested target=chunk reason=chunk_requested impact=background_debt_only state=queued severity=follow_up code=stream_load chunk_coord=(63, -2) distance=2 frontier_capacity={ "reserved_critical_workers": 1, "max_concurrent": 4, "noncritical_capacity_limit": 3, "active_total": 0, "active_frontier_critical": 0, "active_camera_visible_support": 0, "active_background": 0, "queue_frontier_critical": 0, "queue_camera_visible_support": 0, "queue_background": 6 } frontier_lane=background frontier_lane_human=фон frontier_plan={  } priority=средний queue_depth=6 z=0
[WorldDiag] Система чанков запросила загрузку: чанк (2, -1); причина — игрок приблизился к фактической области загрузки; важность — только фоновый долг сходимости; состояние — поставлен в очередь; приоритет — последствие или фоновый follow-up, ниже главной причины.
[WorldDiagDetail] actor=chunk_manager action=chunk_requested target=chunk reason=chunk_requested impact=background_debt_only state=queued severity=follow_up code=stream_load chunk_coord=(2, -1) distance=2 frontier_capacity={ "reserved_critical_workers": 1, "max_concurrent": 4, "noncritical_capacity_limit": 3, "active_total": 0, "active_frontier_critical": 0, "active_camera_visible_support": 0, "active_background": 0, "queue_frontier_critical": 0, "queue_camera_visible_support": 0, "queue_background": 7 } frontier_lane=background frontier_lane_human=фон frontier_plan={  } priority=средний queue_depth=7 z=0
[WorldDiag] Система чанков запросила загрузку: чанк (62, -1); причина — игрок приблизился к фактической области загрузки; важность — только фоновый долг сходимости; состояние — поставлен в очередь; приоритет — последствие или фоновый follow-up, ниже главной причины.
[WorldDiagDetail] actor=chunk_manager action=chunk_requested target=chunk reason=chunk_requested impact=background_debt_only state=queued severity=follow_up code=stream_load chunk_coord=(62, -1) distance=2 frontier_capacity={ "reserved_critical_workers": 1, "max_concurrent": 4, "noncritical_capacity_limit": 3, "active_total": 0, "active_frontier_critical": 0, "active_camera_visible_support": 0, "active_background": 0, "queue_frontier_critical": 0, "queue_camera_visible_support": 0, "queue_background": 8 } frontier_lane=background frontier_lane_human=фон frontier_plan={  } priority=средний queue_depth=8 z=0
[WorldDiag] Система чанков запросила загрузку: чанк (2, 1); причина — игрок приблизился к фактической области загрузки; важность — только фоновый долг сходимости; состояние — поставлен в очередь; приоритет — последствие или фоновый follow-up, ниже главной причины.
[WorldDiagDetail] actor=chunk_manager action=chunk_requested target=chunk reason=chunk_requested impact=background_debt_only state=queued severity=follow_up code=stream_load chunk_coord=(2, 1) distance=2 frontier_capacity={ "reserved_critical_workers": 1, "max_concurrent": 4, "noncritical_capacity_limit": 3, "active_total": 0, "active_frontier_critical": 0, "active_camera_visible_support": 0, "active_background": 0, "queue_frontier_critical": 0, "queue_camera_visible_support": 0, "queue_background": 9 } frontier_lane=background frontier_lane_human=фон frontier_plan={  } priority=средний queue_depth=9 z=0
[WorldDiag] Система чанков запросила загрузку: чанк (62, 1); причина — игрок приблизился к фактической области загрузки; важность — только фоновый долг сходимости; состояние — поставлен в очередь; приоритет — последствие или фоновый follow-up, ниже главной причины.
[WorldDiagDetail] actor=chunk_manager action=chunk_requested target=chunk reason=chunk_requested impact=background_debt_only state=queued severity=follow_up code=stream_load chunk_coord=(62, 1) distance=2 frontier_capacity={ "reserved_critical_workers": 1, "max_concurrent": 4, "noncritical_capacity_limit": 3, "active_total": 0, "active_frontier_critical": 0, "active_camera_visible_support": 0, "active_background": 0, "queue_frontier_critical": 0, "queue_camera_visible_support": 0, "queue_background": 10 } frontier_lane=background frontier_lane_human=фон frontier_plan={  } priority=средний queue_depth=10 z=0
[WorldDiag] Система чанков запросила загрузку: чанк (1, 2); причина — игрок приблизился к фактической области загрузки; важность — только фоновый долг сходимости; состояние — поставлен в очередь; приоритет — последствие или фоновый follow-up, ниже главной причины.
[WorldDiagDetail] actor=chunk_manager action=chunk_requested target=chunk reason=chunk_requested impact=background_debt_only state=queued severity=follow_up code=stream_load chunk_coord=(1, 2) distance=2 frontier_capacity={ "reserved_critical_workers": 1, "max_concurrent": 4, "noncritical_capacity_limit": 3, "active_total": 0, "active_frontier_critical": 0, "active_camera_visible_support": 0, "active_background": 0, "queue_frontier_critical": 0, "queue_camera_visible_support": 0, "queue_background": 11 } frontier_lane=background frontier_lane_human=фон frontier_plan={  } priority=средний queue_depth=11 z=0
[WorldDiag] Система чанков запросила загрузку: чанк (63, 2); причина — игрок приблизился к фактической области загрузки; важность — только фоновый долг сходимости; состояние — поставлен в очередь; приоритет — последствие или фоновый follow-up, ниже главной причины.
[WorldDiagDetail] actor=chunk_manager action=chunk_requested target=chunk reason=chunk_requested impact=background_debt_only state=queued severity=follow_up code=stream_load chunk_coord=(63, 2) distance=2 frontier_capacity={ "reserved_critical_workers": 1, "max_concurrent": 4, "noncritical_capacity_limit": 3, "active_total": 0, "active_frontier_critical": 0, "active_camera_visible_support": 0, "active_background": 0, "queue_frontier_critical": 0, "queue_camera_visible_support": 0, "queue_background": 12 } frontier_lane=background frontier_lane_human=фон frontier_plan={  } priority=средний queue_depth=12 z=0
[WorldDiag] Система чанков запросила загрузку: чанк (2, -2); причина — игрок приблизился к фактической области загрузки; важность — только фоновый долг сходимости; состояние — поставлен в очередь; приоритет — последствие или фоновый follow-up, ниже главной причины.
[WorldDiagDetail] actor=chunk_manager action=chunk_requested target=chunk reason=chunk_requested impact=background_debt_only state=queued severity=follow_up code=stream_load chunk_coord=(2, -2) distance=2 frontier_capacity={ "reserved_critical_workers": 1, "max_concurrent": 4, "noncritical_capacity_limit": 3, "active_total": 0, "active_frontier_critical": 0, "active_camera_visible_support": 0, "active_background": 0, "queue_frontier_critical": 0, "queue_camera_visible_support": 0, "queue_background": 13 } frontier_lane=background frontier_lane_human=фон frontier_plan={  } priority=средний queue_depth=13 z=0
[WorldDiag] Система чанков запросила загрузку: чанк (62, -2); причина — игрок приблизился к фактической области загрузки; важность — только фоновый долг сходимости; состояние — поставлен в очередь; приоритет — последствие или фоновый follow-up, ниже главной причины.
[WorldDiagDetail] actor=chunk_manager action=chunk_requested target=chunk reason=chunk_requested impact=background_debt_only state=queued severity=follow_up code=stream_load chunk_coord=(62, -2) distance=2 frontier_capacity={ "reserved_critical_workers": 1, "max_concurrent": 4, "noncritical_capacity_limit": 3, "active_total": 0, "active_frontier_critical": 0, "active_camera_visible_support": 0, "active_background": 0, "queue_frontier_critical": 0, "queue_camera_visible_support": 0, "queue_background": 14 } frontier_lane=background frontier_lane_human=фон frontier_plan={  } priority=средний queue_depth=14 z=0
[WorldDiag] Система чанков запросила загрузку: чанк (2, 2); причина — игрок приблизился к фактической области загрузки; важность — только фоновый долг сходимости; состояние — поставлен в очередь; приоритет — последствие или фоновый follow-up, ниже главной причины.
[WorldDiagDetail] actor=chunk_manager action=chunk_requested target=chunk reason=chunk_requested impact=background_debt_only state=queued severity=follow_up code=stream_load chunk_coord=(2, 2) distance=2 frontier_capacity={ "reserved_critical_workers": 1, "max_concurrent": 4, "noncritical_capacity_limit": 3, "active_total": 0, "active_frontier_critical": 0, "active_camera_visible_support": 0, "active_background": 0, "queue_frontier_critical": 0, "queue_camera_visible_support": 0, "queue_background": 15 } frontier_lane=background frontier_lane_human=фон frontier_plan={  } priority=средний queue_depth=15 z=0
[WorldDiag] Система чанков запросила загрузку: чанк (62, 2); причина — игрок приблизился к фактической области загрузки; важность — только фоновый долг сходимости; состояние — поставлен в очередь; приоритет — последствие или фоновый follow-up, ниже главной причины.
[WorldDiagDetail] actor=chunk_manager action=chunk_requested target=chunk reason=chunk_requested impact=background_debt_only state=queued severity=follow_up code=stream_load chunk_coord=(62, 2) distance=2 frontier_capacity={ "reserved_critical_workers": 1, "max_concurrent": 4, "noncritical_capacity_limit": 3, "active_total": 0, "active_frontier_critical": 0, "active_camera_visible_support": 0, "active_background": 0, "queue_frontier_critical": 0, "queue_camera_visible_support": 0, "queue_background": 16 } frontier_lane=background frontier_lane_human=фон frontier_plan={  } priority=средний queue_depth=16 z=0
WARNING: ObjectDB instances leaked at exit (run with --verbose for details).
   at: cleanup (core/object/object.cpp:2641)
ERROR: 17 resources still in use at exit (run with --verbose for details).
   at: clear (core/io/resource.cpp:810)
