Godot Engine v4.6.1.stable.official.14d19694e - https://godotengine.org

[WorldPerf] Startup.start_to_loading_screen_visible_ms: 13.05 ms
[WorldPerf] WorldPrePass.compute.sample_height_grid: 124.69 ms
[FrameBudget] streaming=0.0ms topology=0.0ms visual=0.0ms spawn=0.0ms total=0.0ms/6.0ms building.room_recompute=0.0ms(60) power.balance_recompute=0.0ms(60)
[WorldPerf] WorldPrePass.compute.spine_seeds: 383.43 ms
[WorldPerf] WorldPrePass.compute.ridge_graph: 43.91 ms
[WorldPerf] WorldPrePass.compute.ridge_strength_grid.native_total: 0.81 ms
[WorldPerf] WorldPrePass.compute.mountain_mass_grid: 27.08 ms
[FrameBudget] streaming=0.0ms topology=0.0ms visual=0.0ms spawn=0.0ms total=0.0ms/6.0ms building.room_recompute=0.0ms(60) power.balance_recompute=0.0ms(60)
[FrameBudget] streaming=0.0ms topology=0.0ms visual=0.0ms spawn=0.0ms total=0.0ms/6.0ms building.room_recompute=0.0ms(60) power.balance_recompute=0.0ms(60)
[WorldPerf] WorldPrePass.compute.lake_aware_fill.extract_lake_records: 581.30 ms
[WorldPerf] WorldPrePass.compute.lake_aware_fill: 586.53 ms
[FrameBudget] streaming=0.0ms topology=0.0ms visual=0.0ms spawn=0.0ms total=0.0ms/6.0ms building.room_recompute=0.0ms(60) power.balance_recompute=0.0ms(60)
[WorldPerf] WorldPrePass.compute.flow_directions: 637.18 ms
[FrameBudget] streaming=0.0ms topology=0.0ms visual=0.0ms spawn=0.0ms total=0.0ms/6.0ms building.room_recompute=0.0ms(60) power.balance_recompute=0.0ms(60)
[WorldPerf] === Frame Summary (300 frames) ===
[WorldPerf] Frame time: avg=7.4 ms, p99=7.6 ms, hitches=1
[WorldPerf] Frame budget: dispatcher=0.1ms streaming=0.0ms streaming_load=0.0ms streaming_redraw=0.0ms topology=0.0ms building=0.0ms power=0.0ms visual=0.0ms shadow=0.0ms spawn=0.0ms total=0.1ms/6.0ms
[WorldPerf] Observability: Startup.loading_screen_visible=0.0ms, Startup.start_pressed=0.0ms, Startup.start_to_loading_screen_visible_ms=13.0ms
[FrameBudget] streaming=0.0ms topology=0.0ms visual=0.0ms spawn=0.0ms total=0.0ms/6.0ms building.room_recompute=0.0ms(60) power.balance_recompute=0.0ms(60)
[WorldPerf] WorldPrePass.compute.flow_accumulation: 818.86 ms
[WorldPerf] WorldPrePass.compute.floodplain_strength: 11.37 ms
[FrameBudget] streaming=0.0ms topology=0.0ms visual=0.0ms spawn=0.0ms total=0.0ms/6.0ms building.room_recompute=0.0ms(60) power.balance_recompute=0.0ms(60)
[WorldPerf] WorldPrePass.compute.erosion_proxy: 310.29 ms
[FrameBudget] streaming=0.0ms topology=0.0ms visual=0.0ms spawn=0.0ms total=0.0ms/6.0ms building.room_recompute=0.0ms(60) power.balance_recompute=0.0ms(60)
[WorldPerf] WorldPrePass.compute.slope_grid: 397.61 ms
[FrameBudget] streaming=0.0ms topology=0.0ms visual=0.0ms spawn=0.0ms total=0.0ms/6.0ms building.room_recompute=0.0ms(60) power.balance_recompute=0.0ms(60)
[FrameBudget] streaming=0.0ms topology=0.0ms visual=0.0ms spawn=0.0ms total=0.0ms/6.0ms building.room_recompute=0.0ms(60) power.balance_recompute=0.0ms(60)
[WorldPerf] === Frame Summary (300 frames) ===
[WorldPerf] Frame time: avg=6.9 ms, p99=6.9 ms, hitches=0
[WorldPerf] Frame budget: dispatcher=0.1ms streaming=0.0ms streaming_load=0.0ms streaming_redraw=0.0ms topology=0.0ms building=0.0ms power=0.0ms visual=0.0ms shadow=0.0ms spawn=0.0ms total=0.1ms/6.0ms
[WorldPerf] WorldPrePass.compute.rain_shadow: 973.84 ms
[WorldPerf] WorldPrePass.compute.continentalness.seed_water_sources: 27.33 ms
[WorldPerf] WorldPrePass.compute.continentalness: 37.58 ms
[WorldPerf] WorldGenerator._setup_world_pre_pass.configure: 63.56 ms
[WorldPerf] WorldGenerator._setup_world_pre_pass.compute: 4371.27 ms
[WorldPerf] WorldGenerator.initialize_world.setup_world_pre_pass: 4434.83 ms
[WorldGenerator] Native ChunkGenerator initialized (6 biomes, 5 flora sets, 1 decor sets)
[WorldPerf] WorldGenerator.complete_pending_initialize_world.pending_age_ms: 4437.40 ms
[WorldPerf] _init_world_generator: 4439.74 ms
[CodexValidation] runtime validation driver enabled; route_preset=local_ring
[WorldPerf] GameWorld._setup_after_loading_screen: 4493.80 ms
[ChunkTilesetFactory] rock_atlas=240, wall_base=47, variants=5
[ChunkTilesetFactory] ground_faces: start=259 count=47
[ChunkTilesetFactory] rock_atlas=240, wall_base=47, variants=5
[ChunkTilesetFactory] ground_faces: start=259 count=47
[ChunkTilesetFactory] rock_atlas=240, wall_base=47, variants=5
[ChunkTilesetFactory] ground_faces: start=259 count=47
[ChunkTilesetFactory] rock_atlas=240, wall_base=47, variants=5
[ChunkTilesetFactory] ground_faces: start=259 count=47
[ChunkTilesetFactory] rock_atlas=240, wall_base=47, variants=5
[ChunkTilesetFactory] ground_faces: start=259 count=47
[ChunkTilesetFactory] rock_atlas=240, wall_base=47, variants=5
[ChunkTilesetFactory] ground_faces: start=259 count=47
[ChunkTilesetFactory] rock_atlas=240, wall_base=47, variants=5
[ChunkTilesetFactory] ground_faces: start=259 count=47
[WorldPerf] PlayerChunk coord=(0, 0) z=0 trigger=entered_chunk loaded=false visible=false state=not_loaded phase=none first_pass=false full_ready=false issues=not_loaded,load_queued,first_pass_not_ready ages(first=-ms full=-ms border=-ms apply=-ms converge=-ms) queues(fast=0 urgent=0 near=0 full_near=0 full_far=0) requests(load=true staged=false generating=false) scheduler(step=0.00ms exhausted=false)
[WorldPerf] PlayerChunk coord=(0, 0) z=0 trigger=scheduler loaded=false visible=false state=not_loaded phase=none first_pass=false full_ready=false issues=not_loaded,generating,first_pass_not_ready ages(first=-ms full=-ms border=-ms apply=-ms converge=-ms) queues(fast=0 urgent=0 near=0 full_near=0 full_far=0) requests(load=false staged=false generating=true) scheduler(step=0.00ms exhausted=false)
[FrameBudget] streaming=0.1ms topology=0.0ms visual=0.0ms spawn=0.0ms total=0.1ms/6.0ms building.room_recompute=0.0ms(60) power.balance_recompute=0.0ms(60) chunk_manager.streaming_load=0.1ms(15) chunk_manager.topology_rebuild=0.0ms(15) underground.fog_update=0.0ms(15) chunk_manager.streaming_redraw=0.0ms(15) mountain_shadow.visual_rebuild=0.0ms(15)
[WorldPerf] Boot.loop_step_ms: 139.81 ms
[WorldPerf] ChunkManager.streaming_redraw_prepare_step.terrain: 17.21 ms
[WorldPerf] ChunkManager.streaming_redraw_step.terrain: 17.53 ms
[WorldPerf] ChunkManager.streaming_redraw_prepare_step.terrain: 21.59 ms
[WorldPerf] ChunkManager.streaming_redraw_step.terrain: 13.53 ms
[WorldPerf] Shadow.edge_cache_compute (0, 0): 318.68 ms
[WorldPerf] stream.chunk_first_pass_ms (0, 0)@z0: 519.33 ms
[WorldPerf] Shadow.edge_cache_compute (0, -1): 86.45 ms
[WorldPerf] Shadow.edge_cache_compute (1, -1): 146.57 ms
[WorldPerf] Shadow.edge_cache_compute (63, -1): 140.14 ms
[FrameBudget] streaming=0.0ms topology=0.0ms visual=0.7ms spawn=0.0ms total=0.7ms/6.0ms chunk_manager.streaming_load=0.0ms(60) building.room_recompute=0.0ms(60) power.balance_recompute=0.0ms(60) chunk_manager.topology_rebuild=0.0ms(60) underground.fog_update=0.0ms(60) chunk_manager.streaming_redraw=0.0ms(60) mountain_shadow.visual_rebuild=0.7ms(60)
[WorldPerf] Shadow.edge_cache_compute (1, 1): 139.98 ms
[FrameBudget] streaming=0.0ms topology=0.0ms visual=0.1ms spawn=0.0ms total=0.2ms/6.0ms chunk_manager.streaming_load=0.0ms(60) building.room_recompute=0.0ms(60) power.balance_recompute=0.0ms(60) chunk_manager.topology_rebuild=0.0ms(60) underground.fog_update=0.0ms(60) chunk_manager.streaming_redraw=0.0ms(60) mountain_shadow.visual_rebuild=0.1ms(60)
[FrameBudget] streaming=0.0ms topology=0.0ms visual=0.0ms spawn=0.0ms total=0.0ms/6.0ms chunk_manager.streaming_load=0.0ms(60) building.room_recompute=0.0ms(60) power.balance_recompute=0.0ms(60) chunk_manager.topology_rebuild=0.0ms(60) underground.fog_update=0.0ms(60) chunk_manager.streaming_redraw=0.0ms(60) mountain_shadow.visual_rebuild=0.0ms(60)
[FrameBudget] streaming=0.0ms topology=0.0ms visual=0.0ms spawn=0.0ms total=0.0ms/6.0ms chunk_manager.streaming_load=0.0ms(60) building.room_recompute=0.0ms(60) power.balance_recompute=0.0ms(60) chunk_manager.topology_rebuild=0.0ms(60) underground.fog_update=0.0ms(60) chunk_manager.streaming_redraw=0.0ms(60) mountain_shadow.visual_rebuild=0.0ms(60)
[WorldPerf] === Frame Summary (300 frames) ===
[WorldPerf] Frame time: avg=9.7 ms, p99=112.9 ms, hitches=13
[WorldPerf] Frame budget: dispatcher=0.3ms streaming=0.0ms streaming_load=0.0ms streaming_redraw=0.1ms topology=0.0ms building=0.0ms power=0.0ms visual=0.0ms shadow=3.1ms spawn=0.0ms total=6.2ms/6.0ms
[WorldPerf] Boot detail: compute=0.0ms apply=0.1ms redraw=0.0ms topology=0.0ms shadow=0.0ms milestones=0 other=2.6ms | peaks: compute=0.0ms apply=3.2ms redraw=0.0ms topology=0.0ms shadow=0.0ms milestones=0.0ms stream_load=3.0ms stream_redraw=17.5ms
[FrameBudget] streaming=0.0ms topology=0.0ms visual=0.0ms spawn=0.0ms total=0.0ms/6.0ms chunk_manager.streaming_load=0.0ms(60) building.room_recompute=0.0ms(60) power.balance_recompute=0.0ms(60) chunk_manager.topology_rebuild=0.0ms(60) underground.fog_update=0.0ms(60) chunk_manager.streaming_redraw=0.0ms(60) mountain_shadow.visual_rebuild=0.0ms(60)
[FrameBudget] streaming=0.0ms topology=0.0ms visual=0.0ms spawn=0.0ms total=0.0ms/6.0ms chunk_manager.streaming_load=0.0ms(60) building.room_recompute=0.0ms(60) power.balance_recompute=0.0ms(60) chunk_manager.topology_rebuild=0.0ms(60) underground.fog_update=0.0ms(60) chunk_manager.streaming_redraw=0.0ms(60) mountain_shadow.visual_rebuild=0.0ms(60)
[FrameBudget] streaming=0.0ms topology=0.0ms visual=0.0ms spawn=0.0ms total=0.0ms/6.0ms chunk_manager.streaming_load=0.0ms(60) building.room_recompute=0.0ms(60) power.balance_recompute=0.0ms(60) chunk_manager.topology_rebuild=0.0ms(60) underground.fog_update=0.0ms(60) chunk_manager.streaming_redraw=0.0ms(60) mountain_shadow.visual_rebuild=0.0ms(60)
[FrameBudget] streaming=0.0ms topology=0.0ms visual=0.0ms spawn=0.0ms total=0.0ms/6.0ms chunk_manager.streaming_load=0.0ms(60) building.room_recompute=0.0ms(60) power.balance_recompute=0.0ms(60) chunk_manager.topology_rebuild=0.0ms(60) underground.fog_update=0.0ms(60) chunk_manager.streaming_redraw=0.0ms(60) mountain_shadow.visual_rebuild=0.0ms(60)
[FrameBudget] streaming=0.0ms topology=0.0ms visual=0.0ms spawn=0.0ms total=0.0ms/6.0ms chunk_manager.streaming_load=0.0ms(60) building.room_recompute=0.0ms(60) power.balance_recompute=0.0ms(60) chunk_manager.topology_rebuild=0.0ms(60) underground.fog_update=0.0ms(60) chunk_manager.streaming_redraw=0.0ms(60) mountain_shadow.visual_rebuild=0.0ms(60)
[WorldPerf] === Frame Summary (300 frames) ===
[WorldPerf] Frame time: avg=6.9 ms, p99=6.9 ms, hitches=0
[WorldPerf] Frame budget: dispatcher=0.2ms streaming=0.0ms streaming_load=0.0ms streaming_redraw=0.0ms topology=0.0ms building=0.0ms power=0.0ms visual=0.0ms shadow=0.0ms spawn=0.0ms total=0.2ms/6.0ms
[WorldPerf] Boot.loop_step_ms: 40.88 ms
[WorldPerf] FPS: 145.0
[FrameBudget] streaming=0.0ms topology=0.0ms visual=0.0ms spawn=0.0ms total=0.0ms/6.0ms chunk_manager.streaming_load=0.0ms(60) building.room_recompute=0.0ms(60) power.balance_recompute=0.0ms(60) chunk_manager.topology_rebuild=0.0ms(60) underground.fog_update=0.0ms(60) chunk_manager.streaming_redraw=0.0ms(60) mountain_shadow.visual_rebuild=0.0ms(60)
[FrameBudget] streaming=0.0ms topology=0.0ms visual=0.0ms spawn=0.0ms total=0.0ms/6.0ms chunk_manager.streaming_load=0.0ms(60) building.room_recompute=0.0ms(60) power.balance_recompute=0.0ms(60) chunk_manager.topology_rebuild=0.0ms(60) underground.fog_update=0.0ms(60) chunk_manager.streaming_redraw=0.0ms(60) mountain_shadow.visual_rebuild=0.0ms(60)
[FrameBudget] streaming=0.0ms topology=0.0ms visual=0.0ms spawn=0.0ms total=0.0ms/6.0ms chunk_manager.streaming_load=0.0ms(60) building.room_recompute=0.0ms(60) power.balance_recompute=0.0ms(60) chunk_manager.topology_rebuild=0.0ms(60) underground.fog_update=0.0ms(60) chunk_manager.streaming_redraw=0.0ms(60) mountain_shadow.visual_rebuild=0.0ms(60)
[FrameBudget] streaming=0.0ms topology=0.0ms visual=0.0ms spawn=0.0ms total=0.0ms/6.0ms chunk_manager.streaming_load=0.0ms(60) building.room_recompute=0.0ms(60) power.balance_recompute=0.0ms(60) chunk_manager.topology_rebuild=0.0ms(60) underground.fog_update=0.0ms(60) chunk_manager.streaming_redraw=0.0ms(60) mountain_shadow.visual_rebuild=0.0ms(60)
[FrameBudget] streaming=0.0ms topology=0.0ms visual=0.0ms spawn=0.0ms total=0.0ms/6.0ms chunk_manager.streaming_load=0.0ms(60) building.room_recompute=0.0ms(60) power.balance_recompute=0.0ms(60) chunk_manager.topology_rebuild=0.0ms(60) underground.fog_update=0.0ms(60) chunk_manager.streaming_redraw=0.0ms(60) mountain_shadow.visual_rebuild=0.0ms(60)
[WorldPerf] === Frame Summary (300 frames) ===
[WorldPerf] Frame time: avg=8.1 ms, p99=35.0 ms, hitches=14
[WorldPerf] Frame budget: dispatcher=0.2ms streaming=0.0ms streaming_load=0.0ms streaming_redraw=0.0ms topology=0.0ms building=0.0ms power=0.0ms visual=0.0ms shadow=0.0ms spawn=0.0ms total=1.6ms/6.0ms
[WorldPerf] Boot detail: compute=0.0ms apply=0.0ms redraw=0.0ms topology=0.0ms shadow=0.0ms milestones=0 other=1.4ms | peaks: compute=0.0ms apply=0.0ms redraw=0.0ms topology=0.0ms shadow=0.0ms milestones=0.0ms stream_load=0.0ms stream_redraw=0.0ms
[FrameBudget] streaming=0.0ms topology=0.0ms visual=0.0ms spawn=0.0ms total=0.0ms/6.0ms chunk_manager.streaming_load=0.0ms(60) building.room_recompute=0.0ms(60) power.balance_recompute=0.0ms(60) chunk_manager.topology_rebuild=0.0ms(60) underground.fog_update=0.0ms(60) chunk_manager.streaming_redraw=0.0ms(60) mountain_shadow.visual_rebuild=0.0ms(60)
[WorldPerf] Boot.loop_step_ms: 38.07 ms
[WorldPerf] stream.chunk_first_pass_ms (0, -1)@z0: 7571.04 ms
[WorldPerf] stream.chunk_first_pass_ms (1, 0)@z0: 7506.11 ms
[WorldPerf] stream.chunk_first_pass_ms (63, 0)@z0: 7466.23 ms
[WorldPerf] stream.chunk_first_pass_ms (0, 1)@z0: 7339.73 ms
[WorldPerf] stream.chunk_first_pass_ms (1, -1)@z0: 7414.28 ms
[WorldPerf] stream.chunk_first_pass_ms (63, -1)@z0: 7391.65 ms
[WorldPerf] stream.chunk_first_pass_ms (1, 1)@z0: 7383.69 ms
[WorldPerf] stream.chunk_first_pass_ms (63, 1)@z0: 7371.40 ms
[FrameBudget] streaming=0.0ms topology=0.0ms visual=0.0ms spawn=0.0ms total=0.0ms/6.0ms chunk_manager.streaming_load=0.0ms(60) building.room_recompute=0.0ms(60) power.balance_recompute=0.0ms(60) chunk_manager.topology_rebuild=0.0ms(60) underground.fog_update=0.0ms(60) chunk_manager.streaming_redraw=0.0ms(60) mountain_shadow.visual_rebuild=0.0ms(60)
[FrameBudget] streaming=0.0ms topology=0.0ms visual=0.0ms spawn=0.0ms total=0.1ms/6.0ms chunk_manager.streaming_load=0.0ms(60) building.room_recompute=0.0ms(60) power.balance_recompute=0.0ms(60) chunk_manager.topology_rebuild=0.0ms(60) underground.fog_update=0.0ms(60) chunk_manager.streaming_redraw=0.0ms(60) mountain_shadow.visual_rebuild=0.0ms(60)
[FrameBudget] streaming=0.0ms topology=0.0ms visual=0.0ms spawn=0.0ms total=0.0ms/6.0ms chunk_manager.streaming_load=0.0ms(60) building.room_recompute=0.0ms(60) power.balance_recompute=0.0ms(60) chunk_manager.topology_rebuild=0.0ms(60) underground.fog_update=0.0ms(60) chunk_manager.streaming_redraw=0.0ms(60) mountain_shadow.visual_rebuild=0.0ms(60)
[FrameBudget] streaming=0.0ms topology=0.0ms visual=0.0ms spawn=0.0ms total=0.0ms/6.0ms chunk_manager.streaming_load=0.0ms(60) building.room_recompute=0.0ms(60) power.balance_recompute=0.0ms(60) chunk_manager.topology_rebuild=0.0ms(60) underground.fog_update=0.0ms(60) chunk_manager.streaming_redraw=0.0ms(60) mountain_shadow.visual_rebuild=0.0ms(60)
[WorldPerf] === Frame Summary (300 frames) ===
[WorldPerf] Frame time: avg=8.3 ms, p99=33.3 ms, hitches=12
[WorldPerf] Frame budget: dispatcher=0.2ms streaming=0.0ms streaming_load=0.0ms streaming_redraw=0.0ms topology=0.0ms building=0.0ms power=0.0ms visual=0.0ms shadow=0.0ms spawn=0.0ms total=1.9ms/6.0ms
[WorldPerf] Boot detail: compute=0.0ms apply=0.0ms redraw=0.0ms topology=0.0ms shadow=0.0ms milestones=0 other=1.7ms | peaks: compute=0.0ms apply=0.0ms redraw=0.0ms topology=0.0ms shadow=0.0ms milestones=0.0ms stream_load=0.0ms stream_redraw=0.0ms
[FrameBudget] streaming=0.0ms topology=0.0ms visual=0.0ms spawn=0.0ms total=0.0ms/6.0ms chunk_manager.streaming_load=0.0ms(60) building.room_recompute=0.0ms(60) power.balance_recompute=0.0ms(60) chunk_manager.topology_rebuild=0.0ms(60) underground.fog_update=0.0ms(60) chunk_manager.streaming_redraw=0.0ms(60) mountain_shadow.visual_rebuild=0.0ms(60)
[WorldPerf] FPS: 131.0
[FrameBudget] streaming=0.0ms topology=0.0ms visual=0.0ms spawn=0.0ms total=0.0ms/6.0ms chunk_manager.streaming_load=0.0ms(60) building.room_recompute=0.0ms(60) power.balance_recompute=0.0ms(60) chunk_manager.topology_rebuild=0.0ms(60) underground.fog_update=0.0ms(60) chunk_manager.streaming_redraw=0.0ms(60) mountain_shadow.visual_rebuild=0.0ms(60)
[FrameBudget] streaming=0.0ms topology=0.0ms visual=0.0ms spawn=0.0ms total=0.0ms/6.0ms chunk_manager.streaming_load=0.0ms(60) building.room_recompute=0.0ms(60) power.balance_recompute=0.0ms(60) chunk_manager.topology_rebuild=0.0ms(60) underground.fog_update=0.0ms(60) chunk_manager.streaming_redraw=0.0ms(60) mountain_shadow.visual_rebuild=0.0ms(60)
[FrameBudget] streaming=0.0ms topology=0.0ms visual=0.0ms spawn=0.0ms total=0.0ms/6.0ms chunk_manager.streaming_load=0.0ms(60) building.room_recompute=0.0ms(60) power.balance_recompute=0.0ms(60) chunk_manager.topology_rebuild=0.0ms(60) underground.fog_update=0.0ms(60) chunk_manager.streaming_redraw=0.0ms(60) mountain_shadow.visual_rebuild=0.0ms(60)
[WorldPerf] stream.chunk_full_redraw_ms (0, 0)@z0: 11372.33 ms
[FrameBudget] streaming=0.0ms topology=0.0ms visual=0.0ms spawn=0.0ms total=0.0ms/6.0ms chunk_manager.streaming_load=0.0ms(60) building.room_recompute=0.0ms(60) power.balance_recompute=0.0ms(60) chunk_manager.topology_rebuild=0.0ms(60) underground.fog_update=0.0ms(60) chunk_manager.streaming_redraw=0.0ms(60) mountain_shadow.visual_rebuild=0.0ms(60)
[WorldPerf] === Frame Summary (300 frames) ===
[WorldPerf] Frame time: avg=6.9 ms, p99=6.9 ms, hitches=0
[WorldPerf] Frame budget: dispatcher=0.2ms streaming=0.0ms streaming_load=0.0ms streaming_redraw=0.0ms topology=0.0ms building=0.0ms power=0.0ms visual=0.0ms shadow=0.0ms spawn=0.0ms total=0.3ms/6.0ms
[WorldPerf] Boot detail: compute=0.0ms apply=0.0ms redraw=0.0ms topology=0.0ms shadow=0.0ms milestones=0 other=0.1ms | peaks: compute=0.0ms apply=0.0ms redraw=0.0ms topology=0.0ms shadow=0.0ms milestones=0.0ms stream_load=0.0ms stream_redraw=0.0ms
[WorldPerf] stream.chunk_full_redraw_ms (0, -1)@z0: 11485.17 ms
[WorldPerf] stream.chunk_full_redraw_ms (1, 0)@z0: 11421.12 ms
[WorldPerf] stream.chunk_full_redraw_ms (63, 0)@z0: 11403.37 ms
[WorldPerf] stream.chunk_full_redraw_ms (0, 1)@z0: 11277.85 ms
[WorldPerf] stream.chunk_full_redraw_ms (1, -1)@z0: 11247.17 ms
[WorldPerf] stream.chunk_full_redraw_ms (63, -1)@z0: 11256.20 ms
[WorldPerf] stream.chunk_full_redraw_ms (1, 1)@z0: 11249.49 ms
[WorldPerf] stream.chunk_full_redraw_ms (63, 1)@z0: 11261.24 ms
[Boot] first_playable reached (11830.1 ms) | queue_wait=14542.3ms compute=887.6ms (25 chunks) apply=17.6ms (9 chunks) redraw=0.0ms
[WorldPerf] Startup.loading_screen_visible_to_startup_bubble_ready_ms: 23770.33 ms
[WorldPerf] PlayerChunk coord=(0, 0) z=0 trigger=scheduler loaded=true visible=true state=full_ready phase=done first_pass=true full_ready=true issues=healthy ages(first=-ms full=-ms border=-ms apply=11733ms converge=11733ms) queues(fast=0 urgent=0 near=0 full_near=0 full_far=0) requests(load=false staged=false generating=false) scheduler(step=0.00ms exhausted=false)
[WorldPerf] FrameBudgetDispatcher.visual.chunk_manager.streaming_redraw: 35.58 ms
[WorldPerf] FrameBudgetDispatcher.total: 38.46 ms
[FrameBudget] streaming=0.5ms topology=0.1ms visual=11.9ms spawn=0.0ms total=12.5ms/6.0ms chunk_manager.streaming_load=0.5ms(60) building.room_recompute=0.0ms(60) power.balance_recompute=0.0ms(60) chunk_manager.topology_rebuild=0.0ms(60) underground.fog_update=0.0ms(60) chunk_manager.streaming_redraw=11.9ms(60) mountain_shadow.visual_rebuild=0.0ms(15)
[FrameBudget] streaming=0.0ms topology=0.0ms visual=7.2ms spawn=0.0ms total=7.2ms/6.0ms chunk_manager.streaming_load=0.0ms(60) building.room_recompute=0.0ms(60) power.balance_recompute=0.0ms(60) chunk_manager.topology_rebuild=0.0ms(60) underground.fog_update=0.0ms(60) chunk_manager.streaming_redraw=7.2ms(60)
[WorldPerf] stream.chunk_border_fix_ms (0, -1)@z0: 1458.96 ms
[WorldPerf] stream.chunk_full_redraw_ms (0, -1)@z0: 1459.11 ms
[WorldPerf] stream.chunk_border_fix_ms (1, 0)@z0: 1419.79 ms
[WorldPerf] stream.chunk_full_redraw_ms (1, 0)@z0: 1419.88 ms
[WorldPerf] stream.chunk_border_fix_ms (63, 0)@z0: 1386.07 ms
[WorldPerf] stream.chunk_full_redraw_ms (63, 0)@z0: 1386.22 ms
[WorldPerf] stream.chunk_border_fix_ms (0, 1)@z0: 1351.00 ms
[WorldPerf] stream.chunk_full_redraw_ms (0, 1)@z0: 1351.09 ms
[FrameBudget] streaming=0.0ms topology=0.0ms visual=7.3ms spawn=0.0ms total=7.4ms/6.0ms chunk_manager.streaming_load=0.0ms(60) building.room_recompute=0.0ms(60) power.balance_recompute=0.0ms(60) chunk_manager.topology_rebuild=0.0ms(60) underground.fog_update=0.0ms(60) chunk_manager.streaming_redraw=7.3ms(60)
[WorldPerf] stream.chunk_border_fix_ms (1, -1)@z0: 1930.37 ms
[WorldPerf] stream.chunk_full_redraw_ms (1, -1)@z0: 1890.67 ms
[WorldPerf] stream.chunk_border_fix_ms (63, -1)@z0: 1892.54 ms
[WorldPerf] stream.chunk_full_redraw_ms (63, -1)@z0: 1857.63 ms
[WorldPerf] stream.chunk_border_fix_ms (1, 1)@z0: 1856.95 ms
[WorldPerf] stream.chunk_full_redraw_ms (1, 1)@z0: 1819.55 ms
[WorldPerf] stream.chunk_border_fix_ms (63, 1)@z0: 1853.15 ms
[WorldPerf] stream.chunk_full_redraw_ms (63, 1)@z0: 1819.77 ms
[Boot] first_playable reached (13969.7 ms) | queue_wait=14542.3ms compute=887.6ms (25 chunks) apply=17.6ms (9 chunks) redraw=0.0ms
[FrameBudget] streaming=0.0ms topology=0.0ms visual=7.0ms spawn=0.0ms total=7.1ms/6.0ms chunk_manager.streaming_load=0.0ms(60) building.room_recompute=0.0ms(60) power.balance_recompute=0.0ms(60) chunk_manager.topology_rebuild=0.0ms(60) underground.fog_update=0.0ms(60) chunk_manager.streaming_redraw=6.9ms(60) mountain_shadow.visual_rebuild=0.1ms(5)
[FrameBudget] streaming=0.0ms topology=0.0ms visual=6.8ms spawn=0.0ms total=6.9ms/6.0ms chunk_manager.streaming_load=0.0ms(60) building.room_recompute=0.0ms(60) power.balance_recompute=0.0ms(60) chunk_manager.topology_rebuild=0.0ms(60) underground.fog_update=0.0ms(60) chunk_manager.streaming_redraw=6.7ms(60) mountain_shadow.visual_rebuild=0.2ms(9)
[WorldPerf] === Frame Summary (300 frames) ===
[WorldPerf] Frame time: avg=10.6 ms, p99=36.2 ms, hitches=25
[WorldPerf] Frame budget: dispatcher=8.3ms streaming=0.0ms streaming_load=0.1ms streaming_redraw=0.0ms topology=0.0ms building=0.0ms power=0.0ms visual=0.0ms shadow=8.1ms spawn=0.0ms total=17.1ms/6.0ms
[WorldPerf] Boot detail: compute=0.0ms apply=0.0ms redraw=0.0ms topology=0.0ms shadow=0.0ms milestones=2 other=0.5ms | peaks: compute=0.0ms apply=0.0ms redraw=0.0ms topology=0.0ms shadow=0.0ms milestones=0.0ms stream_load=3.3ms stream_redraw=0.0ms
[WorldPerf] Observability: Startup.loading_screen_visible_to_startup_bubble_ready_ms=23770.3ms, Startup.startup_bubble_ready=0.0ms
[WorldPerf] FPS: 117.0
[FrameBudget] streaming=0.0ms topology=0.0ms visual=6.8ms spawn=0.0ms total=6.8ms/6.0ms chunk_manager.streaming_load=0.0ms(60) building.room_recompute=0.0ms(60) power.balance_recompute=0.0ms(60) chunk_manager.topology_rebuild=0.0ms(60) underground.fog_update=0.0ms(60) chunk_manager.streaming_redraw=6.7ms(60) mountain_shadow.visual_rebuild=0.1ms(9)
[WorldPerf] Shadow.edge_cache_compute (0, -2): 62.15 ms
[FrameBudget] streaming=0.0ms topology=0.0ms visual=6.9ms spawn=0.0ms total=6.9ms/6.0ms chunk_manager.streaming_load=0.0ms(60) building.room_recompute=0.0ms(60) power.balance_recompute=0.0ms(60) chunk_manager.topology_rebuild=0.0ms(60) underground.fog_update=0.0ms(60) chunk_manager.streaming_redraw=6.9ms(60) mountain_shadow.visual_rebuild=0.0ms(10)
[WorldPerf] Shadow.edge_cache_compute (1, -2): 79.16 ms
[WorldPerf] Shadow.edge_cache_compute (2, -1): 66.17 ms
[FrameBudget] streaming=0.0ms topology=0.0ms visual=7.3ms spawn=0.0ms total=7.3ms/6.0ms chunk_manager.streaming_load=0.0ms(60) building.room_recompute=0.0ms(60) power.balance_recompute=0.0ms(60) chunk_manager.topology_rebuild=0.0ms(60) underground.fog_update=0.0ms(60) chunk_manager.streaming_redraw=7.2ms(60) mountain_shadow.visual_rebuild=0.1ms(10)
[FrameBudget] streaming=0.0ms topology=0.0ms visual=7.1ms spawn=0.0ms total=7.1ms/6.0ms chunk_manager.streaming_load=0.0ms(60) building.room_recompute=0.0ms(60) power.balance_recompute=0.0ms(60) chunk_manager.topology_rebuild=0.0ms(60) underground.fog_update=0.0ms(60) chunk_manager.streaming_redraw=7.1ms(60) mountain_shadow.visual_rebuild=0.0ms(6)
[WorldPerf] PlayerChunk coord=(0, 0) z=0 trigger=scheduler loaded=true visible=true state=full_ready phase=done first_pass=true full_ready=true issues=healthy ages(first=-ms full=-ms border=-ms apply=16750ms converge=16750ms) queues(fast=0 urgent=0 near=11 full_near=0 full_far=0) requests(load=false staged=false generating=false) scheduler(step=35.56ms exhausted=true)
[WorldPerf] FrameBudgetDispatcher.visual.chunk_manager.streaming_redraw: 36.00 ms
[WorldPerf] FrameBudgetDispatcher.total: 36.20 ms
[WorldPerf] Shadow.edge_cache_compute (2, 1): 70.24 ms
[FrameBudget] streaming=0.0ms topology=0.0ms visual=16.1ms spawn=0.0ms total=16.1ms/6.0ms chunk_manager.streaming_load=0.0ms(60) building.room_recompute=0.0ms(60) power.balance_recompute=0.0ms(60) chunk_manager.topology_rebuild=0.0ms(60) underground.fog_update=0.0ms(60) chunk_manager.streaming_redraw=15.9ms(60) mountain_shadow.visual_rebuild=0.1ms(6)
[WorldPerf] === Frame Summary (300 frames) ===
[WorldPerf] Frame time: avg=10.4 ms, p99=35.7 ms, hitches=23
[WorldPerf] Frame budget: dispatcher=9.0ms streaming=0.0ms streaming_load=0.0ms streaming_redraw=0.0ms topology=0.0ms building=0.0ms power=0.0ms visual=0.0ms shadow=9.8ms spawn=0.0ms total=18.9ms/6.0ms
[WorldPerf] Shadow.edge_cache_compute (62, 1): 69.32 ms
[WorldPerf] Shadow.edge_cache_compute (1, 2): 70.98 ms
[FrameBudget] streaming=0.0ms topology=0.0ms visual=7.2ms spawn=0.0ms total=7.2ms/6.0ms chunk_manager.streaming_load=0.0ms(60) building.room_recompute=0.0ms(60) power.balance_recompute=0.0ms(60) chunk_manager.topology_rebuild=0.0ms(60) underground.fog_update=0.0ms(60) chunk_manager.streaming_redraw=7.1ms(60) mountain_shadow.visual_rebuild=0.1ms(13)
[WorldPerf] Shadow.edge_cache_compute (2, -2): 138.24 ms
[FrameBudget] streaming=0.0ms topology=0.0ms visual=7.3ms spawn=0.0ms total=7.3ms/6.0ms chunk_manager.streaming_load=0.0ms(60) building.room_recompute=0.0ms(60) power.balance_recompute=0.0ms(60) chunk_manager.topology_rebuild=0.0ms(60) underground.fog_update=0.0ms(60) chunk_manager.streaming_redraw=7.2ms(60) mountain_shadow.visual_rebuild=0.1ms(10)
[FrameBudget] streaming=0.0ms topology=0.0ms visual=7.0ms spawn=0.0ms total=7.0ms/6.0ms chunk_manager.streaming_load=0.0ms(60) building.room_recompute=0.0ms(60) power.balance_recompute=0.0ms(60) chunk_manager.topology_rebuild=0.0ms(60) underground.fog_update=0.0ms(60) chunk_manager.streaming_redraw=6.9ms(60) mountain_shadow.visual_rebuild=0.0ms(13)
[FrameBudget] streaming=0.0ms topology=0.0ms visual=7.2ms spawn=0.0ms total=7.3ms/6.0ms chunk_manager.streaming_load=0.0ms(60) building.room_recompute=0.0ms(60) power.balance_recompute=0.0ms(60) chunk_manager.topology_rebuild=0.0ms(60) underground.fog_update=0.0ms(60) chunk_manager.streaming_redraw=7.2ms(60) mountain_shadow.visual_rebuild=0.0ms(10)
[WorldPerf] FPS: 120.0
[FrameBudget] streaming=0.0ms topology=0.0ms visual=7.2ms spawn=0.0ms total=7.3ms/6.0ms chunk_manager.streaming_load=0.0ms(60) building.room_recompute=0.0ms(60) power.balance_recompute=0.0ms(60) chunk_manager.topology_rebuild=0.0ms(60) underground.fog_update=0.0ms(60) chunk_manager.streaming_redraw=7.2ms(60) mountain_shadow.visual_rebuild=0.0ms(10)
[WorldPerf] === Frame Summary (300 frames) ===
[WorldPerf] Frame time: avg=8.5 ms, p99=10.1 ms, hitches=0
[WorldPerf] Frame budget: dispatcher=7.3ms streaming=0.0ms streaming_load=0.0ms streaming_redraw=0.0ms topology=0.0ms building=0.0ms power=0.0ms visual=0.0ms shadow=8.2ms spawn=0.0ms total=15.5ms/6.0ms
[WorldPerf] Shadow.stale_age_ms: 8635.87 ms
[FrameBudget] streaming=0.0ms topology=0.0ms visual=7.3ms spawn=0.0ms total=7.3ms/6.0ms chunk_manager.streaming_load=0.0ms(60) building.room_recompute=0.0ms(60) power.balance_recompute=0.0ms(60) chunk_manager.topology_rebuild=0.0ms(60) underground.fog_update=0.0ms(60) chunk_manager.streaming_redraw=7.2ms(60) mountain_shadow.visual_rebuild=0.0ms(12)
[WorldPerf] PlayerChunk coord=(0, 0) z=0 trigger=scheduler loaded=true visible=true state=full_ready phase=done first_pass=true full_ready=true issues=healthy ages(first=-ms full=-ms border=-ms apply=20846ms converge=20846ms) queues(fast=0 urgent=0 near=11 full_near=0 full_far=0) requests(load=false staged=false generating=false) scheduler(step=34.02ms exhausted=true)
[WorldPerf] FrameBudgetDispatcher.visual.chunk_manager.streaming_redraw: 34.32 ms
[WorldPerf] FrameBudgetDispatcher.total: 34.48 ms
[WorldPerf] stream.chunk_first_pass_ms (0, -2)@z0: 9126.31 ms
[WorldPerf] stream.chunk_first_pass_ms (2, 0)@z0: 9097.50 ms
[WorldPerf] stream.chunk_first_pass_ms (62, 0)@z0: 9167.38 ms
[WorldPerf] stream.chunk_first_pass_ms (0, 2)@z0: 9165.30 ms
[WorldPerf] stream.chunk_first_pass_ms (1, -2)@z0: 9276.15 ms
[WorldPerf] stream.chunk_first_pass_ms (63, -2)@z0: 9237.34 ms
[WorldPerf] stream.chunk_first_pass_ms (2, -1)@z0: 9236.69 ms
[WorldPerf] stream.chunk_first_pass_ms (62, -1)@z0: 9202.68 ms
[WorldPerf] stream.chunk_first_pass_ms (2, 1)@z0: 9205.62 ms
[WorldPerf] stream.chunk_first_pass_ms (62, 1)@z0: 9175.40 ms
[WorldPerf] stream.chunk_first_pass_ms (1, 2)@z0: 9174.79 ms
[WorldPerf] stream.chunk_first_pass_ms (63, 2)@z0: 9142.20 ms
[WorldPerf] stream.chunk_first_pass_ms (2, -2)@z0: 9175.00 ms
[WorldPerf] stream.chunk_first_pass_ms (62, -2)@z0: 9164.41 ms
[WorldPerf] stream.chunk_first_pass_ms (2, 2)@z0: 9124.60 ms
[WorldPerf] stream.chunk_first_pass_ms (62, 2)@z0: 9090.59 ms
[FrameBudget] streaming=0.0ms topology=0.0ms visual=14.7ms spawn=0.0ms total=14.8ms/6.0ms chunk_manager.streaming_load=0.0ms(60) building.room_recompute=0.0ms(60) power.balance_recompute=0.0ms(60) chunk_manager.topology_rebuild=0.0ms(60) underground.fog_update=0.0ms(60) chunk_manager.streaming_redraw=14.7ms(60) mountain_shadow.visual_rebuild=0.0ms(27)
[FrameBudget] streaming=0.0ms topology=0.0ms visual=4.8ms spawn=0.0ms total=4.9ms/6.0ms chunk_manager.streaming_load=0.0ms(60) building.room_recompute=0.0ms(60) power.balance_recompute=0.0ms(60) chunk_manager.topology_rebuild=0.0ms(60) underground.fog_update=0.0ms(60) chunk_manager.streaming_redraw=4.8ms(60) mountain_shadow.visual_rebuild=0.0ms(53)
[FrameBudget] streaming=0.0ms topology=0.0ms visual=4.9ms spawn=0.0ms total=5.0ms/6.0ms chunk_manager.streaming_load=0.0ms(60) building.room_recompute=0.0ms(60) power.balance_recompute=0.0ms(60) chunk_manager.topology_rebuild=0.0ms(60) underground.fog_update=0.0ms(60) chunk_manager.streaming_redraw=4.9ms(60) mountain_shadow.visual_rebuild=0.0ms(54)
[FrameBudget] streaming=0.0ms topology=0.0ms visual=4.6ms spawn=0.0ms total=4.6ms/6.0ms chunk_manager.streaming_load=0.0ms(60) building.room_recompute=0.0ms(60) power.balance_recompute=0.0ms(60) chunk_manager.topology_rebuild=0.0ms(60) underground.fog_update=0.0ms(60) chunk_manager.streaming_redraw=4.6ms(60) mountain_shadow.visual_rebuild=0.0ms(59)
[WorldPerf] === Frame Summary (300 frames) ===
[WorldPerf] Frame time: avg=9.1 ms, p99=33.3 ms, hitches=18
[WorldPerf] Frame budget: dispatcher=7.4ms streaming=0.0ms streaming_load=0.0ms streaming_redraw=0.0ms topology=0.0ms building=0.0ms power=0.0ms visual=0.0ms shadow=36.1ms spawn=0.0ms total=43.5ms/6.0ms
[WorldPerf] Observability: Shadow.stale_age_ms=8635.9ms
[FrameBudget] streaming=0.0ms topology=0.0ms visual=4.9ms spawn=0.0ms total=4.9ms/6.0ms chunk_manager.streaming_load=0.0ms(60) building.room_recompute=0.0ms(60) power.balance_recompute=0.0ms(60) chunk_manager.topology_rebuild=0.0ms(60) underground.fog_update=0.0ms(60) chunk_manager.streaming_redraw=4.9ms(60) mountain_shadow.visual_rebuild=0.0ms(54)
[FrameBudget] streaming=0.0ms topology=0.0ms visual=4.8ms spawn=0.0ms total=4.8ms/6.0ms chunk_manager.streaming_load=0.0ms(60) building.room_recompute=0.0ms(60) power.balance_recompute=0.0ms(60) chunk_manager.topology_rebuild=0.0ms(60) underground.fog_update=0.0ms(60) chunk_manager.streaming_redraw=4.8ms(60) mountain_shadow.visual_rebuild=0.0ms(56)
[FrameBudget] streaming=0.0ms topology=0.0ms visual=4.9ms spawn=0.0ms total=4.9ms/6.0ms chunk_manager.streaming_load=0.0ms(60) building.room_recompute=0.0ms(60) power.balance_recompute=0.0ms(60) chunk_manager.topology_rebuild=0.0ms(60) underground.fog_update=0.0ms(60) chunk_manager.streaming_redraw=4.9ms(60) mountain_shadow.visual_rebuild=0.0ms(54)
[FrameBudget] streaming=0.0ms topology=0.0ms visual=4.6ms spawn=0.0ms total=4.6ms/6.0ms chunk_manager.streaming_load=0.0ms(60) building.room_recompute=0.0ms(60) power.balance_recompute=0.0ms(60) chunk_manager.topology_rebuild=0.0ms(60) underground.fog_update=0.0ms(60) chunk_manager.streaming_redraw=4.6ms(60) mountain_shadow.visual_rebuild=0.0ms(59)
[WorldPerf] FPS: 145.0
[FrameBudget] streaming=0.0ms topology=0.0ms visual=4.7ms spawn=0.0ms total=4.8ms/6.0ms chunk_manager.streaming_load=0.0ms(60) building.room_recompute=0.0ms(60) power.balance_recompute=0.0ms(60) chunk_manager.topology_rebuild=0.0ms(60) underground.fog_update=0.0ms(60) chunk_manager.streaming_redraw=4.7ms(60) mountain_shadow.visual_rebuild=0.0ms(56)
[WorldPerf] === Frame Summary (300 frames) ===
[WorldPerf] Frame time: avg=6.9 ms, p99=6.9 ms, hitches=0
[WorldPerf] Frame budget: dispatcher=4.9ms streaming=0.0ms streaming_load=0.0ms streaming_redraw=0.0ms topology=0.0ms building=0.0ms power=0.0ms visual=0.0ms shadow=4.8ms spawn=0.0ms total=9.7ms/6.0ms
[WorldPerf] PlayerChunk coord=(0, 0) z=0 trigger=scheduler loaded=true visible=true state=full_ready phase=done first_pass=true full_ready=true issues=healthy ages(first=-ms full=-ms border=-ms apply=25396ms converge=25396ms) queues(fast=0 urgent=0 near=0 full_near=12 full_far=0) requests(load=false staged=false generating=false) scheduler(step=13.88ms exhausted=true)
[FrameBudget] streaming=0.0ms topology=0.0ms visual=5.0ms spawn=0.0ms total=5.1ms/6.0ms chunk_manager.streaming_load=0.0ms(60) building.room_recompute=0.0ms(60) power.balance_recompute=0.0ms(60) chunk_manager.topology_rebuild=0.0ms(60) underground.fog_update=0.0ms(60) chunk_manager.streaming_redraw=5.0ms(60) mountain_shadow.visual_rebuild=0.0ms(54)
[WorldPerf] FrameBudgetDispatcher.visual.chunk_manager.streaming_redraw: 31.14 ms
[WorldPerf] FrameBudgetDispatcher.total: 31.35 ms
[WorldPerf] stream.chunk_full_redraw_ms (0, -2)@z0: 14388.64 ms
[WorldPerf] stream.chunk_full_redraw_ms (2, 0)@z0: 14350.01 ms
[WorldPerf] stream.chunk_full_redraw_ms (62, 0)@z0: 14316.68 ms
[WorldPerf] stream.chunk_full_redraw_ms (0, 2)@z0: 14313.05 ms
[WorldPerf] stream.chunk_full_redraw_ms (1, -2)@z0: 14278.60 ms
[WorldPerf] stream.chunk_full_redraw_ms (63, -2)@z0: 14240.53 ms
[WorldPerf] stream.chunk_full_redraw_ms (2, -1)@z0: 14240.94 ms
[WorldPerf] stream.chunk_full_redraw_ms (62, -1)@z0: 14252.54 ms
[WorldPerf] stream.chunk_full_redraw_ms (2, 1)@z0: 14252.87 ms
[WorldPerf] stream.chunk_full_redraw_ms (62, 1)@z0: 14217.29 ms
[WorldPerf] stream.chunk_full_redraw_ms (1, 2)@z0: 14217.38 ms
[WorldPerf] stream.chunk_full_redraw_ms (63, 2)@z0: 14234.54 ms
[WorldPerf] stream.chunk_full_redraw_ms (2, -2)@z0: 14199.88 ms
[WorldPerf] stream.chunk_full_redraw_ms (62, -2)@z0: 14190.30 ms
[WorldPerf] stream.chunk_full_redraw_ms (2, 2)@z0: 14151.13 ms
[WorldPerf] stream.chunk_full_redraw_ms (62, 2)@z0: 14117.75 ms
[Boot] boot_complete reached (26430.7 ms) | queue_wait=14542.3ms compute=887.6ms (25 chunks) apply=17.6ms (9 chunks) redraw=0.0ms
[FrameBudget] streaming=0.0ms topology=0.0ms visual=9.6ms spawn=0.0ms total=9.6ms/6.0ms chunk_manager.streaming_load=0.0ms(60) building.room_recompute=0.0ms(60) power.balance_recompute=0.0ms(60) chunk_manager.topology_rebuild=0.0ms(60) underground.fog_update=0.0ms(60) chunk_manager.streaming_redraw=9.6ms(60) mountain_shadow.visual_rebuild=0.0ms(44)
[WorldPerf] Startup.startup_bubble_ready_to_boot_complete_ms: 14587.84 ms
[CodexValidation] route prepared: preset=local_ring waypoints=6 start=(0.0, 0.0) chunk_pixels=4096.0
[CodexValidation] room validation prepared at (4, 4)
[CodexValidation] power validation prepared at (8, 4)
[CodexValidation] mining validation prepared at (59, 0)
[CodexValidation] boot complete; route prepared
[FrameBudget] streaming=0.0ms topology=0.0ms visual=0.1ms spawn=0.0ms total=0.1ms/6.0ms chunk_manager.streaming_load=0.0ms(60) building.room_recompute=0.0ms(60) power.balance_recompute=0.0ms(60) chunk_manager.topology_rebuild=0.0ms(60) underground.fog_update=0.0ms(60) chunk_manager.streaming_redraw=0.1ms(60) mountain_shadow.visual_rebuild=0.0ms(60)
[CodexValidation] built validation room
[CodexValidation] removed validation room wall (5, 4)
[CodexValidation] re-placed validation room wall (5, 4)
[CodexValidation] destroyed validation room wall (4, 5)
[CodexValidation] room validation complete
[CodexValidation] placed validation battery (8, 4)
[FrameBudget] streaming=0.0ms topology=0.1ms visual=0.1ms spawn=0.0ms total=0.2ms/6.0ms chunk_manager.streaming_load=0.0ms(60) building.room_recompute=0.1ms(60) power.balance_recompute=0.0ms(60) chunk_manager.topology_rebuild=0.0ms(60) underground.fog_update=0.0ms(60) chunk_manager.streaming_redraw=0.1ms(60) mountain_shadow.visual_rebuild=0.0ms(60)
[CodexValidation] removed validation battery (8, 4)
[CodexValidation] power validation complete
[CodexValidation] mined entry tile (59, 0)
[WorldPerf] PlayerChunk coord=(0, 0) z=0 trigger=scheduler loaded=true visible=true state=full_pending phase=done first_pass=true full_ready=false issues=border_fix_pending ages(first=-ms full=-ms border=1ms apply=27339ms converge=1ms) queues(fast=0 urgent=0 near=0 full_near=0 full_far=0) requests(load=false staged=false generating=false) scheduler(step=0.54ms exhausted=false)
[WorldPerf] PlayerChunk coord=(0, 0) z=0 trigger=scheduler loaded=true visible=true state=full_ready phase=done first_pass=true full_ready=true issues=healthy ages(first=-ms full=-ms border=-ms apply=27340ms converge=2ms) queues(fast=0 urgent=0 near=0 full_near=0 full_far=0) requests(load=false staged=false generating=false) scheduler(step=0.34ms exhausted=false)
[CodexValidation] mined interior tile (60, 0)
[WorldPerf] PlayerChunk coord=(0, 0) z=0 trigger=scheduler loaded=true visible=true state=full_pending phase=done first_pass=true full_ready=false issues=border_fix_pending ages(first=-ms full=-ms border=2ms apply=27484ms converge=2ms) queues(fast=0 urgent=0 near=0 full_near=0 full_far=0) requests(load=false staged=false generating=false) scheduler(step=0.64ms exhausted=false)
[WorldPerf] PlayerChunk coord=(0, 0) z=0 trigger=scheduler loaded=true visible=true state=full_ready phase=done first_pass=true full_ready=true issues=healthy ages(first=-ms full=-ms border=-ms apply=27485ms converge=2ms) queues(fast=0 urgent=0 near=0 full_near=0 full_far=0) requests(load=false staged=false generating=false) scheduler(step=0.40ms exhausted=false)
[FrameBudget] streaming=0.0ms topology=0.0ms visual=0.2ms spawn=0.0ms total=0.2ms/6.0ms chunk_manager.streaming_load=0.0ms(60) building.room_recompute=0.0ms(60) power.balance_recompute=0.0ms(60) chunk_manager.topology_rebuild=0.0ms(60) underground.fog_update=0.0ms(60) chunk_manager.streaming_redraw=0.1ms(60) mountain_shadow.visual_rebuild=0.0ms(60)
[WorldPerf] === Frame Summary (300 frames) ===
[WorldPerf] Frame time: avg=8.4 ms, p99=43.3 ms, hitches=12
[WorldPerf] Frame budget: dispatcher=3.2ms streaming=0.0ms streaming_load=0.0ms streaming_redraw=0.0ms topology=0.0ms building=0.0ms power=0.0ms visual=0.0ms shadow=3.0ms spawn=0.0ms total=6.2ms/6.0ms
[WorldPerf] Boot detail: compute=0.0ms apply=0.0ms redraw=0.0ms topology=0.0ms shadow=0.0ms milestones=1 other=0.0ms | peaks: compute=0.0ms apply=0.0ms redraw=0.0ms topology=0.0ms shadow=0.0ms milestones=0.0ms stream_load=0.1ms stream_redraw=0.0ms
[WorldPerf] Observability: Startup.boot_complete=0.0ms, Startup.startup_bubble_ready_to_boot_complete_ms=14587.8ms
[CodexValidation] mined deeper tile (61, 0)
[WorldPerf] PlayerChunk coord=(0, 0) z=0 trigger=scheduler loaded=true visible=true state=full_pending phase=done first_pass=true full_ready=false issues=border_fix_pending ages(first=-ms full=-ms border=1ms apply=27630ms converge=1ms) queues(fast=0 urgent=0 near=0 full_near=0 full_far=0) requests(load=false staged=false generating=false) scheduler(step=0.52ms exhausted=false)
[WorldPerf] PlayerChunk coord=(0, 0) z=0 trigger=scheduler loaded=true visible=true state=full_ready phase=done first_pass=true full_ready=true issues=healthy ages(first=-ms full=-ms border=-ms apply=27631ms converge=2ms) queues(fast=0 urgent=0 near=0 full_near=0 full_far=0) requests(load=false staged=false generating=false) scheduler(step=0.35ms exhausted=false)
[CodexValidation] moved player back to exterior tile (58, 0)
[CodexValidation] mining + persistence validation complete
[CodexValidation] route start: preset=local_ring waypoints=6
[FrameBudget] streaming=0.0ms topology=0.0ms visual=0.1ms spawn=0.0ms total=0.2ms/6.0ms chunk_manager.streaming_load=0.0ms(60) building.room_recompute=0.0ms(60) power.balance_recompute=0.0ms(60) chunk_manager.topology_rebuild=0.0ms(60) underground.fog_update=0.0ms(60) chunk_manager.streaming_redraw=0.1ms(60) mountain_shadow.visual_rebuild=0.0ms(60)
[WorldPerf] PlayerChunk coord=(1, 0) z=0 trigger=scheduler loaded=true visible=true state=full_ready phase=done first_pass=true full_ready=true issues=healthy ages(first=-ms full=-ms border=-ms apply=27779ms converge=16209ms) queues(fast=0 urgent=0 near=0 full_near=0 full_far=0) requests(load=false staged=false generating=false) scheduler(step=0.01ms exhausted=false)
[WorldPerf] FrameBudgetDispatcher.visual.chunk_manager.streaming_redraw: 33.29 ms
[WorldPerf] FrameBudgetDispatcher.total: 35.61 ms
[WorldPerf] FrameBudgetDispatcher.visual.chunk_manager.streaming_redraw: 42.67 ms
[WorldPerf] FrameBudgetDispatcher.total: 45.91 ms
[WorldPerf] PlayerChunk coord=(2, 0) z=0 trigger=entered_chunk loaded=true visible=true state=full_pending phase=done first_pass=true full_ready=false issues=border_fix_pending ages(first=-ms full=-ms border=309ms apply=16705ms converge=309ms) queues(fast=1 urgent=0 near=3 full_near=0 full_far=0) requests(load=false staged=false generating=false) scheduler(step=0.00ms exhausted=false)
[WorldPerf] FrameBudgetDispatcher.visual.chunk_manager.streaming_redraw: 56.02 ms
[WorldPerf] FrameBudgetDispatcher.total: 59.09 ms
[WorldPerf] ChunkManager.streaming_redraw_prepare_step.terrain: 13.50 ms
[WorldPerf] ChunkManager.streaming_redraw_step.terrain: 11.20 ms
[WorldPerf] ChunkManager.streaming_redraw_prepare_step.terrain: 11.60 ms
[WorldPerf] ChunkManager.streaming_redraw_step.terrain: 10.16 ms
[WorldPerf] stream.chunk_first_pass_ms (3, 0)@z0: 511.78 ms
[FrameBudget] streaming=1.6ms topology=0.2ms visual=11.2ms spawn=0.0ms total=13.0ms/6.0ms chunk_manager.streaming_load=1.6ms(60) building.room_recompute=0.0ms(57) power.balance_recompute=0.0ms(57) chunk_manager.topology_rebuild=0.2ms(57) underground.fog_update=0.0ms(55) chunk_manager.streaming_redraw=11.1ms(55) mountain_shadow.visual_rebuild=0.1ms(12)
[WorldPerf] PlayerChunk coord=(3, 0) z=0 trigger=entered_chunk loaded=true visible=false state=full_pending phase=cliff first_pass=true full_ready=false issues=full_redraw_pending ages(first=-ms full=305ms border=-ms apply=817ms converge=817ms) queues(fast=1 urgent=0 near=7 full_near=0 full_far=0) requests(load=false staged=false generating=false) scheduler(step=0.00ms exhausted=false)
[WorldPerf] ChunkManager.streaming_redraw_prepare_step.terrain: 11.79 ms
[WorldPerf] ChunkManager.streaming_redraw_step.terrain: 10.47 ms
[WorldPerf] ChunkManager.streaming_redraw_prepare_step.terrain: 11.96 ms
[WorldPerf] ChunkManager.streaming_redraw_step.terrain: 10.44 ms
[WorldPerf] stream.chunk_first_pass_ms (4, 0)@z0: 660.20 ms
[WorldPerf] stream.chunk_border_fix_ms (2, 1)@z0: 1297.56 ms
[WorldPerf] stream.chunk_full_redraw_ms (2, 1)@z0: 1297.71 ms
[WorldPerf] stream.chunk_border_fix_ms (2, -1)@z0: 1373.53 ms
[WorldPerf] stream.chunk_full_redraw_ms (2, -1)@z0: 1373.68 ms
[WorldPerf] stream.chunk_border_fix_ms (2, 0)@z0: 1283.80 ms
[WorldPerf] stream.chunk_full_redraw_ms (2, 0)@z0: 1283.95 ms
[WorldPerf] stream.chunk_border_fix_ms (2, -2)@z0: 1242.88 ms
[WorldPerf] stream.chunk_full_redraw_ms (2, -2)@z0: 1242.96 ms
[WorldPerf] PlayerChunk coord=(4, 0) z=0 trigger=entered_chunk loaded=true visible=false state=full_pending phase=cliff first_pass=true full_ready=false issues=full_redraw_pending ages(first=-ms full=229ms border=-ms apply=890ms converge=890ms) queues(fast=1 urgent=0 near=9 full_near=2 full_far=0) requests(load=false staged=false generating=false) scheduler(step=0.00ms exhausted=false)
[WorldPerf] ChunkManager.streaming_redraw_prepare_step.terrain: 13.41 ms
[WorldPerf] ChunkManager.streaming_redraw_step.terrain: 12.03 ms
[WorldPerf] ChunkManager.streaming_redraw_prepare_step.terrain: 10.08 ms
[WorldPerf] ChunkManager.streaming_redraw_step.terrain: 9.22 ms
[WorldPerf] stream.chunk_first_pass_ms (5, 0)@z0: 585.27 ms
[WorldPerf] FrameBudgetDispatcher.visual.chunk_manager.streaming_redraw: 35.20 ms
[WorldPerf] FrameBudgetDispatcher.total: 35.43 ms
[WorldPerf] FPS: 57.0
[WorldPerf] stream.chunk_border_fix_ms (2, 2)@z0: 1615.59 ms
[WorldPerf] stream.chunk_full_redraw_ms (2, 2)@z0: 1615.72 ms
[FrameBudget] streaming=1.3ms topology=0.5ms visual=11.6ms spawn=0.0ms total=13.4ms/6.0ms chunk_manager.streaming_load=1.3ms(60) building.room_recompute=0.0ms(58) power.balance_recompute=0.0ms(58) chunk_manager.topology_rebuild=0.5ms(58) underground.fog_update=0.0ms(56) chunk_manager.streaming_redraw=11.6ms(56) mountain_shadow.visual_rebuild=0.0ms(1)
[WorldPerf] PlayerChunk coord=(5, 0) z=0 trigger=entered_chunk loaded=true visible=false state=full_pending phase=cliff first_pass=true full_ready=false issues=full_redraw_pending ages(first=-ms full=273ms border=-ms apply=859ms converge=859ms) queues(fast=0 urgent=0 near=10 full_near=2 full_far=0) requests(load=false staged=false generating=false) scheduler(step=0.00ms exhausted=false)
[WorldPerf] FrameBudgetDispatcher.visual.chunk_manager.streaming_redraw: 45.17 ms
[WorldPerf] FrameBudgetDispatcher.total: 50.90 ms
[WorldPerf] ChunkManager.streaming_redraw_prepare_step.terrain: 13.59 ms
[WorldPerf] ChunkManager.streaming_redraw_step.terrain: 12.13 ms
[WorldPerf] FrameBudgetDispatcher.topology.chunk_manager.topology_rebuild: 23.87 ms
[WorldPerf] ChunkManager.streaming_redraw_prepare_step.terrain: 10.52 ms
[WorldPerf] ChunkManager.streaming_redraw_step.terrain: 9.52 ms
[WorldPerf] stream.chunk_first_pass_ms (6, 0)@z0: 616.08 ms
[CodexValidation] reached waypoint 1/6 at (24576.0, 0.0)
[WorldPerf] PlayerChunk coord=(6, 0) z=0 trigger=entered_chunk loaded=true visible=false state=full_pending phase=cliff first_pass=true full_ready=false issues=full_redraw_pending ages(first=-ms full=252ms border=-ms apply=868ms converge=868ms) queues(fast=1 urgent=0 near=9 full_near=3 full_far=4) requests(load=false staged=false generating=false) scheduler(step=0.00ms exhausted=false)
[WorldPerf] FrameBudgetDispatcher.visual.chunk_manager.streaming_redraw: 55.09 ms
[WorldPerf] FrameBudgetDispatcher.total: 58.20 ms
[WorldPerf] ChunkManager.streaming_redraw_prepare_step.terrain: 12.41 ms
[WorldPerf] ChunkManager.streaming_redraw_step.terrain: 12.04 ms
[WorldPerf] ChunkManager.streaming_redraw_prepare_step.terrain: 12.35 ms
[WorldPerf] ChunkManager.streaming_redraw_step.terrain: 11.80 ms
[WorldPerf] FrameBudgetDispatcher.topology.chunk_manager.topology_rebuild: 38.67 ms
[WorldPerf] stream.chunk_first_pass_ms (7, 0)@z0: 683.91 ms
[FrameBudget] streaming=1.4ms topology=1.1ms visual=10.9ms spawn=0.0ms total=13.4ms/6.0ms chunk_manager.streaming_load=1.4ms(60) building.room_recompute=0.0ms(54) power.balance_recompute=0.0ms(54) chunk_manager.topology_rebuild=1.0ms(54) underground.fog_update=0.0ms(52) chunk_manager.streaming_redraw=10.7ms(52) mountain_shadow.visual_rebuild=0.2ms(7)
[FrameBudget] streaming=0.0ms topology=0.0ms visual=7.0ms spawn=0.0ms total=7.0ms/6.0ms chunk_manager.streaming_load=0.0ms(60) building.room_recompute=0.0ms(60) power.balance_recompute=0.0ms(60) chunk_manager.topology_rebuild=0.0ms(60) underground.fog_update=0.0ms(60) chunk_manager.streaming_redraw=6.9ms(60) mountain_shadow.visual_rebuild=0.1ms(2)
[WorldPerf] === Frame Summary (300 frames) ===
[WorldPerf] Frame time: avg=13.1 ms, p99=88.7 ms, hitches=29
[WorldPerf] Frame budget: dispatcher=9.5ms streaming=0.0ms streaming_load=0.9ms streaming_redraw=0.4ms topology=0.4ms building=0.0ms power=0.0ms visual=0.0ms shadow=8.3ms spawn=0.0ms total=19.4ms/6.0ms
[WorldPerf] Observability: Scheduler.urgent_visual_wait_ms=7.7ms, scheduler.max_urgent_wait_ms=7.7ms
[WorldPerf] PlayerChunk coord=(6, 1) z=0 trigger=entered_chunk loaded=true visible=false state=native_ready phase=terrain first_pass=false full_ready=false issues=first_pass_not_ready,first_pass_pending ages(first=3ms full=-ms border=-ms apply=1879ms converge=1879ms) queues(fast=2 urgent=0 near=10 full_near=1 full_far=9) requests(load=false staged=false generating=false) scheduler(step=0.00ms exhausted=false)
[WorldPerf] Scheduler.fast_visual_wait_ms: 39.82 ms
[WorldPerf] ChunkManager.streaming_redraw_prepare_step.terrain: 17.77 ms
[WorldPerf] ChunkManager.streaming_redraw_prepare_step.terrain: 15.92 ms
[WorldPerf] ChunkManager.streaming_redraw_step.terrain: 13.03 ms
[WorldPerf] ChunkManager.streaming_redraw_step.terrain: 14.84 ms
[WorldPerf] FrameBudgetDispatcher.topology.chunk_manager.topology_rebuild: 34.34 ms
[WorldPerf] FrameBudgetDispatcher.total: 35.28 ms
[WorldPerf] PlayerChunk coord=(6, 1) z=0 trigger=scheduler loaded=true visible=false state=native_ready phase=cover first_pass=false full_ready=false issues=first_pass_not_ready,first_pass_pending ages(first=223ms full=-ms border=-ms apply=2099ms converge=2099ms) queues(fast=2 urgent=0 near=20 full_near=4 full_far=9) requests(load=false staged=false generating=false) scheduler(step=7.88ms exhausted=true)
[WorldPerf] stream.chunk_first_pass_ms (6, 1)@z0: 2152.13 ms
[WorldPerf] PlayerChunk coord=(6, 1) z=0 trigger=scheduler loaded=true visible=false state=full_pending phase=cliff first_pass=true full_ready=false issues=full_redraw_pending ages(first=-ms full=11ms border=-ms apply=2164ms converge=2164ms) queues(fast=0 urgent=0 near=20 full_near=5 full_far=9) requests(load=false staged=false generating=false) scheduler(step=11.53ms exhausted=true)
[WorldPerf] stream.chunk_first_pass_ms (6, 2)@z0: 2094.10 ms
[WorldPerf] PlayerChunk coord=(6, 2) z=0 trigger=entered_chunk loaded=true visible=false state=full_pending phase=cliff first_pass=true full_ready=false issues=full_redraw_pending ages(first=-ms full=198ms border=-ms apply=2293ms converge=2293ms) queues(fast=1 urgent=0 near=12 full_near=6 full_far=14) requests(load=false staged=false generating=false) scheduler(step=0.00ms exhausted=false)
[WorldPerf] ChunkManager.streaming_redraw_prepare_step.terrain: 15.42 ms
[WorldPerf] ChunkManager.streaming_redraw_step.terrain: 12.92 ms
[WorldPerf] ChunkManager.streaming_redraw_prepare_step.terrain: 14.34 ms
[WorldPerf] ChunkManager.streaming_redraw_step.terrain: 11.66 ms
[WorldPerf] FrameBudgetDispatcher.topology.chunk_manager.topology_rebuild: 34.91 ms
[WorldPerf] stream.chunk_first_pass_ms (6, 3)@z0: 629.91 ms
[FrameBudget] streaming=1.3ms topology=1.2ms visual=8.8ms spawn=0.0ms total=11.2ms/6.0ms chunk_manager.streaming_load=1.3ms(60) building.room_recompute=0.0ms(57) power.balance_recompute=0.0ms(57) chunk_manager.topology_rebuild=1.2ms(57) underground.fog_update=0.0ms(54) chunk_manager.streaming_redraw=8.8ms(54)
[WorldPerf] PlayerChunk coord=(6, 3) z=0 trigger=entered_chunk loaded=true visible=false state=full_pending phase=cliff first_pass=true full_ready=false issues=full_redraw_pending ages(first=-ms full=277ms border=-ms apply=907ms converge=907ms) queues(fast=1 urgent=0 near=16 full_near=0 full_far=16) requests(load=false staged=false generating=false) scheduler(step=0.00ms exhausted=false)
[WorldPerf] Scheduler.fast_visual_wait_ms: 9.07 ms
[WorldPerf] ChunkManager.streaming_redraw_prepare_step.terrain: 14.96 ms
[WorldPerf] ChunkManager.streaming_redraw_step.terrain: 12.62 ms
[WorldPerf] ChunkManager.streaming_redraw_prepare_step.terrain: 11.79 ms
[WorldPerf] ChunkManager.streaming_redraw_step.terrain: 10.98 ms
[WorldPerf] FrameBudgetDispatcher.topology.chunk_manager.topology_rebuild: 34.46 ms
[WorldPerf] FrameBudgetDispatcher.total: 35.25 ms
[WorldPerf] stream.chunk_first_pass_ms (6, 4)@z0: 682.75 ms
[WorldPerf] PlayerChunk coord=(6, 4) z=0 trigger=entered_chunk loaded=true visible=false state=full_pending phase=cliff first_pass=true full_ready=false issues=full_redraw_pending ages(first=-ms full=272ms border=-ms apply=955ms converge=955ms) queues(fast=1 urgent=0 near=15 full_near=0 full_far=23) requests(load=false staged=false generating=false) scheduler(step=0.00ms exhausted=false)
[WorldPerf] Scheduler.fast_visual_wait_ms: 8.78 ms
[WorldPerf] ChunkManager.streaming_redraw_prepare_step.terrain: 16.56 ms
[WorldPerf] ChunkManager.streaming_redraw_step.terrain: 17.03 ms
[FrameBudget] streaming=1.3ms topology=0.6ms visual=8.0ms spawn=0.0ms total=9.8ms/6.0ms chunk_manager.streaming_load=1.3ms(60) building.room_recompute=0.0ms(56) power.balance_recompute=0.0ms(56) chunk_manager.topology_rebuild=0.6ms(56) underground.fog_update=0.0ms(55) chunk_manager.streaming_redraw=8.0ms(55)
[WorldPerf] ChunkManager.streaming_redraw_prepare_step.terrain: 12.40 ms
[WorldPerf] ChunkManager.streaming_redraw_step.terrain: 12.33 ms
[WorldPerf] FrameBudgetDispatcher.topology.chunk_manager.topology_rebuild: 35.47 ms
[WorldPerf] stream.chunk_first_pass_ms (6, 5)@z0: 661.94 ms
[CodexValidation] reached waypoint 2/6 at (24576.0, 20480.0)
[WorldPerf] PlayerChunk coord=(6, 5) z=0 trigger=entered_chunk loaded=true visible=false state=full_pending phase=cliff first_pass=true full_ready=false issues=full_redraw_pending ages(first=-ms full=240ms border=-ms apply=902ms converge=902ms) queues(fast=1 urgent=0 near=10 full_near=3 full_far=30) requests(load=false staged=false generating=false) scheduler(step=0.00ms exhausted=false)
[WorldPerf] Scheduler.fast_visual_wait_ms: 8.21 ms
[WorldPerf] ChunkManager.streaming_redraw_prepare_step.terrain: 17.49 ms
[WorldPerf] ChunkManager.streaming_redraw_step.terrain: 14.40 ms
[WorldPerf] ChunkManager.streaming_redraw_prepare_step.terrain: 9.92 ms
[WorldPerf] ChunkManager.streaming_redraw_step.terrain: 9.67 ms
[WorldPerf] stream.chunk_first_pass_ms (6, 6)@z0: 616.27 ms
[WorldPerf] FrameBudgetDispatcher.topology.chunk_manager.topology_rebuild: 32.67 ms
[WorldPerf] FrameBudgetDispatcher.total: 33.39 ms
[FrameBudget] streaming=0.9ms topology=1.2ms visual=8.1ms spawn=0.0ms total=10.1ms/6.0ms chunk_manager.streaming_load=0.9ms(60) building.room_recompute=0.0ms(58) power.balance_recompute=0.0ms(58) chunk_manager.topology_rebuild=1.1ms(58) underground.fog_update=0.0ms(56) chunk_manager.streaming_redraw=8.0ms(56) mountain_shadow.visual_rebuild=0.1ms(1)
[WorldPerf] PlayerChunk coord=(5, 5) z=0 trigger=entered_chunk loaded=true visible=false state=native_ready phase=terrain first_pass=false full_ready=false issues=first_pass_not_ready,first_pass_pending ages(first=3ms full=-ms border=-ms apply=1355ms converge=1355ms) queues(fast=2 urgent=0 near=13 full_near=4 full_far=29) requests(load=false staged=false generating=false) scheduler(step=0.00ms exhausted=false)
[WorldPerf] FrameBudgetDispatcher.visual.chunk_manager.streaming_redraw: 48.76 ms
[WorldPerf] FrameBudgetDispatcher.total: 51.84 ms
[WorldPerf] ChunkManager.streaming_redraw_prepare_step.terrain: 13.90 ms
[WorldPerf] ChunkManager.streaming_redraw_step.terrain: 12.49 ms
[WorldPerf] ChunkManager.streaming_redraw_prepare_step.terrain: 18.06 ms
[WorldPerf] ChunkManager.streaming_redraw_step.terrain: 12.27 ms
[WorldPerf] ChunkManager.streaming_redraw_prepare_step.terrain: 9.93 ms
[WorldPerf] ChunkManager.streaming_redraw_step.terrain: 9.61 ms
[WorldPerf] PlayerChunk coord=(5, 5) z=0 trigger=scheduler loaded=true visible=false state=native_ready phase=cover first_pass=false full_ready=false issues=first_pass_not_ready,first_pass_pending ages(first=215ms full=-ms border=-ms apply=1567ms converge=1567ms) queues(fast=1 urgent=0 near=19 full_near=4 full_far=29) requests(load=false staged=false generating=false) scheduler(step=12.46ms exhausted=true)
[WorldPerf] ChunkManager.streaming_redraw_prepare_step.terrain: 10.80 ms
[WorldPerf] FrameBudgetDispatcher.topology.chunk_manager.topology_rebuild: 36.74 ms
[WorldPerf] ChunkManager.streaming_redraw_step.terrain: 9.20 ms
[WorldPerf] stream.chunk_first_pass_ms (5, 5)@z0: 1676.68 ms
[WorldPerf] PlayerChunk coord=(5, 5) z=0 trigger=scheduler loaded=true visible=false state=full_pending phase=cliff first_pass=true full_ready=false issues=full_redraw_pending ages(first=-ms full=12ms border=-ms apply=1689ms converge=1689ms) queues(fast=0 urgent=0 near=20 full_near=5 full_far=29) requests(load=false staged=false generating=false) scheduler(step=12.30ms exhausted=true)
[WorldPerf] stream.chunk_first_pass_ms (4, 5)@z0: 1599.45 ms
[WorldPerf] PlayerChunk coord=(4, 5) z=0 trigger=entered_chunk loaded=true visible=false state=full_pending phase=cliff first_pass=true full_ready=false issues=full_redraw_pending ages(first=-ms full=156ms border=-ms apply=1756ms converge=1756ms) queues(fast=1 urgent=0 near=8 full_near=6 full_far=33) requests(load=false staged=false generating=false) scheduler(step=0.00ms exhausted=false)
[WorldPerf] Scheduler.fast_visual_wait_ms: 8.17 ms
[WorldPerf] FrameBudgetDispatcher.visual.chunk_manager.streaming_redraw: 57.79 ms
[WorldPerf] FrameBudgetDispatcher.total: 60.91 ms
[WorldPerf] ChunkManager.streaming_redraw_prepare_step.terrain: 14.40 ms
[WorldPerf] ChunkManager.streaming_redraw_step.terrain: 13.21 ms
[WorldPerf] ChunkManager.streaming_redraw_prepare_step.terrain: 14.44 ms
[WorldPerf] ChunkManager.streaming_redraw_step.terrain: 11.61 ms
[WorldPerf] stream.chunk_first_pass_ms (3, 5)@z0: 584.31 ms
[WorldPerf] FrameBudgetDispatcher.topology.chunk_manager.topology_rebuild: 36.58 ms
[WorldPerf] FPS: 70.0
[FrameBudget] streaming=1.4ms topology=1.2ms visual=10.1ms spawn=0.0ms total=12.8ms/6.0ms chunk_manager.streaming_load=1.4ms(60) building.room_recompute=0.0ms(57) power.balance_recompute=0.0ms(57) chunk_manager.topology_rebuild=1.2ms(57) underground.fog_update=0.0ms(55) chunk_manager.streaming_redraw=10.1ms(55)
[WorldPerf] PlayerChunk coord=(3, 5) z=0 trigger=entered_chunk loaded=true visible=false state=full_pending phase=cliff first_pass=true full_ready=false issues=full_redraw_pending ages(first=-ms full=299ms border=-ms apply=883ms converge=883ms) queues(fast=1 urgent=0 near=6 full_near=3 full_far=39) requests(load=false staged=false generating=false) scheduler(step=0.00ms exhausted=false)
[WorldPerf] Scheduler.fast_visual_wait_ms: 8.88 ms
[WorldPerf] ChunkManager.streaming_redraw_prepare_step.terrain: 17.40 ms
[WorldPerf] ChunkManager.streaming_redraw_step.terrain: 14.06 ms
[WorldPerf] ChunkManager.streaming_redraw_prepare_step.terrain: 11.77 ms
[WorldPerf] ChunkManager.streaming_redraw_step.terrain: 10.53 ms
[WorldPerf] stream.chunk_first_pass_ms (2, 5)@z0: 621.06 ms
[WorldPerf] FrameBudgetDispatcher.topology.chunk_manager.topology_rebuild: 27.95 ms
[WorldPerf] PlayerChunk coord=(2, 5) z=0 trigger=entered_chunk loaded=true visible=false state=full_pending phase=cliff first_pass=true full_ready=false issues=full_redraw_pending ages(first=-ms full=276ms border=-ms apply=897ms converge=897ms) queues(fast=1 urgent=0 near=15 full_near=2 full_far=45) requests(load=false staged=false generating=false) scheduler(step=0.00ms exhausted=false)
[WorldPerf] Scheduler.fast_visual_wait_ms: 8.85 ms
[WorldPerf] FrameBudgetDispatcher.visual.chunk_manager.streaming_redraw: 52.09 ms
[WorldPerf] FrameBudgetDispatcher.total: 55.29 ms
[WorldPerf] ChunkManager.streaming_redraw_prepare_step.terrain: 17.32 ms
[WorldPerf] ChunkManager.streaming_redraw_step.terrain: 11.86 ms
[WorldPerf] ChunkManager.streaming_redraw_prepare_step.terrain: 11.77 ms
[WorldPerf] ChunkManager.streaming_redraw_step.terrain: 11.33 ms
[WorldPerf] stream.chunk_first_pass_ms (1, 5)@z0: 612.72 ms
[WorldPerf] FrameBudgetDispatcher.topology.chunk_manager.topology_rebuild: 21.12 ms
[FrameBudget] streaming=1.5ms topology=0.8ms visual=11.6ms spawn=0.0ms total=13.9ms/6.0ms chunk_manager.streaming_load=1.5ms(60) building.room_recompute=0.0ms(57) power.balance_recompute=0.0ms(57) chunk_manager.topology_rebuild=0.8ms(57) underground.fog_update=0.0ms(55) chunk_manager.streaming_redraw=11.6ms(55)
[WorldPerf] === Frame Summary (300 frames) ===
[WorldPerf] Frame time: avg=14.7 ms, p99=68.2 ms, hitches=40
[WorldPerf] Frame budget: dispatcher=11.7ms streaming=0.0ms streaming_load=1.3ms streaming_redraw=0.9ms topology=1.0ms building=0.0ms power=0.0ms visual=0.0ms shadow=9.3ms spawn=0.0ms total=24.2ms/6.0ms
[WorldPerf] Observability: Scheduler.urgent_visual_wait_ms=8.8ms, scheduler.max_urgent_wait_ms=8.8ms
[WorldPerf] PlayerChunk coord=(1, 5) z=0 trigger=entered_chunk loaded=true visible=false state=full_pending phase=cliff first_pass=true full_ready=false issues=full_redraw_pending ages(first=-ms full=262ms border=-ms apply=875ms converge=875ms) queues(fast=1 urgent=0 near=15 full_near=0 full_far=48) requests(load=false staged=false generating=false) scheduler(step=0.00ms exhausted=false)
[WorldPerf] Scheduler.fast_visual_wait_ms: 9.84 ms
[WorldPerf] ChunkManager.streaming_redraw_prepare_step.terrain: 12.27 ms
[WorldPerf] ChunkManager.streaming_redraw_step.terrain: 10.73 ms
[WorldPerf] ChunkManager.streaming_redraw_prepare_step.terrain: 10.41 ms
[WorldPerf] ChunkManager.streaming_redraw_step.terrain: 11.47 ms
[WorldPerf] FrameBudgetDispatcher.topology.chunk_manager.topology_rebuild: 27.51 ms
[WorldPerf] stream.chunk_first_pass_ms (0, 5)@z0: 613.21 ms
[WorldPerf] PlayerChunk coord=(0, 5) z=0 trigger=entered_chunk loaded=true visible=false state=full_pending phase=cliff first_pass=true full_ready=false issues=full_redraw_pending ages(first=-ms full=233ms border=-ms apply=846ms converge=846ms) queues(fast=0 urgent=0 near=15 full_near=3 full_far=49) requests(load=false staged=false generating=false) scheduler(step=0.00ms exhausted=false)
[WorldPerf] FrameBudgetDispatcher.visual.chunk_manager.streaming_redraw: 38.03 ms
[WorldPerf] FrameBudgetDispatcher.total: 38.29 ms
[WorldPerf] stream.chunk_border_fix_ms (2, 2)@z0: 2133.19 ms
[WorldPerf] stream.chunk_full_redraw_ms (2, 2)@z0: 2133.33 ms
[FrameBudget] streaming=1.4ms topology=0.7ms visual=9.7ms spawn=0.0ms total=11.8ms/6.0ms chunk_manager.streaming_load=1.4ms(60) building.room_recompute=0.0ms(55) power.balance_recompute=0.0ms(55) chunk_manager.topology_rebuild=0.7ms(55) underground.fog_update=0.0ms(53) chunk_manager.streaming_redraw=9.7ms(53) mountain_shadow.visual_rebuild=0.0ms(1)
[WorldPerf] PlayerChunk coord=(63, 5) z=0 trigger=entered_chunk loaded=true visible=false state=native_ready phase=terrain first_pass=false full_ready=false issues=first_pass_not_ready,first_pass_pending ages(first=4ms full=-ms border=-ms apply=880ms converge=880ms) queues(fast=1 urgent=0 near=13 full_near=2 full_far=50) requests(load=false staged=false generating=false) scheduler(step=0.00ms exhausted=false)
[WorldPerf] Scheduler.fast_visual_wait_ms: 8.76 ms
[WorldPerf] ChunkManager.streaming_redraw_prepare_step.terrain: 16.68 ms
[WorldPerf] ChunkManager.streaming_redraw_step.terrain: 12.14 ms
[WorldPerf] PlayerChunk coord=(63, 5) z=0 trigger=scheduler loaded=true visible=false state=native_ready phase=cover first_pass=false full_ready=false issues=first_pass_not_ready,first_pass_pending ages(first=154ms full=-ms border=-ms apply=1030ms converge=1030ms) queues(fast=1 urgent=0 near=24 full_near=2 full_far=50) requests(load=false staged=false generating=false) scheduler(step=9.72ms exhausted=true)
[WorldPerf] stream.chunk_first_pass_ms (63, 5)@z0: 1093.55 ms
[WorldPerf] PlayerChunk coord=(63, 5) z=0 trigger=scheduler loaded=true visible=false state=full_pending phase=cliff first_pass=true full_ready=false issues=full_redraw_pending ages(first=-ms full=6ms border=-ms apply=1100ms converge=1100ms) queues(fast=0 urgent=0 near=21 full_near=0 full_far=50) requests(load=false staged=false generating=false) scheduler(step=6.26ms exhausted=true)
[WorldPerf] PlayerChunk coord=(62, 5) z=0 trigger=entered_chunk loaded=true visible=false state=native_ready phase=terrain first_pass=false full_ready=false issues=first_pass_not_ready,first_pass_pending ages(first=4ms full=-ms border=-ms apply=925ms converge=925ms) queues(fast=1 urgent=0 near=14 full_near=0 full_far=55) requests(load=false staged=false generating=false) scheduler(step=0.00ms exhausted=false)
[WorldPerf] Scheduler.fast_visual_wait_ms: 8.55 ms
[WorldPerf] ChunkManager.streaming_redraw_prepare_step.terrain: 12.67 ms
[WorldPerf] ChunkManager.streaming_redraw_step.terrain: 12.45 ms
[WorldPerf] ChunkManager.streaming_redraw_prepare_step.terrain: 14.13 ms
[WorldPerf] ChunkManager.streaming_redraw_step.terrain: 8.79 ms
[WorldPerf] ChunkManager.streaming_redraw_prepare_step.terrain: 10.02 ms
[WorldPerf] ChunkManager.streaming_redraw_step.terrain: 10.87 ms
[WorldPerf] PlayerChunk coord=(62, 5) z=0 trigger=scheduler loaded=true visible=false state=native_ready phase=cover first_pass=false full_ready=false issues=first_pass_not_ready,first_pass_pending ages(first=200ms full=-ms border=-ms apply=1122ms converge=1122ms) queues(fast=1 urgent=0 near=20 full_near=2 full_far=56) requests(load=false staged=false generating=false) scheduler(step=14.30ms exhausted=true)
[WorldPerf] ChunkManager.streaming_redraw_prepare_step.terrain: 9.79 ms
[WorldPerf] ChunkManager.streaming_redraw_step.terrain: 9.65 ms
[WorldPerf] FrameBudgetDispatcher.visual.chunk_manager.streaming_redraw: 24.64 ms
[FrameBudget] streaming=1.5ms topology=0.5ms visual=9.4ms spawn=0.0ms total=11.3ms/6.0ms chunk_manager.streaming_load=1.5ms(60) building.room_recompute=0.0ms(55) power.balance_recompute=0.0ms(55) chunk_manager.topology_rebuild=0.5ms(55) underground.fog_update=0.0ms(53) chunk_manager.streaming_redraw=9.4ms(53) mountain_shadow.visual_rebuild=0.0ms(1)
[WorldPerf] stream.chunk_first_pass_ms (62, 5)@z0: 1197.89 ms
[WorldPerf] PlayerChunk coord=(62, 5) z=0 trigger=scheduler loaded=true visible=false state=full_pending phase=cliff first_pass=true full_ready=false issues=full_redraw_pending ages(first=-ms full=11ms border=-ms apply=1209ms converge=1209ms) queues(fast=0 urgent=0 near=21 full_near=3 full_far=56) requests(load=false staged=false generating=false) scheduler(step=11.59ms exhausted=true)
[WorldPerf] stream.chunk_first_pass_ms (61, 5)@z0: 716.74 ms
[WorldPerf] FrameBudgetDispatcher.visual.chunk_manager.streaming_redraw: 35.78 ms
[WorldPerf] FrameBudgetDispatcher.total: 36.01 ms
[WorldPerf] PlayerChunk coord=(61, 5) z=0 trigger=entered_chunk loaded=true visible=false state=full_pending phase=cliff first_pass=true full_ready=false issues=full_redraw_pending ages(first=-ms full=215ms border=-ms apply=932ms converge=932ms) queues(fast=0 urgent=0 near=10 full_near=3 full_far=60) requests(load=false staged=false generating=false) scheduler(step=0.00ms exhausted=false)
[WorldPerf] FrameBudgetDispatcher.visual.chunk_manager.streaming_redraw: 55.75 ms
[WorldPerf] FrameBudgetDispatcher.total: 58.97 ms
[WorldPerf] ChunkManager.streaming_redraw_prepare_step.terrain: 16.23 ms
[WorldPerf] ChunkManager.streaming_redraw_step.terrain: 12.24 ms
[WorldPerf] ChunkManager.streaming_redraw_prepare_step.terrain: 18.31 ms
[WorldPerf] ChunkManager.streaming_redraw_step.terrain: 11.02 ms
[WorldPerf] stream.chunk_first_pass_ms (60, 5)@z0: 729.71 ms
[WorldPerf] PlayerChunk coord=(60, 5) z=0 trigger=entered_chunk loaded=true visible=false state=full_pending phase=cliff first_pass=true full_ready=false issues=full_redraw_pending ages(first=-ms full=212ms border=-ms apply=942ms converge=942ms) queues(fast=1 urgent=0 near=12 full_near=3 full_far=65) requests(load=false staged=false generating=false) scheduler(step=0.00ms exhausted=false)
[WorldPerf] Scheduler.fast_visual_wait_ms: 9.39 ms
[WorldPerf] ChunkManager.streaming_redraw_prepare_step.terrain: 15.23 ms
[WorldPerf] ChunkManager.streaming_redraw_step.terrain: 12.74 ms
[WorldPerf] ChunkManager.streaming_redraw_prepare_step.terrain: 15.62 ms
[WorldPerf] ChunkManager.streaming_redraw_step.terrain: 12.97 ms
[WorldPerf] stream.chunk_first_pass_ms (59, 5)@z0: 598.95 ms
[FrameBudget] streaming=1.5ms topology=0.6ms visual=11.7ms spawn=0.0ms total=13.7ms/6.0ms chunk_manager.streaming_load=1.5ms(60) building.room_recompute=0.0ms(54) power.balance_recompute=0.0ms(54) chunk_manager.topology_rebuild=0.5ms(54) underground.fog_update=0.0ms(52) chunk_manager.streaming_redraw=11.6ms(52) mountain_shadow.visual_rebuild=0.1ms(1)
[WorldPerf] PlayerChunk coord=(59, 5) z=0 trigger=entered_chunk loaded=true visible=false state=full_pending phase=cliff first_pass=true full_ready=false issues=full_redraw_pending ages(first=-ms full=257ms border=-ms apply=856ms converge=856ms) queues(fast=1 urgent=0 near=15 full_near=2 full_far=68) requests(load=false staged=false generating=false) scheduler(step=0.00ms exhausted=false)
[WorldPerf] Scheduler.fast_visual_wait_ms: 8.57 ms
[WorldPerf] ChunkManager.streaming_redraw_prepare_step.terrain: 13.72 ms
[WorldPerf] ChunkManager.streaming_redraw_step.terrain: 12.24 ms
[WorldPerf] FrameBudgetDispatcher.visual.chunk_manager.streaming_redraw: 43.11 ms
[WorldPerf] FrameBudgetDispatcher.total: 45.21 ms
[WorldPerf] ChunkManager.streaming_redraw_prepare_step.terrain: 11.55 ms
[WorldPerf] ChunkManager.streaming_redraw_step.terrain: 10.99 ms
[WorldPerf] stream.chunk_first_pass_ms (58, 5)@z0: 638.05 ms
[CodexValidation] reached waypoint 3/6 at (241664.0, 20480.0)
[FrameBudget] streaming=0.7ms topology=0.3ms visual=10.1ms spawn=0.0ms total=11.2ms/6.0ms chunk_manager.streaming_load=0.7ms(60) building.room_recompute=0.0ms(59) power.balance_recompute=0.0ms(59) chunk_manager.topology_rebuild=0.3ms(59) underground.fog_update=0.0ms(58) chunk_manager.streaming_redraw=9.9ms(58) mountain_shadow.visual_rebuild=0.2ms(2)
[WorldPerf] PlayerChunk coord=(59, 4) z=0 trigger=entered_chunk loaded=true visible=false state=native_ready phase=terrain first_pass=false full_ready=false issues=first_pass_not_ready,first_pass_pending ages(first=4ms full=-ms border=-ms apply=1592ms converge=1592ms) queues(fast=2 urgent=0 near=12 full_near=0 full_far=72) requests(load=false staged=false generating=false) scheduler(step=0.00ms exhausted=false)
[WorldPerf] Scheduler.fast_visual_wait_ms: 37.95 ms
[WorldPerf] ChunkManager.streaming_redraw_prepare_step.terrain: 14.75 ms
[WorldPerf] ChunkManager.streaming_redraw_step.terrain: 12.87 ms
[WorldPerf] ChunkManager.streaming_redraw_prepare_step.terrain: 15.24 ms
[WorldPerf] ChunkManager.streaming_redraw_step.terrain: 15.85 ms
[WorldPerf] FPS: 60.0
[WorldPerf] ChunkManager.streaming_redraw_prepare_step.terrain: 11.62 ms
[WorldPerf] ChunkManager.streaming_redraw_step.terrain: 8.78 ms
[WorldPerf] PlayerChunk coord=(59, 4) z=0 trigger=scheduler loaded=true visible=false state=native_ready phase=cover first_pass=false full_ready=false issues=first_pass_not_ready,first_pass_pending ages(first=164ms full=-ms border=-ms apply=1751ms converge=1751ms) queues(fast=1 urgent=0 near=16 full_near=4 full_far=72) requests(load=false staged=false generating=false) scheduler(step=23.30ms exhausted=true)
[WorldPerf] ChunkManager.streaming_redraw_prepare_step.terrain: 9.03 ms
[WorldPerf] ChunkManager.streaming_redraw_step.terrain: 8.52 ms
[WorldPerf] stream.chunk_first_pass_ms (59, 4)@z0: 1827.84 ms
[WorldPerf] PlayerChunk coord=(59, 4) z=0 trigger=scheduler loaded=true visible=false state=full_pending phase=cliff first_pass=true full_ready=false issues=full_redraw_pending ages(first=-ms full=12ms border=-ms apply=1840ms converge=1840ms) queues(fast=0 urgent=0 near=19 full_near=5 full_far=72) requests(load=false staged=false generating=false) scheduler(step=12.39ms exhausted=true)
[WorldPerf] stream.chunk_first_pass_ms (59, 3)@z0: 1843.21 ms
[WorldPerf] FrameBudgetDispatcher.visual.chunk_manager.streaming_redraw: 30.30 ms
[WorldPerf] FrameBudgetDispatcher.total: 30.53 ms
[WorldPerf] PlayerChunk coord=(59, 3) z=0 trigger=entered_chunk loaded=true visible=false state=full_pending phase=cliff first_pass=true full_ready=false issues=full_redraw_pending ages(first=-ms full=212ms border=-ms apply=2056ms converge=2056ms) queues(fast=1 urgent=0 near=13 full_near=1 full_far=78) requests(load=false staged=false generating=false) scheduler(step=0.00ms exhausted=false)
[WorldPerf] Scheduler.fast_visual_wait_ms: 9.22 ms
[WorldPerf] FrameBudgetDispatcher.visual.chunk_manager.streaming_redraw: 51.60 ms
[WorldPerf] FrameBudgetDispatcher.total: 54.77 ms
[WorldPerf] ChunkManager.streaming_redraw_prepare_step.terrain: 14.79 ms
[WorldPerf] ChunkManager.streaming_redraw_step.terrain: 13.24 ms
[WorldPerf] ChunkManager.streaming_redraw_prepare_step.terrain: 11.57 ms
[WorldPerf] ChunkManager.streaming_redraw_step.terrain: 12.91 ms
[WorldPerf] FrameBudgetDispatcher.topology.chunk_manager.topology_rebuild: 20.34 ms
[WorldPerf] stream.chunk_first_pass_ms (59, 2)@z0: 646.64 ms
[FrameBudget] streaming=1.6ms topology=0.6ms visual=13.9ms spawn=0.0ms total=16.1ms/6.0ms chunk_manager.streaming_load=1.6ms(60) building.room_recompute=0.0ms(53) power.balance_recompute=0.0ms(52) chunk_manager.topology_rebuild=0.6ms(52) underground.fog_update=0.0ms(50) chunk_manager.streaming_redraw=13.9ms(50)
[WorldPerf] === Frame Summary (300 frames) ===
[WorldPerf] Frame time: avg=15.8 ms, p99=64.6 ms, hitches=45
[WorldPerf] Frame budget: dispatcher=13.0ms streaming=0.0ms streaming_load=1.4ms streaming_redraw=0.8ms topology=0.5ms building=0.0ms power=0.0ms visual=0.0ms shadow=11.0ms spawn=0.0ms total=26.6ms/6.0ms
[WorldPerf] Observability: Scheduler.urgent_visual_wait_ms=9.2ms, scheduler.max_urgent_wait_ms=9.2ms
[WorldPerf] PlayerChunk coord=(59, 2) z=0 trigger=entered_chunk loaded=true visible=false state=full_pending phase=cliff first_pass=true full_ready=false issues=full_redraw_pending ages(first=-ms full=302ms border=-ms apply=949ms converge=949ms) queues(fast=1 urgent=0 near=15 full_near=3 full_far=83) requests(load=false staged=false generating=false) scheduler(step=0.00ms exhausted=false)
[WorldPerf] Scheduler.fast_visual_wait_ms: 9.72 ms
[WorldPerf] ChunkManager.streaming_redraw_prepare_step.terrain: 14.94 ms
[WorldPerf] ChunkManager.streaming_redraw_step.terrain: 12.43 ms
[WorldPerf] ChunkManager.streaming_redraw_prepare_step.terrain: 12.47 ms
[WorldPerf] ChunkManager.streaming_redraw_step.terrain: 10.45 ms
[WorldPerf] stream.chunk_first_pass_ms (59, 1)@z0: 670.23 ms
[WorldPerf] PlayerChunk coord=(59, 1) z=0 trigger=entered_chunk loaded=true visible=false state=full_pending phase=cliff first_pass=true full_ready=false issues=full_redraw_pending ages(first=-ms full=269ms border=-ms apply=940ms converge=940ms) queues(fast=0 urgent=0 near=13 full_near=3 full_far=85) requests(load=false staged=false generating=false) scheduler(step=0.00ms exhausted=false)
[WorldPerf] FrameBudgetDispatcher.visual.chunk_manager.streaming_redraw: 37.64 ms
[WorldPerf] FrameBudgetDispatcher.total: 40.71 ms
[WorldPerf] ChunkManager.streaming_redraw_prepare_step.terrain: 13.28 ms
[WorldPerf] ChunkManager.streaming_redraw_step.terrain: 9.39 ms
[WorldPerf] ChunkManager.streaming_redraw_prepare_step.terrain: 9.04 ms
[WorldPerf] ChunkManager.streaming_redraw_step.terrain: 8.75 ms
[WorldPerf] stream.chunk_first_pass_ms (59, 0)@z0: 737.83 ms
[WorldPerf] PlayerChunk coord=(59, 0) z=0 trigger=entered_chunk loaded=true visible=false state=full_pending phase=cliff first_pass=true full_ready=false issues=full_redraw_pending ages(first=-ms full=146ms border=-ms apply=884ms converge=884ms) queues(fast=1 urgent=0 near=12 full_near=3 full_far=92) requests(load=false staged=false generating=false) scheduler(step=0.00ms exhausted=false)
[WorldPerf] Scheduler.fast_visual_wait_ms: 9.80 ms
[WorldPerf] FrameBudgetDispatcher.visual.chunk_manager.streaming_redraw: 52.00 ms
[WorldPerf] FrameBudgetDispatcher.total: 55.23 ms
[WorldPerf] ChunkManager.streaming_redraw_prepare_step.terrain: 16.54 ms
[WorldPerf] ChunkManager.streaming_redraw_step.terrain: 13.06 ms
[WorldPerf] ChunkManager.streaming_redraw_prepare_step.terrain: 9.40 ms
[WorldPerf] ChunkManager.streaming_redraw_step.terrain: 9.47 ms
[WorldPerf] stream.chunk_first_pass_ms (59, -1)@z0: 617.34 ms
[WorldPerf] PlayerChunk coord=(59, -1) z=0 trigger=entered_chunk loaded=true visible=false state=full_pending phase=cliff first_pass=true full_ready=false issues=full_redraw_pending ages(first=-ms full=267ms border=-ms apply=884ms converge=884ms) queues(fast=0 urgent=0 near=16 full_near=3 full_far=98) requests(load=false staged=false generating=false) scheduler(step=0.00ms exhausted=false)
[FrameBudget] streaming=2.5ms topology=0.4ms visual=22.1ms spawn=0.0ms total=25.0ms/6.0ms chunk_manager.streaming_load=2.5ms(60) building.room_recompute=0.0ms(57) power.balance_recompute=0.0ms(57) chunk_manager.topology_rebuild=0.4ms(57) underground.fog_update=0.0ms(55) chunk_manager.streaming_redraw=22.1ms(55)
[WorldPerf] ChunkManager.streaming_redraw_prepare_step.terrain: 12.99 ms
[WorldPerf] ChunkManager.streaming_redraw_step.terrain: 12.61 ms
[WorldPerf] ChunkManager.streaming_redraw_prepare_step.terrain: 12.53 ms
[WorldPerf] ChunkManager.streaming_redraw_step.terrain: 13.21 ms
[WorldPerf] stream.chunk_first_pass_ms (59, -2)@z0: 725.17 ms
[WorldPerf] PlayerChunk coord=(59, -2) z=0 trigger=entered_chunk loaded=true visible=false state=full_pending phase=cliff first_pass=true full_ready=false issues=full_redraw_pending ages(first=-ms full=166ms border=-ms apply=891ms converge=891ms) queues(fast=1 urgent=0 near=12 full_near=3 full_far=103) requests(load=false staged=false generating=false) scheduler(step=0.00ms exhausted=false)
[WorldPerf] Scheduler.fast_visual_wait_ms: 14.58 ms
[WorldPerf] FrameBudgetDispatcher.visual.chunk_manager.streaming_redraw: 75.33 ms
[WorldPerf] FrameBudgetDispatcher.total: 78.32 ms
[WorldPerf] ChunkManager.streaming_redraw_prepare_step.terrain: 15.74 ms
[WorldPerf] ChunkManager.streaming_redraw_step.terrain: 15.61 ms
[WorldPerf] ChunkManager.streaming_redraw_prepare_step.terrain: 13.27 ms
[WorldPerf] ChunkManager.streaming_redraw_step.terrain: 12.35 ms
[WorldPerf] stream.chunk_first_pass_ms (59, -3)@z0: 660.09 ms
[WorldPerf] PlayerChunk coord=(59, -3) z=0 trigger=entered_chunk loaded=true visible=false state=full_pending phase=cliff first_pass=true full_ready=false issues=full_redraw_pending ages(first=-ms full=223ms border=-ms apply=883ms converge=883ms) queues(fast=1 urgent=0 near=15 full_near=3 full_far=107) requests(load=false staged=false generating=false) scheduler(step=0.00ms exhausted=false)
[WorldPerf] Scheduler.fast_visual_wait_ms: 9.94 ms
[WorldPerf] ChunkManager.streaming_redraw_prepare_step.terrain: 19.09 ms
[WorldPerf] ChunkManager.streaming_redraw_step.terrain: 13.61 ms
[WorldPerf] ChunkManager.streaming_redraw_prepare_step.terrain: 12.65 ms
[WorldPerf] ChunkManager.streaming_redraw_step.terrain: 14.27 ms
[WorldPerf] stream.chunk_first_pass_ms (59, -4)@z0: 607.96 ms
[WorldPerf] PlayerChunk coord=(59, -4) z=0 trigger=entered_chunk loaded=true visible=false state=full_pending phase=cliff first_pass=true full_ready=false issues=full_redraw_pending ages(first=-ms full=212ms border=-ms apply=820ms converge=820ms) queues(fast=1 urgent=0 near=13 full_near=1 full_far=113) requests(load=false staged=false generating=false) scheduler(step=0.00ms exhausted=false)
[WorldPerf] Scheduler.fast_visual_wait_ms: 9.95 ms
[WorldPerf] ChunkManager.streaming_redraw_prepare_step.terrain: 11.79 ms
[WorldPerf] ChunkManager.streaming_redraw_step.terrain: 10.48 ms
[WorldPerf] ChunkManager.streaming_redraw_prepare_step.terrain: 10.64 ms
[WorldPerf] ChunkManager.streaming_redraw_step.terrain: 9.66 ms
[WorldPerf] stream.chunk_first_pass_ms (59, -5)@z0: 545.18 ms
[WorldPerf] FrameBudgetDispatcher.visual.chunk_manager.streaming_redraw: 31.88 ms
[WorldPerf] FrameBudgetDispatcher.total: 35.10 ms
[FrameBudget] streaming=2.6ms topology=0.2ms visual=23.1ms spawn=0.0ms total=25.8ms/6.0ms chunk_manager.streaming_load=2.6ms(60) building.room_recompute=0.0ms(57) power.balance_recompute=0.0ms(57) chunk_manager.topology_rebuild=0.1ms(57) underground.fog_update=0.0ms(57) chunk_manager.streaming_redraw=23.1ms(57)
[CodexValidation] reached waypoint 4/6 at (241664.0, -16384.0)
[WorldPerf] FrameBudgetDispatcher.visual.chunk_manager.streaming_redraw: 37.90 ms
[FrameBudget] streaming=0.0ms topology=0.0ms visual=9.1ms spawn=0.0ms total=9.2ms/6.0ms chunk_manager.streaming_load=0.0ms(60) building.room_recompute=0.0ms(60) power.balance_recompute=0.0ms(60) chunk_manager.topology_rebuild=0.0ms(60) underground.fog_update=0.0ms(60) chunk_manager.streaming_redraw=9.1ms(60)
[WorldPerf] FPS: 34.0
[WorldPerf] PlayerChunk coord=(60, -4) z=0 trigger=entered_chunk loaded=true visible=false state=native_ready phase=terrain first_pass=false full_ready=false issues=first_pass_not_ready,first_pass_pending ages(first=5ms full=-ms border=-ms apply=2116ms converge=2116ms) queues(fast=2 urgent=0 near=12 full_near=4 full_far=107) requests(load=false staged=false generating=false) scheduler(step=0.00ms exhausted=false)
[WorldPerf] Scheduler.fast_visual_wait_ms: 9.58 ms
[WorldPerf] Scheduler.fast_visual_wait_ms: 9.96 ms
[WorldPerf] FrameBudgetDispatcher.visual.chunk_manager.streaming_redraw: 57.89 ms
[WorldPerf] FrameBudgetDispatcher.total: 61.20 ms
[WorldPerf] ChunkManager.streaming_redraw_prepare_step.terrain: 11.59 ms
[WorldPerf] ChunkManager.streaming_redraw_step.terrain: 12.69 ms
[WorldPerf] ChunkManager.streaming_redraw_prepare_step.terrain: 14.46 ms
[WorldPerf] ChunkManager.streaming_redraw_step.terrain: 11.68 ms
[WorldPerf] ChunkManager.streaming_redraw_prepare_step.terrain: 8.90 ms
[WorldPerf] ChunkManager.streaming_redraw_step.terrain: 9.21 ms
[WorldPerf] ChunkManager.streaming_redraw_prepare_step.terrain: 8.92 ms
[WorldPerf] ChunkManager.streaming_redraw_step.terrain: 9.29 ms
[WorldPerf] PlayerChunk coord=(60, -4) z=0 trigger=scheduler loaded=true visible=false state=native_ready phase=cover first_pass=false full_ready=false issues=first_pass_not_ready,first_pass_pending ages(first=259ms full=-ms border=-ms apply=2371ms converge=2371ms) queues(fast=2 urgent=0 near=20 full_near=4 full_far=107) requests(load=false staged=false generating=false) scheduler(step=12.60ms exhausted=true)
[WorldPerf] stream.chunk_first_pass_ms (61, -4)@z0: 2255.51 ms
[WorldPerf] stream.chunk_first_pass_ms (60, -4)@z0: 2416.95 ms
[WorldPerf] PlayerChunk coord=(60, -4) z=0 trigger=scheduler loaded=true visible=false state=full_pending phase=cliff first_pass=true full_ready=false issues=full_redraw_pending ages(first=-ms full=6ms border=-ms apply=2423ms converge=2423ms) queues(fast=0 urgent=0 near=18 full_near=4 full_far=107) requests(load=false staged=false generating=false) scheduler(step=6.09ms exhausted=true)
[WorldPerf] PlayerChunk coord=(61, -4) z=0 trigger=entered_chunk loaded=true visible=false state=full_pending phase=cliff first_pass=true full_ready=false issues=full_redraw_pending ages(first=-ms full=200ms border=-ms apply=2456ms converge=2456ms) queues(fast=0 urgent=0 near=11 full_near=6 full_far=113) requests(load=false staged=false generating=false) scheduler(step=0.00ms exhausted=false)
[FrameBudget] streaming=0.8ms topology=0.1ms visual=10.8ms spawn=0.0ms total=11.7ms/6.0ms chunk_manager.streaming_load=0.8ms(60) building.room_recompute=0.0ms(58) power.balance_recompute=0.0ms(58) chunk_manager.topology_rebuild=0.0ms(58) underground.fog_update=0.0ms(58) chunk_manager.streaming_redraw=10.8ms(58)
[WorldPerf] ChunkManager.streaming_redraw_prepare_step.terrain: 13.68 ms
[WorldPerf] ChunkManager.streaming_redraw_step.terrain: 14.48 ms
[WorldPerf] ChunkManager.streaming_redraw_prepare_step.terrain: 12.39 ms
[WorldPerf] ChunkManager.streaming_redraw_step.terrain: 12.57 ms
[WorldPerf] stream.chunk_first_pass_ms (62, -4)@z0: 624.31 ms
[WorldPerf] PlayerChunk coord=(62, -4) z=0 trigger=entered_chunk loaded=true visible=false state=full_pending phase=cliff first_pass=true full_ready=false issues=full_redraw_pending ages(first=-ms full=256ms border=-ms apply=880ms converge=880ms) queues(fast=1 urgent=0 near=12 full_near=3 full_far=118) requests(load=false staged=false generating=false) scheduler(step=0.00ms exhausted=false)
[WorldPerf] Scheduler.fast_visual_wait_ms: 10.45 ms
[WorldPerf] ChunkManager.streaming_redraw_prepare_step.terrain: 14.41 ms
[WorldPerf] ChunkManager.streaming_redraw_step.terrain: 12.20 ms
[WorldPerf] FrameBudgetDispatcher.visual.chunk_manager.streaming_redraw: 42.40 ms
[WorldPerf] FrameBudgetDispatcher.total: 44.82 ms
[WorldPerf] ChunkManager.streaming_redraw_prepare_step.terrain: 9.22 ms
[WorldPerf] ChunkManager.streaming_redraw_step.terrain: 9.95 ms
[WorldPerf] stream.chunk_first_pass_ms (63, -4)@z0: 589.90 ms
[FrameBudget] streaming=1.2ms topology=0.1ms visual=10.8ms spawn=0.0ms total=12.1ms/6.0ms chunk_manager.streaming_load=1.2ms(60) building.room_recompute=0.0ms(55) power.balance_recompute=0.0ms(55) chunk_manager.topology_rebuild=0.1ms(55) underground.fog_update=0.0ms(55) chunk_manager.streaming_redraw=10.8ms(55)
[WorldPerf] === Frame Summary (300 frames) ===
[WorldPerf] Frame time: avg=19.7 ms, p99=79.5 ms, hitches=100
[WorldPerf] Frame budget: dispatcher=16.9ms streaming=0.0ms streaming_load=1.4ms streaming_redraw=0.9ms topology=0.1ms building=0.0ms power=0.0ms visual=0.0ms shadow=15.2ms spawn=0.0ms total=34.5ms/6.0ms
[WorldPerf] Observability: Scheduler.urgent_visual_wait_ms=10.4ms, scheduler.max_urgent_wait_ms=10.4ms
[WorldPerf] PlayerChunk coord=(63, -4) z=0 trigger=entered_chunk loaded=true visible=false state=full_pending phase=cliff first_pass=true full_ready=false issues=full_redraw_pending ages(first=-ms full=284ms border=-ms apply=874ms converge=874ms) queues(fast=0 urgent=0 near=12 full_near=3 full_far=122) requests(load=false staged=false generating=false) scheduler(step=0.00ms exhausted=false)
[CodexValidation] reached waypoint 5/6 at (0.0, -16384.0)
[WorldPerf] PlayerChunk coord=(0, -4) z=0 trigger=entered_chunk loaded=true visible=false state=native_ready phase=terrain first_pass=false full_ready=false issues=first_pass_not_ready,first_pass_pending ages(first=6ms full=-ms border=-ms apply=867ms converge=867ms) queues(fast=1 urgent=0 near=13 full_near=2 full_far=128) requests(load=false staged=false generating=false) scheduler(step=0.00ms exhausted=false)
[WorldPerf] Scheduler.fast_visual_wait_ms: 10.29 ms
[WorldPerf] ChunkManager.streaming_redraw_prepare_step.terrain: 11.42 ms
[WorldPerf] ChunkManager.streaming_redraw_step.terrain: 10.88 ms
[WorldPerf] ChunkManager.streaming_redraw_prepare_step.terrain: 8.89 ms
[WorldPerf] PlayerChunk coord=(0, -4) z=0 trigger=scheduler loaded=true visible=false state=native_ready phase=cover first_pass=false full_ready=false issues=first_pass_not_ready,first_pass_pending ages(first=168ms full=-ms border=-ms apply=1029ms converge=1029ms) queues(fast=1 urgent=0 near=22 full_near=2 full_far=128) requests(load=false staged=false generating=false) scheduler(step=8.54ms exhausted=true)
[WorldPerf] stream.chunk_first_pass_ms (0, -4)@z0: 1061.64 ms
[WorldPerf] PlayerChunk coord=(0, -4) z=0 trigger=scheduler loaded=true visible=false state=full_pending phase=cliff first_pass=true full_ready=false issues=full_redraw_pending ages(first=-ms full=36ms border=-ms apply=1097ms converge=1097ms) queues(fast=0 urgent=0 near=19 full_near=3 full_far=128) requests(load=false staged=false generating=false) scheduler(step=35.68ms exhausted=true)
[WorldPerf] FrameBudgetDispatcher.visual.chunk_manager.streaming_redraw: 36.24 ms
[WorldPerf] FrameBudgetDispatcher.total: 36.42 ms
[FrameBudget] streaming=1.3ms topology=0.1ms visual=9.6ms spawn=0.0ms total=11.1ms/6.0ms chunk_manager.streaming_load=1.3ms(60) building.room_recompute=0.0ms(54) power.balance_recompute=0.0ms(54) chunk_manager.topology_rebuild=0.1ms(54) underground.fog_update=0.0ms(54) chunk_manager.streaming_redraw=9.5ms(54) mountain_shadow.visual_rebuild=0.1ms(1)
[FrameBudget] streaming=0.0ms topology=0.0ms visual=6.9ms spawn=0.0ms total=6.9ms/6.0ms chunk_manager.streaming_load=0.0ms(60) building.room_recompute=0.0ms(60) power.balance_recompute=0.0ms(60) chunk_manager.topology_rebuild=0.0ms(60) underground.fog_update=0.0ms(60) chunk_manager.streaming_redraw=6.7ms(60) mountain_shadow.visual_rebuild=0.2ms(2)
[WorldPerf] PlayerChunk coord=(0, -3) z=0 trigger=entered_chunk loaded=true visible=false state=native_ready phase=terrain first_pass=false full_ready=false issues=first_pass_not_ready,first_pass_pending ages(first=5ms full=-ms border=-ms apply=1744ms converge=1744ms) queues(fast=2 urgent=0 near=15 full_near=0 full_far=125) requests(load=false staged=false generating=false) scheduler(step=0.00ms exhausted=false)
[WorldPerf] Scheduler.fast_visual_wait_ms: 11.28 ms
[WorldPerf] Scheduler.fast_visual_wait_ms: 41.90 ms
[WorldPerf] ChunkManager.streaming_redraw_prepare_step.terrain: 15.66 ms
[WorldPerf] ChunkManager.streaming_redraw_prepare_step.terrain: 18.16 ms
[WorldPerf] ChunkManager.streaming_redraw_step.terrain: 12.73 ms
[WorldPerf] ChunkManager.streaming_redraw_step.terrain: 13.28 ms
[WorldPerf] PlayerChunk coord=(0, -3) z=0 trigger=scheduler loaded=true visible=false state=native_ready phase=cover first_pass=false full_ready=false issues=first_pass_not_ready,first_pass_pending ages(first=170ms full=-ms border=-ms apply=1909ms converge=1909ms) queues(fast=1 urgent=0 near=20 full_near=3 full_far=127) requests(load=false staged=false generating=false) scheduler(step=7.97ms exhausted=true)
[WorldPerf] stream.chunk_first_pass_ms (0, -3)@z0: 1962.06 ms
[WorldPerf] PlayerChunk coord=(0, -3) z=0 trigger=scheduler loaded=true visible=false state=full_pending phase=cliff first_pass=true full_ready=false issues=full_redraw_pending ages(first=-ms full=12ms border=-ms apply=1974ms converge=1974ms) queues(fast=0 urgent=0 near=20 full_near=4 full_far=127) requests(load=false staged=false generating=false) scheduler(step=11.73ms exhausted=true)
[WorldPerf] stream.chunk_first_pass_ms (0, -2)@z0: 1953.07 ms
[WorldPerf] PlayerChunk coord=(0, -2) z=0 trigger=entered_chunk loaded=true visible=false state=full_pending phase=cliff first_pass=true full_ready=false issues=full_redraw_pending ages(first=-ms full=258ms border=-ms apply=2211ms converge=2211ms) queues(fast=1 urgent=0 near=13 full_near=0 full_far=131) requests(load=false staged=false generating=false) scheduler(step=0.00ms exhausted=false)
[WorldPerf] Scheduler.fast_visual_wait_ms: 10.76 ms
[WorldPerf] ChunkManager.streaming_redraw_prepare_step.terrain: 12.82 ms
[WorldPerf] ChunkManager.streaming_redraw_step.terrain: 14.96 ms
[WorldPerf] ChunkManager.streaming_redraw_prepare_step.terrain: 14.23 ms
[WorldPerf] ChunkManager.streaming_redraw_step.terrain: 11.43 ms
[WorldPerf] stream.chunk_first_pass_ms (0, -1)@z0: 600.98 ms
[FrameBudget] streaming=0.7ms topology=0.1ms visual=9.3ms spawn=0.0ms total=10.1ms/6.0ms chunk_manager.streaming_load=0.7ms(60) building.room_recompute=0.0ms(60) power.balance_recompute=0.0ms(60) chunk_manager.topology_rebuild=0.1ms(60) underground.fog_update=0.0ms(60) chunk_manager.streaming_redraw=9.3ms(60) mountain_shadow.visual_rebuild=0.0ms(1)
[WorldPerf] PlayerChunk coord=(0, -1) z=0 trigger=entered_chunk loaded=true visible=false state=full_pending phase=cliff first_pass=true full_ready=false issues=full_redraw_pending ages(first=-ms full=317ms border=-ms apply=918ms converge=918ms) queues(fast=0 urgent=0 near=11 full_near=3 full_far=136) requests(load=false staged=false generating=false) scheduler(step=0.00ms exhausted=false)
[WorldPerf] ChunkManager.streaming_redraw_prepare_step.terrain: 16.95 ms
[WorldPerf] ChunkManager.streaming_redraw_step.terrain: 14.41 ms
[WorldPerf] ChunkManager.streaming_redraw_prepare_step.terrain: 10.61 ms
[WorldPerf] ChunkManager.streaming_redraw_step.terrain: 11.04 ms
[WorldPerf] stream.chunk_first_pass_ms (0, 0)@z0: 631.48 ms
[FrameBudget] streaming=0.3ms topology=0.1ms visual=7.8ms spawn=0.0ms total=8.3ms/6.0ms chunk_manager.streaming_load=0.3ms(60) building.room_recompute=0.0ms(60) power.balance_recompute=0.0ms(60) chunk_manager.topology_rebuild=0.1ms(60) underground.fog_update=0.0ms(60) chunk_manager.streaming_redraw=7.8ms(60)
[CodexValidation] reached waypoint 6/6 at (0.0, 0.0)
[WorldPerf] PlayerChunk coord=(0, 0) z=0 trigger=entered_chunk loaded=true visible=false state=full_pending phase=cliff first_pass=true full_ready=false issues=full_redraw_pending ages(first=-ms full=295ms border=-ms apply=927ms converge=927ms) queues(fast=1 urgent=0 near=9 full_near=3 full_far=140) requests(load=false staged=false generating=false) scheduler(step=0.00ms exhausted=false)
[WorldPerf] Scheduler.fast_visual_wait_ms: 11.47 ms
[WorldPerf] ChunkManager.streaming_redraw_prepare_step.terrain: 14.11 ms
[WorldPerf] ChunkManager.streaming_redraw_step.terrain: 12.35 ms
[WorldPerf] ChunkManager.streaming_redraw_prepare_step.terrain: 11.61 ms
[WorldPerf] ChunkManager.streaming_redraw_step.terrain: 11.77 ms
[WorldPerf] stream.chunk_first_pass_ms (0, 1)@z0: 602.47 ms
[WorldPerf] FPS: 84.0
[CodexValidation] route complete: preset=local_ring reached=6/6 draining_background_work=true
[FrameBudget] streaming=0.4ms topology=0.1ms visual=7.9ms spawn=0.0ms total=8.4ms/6.0ms chunk_manager.streaming_load=0.4ms(60) building.room_recompute=0.0ms(60) power.balance_recompute=0.0ms(60) chunk_manager.topology_rebuild=0.1ms(60) underground.fog_update=0.0ms(60) chunk_manager.streaming_redraw=7.9ms(60)
[WorldPerf] === Frame Summary (300 frames) ===
[WorldPerf] Frame time: avg=11.5 ms, p99=34.5 ms, hitches=15
[WorldPerf] Frame budget: dispatcher=9.1ms streaming=0.0ms streaming_load=0.6ms streaming_redraw=0.4ms topology=0.1ms building=0.0ms power=0.0ms visual=0.0ms shadow=8.4ms spawn=0.0ms total=18.5ms/6.0ms
[WorldPerf] Observability: Scheduler.urgent_visual_wait_ms=11.5ms, scheduler.max_urgent_wait_ms=11.5ms
[FrameBudget] streaming=0.0ms topology=0.0ms visual=7.0ms spawn=0.0ms total=7.0ms/6.0ms chunk_manager.streaming_load=0.0ms(60) building.room_recompute=0.0ms(60) power.balance_recompute=0.0ms(60) chunk_manager.topology_rebuild=0.0ms(60) underground.fog_update=0.0ms(60) chunk_manager.streaming_redraw=7.0ms(60)
[FrameBudget] streaming=0.0ms topology=0.0ms visual=7.1ms spawn=0.0ms total=7.1ms/6.0ms chunk_manager.streaming_load=0.0ms(60) building.room_recompute=0.0ms(60) power.balance_recompute=0.0ms(60) chunk_manager.topology_rebuild=0.0ms(60) underground.fog_update=0.0ms(60) chunk_manager.streaming_redraw=7.1ms(60)
[CodexValidation] route drain complete; preset=local_ring reached=6/6 redraw_backlog=false
WARNING: ObjectDB instances leaked at exit (run with --verbose for details).
   at: cleanup (core/object/object.cpp:2641)
ERROR: 22 resources still in use at exit (run with --verbose for details).
   at: clear (core/io/resource.cpp:810)
