Godot Engine v4.6.1.stable.official.14d19694e - https://godotengine.org

[WorldPerf] Startup.start_to_loading_screen_visible_ms: 13.25 ms
[WorldPerf] WorldPrePass.compute.sample_height_grid: 123.87 ms
[FrameBudget] streaming=0.0ms topology=0.0ms visual=0.0ms spawn=0.0ms total=0.0ms/6.0ms building.room_recompute=0.0ms(60) power.balance_recompute=0.0ms(60)
[WorldPerf] WorldPrePass.compute.spine_seeds: 380.19 ms
[WorldPerf] WorldPrePass.compute.ridge_graph: 43.45 ms
[WorldPerf] WorldPrePass.compute.ridge_strength_grid.native_total: 0.83 ms
[WorldPerf] WorldPrePass.compute.mountain_mass_grid: 23.52 ms
[FrameBudget] streaming=0.0ms topology=0.0ms visual=0.0ms spawn=0.0ms total=0.0ms/6.0ms building.room_recompute=0.0ms(60) power.balance_recompute=0.0ms(60)
[WorldPerf] WorldPrePass.compute.lake_aware_fill.extract_lake_records: 540.08 ms
[WorldPerf] WorldPrePass.compute.lake_aware_fill: 545.22 ms
[FrameBudget] streaming=0.0ms topology=0.0ms visual=0.0ms spawn=0.0ms total=0.0ms/6.0ms building.room_recompute=0.0ms(60) power.balance_recompute=0.0ms(60)
[FrameBudget] streaming=0.0ms topology=0.0ms visual=0.0ms spawn=0.0ms total=0.0ms/6.0ms building.room_recompute=0.0ms(60) power.balance_recompute=0.0ms(60)
[WorldPerf] WorldPrePass.compute.flow_directions: 644.97 ms
[FrameBudget] streaming=0.0ms topology=0.0ms visual=0.0ms spawn=0.0ms total=0.0ms/6.0ms building.room_recompute=0.0ms(60) power.balance_recompute=0.0ms(60)
[WorldPerf] === Frame Summary (300 frames) ===
[WorldPerf] Frame time: avg=7.4 ms, p99=6.9 ms, hitches=1
[WorldPerf] Frame budget: dispatcher=0.1ms streaming=0.0ms streaming_load=0.0ms streaming_redraw=0.0ms topology=0.0ms building=0.0ms power=0.0ms visual=0.0ms shadow=0.0ms spawn=0.0ms total=0.1ms/6.0ms
[WorldPerf] Observability: Startup.loading_screen_visible=0.0ms, Startup.start_pressed=0.0ms, Startup.start_to_loading_screen_visible_ms=13.3ms
[FrameBudget] streaming=0.0ms topology=0.0ms visual=0.0ms spawn=0.0ms total=0.0ms/6.0ms building.room_recompute=0.0ms(60) power.balance_recompute=0.0ms(60)
[WorldPerf] WorldPrePass.compute.flow_accumulation: 811.29 ms
[WorldPerf] WorldPrePass.compute.floodplain_strength: 11.46 ms
[FrameBudget] streaming=0.0ms topology=0.0ms visual=0.0ms spawn=0.0ms total=0.0ms/6.0ms building.room_recompute=0.0ms(60) power.balance_recompute=0.0ms(60)
[WorldPerf] WorldPrePass.compute.erosion_proxy: 310.50 ms
[FrameBudget] streaming=0.0ms topology=0.0ms visual=0.0ms spawn=0.0ms total=0.0ms/6.0ms building.room_recompute=0.0ms(60) power.balance_recompute=0.0ms(60)
[WorldPerf] WorldPrePass.compute.slope_grid: 399.76 ms
[FrameBudget] streaming=0.0ms topology=0.0ms visual=0.0ms spawn=0.0ms total=0.0ms/6.0ms building.room_recompute=0.0ms(60) power.balance_recompute=0.0ms(60)
[FrameBudget] streaming=0.0ms topology=0.0ms visual=0.0ms spawn=0.0ms total=0.0ms/6.0ms building.room_recompute=0.0ms(60) power.balance_recompute=0.0ms(60)
[WorldPerf] === Frame Summary (300 frames) ===
[WorldPerf] Frame time: avg=6.9 ms, p99=6.9 ms, hitches=0
[WorldPerf] Frame budget: dispatcher=0.1ms streaming=0.0ms streaming_load=0.0ms streaming_redraw=0.0ms topology=0.0ms building=0.0ms power=0.0ms visual=0.0ms shadow=0.0ms spawn=0.0ms total=0.1ms/6.0ms
[WorldPerf] WorldPrePass.compute.rain_shadow: 1021.69 ms
[WorldPerf] WorldPrePass.compute.continentalness.seed_water_sources: 27.55 ms
[WorldPerf] WorldPrePass.compute.continentalness: 38.02 ms
[WorldPerf] WorldGenerator._setup_world_pre_pass.configure: 57.57 ms
[WorldPerf] WorldGenerator._setup_world_pre_pass.compute: 4372.77 ms
[WorldPerf] WorldGenerator.initialize_world.setup_world_pre_pass: 4430.34 ms
[WorldGenerator] Native ChunkGenerator initialized (6 biomes, 5 flora sets, 1 decor sets)
[WorldPerf] WorldGenerator.complete_pending_initialize_world.pending_age_ms: 4430.77 ms
[WorldPerf] _init_world_generator: 4432.90 ms
[CodexValidation] runtime validation driver enabled; route_preset=seam_cross
[WorldPerf] GameWorld._setup_after_loading_screen: 4486.59 ms
[ChunkTilesetFactory] rock_atlas=240, wall_base=47, variants=5
[ChunkTilesetFactory] ground_faces: start=259 count=47
[ChunkTilesetFactory] rock_atlas=240, wall_base=47, variants=5
[ChunkTilesetFactory] ground_faces: start=259 count=47
[ChunkTilesetFactory] rock_atlas=240, wall_base=47, variants=5
[ChunkTilesetFactory] ground_faces: start=259 count=47
[ChunkTilesetFactory] rock_atlas=240, wall_base=47, variants=5
[ChunkTilesetFactory] ground_faces: start=259 count=47
[ChunkTilesetFactory] rock_atlas=240, wall_base=47, variants=5
[ChunkTilesetFactory] ground_faces: start=259 count=47
[ChunkTilesetFactory] rock_atlas=240, wall_base=47, variants=5
[ChunkTilesetFactory] ground_faces: start=259 count=47
[ChunkTilesetFactory] rock_atlas=240, wall_base=47, variants=5
[ChunkTilesetFactory] ground_faces: start=259 count=47
[WorldPerf] PlayerChunk coord=(0, 0) z=0 trigger=entered_chunk loaded=false visible=false state=not_loaded phase=none first_pass=false full_ready=false issues=not_loaded,load_queued,first_pass_not_ready ages(first=-ms full=-ms border=-ms apply=-ms converge=-ms) queues(fast=0 urgent=0 near=0 full_near=0 full_far=0) requests(load=true staged=false generating=false) scheduler(step=0.00ms exhausted=false)
[WorldPerf] PlayerChunk coord=(0, 0) z=0 trigger=scheduler loaded=false visible=false state=not_loaded phase=none first_pass=false full_ready=false issues=not_loaded,generating,first_pass_not_ready ages(first=-ms full=-ms border=-ms apply=-ms converge=-ms) queues(fast=0 urgent=0 near=0 full_near=0 full_far=0) requests(load=false staged=false generating=true) scheduler(step=0.00ms exhausted=false)
[FrameBudget] streaming=0.1ms topology=0.0ms visual=0.0ms spawn=0.0ms total=0.1ms/6.0ms building.room_recompute=0.0ms(60) power.balance_recompute=0.0ms(60) chunk_manager.streaming_load=0.1ms(16) chunk_manager.topology_rebuild=0.0ms(16) underground.fog_update=0.0ms(16) chunk_manager.streaming_redraw=0.0ms(16) mountain_shadow.visual_rebuild=0.0ms(16)
[WorldPerf] Boot.loop_step_ms: 151.94 ms
[WorldPerf] ChunkManager.streaming_redraw_prepare_step.terrain: 20.42 ms
[WorldPerf] ChunkManager.streaming_redraw_step.terrain: 14.06 ms
[WorldPerf] ChunkManager.streaming_redraw_prepare_step.terrain: 14.73 ms
[WorldPerf] ChunkManager.streaming_redraw_step.terrain: 15.26 ms
[WorldPerf] Shadow.edge_cache_compute (0, 0): 304.14 ms
[WorldPerf] stream.chunk_first_pass_ms (0, 0)@z0: 502.57 ms
[WorldPerf] Shadow.edge_cache_compute (0, -1): 71.46 ms
[WorldPerf] Shadow.edge_cache_compute (1, -1): 153.12 ms
[WorldPerf] Shadow.edge_cache_compute (63, -1): 146.11 ms
[FrameBudget] streaming=0.0ms topology=0.0ms visual=0.7ms spawn=0.0ms total=0.8ms/6.0ms chunk_manager.streaming_load=0.0ms(60) building.room_recompute=0.0ms(60) power.balance_recompute=0.0ms(60) chunk_manager.topology_rebuild=0.0ms(60) underground.fog_update=0.0ms(60) chunk_manager.streaming_redraw=0.0ms(60) mountain_shadow.visual_rebuild=0.7ms(60)
[WorldPerf] Shadow.edge_cache_compute (1, 1): 142.46 ms
[FrameBudget] streaming=0.0ms topology=0.0ms visual=0.1ms spawn=0.0ms total=0.2ms/6.0ms chunk_manager.streaming_load=0.0ms(60) building.room_recompute=0.0ms(60) power.balance_recompute=0.0ms(60) chunk_manager.topology_rebuild=0.0ms(60) underground.fog_update=0.0ms(60) chunk_manager.streaming_redraw=0.0ms(60) mountain_shadow.visual_rebuild=0.1ms(60)
[FrameBudget] streaming=0.0ms topology=0.0ms visual=0.0ms spawn=0.0ms total=0.0ms/6.0ms chunk_manager.streaming_load=0.0ms(60) building.room_recompute=0.0ms(60) power.balance_recompute=0.0ms(60) chunk_manager.topology_rebuild=0.0ms(60) underground.fog_update=0.0ms(60) chunk_manager.streaming_redraw=0.0ms(60) mountain_shadow.visual_rebuild=0.0ms(60)
[FrameBudget] streaming=0.0ms topology=0.0ms visual=0.0ms spawn=0.0ms total=0.0ms/6.0ms chunk_manager.streaming_load=0.0ms(60) building.room_recompute=0.0ms(60) power.balance_recompute=0.0ms(60) chunk_manager.topology_rebuild=0.0ms(60) underground.fog_update=0.0ms(60) chunk_manager.streaming_redraw=0.0ms(60) mountain_shadow.visual_rebuild=0.0ms(60)
[WorldPerf] === Frame Summary (300 frames) ===
[WorldPerf] Frame time: avg=9.7 ms, p99=110.3 ms, hitches=13
[WorldPerf] Frame budget: dispatcher=0.3ms streaming=0.0ms streaming_load=0.0ms streaming_redraw=0.1ms topology=0.0ms building=0.0ms power=0.0ms visual=0.0ms shadow=3.1ms spawn=0.0ms total=6.1ms/6.0ms
[WorldPerf] Boot detail: compute=0.0ms apply=0.1ms redraw=0.0ms topology=0.0ms shadow=0.0ms milestones=0 other=2.5ms | peaks: compute=0.0ms apply=3.5ms redraw=0.0ms topology=0.0ms shadow=0.0ms milestones=0.0ms stream_load=3.0ms stream_redraw=15.3ms
[FrameBudget] streaming=0.0ms topology=0.0ms visual=0.0ms spawn=0.0ms total=0.0ms/6.0ms chunk_manager.streaming_load=0.0ms(60) building.room_recompute=0.0ms(60) power.balance_recompute=0.0ms(60) chunk_manager.topology_rebuild=0.0ms(60) underground.fog_update=0.0ms(60) chunk_manager.streaming_redraw=0.0ms(60) mountain_shadow.visual_rebuild=0.0ms(60)
[FrameBudget] streaming=0.0ms topology=0.0ms visual=0.0ms spawn=0.0ms total=0.0ms/6.0ms chunk_manager.streaming_load=0.0ms(60) building.room_recompute=0.0ms(60) power.balance_recompute=0.0ms(60) chunk_manager.topology_rebuild=0.0ms(60) underground.fog_update=0.0ms(60) chunk_manager.streaming_redraw=0.0ms(60) mountain_shadow.visual_rebuild=0.0ms(60)
[FrameBudget] streaming=0.0ms topology=0.0ms visual=0.0ms spawn=0.0ms total=0.0ms/6.0ms chunk_manager.streaming_load=0.0ms(60) building.room_recompute=0.0ms(60) power.balance_recompute=0.0ms(60) chunk_manager.topology_rebuild=0.0ms(60) underground.fog_update=0.0ms(60) chunk_manager.streaming_redraw=0.0ms(60) mountain_shadow.visual_rebuild=0.0ms(60)
[FrameBudget] streaming=0.0ms topology=0.0ms visual=0.0ms spawn=0.0ms total=0.0ms/6.0ms chunk_manager.streaming_load=0.0ms(60) building.room_recompute=0.0ms(60) power.balance_recompute=0.0ms(60) chunk_manager.topology_rebuild=0.0ms(60) underground.fog_update=0.0ms(60) chunk_manager.streaming_redraw=0.0ms(60) mountain_shadow.visual_rebuild=0.0ms(60)
[FrameBudget] streaming=0.0ms topology=0.0ms visual=0.0ms spawn=0.0ms total=0.0ms/6.0ms chunk_manager.streaming_load=0.0ms(60) building.room_recompute=0.0ms(60) power.balance_recompute=0.0ms(60) chunk_manager.topology_rebuild=0.0ms(60) underground.fog_update=0.0ms(60) chunk_manager.streaming_redraw=0.0ms(60) mountain_shadow.visual_rebuild=0.0ms(60)
[WorldPerf] === Frame Summary (300 frames) ===
[WorldPerf] Frame time: avg=7.0 ms, p99=8.3 ms, hitches=0
[WorldPerf] Frame budget: dispatcher=0.2ms streaming=0.0ms streaming_load=0.0ms streaming_redraw=0.0ms topology=0.0ms building=0.0ms power=0.0ms visual=0.0ms shadow=0.0ms spawn=0.0ms total=0.2ms/6.0ms
[WorldPerf] Boot detail: compute=0.0ms apply=0.0ms redraw=0.0ms topology=0.0ms shadow=0.0ms milestones=0 other=0.0ms | peaks: compute=0.0ms apply=0.0ms redraw=0.0ms topology=0.0ms shadow=0.0ms milestones=0.0ms stream_load=0.0ms stream_redraw=0.0ms
[WorldPerf] Boot.loop_step_ms: 46.06 ms
[WorldPerf] FPS: 144.0
[FrameBudget] streaming=0.0ms topology=0.0ms visual=0.0ms spawn=0.0ms total=0.0ms/6.0ms chunk_manager.streaming_load=0.0ms(60) building.room_recompute=0.0ms(60) power.balance_recompute=0.0ms(60) chunk_manager.topology_rebuild=0.0ms(60) underground.fog_update=0.0ms(60) chunk_manager.streaming_redraw=0.0ms(60) mountain_shadow.visual_rebuild=0.0ms(60)
[FrameBudget] streaming=0.0ms topology=0.0ms visual=0.0ms spawn=0.0ms total=0.0ms/6.0ms chunk_manager.streaming_load=0.0ms(60) building.room_recompute=0.0ms(60) power.balance_recompute=0.0ms(60) chunk_manager.topology_rebuild=0.0ms(60) underground.fog_update=0.0ms(60) chunk_manager.streaming_redraw=0.0ms(60) mountain_shadow.visual_rebuild=0.0ms(60)
[FrameBudget] streaming=0.0ms topology=0.0ms visual=0.0ms spawn=0.0ms total=0.0ms/6.0ms chunk_manager.streaming_load=0.0ms(60) building.room_recompute=0.0ms(60) power.balance_recompute=0.0ms(60) chunk_manager.topology_rebuild=0.0ms(60) underground.fog_update=0.0ms(60) chunk_manager.streaming_redraw=0.0ms(60) mountain_shadow.visual_rebuild=0.0ms(60)
[FrameBudget] streaming=0.0ms topology=0.0ms visual=0.0ms spawn=0.0ms total=0.0ms/6.0ms chunk_manager.streaming_load=0.0ms(60) building.room_recompute=0.0ms(60) power.balance_recompute=0.0ms(60) chunk_manager.topology_rebuild=0.0ms(60) underground.fog_update=0.0ms(60) chunk_manager.streaming_redraw=0.0ms(60) mountain_shadow.visual_rebuild=0.0ms(60)
[FrameBudget] streaming=0.0ms topology=0.0ms visual=0.0ms spawn=0.0ms total=0.0ms/6.0ms chunk_manager.streaming_load=0.0ms(60) building.room_recompute=0.0ms(60) power.balance_recompute=0.0ms(60) chunk_manager.topology_rebuild=0.0ms(60) underground.fog_update=0.0ms(60) chunk_manager.streaming_redraw=0.0ms(60) mountain_shadow.visual_rebuild=0.0ms(60)
[WorldPerf] === Frame Summary (300 frames) ===
[WorldPerf] Frame time: avg=8.1 ms, p99=33.3 ms, hitches=13
[WorldPerf] Frame budget: dispatcher=0.1ms streaming=0.0ms streaming_load=0.0ms streaming_redraw=0.0ms topology=0.0ms building=0.0ms power=0.0ms visual=0.0ms shadow=0.0ms spawn=0.0ms total=1.6ms/6.0ms
[WorldPerf] Boot detail: compute=0.0ms apply=0.0ms redraw=0.0ms topology=0.0ms shadow=0.0ms milestones=0 other=1.5ms | peaks: compute=0.0ms apply=0.0ms redraw=0.0ms topology=0.0ms shadow=0.0ms milestones=0.0ms stream_load=0.0ms stream_redraw=0.0ms
[FrameBudget] streaming=0.0ms topology=0.0ms visual=0.0ms spawn=0.0ms total=0.0ms/6.0ms chunk_manager.streaming_load=0.0ms(60) building.room_recompute=0.0ms(60) power.balance_recompute=0.0ms(60) chunk_manager.topology_rebuild=0.0ms(60) underground.fog_update=0.0ms(60) chunk_manager.streaming_redraw=0.0ms(60) mountain_shadow.visual_rebuild=0.0ms(60)
[WorldPerf] stream.chunk_first_pass_ms (0, -1)@z0: 7475.15 ms
[WorldPerf] Boot.loop_step_ms: 41.74 ms
[WorldPerf] stream.chunk_first_pass_ms (1, 0)@z0: 7591.51 ms
[WorldPerf] stream.chunk_first_pass_ms (63, 0)@z0: 7562.81 ms
[WorldPerf] stream.chunk_first_pass_ms (0, 1)@z0: 7443.61 ms
[WorldPerf] stream.chunk_first_pass_ms (1, -1)@z0: 7408.55 ms
[WorldPerf] stream.chunk_first_pass_ms (63, -1)@z0: 7387.01 ms
[WorldPerf] stream.chunk_first_pass_ms (1, 1)@z0: 7320.47 ms
[WorldPerf] stream.chunk_first_pass_ms (63, 1)@z0: 7330.80 ms
[FrameBudget] streaming=0.0ms topology=0.0ms visual=0.0ms spawn=0.0ms total=0.0ms/6.0ms chunk_manager.streaming_load=0.0ms(60) building.room_recompute=0.0ms(60) power.balance_recompute=0.0ms(60) chunk_manager.topology_rebuild=0.0ms(60) underground.fog_update=0.0ms(60) chunk_manager.streaming_redraw=0.0ms(60) mountain_shadow.visual_rebuild=0.0ms(60)
[FrameBudget] streaming=0.0ms topology=0.0ms visual=0.0ms spawn=0.0ms total=0.0ms/6.0ms chunk_manager.streaming_load=0.0ms(60) building.room_recompute=0.0ms(60) power.balance_recompute=0.0ms(60) chunk_manager.topology_rebuild=0.0ms(60) underground.fog_update=0.0ms(60) chunk_manager.streaming_redraw=0.0ms(60) mountain_shadow.visual_rebuild=0.0ms(60)
[FrameBudget] streaming=0.0ms topology=0.0ms visual=0.0ms spawn=0.0ms total=0.0ms/6.0ms chunk_manager.streaming_load=0.0ms(60) building.room_recompute=0.0ms(60) power.balance_recompute=0.0ms(60) chunk_manager.topology_rebuild=0.0ms(60) underground.fog_update=0.0ms(60) chunk_manager.streaming_redraw=0.0ms(60) mountain_shadow.visual_rebuild=0.0ms(60)
[FrameBudget] streaming=0.0ms topology=0.0ms visual=0.0ms spawn=0.0ms total=0.0ms/6.0ms chunk_manager.streaming_load=0.0ms(60) building.room_recompute=0.0ms(60) power.balance_recompute=0.0ms(60) chunk_manager.topology_rebuild=0.0ms(60) underground.fog_update=0.0ms(60) chunk_manager.streaming_redraw=0.0ms(60) mountain_shadow.visual_rebuild=0.0ms(60)
[WorldPerf] === Frame Summary (300 frames) ===
[WorldPerf] Frame time: avg=8.0 ms, p99=34.5 ms, hitches=13
[WorldPerf] Frame budget: dispatcher=0.1ms streaming=0.0ms streaming_load=0.0ms streaming_redraw=0.0ms topology=0.0ms building=0.0ms power=0.0ms visual=0.0ms shadow=0.0ms spawn=0.0ms total=1.6ms/6.0ms
[WorldPerf] Boot detail: compute=0.0ms apply=0.0ms redraw=0.0ms topology=0.0ms shadow=0.0ms milestones=0 other=1.4ms | peaks: compute=0.0ms apply=0.0ms redraw=0.0ms topology=0.0ms shadow=0.0ms milestones=0.0ms stream_load=0.0ms stream_redraw=0.0ms
[FrameBudget] streaming=0.0ms topology=0.0ms visual=0.0ms spawn=0.0ms total=0.0ms/6.0ms chunk_manager.streaming_load=0.0ms(60) building.room_recompute=0.0ms(60) power.balance_recompute=0.0ms(60) chunk_manager.topology_rebuild=0.0ms(60) underground.fog_update=0.0ms(60) chunk_manager.streaming_redraw=0.0ms(60) mountain_shadow.visual_rebuild=0.0ms(60)
[WorldPerf] FPS: 145.0
[FrameBudget] streaming=0.0ms topology=0.0ms visual=0.0ms spawn=0.0ms total=0.0ms/6.0ms chunk_manager.streaming_load=0.0ms(60) building.room_recompute=0.0ms(60) power.balance_recompute=0.0ms(60) chunk_manager.topology_rebuild=0.0ms(60) underground.fog_update=0.0ms(60) chunk_manager.streaming_redraw=0.0ms(60) mountain_shadow.visual_rebuild=0.0ms(60)
[FrameBudget] streaming=0.0ms topology=0.0ms visual=0.0ms spawn=0.0ms total=0.0ms/6.0ms chunk_manager.streaming_load=0.0ms(60) building.room_recompute=0.0ms(60) power.balance_recompute=0.0ms(60) chunk_manager.topology_rebuild=0.0ms(60) underground.fog_update=0.0ms(60) chunk_manager.streaming_redraw=0.0ms(60) mountain_shadow.visual_rebuild=0.0ms(60)
[FrameBudget] streaming=0.0ms topology=0.0ms visual=0.0ms spawn=0.0ms total=0.0ms/6.0ms chunk_manager.streaming_load=0.0ms(60) building.room_recompute=0.0ms(60) power.balance_recompute=0.0ms(60) chunk_manager.topology_rebuild=0.0ms(60) underground.fog_update=0.0ms(60) chunk_manager.streaming_redraw=0.0ms(60) mountain_shadow.visual_rebuild=0.0ms(60)
[WorldPerf] stream.chunk_full_redraw_ms (0, 0)@z0: 11387.88 ms
[FrameBudget] streaming=0.0ms topology=0.0ms visual=0.0ms spawn=0.0ms total=0.0ms/6.0ms chunk_manager.streaming_load=0.0ms(60) building.room_recompute=0.0ms(60) power.balance_recompute=0.0ms(60) chunk_manager.topology_rebuild=0.0ms(60) underground.fog_update=0.0ms(60) chunk_manager.streaming_redraw=0.0ms(60) mountain_shadow.visual_rebuild=0.0ms(60)
[WorldPerf] === Frame Summary (300 frames) ===
[WorldPerf] Frame time: avg=7.3 ms, p99=21.8 ms, hitches=2
[WorldPerf] Frame budget: dispatcher=0.1ms streaming=0.0ms streaming_load=0.0ms streaming_redraw=0.0ms topology=0.0ms building=0.0ms power=0.0ms visual=0.0ms shadow=0.0ms spawn=0.0ms total=0.7ms/6.0ms
[WorldPerf] Boot detail: compute=0.0ms apply=0.0ms redraw=0.0ms topology=0.0ms shadow=0.0ms milestones=0 other=0.5ms | peaks: compute=0.0ms apply=0.0ms redraw=0.0ms topology=0.0ms shadow=0.0ms milestones=0.0ms stream_load=0.0ms stream_redraw=0.0ms
[WorldPerf] Boot.loop_step_ms: 37.13 ms
[WorldPerf] stream.chunk_full_redraw_ms (0, -1)@z0: 11362.10 ms
[WorldPerf] stream.chunk_full_redraw_ms (1, 0)@z0: 11318.69 ms
[WorldPerf] stream.chunk_full_redraw_ms (63, 0)@z0: 11313.54 ms
[WorldPerf] stream.chunk_full_redraw_ms (0, 1)@z0: 11195.39 ms
[WorldPerf] stream.chunk_full_redraw_ms (1, -1)@z0: 11161.32 ms
[WorldPerf] stream.chunk_full_redraw_ms (63, -1)@z0: 11178.76 ms
[WorldPerf] stream.chunk_full_redraw_ms (1, 1)@z0: 11113.66 ms
[WorldPerf] stream.chunk_full_redraw_ms (63, 1)@z0: 11114.62 ms
[Boot] first_playable reached (11721.8 ms) | queue_wait=14715.6ms compute=850.3ms (25 chunks) apply=17.3ms (9 chunks) redraw=0.0ms
[WorldPerf] Startup.loading_screen_visible_to_startup_bubble_ready_ms: 23539.24 ms
[WorldPerf] PlayerChunk coord=(0, 0) z=0 trigger=scheduler loaded=true visible=true state=full_ready phase=done first_pass=true full_ready=true issues=healthy ages(first=-ms full=-ms border=-ms apply=11643ms converge=11643ms) queues(fast=0 urgent=0 near=0 full_near=0 full_far=0) requests(load=false staged=false generating=false) scheduler(step=0.00ms exhausted=false)
[WorldPerf] FrameBudgetDispatcher.visual.chunk_manager.streaming_redraw: 32.16 ms
[WorldPerf] FrameBudgetDispatcher.total: 35.01 ms
[FrameBudget] streaming=0.6ms topology=0.1ms visual=12.9ms spawn=0.0ms total=13.5ms/6.0ms chunk_manager.streaming_load=0.6ms(60) building.room_recompute=0.0ms(60) power.balance_recompute=0.0ms(60) chunk_manager.topology_rebuild=0.0ms(60) underground.fog_update=0.0ms(60) chunk_manager.streaming_redraw=12.9ms(60) mountain_shadow.visual_rebuild=0.0ms(8)
[WorldPerf] stream.chunk_border_fix_ms (0, -1)@z0: 1173.59 ms
[WorldPerf] stream.chunk_full_redraw_ms (0, -1)@z0: 1173.73 ms
[WorldPerf] stream.chunk_border_fix_ms (1, 0)@z0: 1170.00 ms
[WorldPerf] stream.chunk_full_redraw_ms (1, 0)@z0: 1170.14 ms
[WorldPerf] stream.chunk_border_fix_ms (63, 0)@z0: 1177.22 ms
[WorldPerf] stream.chunk_full_redraw_ms (63, 0)@z0: 1177.41 ms
[WorldPerf] stream.chunk_border_fix_ms (0, 1)@z0: 1142.40 ms
[WorldPerf] stream.chunk_full_redraw_ms (0, 1)@z0: 1142.55 ms
[FrameBudget] streaming=0.0ms topology=0.0ms visual=7.2ms spawn=0.0ms total=7.2ms/6.0ms chunk_manager.streaming_load=0.0ms(60) building.room_recompute=0.0ms(60) power.balance_recompute=0.0ms(60) chunk_manager.topology_rebuild=0.0ms(60) underground.fog_update=0.0ms(60) chunk_manager.streaming_redraw=7.2ms(60)
[WorldPerf] stream.chunk_border_fix_ms (1, -1)@z0: 1378.88 ms
[WorldPerf] stream.chunk_full_redraw_ms (1, -1)@z0: 1339.22 ms
[WorldPerf] stream.chunk_border_fix_ms (63, -1)@z0: 1341.38 ms
[WorldPerf] stream.chunk_full_redraw_ms (63, -1)@z0: 1304.44 ms
[WorldPerf] stream.chunk_border_fix_ms (1, 1)@z0: 1381.97 ms
[WorldPerf] stream.chunk_full_redraw_ms (1, 1)@z0: 1342.89 ms
[WorldPerf] stream.chunk_border_fix_ms (63, 1)@z0: 1419.83 ms
[WorldPerf] stream.chunk_full_redraw_ms (63, 1)@z0: 1385.58 ms
[Boot] first_playable reached (13430.7 ms) | queue_wait=14715.6ms compute=850.3ms (25 chunks) apply=17.3ms (9 chunks) redraw=0.0ms
[FrameBudget] streaming=0.0ms topology=0.0ms visual=7.3ms spawn=0.0ms total=7.3ms/6.0ms chunk_manager.streaming_load=0.0ms(60) building.room_recompute=0.0ms(60) power.balance_recompute=0.0ms(60) chunk_manager.topology_rebuild=0.0ms(60) underground.fog_update=0.0ms(60) chunk_manager.streaming_redraw=7.2ms(60) mountain_shadow.visual_rebuild=0.1ms(5)
[FrameBudget] streaming=0.0ms topology=0.0ms visual=7.1ms spawn=0.0ms total=7.1ms/6.0ms chunk_manager.streaming_load=0.0ms(60) building.room_recompute=0.0ms(60) power.balance_recompute=0.0ms(60) chunk_manager.topology_rebuild=0.0ms(60) underground.fog_update=0.0ms(60) chunk_manager.streaming_redraw=6.9ms(60) mountain_shadow.visual_rebuild=0.1ms(7)
[FrameBudget] streaming=0.0ms topology=0.0ms visual=6.9ms spawn=0.0ms total=7.0ms/6.0ms chunk_manager.streaming_load=0.0ms(60) building.room_recompute=0.0ms(60) power.balance_recompute=0.0ms(60) chunk_manager.topology_rebuild=0.0ms(60) underground.fog_update=0.0ms(60) chunk_manager.streaming_redraw=6.8ms(60) mountain_shadow.visual_rebuild=0.1ms(10)
[WorldPerf] === Frame Summary (300 frames) ===
[WorldPerf] Frame time: avg=10.4 ms, p99=39.8 ms, hitches=19
[WorldPerf] Frame budget: dispatcher=8.5ms streaming=0.0ms streaming_load=0.1ms streaming_redraw=0.0ms topology=0.0ms building=0.0ms power=0.0ms visual=0.0ms shadow=8.3ms spawn=0.0ms total=17.2ms/6.0ms
[WorldPerf] Boot detail: compute=0.0ms apply=0.0ms redraw=0.0ms topology=0.0ms shadow=0.0ms milestones=2 other=0.1ms | peaks: compute=0.0ms apply=0.0ms redraw=0.0ms topology=0.0ms shadow=0.0ms milestones=0.0ms stream_load=3.1ms stream_redraw=0.0ms
[WorldPerf] Observability: Startup.loading_screen_visible_to_startup_bubble_ready_ms=23539.2ms, Startup.startup_bubble_ready=0.0ms
[WorldPerf] Shadow.edge_cache_compute (0, -2): 67.91 ms
[WorldPerf] FPS: 116.0
[FrameBudget] streaming=0.0ms topology=0.0ms visual=7.1ms spawn=0.0ms total=7.1ms/6.0ms chunk_manager.streaming_load=0.0ms(60) building.room_recompute=0.0ms(60) power.balance_recompute=0.0ms(60) chunk_manager.topology_rebuild=0.0ms(60) underground.fog_update=0.0ms(60) chunk_manager.streaming_redraw=7.1ms(60) mountain_shadow.visual_rebuild=0.0ms(10)
[WorldPerf] Shadow.edge_cache_compute (1, -2): 74.36 ms
[WorldPerf] PlayerChunk coord=(0, 0) z=0 trigger=scheduler loaded=true visible=true state=full_ready phase=done first_pass=true full_ready=true issues=healthy ages(first=-ms full=-ms border=-ms apply=15379ms converge=15379ms) queues(fast=0 urgent=0 near=11 full_near=0 full_far=0) requests(load=false staged=false generating=false) scheduler(step=18.66ms exhausted=true)
[FrameBudget] streaming=0.0ms topology=0.0ms visual=7.2ms spawn=0.0ms total=7.3ms/6.0ms chunk_manager.streaming_load=0.0ms(60) building.room_recompute=0.0ms(60) power.balance_recompute=0.0ms(60) chunk_manager.topology_rebuild=0.0ms(60) underground.fog_update=0.0ms(60) chunk_manager.streaming_redraw=7.1ms(60) mountain_shadow.visual_rebuild=0.1ms(10)
[WorldPerf] Shadow.edge_cache_compute (2, 1): 69.33 ms
[FrameBudget] streaming=0.0ms topology=0.0ms visual=7.2ms spawn=0.0ms total=7.2ms/6.0ms chunk_manager.streaming_load=0.0ms(60) building.room_recompute=0.0ms(60) power.balance_recompute=0.0ms(60) chunk_manager.topology_rebuild=0.0ms(60) underground.fog_update=0.0ms(60) chunk_manager.streaming_redraw=7.0ms(60) mountain_shadow.visual_rebuild=0.1ms(7)
[WorldPerf] Shadow.edge_cache_compute (62, 1): 67.27 ms
[FrameBudget] streaming=0.0ms topology=0.0ms visual=7.2ms spawn=0.0ms total=7.2ms/6.0ms chunk_manager.streaming_load=0.0ms(60) building.room_recompute=0.0ms(60) power.balance_recompute=0.0ms(60) chunk_manager.topology_rebuild=0.0ms(60) underground.fog_update=0.0ms(60) chunk_manager.streaming_redraw=7.1ms(60) mountain_shadow.visual_rebuild=0.1ms(7)
[WorldPerf] FrameBudgetDispatcher.visual.chunk_manager.streaming_redraw: 33.46 ms
[WorldPerf] FrameBudgetDispatcher.total: 33.67 ms
[WorldPerf] PlayerChunk coord=(0, 0) z=0 trigger=scheduler loaded=true visible=true state=full_ready phase=done first_pass=true full_ready=true issues=healthy ages(first=-ms full=-ms border=-ms apply=17414ms converge=17414ms) queues(fast=0 urgent=0 near=12 full_near=0 full_far=0) requests(load=false staged=false generating=false) scheduler(step=40.53ms exhausted=true)
[WorldPerf] FrameBudgetDispatcher.visual.chunk_manager.streaming_redraw: 40.95 ms
[WorldPerf] FrameBudgetDispatcher.total: 41.15 ms
[FrameBudget] streaming=0.0ms topology=0.0ms visual=15.6ms spawn=0.0ms total=15.6ms/6.0ms chunk_manager.streaming_load=0.0ms(60) building.room_recompute=0.0ms(60) power.balance_recompute=0.0ms(60) chunk_manager.topology_rebuild=0.0ms(60) underground.fog_update=0.0ms(60) chunk_manager.streaming_redraw=15.6ms(60) mountain_shadow.visual_rebuild=0.0ms(6)
[WorldPerf] === Frame Summary (300 frames) ===
[WorldPerf] Frame time: avg=10.4 ms, p99=34.9 ms, hitches=23
[WorldPerf] Frame budget: dispatcher=9.0ms streaming=0.0ms streaming_load=0.0ms streaming_redraw=0.0ms topology=0.0ms building=0.0ms power=0.0ms visual=0.0ms shadow=10.0ms spawn=0.0ms total=19.1ms/6.0ms
[WorldPerf] Shadow.edge_cache_compute (1, 2): 77.53 ms
[FrameBudget] streaming=0.0ms topology=0.0ms visual=7.5ms spawn=0.0ms total=7.5ms/6.0ms chunk_manager.streaming_load=0.0ms(60) building.room_recompute=0.0ms(60) power.balance_recompute=0.0ms(60) chunk_manager.topology_rebuild=0.0ms(60) underground.fog_update=0.0ms(60) chunk_manager.streaming_redraw=7.4ms(60) mountain_shadow.visual_rebuild=0.0ms(10)
[WorldPerf] Shadow.edge_cache_compute (2, -2): 135.39 ms
[FrameBudget] streaming=0.0ms topology=0.0ms visual=7.1ms spawn=0.0ms total=7.1ms/6.0ms chunk_manager.streaming_load=0.0ms(60) building.room_recompute=0.0ms(60) power.balance_recompute=0.0ms(60) chunk_manager.topology_rebuild=0.0ms(60) underground.fog_update=0.0ms(60) chunk_manager.streaming_redraw=7.1ms(60) mountain_shadow.visual_rebuild=0.0ms(11)
[FrameBudget] streaming=0.0ms topology=0.0ms visual=7.0ms spawn=0.0ms total=7.0ms/6.0ms chunk_manager.streaming_load=0.0ms(60) building.room_recompute=0.0ms(60) power.balance_recompute=0.0ms(60) chunk_manager.topology_rebuild=0.0ms(60) underground.fog_update=0.0ms(60) chunk_manager.streaming_redraw=7.0ms(60) mountain_shadow.visual_rebuild=0.0ms(12)
[FrameBudget] streaming=0.0ms topology=0.0ms visual=7.2ms spawn=0.0ms total=7.2ms/6.0ms chunk_manager.streaming_load=0.0ms(60) building.room_recompute=0.0ms(60) power.balance_recompute=0.0ms(60) chunk_manager.topology_rebuild=0.0ms(60) underground.fog_update=0.0ms(60) chunk_manager.streaming_redraw=7.2ms(60) mountain_shadow.visual_rebuild=0.0ms(10)
[WorldPerf] FPS: 120.0
[WorldPerf] Shadow.stale_age_ms: 8515.53 ms
[FrameBudget] streaming=0.0ms topology=0.0ms visual=7.2ms spawn=0.0ms total=7.2ms/6.0ms chunk_manager.streaming_load=0.0ms(60) building.room_recompute=0.0ms(60) power.balance_recompute=0.0ms(60) chunk_manager.topology_rebuild=0.0ms(60) underground.fog_update=0.0ms(60) chunk_manager.streaming_redraw=7.1ms(60) mountain_shadow.visual_rebuild=0.0ms(11)
[WorldPerf] === Frame Summary (300 frames) ===
[WorldPerf] Frame time: avg=8.5 ms, p99=10.0 ms, hitches=0
[WorldPerf] Frame budget: dispatcher=7.3ms streaming=0.0ms streaming_load=0.0ms streaming_redraw=0.0ms topology=0.0ms building=0.0ms power=0.0ms visual=0.0ms shadow=36.3ms spawn=0.0ms total=43.7ms/6.0ms
[WorldPerf] Observability: Shadow.stale_age_ms=8515.5ms
[WorldPerf] PlayerChunk coord=(0, 0) z=0 trigger=scheduler loaded=true visible=true state=full_ready phase=done first_pass=true full_ready=true issues=healthy ages(first=-ms full=-ms border=-ms apply=20742ms converge=20742ms) queues(fast=0 urgent=0 near=11 full_near=0 full_far=0) requests(load=false staged=false generating=false) scheduler(step=32.58ms exhausted=true)
[WorldPerf] FrameBudgetDispatcher.visual.chunk_manager.streaming_redraw: 32.91 ms
[WorldPerf] FrameBudgetDispatcher.total: 33.11 ms
[FrameBudget] streaming=0.0ms topology=0.0ms visual=7.4ms spawn=0.0ms total=7.5ms/6.0ms chunk_manager.streaming_load=0.0ms(60) building.room_recompute=0.0ms(60) power.balance_recompute=0.0ms(60) chunk_manager.topology_rebuild=0.0ms(60) underground.fog_update=0.0ms(60) chunk_manager.streaming_redraw=7.4ms(60) mountain_shadow.visual_rebuild=0.0ms(12)
[WorldPerf] stream.chunk_first_pass_ms (0, -2)@z0: 9111.74 ms
[WorldPerf] stream.chunk_first_pass_ms (2, 0)@z0: 9086.51 ms
[WorldPerf] stream.chunk_first_pass_ms (62, 0)@z0: 9158.05 ms
[WorldPerf] stream.chunk_first_pass_ms (0, 2)@z0: 9155.96 ms
[WorldPerf] stream.chunk_first_pass_ms (1, -2)@z0: 9264.78 ms
[WorldPerf] stream.chunk_first_pass_ms (63, -2)@z0: 9225.75 ms
[WorldPerf] stream.chunk_first_pass_ms (2, -1)@z0: 9225.11 ms
[WorldPerf] stream.chunk_first_pass_ms (62, -1)@z0: 9188.94 ms
[WorldPerf] stream.chunk_first_pass_ms (2, 1)@z0: 9191.59 ms
[WorldPerf] stream.chunk_first_pass_ms (62, 1)@z0: 9159.60 ms
[WorldPerf] stream.chunk_first_pass_ms (1, 2)@z0: 9158.98 ms
[WorldPerf] stream.chunk_first_pass_ms (63, 2)@z0: 9125.49 ms
[WorldPerf] stream.chunk_first_pass_ms (2, -2)@z0: 9159.33 ms
[WorldPerf] stream.chunk_first_pass_ms (62, -2)@z0: 9148.97 ms
[WorldPerf] stream.chunk_first_pass_ms (2, 2)@z0: 9109.50 ms
[WorldPerf] stream.chunk_first_pass_ms (62, 2)@z0: 9074.51 ms
[WorldPerf] FrameBudgetDispatcher.visual.chunk_manager.streaming_redraw: 42.00 ms
[WorldPerf] FrameBudgetDispatcher.total: 42.29 ms
[FrameBudget] streaming=0.0ms topology=0.0ms visual=14.4ms spawn=0.0ms total=14.4ms/6.0ms chunk_manager.streaming_load=0.0ms(60) building.room_recompute=0.0ms(60) power.balance_recompute=0.0ms(60) chunk_manager.topology_rebuild=0.0ms(60) underground.fog_update=0.0ms(60) chunk_manager.streaming_redraw=14.4ms(60) mountain_shadow.visual_rebuild=0.0ms(31)
[FrameBudget] streaming=0.0ms topology=0.0ms visual=4.7ms spawn=0.0ms total=4.7ms/6.0ms chunk_manager.streaming_load=0.0ms(60) building.room_recompute=0.0ms(60) power.balance_recompute=0.0ms(60) chunk_manager.topology_rebuild=0.0ms(60) underground.fog_update=0.0ms(60) chunk_manager.streaming_redraw=4.7ms(60) mountain_shadow.visual_rebuild=0.0ms(56)
[FrameBudget] streaming=0.0ms topology=0.0ms visual=5.2ms spawn=0.0ms total=5.3ms/6.0ms chunk_manager.streaming_load=0.0ms(60) building.room_recompute=0.0ms(60) power.balance_recompute=0.0ms(60) chunk_manager.topology_rebuild=0.0ms(60) underground.fog_update=0.0ms(60) chunk_manager.streaming_redraw=5.2ms(60) mountain_shadow.visual_rebuild=0.0ms(51)
[FrameBudget] streaming=0.0ms topology=0.0ms visual=4.7ms spawn=0.0ms total=4.7ms/6.0ms chunk_manager.streaming_load=0.0ms(60) building.room_recompute=0.0ms(60) power.balance_recompute=0.0ms(60) chunk_manager.topology_rebuild=0.0ms(60) underground.fog_update=0.0ms(60) chunk_manager.streaming_redraw=4.7ms(60) mountain_shadow.visual_rebuild=0.0ms(56)
[WorldPerf] === Frame Summary (300 frames) ===
[WorldPerf] Frame time: avg=9.2 ms, p99=37.8 ms, hitches=23
[WorldPerf] Frame budget: dispatcher=7.4ms streaming=0.0ms streaming_load=0.0ms streaming_redraw=0.0ms topology=0.0ms building=0.0ms power=0.0ms visual=0.0ms shadow=7.3ms spawn=0.0ms total=14.8ms/6.0ms
[FrameBudget] streaming=0.0ms topology=0.0ms visual=5.0ms spawn=0.0ms total=5.0ms/6.0ms chunk_manager.streaming_load=0.0ms(60) building.room_recompute=0.0ms(60) power.balance_recompute=0.0ms(60) chunk_manager.topology_rebuild=0.0ms(60) underground.fog_update=0.0ms(60) chunk_manager.streaming_redraw=5.0ms(60) mountain_shadow.visual_rebuild=0.0ms(55)
[FrameBudget] streaming=0.0ms topology=0.0ms visual=4.8ms spawn=0.0ms total=4.8ms/6.0ms chunk_manager.streaming_load=0.0ms(60) building.room_recompute=0.0ms(60) power.balance_recompute=0.0ms(60) chunk_manager.topology_rebuild=0.0ms(60) underground.fog_update=0.0ms(60) chunk_manager.streaming_redraw=4.8ms(60) mountain_shadow.visual_rebuild=0.0ms(56)
[FrameBudget] streaming=0.0ms topology=0.0ms visual=4.7ms spawn=0.0ms total=4.8ms/6.0ms chunk_manager.streaming_load=0.0ms(60) building.room_recompute=0.0ms(60) power.balance_recompute=0.0ms(60) chunk_manager.topology_rebuild=0.0ms(60) underground.fog_update=0.0ms(60) chunk_manager.streaming_redraw=4.7ms(60) mountain_shadow.visual_rebuild=0.0ms(55)
[FrameBudget] streaming=0.0ms topology=0.0ms visual=4.6ms spawn=0.0ms total=4.7ms/6.0ms chunk_manager.streaming_load=0.0ms(60) building.room_recompute=0.0ms(60) power.balance_recompute=0.0ms(60) chunk_manager.topology_rebuild=0.0ms(60) underground.fog_update=0.0ms(60) chunk_manager.streaming_redraw=4.6ms(60) mountain_shadow.visual_rebuild=0.0ms(57)
[WorldPerf] FPS: 145.0
[FrameBudget] streaming=0.0ms topology=0.0ms visual=5.0ms spawn=0.0ms total=5.1ms/6.0ms chunk_manager.streaming_load=0.0ms(60) building.room_recompute=0.0ms(60) power.balance_recompute=0.0ms(60) chunk_manager.topology_rebuild=0.0ms(60) underground.fog_update=0.0ms(60) chunk_manager.streaming_redraw=5.0ms(60) mountain_shadow.visual_rebuild=0.0ms(53)
[WorldPerf] === Frame Summary (300 frames) ===
[WorldPerf] Frame time: avg=6.9 ms, p99=6.9 ms, hitches=0
[WorldPerf] Frame budget: dispatcher=5.0ms streaming=0.0ms streaming_load=0.0ms streaming_redraw=0.0ms topology=0.0ms building=0.0ms power=0.0ms visual=0.0ms shadow=4.8ms spawn=0.0ms total=9.8ms/6.0ms
[FrameBudget] streaming=0.0ms topology=0.0ms visual=4.7ms spawn=0.0ms total=4.7ms/6.0ms chunk_manager.streaming_load=0.0ms(60) building.room_recompute=0.0ms(60) power.balance_recompute=0.0ms(60) chunk_manager.topology_rebuild=0.0ms(60) underground.fog_update=0.0ms(60) chunk_manager.streaming_redraw=4.7ms(60) mountain_shadow.visual_rebuild=0.0ms(56)
[WorldPerf] PlayerChunk coord=(0, 0) z=0 trigger=scheduler loaded=true visible=true state=full_ready phase=done first_pass=true full_ready=true issues=healthy ages(first=-ms full=-ms border=-ms apply=25614ms converge=25614ms) queues(fast=0 urgent=0 near=0 full_near=15 full_far=0) requests(load=false staged=false generating=false) scheduler(step=30.17ms exhausted=true)
[WorldPerf] FrameBudgetDispatcher.visual.chunk_manager.streaming_redraw: 30.45 ms
[WorldPerf] FrameBudgetDispatcher.total: 30.61 ms
[WorldPerf] stream.chunk_full_redraw_ms (0, -2)@z0: 14320.64 ms
[WorldPerf] stream.chunk_full_redraw_ms (2, 0)@z0: 14285.34 ms
[WorldPerf] stream.chunk_full_redraw_ms (62, 0)@z0: 14253.21 ms
[WorldPerf] stream.chunk_full_redraw_ms (0, 2)@z0: 14218.42 ms
[WorldPerf] stream.chunk_full_redraw_ms (1, -2)@z0: 14222.12 ms
[WorldPerf] stream.chunk_full_redraw_ms (63, -2)@z0: 14183.85 ms
[WorldPerf] stream.chunk_full_redraw_ms (2, -1)@z0: 14184.41 ms
[WorldPerf] stream.chunk_full_redraw_ms (62, -1)@z0: 14148.88 ms
[WorldPerf] stream.chunk_full_redraw_ms (2, 1)@z0: 14188.40 ms
[WorldPerf] stream.chunk_full_redraw_ms (62, 1)@z0: 14151.04 ms
[WorldPerf] stream.chunk_full_redraw_ms (1, 2)@z0: 14151.18 ms
[WorldPerf] stream.chunk_full_redraw_ms (63, 2)@z0: 14118.29 ms
[WorldPerf] stream.chunk_full_redraw_ms (2, -2)@z0: 14083.47 ms
[WorldPerf] stream.chunk_full_redraw_ms (62, -2)@z0: 14120.18 ms
[WorldPerf] stream.chunk_full_redraw_ms (2, 2)@z0: 14081.53 ms
[WorldPerf] stream.chunk_full_redraw_ms (62, 2)@z0: 14047.28 ms
[Boot] boot_complete reached (26238.2 ms) | queue_wait=14715.6ms compute=850.3ms (25 chunks) apply=17.3ms (9 chunks) redraw=0.0ms
[WorldPerf] Startup.startup_bubble_ready_to_boot_complete_ms: 14503.00 ms
[CodexValidation] route prepared: preset=seam_cross waypoints=6 start=(0.0, 0.0) chunk_pixels=4096.0
[CodexValidation] room validation prepared at (4, 4)
[CodexValidation] power validation prepared at (8, 4)
[CodexValidation] mining validation prepared at (59, 0)
[CodexValidation] boot complete; route prepared
[FrameBudget] streaming=0.0ms topology=0.0ms visual=7.8ms spawn=0.0ms total=7.8ms/6.0ms chunk_manager.streaming_load=0.0ms(60) building.room_recompute=0.0ms(60) power.balance_recompute=0.0ms(60) chunk_manager.topology_rebuild=0.0ms(60) underground.fog_update=0.0ms(60) chunk_manager.streaming_redraw=7.8ms(60) mountain_shadow.visual_rebuild=0.0ms(47)
[CodexValidation] built validation room
[CodexValidation] removed validation room wall (5, 4)
[FrameBudget] streaming=0.0ms topology=0.0ms visual=0.1ms spawn=0.0ms total=0.1ms/6.0ms chunk_manager.streaming_load=0.0ms(60) building.room_recompute=0.0ms(60) power.balance_recompute=0.0ms(60) chunk_manager.topology_rebuild=0.0ms(60) underground.fog_update=0.0ms(60) chunk_manager.streaming_redraw=0.1ms(60) mountain_shadow.visual_rebuild=0.0ms(60)
[CodexValidation] re-placed validation room wall (5, 4)
[CodexValidation] destroyed validation room wall (4, 5)
[CodexValidation] room validation complete
[CodexValidation] placed validation battery (8, 4)
[CodexValidation] removed validation battery (8, 4)
[FrameBudget] streaming=0.0ms topology=0.1ms visual=0.1ms spawn=0.0ms total=0.2ms/6.0ms chunk_manager.streaming_load=0.0ms(60) building.room_recompute=0.1ms(60) power.balance_recompute=0.0ms(60) chunk_manager.topology_rebuild=0.0ms(60) underground.fog_update=0.0ms(60) chunk_manager.streaming_redraw=0.1ms(60) mountain_shadow.visual_rebuild=0.0ms(60)
[CodexValidation] power validation complete
[CodexValidation] mined entry tile (59, 0)
[WorldPerf] PlayerChunk coord=(0, 0) z=0 trigger=scheduler loaded=true visible=true state=full_pending phase=done first_pass=true full_ready=false issues=border_fix_pending ages(first=-ms full=-ms border=1ms apply=27164ms converge=1ms) queues(fast=0 urgent=0 near=0 full_near=0 full_far=0) requests(load=false staged=false generating=false) scheduler(step=0.53ms exhausted=false)
[WorldPerf] PlayerChunk coord=(0, 0) z=0 trigger=scheduler loaded=true visible=true state=full_ready phase=done first_pass=true full_ready=true issues=healthy ages(first=-ms full=-ms border=-ms apply=27165ms converge=2ms) queues(fast=0 urgent=0 near=0 full_near=0 full_far=0) requests(load=false staged=false generating=false) scheduler(step=0.34ms exhausted=false)
[CodexValidation] mined interior tile (60, 0)
[WorldPerf] PlayerChunk coord=(0, 0) z=0 trigger=scheduler loaded=true visible=true state=full_pending phase=done first_pass=true full_ready=false issues=border_fix_pending ages(first=-ms full=-ms border=2ms apply=27309ms converge=2ms) queues(fast=0 urgent=0 near=0 full_near=0 full_far=0) requests(load=false staged=false generating=false) scheduler(step=0.54ms exhausted=false)
[WorldPerf] PlayerChunk coord=(0, 0) z=0 trigger=scheduler loaded=true visible=true state=full_ready phase=done first_pass=true full_ready=true issues=healthy ages(first=-ms full=-ms border=-ms apply=27310ms converge=2ms) queues(fast=0 urgent=0 near=0 full_near=0 full_far=0) requests(load=false staged=false generating=false) scheduler(step=0.38ms exhausted=false)
[CodexValidation] mined deeper tile (61, 0)
[WorldPerf] PlayerChunk coord=(0, 0) z=0 trigger=scheduler loaded=true visible=true state=full_pending phase=done first_pass=true full_ready=false issues=border_fix_pending ages(first=-ms full=-ms border=1ms apply=27455ms converge=1ms) queues(fast=0 urgent=0 near=0 full_near=0 full_far=0) requests(load=false staged=false generating=false) scheduler(step=0.56ms exhausted=false)
[WorldPerf] PlayerChunk coord=(0, 0) z=0 trigger=scheduler loaded=true visible=true state=full_ready phase=done first_pass=true full_ready=true issues=healthy ages(first=-ms full=-ms border=-ms apply=27455ms converge=2ms) queues(fast=0 urgent=0 near=0 full_near=0 full_far=0) requests(load=false staged=false generating=false) scheduler(step=0.43ms exhausted=false)
[FrameBudget] streaming=0.0ms topology=0.0ms visual=0.2ms spawn=0.0ms total=0.2ms/6.0ms chunk_manager.streaming_load=0.0ms(60) building.room_recompute=0.0ms(60) power.balance_recompute=0.0ms(60) chunk_manager.topology_rebuild=0.0ms(60) underground.fog_update=0.0ms(60) chunk_manager.streaming_redraw=0.1ms(60) mountain_shadow.visual_rebuild=0.1ms(60)
[WorldPerf] === Frame Summary (300 frames) ===
[WorldPerf] Frame time: avg=8.2 ms, p99=41.6 ms, hitches=15
[WorldPerf] Frame budget: dispatcher=2.7ms streaming=0.0ms streaming_load=0.0ms streaming_redraw=0.0ms topology=0.0ms building=0.0ms power=0.0ms visual=0.0ms shadow=2.6ms spawn=0.0ms total=5.4ms/6.0ms
[WorldPerf] Boot detail: compute=0.0ms apply=0.0ms redraw=0.0ms topology=0.0ms shadow=0.0ms milestones=1 other=0.0ms | peaks: compute=0.0ms apply=0.0ms redraw=0.0ms topology=0.0ms shadow=0.0ms milestones=0.0ms stream_load=0.1ms stream_redraw=0.0ms
[WorldPerf] Observability: Startup.boot_complete=0.0ms, Startup.startup_bubble_ready_to_boot_complete_ms=14503.0ms
[CodexValidation] moved player back to exterior tile (58, 0)
[CodexValidation] mining + persistence validation complete
[CodexValidation] route start: preset=seam_cross waypoints=6
[WorldPerf] PlayerChunk coord=(1, 0) z=0 trigger=scheduler loaded=true visible=true state=full_ready phase=done first_pass=true full_ready=true issues=healthy ages(first=-ms full=-ms border=-ms apply=27603ms converge=16128ms) queues(fast=0 urgent=0 near=0 full_near=0 full_far=0) requests(load=false staged=false generating=false) scheduler(step=0.00ms exhausted=false)
[WorldPerf] FrameBudgetDispatcher.visual.chunk_manager.streaming_redraw: 33.18 ms
[WorldPerf] FrameBudgetDispatcher.total: 39.11 ms
[FrameBudget] streaming=0.8ms topology=0.1ms visual=2.8ms spawn=0.0ms total=3.7ms/6.0ms chunk_manager.streaming_load=0.8ms(60) building.room_recompute=0.0ms(60) power.balance_recompute=0.0ms(60) chunk_manager.topology_rebuild=0.1ms(60) underground.fog_update=0.0ms(59) chunk_manager.streaming_redraw=2.8ms(59) mountain_shadow.visual_rebuild=0.0ms(50)
[CodexValidation] reached waypoint 1/6 at (8192.0, 0.0)
[WorldPerf] PlayerChunk coord=(2, 0) z=0 trigger=entered_chunk loaded=true visible=true state=full_pending phase=done first_pass=true full_ready=false issues=border_fix_pending ages(first=-ms full=-ms border=382ms apply=16636ms converge=382ms) queues(fast=0 urgent=0 near=0 full_near=0 full_far=0) requests(load=false staged=false generating=false) scheduler(step=0.00ms exhausted=false)
[WorldPerf] FrameBudgetDispatcher.visual.chunk_manager.streaming_redraw: 55.70 ms
[WorldPerf] FrameBudgetDispatcher.total: 58.71 ms
[WorldPerf] ChunkManager.streaming_redraw_prepare_step.terrain: 14.04 ms
[WorldPerf] ChunkManager.streaming_redraw_step.terrain: 11.57 ms
[WorldPerf] ChunkManager.streaming_redraw_prepare_step.terrain: 8.63 ms
[WorldPerf] ChunkManager.streaming_redraw_step.terrain: 10.18 ms
[WorldPerf] stream.chunk_first_pass_ms (3, 0)@z0: 610.19 ms
[FrameBudget] streaming=0.8ms topology=0.1ms visual=9.2ms spawn=0.0ms total=10.1ms/6.0ms chunk_manager.streaming_load=0.8ms(60) building.room_recompute=0.0ms(57) power.balance_recompute=0.0ms(57) chunk_manager.topology_rebuild=0.1ms(57) underground.fog_update=0.0ms(56) chunk_manager.streaming_redraw=9.2ms(56) mountain_shadow.visual_rebuild=0.0ms(6)
[WorldPerf] stream.chunk_border_fix_ms (2, -1)@z0: 1172.04 ms
[WorldPerf] stream.chunk_full_redraw_ms (2, -1)@z0: 1172.17 ms
[WorldPerf] stream.chunk_border_fix_ms (2, 0)@z0: 1095.39 ms
[WorldPerf] stream.chunk_full_redraw_ms (2, 0)@z0: 1095.47 ms
[WorldPerf] stream.chunk_border_fix_ms (2, 1)@z0: 1083.34 ms
[WorldPerf] stream.chunk_full_redraw_ms (2, 1)@z0: 1083.43 ms
[WorldPerf] PlayerChunk coord=(2, 0) z=0 trigger=scheduler loaded=true visible=true state=full_ready phase=done first_pass=true full_ready=true issues=healthy ages(first=-ms full=-ms border=-ms apply=17353ms converge=1099ms) queues(fast=0 urgent=0 near=9 full_near=0 full_far=0) requests(load=false staged=false generating=false) scheduler(step=8.53ms exhausted=true)
[WorldPerf] stream.chunk_border_fix_ms (2, -2)@z0: 1095.27 ms
[WorldPerf] stream.chunk_full_redraw_ms (2, -2)@z0: 1095.40 ms
[WorldPerf] stream.chunk_border_fix_ms (2, 2)@z0: 1046.29 ms
[WorldPerf] stream.chunk_full_redraw_ms (2, 2)@z0: 1046.38 ms
[WorldPerf] PlayerChunk coord=(2, 1) z=0 trigger=scheduler loaded=true visible=true state=full_ready phase=done first_pass=true full_ready=true issues=healthy ages(first=-ms full=-ms border=-ms apply=17410ms converge=1328ms) queues(fast=0 urgent=0 near=7 full_near=0 full_far=2) requests(load=false staged=false generating=false) scheduler(step=3.24ms exhausted=false)
[FrameBudget] streaming=0.5ms topology=0.0ms visual=6.3ms spawn=0.0ms total=6.8ms/6.0ms chunk_manager.streaming_load=0.5ms(60) building.room_recompute=0.0ms(58) power.balance_recompute=0.0ms(58) chunk_manager.topology_rebuild=0.0ms(58) underground.fog_update=0.0ms(58) chunk_manager.streaming_redraw=6.2ms(58) mountain_shadow.visual_rebuild=0.1ms(9)
[WorldPerf] stream.chunk_border_fix_ms (1, 2)@z0: 307.93 ms
[WorldPerf] stream.chunk_full_redraw_ms (1, 2)@z0: 308.06 ms
[WorldPerf] stream.chunk_border_fix_ms (2, 2)@z0: 342.95 ms
[WorldPerf] stream.chunk_full_redraw_ms (2, 2)@z0: 343.08 ms
[WorldPerf] stream.chunk_border_fix_ms (0, 2)@z0: 332.24 ms
[WorldPerf] stream.chunk_full_redraw_ms (0, 2)@z0: 332.39 ms
[CodexValidation] reached waypoint 2/6 at (8192.0, 8192.0)
[WorldPerf] FPS: 93.0
[WorldPerf] PlayerChunk coord=(2, 2) z=0 trigger=scheduler loaded=true visible=true state=full_ready phase=done first_pass=true full_ready=true issues=healthy ages(first=-ms full=-ms border=-ms apply=17773ms converge=457ms) queues(fast=0 urgent=0 near=9 full_near=1 full_far=4) requests(load=false staged=false generating=false) scheduler(step=17.46ms exhausted=true)
[WorldPerf] ChunkManager.streaming_redraw_prepare_step.terrain: 15.28 ms
[WorldPerf] ChunkManager.streaming_redraw_step.terrain: 11.03 ms
[WorldPerf] stream.chunk_first_pass_ms (2, 3)@z0: 608.53 ms
[FrameBudget] streaming=1.0ms topology=0.3ms visual=7.2ms spawn=0.0ms total=8.4ms/6.0ms chunk_manager.streaming_load=1.0ms(60) building.room_recompute=0.0ms(58) power.balance_recompute=0.0ms(58) chunk_manager.topology_rebuild=0.2ms(58) underground.fog_update=0.0ms(56) chunk_manager.streaming_redraw=7.2ms(56) mountain_shadow.visual_rebuild=0.0ms(2)
[WorldPerf] PlayerChunk coord=(1, 2) z=0 trigger=scheduler loaded=true visible=true state=full_ready phase=done first_pass=true full_ready=true issues=healthy ages(first=-ms full=-ms border=-ms apply=18260ms converge=839ms) queues(fast=0 urgent=0 near=8 full_near=2 full_far=8) requests(load=false staged=false generating=false) scheduler(step=6.52ms exhausted=true)
[WorldPerf] stream.chunk_border_fix_ms (63, 2)@z0: 162.69 ms
[WorldPerf] stream.chunk_full_redraw_ms (63, 2)@z0: 162.84 ms
[FrameBudget] streaming=0.3ms topology=0.2ms visual=6.7ms spawn=0.0ms total=7.1ms/6.0ms chunk_manager.streaming_load=0.3ms(60) building.room_recompute=0.0ms(59) power.balance_recompute=0.0ms(59) chunk_manager.topology_rebuild=0.1ms(59) underground.fog_update=0.0ms(58) chunk_manager.streaming_redraw=6.6ms(58) mountain_shadow.visual_rebuild=0.1ms(9)
[WorldPerf] === Frame Summary (300 frames) ===
[WorldPerf] Frame time: avg=10.2 ms, p99=38.4 ms, hitches=12
[WorldPerf] Frame budget: dispatcher=7.4ms streaming=0.0ms streaming_load=0.7ms streaming_redraw=0.1ms topology=0.1ms building=0.0ms power=0.0ms visual=0.0ms shadow=6.5ms spawn=0.0ms total=14.8ms/6.0ms
[WorldPerf] Observability: Scheduler.urgent_visual_wait_ms=7.0ms, scheduler.max_urgent_wait_ms=7.0ms
[WorldPerf] PlayerChunk coord=(0, 2) z=0 trigger=scheduler loaded=true visible=true state=full_ready phase=done first_pass=true full_ready=true issues=healthy ages(first=-ms full=-ms border=-ms apply=18917ms converge=1298ms) queues(fast=0 urgent=0 near=7 full_near=1 full_far=13) requests(load=false staged=false generating=false) scheduler(step=6.38ms exhausted=true)
[WorldPerf] stream.chunk_border_fix_ms (62, 2)@z0: 190.60 ms
[WorldPerf] stream.chunk_full_redraw_ms (62, 2)@z0: 190.73 ms
[FrameBudget] streaming=0.3ms topology=0.2ms visual=6.5ms spawn=0.0ms total=6.9ms/6.0ms chunk_manager.streaming_load=0.3ms(60) building.room_recompute=0.0ms(59) power.balance_recompute=0.0ms(59) chunk_manager.topology_rebuild=0.2ms(59) underground.fog_update=0.0ms(58) chunk_manager.streaming_redraw=6.4ms(58) mountain_shadow.visual_rebuild=0.1ms(13)
[WorldPerf] PlayerChunk coord=(63, 2) z=0 trigger=scheduler loaded=true visible=true state=full_ready phase=done first_pass=true full_ready=true issues=healthy ages(first=-ms full=-ms border=-ms apply=19257ms converge=991ms) queues(fast=0 urgent=0 near=8 full_near=0 full_far=14) requests(load=false staged=false generating=false) scheduler(step=6.56ms exhausted=true)
[WorldPerf] FrameBudgetDispatcher.visual.chunk_manager.streaming_redraw: 38.74 ms
[WorldPerf] FrameBudgetDispatcher.total: 41.18 ms
[WorldPerf] stream.chunk_border_fix_ms (62, 2)@z0: 308.41 ms
[WorldPerf] stream.chunk_full_redraw_ms (62, 2)@z0: 308.54 ms
[WorldPerf] stream.chunk_border_fix_ms (62, 1)@z0: 257.74 ms
[WorldPerf] stream.chunk_full_redraw_ms (62, 1)@z0: 257.83 ms
[WorldPerf] stream.chunk_border_fix_ms (62, 0)@z0: 208.02 ms
[WorldPerf] stream.chunk_full_redraw_ms (62, 0)@z0: 208.10 ms
[WorldPerf] Shadow.edge_cache_compute (0, 4): 63.22 ms
[WorldPerf] Scheduler.fast_visual_wait_ms: 8.04 ms
[WorldPerf] PlayerChunk coord=(62, 2) z=0 trigger=scheduler loaded=true visible=true state=full_ready phase=done first_pass=true full_ready=true issues=healthy ages(first=-ms full=-ms border=-ms apply=19659ms converge=457ms) queues(fast=0 urgent=0 near=10 full_near=0 full_far=10) requests(load=false staged=false generating=false) scheduler(step=55.16ms exhausted=true)
[WorldPerf] FrameBudgetDispatcher.visual.chunk_manager.streaming_redraw: 55.46 ms
[WorldPerf] FrameBudgetDispatcher.total: 58.61 ms
[WorldPerf] ChunkManager.streaming_redraw_prepare_step.terrain: 11.90 ms
[WorldPerf] ChunkManager.streaming_redraw_step.terrain: 8.65 ms
[WorldPerf] ChunkManager.streaming_redraw_prepare_step.terrain: 8.84 ms
[WorldPerf] ChunkManager.streaming_redraw_step.terrain: 8.40 ms
[WorldPerf] stream.chunk_first_pass_ms (61, 2)@z0: 604.35 ms
[FrameBudget] streaming=1.6ms topology=0.3ms visual=10.4ms spawn=0.0ms total=12.3ms/6.0ms chunk_manager.streaming_load=1.6ms(60) building.room_recompute=0.0ms(56) power.balance_recompute=0.0ms(56) chunk_manager.topology_rebuild=0.3ms(56) underground.fog_update=0.0ms(54) chunk_manager.streaming_redraw=10.4ms(54) mountain_shadow.visual_rebuild=0.1ms(7)
[CodexValidation] reached waypoint 3/6 at (253952.0, 8192.0)
[WorldPerf] PlayerChunk coord=(62, 1) z=0 trigger=scheduler loaded=true visible=true state=full_ready phase=done first_pass=true full_ready=true issues=healthy ages(first=-ms full=-ms border=-ms apply=20515ms converge=1106ms) queues(fast=0 urgent=0 near=1 full_near=1 full_far=15) requests(load=false staged=false generating=false) scheduler(step=6.49ms exhausted=true)
[FrameBudget] streaming=0.3ms topology=0.1ms visual=8.6ms spawn=0.0ms total=9.1ms/6.0ms chunk_manager.streaming_load=0.3ms(60) building.room_recompute=0.0ms(60) power.balance_recompute=0.0ms(60) chunk_manager.topology_rebuild=0.1ms(60) underground.fog_update=0.0ms(59) chunk_manager.streaming_redraw=8.5ms(59) mountain_shadow.visual_rebuild=0.1ms(6)
[WorldPerf] stream.chunk_border_fix_ms (62, -1)@z0: 323.03 ms
[WorldPerf] stream.chunk_full_redraw_ms (62, -1)@z0: 323.17 ms
[WorldPerf] PlayerChunk coord=(62, 0) z=0 trigger=scheduler loaded=true visible=true state=full_ready phase=done first_pass=true full_ready=true issues=healthy ages(first=-ms full=-ms border=-ms apply=21208ms converge=1559ms) queues(fast=0 urgent=0 near=5 full_near=1 full_far=19) requests(load=false staged=false generating=false) scheduler(step=8.88ms exhausted=true)
[WorldPerf] FrameBudgetDispatcher.visual.chunk_manager.streaming_redraw: 32.09 ms
[WorldPerf] FrameBudgetDispatcher.total: 37.23 ms
[WorldPerf] stream.chunk_border_fix_ms (62, -2)@z0: 306.40 ms
[WorldPerf] stream.chunk_full_redraw_ms (62, -2)@z0: 306.57 ms
[WorldPerf] PlayerChunk coord=(62, -1) z=0 trigger=scheduler loaded=true visible=true state=full_ready phase=done first_pass=true full_ready=true issues=healthy ages(first=-ms full=-ms border=-ms apply=21566ms converge=959ms) queues(fast=0 urgent=0 near=0 full_near=1 full_far=21) requests(load=false staged=false generating=false) scheduler(step=9.36ms exhausted=true)
[WorldPerf] FrameBudgetDispatcher.visual.chunk_manager.streaming_redraw: 47.91 ms
[WorldPerf] FrameBudgetDispatcher.total: 50.82 ms
[FrameBudget] streaming=0.6ms topology=0.1ms visual=8.9ms spawn=0.0ms total=9.7ms/6.0ms chunk_manager.streaming_load=0.6ms(60) building.room_recompute=0.0ms(58) power.balance_recompute=0.0ms(58) chunk_manager.topology_rebuild=0.1ms(58) underground.fog_update=0.0ms(57) chunk_manager.streaming_redraw=8.8ms(57) mountain_shadow.visual_rebuild=0.1ms(9)
[WorldPerf] PlayerChunk coord=(62, -2) z=0 trigger=entered_chunk loaded=true visible=true state=full_pending phase=done first_pass=true full_ready=false issues=border_fix_pending ages(first=-ms full=-ms border=467ms apply=21959ms converge=467ms) queues(fast=1 urgent=0 near=9 full_near=0 full_far=24) requests(load=false staged=false generating=false) scheduler(step=0.00ms exhausted=false)
[WorldPerf] Scheduler.fast_visual_wait_ms: 8.83 ms
[WorldPerf] ChunkManager.streaming_redraw_prepare_step.terrain: 15.91 ms
[WorldPerf] ChunkManager.streaming_redraw_step.terrain: 13.79 ms
[WorldPerf] ChunkManager.streaming_redraw_prepare_step.terrain: 19.18 ms
[WorldPerf] ChunkManager.streaming_redraw_step.terrain: 13.12 ms
[WorldPerf] stream.chunk_first_pass_ms (62, -3)@z0: 687.74 ms
[CodexValidation] reached waypoint 4/6 at (253952.0, -8192.0)
[WorldPerf] FrameBudgetDispatcher.visual.chunk_manager.streaming_redraw: 31.45 ms
[WorldPerf] FrameBudgetDispatcher.total: 31.72 ms
[FrameBudget] streaming=1.2ms topology=0.2ms visual=16.0ms spawn=0.0ms total=17.4ms/6.0ms chunk_manager.streaming_load=1.2ms(60) building.room_recompute=0.0ms(55) power.balance_recompute=0.0ms(55) chunk_manager.topology_rebuild=0.2ms(55) underground.fog_update=0.0ms(54) chunk_manager.streaming_redraw=16.0ms(54)
[WorldPerf] === Frame Summary (300 frames) ===
[WorldPerf] Frame time: avg=13.9 ms, p99=50.2 ms, hitches=45
[WorldPerf] Frame budget: dispatcher=11.2ms streaming=0.0ms streaming_load=0.8ms streaming_redraw=0.1ms topology=0.2ms building=0.0ms power=0.0ms visual=0.0ms shadow=10.4ms spawn=0.0ms total=22.7ms/6.0ms
[WorldPerf] Observability: Scheduler.urgent_visual_wait_ms=8.8ms, scheduler.max_urgent_wait_ms=8.8ms
[WorldPerf] FPS: 53.0
[WorldPerf] stream.chunk_border_fix_ms (62, -2)@z0: 1490.05 ms
[WorldPerf] stream.chunk_full_redraw_ms (62, -2)@z0: 1490.18 ms
[WorldPerf] PlayerChunk coord=(62, -2) z=0 trigger=scheduler loaded=true visible=true state=full_ready phase=done first_pass=true full_ready=true issues=healthy ages(first=-ms full=-ms border=-ms apply=22982ms converge=1490ms) queues(fast=0 urgent=0 near=10 full_near=0 full_far=23) requests(load=false staged=false generating=false) scheduler(step=6.15ms exhausted=true)
[WorldPerf] stream.chunk_border_fix_ms (63, -2)@z0: 1437.46 ms
[WorldPerf] stream.chunk_full_redraw_ms (63, -2)@z0: 1437.60 ms
[WorldPerf] stream.chunk_border_fix_ms (0, -2)@z0: 1546.06 ms
[WorldPerf] stream.chunk_full_redraw_ms (0, -2)@z0: 1546.20 ms
[WorldPerf] PlayerChunk coord=(63, -2) z=0 trigger=scheduler loaded=true visible=true state=full_ready phase=done first_pass=true full_ready=true issues=healthy ages(first=-ms full=-ms border=-ms apply=23456ms converge=1680ms) queues(fast=0 urgent=0 near=12 full_near=0 full_far=25) requests(load=false staged=false generating=false) scheduler(step=3.76ms exhausted=false)
[FrameBudget] streaming=0.1ms topology=0.0ms visual=6.9ms spawn=0.0ms total=7.0ms/6.0ms chunk_manager.streaming_load=0.1ms(60) building.room_recompute=0.0ms(60) power.balance_recompute=0.0ms(60) chunk_manager.topology_rebuild=0.0ms(60) underground.fog_update=0.0ms(60) chunk_manager.streaming_redraw=6.9ms(60) mountain_shadow.visual_rebuild=0.0ms(1)
[WorldPerf] FrameBudgetDispatcher.total: 40.42 ms
[WorldPerf] FrameBudgetDispatcher.visual.chunk_manager.streaming_redraw: 39.34 ms
[WorldPerf] Shadow.edge_cache_compute (60, 1): 68.64 ms
[WorldPerf] stream.chunk_border_fix_ms (1, -2)@z0: 244.06 ms
[WorldPerf] stream.chunk_full_redraw_ms (1, -2)@z0: 244.22 ms
[WorldPerf] PlayerChunk coord=(0, -2) z=0 trigger=scheduler loaded=true visible=true state=full_ready phase=done first_pass=true full_ready=true issues=healthy ages(first=-ms full=-ms border=-ms apply=24125ms converge=2159ms) queues(fast=0 urgent=0 near=8 full_near=1 full_far=30) requests(load=false staged=false generating=false) scheduler(step=6.16ms exhausted=true)
[WorldPerf] stream.chunk_border_fix_ms (2, -2)@z0: 221.08 ms
[WorldPerf] stream.chunk_full_redraw_ms (2, -2)@z0: 221.23 ms
[FrameBudget] streaming=0.5ms topology=0.1ms visual=9.4ms spawn=0.0ms total=10.1ms/6.0ms chunk_manager.streaming_load=0.5ms(60) building.room_recompute=0.0ms(59) power.balance_recompute=0.0ms(59) chunk_manager.topology_rebuild=0.1ms(59) underground.fog_update=0.0ms(59) chunk_manager.streaming_redraw=9.3ms(59) mountain_shadow.visual_rebuild=0.1ms(10)
[WorldPerf] PlayerChunk coord=(1, -2) z=0 trigger=scheduler loaded=true visible=true state=full_ready phase=done first_pass=true full_ready=true issues=healthy ages(first=-ms full=-ms border=-ms apply=24499ms converge=958ms) queues(fast=0 urgent=0 near=5 full_near=1 full_far=32) requests(load=false staged=false generating=false) scheduler(step=6.72ms exhausted=true)
[WorldPerf] FrameBudgetDispatcher.total: 45.62 ms
[WorldPerf] FrameBudgetDispatcher.visual.chunk_manager.streaming_redraw: 32.80 ms
[WorldPerf] stream.chunk_border_fix_ms (2, -2)@z0: 417.29 ms
[WorldPerf] stream.chunk_full_redraw_ms (2, -2)@z0: 417.43 ms
[WorldPerf] stream.chunk_border_fix_ms (2, -1)@z0: 417.02 ms
[WorldPerf] stream.chunk_full_redraw_ms (2, -1)@z0: 417.11 ms
[WorldPerf] stream.chunk_border_fix_ms (2, 0)@z0: 400.11 ms
[WorldPerf] stream.chunk_full_redraw_ms (2, 0)@z0: 400.25 ms
[CodexValidation] reached waypoint 5/6 at (8192.0, -8192.0)
[WorldPerf] Scheduler.fast_visual_wait_ms: 8.08 ms
[WorldPerf] PlayerChunk coord=(2, -2) z=0 trigger=scheduler loaded=true visible=true state=full_ready phase=done first_pass=true full_ready=true issues=healthy ages(first=-ms full=-ms border=-ms apply=24808ms converge=506ms) queues(fast=0 urgent=0 near=12 full_near=0 full_far=35) requests(load=false staged=false generating=false) scheduler(step=15.40ms exhausted=true)
[WorldPerf] ChunkManager.streaming_redraw_prepare_step.terrain: 15.50 ms
[WorldPerf] ChunkManager.streaming_redraw_step.terrain: 12.59 ms
[FrameBudget] streaming=0.6ms topology=0.2ms visual=8.6ms spawn=0.0ms total=9.4ms/6.0ms chunk_manager.streaming_load=0.6ms(60) building.room_recompute=0.0ms(58) power.balance_recompute=0.0ms(58) chunk_manager.topology_rebuild=0.2ms(58) underground.fog_update=0.0ms(57) chunk_manager.streaming_redraw=8.5ms(57) mountain_shadow.visual_rebuild=0.1ms(6)
[WorldPerf] ChunkManager.streaming_redraw_prepare_step.terrain: 10.64 ms
[WorldPerf] ChunkManager.streaming_redraw_step.terrain: 10.45 ms
[WorldPerf] stream.chunk_first_pass_ms (3, -2)@z0: 663.74 ms
[WorldPerf] PlayerChunk coord=(1, -2) z=0 trigger=scheduler loaded=true visible=true state=full_ready phase=done first_pass=true full_ready=true issues=healthy ages(first=-ms full=-ms border=-ms apply=25389ms converge=1849ms) queues(fast=0 urgent=0 near=14 full_near=0 full_far=34) requests(load=false staged=false generating=false) scheduler(step=3.11ms exhausted=false)
[FrameBudget] streaming=0.0ms topology=0.0ms visual=7.7ms spawn=0.0ms total=7.7ms/6.0ms chunk_manager.streaming_load=0.0ms(60) building.room_recompute=0.0ms(60) power.balance_recompute=0.0ms(60) chunk_manager.topology_rebuild=0.0ms(60) underground.fog_update=0.0ms(60) chunk_manager.streaming_redraw=7.5ms(60) mountain_shadow.visual_rebuild=0.2ms(15)
[WorldPerf] Shadow.edge_cache_compute (2, -4): 68.07 ms
[WorldPerf] PlayerChunk coord=(0, -1) z=0 trigger=scheduler loaded=true visible=true state=full_ready phase=done first_pass=true full_ready=true issues=healthy ages(first=-ms full=-ms border=-ms apply=37729ms converge=10437ms) queues(fast=0 urgent=0 near=4 full_near=0 full_far=43) requests(load=false staged=false generating=false) scheduler(step=3.79ms exhausted=false)
[FrameBudget] streaming=0.0ms topology=0.0ms visual=6.6ms spawn=0.0ms total=6.7ms/6.0ms chunk_manager.streaming_load=0.0ms(60) building.room_recompute=0.0ms(60) power.balance_recompute=0.0ms(60) chunk_manager.topology_rebuild=0.0ms(60) underground.fog_update=0.0ms(60) chunk_manager.streaming_redraw=6.4ms(60) mountain_shadow.visual_rebuild=0.2ms(19)
[WorldPerf] === Frame Summary (300 frames) ===
[WorldPerf] Frame time: avg=11.0 ms, p99=44.3 ms, hitches=22
[WorldPerf] Frame budget: dispatcher=8.3ms streaming=0.0ms streaming_load=0.3ms streaming_redraw=0.1ms topology=0.1ms building=0.0ms power=0.0ms visual=0.0ms shadow=8.4ms spawn=0.0ms total=17.1ms/6.0ms
[WorldPerf] Observability: Scheduler.urgent_visual_wait_ms=8.1ms, scheduler.max_urgent_wait_ms=8.1ms
[WorldPerf] Shadow.edge_cache_compute (62, -3): 63.89 ms
[WorldPerf] stream.chunk_full_redraw_ms (62, -3)@z0: 5025.28 ms
[WorldPerf] Shadow.edge_cache_compute (4, -1): 68.91 ms
[FrameBudget] streaming=0.0ms topology=0.0ms visual=6.1ms spawn=0.0ms total=6.1ms/6.0ms chunk_manager.streaming_load=0.0ms(60) building.room_recompute=0.0ms(60) power.balance_recompute=0.0ms(60) chunk_manager.topology_rebuild=0.0ms(60) underground.fog_update=0.0ms(60) chunk_manager.streaming_redraw=5.8ms(60) mountain_shadow.visual_rebuild=0.3ms(35)
[CodexValidation] reached waypoint 6/6 at (0.0, 0.0)
[WorldPerf] FrameBudgetDispatcher.visual.chunk_manager.streaming_redraw: 77.35 ms
[WorldPerf] FrameBudgetDispatcher.total: 77.62 ms
[WorldPerf] PlayerChunk coord=(0, 0) z=0 trigger=scheduler loaded=true visible=true state=full_ready phase=done first_pass=true full_ready=true issues=healthy ages(first=-ms full=-ms border=-ms apply=38675ms converge=11222ms) queues(fast=0 urgent=0 near=0 full_near=0 full_far=17) requests(load=false staged=false generating=false) scheduler(step=4.33ms exhausted=true)
[WorldPerf] Shadow.edge_cache_compute (4, 0): 151.12 ms
[CodexValidation] route complete: preset=seam_cross reached=6/6 draining_background_work=true
[FrameBudget] streaming=0.0ms topology=0.0ms visual=7.6ms spawn=0.0ms total=7.7ms/6.0ms chunk_manager.streaming_load=0.0ms(60) building.room_recompute=0.0ms(60) power.balance_recompute=0.0ms(60) chunk_manager.topology_rebuild=0.0ms(60) underground.fog_update=0.0ms(60) chunk_manager.streaming_redraw=7.4ms(60) mountain_shadow.visual_rebuild=0.2ms(44)
[WorldPerf] Shadow.edge_cache_compute (4, -2): 62.39 ms
[WorldPerf] Shadow.edge_cache_compute (4, -3): 61.40 ms
[FrameBudget] streaming=0.0ms topology=0.0ms visual=5.4ms spawn=0.0ms total=5.4ms/6.0ms chunk_manager.streaming_load=0.0ms(60) building.room_recompute=0.0ms(60) power.balance_recompute=0.0ms(60) chunk_manager.topology_rebuild=0.0ms(60) underground.fog_update=0.0ms(60) chunk_manager.streaming_redraw=5.0ms(60) mountain_shadow.visual_rebuild=0.3ms(50)
[WorldPerf] FPS: 114.0
[FrameBudget] streaming=0.0ms topology=0.0ms visual=6.8ms spawn=0.0ms total=6.9ms/6.0ms chunk_manager.streaming_load=0.0ms(60) building.room_recompute=0.0ms(60) power.balance_recompute=0.0ms(60) chunk_manager.topology_rebuild=0.0ms(60) underground.fog_update=0.0ms(60) chunk_manager.streaming_redraw=6.6ms(60) mountain_shadow.visual_rebuild=0.2ms(31)
[WorldPerf] FrameBudgetDispatcher.visual.chunk_manager.streaming_redraw: 61.87 ms
[WorldPerf] FrameBudgetDispatcher.total: 62.09 ms
[WorldPerf] stream.chunk_first_pass_ms (0, -3)@z0: 6676.20 ms
[CodexValidation] route drain complete; preset=seam_cross reached=6/6 redraw_backlog=false
WARNING: ObjectDB instances leaked at exit (run with --verbose for details).
   at: cleanup (core/object/object.cpp:2641)
ERROR: 22 resources still in use at exit (run with --verbose for details).
   at: clear (core/io/resource.cpp:810)
