Godot Engine v4.6.1.stable.official.14d19694e - https://godotengine.org

[WorldPerf] Мировой перф-зонд зафиксировал заметный по времени шаг: Startup start to loading screen visible ms (Startup.start_to_loading_screen_visible_ms); причина — замер превысил порог вывода в лог и требует внимания: 13.08 ms; важность — информационно, без текущего риска игроку; состояние — наблюдается всплеск.
[WorldPerf] Startup.start_to_loading_screen_visible_ms: 13.08 ms
[WorldPerf] Мировой перф-зонд зафиксировал заметный по времени шаг: WorldPrePass compute sample height grid (WorldPrePass.compute.sample_height_grid); причина — замер превысил порог вывода в лог и требует внимания: 135.17 ms; важность — информационно, без текущего риска игроку; состояние — наблюдается всплеск.
[WorldPerf] WorldPrePass.compute.sample_height_grid: 135.17 ms
[FrameBudget] streaming=0.0ms topology=0.0ms visual=0.0ms spawn=0.0ms total=0.0ms/6.0ms building.room_recompute=0.0ms(60) power.balance_recompute=0.0ms(60)
[WorldPerf] Мировой перф-зонд зафиксировал заметный по времени шаг: WorldPrePass compute spine seeds (WorldPrePass.compute.spine_seeds); причина — замер превысил порог вывода в лог и требует внимания: 550.79 ms; важность — информационно, без текущего риска игроку; состояние — наблюдается всплеск.
[WorldPerf] WorldPrePass.compute.spine_seeds: 550.79 ms
[FrameBudget] streaming=0.0ms topology=0.0ms visual=0.0ms spawn=0.0ms total=0.0ms/6.0ms building.room_recompute=0.0ms(60) power.balance_recompute=0.0ms(60)
[WorldPerf] Мировой перф-зонд зафиксировал заметный по времени шаг: WorldPrePass compute ridge graph (WorldPrePass.compute.ridge_graph); причина — замер превысил порог вывода в лог и требует внимания: 68.38 ms; важность — информационно, без текущего риска игроку; состояние — наблюдается всплеск.
[WorldPerf] WorldPrePass.compute.ridge_graph: 68.38 ms
[WorldPerf] WorldPrePass.compute.ridge_strength_grid.native_total: 1.24 ms
[WorldPerf] Мировой перф-зонд зафиксировал заметный по времени шаг: WorldPrePass compute mountain mass grid (WorldPrePass.compute.mountain_mass_grid); причина — замер превысил порог вывода в лог и требует внимания: 334.41 ms; важность — информационно, без текущего риска игроку; состояние — наблюдается всплеск.
[WorldPerf] WorldPrePass.compute.mountain_mass_grid: 334.41 ms
[FrameBudget] streaming=0.0ms topology=0.0ms visual=0.0ms spawn=0.0ms total=0.0ms/6.0ms building.room_recompute=0.0ms(60) power.balance_recompute=0.0ms(60)
[FrameBudget] streaming=0.0ms topology=0.0ms visual=0.0ms spawn=0.0ms total=0.0ms/6.0ms building.room_recompute=0.0ms(60) power.balance_recompute=0.0ms(60)
[WorldPerf] Мировой перф-зонд зафиксировал заметный по времени шаг: WorldPrePass compute lake aware fill extract lake records (WorldPrePass.compute.lake_aware_fill.extract_lake_records); причина — замер превысил порог вывода в лог и требует внимания: 584.98 ms; важность — информационно, без текущего риска игроку; состояние — наблюдается всплеск.
[WorldPerf] WorldPrePass.compute.lake_aware_fill.extract_lake_records: 584.98 ms
[WorldPerf] Мировой перф-зонд зафиксировал заметный по времени шаг: WorldPrePass compute lake aware fill (WorldPrePass.compute.lake_aware_fill); причина — замер превысил порог вывода в лог и требует внимания: 591.24 ms; важность — информационно, без текущего риска игроку; состояние — наблюдается всплеск.
[WorldPerf] WorldPrePass.compute.lake_aware_fill: 591.24 ms
[FrameBudget] streaming=0.0ms topology=0.0ms visual=0.0ms spawn=0.0ms total=0.0ms/6.0ms building.room_recompute=0.0ms(60) power.balance_recompute=0.0ms(60)
[WorldPerf] === Frame Summary (300 frames) ===
[WorldPerf] Frame time: avg=7.4 ms, p99=8.0 ms, hitches=1
[WorldPerf] Frame budget: dispatcher=0.1ms streaming=0.0ms streaming_load=0.0ms streaming_redraw=0.0ms topology=0.0ms building=0.0ms power=0.0ms visual=0.0ms shadow=0.0ms spawn=0.0ms total=0.1ms/6.0ms
[WorldPerf] Observability: Startup.loading_screen_visible=0.0ms, Startup.start_pressed=0.0ms, Startup.start_to_loading_screen_visible_ms=13.1ms
[WorldPerf] Мировой перф-зонд зафиксировал заметный по времени шаг: WorldPrePass compute flow directions (WorldPrePass.compute.flow_directions); причина — замер превысил порог вывода в лог и требует внимания: 709.28 ms; важность — информационно, без текущего риска игроку; состояние — наблюдается всплеск.
[WorldPerf] WorldPrePass.compute.flow_directions: 709.28 ms
[FrameBudget] streaming=0.0ms topology=0.0ms visual=0.0ms spawn=0.0ms total=0.0ms/6.0ms building.room_recompute=0.0ms(60) power.balance_recompute=0.0ms(60)
[FrameBudget] streaming=0.0ms topology=0.0ms visual=0.0ms spawn=0.0ms total=0.0ms/6.0ms building.room_recompute=0.0ms(60) power.balance_recompute=0.0ms(60)
[FrameBudget] streaming=0.0ms topology=0.0ms visual=0.0ms spawn=0.0ms total=0.0ms/6.0ms building.room_recompute=0.0ms(60) power.balance_recompute=0.0ms(60)
[WorldPerf] Мировой перф-зонд зафиксировал заметный по времени шаг: WorldPrePass compute flow accumulation (WorldPrePass.compute.flow_accumulation); причина — замер превысил порог вывода в лог и требует внимания: 895.04 ms; важность — информационно, без текущего риска игроку; состояние — наблюдается всплеск.
[WorldPerf] WorldPrePass.compute.flow_accumulation: 895.04 ms
[WorldPerf] Мировой перф-зонд зафиксировал заметный по времени шаг: WorldPrePass compute floodplain strength (WorldPrePass.compute.floodplain_strength); причина — замер превысил порог вывода в лог и требует внимания: 20.75 ms; важность — информационно, без текущего риска игроку; состояние — наблюдается всплеск.
[WorldPerf] WorldPrePass.compute.floodplain_strength: 20.75 ms
[FrameBudget] streaming=0.0ms topology=0.0ms visual=0.0ms spawn=0.0ms total=0.0ms/6.0ms building.room_recompute=0.0ms(60) power.balance_recompute=0.0ms(60)
[WorldPerf] Мировой перф-зонд зафиксировал заметный по времени шаг: WorldPrePass compute erosion proxy (WorldPrePass.compute.erosion_proxy); причина — замер превысил порог вывода в лог и требует внимания: 391.26 ms; важность — информационно, без текущего риска игроку; состояние — наблюдается всплеск.
[WorldPerf] WorldPrePass.compute.erosion_proxy: 391.26 ms
[FrameBudget] streaming=0.0ms topology=0.0ms visual=0.0ms spawn=0.0ms total=0.0ms/6.0ms building.room_recompute=0.0ms(60) power.balance_recompute=0.0ms(60)
[WorldPerf] === Frame Summary (300 frames) ===
[WorldPerf] Frame time: avg=6.9 ms, p99=6.9 ms, hitches=0
[WorldPerf] Frame budget: dispatcher=0.1ms streaming=0.0ms streaming_load=0.0ms streaming_redraw=0.0ms topology=0.0ms building=0.0ms power=0.0ms visual=0.0ms shadow=0.0ms spawn=0.0ms total=0.1ms/6.0ms
[WorldPerf] Мировой перф-зонд зафиксировал заметный по времени шаг: WorldPrePass compute slope grid (WorldPrePass.compute.slope_grid); причина — замер превысил порог вывода в лог и требует внимания: 405.50 ms; важность — информационно, без текущего риска игроку; состояние — наблюдается всплеск.
[WorldPerf] WorldPrePass.compute.slope_grid: 405.50 ms
[FrameBudget] streaming=0.0ms topology=0.0ms visual=0.0ms spawn=0.0ms total=0.0ms/6.0ms building.room_recompute=0.0ms(60) power.balance_recompute=0.0ms(60)
[FrameBudget] streaming=0.0ms topology=0.0ms visual=0.0ms spawn=0.0ms total=0.0ms/6.0ms building.room_recompute=0.0ms(60) power.balance_recompute=0.0ms(60)
[WorldPerf] Мировой перф-зонд зафиксировал заметный по времени шаг: WorldPrePass compute rain shadow (WorldPrePass.compute.rain_shadow); причина — замер превысил порог вывода в лог и требует внимания: 1009.01 ms; важность — информационно, без текущего риска игроку; состояние — наблюдается всплеск.
[WorldPerf] WorldPrePass.compute.rain_shadow: 1009.01 ms
[WorldPerf] Мировой перф-зонд зафиксировал заметный по времени шаг: WorldPrePass compute continentalness seed water sources (WorldPrePass.compute.continentalness.seed_water_sources); причина — замер превысил порог вывода в лог и требует внимания: 28.39 ms; важность — информационно, без текущего риска игроку; состояние — наблюдается всплеск.
[WorldPerf] WorldPrePass.compute.continentalness.seed_water_sources: 28.39 ms
[WorldPerf] Мировой перф-зонд зафиксировал заметный по времени шаг: WorldPrePass compute continentalness (WorldPrePass.compute.continentalness); причина — замер превысил порог вывода в лог и требует внимания: 38.96 ms; важность — информационно, без текущего риска игроку; состояние — наблюдается всплеск.
[WorldPerf] WorldPrePass.compute.continentalness: 38.96 ms
[WorldPerf] Мировой перф-зонд зафиксировал заметный по времени шаг: WorldGenerator setup world pre pass configure (WorldGenerator._setup_world_pre_pass.configure); причина — замер превысил порог вывода в лог и требует внимания: 59.90 ms; важность — информационно, без текущего риска игроку; состояние — наблюдается всплеск.
[WorldPerf] WorldGenerator._setup_world_pre_pass.configure: 59.90 ms
[WorldPerf] Мировой перф-зонд зафиксировал заметный по времени шаг: WorldGenerator setup world pre pass compute (WorldGenerator._setup_world_pre_pass.compute); причина — замер превысил порог вывода в лог и требует внимания: 5174.43 ms; важность — информационно, без текущего риска игроку; состояние — наблюдается всплеск.
[WorldPerf] WorldGenerator._setup_world_pre_pass.compute: 5174.43 ms
[WorldPerf] Мировой перф-зонд зафиксировал заметный по времени шаг: WorldGenerator initialize world setup world pre pass (WorldGenerator.initialize_world.setup_world_pre_pass); причина — замер превысил порог вывода в лог и требует внимания: 5234.33 ms; важность — информационно, без текущего риска игроку; состояние — наблюдается всплеск.
[WorldPerf] WorldGenerator.initialize_world.setup_world_pre_pass: 5234.33 ms
[WorldGenerator] Native ChunkGenerator initialized (6 biomes, authoritative WorldPrePass snapshot)
[WorldPerf] Мировой перф-зонд зафиксировал заметный по времени шаг: WorldGenerator complete pending initialize world pending age ms (WorldGenerator.complete_pending_initialize_world.pending_age_ms); причина — замер превысил порог вывода в лог и требует внимания: 5236.86 ms; важность — информационно, без текущего риска игроку; состояние — наблюдается всплеск.
[WorldPerf] WorldGenerator.complete_pending_initialize_world.pending_age_ms: 5236.86 ms
[WorldPerf] Мировой перф-зонд зафиксировал заметный по времени шаг: init world generator (_init_world_generator); причина — замер превысил порог вывода в лог и требует внимания: 5244.57 ms; важность — информационно, без текущего риска игроку; состояние — наблюдается всплеск.
[WorldPerf] _init_world_generator: 5244.57 ms
[WorldPerf] Мировой перф-зонд зафиксировал заметный по времени шаг: GameWorld setup after loading screen (GameWorld._setup_after_loading_screen); причина — замер превысил порог вывода в лог и требует внимания: 5300.43 ms; важность — информационно, без текущего риска игроку; состояние — наблюдается всплеск.
[WorldPerf] GameWorld._setup_after_loading_screen: 5300.43 ms
[ChunkTilesetFactory] rock_atlas=240, wall_base=47, variants=5
[ChunkTilesetFactory] ground_faces: start=259 count=47
[ChunkTilesetFactory] rock_atlas=240, wall_base=47, variants=5
[ChunkTilesetFactory] ground_faces: start=259 count=47
[ChunkTilesetFactory] rock_atlas=240, wall_base=47, variants=5
[ChunkTilesetFactory] ground_faces: start=259 count=47
[ChunkTilesetFactory] rock_atlas=240, wall_base=47, variants=5
[ChunkTilesetFactory] ground_faces: start=259 count=47
[ChunkTilesetFactory] rock_atlas=240, wall_base=47, variants=5
[ChunkTilesetFactory] ground_faces: start=259 count=47
[ChunkTilesetFactory] rock_atlas=240, wall_base=47, variants=5
[ChunkTilesetFactory] ground_faces: start=259 count=47
[ChunkTilesetFactory] rock_atlas=240, wall_base=47, variants=5
[ChunkTilesetFactory] ground_faces: start=259 count=47
[WorldDiag] Менеджер чанков мира сообщил о задержке визуальной сходимости: текущий чанк игрока; причина — очередь догрузки мира ещё не довела текущий чанк до готового состояния; важность — заметно игроку сейчас; состояние — ждёт догрузку или применение.
[WorldDiagDetail] actor=chunk_manager action=reported_visual_blocker target=player_chunk reason=queued_not_applied impact=player_visible_issue state=queued code=streaming_truth apply_age_ms=- border_fix_age_ms=- budget_exhausted=false chunk=(0, 0) chunk_loaded=false chunk_visible=false convergence_age_ms=- dispatcher_step_ms=0.00 first_pass_age_ms=- first_pass_ready=false full_ready=false full_redraw_age_ms=- issues_internal=not_loaded,load_queued,first_pass_not_ready phase=none queue_border_fix_far=0 queue_border_fix_near=0 queue_full_far=0 queue_full_near=0 queue_terrain_fast=0 queue_terrain_near=0 queue_terrain_urgent=0 requests_generating=false requests_load=true requests_staged=false state_name=not_loaded trigger=entered_chunk z=0
[WorldDiag] Менеджер чанков мира сообщил о задержке визуальной сходимости: текущий чанк игрока; причина — очередь догрузки мира ещё не довела текущий чанк до готового состояния; важность — заметно игроку сейчас; состояние — ждёт догрузку или применение.
[WorldDiagDetail] actor=chunk_manager action=reported_visual_blocker target=player_chunk reason=queued_not_applied impact=player_visible_issue state=queued code=streaming_truth apply_age_ms=- border_fix_age_ms=- budget_exhausted=false chunk=(0, 0) chunk_loaded=false chunk_visible=false convergence_age_ms=- dispatcher_step_ms=0.01 first_pass_age_ms=- first_pass_ready=false full_ready=false full_redraw_age_ms=- issues_internal=not_loaded,generating,first_pass_not_ready phase=none queue_border_fix_far=0 queue_border_fix_near=0 queue_full_far=0 queue_full_near=0 queue_terrain_fast=0 queue_terrain_near=0 queue_terrain_urgent=0 requests_generating=true requests_load=false requests_staged=false state_name=not_loaded trigger=scheduler z=0
[FrameBudget] streaming=0.1ms topology=0.0ms visual=0.0ms spawn=0.0ms total=0.1ms/6.0ms building.room_recompute=0.0ms(60) power.balance_recompute=0.0ms(60) chunk_manager.streaming_load=0.1ms(20) chunk_manager.topology_rebuild=0.0ms(20) underground.fog_update=0.0ms(20) chunk_manager.streaming_redraw=0.0ms(20) mountain_shadow.visual_rebuild=0.0ms(20)
[FrameBudget] streaming=0.0ms topology=0.0ms visual=0.0ms spawn=0.0ms total=0.0ms/6.0ms chunk_manager.streaming_load=0.0ms(60) building.room_recompute=0.0ms(60) power.balance_recompute=0.0ms(60) chunk_manager.topology_rebuild=0.0ms(60) underground.fog_update=0.0ms(60) chunk_manager.streaming_redraw=0.0ms(60) mountain_shadow.visual_rebuild=0.0ms(60)
[FrameBudget] streaming=0.0ms topology=0.0ms visual=0.0ms spawn=0.0ms total=0.0ms/6.0ms chunk_manager.streaming_load=0.0ms(60) building.room_recompute=0.0ms(60) power.balance_recompute=0.0ms(60) chunk_manager.topology_rebuild=0.0ms(60) underground.fog_update=0.0ms(60) chunk_manager.streaming_redraw=0.0ms(60) mountain_shadow.visual_rebuild=0.0ms(60)
[WorldPerf] === Frame Summary (300 frames) ===
[WorldPerf] Frame time: avg=7.4 ms, p99=6.9 ms, hitches=1
[WorldPerf] Frame budget: dispatcher=0.1ms streaming=0.0ms streaming_load=0.0ms streaming_redraw=0.0ms topology=0.0ms building=0.0ms power=0.0ms visual=0.0ms shadow=0.0ms spawn=0.0ms total=0.2ms/6.0ms
[FrameBudget] streaming=0.0ms topology=0.0ms visual=0.0ms spawn=0.0ms total=0.0ms/6.0ms chunk_manager.streaming_load=0.0ms(60) building.room_recompute=0.0ms(60) power.balance_recompute=0.0ms(60) chunk_manager.topology_rebuild=0.0ms(60) underground.fog_update=0.0ms(60) chunk_manager.streaming_redraw=0.0ms(60) mountain_shadow.visual_rebuild=0.0ms(60)
[ChunkGen] slow native generate_chunk (1, 0): 625.0 ms
[ChunkGen] slow native generate_chunk (0, 0): 659.6 ms
[ChunkGen] slow native generate_chunk (0, -1): 659.4 ms
[FrameBudget] streaming=0.0ms topology=0.0ms visual=0.0ms spawn=0.0ms total=0.0ms/6.0ms chunk_manager.streaming_load=0.0ms(60) building.room_recompute=0.0ms(60) power.balance_recompute=0.0ms(60) chunk_manager.topology_rebuild=0.0ms(60) underground.fog_update=0.0ms(60) chunk_manager.streaming_redraw=0.0ms(60) mountain_shadow.visual_rebuild=0.0ms(60)
[FrameBudget] streaming=0.0ms topology=0.0ms visual=0.0ms spawn=0.0ms total=0.0ms/6.0ms chunk_manager.streaming_load=0.0ms(60) building.room_recompute=0.0ms(60) power.balance_recompute=0.0ms(60) chunk_manager.topology_rebuild=0.0ms(60) underground.fog_update=0.0ms(60) chunk_manager.streaming_redraw=0.0ms(60) mountain_shadow.visual_rebuild=0.0ms(60)
[FrameBudget] streaming=0.0ms topology=0.0ms visual=0.0ms spawn=0.0ms total=0.1ms/6.0ms chunk_manager.streaming_load=0.0ms(60) building.room_recompute=0.0ms(60) power.balance_recompute=0.0ms(60) chunk_manager.topology_rebuild=0.0ms(60) underground.fog_update=0.0ms(60) chunk_manager.streaming_redraw=0.0ms(60) mountain_shadow.visual_rebuild=0.0ms(60)
[FrameBudget] streaming=0.0ms topology=0.0ms visual=0.0ms spawn=0.0ms total=0.1ms/6.0ms chunk_manager.streaming_load=0.0ms(60) building.room_recompute=0.0ms(60) power.balance_recompute=0.0ms(60) chunk_manager.topology_rebuild=0.0ms(60) underground.fog_update=0.0ms(60) chunk_manager.streaming_redraw=0.0ms(60) mountain_shadow.visual_rebuild=0.0ms(60)
[WorldPerf] === Frame Summary (300 frames) ===
[WorldPerf] Frame time: avg=6.9 ms, p99=6.9 ms, hitches=0
[WorldPerf] Frame budget: dispatcher=0.2ms streaming=0.0ms streaming_load=0.0ms streaming_redraw=0.0ms topology=0.0ms building=0.0ms power=0.0ms visual=0.0ms shadow=0.0ms spawn=0.0ms total=0.3ms/6.0ms
[FrameBudget] streaming=0.0ms topology=0.0ms visual=0.0ms spawn=0.0ms total=0.0ms/6.0ms chunk_manager.streaming_load=0.0ms(60) building.room_recompute=0.0ms(60) power.balance_recompute=0.0ms(60) chunk_manager.topology_rebuild=0.0ms(60) underground.fog_update=0.0ms(60) chunk_manager.streaming_redraw=0.0ms(60) mountain_shadow.visual_rebuild=0.0ms(60)
[ChunkGen] slow native generate_chunk (63, 0): 657.0 ms
[ChunkGen] slow native generate_chunk (0, -1): 674.9 ms
[ChunkGen] slow native generate_chunk (0, 0): 684.7 ms
[FrameBudget] streaming=0.0ms topology=0.0ms visual=0.0ms spawn=0.0ms total=0.1ms/6.0ms chunk_manager.streaming_load=0.0ms(60) building.room_recompute=0.0ms(60) power.balance_recompute=0.0ms(60) chunk_manager.topology_rebuild=0.0ms(60) underground.fog_update=0.0ms(60) chunk_manager.streaming_redraw=0.0ms(60) mountain_shadow.visual_rebuild=0.0ms(60)
[FrameBudget] streaming=0.0ms topology=0.0ms visual=0.0ms spawn=0.0ms total=0.0ms/6.0ms chunk_manager.streaming_load=0.0ms(60) building.room_recompute=0.0ms(60) power.balance_recompute=0.0ms(60) chunk_manager.topology_rebuild=0.0ms(60) underground.fog_update=0.0ms(60) chunk_manager.streaming_redraw=0.0ms(60) mountain_shadow.visual_rebuild=0.0ms(60)
[FrameBudget] streaming=0.0ms topology=0.0ms visual=0.0ms spawn=0.0ms total=0.0ms/6.0ms chunk_manager.streaming_load=0.0ms(60) building.room_recompute=0.0ms(60) power.balance_recompute=0.0ms(60) chunk_manager.topology_rebuild=0.0ms(60) underground.fog_update=0.0ms(60) chunk_manager.streaming_redraw=0.0ms(60) mountain_shadow.visual_rebuild=0.0ms(60)
[WorldPerf] FPS: 142.0
[FrameBudget] streaming=0.0ms topology=0.0ms visual=0.0ms spawn=0.0ms total=0.0ms/6.0ms chunk_manager.streaming_load=0.0ms(60) building.room_recompute=0.0ms(60) power.balance_recompute=0.0ms(60) chunk_manager.topology_rebuild=0.0ms(60) underground.fog_update=0.0ms(60) chunk_manager.streaming_redraw=0.0ms(60) mountain_shadow.visual_rebuild=0.0ms(60)
[WorldPerf] === Frame Summary (300 frames) ===
[WorldPerf] Frame time: avg=7.0 ms, p99=11.1 ms, hitches=1
[WorldPerf] Frame budget: dispatcher=0.2ms streaming=0.0ms streaming_load=0.0ms streaming_redraw=0.0ms topology=0.0ms building=0.0ms power=0.0ms visual=0.0ms shadow=0.0ms spawn=0.0ms total=0.4ms/6.0ms
[WorldPerf] Boot detail: compute=0.0ms apply=0.0ms redraw=0.0ms topology=0.0ms shadow=0.0ms milestones=0 other=0.1ms | peaks: compute=0.0ms apply=3.0ms redraw=0.0ms topology=0.0ms shadow=0.0ms milestones=0.0ms stream_load=0.1ms stream_redraw=0.0ms
[ChunkGen] slow native generate_chunk (1, 0): 611.3 ms
[ChunkGen] slow native generate_chunk (0, 1): 648.4 ms
[ChunkGen] slow native generate_chunk (63, 0): 620.9 ms
[FrameBudget] streaming=0.0ms topology=0.0ms visual=0.0ms spawn=0.0ms total=0.1ms/6.0ms chunk_manager.streaming_load=0.0ms(60) building.room_recompute=0.0ms(60) power.balance_recompute=0.0ms(60) chunk_manager.topology_rebuild=0.0ms(60) underground.fog_update=0.0ms(60) chunk_manager.streaming_redraw=0.0ms(60) mountain_shadow.visual_rebuild=0.0ms(60)
[FrameBudget] streaming=0.0ms topology=0.0ms visual=0.0ms spawn=0.0ms total=0.1ms/6.0ms chunk_manager.streaming_load=0.0ms(60) building.room_recompute=0.0ms(60) power.balance_recompute=0.0ms(60) chunk_manager.topology_rebuild=0.0ms(60) underground.fog_update=0.0ms(60) chunk_manager.streaming_redraw=0.0ms(60) mountain_shadow.visual_rebuild=0.0ms(60)
[FrameBudget] streaming=0.0ms topology=0.0ms visual=0.0ms spawn=0.0ms total=0.0ms/6.0ms chunk_manager.streaming_load=0.0ms(60) building.room_recompute=0.0ms(60) power.balance_recompute=0.0ms(60) chunk_manager.topology_rebuild=0.0ms(60) underground.fog_update=0.0ms(60) chunk_manager.streaming_redraw=0.0ms(60) mountain_shadow.visual_rebuild=0.0ms(60)
[FrameBudget] streaming=0.0ms topology=0.0ms visual=0.0ms spawn=0.0ms total=0.0ms/6.0ms chunk_manager.streaming_load=0.0ms(60) building.room_recompute=0.0ms(60) power.balance_recompute=0.0ms(60) chunk_manager.topology_rebuild=0.0ms(60) underground.fog_update=0.0ms(60) chunk_manager.streaming_redraw=0.0ms(60) mountain_shadow.visual_rebuild=0.0ms(60)
[ChunkGen] slow native generate_chunk (1, -1): 628.4 ms
[FrameBudget] streaming=0.0ms topology=0.0ms visual=0.0ms spawn=0.0ms total=0.1ms/6.0ms chunk_manager.streaming_load=0.0ms(60) building.room_recompute=0.0ms(60) power.balance_recompute=0.0ms(60) chunk_manager.topology_rebuild=0.0ms(60) underground.fog_update=0.0ms(60) chunk_manager.streaming_redraw=0.0ms(60) mountain_shadow.visual_rebuild=0.0ms(60)
[WorldPerf] === Frame Summary (300 frames) ===
[WorldPerf] Frame time: avg=7.0 ms, p99=11.1 ms, hitches=0
[WorldPerf] Frame budget: dispatcher=0.2ms streaming=0.0ms streaming_load=0.0ms streaming_redraw=0.0ms topology=0.0ms building=0.0ms power=0.0ms visual=0.0ms shadow=0.0ms spawn=0.0ms total=0.6ms/6.0ms
[WorldPerf] Boot detail: compute=0.0ms apply=0.0ms redraw=0.0ms topology=0.0ms shadow=0.0ms milestones=0 other=0.3ms | peaks: compute=0.0ms apply=3.1ms redraw=0.0ms topology=0.0ms shadow=0.0ms milestones=0.0ms stream_load=0.0ms stream_redraw=0.0ms
[ChunkGen] slow native generate_chunk (1, 1): 631.6 ms
[ChunkGen] slow native generate_chunk (63, -1): 640.3 ms
[FrameBudget] streaming=0.0ms topology=0.0ms visual=0.1ms spawn=0.0ms total=0.1ms/6.0ms chunk_manager.streaming_load=0.0ms(60) building.room_recompute=0.0ms(60) power.balance_recompute=0.0ms(60) chunk_manager.topology_rebuild=0.0ms(60) underground.fog_update=0.0ms(60) chunk_manager.streaming_redraw=0.0ms(60) mountain_shadow.visual_rebuild=0.1ms(60)
[FrameBudget] streaming=0.0ms topology=0.0ms visual=0.0ms spawn=0.0ms total=0.1ms/6.0ms chunk_manager.streaming_load=0.0ms(60) building.room_recompute=0.0ms(60) power.balance_recompute=0.0ms(60) chunk_manager.topology_rebuild=0.0ms(60) underground.fog_update=0.0ms(60) chunk_manager.streaming_redraw=0.0ms(60) mountain_shadow.visual_rebuild=0.0ms(60)
[FrameBudget] streaming=0.0ms topology=0.0ms visual=0.0ms spawn=0.0ms total=0.0ms/6.0ms chunk_manager.streaming_load=0.0ms(60) building.room_recompute=0.0ms(60) power.balance_recompute=0.0ms(60) chunk_manager.topology_rebuild=0.0ms(60) underground.fog_update=0.0ms(60) chunk_manager.streaming_redraw=0.0ms(60) mountain_shadow.visual_rebuild=0.0ms(60)
[ChunkGen] slow native generate_chunk (63, 1): 622.2 ms
[FrameBudget] streaming=0.0ms topology=0.0ms visual=0.0ms spawn=0.0ms total=0.0ms/6.0ms chunk_manager.streaming_load=0.0ms(60) building.room_recompute=0.0ms(60) power.balance_recompute=0.0ms(60) chunk_manager.topology_rebuild=0.0ms(60) underground.fog_update=0.0ms(60) chunk_manager.streaming_redraw=0.0ms(60) mountain_shadow.visual_rebuild=0.0ms(60)
[WorldPerf] Мировой перф-зонд зафиксировал заметный по времени шаг: Shadow edge cache compute (63, 1) (Shadow.edge_cache_compute (63, 1)); причина — замер превысил порог вывода в лог и требует внимания: 259.69 ms; важность — информационно, без текущего риска игроку; состояние — наблюдается всплеск.
[WorldPerf] Shadow.edge_cache_compute (63, 1): 259.69 ms
[ChunkGen] slow native generate_chunk (2, 0): 660.0 ms
[ChunkGen] slow native generate_chunk (0, -2): 658.4 ms
[FrameBudget] streaming=0.0ms topology=0.0ms visual=0.3ms spawn=0.0ms total=0.3ms/6.0ms chunk_manager.streaming_load=0.0ms(60) building.room_recompute=0.0ms(60) power.balance_recompute=0.0ms(60) chunk_manager.topology_rebuild=0.0ms(60) underground.fog_update=0.0ms(60) chunk_manager.streaming_redraw=0.0ms(60) mountain_shadow.visual_rebuild=0.3ms(60)
[WorldPerf] === Frame Summary (300 frames) ===
[WorldPerf] Frame time: avg=7.1 ms, p99=13.8 ms, hitches=1
[WorldPerf] Frame budget: dispatcher=0.3ms streaming=0.0ms streaming_load=0.0ms streaming_redraw=0.0ms topology=0.0ms building=0.0ms power=0.0ms visual=0.0ms shadow=1.0ms spawn=0.0ms total=1.6ms/6.0ms
[WorldPerf] Boot detail: compute=0.0ms apply=0.0ms redraw=0.0ms topology=0.0ms shadow=0.0ms milestones=0 other=0.3ms | peaks: compute=0.0ms apply=3.7ms redraw=0.0ms topology=0.0ms shadow=0.0ms milestones=0.0ms stream_load=0.0ms stream_redraw=1.1ms
[FrameBudget] streaming=0.0ms topology=0.0ms visual=0.0ms spawn=0.0ms total=0.1ms/6.0ms chunk_manager.streaming_load=0.0ms(60) building.room_recompute=0.0ms(60) power.balance_recompute=0.0ms(60) chunk_manager.topology_rebuild=0.0ms(60) underground.fog_update=0.0ms(60) chunk_manager.streaming_redraw=0.0ms(60) mountain_shadow.visual_rebuild=0.0ms(60)
[WorldPerf] FPS: 140.0
[FrameBudget] streaming=0.0ms topology=0.0ms visual=0.0ms spawn=0.0ms total=0.0ms/6.0ms chunk_manager.streaming_load=0.0ms(60) building.room_recompute=0.0ms(60) power.balance_recompute=0.0ms(60) chunk_manager.topology_rebuild=0.0ms(60) underground.fog_update=0.0ms(60) chunk_manager.streaming_redraw=0.0ms(60) mountain_shadow.visual_rebuild=0.0ms(60)
[FrameBudget] streaming=0.0ms topology=0.0ms visual=0.0ms spawn=0.0ms total=0.0ms/6.0ms chunk_manager.streaming_load=0.0ms(60) building.room_recompute=0.0ms(60) power.balance_recompute=0.0ms(60) chunk_manager.topology_rebuild=0.0ms(60) underground.fog_update=0.0ms(60) chunk_manager.streaming_redraw=0.0ms(60) mountain_shadow.visual_rebuild=0.0ms(60)
[ChunkGen] slow native generate_chunk (62, 0): 635.6 ms
[FrameBudget] streaming=0.0ms topology=0.0ms visual=0.0ms spawn=0.0ms total=0.0ms/6.0ms chunk_manager.streaming_load=0.0ms(60) building.room_recompute=0.0ms(60) power.balance_recompute=0.0ms(60) chunk_manager.topology_rebuild=0.0ms(60) underground.fog_update=0.0ms(60) chunk_manager.streaming_redraw=0.0ms(60) mountain_shadow.visual_rebuild=0.0ms(60)
[ChunkGen] slow native generate_chunk (0, 2): 640.1 ms
[ChunkGen] slow native generate_chunk (1, -2): 654.2 ms
[FrameBudget] streaming=0.0ms topology=0.0ms visual=0.0ms spawn=0.0ms total=0.0ms/6.0ms chunk_manager.streaming_load=0.0ms(60) building.room_recompute=0.0ms(60) power.balance_recompute=0.0ms(60) chunk_manager.topology_rebuild=0.0ms(60) underground.fog_update=0.0ms(60) chunk_manager.streaming_redraw=0.0ms(60) mountain_shadow.visual_rebuild=0.0ms(60)
[WorldPerf] === Frame Summary (300 frames) ===
[WorldPerf] Frame time: avg=7.0 ms, p99=7.4 ms, hitches=0
[WorldPerf] Frame budget: dispatcher=0.2ms streaming=0.0ms streaming_load=0.0ms streaming_redraw=0.0ms topology=0.0ms building=0.0ms power=0.0ms visual=0.0ms shadow=0.0ms spawn=0.0ms total=0.5ms/6.0ms
[WorldPerf] Boot detail: compute=0.0ms apply=0.0ms redraw=0.0ms topology=0.0ms shadow=0.0ms milestones=0 other=0.3ms | peaks: compute=0.0ms apply=0.0ms redraw=0.0ms topology=0.0ms shadow=0.0ms milestones=0.0ms stream_load=0.0ms stream_redraw=0.0ms
[FrameBudget] streaming=0.0ms topology=0.0ms visual=0.0ms spawn=0.0ms total=0.0ms/6.0ms chunk_manager.streaming_load=0.0ms(60) building.room_recompute=0.0ms(60) power.balance_recompute=0.0ms(60) chunk_manager.topology_rebuild=0.0ms(60) underground.fog_update=0.0ms(60) chunk_manager.streaming_redraw=0.0ms(60) mountain_shadow.visual_rebuild=0.0ms(60)
[FrameBudget] streaming=0.0ms topology=0.0ms visual=0.0ms spawn=0.0ms total=0.0ms/6.0ms chunk_manager.streaming_load=0.0ms(60) building.room_recompute=0.0ms(60) power.balance_recompute=0.0ms(60) chunk_manager.topology_rebuild=0.0ms(60) underground.fog_update=0.0ms(60) chunk_manager.streaming_redraw=0.0ms(60) mountain_shadow.visual_rebuild=0.0ms(60)
[FrameBudget] streaming=0.0ms topology=0.0ms visual=0.0ms spawn=0.0ms total=0.1ms/6.0ms chunk_manager.streaming_load=0.0ms(60) building.room_recompute=0.0ms(60) power.balance_recompute=0.0ms(60) chunk_manager.topology_rebuild=0.0ms(60) underground.fog_update=0.0ms(60) chunk_manager.streaming_redraw=0.0ms(60) mountain_shadow.visual_rebuild=0.0ms(60)
[ChunkGen] slow native generate_chunk (63, -2): 633.3 ms
[ChunkGen] slow native generate_chunk (62, -1): 608.4 ms
[ChunkGen] slow native generate_chunk (2, -1): 658.1 ms
[FrameBudget] streaming=0.0ms topology=0.0ms visual=0.0ms spawn=0.0ms total=0.1ms/6.0ms chunk_manager.streaming_load=0.0ms(60) building.room_recompute=0.0ms(60) power.balance_recompute=0.0ms(60) chunk_manager.topology_rebuild=0.0ms(60) underground.fog_update=0.0ms(60) chunk_manager.streaming_redraw=0.0ms(60) mountain_shadow.visual_rebuild=0.0ms(60)
[WorldPerf] Мировой перф-зонд зафиксировал заметный по времени шаг: Boot loop step ms (Boot.loop_step_ms); причина — замер превысил порог вывода в лог и требует внимания: 36.38 ms; важность — информационно, без текущего риска игроку; состояние — наблюдается всплеск.
[WorldPerf] Boot.loop_step_ms: 36.38 ms
[FrameBudget] streaming=0.0ms topology=0.0ms visual=0.0ms spawn=0.0ms total=0.0ms/6.0ms chunk_manager.streaming_load=0.0ms(60) building.room_recompute=0.0ms(60) power.balance_recompute=0.0ms(60) chunk_manager.topology_rebuild=0.0ms(60) underground.fog_update=0.0ms(60) chunk_manager.streaming_redraw=0.0ms(60) mountain_shadow.visual_rebuild=0.0ms(60)
[WorldPerf] === Frame Summary (300 frames) ===
[WorldPerf] Frame time: avg=7.0 ms, p99=7.1 ms, hitches=1
[WorldPerf] Frame budget: dispatcher=0.2ms streaming=0.0ms streaming_load=0.0ms streaming_redraw=0.0ms topology=0.0ms building=0.0ms power=0.0ms visual=0.0ms shadow=0.0ms spawn=0.0ms total=0.4ms/6.0ms
[WorldPerf] Boot detail: compute=0.0ms apply=0.0ms redraw=0.0ms topology=0.0ms shadow=0.0ms milestones=0 other=0.2ms | peaks: compute=0.0ms apply=0.0ms redraw=0.0ms topology=0.0ms shadow=0.0ms milestones=0.0ms stream_load=0.0ms stream_redraw=0.0ms
[FrameBudget] streaming=0.0ms topology=0.0ms visual=0.0ms spawn=0.0ms total=0.0ms/6.0ms chunk_manager.streaming_load=0.0ms(60) building.room_recompute=0.0ms(60) power.balance_recompute=0.0ms(60) chunk_manager.topology_rebuild=0.0ms(60) underground.fog_update=0.0ms(60) chunk_manager.streaming_redraw=0.0ms(60) mountain_shadow.visual_rebuild=0.0ms(60)
[FrameBudget] streaming=0.0ms topology=0.0ms visual=0.0ms spawn=0.0ms total=0.0ms/6.0ms chunk_manager.streaming_load=0.0ms(60) building.room_recompute=0.0ms(60) power.balance_recompute=0.0ms(60) chunk_manager.topology_rebuild=0.0ms(60) underground.fog_update=0.0ms(60) chunk_manager.streaming_redraw=0.0ms(60) mountain_shadow.visual_rebuild=0.0ms(60)
[ChunkGen] slow native generate_chunk (2, 1): 671.6 ms
[FrameBudget] streaming=0.0ms topology=0.0ms visual=0.0ms spawn=0.0ms total=0.0ms/6.0ms chunk_manager.streaming_load=0.0ms(60) building.room_recompute=0.0ms(60) power.balance_recompute=0.0ms(60) chunk_manager.topology_rebuild=0.0ms(60) underground.fog_update=0.0ms(60) chunk_manager.streaming_redraw=0.0ms(60) mountain_shadow.visual_rebuild=0.0ms(60)
[WorldPerf] FPS: 144.0
[ChunkGen] slow native generate_chunk (62, 1): 658.3 ms
[ChunkGen] slow native generate_chunk (1, 2): 651.5 ms
[FrameBudget] streaming=0.0ms topology=0.0ms visual=0.0ms spawn=0.0ms total=0.0ms/6.0ms chunk_manager.streaming_load=0.0ms(60) building.room_recompute=0.0ms(60) power.balance_recompute=0.0ms(60) chunk_manager.topology_rebuild=0.0ms(60) underground.fog_update=0.0ms(60) chunk_manager.streaming_redraw=0.0ms(60) mountain_shadow.visual_rebuild=0.0ms(60)
[FrameBudget] streaming=0.0ms topology=0.0ms visual=0.0ms spawn=0.0ms total=0.0ms/6.0ms chunk_manager.streaming_load=0.0ms(60) building.room_recompute=0.0ms(60) power.balance_recompute=0.0ms(60) chunk_manager.topology_rebuild=0.0ms(60) underground.fog_update=0.0ms(60) chunk_manager.streaming_redraw=0.0ms(60) mountain_shadow.visual_rebuild=0.0ms(60)
[WorldPerf] === Frame Summary (300 frames) ===
[WorldPerf] Frame time: avg=7.0 ms, p99=8.3 ms, hitches=0
[WorldPerf] Frame budget: dispatcher=0.2ms streaming=0.0ms streaming_load=0.0ms streaming_redraw=0.0ms topology=0.0ms building=0.0ms power=0.0ms visual=0.0ms shadow=0.0ms spawn=0.0ms total=0.4ms/6.0ms
[WorldPerf] Boot detail: compute=0.0ms apply=0.0ms redraw=0.0ms topology=0.0ms shadow=0.0ms milestones=0 other=0.2ms | peaks: compute=0.0ms apply=0.0ms redraw=0.0ms topology=0.0ms shadow=0.0ms milestones=0.0ms stream_load=0.0ms stream_redraw=0.0ms
[FrameBudget] streaming=0.0ms topology=0.0ms visual=0.0ms spawn=0.0ms total=0.0ms/6.0ms chunk_manager.streaming_load=0.0ms(60) building.room_recompute=0.0ms(60) power.balance_recompute=0.0ms(60) chunk_manager.topology_rebuild=0.0ms(60) underground.fog_update=0.0ms(60) chunk_manager.streaming_redraw=0.0ms(60) mountain_shadow.visual_rebuild=0.0ms(60)
[ChunkGen] slow native generate_chunk (63, 2): 597.2 ms
[FrameBudget] streaming=0.0ms topology=0.0ms visual=0.0ms spawn=0.0ms total=0.1ms/6.0ms chunk_manager.streaming_load=0.0ms(60) building.room_recompute=0.0ms(60) power.balance_recompute=0.0ms(60) chunk_manager.topology_rebuild=0.0ms(60) underground.fog_update=0.0ms(60) chunk_manager.streaming_redraw=0.0ms(60) mountain_shadow.visual_rebuild=0.0ms(60)
[ChunkGen] slow native generate_chunk (62, -2): 671.2 ms
[ChunkGen] slow native generate_chunk (2, -2): 698.4 ms
[FrameBudget] streaming=0.0ms topology=0.0ms visual=0.0ms spawn=0.0ms total=0.0ms/6.0ms chunk_manager.streaming_load=0.0ms(60) building.room_recompute=0.0ms(60) power.balance_recompute=0.0ms(60) chunk_manager.topology_rebuild=0.0ms(60) underground.fog_update=0.0ms(60) chunk_manager.streaming_redraw=0.0ms(60) mountain_shadow.visual_rebuild=0.0ms(60)
[FrameBudget] streaming=0.0ms topology=0.0ms visual=0.0ms spawn=0.0ms total=0.1ms/6.0ms chunk_manager.streaming_load=0.0ms(60) building.room_recompute=0.0ms(60) power.balance_recompute=0.0ms(60) chunk_manager.topology_rebuild=0.0ms(60) underground.fog_update=0.0ms(60) chunk_manager.streaming_redraw=0.0ms(60) mountain_shadow.visual_rebuild=0.0ms(60)
[FrameBudget] streaming=0.0ms topology=0.0ms visual=0.0ms spawn=0.0ms total=0.1ms/6.0ms chunk_manager.streaming_load=0.0ms(60) building.room_recompute=0.0ms(60) power.balance_recompute=0.0ms(60) chunk_manager.topology_rebuild=0.0ms(60) underground.fog_update=0.0ms(60) chunk_manager.streaming_redraw=0.0ms(60) mountain_shadow.visual_rebuild=0.0ms(60)
[WorldPerf] === Frame Summary (300 frames) ===
[WorldPerf] Frame time: avg=7.0 ms, p99=8.3 ms, hitches=0
[WorldPerf] Frame budget: dispatcher=0.2ms streaming=0.0ms streaming_load=0.0ms streaming_redraw=0.0ms topology=0.0ms building=0.0ms power=0.0ms visual=0.0ms shadow=0.0ms spawn=0.0ms total=0.5ms/6.0ms
[WorldPerf] Boot detail: compute=0.0ms apply=0.0ms redraw=0.0ms topology=0.0ms shadow=0.0ms milestones=0 other=0.2ms | peaks: compute=0.0ms apply=0.0ms redraw=0.0ms topology=0.0ms shadow=0.0ms milestones=0.0ms stream_load=0.2ms stream_redraw=1.1ms
[FrameBudget] streaming=0.0ms topology=0.0ms visual=0.0ms spawn=0.0ms total=0.0ms/6.0ms chunk_manager.streaming_load=0.0ms(60) building.room_recompute=0.0ms(60) power.balance_recompute=0.0ms(60) chunk_manager.topology_rebuild=0.0ms(60) underground.fog_update=0.0ms(60) chunk_manager.streaming_redraw=0.0ms(60) mountain_shadow.visual_rebuild=0.0ms(60)
[ChunkGen] slow native generate_chunk (2, 2): 599.3 ms
[WorldPerf] Мировой перф-зонд зафиксировал заметный по времени шаг: время первого визуального прохода чанка (stream.chunk_first_pass_ms (0, 0)@z0); причина — замер превысил порог вывода в лог и требует внимания: 14698.68 ms; важность — только фоновый долг сходимости; состояние — наблюдается всплеск.
[WorldPerf] stream.chunk_first_pass_ms (0, 0)@z0: 14698.68 ms
[ChunkGen] slow native generate_chunk (62, 2): 562.9 ms
[FrameBudget] streaming=0.0ms topology=0.0ms visual=0.0ms spawn=0.0ms total=0.0ms/6.0ms chunk_manager.streaming_load=0.0ms(60) building.room_recompute=0.0ms(60) power.balance_recompute=0.0ms(60) chunk_manager.topology_rebuild=0.0ms(60) underground.fog_update=0.0ms(60) chunk_manager.streaming_redraw=0.0ms(60) mountain_shadow.visual_rebuild=0.0ms(60)
[FrameBudget] streaming=0.0ms topology=0.0ms visual=0.0ms spawn=0.0ms total=0.0ms/6.0ms chunk_manager.streaming_load=0.0ms(60) building.room_recompute=0.0ms(60) power.balance_recompute=0.0ms(60) chunk_manager.topology_rebuild=0.0ms(60) underground.fog_update=0.0ms(60) chunk_manager.streaming_redraw=0.0ms(60) mountain_shadow.visual_rebuild=0.0ms(60)
[FrameBudget] streaming=0.0ms topology=0.0ms visual=0.0ms spawn=0.0ms total=0.0ms/6.0ms chunk_manager.streaming_load=0.0ms(60) building.room_recompute=0.0ms(60) power.balance_recompute=0.0ms(60) chunk_manager.topology_rebuild=0.0ms(60) underground.fog_update=0.0ms(60) chunk_manager.streaming_redraw=0.0ms(60) mountain_shadow.visual_rebuild=0.0ms(60)
[FrameBudget] streaming=0.0ms topology=0.0ms visual=0.0ms spawn=0.0ms total=0.0ms/6.0ms chunk_manager.streaming_load=0.0ms(60) building.room_recompute=0.0ms(60) power.balance_recompute=0.0ms(60) chunk_manager.topology_rebuild=0.0ms(60) underground.fog_update=0.0ms(60) chunk_manager.streaming_redraw=0.0ms(60) mountain_shadow.visual_rebuild=0.0ms(60)
[WorldPerf] === Frame Summary (300 frames) ===
[WorldPerf] Frame time: avg=6.9 ms, p99=8.3 ms, hitches=0
[WorldPerf] Frame budget: dispatcher=0.2ms streaming=0.0ms streaming_load=0.0ms streaming_redraw=0.0ms topology=0.0ms building=0.0ms power=0.0ms visual=0.0ms shadow=0.0ms spawn=0.0ms total=0.3ms/6.0ms
[WorldPerf] Boot detail: compute=0.0ms apply=0.0ms redraw=0.0ms topology=0.0ms shadow=0.0ms milestones=0 other=0.1ms | peaks: compute=0.0ms apply=0.0ms redraw=0.0ms topology=0.0ms shadow=0.0ms milestones=0.0ms stream_load=0.0ms stream_redraw=0.0ms
[WorldPerf] FPS: 145.0
[FrameBudget] streaming=0.0ms topology=0.0ms visual=0.0ms spawn=0.0ms total=0.0ms/6.0ms chunk_manager.streaming_load=0.0ms(60) building.room_recompute=0.0ms(60) power.balance_recompute=0.0ms(60) chunk_manager.topology_rebuild=0.0ms(60) underground.fog_update=0.0ms(60) chunk_manager.streaming_redraw=0.0ms(60) mountain_shadow.visual_rebuild=0.0ms(60)
[FrameBudget] streaming=0.0ms topology=0.0ms visual=0.0ms spawn=0.0ms total=0.0ms/6.0ms chunk_manager.streaming_load=0.0ms(60) building.room_recompute=0.0ms(60) power.balance_recompute=0.0ms(60) chunk_manager.topology_rebuild=0.0ms(60) underground.fog_update=0.0ms(60) chunk_manager.streaming_redraw=0.0ms(60) mountain_shadow.visual_rebuild=0.0ms(60)
[FrameBudget] streaming=0.0ms topology=0.0ms visual=0.0ms spawn=0.0ms total=0.0ms/6.0ms chunk_manager.streaming_load=0.0ms(60) building.room_recompute=0.0ms(60) power.balance_recompute=0.0ms(60) chunk_manager.topology_rebuild=0.0ms(60) underground.fog_update=0.0ms(60) chunk_manager.streaming_redraw=0.0ms(60) mountain_shadow.visual_rebuild=0.0ms(60)
[FrameBudget] streaming=0.0ms topology=0.0ms visual=0.0ms spawn=0.0ms total=0.0ms/6.0ms chunk_manager.streaming_load=0.0ms(60) building.room_recompute=0.0ms(60) power.balance_recompute=0.0ms(60) chunk_manager.topology_rebuild=0.0ms(60) underground.fog_update=0.0ms(60) chunk_manager.streaming_redraw=0.0ms(60) mountain_shadow.visual_rebuild=0.0ms(60)
[FrameBudget] streaming=0.0ms topology=0.0ms visual=0.0ms spawn=0.0ms total=0.0ms/6.0ms chunk_manager.streaming_load=0.0ms(60) building.room_recompute=0.0ms(60) power.balance_recompute=0.0ms(60) chunk_manager.topology_rebuild=0.0ms(60) underground.fog_update=0.0ms(60) chunk_manager.streaming_redraw=0.0ms(60) mountain_shadow.visual_rebuild=0.0ms(60)
[WorldPerf] === Frame Summary (300 frames) ===
[WorldPerf] Frame time: avg=6.9 ms, p99=6.9 ms, hitches=0
[WorldPerf] Frame budget: dispatcher=0.2ms streaming=0.0ms streaming_load=0.0ms streaming_redraw=0.0ms topology=0.0ms building=0.0ms power=0.0ms visual=0.0ms shadow=0.0ms spawn=0.0ms total=0.2ms/6.0ms
[FrameBudget] streaming=0.0ms topology=0.0ms visual=0.0ms spawn=0.0ms total=0.0ms/6.0ms chunk_manager.streaming_load=0.0ms(60) building.room_recompute=0.0ms(60) power.balance_recompute=0.0ms(60) chunk_manager.topology_rebuild=0.0ms(60) underground.fog_update=0.0ms(60) chunk_manager.streaming_redraw=0.0ms(60) mountain_shadow.visual_rebuild=0.0ms(60)
[FrameBudget] streaming=0.0ms topology=0.0ms visual=0.0ms spawn=0.0ms total=0.0ms/6.0ms chunk_manager.streaming_load=0.0ms(60) building.room_recompute=0.0ms(60) power.balance_recompute=0.0ms(60) chunk_manager.topology_rebuild=0.0ms(60) underground.fog_update=0.0ms(60) chunk_manager.streaming_redraw=0.0ms(60) mountain_shadow.visual_rebuild=0.0ms(60)
[FrameBudget] streaming=0.0ms topology=0.0ms visual=0.0ms spawn=0.0ms total=0.0ms/6.0ms chunk_manager.streaming_load=0.0ms(60) building.room_recompute=0.0ms(60) power.balance_recompute=0.0ms(60) chunk_manager.topology_rebuild=0.0ms(60) underground.fog_update=0.0ms(60) chunk_manager.streaming_redraw=0.0ms(60) mountain_shadow.visual_rebuild=0.0ms(60)
[FrameBudget] streaming=0.0ms topology=0.0ms visual=0.0ms spawn=0.0ms total=0.0ms/6.0ms chunk_manager.streaming_load=0.0ms(60) building.room_recompute=0.0ms(60) power.balance_recompute=0.0ms(60) chunk_manager.topology_rebuild=0.0ms(60) underground.fog_update=0.0ms(60) chunk_manager.streaming_redraw=0.0ms(60) mountain_shadow.visual_rebuild=0.0ms(60)
[FrameBudget] streaming=0.0ms topology=0.0ms visual=0.0ms spawn=0.0ms total=0.0ms/6.0ms chunk_manager.streaming_load=0.0ms(60) building.room_recompute=0.0ms(60) power.balance_recompute=0.0ms(60) chunk_manager.topology_rebuild=0.0ms(60) underground.fog_update=0.0ms(60) chunk_manager.streaming_redraw=0.0ms(60) mountain_shadow.visual_rebuild=0.0ms(60)
[WorldPerf] === Frame Summary (300 frames) ===
[WorldPerf] Frame time: avg=6.9 ms, p99=6.9 ms, hitches=0
[WorldPerf] Frame budget: dispatcher=0.2ms streaming=0.0ms streaming_load=0.0ms streaming_redraw=0.0ms topology=0.0ms building=0.0ms power=0.0ms visual=0.0ms shadow=0.0ms spawn=0.0ms total=0.2ms/6.0ms
[WorldPerf] Мировой перф-зонд зафиксировал заметный по времени шаг: время первого визуального прохода чанка (stream.chunk_first_pass_ms (1, 1)@z0); причина — замер превысил порог вывода в лог и требует внимания: 16586.14 ms; важность — только фоновый долг сходимости; состояние — наблюдается всплеск.
[WorldPerf] stream.chunk_first_pass_ms (1, 1)@z0: 16586.14 ms
[WorldPerf] Мировой перф-зонд зафиксировал заметный по времени шаг: время первого визуального прохода чанка (stream.chunk_first_pass_ms (1, -1)@z0); причина — замер превысил порог вывода в лог и требует внимания: 16909.60 ms; важность — только фоновый долг сходимости; состояние — наблюдается всплеск.
[WorldPerf] stream.chunk_first_pass_ms (1, -1)@z0: 16909.60 ms
[WorldPerf] Мировой перф-зонд зафиксировал заметный по времени шаг: время первого визуального прохода чанка (stream.chunk_first_pass_ms (63, -1)@z0); причина — замер превысил порог вывода в лог и требует внимания: 16659.95 ms; важность — только фоновый долг сходимости; состояние — наблюдается всплеск.
[WorldPerf] stream.chunk_first_pass_ms (63, -1)@z0: 16659.95 ms
[WorldPerf] Мировой перф-зонд зафиксировал заметный по времени шаг: время первого визуального прохода чанка (stream.chunk_first_pass_ms (0, -1)@z0); причина — замер превысил порог вывода в лог и требует внимания: 20383.41 ms; важность — только фоновый долг сходимости; состояние — наблюдается всплеск.
[WorldPerf] stream.chunk_first_pass_ms (0, -1)@z0: 20383.41 ms
[WorldPerf] Мировой перф-зонд зафиксировал заметный по времени шаг: время первого визуального прохода чанка (stream.chunk_first_pass_ms (63, 0)@z0); причина — замер превысил порог вывода в лог и требует внимания: 18523.17 ms; важность — только фоновый долг сходимости; состояние — наблюдается всплеск.
[WorldPerf] stream.chunk_first_pass_ms (63, 0)@z0: 18523.17 ms
[WorldPerf] Мировой перф-зонд зафиксировал заметный по времени шаг: время первого визуального прохода чанка (stream.chunk_first_pass_ms (63, 1)@z0); причина — замер превысил порог вывода в лог и требует внимания: 15211.75 ms; важность — только фоновый долг сходимости; состояние — наблюдается всплеск.
[WorldPerf] stream.chunk_first_pass_ms (63, 1)@z0: 15211.75 ms
[WorldPerf] Мировой перф-зонд зафиксировал заметный по времени шаг: время первого визуального прохода чанка (stream.chunk_first_pass_ms (1, 0)@z0); причина — замер превысил порог вывода в лог и требует внимания: 18801.35 ms; важность — только фоновый долг сходимости; состояние — наблюдается всплеск.
[WorldPerf] stream.chunk_first_pass_ms (1, 0)@z0: 18801.35 ms
[WorldPerf] Мировой перф-зонд зафиксировал заметный по времени шаг: время первого визуального прохода чанка (stream.chunk_first_pass_ms (0, 1)@z0); причина — замер превысил порог вывода в лог и требует внимания: 18637.79 ms; важность — только фоновый долг сходимости; состояние — наблюдается всплеск.
[WorldPerf] stream.chunk_first_pass_ms (0, 1)@z0: 18637.79 ms
[FrameBudget] streaming=0.0ms topology=0.0ms visual=0.0ms spawn=0.0ms total=0.0ms/6.0ms chunk_manager.streaming_load=0.0ms(60) building.room_recompute=0.0ms(60) power.balance_recompute=0.0ms(60) chunk_manager.topology_rebuild=0.0ms(60) underground.fog_update=0.0ms(60) chunk_manager.streaming_redraw=0.0ms(60) mountain_shadow.visual_rebuild=0.0ms(60)
[FrameBudget] streaming=0.0ms topology=0.0ms visual=0.0ms spawn=0.0ms total=0.0ms/6.0ms chunk_manager.streaming_load=0.0ms(60) building.room_recompute=0.0ms(60) power.balance_recompute=0.0ms(60) chunk_manager.topology_rebuild=0.0ms(60) underground.fog_update=0.0ms(60) chunk_manager.streaming_redraw=0.0ms(60) mountain_shadow.visual_rebuild=0.0ms(60)
[WorldPerf] FPS: 145.0
[FrameBudget] streaming=0.0ms topology=0.0ms visual=0.0ms spawn=0.0ms total=0.0ms/6.0ms chunk_manager.streaming_load=0.0ms(60) building.room_recompute=0.0ms(60) power.balance_recompute=0.0ms(60) chunk_manager.topology_rebuild=0.0ms(60) underground.fog_update=0.0ms(60) chunk_manager.streaming_redraw=0.0ms(60) mountain_shadow.visual_rebuild=0.0ms(60)
[FrameBudget] streaming=0.0ms topology=0.0ms visual=0.0ms spawn=0.0ms total=0.0ms/6.0ms chunk_manager.streaming_load=0.0ms(60) building.room_recompute=0.0ms(60) power.balance_recompute=0.0ms(60) chunk_manager.topology_rebuild=0.0ms(60) underground.fog_update=0.0ms(60) chunk_manager.streaming_redraw=0.0ms(60) mountain_shadow.visual_rebuild=0.0ms(60)
[FrameBudget] streaming=0.0ms topology=0.0ms visual=0.0ms spawn=0.0ms total=0.0ms/6.0ms chunk_manager.streaming_load=0.0ms(60) building.room_recompute=0.0ms(60) power.balance_recompute=0.0ms(60) chunk_manager.topology_rebuild=0.0ms(60) underground.fog_update=0.0ms(60) chunk_manager.streaming_redraw=0.0ms(60) mountain_shadow.visual_rebuild=0.0ms(60)
[WorldPerf] === Frame Summary (300 frames) ===
[WorldPerf] Frame time: avg=6.9 ms, p99=6.9 ms, hitches=0
[WorldPerf] Frame budget: dispatcher=0.2ms streaming=0.0ms streaming_load=0.0ms streaming_redraw=0.0ms topology=0.0ms building=0.0ms power=0.0ms visual=0.0ms shadow=0.0ms spawn=0.0ms total=0.2ms/6.0ms
[FrameBudget] streaming=0.0ms topology=0.0ms visual=0.0ms spawn=0.0ms total=0.0ms/6.0ms chunk_manager.streaming_load=0.0ms(60) building.room_recompute=0.0ms(60) power.balance_recompute=0.0ms(60) chunk_manager.topology_rebuild=0.0ms(60) underground.fog_update=0.0ms(60) chunk_manager.streaming_redraw=0.0ms(60) mountain_shadow.visual_rebuild=0.0ms(60)
[FrameBudget] streaming=0.0ms topology=0.0ms visual=0.0ms spawn=0.0ms total=0.0ms/6.0ms chunk_manager.streaming_load=0.0ms(60) building.room_recompute=0.0ms(60) power.balance_recompute=0.0ms(60) chunk_manager.topology_rebuild=0.0ms(60) underground.fog_update=0.0ms(60) chunk_manager.streaming_redraw=0.0ms(60) mountain_shadow.visual_rebuild=0.0ms(60)
[FrameBudget] streaming=0.0ms topology=0.0ms visual=0.0ms spawn=0.0ms total=0.0ms/6.0ms chunk_manager.streaming_load=0.0ms(60) building.room_recompute=0.0ms(60) power.balance_recompute=0.0ms(60) chunk_manager.topology_rebuild=0.0ms(60) underground.fog_update=0.0ms(60) chunk_manager.streaming_redraw=0.0ms(60) mountain_shadow.visual_rebuild=0.0ms(60)
[FrameBudget] streaming=0.0ms topology=0.0ms visual=0.0ms spawn=0.0ms total=0.0ms/6.0ms chunk_manager.streaming_load=0.0ms(60) building.room_recompute=0.0ms(60) power.balance_recompute=0.0ms(60) chunk_manager.topology_rebuild=0.0ms(60) underground.fog_update=0.0ms(60) chunk_manager.streaming_redraw=0.0ms(60) mountain_shadow.visual_rebuild=0.0ms(60)
[FrameBudget] streaming=0.0ms topology=0.0ms visual=0.0ms spawn=0.0ms total=0.0ms/6.0ms chunk_manager.streaming_load=0.0ms(60) building.room_recompute=0.0ms(60) power.balance_recompute=0.0ms(60) chunk_manager.topology_rebuild=0.0ms(60) underground.fog_update=0.0ms(60) chunk_manager.streaming_redraw=0.0ms(60) mountain_shadow.visual_rebuild=0.0ms(60)
[WorldPerf] === Frame Summary (300 frames) ===
[WorldPerf] Frame time: avg=6.9 ms, p99=6.9 ms, hitches=0
[WorldPerf] Frame budget: dispatcher=0.2ms streaming=0.0ms streaming_load=0.0ms streaming_redraw=0.0ms topology=0.0ms building=0.0ms power=0.0ms visual=0.0ms shadow=0.0ms spawn=0.0ms total=0.2ms/6.0ms
[FrameBudget] streaming=0.0ms topology=0.0ms visual=0.0ms spawn=0.0ms total=0.0ms/6.0ms chunk_manager.streaming_load=0.0ms(60) building.room_recompute=0.0ms(60) power.balance_recompute=0.0ms(60) chunk_manager.topology_rebuild=0.0ms(60) underground.fog_update=0.0ms(60) chunk_manager.streaming_redraw=0.0ms(60) mountain_shadow.visual_rebuild=0.0ms(60)
[FrameBudget] streaming=0.0ms topology=0.0ms visual=0.0ms spawn=0.0ms total=0.0ms/6.0ms chunk_manager.streaming_load=0.0ms(60) building.room_recompute=0.0ms(60) power.balance_recompute=0.0ms(60) chunk_manager.topology_rebuild=0.0ms(60) underground.fog_update=0.0ms(60) chunk_manager.streaming_redraw=0.0ms(60) mountain_shadow.visual_rebuild=0.0ms(60)
[FrameBudget] streaming=0.0ms topology=0.0ms visual=0.0ms spawn=0.0ms total=0.0ms/6.0ms chunk_manager.streaming_load=0.0ms(60) building.room_recompute=0.0ms(60) power.balance_recompute=0.0ms(60) chunk_manager.topology_rebuild=0.0ms(60) underground.fog_update=0.0ms(60) chunk_manager.streaming_redraw=0.0ms(60) mountain_shadow.visual_rebuild=0.0ms(60)
[FrameBudget] streaming=0.0ms topology=0.0ms visual=0.0ms spawn=0.0ms total=0.0ms/6.0ms chunk_manager.streaming_load=0.0ms(60) building.room_recompute=0.0ms(60) power.balance_recompute=0.0ms(60) chunk_manager.topology_rebuild=0.0ms(60) underground.fog_update=0.0ms(60) chunk_manager.streaming_redraw=0.0ms(60) mountain_shadow.visual_rebuild=0.0ms(60)
[WorldPerf] FPS: 145.0
[FrameBudget] streaming=0.0ms topology=0.0ms visual=0.0ms spawn=0.0ms total=0.0ms/6.0ms chunk_manager.streaming_load=0.0ms(60) building.room_recompute=0.0ms(60) power.balance_recompute=0.0ms(60) chunk_manager.topology_rebuild=0.0ms(60) underground.fog_update=0.0ms(60) chunk_manager.streaming_redraw=0.0ms(60) mountain_shadow.visual_rebuild=0.0ms(60)
[WorldPerf] === Frame Summary (300 frames) ===
[WorldPerf] Frame time: avg=6.9 ms, p99=6.9 ms, hitches=0
[WorldPerf] Frame budget: dispatcher=0.2ms streaming=0.0ms streaming_load=0.0ms streaming_redraw=0.0ms topology=0.0ms building=0.0ms power=0.0ms visual=0.0ms shadow=0.0ms spawn=0.0ms total=0.2ms/6.0ms
[FrameBudget] streaming=0.0ms topology=0.0ms visual=0.0ms spawn=0.0ms total=0.0ms/6.0ms chunk_manager.streaming_load=0.0ms(60) building.room_recompute=0.0ms(60) power.balance_recompute=0.0ms(60) chunk_manager.topology_rebuild=0.0ms(60) underground.fog_update=0.0ms(60) chunk_manager.streaming_redraw=0.0ms(60) mountain_shadow.visual_rebuild=0.0ms(60)
[FrameBudget] streaming=0.0ms topology=0.0ms visual=0.0ms spawn=0.0ms total=0.0ms/6.0ms chunk_manager.streaming_load=0.0ms(60) building.room_recompute=0.0ms(60) power.balance_recompute=0.0ms(60) chunk_manager.topology_rebuild=0.0ms(60) underground.fog_update=0.0ms(60) chunk_manager.streaming_redraw=0.0ms(60) mountain_shadow.visual_rebuild=0.0ms(60)
[WorldPerf] Мировой перф-зонд зафиксировал заметный по времени шаг: время полной перерисовки чанка (stream.chunk_full_redraw_ms (0, 0)@z0); причина — замер превысил порог вывода в лог и требует внимания: 27537.22 ms; важность — только фоновый долг сходимости; состояние — наблюдается всплеск.
[WorldPerf] stream.chunk_full_redraw_ms (0, 0)@z0: 27537.22 ms
[WorldPerf] Мировой перф-зонд зафиксировал заметный по времени шаг: время полной перерисовки чанка (stream.chunk_full_redraw_ms (63, -1)@z0); причина — замер превысил порог вывода в лог и требует внимания: 23816.26 ms; важность — только фоновый долг сходимости; состояние — наблюдается всплеск.
[WorldPerf] stream.chunk_full_redraw_ms (63, -1)@z0: 23816.26 ms
[WorldPerf] Мировой перф-зонд зафиксировал заметный по времени шаг: время полной перерисовки чанка (stream.chunk_full_redraw_ms (1, 1)@z0); причина — замер превысил порог вывода в лог и требует внимания: 23800.55 ms; важность — только фоновый долг сходимости; состояние — наблюдается всплеск.
[WorldPerf] stream.chunk_full_redraw_ms (1, 1)@z0: 23800.55 ms
[WorldPerf] Мировой перф-зонд зафиксировал заметный по времени шаг: время полной перерисовки чанка (stream.chunk_full_redraw_ms (1, -1)@z0); причина — замер превысил порог вывода в лог и требует внимания: 24117.94 ms; важность — только фоновый долг сходимости; состояние — наблюдается всплеск.
[WorldPerf] stream.chunk_full_redraw_ms (1, -1)@z0: 24117.94 ms
[FrameBudget] streaming=0.0ms topology=0.0ms visual=0.0ms spawn=0.0ms total=0.0ms/6.0ms chunk_manager.streaming_load=0.0ms(60) building.room_recompute=0.0ms(60) power.balance_recompute=0.0ms(60) chunk_manager.topology_rebuild=0.0ms(60) underground.fog_update=0.0ms(60) chunk_manager.streaming_redraw=0.0ms(60) mountain_shadow.visual_rebuild=0.0ms(60)
[WorldPerf] Мировой перф-зонд зафиксировал заметный по времени шаг: время полной перерисовки чанка (stream.chunk_full_redraw_ms (63, 0)@z0); причина — замер превысил порог вывода в лог и требует внимания: 26055.97 ms; важность — только фоновый долг сходимости; состояние — наблюдается всплеск.
[WorldPerf] stream.chunk_full_redraw_ms (63, 0)@z0: 26055.97 ms
[WorldPerf] Мировой перф-зонд зафиксировал заметный по времени шаг: время полной перерисовки чанка (stream.chunk_full_redraw_ms (0, -1)@z0); причина — замер превысил порог вывода в лог и требует внимания: 27932.45 ms; важность — только фоновый долг сходимости; состояние — наблюдается всплеск.
[WorldPerf] stream.chunk_full_redraw_ms (0, -1)@z0: 27932.45 ms
[WorldPerf] Мировой перф-зонд зафиксировал заметный по времени шаг: время полной перерисовки чанка (stream.chunk_full_redraw_ms (0, 1)@z0); причина — замер превысил порог вывода в лог и требует внимания: 26114.18 ms; важность — только фоновый долг сходимости; состояние — наблюдается всплеск.
[WorldPerf] stream.chunk_full_redraw_ms (0, 1)@z0: 26114.18 ms
[WorldPerf] Мировой перф-зонд зафиксировал заметный по времени шаг: время полной перерисовки чанка (stream.chunk_full_redraw_ms (63, 1)@z0); причина — замер превысил порог вывода в лог и требует внимания: 22750.14 ms; важность — только фоновый долг сходимости; состояние — наблюдается всплеск.
[WorldPerf] stream.chunk_full_redraw_ms (63, 1)@z0: 22750.14 ms
[WorldPerf] Мировой перф-зонд зафиксировал заметный по времени шаг: время полной перерисовки чанка (stream.chunk_full_redraw_ms (1, 0)@z0); причина — замер превысил порог вывода в лог и требует внимания: 26346.71 ms; важность — только фоновый долг сходимости; состояние — наблюдается всплеск.
[WorldPerf] stream.chunk_full_redraw_ms (1, 0)@z0: 26346.71 ms
[Boot] first_playable reached (31721.2 ms) | queue_wait=232138.3ms compute=42730.1ms (25 chunks) apply=27.4ms (9 chunks) redraw=0.0ms
[WorldPerf] Мировой перф-зонд зафиксировал заметный по времени шаг: Startup loading screen visible to startup bubble ready ms (Startup.loading_screen_visible_to_startup_bubble_ready_ms); причина — замер превысил порог вывода в лог и требует внимания: 44639.38 ms; важность — информационно, без текущего риска игроку; состояние — наблюдается всплеск.
[WorldPerf] Startup.loading_screen_visible_to_startup_bubble_ready_ms: 44639.38 ms
[WorldPerf] Мировой перф-зонд зафиксировал перерасход фонового бюджета: фоновая задача chunk_manager.streaming_load в категории streaming; причина — шаг занял 4.84 ms при лимите 3.00 ms, перерасход 61.3%; важность — только фоновый долг сходимости; состояние — вышел за бюджет.
WARNING: [WorldPerf] WARNING: FrameBudget overrun job_id=chunk_manager.streaming_load category=streaming used_ms=4.84 budget_ms=3.00 over_budget_pct=61.3
   at: push_warning (core/variant/variant_utility.cpp:1034)
   GDScript backtrace (most recent call first):
       [0] report_budget_overrun (res://core/systems/world/world_perf_probe.gd:103)
       [1] _process (res://core/autoloads/frame_budget_dispatcher.gd:76)
[WorldDiag] Менеджер чанков мира подтвердил стабильное визуальное состояние: текущий чанк игрока; причина — ключевые визуальные очереди для текущего чанка пусты; важность — информационно, без текущего риска игроку; состояние — сошёлся.
[WorldDiagDetail] actor=chunk_manager action=reported_visual_health target=player_chunk reason=healthy impact=informational_only state=converged apply_age_ms=28049 border_fix_age_ms=- budget_exhausted=false chunk=(0, 0) chunk_loaded=true chunk_visible=true convergence_age_ms=28049 dispatcher_step_ms=0.01 first_pass_age_ms=- first_pass_ready=true full_ready=true full_redraw_age_ms=- issues_internal=healthy phase=done queue_border_fix_far=0 queue_border_fix_near=0 queue_full_far=0 queue_full_near=0 queue_terrain_fast=0 queue_terrain_near=0 queue_terrain_urgent=0 requests_generating=false requests_load=false requests_staged=false state_name=full_ready trigger=scheduler z=0
[WorldDiag] Потоковая догрузка мира поставила в очередь правку границы чанка: соседний загруженный чанк (0, -1); причина — после появления нового чанка нужно выровнять границу уже загруженных соседей; важность — заметно игроку сейчас; состояние — очередь ещё не применена.
[WorldDiagDetail] actor=stream_load action=queue_follow_up target=adjacent_loaded_chunk reason=queued_not_applied impact=player_visible_issue state=queued code=border_fix follow_up=border_fix queue_border_fix_far=0 queue_border_fix_near=1 queued_chunks=(0, -1) queued_count=1 source_chunk=(0, -2) target_scope=adjacent_loaded_chunk z=0
[WorldDiag] Потоковая догрузка мира поставила в очередь правку границы чанка: соседний загруженный чанк (1, 0); причина — после появления нового чанка нужно выровнять границу уже загруженных соседей; важность — заметно игроку сейчас; состояние — очередь ещё не применена.
[WorldDiagDetail] actor=stream_load action=queue_follow_up target=adjacent_loaded_chunk reason=queued_not_applied impact=player_visible_issue state=queued code=border_fix follow_up=border_fix queue_border_fix_far=0 queue_border_fix_near=2 queued_chunks=(1, 0) queued_count=1 source_chunk=(2, 0) target_scope=adjacent_loaded_chunk z=0
[WorldDiag] Потоковая догрузка мира поставила в очередь правку границы чанка: соседний загруженный чанк (63, 0); причина — после появления нового чанка нужно выровнять границу уже загруженных соседей; важность — заметно игроку сейчас; состояние — очередь ещё не применена.
[WorldDiagDetail] actor=stream_load action=queue_follow_up target=adjacent_loaded_chunk reason=queued_not_applied impact=player_visible_issue state=queued code=border_fix follow_up=border_fix queue_border_fix_far=0 queue_border_fix_near=1 queued_chunks=(63, 0) queued_count=1 source_chunk=(62, 0) target_scope=adjacent_loaded_chunk z=0
[WorldDiag] Потоковая догрузка мира поставила в очередь правку границы чанка: соседний загруженный чанк (0, 1); причина — после появления нового чанка нужно выровнять границу уже загруженных соседей; важность — заметно игроку сейчас; состояние — очередь ещё не применена.
[WorldDiagDetail] actor=stream_load action=queue_follow_up target=adjacent_loaded_chunk reason=queued_not_applied impact=player_visible_issue state=queued code=border_fix follow_up=border_fix queue_border_fix_far=0 queue_border_fix_near=3 queued_chunks=(0, 1) queued_count=1 source_chunk=(0, 2) target_scope=adjacent_loaded_chunk z=0
[WorldDiag] Потоковая догрузка мира поставила в очередь правку границы чанка: соседний загруженный чанк (1, -1); причина — после появления нового чанка нужно выровнять границу уже загруженных соседей; важность — заметно игроку сейчас; состояние — очередь ещё не применена.
[WorldDiagDetail] actor=stream_load action=queue_follow_up target=adjacent_loaded_chunk reason=queued_not_applied impact=player_visible_issue state=queued code=border_fix follow_up=border_fix queue_border_fix_far=0 queue_border_fix_near=3 queued_chunks=(1, -1) queued_count=1 source_chunk=(1, -2) target_scope=adjacent_loaded_chunk z=0
[WorldDiag] Потоковая догрузка мира поставила в очередь правку границы чанка: соседний загруженный чанк (63, -1); причина — после появления нового чанка нужно выровнять границу уже загруженных соседей; важность — заметно игроку сейчас; состояние — очередь ещё не применена.
[WorldDiagDetail] actor=stream_load action=queue_follow_up target=adjacent_loaded_chunk reason=queued_not_applied impact=player_visible_issue state=queued code=border_fix follow_up=border_fix queue_border_fix_far=0 queue_border_fix_near=4 queued_chunks=(63, -1) queued_count=1 source_chunk=(63, -2) target_scope=adjacent_loaded_chunk z=0
[WorldDiag] Потоковая догрузка мира поставила в очередь правку границы чанка: соседний загруженный чанк (1, -1); причина — после появления нового чанка нужно выровнять границу уже загруженных соседей; важность — заметно игроку сейчас; состояние — очередь ещё не применена.
[WorldDiagDetail] actor=stream_load action=queue_follow_up target=adjacent_loaded_chunk reason=queued_not_applied impact=player_visible_issue state=queued code=border_fix follow_up=border_fix queue_border_fix_far=0 queue_border_fix_near=5 queued_chunks=(1, -1) queued_count=1 source_chunk=(2, -1) target_scope=adjacent_loaded_chunk z=0
[WorldPerf] Мировой перф-зонд зафиксировал перерасход фонового бюджета: фоновая задача chunk_manager.streaming_redraw в категории visual; причина — шаг занял 6.35 ms при лимите 4.00 ms, перерасход 58.8%; важность — только фоновый долг сходимости; состояние — вышел за бюджет.
WARNING: [WorldPerf] WARNING: FrameBudget overrun job_id=chunk_manager.streaming_redraw category=visual used_ms=6.35 budget_ms=4.00 over_budget_pct=58.8
   at: push_warning (core/variant/variant_utility.cpp:1034)
   GDScript backtrace (most recent call first):
       [0] report_budget_overrun (res://core/systems/world/world_perf_probe.gd:103)
       [1] _process (res://core/autoloads/frame_budget_dispatcher.gd:76)
[WorldDiag] Потоковая догрузка мира поставила в очередь правку границы чанка: соседний загруженный чанк (63, -1); причина — после появления нового чанка нужно выровнять границу уже загруженных соседей; важность — заметно игроку сейчас; состояние — очередь ещё не применена.
[WorldDiagDetail] actor=stream_load action=queue_follow_up target=adjacent_loaded_chunk reason=queued_not_applied impact=player_visible_issue state=queued code=border_fix follow_up=border_fix queue_border_fix_far=0 queue_border_fix_near=6 queued_chunks=(63, -1) queued_count=1 source_chunk=(62, -1) target_scope=adjacent_loaded_chunk z=0
[WorldDiag] Потоковая догрузка мира поставила в очередь правку границы чанка: соседний загруженный чанк (1, 1); причина — после появления нового чанка нужно выровнять границу уже загруженных соседей; важность — заметно игроку сейчас; состояние — очередь ещё не применена.
[WorldDiagDetail] actor=stream_load action=queue_follow_up target=adjacent_loaded_chunk reason=queued_not_applied impact=player_visible_issue state=queued code=border_fix follow_up=border_fix queue_border_fix_far=0 queue_border_fix_near=6 queued_chunks=(1, 1) queued_count=1 source_chunk=(2, 1) target_scope=adjacent_loaded_chunk z=0
[FrameBudget] streaming=0.8ms topology=0.6ms visual=0.7ms spawn=0.0ms total=2.1ms/6.0ms chunk_manager.streaming_load=0.8ms(60) building.room_recompute=0.0ms(60) power.balance_recompute=0.0ms(60) chunk_manager.topology_rebuild=0.6ms(60) underground.fog_update=0.0ms(60) chunk_manager.streaming_redraw=0.6ms(59) mountain_shadow.visual_rebuild=0.0ms(48)
[WorldDiag] Потоковая догрузка мира поставила в очередь правку границы чанка: соседний загруженный чанк (63, 1); причина — после появления нового чанка нужно выровнять границу уже загруженных соседей; важность — заметно игроку сейчас; состояние — очередь ещё не применена.
[WorldDiagDetail] actor=stream_load action=queue_follow_up target=adjacent_loaded_chunk reason=queued_not_applied impact=player_visible_issue state=queued code=border_fix follow_up=border_fix queue_border_fix_far=0 queue_border_fix_near=6 queued_chunks=(63, 1) queued_count=1 source_chunk=(62, 1) target_scope=adjacent_loaded_chunk z=0
[WorldDiag] Потоковая догрузка мира поставила в очередь правку границы чанка: соседний загруженный чанк (1, 1); причина — после появления нового чанка нужно выровнять границу уже загруженных соседей; важность — заметно игроку сейчас; состояние — очередь ещё не применена.
[WorldDiagDetail] actor=stream_load action=queue_follow_up target=adjacent_loaded_chunk reason=queued_not_applied impact=player_visible_issue state=queued code=border_fix follow_up=border_fix queue_border_fix_far=0 queue_border_fix_near=7 queued_chunks=(1, 1) queued_count=1 source_chunk=(1, 2) target_scope=adjacent_loaded_chunk z=0
[WorldDiag] Потоковая догрузка мира поставила в очередь правку границы чанка: соседний загруженный чанк (63, 1); причина — после появления нового чанка нужно выровнять границу уже загруженных соседей; важность — заметно игроку сейчас; состояние — очередь ещё не применена.
[WorldDiagDetail] actor=stream_load action=queue_follow_up target=adjacent_loaded_chunk reason=queued_not_applied impact=player_visible_issue state=queued code=border_fix follow_up=border_fix queue_border_fix_far=0 queue_border_fix_near=7 queued_chunks=(63, 1) queued_count=1 source_chunk=(63, 2) target_scope=adjacent_loaded_chunk z=0
[WorldPerf] Мировой перф-зонд зафиксировал заметный по времени шаг: время правки границы чанка (stream.chunk_border_fix_ms (0, -1)@z0); причина — замер превысил порог вывода в лог и требует внимания: 243.17 ms; важность — только фоновый долг сходимости; состояние — наблюдается всплеск.
[WorldPerf] stream.chunk_border_fix_ms (0, -1)@z0: 243.17 ms
[WorldPerf] Мировой перф-зонд зафиксировал заметный по времени шаг: время полной перерисовки чанка (stream.chunk_full_redraw_ms (0, -1)@z0); причина — замер превысил порог вывода в лог и требует внимания: 243.42 ms; важность — только фоновый долг сходимости; состояние — наблюдается всплеск.
[WorldPerf] stream.chunk_full_redraw_ms (0, -1)@z0: 243.42 ms
[WorldPerf] Мировой перф-зонд зафиксировал заметный по времени шаг: время правки границы чанка (stream.chunk_border_fix_ms (1, 0)@z0); причина — замер превысил порог вывода в лог и требует внимания: 255.36 ms; важность — только фоновый долг сходимости; состояние — наблюдается всплеск.
[WorldPerf] stream.chunk_border_fix_ms (1, 0)@z0: 255.36 ms
[WorldPerf] Мировой перф-зонд зафиксировал заметный по времени шаг: время полной перерисовки чанка (stream.chunk_full_redraw_ms (1, 0)@z0); причина — замер превысил порог вывода в лог и требует внимания: 255.61 ms; важность — только фоновый долг сходимости; состояние — наблюдается всплеск.
[WorldPerf] stream.chunk_full_redraw_ms (1, 0)@z0: 255.61 ms
[WorldPerf] Мировой перф-зонд зафиксировал заметный по времени шаг: Shadow edge cache compute (63, 1) (Shadow.edge_cache_compute (63, 1)); причина — замер превысил порог вывода в лог и требует внимания: 231.36 ms; важность — информационно, без текущего риска игроку; состояние — наблюдается всплеск.
[WorldPerf] Shadow.edge_cache_compute (63, 1): 231.36 ms
[WorldPerf] Мировой перф-зонд зафиксировал заметный по времени шаг: время правки границы чанка (stream.chunk_border_fix_ms (63, 0)@z0); причина — замер превысил порог вывода в лог и требует внимания: 268.00 ms; важность — только фоновый долг сходимости; состояние — наблюдается всплеск.
[WorldPerf] stream.chunk_border_fix_ms (63, 0)@z0: 268.00 ms
[WorldPerf] Мировой перф-зонд зафиксировал заметный по времени шаг: время полной перерисовки чанка (stream.chunk_full_redraw_ms (63, 0)@z0); причина — замер превысил порог вывода в лог и требует внимания: 268.25 ms; важность — только фоновый долг сходимости; состояние — наблюдается всплеск.
[WorldPerf] stream.chunk_full_redraw_ms (63, 0)@z0: 268.25 ms
[WorldPerf] Мировой перф-зонд зафиксировал заметный по времени шаг: время правки границы чанка (stream.chunk_border_fix_ms (0, 1)@z0); причина — замер превысил порог вывода в лог и требует внимания: 273.18 ms; важность — только фоновый долг сходимости; состояние — наблюдается всплеск.
[WorldPerf] stream.chunk_border_fix_ms (0, 1)@z0: 273.18 ms
[WorldPerf] Мировой перф-зонд зафиксировал заметный по времени шаг: время полной перерисовки чанка (stream.chunk_full_redraw_ms (0, 1)@z0); причина — замер превысил порог вывода в лог и требует внимания: 273.46 ms; важность — только фоновый долг сходимости; состояние — наблюдается всплеск.
[WorldPerf] stream.chunk_full_redraw_ms (0, 1)@z0: 273.46 ms
[WorldPerf] Мировой перф-зонд зафиксировал заметный по времени шаг: Shadow edge cache compute (2, 1) (Shadow.edge_cache_compute (2, 1)); причина — замер превысил порог вывода в лог и требует внимания: 106.32 ms; важность — информационно, без текущего риска игроку; состояние — наблюдается всплеск.
[WorldPerf] Shadow.edge_cache_compute (2, 1): 106.32 ms
[WorldPerf] Мировой перф-зонд зафиксировал заметный по времени шаг: время правки границы чанка (stream.chunk_border_fix_ms (1, -1)@z0); причина — замер превысил порог вывода в лог и требует внимания: 362.02 ms; важность — только фоновый долг сходимости; состояние — наблюдается всплеск.
[WorldPerf] stream.chunk_border_fix_ms (1, -1)@z0: 362.02 ms
[WorldPerf] Мировой перф-зонд зафиксировал заметный по времени шаг: время полной перерисовки чанка (stream.chunk_full_redraw_ms (1, -1)@z0); причина — замер превысил порог вывода в лог и требует внимания: 332.56 ms; важность — только фоновый долг сходимости; состояние — наблюдается всплеск.
[WorldPerf] stream.chunk_full_redraw_ms (1, -1)@z0: 332.56 ms
[WorldPerf] Мировой перф-зонд зафиксировал заметный по времени шаг: время правки границы чанка (stream.chunk_border_fix_ms (63, -1)@z0); причина — замер превысил порог вывода в лог и требует внимания: 394.38 ms; важность — только фоновый долг сходимости; состояние — наблюдается всплеск.
[WorldPerf] stream.chunk_border_fix_ms (63, -1)@z0: 394.38 ms
[WorldPerf] Мировой перф-зонд зафиксировал заметный по времени шаг: время полной перерисовки чанка (stream.chunk_full_redraw_ms (63, -1)@z0); причина — замер превысил порог вывода в лог и требует внимания: 360.07 ms; важность — только фоновый долг сходимости; состояние — наблюдается всплеск.
[WorldPerf] stream.chunk_full_redraw_ms (63, -1)@z0: 360.07 ms
[WorldPerf] Мировой перф-зонд зафиксировал заметный по времени шаг: время правки границы чанка (stream.chunk_border_fix_ms (1, 1)@z0); причина — замер превысил порог вывода в лог и требует внимания: 364.71 ms; важность — только фоновый долг сходимости; состояние — наблюдается всплеск.
[WorldPerf] stream.chunk_border_fix_ms (1, 1)@z0: 364.71 ms
[WorldPerf] Мировой перф-зонд зафиксировал заметный по времени шаг: время полной перерисовки чанка (stream.chunk_full_redraw_ms (1, 1)@z0); причина — замер превысил порог вывода в лог и требует внимания: 333.82 ms; важность — только фоновый долг сходимости; состояние — наблюдается всплеск.
[WorldPerf] stream.chunk_full_redraw_ms (1, 1)@z0: 333.82 ms
[WorldPerf] Мировой перф-зонд зафиксировал заметный по времени шаг: время правки границы чанка (stream.chunk_border_fix_ms (63, 1)@z0); причина — замер превысил порог вывода в лог и требует внимания: 356.66 ms; важность — только фоновый долг сходимости; состояние — наблюдается всплеск.
[WorldPerf] stream.chunk_border_fix_ms (63, 1)@z0: 356.66 ms
[WorldPerf] Мировой перф-зонд зафиксировал заметный по времени шаг: время полной перерисовки чанка (stream.chunk_full_redraw_ms (63, 1)@z0); причина — замер превысил порог вывода в лог и требует внимания: 333.41 ms; важность — только фоновый долг сходимости; состояние — наблюдается всплеск.
[WorldPerf] stream.chunk_full_redraw_ms (63, 1)@z0: 333.41 ms
[Boot] first_playable reached (32263.0 ms) | queue_wait=232138.3ms compute=42730.1ms (25 chunks) apply=27.4ms (9 chunks) redraw=0.0ms
[WorldPerf] Мировой перф-зонд зафиксировал заметный по времени шаг: Shadow edge cache compute (62, 1) (Shadow.edge_cache_compute (62, 1)); причина — замер превысил порог вывода в лог и требует внимания: 112.45 ms; важность — информационно, без текущего риска игроку; состояние — наблюдается всплеск.
[WorldPerf] Shadow.edge_cache_compute (62, 1): 112.45 ms
[FrameBudget] streaming=0.5ms topology=2.0ms visual=3.6ms spawn=0.0ms total=6.1ms/6.0ms chunk_manager.streaming_load=0.5ms(60) building.room_recompute=0.0ms(60) power.balance_recompute=0.0ms(60) chunk_manager.topology_rebuild=2.0ms(60) underground.fog_update=0.0ms(60) chunk_manager.streaming_redraw=2.9ms(60) mountain_shadow.visual_rebuild=0.7ms(47)
[WorldPerf] === Frame Summary (300 frames) ===
[WorldPerf] Frame time: avg=7.3 ms, p99=12.9 ms, hitches=1
[WorldPerf] Frame budget: dispatcher=1.8ms streaming=0.0ms streaming_load=0.3ms streaming_redraw=0.0ms topology=0.5ms building=0.0ms power=0.0ms visual=0.0ms shadow=2.5ms spawn=0.0ms total=5.1ms/6.0ms
[WorldPerf] Boot detail: compute=0.0ms apply=0.0ms redraw=0.0ms topology=0.0ms shadow=0.0ms milestones=2 other=0.0ms | peaks: compute=0.0ms apply=0.0ms redraw=0.0ms topology=0.0ms shadow=0.0ms milestones=0.0ms stream_load=4.8ms stream_redraw=0.0ms
[WorldPerf] Observability: Startup.loading_screen_visible_to_startup_bubble_ready_ms=44639.4ms, Startup.startup_bubble_ready=0.0ms
[WorldPerf] Мировой перф-зонд зафиксировал заметный по времени шаг: Shadow edge cache compute (63, 2) (Shadow.edge_cache_compute (63, 2)); причина — замер превысил порог вывода в лог и требует внимания: 117.63 ms; важность — информационно, без текущего риска игроку; состояние — наблюдается всплеск.
[WorldPerf] Shadow.edge_cache_compute (63, 2): 117.63 ms
[WorldPerf] Мировой перф-зонд зафиксировал заметный по времени шаг: Shadow edge cache compute (62, 2) (Shadow.edge_cache_compute (62, 2)); причина — замер превысил порог вывода в лог и требует внимания: 226.36 ms; важность — информационно, без текущего риска игроку; состояние — наблюдается всплеск.
[WorldPerf] Shadow.edge_cache_compute (62, 2): 226.36 ms
[FrameBudget] streaming=0.0ms topology=2.0ms visual=4.2ms spawn=0.0ms total=6.2ms/6.0ms chunk_manager.streaming_load=0.0ms(60) building.room_recompute=0.0ms(60) power.balance_recompute=0.0ms(60) chunk_manager.topology_rebuild=2.0ms(60) underground.fog_update=0.0ms(60) chunk_manager.streaming_redraw=3.9ms(60) mountain_shadow.visual_rebuild=0.3ms(41)
[WorldPerf] Мировой перф-зонд зафиксировал перерасход фонового бюджета: фоновая задача chunk_manager.streaming_redraw в категории visual; причина — шаг занял 4.46 ms при лимите 4.00 ms, перерасход 11.5%; важность — только фоновый долг сходимости; состояние — вышел за бюджет.
WARNING: [WorldPerf] WARNING: FrameBudget overrun job_id=chunk_manager.streaming_redraw category=visual used_ms=4.46 budget_ms=4.00 over_budget_pct=11.5
   at: push_warning (core/variant/variant_utility.cpp:1034)
   GDScript backtrace (most recent call first):
       [0] report_budget_overrun (res://core/systems/world/world_perf_probe.gd:103)
       [1] _process (res://core/autoloads/frame_budget_dispatcher.gd:76)
[WorldPerf] Мировой перф-зонд зафиксировал заметный по времени шаг: Shadow stale age ms (Shadow.stale_age_ms); причина — замер превысил порог вывода в лог и требует внимания: 1148.32 ms; важность — информационно, без текущего риска игроку; состояние — наблюдается всплеск.
[WorldPerf] Shadow.stale_age_ms: 1148.32 ms
[FrameBudget] streaming=0.0ms topology=2.0ms visual=3.9ms spawn=0.0ms total=5.9ms/6.0ms chunk_manager.streaming_load=0.0ms(60) building.room_recompute=0.0ms(60) power.balance_recompute=0.0ms(60) chunk_manager.topology_rebuild=2.0ms(60) underground.fog_update=0.0ms(60) chunk_manager.streaming_redraw=3.9ms(60) mountain_shadow.visual_rebuild=0.0ms(40)
[FrameBudget] streaming=0.0ms topology=2.0ms visual=3.7ms spawn=0.0ms total=5.8ms/6.0ms chunk_manager.streaming_load=0.0ms(60) building.room_recompute=0.0ms(60) power.balance_recompute=0.0ms(60) chunk_manager.topology_rebuild=2.0ms(60) underground.fog_update=0.0ms(60) chunk_manager.streaming_redraw=3.7ms(60) mountain_shadow.visual_rebuild=0.0ms(46)
[WorldPerf] Мировой перф-зонд зафиксировал перерасход фонового бюджета: фоновая задача chunk_manager.streaming_redraw в категории visual; причина — шаг занял 4.15 ms при лимите 4.00 ms, перерасход 3.8%; важность — только фоновый долг сходимости; состояние — вышел за бюджет.
WARNING: [WorldPerf] WARNING: FrameBudget overrun job_id=chunk_manager.streaming_redraw category=visual used_ms=4.15 budget_ms=4.00 over_budget_pct=3.8
   at: push_warning (core/variant/variant_utility.cpp:1034)
   GDScript backtrace (most recent call first):
       [0] report_budget_overrun (res://core/systems/world/world_perf_probe.gd:103)
       [1] _process (res://core/autoloads/frame_budget_dispatcher.gd:76)
[FrameBudget] streaming=0.0ms topology=2.0ms visual=3.8ms spawn=0.0ms total=5.8ms/6.0ms chunk_manager.streaming_load=0.0ms(60) building.room_recompute=0.0ms(60) power.balance_recompute=0.0ms(60) chunk_manager.topology_rebuild=2.0ms(60) underground.fog_update=0.0ms(60) chunk_manager.streaming_redraw=3.8ms(60) mountain_shadow.visual_rebuild=0.0ms(42)
[WorldPerf] Мировой перф-зонд зафиксировал перерасход фонового бюджета: фоновая задача chunk_manager.topology_rebuild в категории topology; причина — шаг занял 2.25 ms при лимите 2.00 ms, перерасход 12.7%; важность — только фоновый долг сходимости; состояние — вышел за бюджет.
WARNING: [WorldPerf] WARNING: FrameBudget overrun job_id=chunk_manager.topology_rebuild category=topology used_ms=2.25 budget_ms=2.00 over_budget_pct=12.7
   at: push_warning (core/variant/variant_utility.cpp:1034)
   GDScript backtrace (most recent call first):
       [0] report_budget_overrun (res://core/systems/world/world_perf_probe.gd:103)
       [1] _process (res://core/autoloads/frame_budget_dispatcher.gd:76)
[FrameBudget] streaming=0.0ms topology=2.0ms visual=3.8ms spawn=0.0ms total=5.9ms/6.0ms chunk_manager.streaming_load=0.0ms(60) building.room_recompute=0.0ms(60) power.balance_recompute=0.0ms(60) chunk_manager.topology_rebuild=2.0ms(60) underground.fog_update=0.0ms(60) chunk_manager.streaming_redraw=3.8ms(60) mountain_shadow.visual_rebuild=0.0ms(45)
[WorldPerf] === Frame Summary (300 frames) ===
[WorldPerf] Frame time: avg=7.6 ms, p99=8.3 ms, hitches=0
[WorldPerf] Frame budget: dispatcher=6.1ms streaming=0.0ms streaming_load=0.0ms streaming_redraw=0.0ms topology=2.0ms building=0.0ms power=0.0ms visual=0.0ms shadow=8.9ms spawn=0.0ms total=17.0ms/6.0ms
[WorldPerf] Observability: Shadow.stale_age_ms=1148.3ms
[WorldPerf] FPS: 134.0
[WorldPerf] Мировой перф-зонд зафиксировал перерасход фонового бюджета: фоновая задача chunk_manager.streaming_redraw в категории visual; причина — шаг занял 4.13 ms при лимите 4.00 ms, перерасход 3.3%; важность — только фоновый долг сходимости; состояние — вышел за бюджет.
WARNING: [WorldPerf] WARNING: FrameBudget overrun job_id=chunk_manager.streaming_redraw category=visual used_ms=4.13 budget_ms=4.00 over_budget_pct=3.3
   at: push_warning (core/variant/variant_utility.cpp:1034)
   GDScript backtrace (most recent call first):
       [0] report_budget_overrun (res://core/systems/world/world_perf_probe.gd:103)
       [1] _process (res://core/autoloads/frame_budget_dispatcher.gd:76)
[FrameBudget] streaming=0.0ms topology=2.0ms visual=3.8ms spawn=0.0ms total=5.9ms/6.0ms chunk_manager.streaming_load=0.0ms(60) building.room_recompute=0.0ms(60) power.balance_recompute=0.0ms(60) chunk_manager.topology_rebuild=2.0ms(60) underground.fog_update=0.0ms(60) chunk_manager.streaming_redraw=3.8ms(60) mountain_shadow.visual_rebuild=0.0ms(43)
[FrameBudget] streaming=0.0ms topology=2.0ms visual=3.8ms spawn=0.0ms total=5.9ms/6.0ms chunk_manager.streaming_load=0.0ms(60) building.room_recompute=0.0ms(60) power.balance_recompute=0.0ms(60) chunk_manager.topology_rebuild=2.0ms(60) underground.fog_update=0.0ms(60) chunk_manager.streaming_redraw=3.8ms(60) mountain_shadow.visual_rebuild=0.0ms(46)
[WorldPerf] Мировой перф-зонд зафиксировал перерасход фонового бюджета: фоновая задача chunk_manager.streaming_redraw в категории visual; причина — шаг занял 4.40 ms при лимите 4.00 ms, перерасход 10.1%; важность — только фоновый долг сходимости; состояние — вышел за бюджет.
WARNING: [WorldPerf] WARNING: FrameBudget overrun job_id=chunk_manager.streaming_redraw category=visual used_ms=4.40 budget_ms=4.00 over_budget_pct=10.1
   at: push_warning (core/variant/variant_utility.cpp:1034)
   GDScript backtrace (most recent call first):
       [0] report_budget_overrun (res://core/systems/world/world_perf_probe.gd:103)
       [1] _process (res://core/autoloads/frame_budget_dispatcher.gd:76)
[FrameBudget] streaming=0.0ms topology=2.0ms visual=3.8ms spawn=0.0ms total=5.8ms/6.0ms chunk_manager.streaming_load=0.0ms(60) building.room_recompute=0.0ms(60) power.balance_recompute=0.0ms(60) chunk_manager.topology_rebuild=2.0ms(60) underground.fog_update=0.0ms(60) chunk_manager.streaming_redraw=3.8ms(60) mountain_shadow.visual_rebuild=0.0ms(42)
[FrameBudget] streaming=0.0ms topology=2.0ms visual=3.9ms spawn=0.0ms total=5.9ms/6.0ms chunk_manager.streaming_load=0.0ms(60) building.room_recompute=0.0ms(60) power.balance_recompute=0.0ms(60) chunk_manager.topology_rebuild=2.0ms(60) underground.fog_update=0.0ms(60) chunk_manager.streaming_redraw=3.8ms(60) mountain_shadow.visual_rebuild=0.0ms(51)
[FrameBudget] streaming=0.0ms topology=2.0ms visual=3.9ms spawn=0.0ms total=5.9ms/6.0ms chunk_manager.streaming_load=0.0ms(60) building.room_recompute=0.0ms(60) power.balance_recompute=0.0ms(60) chunk_manager.topology_rebuild=2.0ms(60) underground.fog_update=0.0ms(60) chunk_manager.streaming_redraw=3.8ms(60) mountain_shadow.visual_rebuild=0.0ms(54)
[WorldPerf] === Frame Summary (300 frames) ===
[WorldPerf] Frame time: avg=7.3 ms, p99=7.6 ms, hitches=0
[WorldPerf] Frame budget: dispatcher=6.0ms streaming=0.0ms streaming_load=0.0ms streaming_redraw=0.0ms topology=2.0ms building=0.0ms power=0.0ms visual=0.0ms shadow=3.8ms spawn=0.0ms total=11.9ms/6.0ms
[WorldPerf] Мировой перф-зонд зафиксировал перерасход фонового бюджета: фоновая задача chunk_manager.topology_rebuild в категории topology; причина — шаг занял 2.08 ms при лимите 2.00 ms, перерасход 4.1%; важность — только фоновый долг сходимости; состояние — вышел за бюджет.
WARNING: [WorldPerf] WARNING: FrameBudget overrun job_id=chunk_manager.topology_rebuild category=topology used_ms=2.08 budget_ms=2.00 over_budget_pct=4.1
   at: push_warning (core/variant/variant_utility.cpp:1034)
   GDScript backtrace (most recent call first):
       [0] report_budget_overrun (res://core/systems/world/world_perf_probe.gd:103)
       [1] _process (res://core/autoloads/frame_budget_dispatcher.gd:76)
[WorldPerf] Мировой перф-зонд зафиксировал перерасход фонового бюджета: фоновая задача chunk_manager.streaming_redraw в категории visual; причина — шаг занял 4.07 ms при лимите 4.00 ms, перерасход 1.6%; важность — только фоновый долг сходимости; состояние — вышел за бюджет.
WARNING: [WorldPerf] WARNING: FrameBudget overrun job_id=chunk_manager.streaming_redraw category=visual used_ms=4.07 budget_ms=4.00 over_budget_pct=1.6
   at: push_warning (core/variant/variant_utility.cpp:1034)
   GDScript backtrace (most recent call first):
       [0] report_budget_overrun (res://core/systems/world/world_perf_probe.gd:103)
       [1] _process (res://core/autoloads/frame_budget_dispatcher.gd:76)
[FrameBudget] streaming=0.0ms topology=2.0ms visual=3.9ms spawn=0.0ms total=5.9ms/6.0ms chunk_manager.streaming_load=0.0ms(60) building.room_recompute=0.0ms(60) power.balance_recompute=0.0ms(60) chunk_manager.topology_rebuild=2.0ms(60) underground.fog_update=0.0ms(60) chunk_manager.streaming_redraw=3.8ms(60) mountain_shadow.visual_rebuild=0.0ms(52)
[WorldPerf] Мировой перф-зонд зафиксировал заметный по времени шаг: время первого визуального прохода чанка (stream.chunk_first_pass_ms (2, 2)@z0); причина — замер превысил порог вывода в лог и требует внимания: 5381.77 ms; важность — только фоновый долг сходимости; состояние — наблюдается всплеск.
[WorldPerf] stream.chunk_first_pass_ms (2, 2)@z0: 5381.77 ms
[WorldPerf] Мировой перф-зонд зафиксировал заметный по времени шаг: время первого визуального прохода чанка (stream.chunk_first_pass_ms (63, 2)@z0); причина — замер превысил порог вывода в лог и требует внимания: 5437.21 ms; важность — только фоновый долг сходимости; состояние — наблюдается всплеск.
[WorldPerf] stream.chunk_first_pass_ms (63, 2)@z0: 5437.21 ms
[WorldPerf] Мировой перф-зонд зафиксировал заметный по времени шаг: время первого визуального прохода чанка (stream.chunk_first_pass_ms (62, -1)@z0); причина — замер превысил порог вывода в лог и требует внимания: 5491.26 ms; важность — только фоновый долг сходимости; состояние — наблюдается всплеск.
[WorldPerf] stream.chunk_first_pass_ms (62, -1)@z0: 5491.26 ms
[WorldPerf] Мировой перф-зонд зафиксировал заметный по времени шаг: время первого визуального прохода чанка (stream.chunk_first_pass_ms (62, -2)@z0); причина — замер превысил порог вывода в лог и требует внимания: 5454.08 ms; важность — только фоновый долг сходимости; состояние — наблюдается всплеск.
[WorldPerf] stream.chunk_first_pass_ms (62, -2)@z0: 5454.08 ms
[WorldPerf] Мировой перф-зонд зафиксировал заметный по времени шаг: время первого визуального прохода чанка (stream.chunk_first_pass_ms (0, 2)@z0); причина — замер превысил порог вывода в лог и требует внимания: 5613.74 ms; важность — только фоновый долг сходимости; состояние — наблюдается всплеск.
[WorldPerf] stream.chunk_first_pass_ms (0, 2)@z0: 5613.74 ms
[WorldPerf] Мировой перф-зонд зафиксировал заметный по времени шаг: время первого визуального прохода чанка (stream.chunk_first_pass_ms (1, 2)@z0); причина — замер превысил порог вывода в лог и требует внимания: 5623.70 ms; важность — только фоновый долг сходимости; состояние — наблюдается всплеск.
[WorldPerf] stream.chunk_first_pass_ms (1, 2)@z0: 5623.70 ms
[WorldPerf] Мировой перф-зонд зафиксировал заметный по времени шаг: время первого визуального прохода чанка (stream.chunk_first_pass_ms (2, -2)@z0); причина — замер превысил порог вывода в лог и требует внимания: 5694.06 ms; важность — только фоновый долг сходимости; состояние — наблюдается всплеск.
[WorldPerf] stream.chunk_first_pass_ms (2, -2)@z0: 5694.06 ms
[WorldPerf] Мировой перф-зонд зафиксировал заметный по времени шаг: время полной перерисовки чанка (stream.chunk_full_redraw_ms (63, 2)@z0); причина — замер превысил порог вывода в лог и требует внимания: 5762.28 ms; важность — только фоновый долг сходимости; состояние — наблюдается всплеск.
[WorldPerf] stream.chunk_full_redraw_ms (63, 2)@z0: 5762.28 ms
[WorldPerf] Мировой перф-зонд зафиксировал заметный по времени шаг: время полной перерисовки чанка (stream.chunk_full_redraw_ms (2, 2)@z0); причина — замер превысил порог вывода в лог и требует внимания: 5739.69 ms; важность — только фоновый долг сходимости; состояние — наблюдается всплеск.
[WorldPerf] stream.chunk_full_redraw_ms (2, 2)@z0: 5739.69 ms
[FrameBudget] streaming=0.0ms topology=2.0ms visual=3.8ms spawn=0.0ms total=5.8ms/6.0ms chunk_manager.streaming_load=0.0ms(60) building.room_recompute=0.0ms(60) power.balance_recompute=0.0ms(60) chunk_manager.topology_rebuild=2.0ms(60) underground.fog_update=0.0ms(60) chunk_manager.streaming_redraw=3.8ms(60) mountain_shadow.visual_rebuild=0.0ms(49)
[WorldPerf] Мировой перф-зонд зафиксировал заметный по времени шаг: время полной перерисовки чанка (stream.chunk_full_redraw_ms (62, -1)@z0); причина — замер превысил порог вывода в лог и требует внимания: 5858.32 ms; важность — только фоновый долг сходимости; состояние — наблюдается всплеск.
[WorldPerf] stream.chunk_full_redraw_ms (62, -1)@z0: 5858.32 ms
[WorldPerf] Мировой перф-зонд зафиксировал заметный по времени шаг: время первого визуального прохода чанка (stream.chunk_first_pass_ms (62, 0)@z0); причина — замер превысил порог вывода в лог и требует внимания: 5971.79 ms; важность — только фоновый долг сходимости; состояние — наблюдается всплеск.
[WorldPerf] stream.chunk_first_pass_ms (62, 0)@z0: 5971.79 ms
[WorldPerf] Мировой перф-зонд зафиксировал заметный по времени шаг: время полной перерисовки чанка (stream.chunk_full_redraw_ms (62, -2)@z0); причина — замер превысил порог вывода в лог и требует внимания: 5830.76 ms; важность — только фоновый долг сходимости; состояние — наблюдается всплеск.
[WorldPerf] stream.chunk_full_redraw_ms (62, -2)@z0: 5830.76 ms
[WorldPerf] Мировой перф-зонд зафиксировал заметный по времени шаг: время полной перерисовки чанка (stream.chunk_full_redraw_ms (0, 2)@z0); причина — замер превысил порог вывода в лог и требует внимания: 6029.32 ms; важность — только фоновый долг сходимости; состояние — наблюдается всплеск.
[WorldPerf] stream.chunk_full_redraw_ms (0, 2)@z0: 6029.32 ms
[WorldPerf] Мировой перф-зонд зафиксировал заметный по времени шаг: время первого визуального прохода чанка (stream.chunk_first_pass_ms (62, 2)@z0); причина — замер превысил порог вывода в лог и требует внимания: 5926.76 ms; важность — только фоновый долг сходимости; состояние — наблюдается всплеск.
[WorldPerf] stream.chunk_first_pass_ms (62, 2)@z0: 5926.76 ms
[WorldPerf] Мировой перф-зонд зафиксировал заметный по времени шаг: время полной перерисовки чанка (stream.chunk_full_redraw_ms (1, 2)@z0); причина — замер превысил порог вывода в лог и требует внимания: 6027.19 ms; важность — только фоновый долг сходимости; состояние — наблюдается всплеск.
[WorldPerf] stream.chunk_full_redraw_ms (1, 2)@z0: 6027.19 ms
[WorldPerf] Мировой перф-зонд зафиксировал заметный по времени шаг: время полной перерисовки чанка (stream.chunk_full_redraw_ms (2, -2)@z0); причина — замер превысил порог вывода в лог и требует внимания: 6098.99 ms; важность — только фоновый долг сходимости; состояние — наблюдается всплеск.
[WorldPerf] stream.chunk_full_redraw_ms (2, -2)@z0: 6098.99 ms
[WorldPerf] Мировой перф-зонд зафиксировал заметный по времени шаг: время первого визуального прохода чанка (stream.chunk_first_pass_ms (63, -2)@z0); причина — замер превысил порог вывода в лог и требует внимания: 6216.63 ms; важность — только фоновый долг сходимости; состояние — наблюдается всплеск.
[WorldPerf] stream.chunk_first_pass_ms (63, -2)@z0: 6216.63 ms
[WorldPerf] Мировой перф-зонд зафиксировал заметный по времени шаг: время первого визуального прохода чанка (stream.chunk_first_pass_ms (2, 1)@z0); причина — замер превысил порог вывода в лог и требует внимания: 6208.94 ms; важность — только фоновый долг сходимости; состояние — наблюдается всплеск.
[WorldPerf] stream.chunk_first_pass_ms (2, 1)@z0: 6208.94 ms
[WorldPerf] Мировой перф-зонд зафиксировал заметный по времени шаг: время первого визуального прохода чанка (stream.chunk_first_pass_ms (1, -2)@z0); причина — замер превысил порог вывода в лог и требует внимания: 6275.01 ms; важность — только фоновый долг сходимости; состояние — наблюдается всплеск.
[WorldPerf] stream.chunk_first_pass_ms (1, -2)@z0: 6275.01 ms
[WorldPerf] Мировой перф-зонд зафиксировал заметный по времени шаг: время полной перерисовки чанка (stream.chunk_full_redraw_ms (62, 0)@z0); причина — замер превысил порог вывода в лог и требует внимания: 6329.35 ms; важность — только фоновый долг сходимости; состояние — наблюдается всплеск.
[WorldPerf] stream.chunk_full_redraw_ms (62, 0)@z0: 6329.35 ms
[WorldPerf] Мировой перф-зонд зафиксировал заметный по времени шаг: время первого визуального прохода чанка (stream.chunk_first_pass_ms (2, 0)@z0); причина — замер превысил порог вывода в лог и требует внимания: 6355.19 ms; важность — только фоновый долг сходимости; состояние — наблюдается всплеск.
[WorldPerf] stream.chunk_first_pass_ms (2, 0)@z0: 6355.19 ms
[FrameBudget] streaming=0.0ms topology=2.0ms visual=3.7ms spawn=0.0ms total=5.8ms/6.0ms chunk_manager.streaming_load=0.0ms(60) building.room_recompute=0.0ms(60) power.balance_recompute=0.0ms(60) chunk_manager.topology_rebuild=2.0ms(60) underground.fog_update=0.0ms(60) chunk_manager.streaming_redraw=3.7ms(60) mountain_shadow.visual_rebuild=0.0ms(53)
[WorldPerf] Мировой перф-зонд зафиксировал заметный по времени шаг: время первого визуального прохода чанка (stream.chunk_first_pass_ms (0, -2)@z0); причина — замер превысил порог вывода в лог и требует внимания: 6452.91 ms; важность — только фоновый долг сходимости; состояние — наблюдается всплеск.
[WorldPerf] stream.chunk_first_pass_ms (0, -2)@z0: 6452.91 ms
[WorldPerf] Мировой перф-зонд зафиксировал заметный по времени шаг: время полной перерисовки чанка (stream.chunk_full_redraw_ms (62, 2)@z0); причина — замер превысил порог вывода в лог и требует внимания: 6285.51 ms; важность — только фоновый долг сходимости; состояние — наблюдается всплеск.
[WorldPerf] stream.chunk_full_redraw_ms (62, 2)@z0: 6285.51 ms
[WorldPerf] Мировой перф-зонд зафиксировал заметный по времени шаг: время первого визуального прохода чанка (stream.chunk_first_pass_ms (62, 1)@z0); причина — замер превысил порог вывода в лог и требует внимания: 6416.46 ms; важность — только фоновый долг сходимости; состояние — наблюдается всплеск.
[WorldPerf] stream.chunk_first_pass_ms (62, 1)@z0: 6416.46 ms
[WorldPerf] Мировой перф-зонд зафиксировал заметный по времени шаг: время полной перерисовки чанка (stream.chunk_full_redraw_ms (63, -2)@z0); причина — замер превысил порог вывода в лог и требует внимания: 6568.68 ms; важность — только фоновый долг сходимости; состояние — наблюдается всплеск.
[WorldPerf] stream.chunk_full_redraw_ms (63, -2)@z0: 6568.68 ms
[WorldPerf] Мировой перф-зонд зафиксировал перерасход фонового бюджета: фоновая задача chunk_manager.streaming_redraw в категории visual; причина — шаг занял 4.18 ms при лимите 4.00 ms, перерасход 4.4%; важность — только фоновый долг сходимости; состояние — вышел за бюджет.
WARNING: [WorldPerf] WARNING: FrameBudget overrun job_id=chunk_manager.streaming_redraw category=visual used_ms=4.18 budget_ms=4.00 over_budget_pct=4.4
   at: push_warning (core/variant/variant_utility.cpp:1034)
   GDScript backtrace (most recent call first):
       [0] report_budget_overrun (res://core/systems/world/world_perf_probe.gd:103)
       [1] _process (res://core/autoloads/frame_budget_dispatcher.gd:76)
[WorldPerf] Мировой перф-зонд зафиксировал заметный по времени шаг: время первого визуального прохода чанка (stream.chunk_first_pass_ms (2, -1)@z0); причина — замер превысил порог вывода в лог и требует внимания: 6620.93 ms; важность — только фоновый долг сходимости; состояние — наблюдается всплеск.
[WorldPerf] stream.chunk_first_pass_ms (2, -1)@z0: 6620.93 ms
[WorldPerf] Мировой перф-зонд зафиксировал заметный по времени шаг: время полной перерисовки чанка (stream.chunk_full_redraw_ms (2, 1)@z0); причина — замер превысил порог вывода в лог и требует внимания: 6630.14 ms; важность — только фоновый долг сходимости; состояние — наблюдается всплеск.
[WorldPerf] stream.chunk_full_redraw_ms (2, 1)@z0: 6630.14 ms
[WorldPerf] Мировой перф-зонд зафиксировал заметный по времени шаг: время полной перерисовки чанка (stream.chunk_full_redraw_ms (1, -2)@z0); причина — замер превысил порог вывода в лог и требует внимания: 6729.41 ms; важность — только фоновый долг сходимости; состояние — наблюдается всплеск.
[WorldPerf] stream.chunk_full_redraw_ms (1, -2)@z0: 6729.41 ms
[WorldPerf] Мировой перф-зонд зафиксировал заметный по времени шаг: время полной перерисовки чанка (stream.chunk_full_redraw_ms (2, 0)@z0); причина — замер превысил порог вывода в лог и требует внимания: 6811.46 ms; важность — только фоновый долг сходимости; состояние — наблюдается всплеск.
[WorldPerf] stream.chunk_full_redraw_ms (2, 0)@z0: 6811.46 ms
[WorldPerf] Мировой перф-зонд зафиксировал заметный по времени шаг: время полной перерисовки чанка (stream.chunk_full_redraw_ms (0, -2)@z0); причина — замер превысил порог вывода в лог и требует внимания: 6900.03 ms; важность — только фоновый долг сходимости; состояние — наблюдается всплеск.
[WorldPerf] stream.chunk_full_redraw_ms (0, -2)@z0: 6900.03 ms
[FrameBudget] streaming=0.0ms topology=2.0ms visual=3.8ms spawn=0.0ms total=5.8ms/6.0ms chunk_manager.streaming_load=0.0ms(60) building.room_recompute=0.0ms(60) power.balance_recompute=0.0ms(60) chunk_manager.topology_rebuild=2.0ms(60) underground.fog_update=0.0ms(60) chunk_manager.streaming_redraw=3.8ms(60) mountain_shadow.visual_rebuild=0.0ms(50)
[WorldPerf] Мировой перф-зонд зафиксировал заметный по времени шаг: время полной перерисовки чанка (stream.chunk_full_redraw_ms (62, 1)@z0); причина — замер превысил порог вывода в лог и требует внимания: 6847.64 ms; важность — только фоновый долг сходимости; состояние — наблюдается всплеск.
[WorldPerf] stream.chunk_full_redraw_ms (62, 1)@z0: 6847.64 ms
[WorldPerf] Мировой перф-зонд зафиксировал заметный по времени шаг: время полной перерисовки чанка (stream.chunk_full_redraw_ms (2, -1)@z0); причина — замер превысил порог вывода в лог и требует внимания: 6995.92 ms; важность — только фоновый долг сходимости; состояние — наблюдается всплеск.
[WorldPerf] stream.chunk_full_redraw_ms (2, -1)@z0: 6995.92 ms
[Boot] boot_complete reached (38870.9 ms) | queue_wait=232138.3ms compute=42730.1ms (25 chunks) apply=27.4ms (9 chunks) redraw=0.0ms
[WorldPerf] Мировой перф-зонд зафиксировал заметный по времени шаг: Startup startup bubble ready to boot complete ms (Startup.startup_bubble_ready_to_boot_complete_ms); причина — замер превысил порог вывода в лог и требует внимания: 7125.89 ms; важность — информационно, без текущего риска игроку; состояние — наблюдается всплеск.
[WorldPerf] Startup.startup_bubble_ready_to_boot_complete_ms: 7125.89 ms
[CodexValidation] boot proof complete; quitting
WARNING: ObjectDB instances leaked at exit (run with --verbose for details).
   at: cleanup (core/object/object.cpp:2641)
ERROR: 16 resources still in use at exit (run with --verbose for details).
   at: clear (core/io/resource.cpp:810)
