Godot Engine v4.6.1.stable.official.14d19694e - https://godotengine.org

[WorldPerf] Startup.start_to_loading_screen_visible_ms: 14.34 ms
[WorldPerf] WorldPrePass.compute.sample_height_grid: 189.52 ms
[FrameBudget] streaming=0.0ms topology=0.0ms visual=0.0ms spawn=0.0ms total=0.0ms/6.0ms building.room_recompute=0.0ms(60) power.balance_recompute=0.0ms(60)
[WorldPerf] WorldPrePass.compute.spine_seeds: 383.73 ms
[WorldPerf] WorldPrePass.compute.ridge_graph: 87.98 ms
[WorldPerf] WorldPrePass.compute.ridge_strength_grid.native_total: 1.69 ms
[FrameBudget] streaming=0.0ms topology=0.0ms visual=0.0ms spawn=0.0ms total=0.0ms/6.0ms building.room_recompute=0.0ms(60) power.balance_recompute=0.0ms(60)
[WorldPerf] WorldPrePass.compute.mountain_mass_grid: 46.39 ms
[WorldPerf] WorldPrePass.compute.lake_aware_fill.priority_flood: 11.63 ms
[FrameBudget] streaming=0.0ms topology=0.0ms visual=0.0ms spawn=0.0ms total=0.0ms/6.0ms building.room_recompute=0.0ms(60) power.balance_recompute=0.0ms(60)
[WorldPerf] WorldPrePass.compute.lake_aware_fill.extract_lake_records: 619.96 ms
[WorldPerf] WorldPrePass.compute.lake_aware_fill: 631.94 ms
[FrameBudget] streaming=0.0ms topology=0.0ms visual=0.0ms spawn=0.0ms total=0.0ms/6.0ms building.room_recompute=0.0ms(60) power.balance_recompute=0.0ms(60)
[FrameBudget] streaming=0.0ms topology=0.0ms visual=0.0ms spawn=0.0ms total=0.0ms/6.0ms building.room_recompute=0.0ms(60) power.balance_recompute=0.0ms(60)
[WorldPerf] === Frame Summary (300 frames) ===
[WorldPerf] Frame time: avg=7.4 ms, p99=11.5 ms, hitches=1
[WorldPerf] Frame budget: dispatcher=0.1ms streaming=0.0ms streaming_load=0.0ms streaming_redraw=0.0ms topology=0.0ms building=0.0ms power=0.0ms visual=0.0ms shadow=0.0ms spawn=0.0ms total=0.1ms/6.0ms
[WorldPerf] Observability: Startup.loading_screen_visible=0.0ms, Startup.start_pressed=0.0ms, Startup.start_to_loading_screen_visible_ms=14.3ms
[WorldPerf] WorldPrePass.compute.flow_directions: 681.56 ms
[FrameBudget] streaming=0.0ms topology=0.0ms visual=0.0ms spawn=0.0ms total=0.0ms/6.0ms building.room_recompute=0.0ms(60) power.balance_recompute=0.0ms(60)
[FrameBudget] streaming=0.0ms topology=0.0ms visual=0.0ms spawn=0.0ms total=0.0ms/6.0ms building.room_recompute=0.0ms(60) power.balance_recompute=0.0ms(60)
[WorldPerf] WorldPrePass.compute.flow_accumulation: 806.99 ms
[WorldPerf] WorldPrePass.compute.floodplain_strength: 10.67 ms
[FrameBudget] streaming=0.0ms topology=0.0ms visual=0.0ms spawn=0.0ms total=0.0ms/6.0ms building.room_recompute=0.0ms(60) power.balance_recompute=0.0ms(60)
[WorldPerf] WorldPrePass.compute.erosion_proxy: 357.51 ms
[FrameBudget] streaming=0.0ms topology=0.0ms visual=0.0ms spawn=0.0ms total=0.0ms/6.0ms building.room_recompute=0.0ms(60) power.balance_recompute=0.0ms(60)
[WorldPerf] WorldPrePass.compute.slope_grid: 394.46 ms
[FrameBudget] streaming=0.0ms topology=0.0ms visual=0.0ms spawn=0.0ms total=0.0ms/6.0ms building.room_recompute=0.0ms(60) power.balance_recompute=0.0ms(60)
[WorldPerf] === Frame Summary (300 frames) ===
[WorldPerf] Frame time: avg=6.9 ms, p99=6.9 ms, hitches=0
[WorldPerf] Frame budget: dispatcher=0.1ms streaming=0.0ms streaming_load=0.0ms streaming_redraw=0.0ms topology=0.0ms building=0.0ms power=0.0ms visual=0.0ms shadow=0.0ms spawn=0.0ms total=0.1ms/6.0ms
[FrameBudget] streaming=0.0ms topology=0.0ms visual=0.0ms spawn=0.0ms total=0.0ms/6.0ms building.room_recompute=0.0ms(60) power.balance_recompute=0.0ms(60)
[WorldPerf] WorldPrePass.compute.rain_shadow: 1116.87 ms
[WorldPerf] WorldPrePass.compute.continentalness.seed_water_sources: 59.92 ms
[WorldPerf] WorldPrePass.compute.continentalness: 71.94 ms
[WorldPerf] WorldGenerator._setup_world_pre_pass.configure: 126.63 ms
[WorldPerf] WorldGenerator._setup_world_pre_pass.compute: 4805.43 ms
[WorldPerf] WorldGenerator.initialize_world.setup_world_pre_pass: 4932.06 ms
[WorldGenerator] Native ChunkGenerator initialized (6 biomes, authoritative WorldPrePass snapshot)
[WorldPerf] WorldGenerator.complete_pending_initialize_world.pending_age_ms: 4938.58 ms
[WorldPerf] _init_world_generator: 4944.42 ms
[CodexValidation] runtime validation driver enabled; route_preset=seam_cross
[WorldPerf] GameWorld._setup_after_loading_screen: 5038.52 ms
[ChunkTilesetFactory] rock_atlas=240, wall_base=47, variants=5
[ChunkTilesetFactory] ground_faces: start=259 count=47
[ChunkTilesetFactory] rock_atlas=240, wall_base=47, variants=5
[ChunkTilesetFactory] ground_faces: start=259 count=47
[ChunkTilesetFactory] rock_atlas=240, wall_base=47, variants=5
[ChunkTilesetFactory] ground_faces: start=259 count=47
[ChunkTilesetFactory] rock_atlas=240, wall_base=47, variants=5
[ChunkTilesetFactory] ground_faces: start=259 count=47
[ChunkTilesetFactory] rock_atlas=240, wall_base=47, variants=5
[ChunkTilesetFactory] ground_faces: start=259 count=47
[ChunkTilesetFactory] rock_atlas=240, wall_base=47, variants=5
[ChunkTilesetFactory] ground_faces: start=259 count=47
[ChunkTilesetFactory] rock_atlas=240, wall_base=47, variants=5
[ChunkTilesetFactory] ground_faces: start=259 count=47
[WorldPerf] PlayerChunk coord=(0, 0) z=0 trigger=entered_chunk loaded=false visible=false state=not_loaded phase=none first_pass=false full_ready=false issues=not_loaded,load_queued,first_pass_not_ready ages(first=-ms full=-ms border=-ms apply=-ms converge=-ms) queues(fast=0 urgent=0 near=0 full_near=0 full_far=0) requests(load=true staged=false generating=false) scheduler(step=0.00ms exhausted=false)
[WorldPerf] PlayerChunk coord=(0, 0) z=0 trigger=scheduler loaded=false visible=false state=not_loaded phase=none first_pass=false full_ready=false issues=not_loaded,generating,first_pass_not_ready ages(first=-ms full=-ms border=-ms apply=-ms converge=-ms) queues(fast=0 urgent=0 near=0 full_near=0 full_far=0) requests(load=false staged=false generating=true) scheduler(step=0.01ms exhausted=false)
[FrameBudget] streaming=0.0ms topology=0.0ms visual=0.0ms spawn=0.0ms total=0.1ms/6.0ms building.room_recompute=0.0ms(60) power.balance_recompute=0.0ms(60) chunk_manager.streaming_load=0.0ms(4) chunk_manager.topology_rebuild=0.0ms(4) underground.fog_update=0.0ms(4) chunk_manager.streaming_redraw=0.0ms(4) mountain_shadow.visual_rebuild=0.0ms(4)
[FrameBudget] streaming=0.0ms topology=0.0ms visual=0.0ms spawn=0.0ms total=0.0ms/6.0ms chunk_manager.streaming_load=0.0ms(60) building.room_recompute=0.0ms(60) power.balance_recompute=0.0ms(60) chunk_manager.topology_rebuild=0.0ms(60) underground.fog_update=0.0ms(60) chunk_manager.streaming_redraw=0.0ms(60) mountain_shadow.visual_rebuild=0.0ms(60)
[FrameBudget] streaming=0.0ms topology=0.0ms visual=0.0ms spawn=0.0ms total=0.0ms/6.0ms chunk_manager.streaming_load=0.0ms(60) building.room_recompute=0.0ms(60) power.balance_recompute=0.0ms(60) chunk_manager.topology_rebuild=0.0ms(60) underground.fog_update=0.0ms(60) chunk_manager.streaming_redraw=0.0ms(60) mountain_shadow.visual_rebuild=0.0ms(60)
[FrameBudget] streaming=0.0ms topology=0.0ms visual=0.0ms spawn=0.0ms total=0.0ms/6.0ms chunk_manager.streaming_load=0.0ms(60) building.room_recompute=0.0ms(60) power.balance_recompute=0.0ms(60) chunk_manager.topology_rebuild=0.0ms(60) underground.fog_update=0.0ms(60) chunk_manager.streaming_redraw=0.0ms(60) mountain_shadow.visual_rebuild=0.0ms(60)
[WorldPerf] === Frame Summary (300 frames) ===
[WorldPerf] Frame time: avg=7.3 ms, p99=12.0 ms, hitches=1
[WorldPerf] Frame budget: dispatcher=0.2ms streaming=0.0ms streaming_load=0.0ms streaming_redraw=0.0ms topology=0.0ms building=0.0ms power=0.0ms visual=0.0ms shadow=0.0ms spawn=0.0ms total=0.2ms/6.0ms
[ChunkGen] slow native generate_chunk (0, 0): 550.9 ms
[ChunkGen] slow native generate_chunk (0, -1): 588.5 ms
[ChunkGen] slow native generate_chunk (1, 0): 591.7 ms
[FrameBudget] streaming=0.0ms topology=0.0ms visual=0.0ms spawn=0.0ms total=0.0ms/6.0ms chunk_manager.streaming_load=0.0ms(60) building.room_recompute=0.0ms(60) power.balance_recompute=0.0ms(60) chunk_manager.topology_rebuild=0.0ms(60) underground.fog_update=0.0ms(60) chunk_manager.streaming_redraw=0.0ms(60) mountain_shadow.visual_rebuild=0.0ms(60)
[FrameBudget] streaming=0.0ms topology=0.0ms visual=0.0ms spawn=0.0ms total=0.0ms/6.0ms chunk_manager.streaming_load=0.0ms(60) building.room_recompute=0.0ms(60) power.balance_recompute=0.0ms(60) chunk_manager.topology_rebuild=0.0ms(60) underground.fog_update=0.0ms(60) chunk_manager.streaming_redraw=0.0ms(60) mountain_shadow.visual_rebuild=0.0ms(60)
[FrameBudget] streaming=0.0ms topology=0.0ms visual=0.0ms spawn=0.0ms total=0.0ms/6.0ms chunk_manager.streaming_load=0.0ms(60) building.room_recompute=0.0ms(60) power.balance_recompute=0.0ms(60) chunk_manager.topology_rebuild=0.0ms(60) underground.fog_update=0.0ms(60) chunk_manager.streaming_redraw=0.0ms(60) mountain_shadow.visual_rebuild=0.0ms(60)
[FrameBudget] streaming=0.0ms topology=0.0ms visual=0.0ms spawn=0.0ms total=0.0ms/6.0ms chunk_manager.streaming_load=0.0ms(60) building.room_recompute=0.0ms(60) power.balance_recompute=0.0ms(60) chunk_manager.topology_rebuild=0.0ms(60) underground.fog_update=0.0ms(60) chunk_manager.streaming_redraw=0.0ms(60) mountain_shadow.visual_rebuild=0.0ms(60)
[ChunkGen] slow native generate_chunk (63, 0): 622.2 ms
[ChunkGen] slow native generate_chunk (0, -1): 573.7 ms
WARNING: [Boot] native flora empty for (0, -1) — GDScript flora fallback in worker
   at: push_warning (core/variant/variant_utility.cpp:1034)
   GDScript backtrace (most recent call first):
       [0] _boot_worker_compute (res://core/systems/world/chunk_manager.gd:4661)
[FrameBudget] streaming=0.0ms topology=0.0ms visual=0.0ms spawn=0.0ms total=0.0ms/6.0ms chunk_manager.streaming_load=0.0ms(60) building.room_recompute=0.0ms(60) power.balance_recompute=0.0ms(60) chunk_manager.topology_rebuild=0.0ms(60) underground.fog_update=0.0ms(60) chunk_manager.streaming_redraw=0.0ms(60) mountain_shadow.visual_rebuild=0.0ms(60)
[WorldPerf] === Frame Summary (300 frames) ===
[WorldPerf] Frame time: avg=6.9 ms, p99=6.9 ms, hitches=0
[WorldPerf] Frame budget: dispatcher=0.2ms streaming=0.0ms streaming_load=0.0ms streaming_redraw=0.0ms topology=0.0ms building=0.0ms power=0.0ms visual=0.0ms shadow=0.0ms spawn=0.0ms total=0.2ms/6.0ms
[ChunkGen] slow native generate_chunk (0, 0): 580.0 ms
WARNING: [Boot] native flora empty for (0, 0) — GDScript flora fallback in worker
   at: push_warning (core/variant/variant_utility.cpp:1034)
   GDScript backtrace (most recent call first):
       [0] _boot_worker_compute (res://core/systems/world/chunk_manager.gd:4661)
[FrameBudget] streaming=0.0ms topology=0.0ms visual=0.0ms spawn=0.0ms total=0.1ms/6.0ms chunk_manager.streaming_load=0.0ms(60) building.room_recompute=0.0ms(60) power.balance_recompute=0.0ms(60) chunk_manager.topology_rebuild=0.0ms(60) underground.fog_update=0.0ms(60) chunk_manager.streaming_redraw=0.0ms(60) mountain_shadow.visual_rebuild=0.0ms(60)
[FrameBudget] streaming=0.0ms topology=0.0ms visual=0.0ms spawn=0.0ms total=0.0ms/6.0ms chunk_manager.streaming_load=0.0ms(60) building.room_recompute=0.0ms(60) power.balance_recompute=0.0ms(60) chunk_manager.topology_rebuild=0.0ms(60) underground.fog_update=0.0ms(60) chunk_manager.streaming_redraw=0.0ms(60) mountain_shadow.visual_rebuild=0.0ms(60)
[FrameBudget] streaming=0.0ms topology=0.0ms visual=0.0ms spawn=0.0ms total=0.0ms/6.0ms chunk_manager.streaming_load=0.0ms(60) building.room_recompute=0.0ms(60) power.balance_recompute=0.0ms(60) chunk_manager.topology_rebuild=0.0ms(60) underground.fog_update=0.0ms(60) chunk_manager.streaming_redraw=0.0ms(60) mountain_shadow.visual_rebuild=0.0ms(60)
[WorldPerf] FPS: 141.0
[ChunkGen] slow native generate_chunk (1, 0): 621.4 ms
WARNING: [Boot] native flora empty for (1, 0) — GDScript flora fallback in worker
   at: push_warning (core/variant/variant_utility.cpp:1034)
   GDScript backtrace (most recent call first):
       [0] _boot_worker_compute (res://core/systems/world/chunk_manager.gd:4661)
[FrameBudget] streaming=0.0ms topology=0.0ms visual=0.0ms spawn=0.0ms total=0.0ms/6.0ms chunk_manager.streaming_load=0.0ms(60) building.room_recompute=0.0ms(60) power.balance_recompute=0.0ms(60) chunk_manager.topology_rebuild=0.0ms(60) underground.fog_update=0.0ms(60) chunk_manager.streaming_redraw=0.0ms(60) mountain_shadow.visual_rebuild=0.0ms(60)
[ChunkGen] slow native generate_chunk (63, 0): 585.4 ms
WARNING: [Boot] native flora empty for (63, 0) — GDScript flora fallback in worker
   at: push_warning (core/variant/variant_utility.cpp:1034)
   GDScript backtrace (most recent call first):
       [0] _boot_worker_compute (res://core/systems/world/chunk_manager.gd:4661)
[ChunkGen] slow native generate_chunk (0, 1): 604.5 ms
WARNING: [Boot] native flora empty for (0, 1) — GDScript flora fallback in worker
   at: push_warning (core/variant/variant_utility.cpp:1034)
   GDScript backtrace (most recent call first):
       [0] _boot_worker_compute (res://core/systems/world/chunk_manager.gd:4661)
[FrameBudget] streaming=0.0ms topology=0.0ms visual=0.0ms spawn=0.0ms total=0.1ms/6.0ms chunk_manager.streaming_load=0.0ms(60) building.room_recompute=0.0ms(60) power.balance_recompute=0.0ms(60) chunk_manager.topology_rebuild=0.0ms(60) underground.fog_update=0.0ms(60) chunk_manager.streaming_redraw=0.0ms(60) mountain_shadow.visual_rebuild=0.0ms(60)
[WorldPerf] === Frame Summary (300 frames) ===
[WorldPerf] Frame time: avg=7.1 ms, p99=16.7 ms, hitches=2
[WorldPerf] Frame budget: dispatcher=0.2ms streaming=0.0ms streaming_load=0.0ms streaming_redraw=0.0ms topology=0.0ms building=0.0ms power=0.0ms visual=0.0ms shadow=0.0ms spawn=0.0ms total=0.7ms/6.0ms
[WorldPerf] Boot detail: compute=0.0ms apply=0.1ms redraw=0.0ms topology=0.0ms shadow=0.0ms milestones=0 other=0.4ms | peaks: compute=0.0ms apply=3.6ms redraw=0.0ms topology=0.0ms shadow=0.0ms milestones=0.0ms stream_load=0.0ms stream_redraw=0.0ms
[FrameBudget] streaming=0.0ms topology=0.0ms visual=0.0ms spawn=0.0ms total=0.0ms/6.0ms chunk_manager.streaming_load=0.0ms(60) building.room_recompute=0.0ms(60) power.balance_recompute=0.0ms(60) chunk_manager.topology_rebuild=0.0ms(60) underground.fog_update=0.0ms(60) chunk_manager.streaming_redraw=0.0ms(60) mountain_shadow.visual_rebuild=0.0ms(60)
[FrameBudget] streaming=0.0ms topology=0.0ms visual=0.0ms spawn=0.0ms total=0.0ms/6.0ms chunk_manager.streaming_load=0.0ms(60) building.room_recompute=0.0ms(60) power.balance_recompute=0.0ms(60) chunk_manager.topology_rebuild=0.0ms(60) underground.fog_update=0.0ms(60) chunk_manager.streaming_redraw=0.0ms(60) mountain_shadow.visual_rebuild=0.0ms(60)
[FrameBudget] streaming=0.0ms topology=0.0ms visual=0.0ms spawn=0.0ms total=0.0ms/6.0ms chunk_manager.streaming_load=0.0ms(60) building.room_recompute=0.0ms(60) power.balance_recompute=0.0ms(60) chunk_manager.topology_rebuild=0.0ms(60) underground.fog_update=0.0ms(60) chunk_manager.streaming_redraw=0.0ms(60) mountain_shadow.visual_rebuild=0.0ms(60)
[ChunkGen] slow native generate_chunk (1, -1): 567.0 ms
WARNING: [Boot] native flora empty for (1, -1) — GDScript flora fallback in worker
   at: push_warning (core/variant/variant_utility.cpp:1034)
   GDScript backtrace (most recent call first):
       [0] _boot_worker_compute (res://core/systems/world/chunk_manager.gd:4661)
[ChunkGen] slow native generate_chunk (63, -1): 619.3 ms
WARNING: [Boot] native flora empty for (63, -1) — GDScript flora fallback in worker
   at: push_warning (core/variant/variant_utility.cpp:1034)
   GDScript backtrace (most recent call first):
       [0] _boot_worker_compute (res://core/systems/world/chunk_manager.gd:4661)
[ChunkGen] slow native generate_chunk (1, 1): 617.3 ms
WARNING: [Boot] native flora empty for (1, 1) — GDScript flora fallback in worker
   at: push_warning (core/variant/variant_utility.cpp:1034)
   GDScript backtrace (most recent call first):
       [0] _boot_worker_compute (res://core/systems/world/chunk_manager.gd:4661)
[WorldPerf] Boot.loop_step_ms: 37.97 ms
[FrameBudget] streaming=0.0ms topology=0.0ms visual=0.1ms spawn=0.0ms total=0.1ms/6.0ms chunk_manager.streaming_load=0.0ms(60) building.room_recompute=0.0ms(60) power.balance_recompute=0.0ms(60) chunk_manager.topology_rebuild=0.0ms(60) underground.fog_update=0.0ms(60) chunk_manager.streaming_redraw=0.0ms(60) mountain_shadow.visual_rebuild=0.1ms(60)
[FrameBudget] streaming=0.0ms topology=0.0ms visual=0.0ms spawn=0.0ms total=0.0ms/6.0ms chunk_manager.streaming_load=0.0ms(60) building.room_recompute=0.0ms(60) power.balance_recompute=0.0ms(60) chunk_manager.topology_rebuild=0.0ms(60) underground.fog_update=0.0ms(60) chunk_manager.streaming_redraw=0.0ms(60) mountain_shadow.visual_rebuild=0.0ms(60)
[WorldPerf] === Frame Summary (300 frames) ===
[WorldPerf] Frame time: avg=7.0 ms, p99=13.8 ms, hitches=1
[WorldPerf] Frame budget: dispatcher=0.2ms streaming=0.0ms streaming_load=0.0ms streaming_redraw=0.0ms topology=0.0ms building=0.0ms power=0.0ms visual=0.0ms shadow=0.0ms spawn=0.0ms total=0.5ms/6.0ms
[WorldPerf] Boot detail: compute=0.0ms apply=0.0ms redraw=0.0ms topology=0.0ms shadow=0.0ms milestones=0 other=0.2ms | peaks: compute=0.0ms apply=4.1ms redraw=0.0ms topology=0.0ms shadow=0.0ms milestones=0.0ms stream_load=0.0ms stream_redraw=0.0ms
[FrameBudget] streaming=0.0ms topology=0.0ms visual=0.0ms spawn=0.0ms total=0.0ms/6.0ms chunk_manager.streaming_load=0.0ms(60) building.room_recompute=0.0ms(60) power.balance_recompute=0.0ms(60) chunk_manager.topology_rebuild=0.0ms(60) underground.fog_update=0.0ms(60) chunk_manager.streaming_redraw=0.0ms(60) mountain_shadow.visual_rebuild=0.0ms(60)
[FrameBudget] streaming=0.0ms topology=0.0ms visual=0.0ms spawn=0.0ms total=0.0ms/6.0ms chunk_manager.streaming_load=0.0ms(60) building.room_recompute=0.0ms(60) power.balance_recompute=0.0ms(60) chunk_manager.topology_rebuild=0.0ms(60) underground.fog_update=0.0ms(60) chunk_manager.streaming_redraw=0.0ms(60) mountain_shadow.visual_rebuild=0.0ms(60)
[ChunkGen] slow native generate_chunk (63, 1): 639.1 ms
WARNING: [Boot] native flora empty for (63, 1) — GDScript flora fallback in worker
   at: push_warning (core/variant/variant_utility.cpp:1034)
   GDScript backtrace (most recent call first):
       [0] _boot_worker_compute (res://core/systems/world/chunk_manager.gd:4661)
[ChunkGen] slow native generate_chunk (0, -2): 628.1 ms
WARNING: [Boot] native flora empty for (0, -2) — GDScript flora fallback in worker
   at: push_warning (core/variant/variant_utility.cpp:1034)
   GDScript backtrace (most recent call first):
       [0] _boot_worker_compute (res://core/systems/world/chunk_manager.gd:4661)
[ChunkGen] slow native generate_chunk (2, 0): 650.5 ms
WARNING: [Boot] native flora empty for (2, 0) — GDScript flora fallback in worker
   at: push_warning (core/variant/variant_utility.cpp:1034)
   GDScript backtrace (most recent call first):
       [0] _boot_worker_compute (res://core/systems/world/chunk_manager.gd:4661)
[FrameBudget] streaming=0.0ms topology=0.0ms visual=0.0ms spawn=0.0ms total=0.1ms/6.0ms chunk_manager.streaming_load=0.0ms(60) building.room_recompute=0.0ms(60) power.balance_recompute=0.0ms(60) chunk_manager.topology_rebuild=0.0ms(60) underground.fog_update=0.0ms(60) chunk_manager.streaming_redraw=0.0ms(60) mountain_shadow.visual_rebuild=0.0ms(60)
[FrameBudget] streaming=0.0ms topology=0.0ms visual=0.0ms spawn=0.0ms total=0.0ms/6.0ms chunk_manager.streaming_load=0.0ms(60) building.room_recompute=0.0ms(60) power.balance_recompute=0.0ms(60) chunk_manager.topology_rebuild=0.0ms(60) underground.fog_update=0.0ms(60) chunk_manager.streaming_redraw=0.0ms(60) mountain_shadow.visual_rebuild=0.0ms(60)
[FrameBudget] streaming=0.0ms topology=0.0ms visual=0.0ms spawn=0.0ms total=0.0ms/6.0ms chunk_manager.streaming_load=0.0ms(60) building.room_recompute=0.0ms(60) power.balance_recompute=0.0ms(60) chunk_manager.topology_rebuild=0.0ms(60) underground.fog_update=0.0ms(60) chunk_manager.streaming_redraw=0.0ms(60) mountain_shadow.visual_rebuild=0.0ms(60)
[WorldPerf] === Frame Summary (300 frames) ===
[WorldPerf] Frame time: avg=7.0 ms, p99=8.3 ms, hitches=0
[WorldPerf] Frame budget: dispatcher=0.2ms streaming=0.0ms streaming_load=0.0ms streaming_redraw=0.0ms topology=0.0ms building=0.0ms power=0.0ms visual=0.0ms shadow=0.0ms spawn=0.0ms total=0.4ms/6.0ms
[WorldPerf] Boot detail: compute=0.0ms apply=0.0ms redraw=0.0ms topology=0.0ms shadow=0.0ms milestones=0 other=0.2ms | peaks: compute=0.0ms apply=3.3ms redraw=0.0ms topology=0.0ms shadow=0.0ms milestones=0.0ms stream_load=0.0ms stream_redraw=0.0ms
[WorldPerf] FPS: 142.0
[FrameBudget] streaming=0.0ms topology=0.0ms visual=0.0ms spawn=0.0ms total=0.0ms/6.0ms chunk_manager.streaming_load=0.0ms(60) building.room_recompute=0.0ms(60) power.balance_recompute=0.0ms(60) chunk_manager.topology_rebuild=0.0ms(60) underground.fog_update=0.0ms(60) chunk_manager.streaming_redraw=0.0ms(60) mountain_shadow.visual_rebuild=0.0ms(60)
[ChunkGen] slow native generate_chunk (62, 0): 593.9 ms
WARNING: [Boot] native flora empty for (62, 0) — GDScript flora fallback in worker
   at: push_warning (core/variant/variant_utility.cpp:1034)
   GDScript backtrace (most recent call first):
       [0] _boot_worker_compute (res://core/systems/world/chunk_manager.gd:4661)
[ChunkGen] slow native generate_chunk (0, 2): 611.9 ms
WARNING: [Boot] native flora empty for (0, 2) — GDScript flora fallback in worker
   at: push_warning (core/variant/variant_utility.cpp:1034)
   GDScript backtrace (most recent call first):
       [0] _boot_worker_compute (res://core/systems/world/chunk_manager.gd:4661)
[ChunkGen] slow native generate_chunk (1, -2): 617.7 ms
WARNING: [Boot] native flora empty for (1, -2) — GDScript flora fallback in worker
   at: push_warning (core/variant/variant_utility.cpp:1034)
   GDScript backtrace (most recent call first):
       [0] _boot_worker_compute (res://core/systems/world/chunk_manager.gd:4661)
[FrameBudget] streaming=0.0ms topology=0.0ms visual=0.0ms spawn=0.0ms total=0.0ms/6.0ms chunk_manager.streaming_load=0.0ms(60) building.room_recompute=0.0ms(60) power.balance_recompute=0.0ms(60) chunk_manager.topology_rebuild=0.0ms(60) underground.fog_update=0.0ms(60) chunk_manager.streaming_redraw=0.0ms(60) mountain_shadow.visual_rebuild=0.0ms(60)
[FrameBudget] streaming=0.0ms topology=0.0ms visual=0.0ms spawn=0.0ms total=0.0ms/6.0ms chunk_manager.streaming_load=0.0ms(60) building.room_recompute=0.0ms(60) power.balance_recompute=0.0ms(60) chunk_manager.topology_rebuild=0.0ms(60) underground.fog_update=0.0ms(60) chunk_manager.streaming_redraw=0.0ms(60) mountain_shadow.visual_rebuild=0.0ms(60)
[FrameBudget] streaming=0.0ms topology=0.0ms visual=0.0ms spawn=0.0ms total=0.0ms/6.0ms chunk_manager.streaming_load=0.0ms(60) building.room_recompute=0.0ms(60) power.balance_recompute=0.0ms(60) chunk_manager.topology_rebuild=0.0ms(60) underground.fog_update=0.0ms(60) chunk_manager.streaming_redraw=0.0ms(60) mountain_shadow.visual_rebuild=0.0ms(60)
[FrameBudget] streaming=0.0ms topology=0.0ms visual=0.0ms spawn=0.0ms total=0.0ms/6.0ms chunk_manager.streaming_load=0.0ms(60) building.room_recompute=0.0ms(60) power.balance_recompute=0.0ms(60) chunk_manager.topology_rebuild=0.0ms(60) underground.fog_update=0.0ms(60) chunk_manager.streaming_redraw=0.0ms(60) mountain_shadow.visual_rebuild=0.0ms(60)
[WorldPerf] === Frame Summary (300 frames) ===
[WorldPerf] Frame time: avg=6.9 ms, p99=7.4 ms, hitches=0
[WorldPerf] Frame budget: dispatcher=0.2ms streaming=0.0ms streaming_load=0.0ms streaming_redraw=0.0ms topology=0.0ms building=0.0ms power=0.0ms visual=0.0ms shadow=0.0ms spawn=0.0ms total=0.4ms/6.0ms
[WorldPerf] Boot detail: compute=0.0ms apply=0.0ms redraw=0.0ms topology=0.0ms shadow=0.0ms milestones=0 other=0.2ms | peaks: compute=0.0ms apply=0.0ms redraw=0.0ms topology=0.0ms shadow=0.0ms milestones=0.0ms stream_load=0.0ms stream_redraw=0.0ms
[ChunkGen] slow native generate_chunk (63, -2): 588.6 ms
WARNING: [Boot] native flora empty for (63, -2) — GDScript flora fallback in worker
   at: push_warning (core/variant/variant_utility.cpp:1034)
   GDScript backtrace (most recent call first):
       [0] _boot_worker_compute (res://core/systems/world/chunk_manager.gd:4661)
[ChunkGen] slow native generate_chunk (62, -1): 596.7 ms
WARNING: [Boot] native flora empty for (62, -1) — GDScript flora fallback in worker
   at: push_warning (core/variant/variant_utility.cpp:1034)
   GDScript backtrace (most recent call first):
       [0] _boot_worker_compute (res://core/systems/world/chunk_manager.gd:4661)
[ChunkGen] slow native generate_chunk (2, -1): 585.2 ms
WARNING: [Boot] native flora empty for (2, -1) — GDScript flora fallback in worker
   at: push_warning (core/variant/variant_utility.cpp:1034)
   GDScript backtrace (most recent call first):
       [0] _boot_worker_compute (res://core/systems/world/chunk_manager.gd:4661)
[FrameBudget] streaming=0.0ms topology=0.0ms visual=0.0ms spawn=0.0ms total=0.0ms/6.0ms chunk_manager.streaming_load=0.0ms(60) building.room_recompute=0.0ms(60) power.balance_recompute=0.0ms(60) chunk_manager.topology_rebuild=0.0ms(60) underground.fog_update=0.0ms(60) chunk_manager.streaming_redraw=0.0ms(60) mountain_shadow.visual_rebuild=0.0ms(60)
[FrameBudget] streaming=0.0ms topology=0.0ms visual=0.0ms spawn=0.0ms total=0.0ms/6.0ms chunk_manager.streaming_load=0.0ms(60) building.room_recompute=0.0ms(60) power.balance_recompute=0.0ms(60) chunk_manager.topology_rebuild=0.0ms(60) underground.fog_update=0.0ms(60) chunk_manager.streaming_redraw=0.0ms(60) mountain_shadow.visual_rebuild=0.0ms(60)
[FrameBudget] streaming=0.0ms topology=0.0ms visual=0.0ms spawn=0.0ms total=0.0ms/6.0ms chunk_manager.streaming_load=0.0ms(60) building.room_recompute=0.0ms(60) power.balance_recompute=0.0ms(60) chunk_manager.topology_rebuild=0.0ms(60) underground.fog_update=0.0ms(60) chunk_manager.streaming_redraw=0.0ms(60) mountain_shadow.visual_rebuild=0.0ms(60)
[FrameBudget] streaming=0.0ms topology=0.0ms visual=0.0ms spawn=0.0ms total=0.0ms/6.0ms chunk_manager.streaming_load=0.0ms(60) building.room_recompute=0.0ms(60) power.balance_recompute=0.0ms(60) chunk_manager.topology_rebuild=0.0ms(60) underground.fog_update=0.0ms(60) chunk_manager.streaming_redraw=0.0ms(60) mountain_shadow.visual_rebuild=0.0ms(60)
[ChunkGen] slow native generate_chunk (2, 1): 587.8 ms
WARNING: [Boot] native flora empty for (2, 1) — GDScript flora fallback in worker
   at: push_warning (core/variant/variant_utility.cpp:1034)
   GDScript backtrace (most recent call first):
       [0] _boot_worker_compute (res://core/systems/world/chunk_manager.gd:4661)
[FrameBudget] streaming=0.0ms topology=0.0ms visual=0.0ms spawn=0.0ms total=0.0ms/6.0ms chunk_manager.streaming_load=0.0ms(60) building.room_recompute=0.0ms(60) power.balance_recompute=0.0ms(60) chunk_manager.topology_rebuild=0.0ms(60) underground.fog_update=0.0ms(60) chunk_manager.streaming_redraw=0.0ms(60) mountain_shadow.visual_rebuild=0.0ms(60)
[WorldPerf] === Frame Summary (300 frames) ===
[WorldPerf] Frame time: avg=6.9 ms, p99=8.3 ms, hitches=0
[WorldPerf] Frame budget: dispatcher=0.2ms streaming=0.0ms streaming_load=0.0ms streaming_redraw=0.0ms topology=0.0ms building=0.0ms power=0.0ms visual=0.0ms shadow=0.0ms spawn=0.0ms total=0.5ms/6.0ms
[WorldPerf] Boot detail: compute=0.0ms apply=0.0ms redraw=0.0ms topology=0.0ms shadow=0.0ms milestones=0 other=0.2ms | peaks: compute=0.0ms apply=0.0ms redraw=0.0ms topology=0.0ms shadow=0.0ms milestones=0.0ms stream_load=0.0ms stream_redraw=0.0ms
[ChunkGen] slow native generate_chunk (1, 2): 630.2 ms
WARNING: [Boot] native flora empty for (1, 2) — GDScript flora fallback in worker
   at: push_warning (core/variant/variant_utility.cpp:1034)
   GDScript backtrace (most recent call first):
       [0] _boot_worker_compute (res://core/systems/world/chunk_manager.gd:4661)
[ChunkGen] slow native generate_chunk (62, 1): 633.7 ms
WARNING: [Boot] native flora empty for (62, 1) — GDScript flora fallback in worker
   at: push_warning (core/variant/variant_utility.cpp:1034)
   GDScript backtrace (most recent call first):
       [0] _boot_worker_compute (res://core/systems/world/chunk_manager.gd:4661)
[FrameBudget] streaming=0.0ms topology=0.0ms visual=0.0ms spawn=0.0ms total=0.0ms/6.0ms chunk_manager.streaming_load=0.0ms(60) building.room_recompute=0.0ms(60) power.balance_recompute=0.0ms(60) chunk_manager.topology_rebuild=0.0ms(60) underground.fog_update=0.0ms(60) chunk_manager.streaming_redraw=0.0ms(60) mountain_shadow.visual_rebuild=0.0ms(60)
[FrameBudget] streaming=0.0ms topology=0.0ms visual=0.0ms spawn=0.0ms total=0.0ms/6.0ms chunk_manager.streaming_load=0.0ms(60) building.room_recompute=0.0ms(60) power.balance_recompute=0.0ms(60) chunk_manager.topology_rebuild=0.0ms(60) underground.fog_update=0.0ms(60) chunk_manager.streaming_redraw=0.0ms(60) mountain_shadow.visual_rebuild=0.0ms(60)
[WorldPerf] FPS: 142.0
[FrameBudget] streaming=0.0ms topology=0.0ms visual=0.0ms spawn=0.0ms total=0.0ms/6.0ms chunk_manager.streaming_load=0.0ms(60) building.room_recompute=0.0ms(60) power.balance_recompute=0.0ms(60) chunk_manager.topology_rebuild=0.0ms(60) underground.fog_update=0.0ms(60) chunk_manager.streaming_redraw=0.0ms(60) mountain_shadow.visual_rebuild=0.0ms(60)
[ChunkGen] slow native generate_chunk (63, 2): 606.0 ms
WARNING: [Boot] native flora empty for (63, 2) — GDScript flora fallback in worker
   at: push_warning (core/variant/variant_utility.cpp:1034)
   GDScript backtrace (most recent call first):
       [0] _boot_worker_compute (res://core/systems/world/chunk_manager.gd:4661)
[FrameBudget] streaming=0.0ms topology=0.0ms visual=0.0ms spawn=0.0ms total=0.0ms/6.0ms chunk_manager.streaming_load=0.0ms(60) building.room_recompute=0.0ms(60) power.balance_recompute=0.0ms(60) chunk_manager.topology_rebuild=0.0ms(60) underground.fog_update=0.0ms(60) chunk_manager.streaming_redraw=0.0ms(60) mountain_shadow.visual_rebuild=0.0ms(60)
[ChunkGen] slow native generate_chunk (62, -2): 591.2 ms
WARNING: [Boot] native flora empty for (62, -2) — GDScript flora fallback in worker
   at: push_warning (core/variant/variant_utility.cpp:1034)
   GDScript backtrace (most recent call first):
       [0] _boot_worker_compute (res://core/systems/world/chunk_manager.gd:4661)
[ChunkGen] slow native generate_chunk (2, -2): 603.7 ms
WARNING: [Boot] native flora empty for (2, -2) — GDScript flora fallback in worker
   at: push_warning (core/variant/variant_utility.cpp:1034)
   GDScript backtrace (most recent call first):
       [0] _boot_worker_compute (res://core/systems/world/chunk_manager.gd:4661)
[FrameBudget] streaming=0.0ms topology=0.0ms visual=0.0ms spawn=0.0ms total=0.0ms/6.0ms chunk_manager.streaming_load=0.0ms(60) building.room_recompute=0.0ms(60) power.balance_recompute=0.0ms(60) chunk_manager.topology_rebuild=0.0ms(60) underground.fog_update=0.0ms(60) chunk_manager.streaming_redraw=0.0ms(60) mountain_shadow.visual_rebuild=0.0ms(60)
[WorldPerf] === Frame Summary (300 frames) ===
[WorldPerf] Frame time: avg=7.1 ms, p99=12.7 ms, hitches=1
[WorldPerf] Frame budget: dispatcher=0.2ms streaming=0.0ms streaming_load=0.0ms streaming_redraw=0.0ms topology=0.0ms building=0.0ms power=0.0ms visual=0.0ms shadow=0.0ms spawn=0.0ms total=0.6ms/6.0ms
[WorldPerf] Boot detail: compute=0.0ms apply=0.0ms redraw=0.0ms topology=0.0ms shadow=0.0ms milestones=0 other=0.3ms | peaks: compute=0.0ms apply=0.0ms redraw=0.0ms topology=0.0ms shadow=0.0ms milestones=0.0ms stream_load=0.0ms stream_redraw=1.3ms
[FrameBudget] streaming=0.0ms topology=0.0ms visual=0.0ms spawn=0.0ms total=0.0ms/6.0ms chunk_manager.streaming_load=0.0ms(60) building.room_recompute=0.0ms(60) power.balance_recompute=0.0ms(60) chunk_manager.topology_rebuild=0.0ms(60) underground.fog_update=0.0ms(60) chunk_manager.streaming_redraw=0.0ms(60) mountain_shadow.visual_rebuild=0.0ms(60)
[FrameBudget] streaming=0.0ms topology=0.0ms visual=0.0ms spawn=0.0ms total=0.0ms/6.0ms chunk_manager.streaming_load=0.0ms(60) building.room_recompute=0.0ms(60) power.balance_recompute=0.0ms(60) chunk_manager.topology_rebuild=0.0ms(60) underground.fog_update=0.0ms(60) chunk_manager.streaming_redraw=0.0ms(60) mountain_shadow.visual_rebuild=0.0ms(60)
[ChunkGen] slow native generate_chunk (2, 2): 512.3 ms
WARNING: [Boot] native flora empty for (2, 2) — GDScript flora fallback in worker
   at: push_warning (core/variant/variant_utility.cpp:1034)
   GDScript backtrace (most recent call first):
       [0] _boot_worker_compute (res://core/systems/world/chunk_manager.gd:4661)
[ChunkGen] slow native generate_chunk (62, 2): 507.2 ms
WARNING: [Boot] native flora empty for (62, 2) — GDScript flora fallback in worker
   at: push_warning (core/variant/variant_utility.cpp:1034)
   GDScript backtrace (most recent call first):
       [0] _boot_worker_compute (res://core/systems/world/chunk_manager.gd:4661)
[FrameBudget] streaming=0.0ms topology=0.0ms visual=0.0ms spawn=0.0ms total=0.0ms/6.0ms chunk_manager.streaming_load=0.0ms(60) building.room_recompute=0.0ms(60) power.balance_recompute=0.0ms(60) chunk_manager.topology_rebuild=0.0ms(60) underground.fog_update=0.0ms(60) chunk_manager.streaming_redraw=0.0ms(60) mountain_shadow.visual_rebuild=0.0ms(60)
[WorldPerf] stream.chunk_first_pass_ms (0, 0)@z0: 13754.76 ms
[FrameBudget] streaming=0.0ms topology=0.0ms visual=0.0ms spawn=0.0ms total=0.0ms/6.0ms chunk_manager.streaming_load=0.0ms(60) building.room_recompute=0.0ms(60) power.balance_recompute=0.0ms(60) chunk_manager.topology_rebuild=0.0ms(60) underground.fog_update=0.0ms(60) chunk_manager.streaming_redraw=0.0ms(60) mountain_shadow.visual_rebuild=0.0ms(60)
[FrameBudget] streaming=0.0ms topology=0.0ms visual=0.0ms spawn=0.0ms total=0.0ms/6.0ms chunk_manager.streaming_load=0.0ms(60) building.room_recompute=0.0ms(60) power.balance_recompute=0.0ms(60) chunk_manager.topology_rebuild=0.0ms(60) underground.fog_update=0.0ms(60) chunk_manager.streaming_redraw=0.0ms(60) mountain_shadow.visual_rebuild=0.0ms(60)
[WorldPerf] === Frame Summary (300 frames) ===
[WorldPerf] Frame time: avg=6.9 ms, p99=6.9 ms, hitches=0
[WorldPerf] Frame budget: dispatcher=0.2ms streaming=0.0ms streaming_load=0.0ms streaming_redraw=0.0ms topology=0.0ms building=0.0ms power=0.0ms visual=0.0ms shadow=0.0ms spawn=0.0ms total=0.3ms/6.0ms
[WorldPerf] Boot detail: compute=0.0ms apply=0.0ms redraw=0.0ms topology=0.0ms shadow=0.0ms milestones=0 other=0.1ms | peaks: compute=0.0ms apply=0.0ms redraw=0.0ms topology=0.0ms shadow=0.0ms milestones=0.0ms stream_load=0.0ms stream_redraw=0.0ms
[FrameBudget] streaming=0.0ms topology=0.0ms visual=0.0ms spawn=0.0ms total=0.0ms/6.0ms chunk_manager.streaming_load=0.0ms(60) building.room_recompute=0.0ms(60) power.balance_recompute=0.0ms(60) chunk_manager.topology_rebuild=0.0ms(60) underground.fog_update=0.0ms(60) chunk_manager.streaming_redraw=0.0ms(60) mountain_shadow.visual_rebuild=0.0ms(60)
[FrameBudget] streaming=0.0ms topology=0.0ms visual=0.0ms spawn=0.0ms total=0.0ms/6.0ms chunk_manager.streaming_load=0.0ms(60) building.room_recompute=0.0ms(60) power.balance_recompute=0.0ms(60) chunk_manager.topology_rebuild=0.0ms(60) underground.fog_update=0.0ms(60) chunk_manager.streaming_redraw=0.0ms(60) mountain_shadow.visual_rebuild=0.0ms(60)
[FrameBudget] streaming=0.0ms topology=0.0ms visual=0.0ms spawn=0.0ms total=0.0ms/6.0ms chunk_manager.streaming_load=0.0ms(60) building.room_recompute=0.0ms(60) power.balance_recompute=0.0ms(60) chunk_manager.topology_rebuild=0.0ms(60) underground.fog_update=0.0ms(60) chunk_manager.streaming_redraw=0.0ms(60) mountain_shadow.visual_rebuild=0.0ms(60)
[FrameBudget] streaming=0.0ms topology=0.0ms visual=0.0ms spawn=0.0ms total=0.0ms/6.0ms chunk_manager.streaming_load=0.0ms(60) building.room_recompute=0.0ms(60) power.balance_recompute=0.0ms(60) chunk_manager.topology_rebuild=0.0ms(60) underground.fog_update=0.0ms(60) chunk_manager.streaming_redraw=0.0ms(60) mountain_shadow.visual_rebuild=0.0ms(60)
[WorldPerf] FPS: 145.0
[FrameBudget] streaming=0.0ms topology=0.0ms visual=0.0ms spawn=0.0ms total=0.0ms/6.0ms chunk_manager.streaming_load=0.0ms(60) building.room_recompute=0.0ms(60) power.balance_recompute=0.0ms(60) chunk_manager.topology_rebuild=0.0ms(60) underground.fog_update=0.0ms(60) chunk_manager.streaming_redraw=0.0ms(60) mountain_shadow.visual_rebuild=0.0ms(60)
[WorldPerf] === Frame Summary (300 frames) ===
[WorldPerf] Frame time: avg=6.9 ms, p99=6.9 ms, hitches=0
[WorldPerf] Frame budget: dispatcher=0.1ms streaming=0.0ms streaming_load=0.0ms streaming_redraw=0.0ms topology=0.0ms building=0.0ms power=0.0ms visual=0.0ms shadow=0.0ms spawn=0.0ms total=0.2ms/6.0ms
[FrameBudget] streaming=0.0ms topology=0.0ms visual=0.0ms spawn=0.0ms total=0.0ms/6.0ms chunk_manager.streaming_load=0.0ms(60) building.room_recompute=0.0ms(60) power.balance_recompute=0.0ms(60) chunk_manager.topology_rebuild=0.0ms(60) underground.fog_update=0.0ms(60) chunk_manager.streaming_redraw=0.0ms(60) mountain_shadow.visual_rebuild=0.0ms(60)
[FrameBudget] streaming=0.0ms topology=0.0ms visual=0.0ms spawn=0.0ms total=0.0ms/6.0ms chunk_manager.streaming_load=0.0ms(60) building.room_recompute=0.0ms(60) power.balance_recompute=0.0ms(60) chunk_manager.topology_rebuild=0.0ms(60) underground.fog_update=0.0ms(60) chunk_manager.streaming_redraw=0.0ms(60) mountain_shadow.visual_rebuild=0.0ms(60)
[FrameBudget] streaming=0.0ms topology=0.0ms visual=0.0ms spawn=0.0ms total=0.0ms/6.0ms chunk_manager.streaming_load=0.0ms(60) building.room_recompute=0.0ms(60) power.balance_recompute=0.0ms(60) chunk_manager.topology_rebuild=0.0ms(60) underground.fog_update=0.0ms(60) chunk_manager.streaming_redraw=0.0ms(60) mountain_shadow.visual_rebuild=0.0ms(60)
[FrameBudget] streaming=0.0ms topology=0.0ms visual=0.0ms spawn=0.0ms total=0.0ms/6.0ms chunk_manager.streaming_load=0.0ms(60) building.room_recompute=0.0ms(60) power.balance_recompute=0.0ms(60) chunk_manager.topology_rebuild=0.0ms(60) underground.fog_update=0.0ms(60) chunk_manager.streaming_redraw=0.0ms(60) mountain_shadow.visual_rebuild=0.0ms(60)
[FrameBudget] streaming=0.0ms topology=0.0ms visual=0.0ms spawn=0.0ms total=0.0ms/6.0ms chunk_manager.streaming_load=0.0ms(60) building.room_recompute=0.0ms(60) power.balance_recompute=0.0ms(60) chunk_manager.topology_rebuild=0.0ms(60) underground.fog_update=0.0ms(60) chunk_manager.streaming_redraw=0.0ms(60) mountain_shadow.visual_rebuild=0.0ms(60)
[WorldPerf] === Frame Summary (300 frames) ===
[WorldPerf] Frame time: avg=6.9 ms, p99=6.9 ms, hitches=0
[WorldPerf] Frame budget: dispatcher=0.1ms streaming=0.0ms streaming_load=0.0ms streaming_redraw=0.0ms topology=0.0ms building=0.0ms power=0.0ms visual=0.0ms shadow=0.0ms spawn=0.0ms total=0.2ms/6.0ms
[FrameBudget] streaming=0.0ms topology=0.0ms visual=0.0ms spawn=0.0ms total=0.0ms/6.0ms chunk_manager.streaming_load=0.0ms(60) building.room_recompute=0.0ms(60) power.balance_recompute=0.0ms(60) chunk_manager.topology_rebuild=0.0ms(60) underground.fog_update=0.0ms(60) chunk_manager.streaming_redraw=0.0ms(60) mountain_shadow.visual_rebuild=0.0ms(60)
[WorldPerf] stream.chunk_first_pass_ms (63, -1)@z0: 15725.80 ms
[WorldPerf] stream.chunk_first_pass_ms (1, 1)@z0: 15833.72 ms
[WorldPerf] stream.chunk_first_pass_ms (1, -1)@z0: 15958.59 ms
[WorldPerf] stream.chunk_first_pass_ms (0, -1)@z0: 19414.60 ms
[WorldPerf] stream.chunk_first_pass_ms (63, 1)@z0: 14216.18 ms
[FrameBudget] streaming=0.0ms topology=0.0ms visual=0.0ms spawn=0.0ms total=0.0ms/6.0ms chunk_manager.streaming_load=0.0ms(60) building.room_recompute=0.0ms(60) power.balance_recompute=0.0ms(60) chunk_manager.topology_rebuild=0.0ms(60) underground.fog_update=0.0ms(60) chunk_manager.streaming_redraw=0.0ms(60) mountain_shadow.visual_rebuild=0.0ms(60)
[WorldPerf] stream.chunk_first_pass_ms (1, 0)@z0: 17946.67 ms
[WorldPerf] stream.chunk_first_pass_ms (63, 0)@z0: 17821.91 ms
[WorldPerf] stream.chunk_first_pass_ms (0, 1)@z0: 17821.76 ms
[FrameBudget] streaming=0.0ms topology=0.0ms visual=0.0ms spawn=0.0ms total=0.0ms/6.0ms chunk_manager.streaming_load=0.0ms(60) building.room_recompute=0.0ms(60) power.balance_recompute=0.0ms(60) chunk_manager.topology_rebuild=0.0ms(60) underground.fog_update=0.0ms(60) chunk_manager.streaming_redraw=0.0ms(60) mountain_shadow.visual_rebuild=0.0ms(60)
[FrameBudget] streaming=0.0ms topology=0.0ms visual=0.0ms spawn=0.0ms total=0.0ms/6.0ms chunk_manager.streaming_load=0.0ms(60) building.room_recompute=0.0ms(60) power.balance_recompute=0.0ms(60) chunk_manager.topology_rebuild=0.0ms(60) underground.fog_update=0.0ms(60) chunk_manager.streaming_redraw=0.0ms(60) mountain_shadow.visual_rebuild=0.0ms(60)
[FrameBudget] streaming=0.0ms topology=0.0ms visual=0.0ms spawn=0.0ms total=0.0ms/6.0ms chunk_manager.streaming_load=0.0ms(60) building.room_recompute=0.0ms(60) power.balance_recompute=0.0ms(60) chunk_manager.topology_rebuild=0.0ms(60) underground.fog_update=0.0ms(60) chunk_manager.streaming_redraw=0.0ms(60) mountain_shadow.visual_rebuild=0.0ms(60)
[WorldPerf] === Frame Summary (300 frames) ===
[WorldPerf] Frame time: avg=6.9 ms, p99=6.9 ms, hitches=0
[WorldPerf] Frame budget: dispatcher=0.2ms streaming=0.0ms streaming_load=0.0ms streaming_redraw=0.0ms topology=0.0ms building=0.0ms power=0.0ms visual=0.0ms shadow=0.0ms spawn=0.0ms total=0.2ms/6.0ms
[FrameBudget] streaming=0.0ms topology=0.0ms visual=0.0ms spawn=0.0ms total=0.0ms/6.0ms chunk_manager.streaming_load=0.0ms(60) building.room_recompute=0.0ms(60) power.balance_recompute=0.0ms(60) chunk_manager.topology_rebuild=0.0ms(60) underground.fog_update=0.0ms(60) chunk_manager.streaming_redraw=0.0ms(60) mountain_shadow.visual_rebuild=0.0ms(60)
[WorldPerf] FPS: 145.0
[FrameBudget] streaming=0.0ms topology=0.0ms visual=0.0ms spawn=0.0ms total=0.0ms/6.0ms chunk_manager.streaming_load=0.0ms(60) building.room_recompute=0.0ms(60) power.balance_recompute=0.0ms(60) chunk_manager.topology_rebuild=0.0ms(60) underground.fog_update=0.0ms(60) chunk_manager.streaming_redraw=0.0ms(60) mountain_shadow.visual_rebuild=0.0ms(60)
[FrameBudget] streaming=0.0ms topology=0.0ms visual=0.0ms spawn=0.0ms total=0.0ms/6.0ms chunk_manager.streaming_load=0.0ms(60) building.room_recompute=0.0ms(60) power.balance_recompute=0.0ms(60) chunk_manager.topology_rebuild=0.0ms(60) underground.fog_update=0.0ms(60) chunk_manager.streaming_redraw=0.0ms(60) mountain_shadow.visual_rebuild=0.0ms(60)
[FrameBudget] streaming=0.0ms topology=0.0ms visual=0.0ms spawn=0.0ms total=0.0ms/6.0ms chunk_manager.streaming_load=0.0ms(60) building.room_recompute=0.0ms(60) power.balance_recompute=0.0ms(60) chunk_manager.topology_rebuild=0.0ms(60) underground.fog_update=0.0ms(60) chunk_manager.streaming_redraw=0.0ms(60) mountain_shadow.visual_rebuild=0.0ms(60)
[FrameBudget] streaming=0.0ms topology=0.0ms visual=0.0ms spawn=0.0ms total=0.0ms/6.0ms chunk_manager.streaming_load=0.0ms(60) building.room_recompute=0.0ms(60) power.balance_recompute=0.0ms(60) chunk_manager.topology_rebuild=0.0ms(60) underground.fog_update=0.0ms(60) chunk_manager.streaming_redraw=0.0ms(60) mountain_shadow.visual_rebuild=0.0ms(60)
[WorldPerf] === Frame Summary (300 frames) ===
[WorldPerf] Frame time: avg=6.9 ms, p99=6.9 ms, hitches=0
[WorldPerf] Frame budget: dispatcher=0.2ms streaming=0.0ms streaming_load=0.0ms streaming_redraw=0.0ms topology=0.0ms building=0.0ms power=0.0ms visual=0.0ms shadow=0.0ms spawn=0.0ms total=0.2ms/6.0ms
[FrameBudget] streaming=0.0ms topology=0.0ms visual=0.0ms spawn=0.0ms total=0.0ms/6.0ms chunk_manager.streaming_load=0.0ms(60) building.room_recompute=0.0ms(60) power.balance_recompute=0.0ms(60) chunk_manager.topology_rebuild=0.0ms(60) underground.fog_update=0.0ms(60) chunk_manager.streaming_redraw=0.0ms(60) mountain_shadow.visual_rebuild=0.0ms(60)
[FrameBudget] streaming=0.0ms topology=0.0ms visual=0.0ms spawn=0.0ms total=0.0ms/6.0ms chunk_manager.streaming_load=0.0ms(60) building.room_recompute=0.0ms(60) power.balance_recompute=0.0ms(60) chunk_manager.topology_rebuild=0.0ms(60) underground.fog_update=0.0ms(60) chunk_manager.streaming_redraw=0.0ms(60) mountain_shadow.visual_rebuild=0.0ms(60)
[FrameBudget] streaming=0.0ms topology=0.0ms visual=0.0ms spawn=0.0ms total=0.0ms/6.0ms chunk_manager.streaming_load=0.0ms(60) building.room_recompute=0.0ms(60) power.balance_recompute=0.0ms(60) chunk_manager.topology_rebuild=0.0ms(60) underground.fog_update=0.0ms(60) chunk_manager.streaming_redraw=0.0ms(60) mountain_shadow.visual_rebuild=0.0ms(60)
[FrameBudget] streaming=0.0ms topology=0.0ms visual=0.0ms spawn=0.0ms total=0.0ms/6.0ms chunk_manager.streaming_load=0.0ms(60) building.room_recompute=0.0ms(60) power.balance_recompute=0.0ms(60) chunk_manager.topology_rebuild=0.0ms(60) underground.fog_update=0.0ms(60) chunk_manager.streaming_redraw=0.0ms(60) mountain_shadow.visual_rebuild=0.0ms(60)
[WorldPerf] stream.chunk_full_redraw_ms (0, 0)@z0: 24858.11 ms
[WorldPerf] stream.chunk_full_redraw_ms (63, -1)@z0: 21420.92 ms
[FrameBudget] streaming=0.0ms topology=0.0ms visual=0.0ms spawn=0.0ms total=0.0ms/6.0ms chunk_manager.streaming_load=0.0ms(60) building.room_recompute=0.0ms(60) power.balance_recompute=0.0ms(60) chunk_manager.topology_rebuild=0.0ms(60) underground.fog_update=0.0ms(60) chunk_manager.streaming_redraw=0.0ms(60) mountain_shadow.visual_rebuild=0.0ms(60)
[WorldPerf] === Frame Summary (300 frames) ===
[WorldPerf] Frame time: avg=6.9 ms, p99=6.9 ms, hitches=0
[WorldPerf] Frame budget: dispatcher=0.1ms streaming=0.0ms streaming_load=0.0ms streaming_redraw=0.0ms topology=0.0ms building=0.0ms power=0.0ms visual=0.0ms shadow=0.0ms spawn=0.0ms total=0.2ms/6.0ms
[WorldPerf] stream.chunk_full_redraw_ms (1, 1)@z0: 21832.31 ms
[FrameBudget] streaming=0.0ms topology=0.0ms visual=0.0ms spawn=0.0ms total=0.0ms/6.0ms chunk_manager.streaming_load=0.0ms(60) building.room_recompute=0.0ms(60) power.balance_recompute=0.0ms(60) chunk_manager.topology_rebuild=0.0ms(60) underground.fog_update=0.0ms(60) chunk_manager.streaming_redraw=0.0ms(60) mountain_shadow.visual_rebuild=0.0ms(60)
[FrameBudget] streaming=0.0ms topology=0.0ms visual=0.0ms spawn=0.0ms total=0.0ms/6.0ms chunk_manager.streaming_load=0.0ms(60) building.room_recompute=0.0ms(60) power.balance_recompute=0.0ms(60) chunk_manager.topology_rebuild=0.0ms(60) underground.fog_update=0.0ms(60) chunk_manager.streaming_redraw=0.0ms(60) mountain_shadow.visual_rebuild=0.0ms(60)
[FrameBudget] streaming=0.0ms topology=0.0ms visual=0.0ms spawn=0.0ms total=0.0ms/6.0ms chunk_manager.streaming_load=0.0ms(60) building.room_recompute=0.0ms(60) power.balance_recompute=0.0ms(60) chunk_manager.topology_rebuild=0.0ms(60) underground.fog_update=0.0ms(60) chunk_manager.streaming_redraw=0.0ms(60) mountain_shadow.visual_rebuild=0.0ms(60)
[WorldPerf] FPS: 145.0
[FrameBudget] streaming=0.0ms topology=0.0ms visual=0.0ms spawn=0.0ms total=0.0ms/6.0ms chunk_manager.streaming_load=0.0ms(60) building.room_recompute=0.0ms(60) power.balance_recompute=0.0ms(60) chunk_manager.topology_rebuild=0.0ms(60) underground.fog_update=0.0ms(60) chunk_manager.streaming_redraw=0.0ms(60) mountain_shadow.visual_rebuild=0.0ms(60)
[WorldPerf] stream.chunk_full_redraw_ms (0, -1)@z0: 26589.41 ms
[WorldPerf] stream.chunk_full_redraw_ms (1, -1)@z0: 23231.78 ms
[WorldPerf] stream.chunk_full_redraw_ms (1, 0)@z0: 25082.71 ms
[FrameBudget] streaming=0.0ms topology=0.0ms visual=0.0ms spawn=0.0ms total=0.0ms/6.0ms chunk_manager.streaming_load=0.0ms(60) building.room_recompute=0.0ms(60) power.balance_recompute=0.0ms(60) chunk_manager.topology_rebuild=0.0ms(60) underground.fog_update=0.0ms(60) chunk_manager.streaming_redraw=0.0ms(60) mountain_shadow.visual_rebuild=0.0ms(60)
[WorldPerf] === Frame Summary (300 frames) ===
[WorldPerf] Frame time: avg=7.0 ms, p99=9.1 ms, hitches=0
[WorldPerf] Frame budget: dispatcher=0.1ms streaming=0.0ms streaming_load=0.0ms streaming_redraw=0.0ms topology=0.0ms building=0.0ms power=0.0ms visual=0.0ms shadow=0.0ms spawn=0.0ms total=0.2ms/6.0ms
[WorldPerf] stream.chunk_full_redraw_ms (63, 1)@z0: 21839.29 ms
[FrameBudget] streaming=0.0ms topology=0.0ms visual=0.0ms spawn=0.0ms total=0.0ms/6.0ms chunk_manager.streaming_load=0.0ms(60) building.room_recompute=0.0ms(60) power.balance_recompute=0.0ms(60) chunk_manager.topology_rebuild=0.0ms(60) underground.fog_update=0.0ms(60) chunk_manager.streaming_redraw=0.0ms(60) mountain_shadow.visual_rebuild=0.0ms(60)
[FrameBudget] streaming=0.0ms topology=0.0ms visual=0.0ms spawn=0.0ms total=0.0ms/6.0ms chunk_manager.streaming_load=0.0ms(60) building.room_recompute=0.0ms(60) power.balance_recompute=0.0ms(60) chunk_manager.topology_rebuild=0.0ms(60) underground.fog_update=0.0ms(60) chunk_manager.streaming_redraw=0.0ms(60) mountain_shadow.visual_rebuild=0.0ms(60)
[WorldPerf] stream.chunk_full_redraw_ms (0, 1)@z0: 26176.67 ms
[FrameBudget] streaming=0.0ms topology=0.0ms visual=0.0ms spawn=0.0ms total=0.0ms/6.0ms chunk_manager.streaming_load=0.0ms(60) building.room_recompute=0.0ms(60) power.balance_recompute=0.0ms(60) chunk_manager.topology_rebuild=0.0ms(60) underground.fog_update=0.0ms(60) chunk_manager.streaming_redraw=0.0ms(60) mountain_shadow.visual_rebuild=0.0ms(60)
[WorldPerf] stream.chunk_full_redraw_ms (63, 0)@z0: 26652.43 ms
[Boot] first_playable reached (31820.6 ms) | queue_wait=216630.9ms compute=39783.6ms (25 chunks) apply=28.5ms (9 chunks) redraw=0.0ms
[WorldPerf] Startup.loading_screen_visible_to_startup_bubble_ready_ms: 44312.33 ms
WARNING: [WorldPerf] WARNING: FrameBudget overrun job_id=chunk_manager.streaming_load category=streaming used_ms=4.81 budget_ms=3.00 over_budget_pct=60.3
   at: push_warning (core/variant/variant_utility.cpp:1034)
   GDScript backtrace (most recent call first):
       [0] report_budget_overrun (res://core/systems/world/world_perf_probe.gd:100)
       [1] _process (res://core/autoloads/frame_budget_dispatcher.gd:76)
[WorldPerf] PlayerChunk coord=(0, 0) z=0 trigger=scheduler loaded=true visible=true state=full_ready phase=done first_pass=true full_ready=true issues=healthy ages(first=-ms full=-ms border=-ms apply=28396ms converge=28396ms) queues(fast=0 urgent=0 near=0 full_near=0 full_far=0) requests(load=false staged=false generating=false) scheduler(step=0.01ms exhausted=false)
WARNING: [WorldPerf] WARNING: FrameBudget overrun job_id=chunk_manager.streaming_redraw category=visual used_ms=4.86 budget_ms=4.00 over_budget_pct=21.4
   at: push_warning (core/variant/variant_utility.cpp:1034)
   GDScript backtrace (most recent call first):
       [0] report_budget_overrun (res://core/systems/world/world_perf_probe.gd:100)
       [1] _process (res://core/autoloads/frame_budget_dispatcher.gd:76)
WARNING: [WorldPerf] WARNING: FrameBudget overrun job_id=chunk_manager.streaming_redraw category=visual used_ms=6.54 budget_ms=4.00 over_budget_pct=63.5
   at: push_warning (core/variant/variant_utility.cpp:1034)
   GDScript backtrace (most recent call first):
       [0] report_budget_overrun (res://core/systems/world/world_perf_probe.gd:100)
       [1] _process (res://core/autoloads/frame_budget_dispatcher.gd:76)
WARNING: [WorldPerf] WARNING: FrameBudget overrun job_id=chunk_manager.streaming_redraw category=visual used_ms=9.92 budget_ms=4.00 over_budget_pct=147.9
   at: push_warning (core/variant/variant_utility.cpp:1034)
   GDScript backtrace (most recent call first):
       [0] report_budget_overrun (res://core/systems/world/world_perf_probe.gd:100)
       [1] _process (res://core/autoloads/frame_budget_dispatcher.gd:76)
[FrameBudget] streaming=1.2ms topology=0.0ms visual=2.7ms spawn=0.0ms total=4.0ms/6.0ms chunk_manager.streaming_load=1.2ms(60) building.room_recompute=0.0ms(60) power.balance_recompute=0.0ms(60) chunk_manager.topology_rebuild=0.0ms(60) underground.fog_update=0.0ms(60) chunk_manager.streaming_redraw=2.6ms(60) mountain_shadow.visual_rebuild=0.2ms(49)
[FrameBudget] streaming=0.0ms topology=0.0ms visual=3.9ms spawn=0.0ms total=3.9ms/6.0ms chunk_manager.streaming_load=0.0ms(60) building.room_recompute=0.0ms(60) power.balance_recompute=0.0ms(60) chunk_manager.topology_rebuild=0.0ms(60) underground.fog_update=0.0ms(60) chunk_manager.streaming_redraw=3.8ms(60) mountain_shadow.visual_rebuild=0.1ms(60)
[WorldPerf] === Frame Summary (300 frames) ===
[WorldPerf] Frame time: avg=7.0 ms, p99=11.6 ms, hitches=0
[WorldPerf] Frame budget: dispatcher=1.7ms streaming=0.0ms streaming_load=0.3ms streaming_redraw=0.0ms topology=0.0ms building=0.0ms power=0.0ms visual=0.0ms shadow=1.4ms spawn=0.0ms total=3.4ms/6.0ms
[WorldPerf] Boot detail: compute=0.0ms apply=0.0ms redraw=0.0ms topology=0.0ms shadow=0.0ms milestones=1 other=0.0ms | peaks: compute=0.0ms apply=0.0ms redraw=0.0ms topology=0.0ms shadow=0.0ms milestones=0.0ms stream_load=4.8ms stream_redraw=0.0ms
[WorldPerf] Observability: Shadow.stale_age_ms=0.3ms, Startup.loading_screen_visible_to_startup_bubble_ready_ms=44312.3ms, Startup.startup_bubble_ready=0.0ms
[FrameBudget] streaming=0.0ms topology=0.0ms visual=3.9ms spawn=0.0ms total=3.9ms/6.0ms chunk_manager.streaming_load=0.0ms(60) building.room_recompute=0.0ms(60) power.balance_recompute=0.0ms(60) chunk_manager.topology_rebuild=0.0ms(60) underground.fog_update=0.0ms(60) chunk_manager.streaming_redraw=3.8ms(60) mountain_shadow.visual_rebuild=0.0ms(60)
WARNING: [WorldPerf] WARNING: FrameBudget overrun job_id=chunk_manager.streaming_redraw category=visual used_ms=4.32 budget_ms=4.00 over_budget_pct=7.9
   at: push_warning (core/variant/variant_utility.cpp:1034)
   GDScript backtrace (most recent call first):
       [0] report_budget_overrun (res://core/systems/world/world_perf_probe.gd:100)
       [1] _process (res://core/autoloads/frame_budget_dispatcher.gd:76)
[FrameBudget] streaming=0.0ms topology=0.0ms visual=3.8ms spawn=0.0ms total=3.9ms/6.0ms chunk_manager.streaming_load=0.0ms(60) building.room_recompute=0.0ms(60) power.balance_recompute=0.0ms(60) chunk_manager.topology_rebuild=0.0ms(60) underground.fog_update=0.0ms(60) chunk_manager.streaming_redraw=3.8ms(60) mountain_shadow.visual_rebuild=0.0ms(60)
[FrameBudget] streaming=0.0ms topology=0.0ms visual=3.8ms spawn=0.0ms total=3.8ms/6.0ms chunk_manager.streaming_load=0.0ms(60) building.room_recompute=0.0ms(60) power.balance_recompute=0.0ms(60) chunk_manager.topology_rebuild=0.0ms(60) underground.fog_update=0.0ms(60) chunk_manager.streaming_redraw=3.8ms(60) mountain_shadow.visual_rebuild=0.0ms(60)
WARNING: [WorldPerf] WARNING: FrameBudget overrun job_id=chunk_manager.streaming_redraw category=visual used_ms=4.17 budget_ms=4.00 over_budget_pct=4.2
   at: push_warning (core/variant/variant_utility.cpp:1034)
   GDScript backtrace (most recent call first):
       [0] report_budget_overrun (res://core/systems/world/world_perf_probe.gd:100)
       [1] _process (res://core/autoloads/frame_budget_dispatcher.gd:76)
[FrameBudget] streaming=0.0ms topology=0.0ms visual=3.8ms spawn=0.0ms total=3.8ms/6.0ms chunk_manager.streaming_load=0.0ms(60) building.room_recompute=0.0ms(60) power.balance_recompute=0.0ms(60) chunk_manager.topology_rebuild=0.0ms(60) underground.fog_update=0.0ms(60) chunk_manager.streaming_redraw=3.7ms(60) mountain_shadow.visual_rebuild=0.0ms(60)
[FrameBudget] streaming=0.0ms topology=0.0ms visual=3.8ms spawn=0.0ms total=3.8ms/6.0ms chunk_manager.streaming_load=0.0ms(60) building.room_recompute=0.0ms(60) power.balance_recompute=0.0ms(60) chunk_manager.topology_rebuild=0.0ms(60) underground.fog_update=0.0ms(60) chunk_manager.streaming_redraw=3.8ms(60) mountain_shadow.visual_rebuild=0.0ms(60)
[WorldPerf] === Frame Summary (300 frames) ===
[WorldPerf] Frame time: avg=6.9 ms, p99=6.9 ms, hitches=0
[WorldPerf] Frame budget: dispatcher=4.0ms streaming=0.0ms streaming_load=0.0ms streaming_redraw=0.0ms topology=0.0ms building=0.0ms power=0.0ms visual=0.0ms shadow=3.8ms spawn=0.0ms total=7.8ms/6.0ms
[WorldPerf] FPS: 145.0
[FrameBudget] streaming=0.0ms topology=0.0ms visual=3.9ms spawn=0.0ms total=3.9ms/6.0ms chunk_manager.streaming_load=0.0ms(60) building.room_recompute=0.0ms(60) power.balance_recompute=0.0ms(60) chunk_manager.topology_rebuild=0.0ms(60) underground.fog_update=0.0ms(60) chunk_manager.streaming_redraw=3.9ms(60) mountain_shadow.visual_rebuild=0.0ms(60)
WARNING: [WorldPerf] WARNING: FrameBudget overrun job_id=chunk_manager.streaming_redraw category=visual used_ms=4.12 budget_ms=4.00 over_budget_pct=3.0
   at: push_warning (core/variant/variant_utility.cpp:1034)
   GDScript backtrace (most recent call first):
       [0] report_budget_overrun (res://core/systems/world/world_perf_probe.gd:100)
       [1] _process (res://core/autoloads/frame_budget_dispatcher.gd:76)
[FrameBudget] streaming=0.0ms topology=0.0ms visual=3.9ms spawn=0.0ms total=3.9ms/6.0ms chunk_manager.streaming_load=0.0ms(60) building.room_recompute=0.0ms(60) power.balance_recompute=0.0ms(60) chunk_manager.topology_rebuild=0.0ms(60) underground.fog_update=0.0ms(60) chunk_manager.streaming_redraw=3.9ms(60) mountain_shadow.visual_rebuild=0.0ms(60)
[WorldPerf] stream.chunk_first_pass_ms (63, -2)@z0: 3928.06 ms
[FrameBudget] streaming=0.0ms topology=0.0ms visual=3.9ms spawn=0.0ms total=4.0ms/6.0ms chunk_manager.streaming_load=0.0ms(60) building.room_recompute=0.0ms(60) power.balance_recompute=0.0ms(60) chunk_manager.topology_rebuild=0.0ms(60) underground.fog_update=0.0ms(60) chunk_manager.streaming_redraw=3.9ms(60) mountain_shadow.visual_rebuild=0.0ms(60)
[WorldPerf] stream.chunk_first_pass_ms (0, 2)@z0: 3988.84 ms
[WorldPerf] stream.chunk_first_pass_ms (2, 0)@z0: 4014.29 ms
[WorldPerf] stream.chunk_first_pass_ms (0, -2)@z0: 4055.77 ms
[WorldPerf] stream.chunk_first_pass_ms (62, 0)@z0: 4067.03 ms
[WorldPerf] stream.chunk_first_pass_ms (2, -1)@z0: 4008.27 ms
[WorldPerf] stream.chunk_first_pass_ms (63, 2)@z0: 3940.03 ms
[WorldPerf] stream.chunk_first_pass_ms (62, -1)@z0: 4004.26 ms
[WorldPerf] stream.chunk_first_pass_ms (1, -2)@z0: 4065.88 ms
[WorldPerf] stream.chunk_first_pass_ms (2, 1)@z0: 4009.19 ms
[WorldPerf] stream.chunk_first_pass_ms (62, 1)@z0: 4000.51 ms
[WorldPerf] stream.chunk_first_pass_ms (62, 2)@z0: 3921.14 ms
[WorldPerf] stream.chunk_first_pass_ms (2, -2)@z0: 3974.69 ms
[WorldPerf] stream.chunk_first_pass_ms (2, 2)@z0: 3943.99 ms
[WorldPerf] stream.chunk_first_pass_ms (1, 2)@z0: 4025.47 ms
[WorldPerf] stream.chunk_first_pass_ms (62, -2)@z0: 3979.80 ms
WARNING: [WorldPerf] WARNING: FrameBudget overrun job_id=chunk_manager.streaming_redraw category=visual used_ms=4.08 budget_ms=4.00 over_budget_pct=2.1
   at: push_warning (core/variant/variant_utility.cpp:1034)
   GDScript backtrace (most recent call first):
       [0] report_budget_overrun (res://core/systems/world/world_perf_probe.gd:100)
       [1] _process (res://core/autoloads/frame_budget_dispatcher.gd:76)
[FrameBudget] streaming=0.0ms topology=0.0ms visual=3.9ms spawn=0.0ms total=3.9ms/6.0ms chunk_manager.streaming_load=0.0ms(60) building.room_recompute=0.0ms(60) power.balance_recompute=0.0ms(60) chunk_manager.topology_rebuild=0.0ms(60) underground.fog_update=0.0ms(60) chunk_manager.streaming_redraw=3.9ms(60) mountain_shadow.visual_rebuild=0.0ms(60)
[FrameBudget] streaming=0.0ms topology=0.0ms visual=3.9ms spawn=0.0ms total=3.9ms/6.0ms chunk_manager.streaming_load=0.0ms(60) building.room_recompute=0.0ms(60) power.balance_recompute=0.0ms(60) chunk_manager.topology_rebuild=0.0ms(60) underground.fog_update=0.0ms(60) chunk_manager.streaming_redraw=3.9ms(60) mountain_shadow.visual_rebuild=0.0ms(60)
[WorldPerf] === Frame Summary (300 frames) ===
[WorldPerf] Frame time: avg=6.9 ms, p99=6.9 ms, hitches=0
[WorldPerf] Frame budget: dispatcher=4.1ms streaming=0.0ms streaming_load=0.0ms streaming_redraw=0.0ms topology=0.0ms building=0.0ms power=0.0ms visual=0.0ms shadow=3.9ms spawn=0.0ms total=8.0ms/6.0ms
[FrameBudget] streaming=0.0ms topology=0.0ms visual=3.9ms spawn=0.0ms total=3.9ms/6.0ms chunk_manager.streaming_load=0.0ms(60) building.room_recompute=0.0ms(60) power.balance_recompute=0.0ms(60) chunk_manager.topology_rebuild=0.0ms(60) underground.fog_update=0.0ms(60) chunk_manager.streaming_redraw=3.9ms(60) mountain_shadow.visual_rebuild=0.0ms(60)
WARNING: [WorldPerf] WARNING: FrameBudget overrun job_id=chunk_manager.streaming_redraw category=visual used_ms=4.11 budget_ms=4.00 over_budget_pct=2.7
   at: push_warning (core/variant/variant_utility.cpp:1034)
   GDScript backtrace (most recent call first):
       [0] report_budget_overrun (res://core/systems/world/world_perf_probe.gd:100)
       [1] _process (res://core/autoloads/frame_budget_dispatcher.gd:76)
[FrameBudget] streaming=0.0ms topology=0.0ms visual=3.9ms spawn=0.0ms total=3.9ms/6.0ms chunk_manager.streaming_load=0.0ms(60) building.room_recompute=0.0ms(60) power.balance_recompute=0.0ms(60) chunk_manager.topology_rebuild=0.0ms(60) underground.fog_update=0.0ms(60) chunk_manager.streaming_redraw=3.9ms(60) mountain_shadow.visual_rebuild=0.0ms(60)
WARNING: [WorldPerf] WARNING: FrameBudget overrun job_id=chunk_manager.streaming_redraw category=visual used_ms=5.76 budget_ms=4.00 over_budget_pct=44.0
   at: push_warning (core/variant/variant_utility.cpp:1034)
   GDScript backtrace (most recent call first):
       [0] report_budget_overrun (res://core/systems/world/world_perf_probe.gd:100)
       [1] _process (res://core/autoloads/frame_budget_dispatcher.gd:76)
[FrameBudget] streaming=0.0ms topology=0.0ms visual=3.9ms spawn=0.0ms total=3.9ms/6.0ms chunk_manager.streaming_load=0.0ms(60) building.room_recompute=0.0ms(60) power.balance_recompute=0.0ms(60) chunk_manager.topology_rebuild=0.0ms(60) underground.fog_update=0.0ms(60) chunk_manager.streaming_redraw=3.9ms(60) mountain_shadow.visual_rebuild=0.0ms(60)
[FrameBudget] streaming=0.0ms topology=0.0ms visual=3.9ms spawn=0.0ms total=3.9ms/6.0ms chunk_manager.streaming_load=0.0ms(60) building.room_recompute=0.0ms(60) power.balance_recompute=0.0ms(60) chunk_manager.topology_rebuild=0.0ms(60) underground.fog_update=0.0ms(60) chunk_manager.streaming_redraw=3.9ms(60) mountain_shadow.visual_rebuild=0.0ms(59)
[WorldPerf] stream.chunk_full_redraw_ms (63, -2)@z0: 6535.16 ms
[WorldPerf] stream.chunk_full_redraw_ms (62, 1)@z0: 6537.21 ms
[WorldPerf] stream.chunk_full_redraw_ms (0, -2)@z0: 6696.57 ms
[WorldPerf] stream.chunk_full_redraw_ms (63, 2)@z0: 6538.31 ms
[WorldPerf] stream.chunk_full_redraw_ms (62, 0)@z0: 6724.08 ms
[WorldPerf] stream.chunk_full_redraw_ms (2, -1)@z0: 6669.06 ms
[WorldPerf] stream.chunk_full_redraw_ms (0, 2)@z0: 6741.42 ms
[WorldPerf] stream.chunk_full_redraw_ms (62, -1)@z0: 6683.82 ms
[WorldPerf] stream.chunk_full_redraw_ms (2, 0)@z0: 6802.64 ms
[WorldPerf] stream.chunk_full_redraw_ms (1, -2)@z0: 6772.30 ms
[WorldPerf] stream.chunk_full_redraw_ms (62, 2)@z0: 6610.03 ms
[WorldPerf] stream.chunk_full_redraw_ms (2, 2)@z0: 6639.13 ms
[WorldPerf] stream.chunk_full_redraw_ms (2, -2)@z0: 6699.37 ms
[WorldPerf] stream.chunk_full_redraw_ms (2, 1)@z0: 6778.95 ms
[WorldPerf] stream.chunk_full_redraw_ms (62, -2)@z0: 6723.86 ms
[WorldPerf] stream.chunk_border_fix_ms (0, -1)@z0: 6944.09 ms
[WorldPerf] stream.chunk_full_redraw_ms (0, -1)@z0: 6944.26 ms
[WorldPerf] stream.chunk_border_fix_ms (1, 0)@z0: 6941.74 ms
[WorldPerf] stream.chunk_full_redraw_ms (1, 0)@z0: 6941.88 ms
[WorldPerf] stream.chunk_full_redraw_ms (1, 2)@z0: 6799.17 ms
[WorldPerf] stream.chunk_border_fix_ms (63, 0)@z0: 6935.48 ms
[WorldPerf] stream.chunk_full_redraw_ms (63, 0)@z0: 6935.58 ms
[WorldPerf] stream.chunk_border_fix_ms (0, 1)@z0: 6951.38 ms
[WorldPerf] stream.chunk_full_redraw_ms (0, 1)@z0: 6951.55 ms
[FrameBudget] streaming=0.0ms topology=0.0ms visual=3.9ms spawn=0.0ms total=3.9ms/6.0ms chunk_manager.streaming_load=0.0ms(60) building.room_recompute=0.0ms(60) power.balance_recompute=0.0ms(60) chunk_manager.topology_rebuild=0.0ms(60) underground.fog_update=0.0ms(60) chunk_manager.streaming_redraw=3.9ms(60) mountain_shadow.visual_rebuild=0.0ms(60)
[WorldPerf] === Frame Summary (300 frames) ===
[WorldPerf] Frame time: avg=7.2 ms, p99=12.5 ms, hitches=0
[WorldPerf] Frame budget: dispatcher=4.1ms streaming=0.0ms streaming_load=0.0ms streaming_redraw=0.0ms topology=0.0ms building=0.0ms power=0.0ms visual=0.0ms shadow=3.9ms spawn=0.0ms total=8.0ms/6.0ms
[WorldPerf] stream.chunk_border_fix_ms (63, -1)@z0: 7031.61 ms
[WorldPerf] stream.chunk_full_redraw_ms (63, -1)@z0: 6990.84 ms
[WorldPerf] stream.chunk_border_fix_ms (1, 1)@z0: 6976.30 ms
[WorldPerf] stream.chunk_full_redraw_ms (1, 1)@z0: 6945.74 ms
[WorldPerf] stream.chunk_border_fix_ms (1, -1)@z0: 7054.41 ms
[WorldPerf] stream.chunk_full_redraw_ms (1, -1)@z0: 7018.03 ms
[WorldPerf] stream.chunk_border_fix_ms (63, 1)@z0: 6973.79 ms
[WorldPerf] stream.chunk_full_redraw_ms (63, 1)@z0: 6943.47 ms
[Boot] first_playable reached (38984.5 ms) | queue_wait=216630.9ms compute=39783.6ms (25 chunks) apply=28.5ms (9 chunks) redraw=0.0ms
[Boot] boot_complete reached (38984.6 ms) | queue_wait=216630.9ms compute=39783.6ms (25 chunks) apply=28.5ms (9 chunks) redraw=0.0ms
[WorldPerf] Startup.startup_bubble_ready_to_boot_complete_ms: 7147.95 ms
[CodexValidation] route prepared: preset=seam_cross waypoints=6 start=(0.0, 0.0) chunk_pixels=4096.0
[CodexValidation] room validation prepared at (4, 4)
[CodexValidation] power validation prepared at (8, 4)
[CodexValidation] mining validation skipped; no suitable mountain edge found in loaded chunks
[CodexValidation] boot complete; route prepared
[FrameBudget] streaming=0.0ms topology=0.0ms visual=0.9ms spawn=0.0ms total=1.0ms/6.0ms chunk_manager.streaming_load=0.0ms(60) building.room_recompute=0.0ms(60) power.balance_recompute=0.0ms(60) chunk_manager.topology_rebuild=0.0ms(60) underground.fog_update=0.0ms(60) chunk_manager.streaming_redraw=0.9ms(60) mountain_shadow.visual_rebuild=0.0ms(60)
[CodexValidation] built validation room
[CodexValidation] removed validation room wall (5, 4)
[CodexValidation] re-placed validation room wall (5, 4)
[FrameBudget] streaming=0.0ms topology=0.1ms visual=0.1ms spawn=0.0ms total=0.2ms/6.0ms chunk_manager.streaming_load=0.0ms(60) building.room_recompute=0.0ms(60) power.balance_recompute=0.0ms(60) chunk_manager.topology_rebuild=0.0ms(60) underground.fog_update=0.0ms(60) chunk_manager.streaming_redraw=0.1ms(60) mountain_shadow.visual_rebuild=0.0ms(60)
[CodexValidation] destroyed validation room wall (4, 5)
[CodexValidation] room validation complete
[CodexValidation] placed validation battery (8, 4)
[WorldPerf] FPS: 130.0
[CodexValidation] removed validation battery (8, 4)
[CodexValidation] power validation complete
[CodexValidation] route start: preset=seam_cross waypoints=6
[FrameBudget] streaming=0.0ms topology=0.1ms visual=0.1ms spawn=0.0ms total=0.2ms/6.0ms chunk_manager.streaming_load=0.0ms(60) building.room_recompute=0.0ms(60) power.balance_recompute=0.0ms(60) chunk_manager.topology_rebuild=0.0ms(60) underground.fog_update=0.0ms(60) chunk_manager.streaming_redraw=0.1ms(60) mountain_shadow.visual_rebuild=0.0ms(60)
[WorldPerf] PlayerChunk coord=(1, 0) z=0 trigger=scheduler loaded=true visible=true state=full_ready phase=done first_pass=true full_ready=true issues=healthy ages(first=-ms full=-ms border=-ms apply=35493ms converge=8655ms) queues(fast=0 urgent=0 near=0 full_near=0 full_far=0) requests(load=false staged=false generating=false) scheduler(step=0.01ms exhausted=false)
[FrameBudget] streaming=0.1ms topology=0.0ms visual=0.1ms spawn=0.0ms total=0.2ms/6.0ms chunk_manager.streaming_load=0.1ms(60) building.room_recompute=0.0ms(60) power.balance_recompute=0.0ms(60) chunk_manager.topology_rebuild=0.0ms(60) underground.fog_update=0.0ms(60) chunk_manager.streaming_redraw=0.1ms(60) mountain_shadow.visual_rebuild=0.0ms(60)
[FrameBudget] streaming=2.8ms topology=0.0ms visual=0.1ms spawn=0.0ms total=3.0ms/6.0ms chunk_manager.streaming_load=2.8ms(60) building.room_recompute=0.0ms(60) power.balance_recompute=0.0ms(60) chunk_manager.topology_rebuild=0.0ms(60) underground.fog_update=0.0ms(60) chunk_manager.streaming_redraw=0.1ms(60) mountain_shadow.visual_rebuild=0.0ms(60)
[WorldPerf] === Frame Summary (300 frames) ===
[WorldPerf] Frame time: avg=6.9 ms, p99=8.3 ms, hitches=0
[WorldPerf] Frame budget: dispatcher=1.0ms streaming=0.0ms streaming_load=0.6ms streaming_redraw=0.0ms topology=0.0ms building=0.0ms power=0.0ms visual=0.0ms shadow=0.3ms spawn=0.0ms total=1.9ms/6.0ms
[WorldPerf] Boot detail: compute=0.0ms apply=0.0ms redraw=0.0ms topology=0.0ms shadow=0.0ms milestones=2 other=0.0ms | peaks: compute=0.0ms apply=0.0ms redraw=0.0ms topology=0.0ms shadow=0.0ms milestones=0.0ms stream_load=3.0ms stream_redraw=0.0ms
[WorldPerf] Observability: Startup.boot_complete=0.0ms, Startup.startup_bubble_ready_to_boot_complete_ms=7148.0ms
WARNING: [WorldPerf] WARNING: FrameBudget overrun job_id=chunk_manager.streaming_load category=streaming used_ms=3.11 budget_ms=3.00 over_budget_pct=3.8
   at: push_warning (core/variant/variant_utility.cpp:1034)
   GDScript backtrace (most recent call first):
       [0] report_budget_overrun (res://core/systems/world/world_perf_probe.gd:100)
       [1] _process (res://core/autoloads/frame_budget_dispatcher.gd:76)
[CodexValidation] reached waypoint 1/6 at (8192.0, 0.0)
[WorldPerf] PlayerChunk coord=(2, 0) z=0 trigger=scheduler loaded=true visible=true state=full_ready phase=done first_pass=true full_ready=true issues=healthy ages(first=-ms full=-ms border=-ms apply=9145ms converge=9145ms) queues(fast=0 urgent=0 near=0 full_near=0 full_far=0) requests(load=false staged=false generating=false) scheduler(step=0.00ms exhausted=false)
[FrameBudget] streaming=2.8ms topology=0.0ms visual=0.1ms spawn=0.0ms total=3.0ms/6.0ms chunk_manager.streaming_load=2.8ms(60) building.room_recompute=0.0ms(60) power.balance_recompute=0.0ms(60) chunk_manager.topology_rebuild=0.0ms(60) underground.fog_update=0.0ms(60) chunk_manager.streaming_redraw=0.1ms(60) mountain_shadow.visual_rebuild=0.0ms(60)
[WorldPerf] PlayerChunk coord=(2, 1) z=0 trigger=scheduler loaded=true visible=true state=full_ready phase=done first_pass=true full_ready=true issues=healthy ages(first=-ms full=-ms border=-ms apply=9760ms converge=9760ms) queues(fast=0 urgent=0 near=0 full_near=0 full_far=0) requests(load=false staged=false generating=false) scheduler(step=0.01ms exhausted=false)
[FrameBudget] streaming=2.9ms topology=0.0ms visual=0.2ms spawn=0.0ms total=3.0ms/6.0ms chunk_manager.streaming_load=2.9ms(60) building.room_recompute=0.0ms(60) power.balance_recompute=0.0ms(60) chunk_manager.topology_rebuild=0.0ms(60) underground.fog_update=0.0ms(60) chunk_manager.streaming_redraw=0.1ms(60) mountain_shadow.visual_rebuild=0.0ms(60)
[CodexValidation] reached waypoint 2/6 at (8192.0, 8192.0)
[FrameBudget] streaming=2.9ms topology=0.0ms visual=0.1ms spawn=0.0ms total=3.1ms/6.0ms chunk_manager.streaming_load=2.9ms(60) building.room_recompute=0.0ms(60) power.balance_recompute=0.0ms(60) chunk_manager.topology_rebuild=0.0ms(60) underground.fog_update=0.0ms(60) chunk_manager.streaming_redraw=0.1ms(60) mountain_shadow.visual_rebuild=0.0ms(60)
[WorldPerf] PlayerChunk coord=(2, 2) z=0 trigger=scheduler loaded=true visible=true state=full_ready phase=done first_pass=true full_ready=true issues=healthy ages(first=-ms full=-ms border=-ms apply=10173ms converge=10173ms) queues(fast=0 urgent=0 near=0 full_near=0 full_far=0) requests(load=false staged=false generating=false) scheduler(step=0.01ms exhausted=false)
WARNING: [WorldPerf] WARNING: FrameBudget overrun job_id=chunk_manager.streaming_load category=streaming used_ms=3.08 budget_ms=3.00 over_budget_pct=2.8
   at: push_warning (core/variant/variant_utility.cpp:1034)
   GDScript backtrace (most recent call first):
       [0] report_budget_overrun (res://core/systems/world/world_perf_probe.gd:100)
       [1] _process (res://core/autoloads/frame_budget_dispatcher.gd:76)
[ChunkGen] slow native generate_chunk (3, -1): 685.5 ms
[ChunkGen] slow native generate_chunk (3, 1): 690.7 ms
[ChunkGen] slow native generate_chunk (3, 0): 708.2 ms
[WorldPerf] PlayerChunk coord=(1, 2) z=0 trigger=scheduler loaded=true visible=true state=full_ready phase=done first_pass=true full_ready=true issues=healthy ages(first=-ms full=-ms border=-ms apply=10464ms converge=10464ms) queues(fast=0 urgent=0 near=0 full_near=0 full_far=0) requests(load=false staged=false generating=false) scheduler(step=0.00ms exhausted=false)
WARNING: [WorldPerf] WARNING: FrameBudget overrun job_id=chunk_manager.streaming_load category=streaming used_ms=19.40 budget_ms=3.00 over_budget_pct=546.6
   at: push_warning (core/variant/variant_utility.cpp:1034)
   GDScript backtrace (most recent call first):
       [0] report_budget_overrun (res://core/systems/world/world_perf_probe.gd:100)
       [1] _process (res://core/autoloads/frame_budget_dispatcher.gd:76)
WARNING: [WorldPerf] WARNING: FrameBudget overrun job_id=chunk_manager.streaming_redraw category=visual used_ms=4.45 budget_ms=4.00 over_budget_pct=11.2
   at: push_warning (core/variant/variant_utility.cpp:1034)
   GDScript backtrace (most recent call first):
       [0] report_budget_overrun (res://core/systems/world/world_perf_probe.gd:100)
       [1] _process (res://core/autoloads/frame_budget_dispatcher.gd:76)
[WorldPerf] FrameBudgetDispatcher.streaming.chunk_manager.streaming_load: 24.42 ms
WARNING: [WorldPerf] WARNING: FrameBudget overrun job_id=chunk_manager.streaming_load category=streaming used_ms=24.42 budget_ms=3.00 over_budget_pct=714.0
   at: push_warning (core/variant/variant_utility.cpp:1034)
   GDScript backtrace (most recent call first):
       [0] report_budget_overrun (res://core/systems/world/world_perf_probe.gd:100)
       [1] _process (res://core/autoloads/frame_budget_dispatcher.gd:76)
[FrameBudget] streaming=3.5ms topology=0.0ms visual=0.9ms spawn=0.0ms total=4.5ms/6.0ms chunk_manager.streaming_load=3.5ms(60) building.room_recompute=0.0ms(58) power.balance_recompute=0.0ms(58) chunk_manager.topology_rebuild=0.0ms(58) underground.fog_update=0.0ms(58) chunk_manager.streaming_redraw=0.9ms(58) mountain_shadow.visual_rebuild=0.0ms(56)
[WorldPerf] PlayerChunk coord=(0, 2) z=0 trigger=scheduler loaded=true visible=true state=full_ready phase=done first_pass=true full_ready=true issues=healthy ages(first=-ms full=-ms border=-ms apply=11102ms converge=11102ms) queues(fast=0 urgent=0 near=0 full_near=0 full_far=1) requests(load=false staged=false generating=false) scheduler(step=3.08ms exhausted=false)
[FrameBudget] streaming=2.9ms topology=0.0ms visual=3.3ms spawn=0.0ms total=6.2ms/6.0ms chunk_manager.streaming_load=2.9ms(60) building.room_recompute=0.0ms(60) power.balance_recompute=0.0ms(60) chunk_manager.topology_rebuild=0.0ms(60) underground.fog_update=0.0ms(60) chunk_manager.streaming_redraw=3.3ms(60) mountain_shadow.visual_rebuild=0.0ms(28)
[WorldPerf] === Frame Summary (300 frames) ===
[WorldPerf] Frame time: avg=8.1 ms, p99=33.0 ms, hitches=4
[WorldPerf] Frame budget: dispatcher=4.2ms streaming=0.0ms streaming_load=3.0ms streaming_redraw=0.0ms topology=0.0ms building=0.0ms power=0.0ms visual=0.0ms shadow=0.9ms spawn=0.0ms total=8.1ms/6.0ms
[WorldPerf] PlayerChunk coord=(63, 2) z=0 trigger=scheduler loaded=true visible=true state=full_ready phase=done first_pass=true full_ready=true issues=healthy ages(first=-ms full=-ms border=-ms apply=11469ms converge=11469ms) queues(fast=0 urgent=0 near=0 full_near=0 full_far=1) requests(load=false staged=false generating=false) scheduler(step=0.27ms exhausted=false)
WARNING: [WorldPerf] WARNING: FrameBudget overrun job_id=chunk_manager.streaming_load category=streaming used_ms=3.06 budget_ms=3.00 over_budget_pct=2.0
   at: push_warning (core/variant/variant_utility.cpp:1034)
   GDScript backtrace (most recent call first):
       [0] report_budget_overrun (res://core/systems/world/world_perf_probe.gd:100)
       [1] _process (res://core/autoloads/frame_budget_dispatcher.gd:76)
[WorldPerf] PlayerChunk coord=(62, 2) z=0 trigger=scheduler loaded=true visible=true state=full_ready phase=done first_pass=true full_ready=true issues=healthy ages(first=-ms full=-ms border=-ms apply=11904ms converge=11904ms) queues(fast=0 urgent=0 near=0 full_near=0 full_far=0) requests(load=false staged=false generating=false) scheduler(step=10.05ms exhausted=false)
WARNING: [WorldPerf] WARNING: FrameBudget overrun job_id=chunk_manager.streaming_redraw category=visual used_ms=10.31 budget_ms=4.00 over_budget_pct=157.6
   at: push_warning (core/variant/variant_utility.cpp:1034)
   GDScript backtrace (most recent call first):
       [0] report_budget_overrun (res://core/systems/world/world_perf_probe.gd:100)
       [1] _process (res://core/autoloads/frame_budget_dispatcher.gd:76)
WARNING: [WorldPerf] WARNING: FrameBudget overrun job_id=chunk_manager.streaming_redraw category=visual used_ms=11.55 budget_ms=4.00 over_budget_pct=188.8
   at: push_warning (core/variant/variant_utility.cpp:1034)
   GDScript backtrace (most recent call first):
       [0] report_budget_overrun (res://core/systems/world/world_perf_probe.gd:100)
       [1] _process (res://core/autoloads/frame_budget_dispatcher.gd:76)
WARNING: [WorldPerf] WARNING: FrameBudget overrun job_id=chunk_manager.streaming_redraw category=visual used_ms=12.92 budget_ms=4.00 over_budget_pct=223.1
   at: push_warning (core/variant/variant_utility.cpp:1034)
   GDScript backtrace (most recent call first):
       [0] report_budget_overrun (res://core/systems/world/world_perf_probe.gd:100)
       [1] _process (res://core/autoloads/frame_budget_dispatcher.gd:76)
WARNING: [WorldPerf] WARNING: FrameBudget overrun job_id=chunk_manager.streaming_redraw category=visual used_ms=14.05 budget_ms=4.00 over_budget_pct=251.3
   at: push_warning (core/variant/variant_utility.cpp:1034)
   GDScript backtrace (most recent call first):
       [0] report_budget_overrun (res://core/systems/world/world_perf_probe.gd:100)
       [1] _process (res://core/autoloads/frame_budget_dispatcher.gd:76)
[FrameBudget] streaming=2.9ms topology=0.0ms visual=3.7ms spawn=0.0ms total=6.6ms/6.0ms chunk_manager.streaming_load=2.9ms(60) building.room_recompute=0.0ms(60) power.balance_recompute=0.0ms(60) chunk_manager.topology_rebuild=0.0ms(60) underground.fog_update=0.0ms(60) chunk_manager.streaming_redraw=3.7ms(60) mountain_shadow.visual_rebuild=0.0ms(43)
WARNING: [WorldPerf] WARNING: FrameBudget overrun job_id=chunk_manager.streaming_redraw category=visual used_ms=15.59 budget_ms=4.00 over_budget_pct=289.8
   at: push_warning (core/variant/variant_utility.cpp:1034)
   GDScript backtrace (most recent call first):
       [0] report_budget_overrun (res://core/systems/world/world_perf_probe.gd:100)
       [1] _process (res://core/autoloads/frame_budget_dispatcher.gd:76)
[ChunkGen] slow native generate_chunk (3, -2): 687.6 ms
[ChunkGen] slow native generate_chunk (0, 3): 691.8 ms
[ChunkGen] slow native generate_chunk (1, 3): 727.7 ms
[CodexValidation] reached waypoint 3/6 at (253952.0, 8192.0)
[WorldPerf] FrameBudgetDispatcher.visual.chunk_manager.streaming_redraw: 26.40 ms
WARNING: [WorldPerf] WARNING: FrameBudget overrun job_id=chunk_manager.streaming_redraw category=visual used_ms=26.40 budget_ms=4.00 over_budget_pct=560.0
   at: push_warning (core/variant/variant_utility.cpp:1034)
   GDScript backtrace (most recent call first):
       [0] report_budget_overrun (res://core/systems/world/world_perf_probe.gd:100)
       [1] _process (res://core/autoloads/frame_budget_dispatcher.gd:76)
[WorldPerf] FrameBudgetDispatcher.total: 29.72 ms
WARNING: [WorldPerf] WARNING: FrameBudget overrun job_id=chunk_manager.streaming_redraw category=visual used_ms=27.67 budget_ms=4.00 over_budget_pct=591.7
   at: push_warning (core/variant/variant_utility.cpp:1034)
   GDScript backtrace (most recent call first):
       [0] report_budget_overrun (res://core/systems/world/world_perf_probe.gd:100)
       [1] _process (res://core/autoloads/frame_budget_dispatcher.gd:76)
[WorldPerf] FrameBudgetDispatcher.streaming.chunk_manager.streaming_load: 21.12 ms
WARNING: [WorldPerf] WARNING: FrameBudget overrun job_id=chunk_manager.streaming_load category=streaming used_ms=21.12 budget_ms=3.00 over_budget_pct=604.0
   at: push_warning (core/variant/variant_utility.cpp:1034)
   GDScript backtrace (most recent call first):
       [0] report_budget_overrun (res://core/systems/world/world_perf_probe.gd:100)
       [1] _process (res://core/autoloads/frame_budget_dispatcher.gd:76)
[WorldPerf] FPS: 85.0
WARNING: [WorldPerf] WARNING: FrameBudget overrun job_id=chunk_manager.streaming_redraw category=visual used_ms=29.36 budget_ms=4.00 over_budget_pct=633.9
   at: push_warning (core/variant/variant_utility.cpp:1034)
   GDScript backtrace (most recent call first):
       [0] report_budget_overrun (res://core/systems/world/world_perf_probe.gd:100)
       [1] _process (res://core/autoloads/frame_budget_dispatcher.gd:76)
[WorldPerf] PlayerChunk coord=(62, 1) z=0 trigger=scheduler loaded=true visible=true state=full_ready phase=done first_pass=true full_ready=true issues=healthy ages(first=-ms full=-ms border=-ms apply=13365ms converge=13365ms) queues(fast=0 urgent=0 near=0 full_near=0 full_far=0) requests(load=false staged=false generating=false) scheduler(step=20.72ms exhausted=false)
[FrameBudget] streaming=3.2ms topology=0.0ms visual=18.1ms spawn=0.0ms total=21.3ms/6.0ms chunk_manager.streaming_load=3.2ms(60) building.room_recompute=0.0ms(59) power.balance_recompute=0.0ms(59) chunk_manager.topology_rebuild=0.0ms(59) underground.fog_update=0.0ms(59) chunk_manager.streaming_redraw=18.1ms(59) mountain_shadow.visual_rebuild=0.0ms(1)
[WorldPerf] FrameBudgetDispatcher.visual.chunk_manager.streaming_redraw: 24.29 ms
[WorldPerf] FrameBudgetDispatcher.total: 30.55 ms
[WorldPerf] PlayerChunk coord=(62, 0) z=0 trigger=scheduler loaded=true visible=true state=full_ready phase=done first_pass=true full_ready=true issues=healthy ages(first=-ms full=-ms border=-ms apply=13970ms converge=13970ms) queues(fast=0 urgent=0 near=0 full_near=0 full_far=0) requests(load=false staged=false generating=false) scheduler(step=27.74ms exhausted=false)
[ChunkGen] slow native generate_chunk (2, 3): 654.2 ms
WARNING: [WorldPerf] WARNING: FrameBudget overrun job_id=chunk_manager.streaming_redraw category=visual used_ms=24.68 budget_ms=4.00 over_budget_pct=517.1
   at: push_warning (core/variant/variant_utility.cpp:1034)
   GDScript backtrace (most recent call first):
       [0] report_budget_overrun (res://core/systems/world/world_perf_probe.gd:100)
       [1] _process (res://core/autoloads/frame_budget_dispatcher.gd:76)
[WorldPerf] PlayerChunk coord=(62, -1) z=0 trigger=scheduler loaded=true visible=true state=full_ready phase=done first_pass=true full_ready=true issues=healthy ages(first=-ms full=-ms border=-ms apply=14367ms converge=14367ms) queues(fast=0 urgent=0 near=0 full_near=0 full_far=0) requests(load=false staged=false generating=false) scheduler(step=20.91ms exhausted=false)
[ChunkGen] slow native generate_chunk (61, 2): 674.8 ms
[ChunkGen] slow native generate_chunk (62, 3): 676.3 ms
WARNING: [WorldPerf] WARNING: FrameBudget overrun job_id=chunk_manager.streaming_redraw category=visual used_ms=28.66 budget_ms=4.00 over_budget_pct=616.6
   at: push_warning (core/variant/variant_utility.cpp:1034)
   GDScript backtrace (most recent call first):
       [0] report_budget_overrun (res://core/systems/world/world_perf_probe.gd:100)
       [1] _process (res://core/autoloads/frame_budget_dispatcher.gd:76)
[FrameBudget] streaming=2.9ms topology=0.0ms visual=13.0ms spawn=0.0ms total=16.0ms/6.0ms chunk_manager.streaming_load=2.9ms(60) building.room_recompute=0.0ms(60) power.balance_recompute=0.0ms(60) chunk_manager.topology_rebuild=0.0ms(60) underground.fog_update=0.0ms(60) chunk_manager.streaming_redraw=13.0ms(60) mountain_shadow.visual_rebuild=0.0ms(28)
[WorldPerf] PlayerChunk coord=(62, -2) z=0 trigger=scheduler loaded=true visible=true state=full_ready phase=done first_pass=true full_ready=true issues=healthy ages(first=-ms full=-ms border=-ms apply=14764ms converge=14764ms) queues(fast=0 urgent=0 near=0 full_near=0 full_far=0) requests(load=false staged=false generating=false) scheduler(step=22.53ms exhausted=false)
[WorldPerf] FrameBudgetDispatcher.visual.chunk_manager.streaming_redraw: 26.12 ms
[WorldPerf] FrameBudgetDispatcher.total: 29.32 ms
[CodexValidation] reached waypoint 4/6 at (253952.0, -8192.0)
WARNING: [WorldPerf] WARNING: FrameBudget overrun job_id=chunk_manager.streaming_redraw category=visual used_ms=21.68 budget_ms=4.00 over_budget_pct=442.1
   at: push_warning (core/variant/variant_utility.cpp:1034)
   GDScript backtrace (most recent call first):
       [0] report_budget_overrun (res://core/systems/world/world_perf_probe.gd:100)
       [1] _process (res://core/autoloads/frame_budget_dispatcher.gd:76)
WARNING: [WorldPerf] WARNING: FrameBudget overrun job_id=chunk_manager.streaming_redraw category=visual used_ms=23.32 budget_ms=4.00 over_budget_pct=483.0
   at: push_warning (core/variant/variant_utility.cpp:1034)
   GDScript backtrace (most recent call first):
       [0] report_budget_overrun (res://core/systems/world/world_perf_probe.gd:100)
       [1] _process (res://core/autoloads/frame_budget_dispatcher.gd:76)
WARNING: [WorldPerf] WARNING: FrameBudget overrun job_id=chunk_manager.streaming_redraw category=visual used_ms=27.18 budget_ms=4.00 over_budget_pct=579.6
   at: push_warning (core/variant/variant_utility.cpp:1034)
   GDScript backtrace (most recent call first):
       [0] report_budget_overrun (res://core/systems/world/world_perf_probe.gd:100)
       [1] _process (res://core/autoloads/frame_budget_dispatcher.gd:76)
[ChunkGen] slow native generate_chunk (61, 1): 623.7 ms
[ChunkGen] slow native generate_chunk (61, -2): 645.9 ms
[ChunkGen] slow native generate_chunk (61, -1): 648.2 ms
[FrameBudget] streaming=2.9ms topology=0.0ms visual=18.8ms spawn=0.0ms total=21.7ms/6.0ms chunk_manager.streaming_load=2.9ms(60) building.room_recompute=0.0ms(60) power.balance_recompute=0.0ms(60) chunk_manager.topology_rebuild=0.0ms(60) underground.fog_update=0.0ms(60) chunk_manager.streaming_redraw=18.8ms(60) mountain_shadow.visual_rebuild=0.0ms(6)
WARNING: [WorldPerf] WARNING: FrameBudget overrun job_id=chunk_manager.streaming_load category=streaming used_ms=15.65 budget_ms=3.00 over_budget_pct=421.6
   at: push_warning (core/variant/variant_utility.cpp:1034)
   GDScript backtrace (most recent call first):
       [0] report_budget_overrun (res://core/systems/world/world_perf_probe.gd:100)
       [1] _process (res://core/autoloads/frame_budget_dispatcher.gd:76)
[WorldPerf] PlayerChunk coord=(62, -2) z=0 trigger=scheduler loaded=true visible=true state=full_pending phase=done first_pass=true full_ready=false issues=border_fix_pending ages(first=-ms full=-ms border=27ms apply=16307ms converge=27ms) queues(fast=0 urgent=0 near=0 full_near=0 full_far=0) requests(load=false staged=false generating=false) scheduler(step=6.83ms exhausted=true)
[WorldPerf] PlayerChunk coord=(63, -2) z=0 trigger=scheduler loaded=true visible=true state=full_ready phase=done first_pass=true full_ready=true issues=healthy ages(first=-ms full=-ms border=-ms apply=16627ms converge=16627ms) queues(fast=0 urgent=0 near=1 full_near=0 full_far=0) requests(load=false staged=false generating=false) scheduler(step=0.16ms exhausted=false)
[FrameBudget] streaming=3.3ms topology=0.0ms visual=4.2ms spawn=0.0ms total=7.5ms/6.0ms chunk_manager.streaming_load=3.3ms(60) building.room_recompute=0.0ms(58) power.balance_recompute=0.0ms(58) chunk_manager.topology_rebuild=0.0ms(58) underground.fog_update=0.0ms(58) chunk_manager.streaming_redraw=4.2ms(58) mountain_shadow.visual_rebuild=0.0ms(51)
[WorldPerf] === Frame Summary (300 frames) ===
[WorldPerf] Frame time: avg=18.4 ms, p99=44.9 ms, hitches=122
[WorldPerf] Frame budget: dispatcher=14.8ms streaming=0.0ms streaming_load=3.0ms streaming_redraw=0.0ms topology=0.0ms building=0.0ms power=0.0ms visual=0.0ms shadow=11.6ms spawn=0.0ms total=29.4ms/6.0ms
[WorldPerf] PlayerChunk coord=(0, -2) z=0 trigger=scheduler loaded=true visible=true state=full_ready phase=done first_pass=true full_ready=true issues=healthy ages(first=-ms full=-ms border=-ms apply=17225ms converge=17225ms) queues(fast=0 urgent=0 near=0 full_near=0 full_far=1) requests(load=false staged=false generating=false) scheduler(step=0.21ms exhausted=false)
[FrameBudget] streaming=2.9ms topology=0.0ms visual=2.7ms spawn=0.0ms total=5.6ms/6.0ms chunk_manager.streaming_load=2.9ms(60) building.room_recompute=0.0ms(60) power.balance_recompute=0.0ms(60) chunk_manager.topology_rebuild=0.0ms(60) underground.fog_update=0.0ms(60) chunk_manager.streaming_redraw=2.7ms(60) mountain_shadow.visual_rebuild=0.0ms(57)
[WorldPerf] PlayerChunk coord=(1, -2) z=0 trigger=scheduler loaded=true visible=true state=full_ready phase=done first_pass=true full_ready=true issues=healthy ages(first=-ms full=-ms border=-ms apply=17670ms converge=17670ms) queues(fast=0 urgent=0 near=0 full_near=0 full_far=1) requests(load=false staged=false generating=false) scheduler(step=23.16ms exhausted=false)
WARNING: [WorldPerf] WARNING: FrameBudget overrun job_id=chunk_manager.streaming_redraw category=visual used_ms=23.52 budget_ms=4.00 over_budget_pct=488.0
   at: push_warning (core/variant/variant_utility.cpp:1034)
   GDScript backtrace (most recent call first):
       [0] report_budget_overrun (res://core/systems/world/world_perf_probe.gd:100)
       [1] _process (res://core/autoloads/frame_budget_dispatcher.gd:76)
[ChunkGen] slow native generate_chunk (61, 0): 606.3 ms
[WorldPerf] FrameBudgetDispatcher.visual.chunk_manager.streaming_redraw: 27.69 ms
WARNING: [WorldPerf] WARNING: FrameBudget overrun job_id=chunk_manager.streaming_redraw category=visual used_ms=27.69 budget_ms=4.00 over_budget_pct=592.2
   at: push_warning (core/variant/variant_utility.cpp:1034)
   GDScript backtrace (most recent call first):
       [0] report_budget_overrun (res://core/systems/world/world_perf_probe.gd:100)
       [1] _process (res://core/autoloads/frame_budget_dispatcher.gd:76)
[WorldPerf] FrameBudgetDispatcher.total: 31.15 ms
[WorldPerf] FPS: 89.0
[ChunkGen] slow native generate_chunk (62, -3): 671.9 ms
[CodexValidation] reached waypoint 5/6 at (8192.0, -8192.0)
[ChunkGen] slow native generate_chunk (61, -3): 658.1 ms
[WorldPerf] PlayerChunk coord=(2, -2) z=0 trigger=scheduler loaded=true visible=true state=full_ready phase=done first_pass=true full_ready=true issues=healthy ages(first=-ms full=-ms border=-ms apply=18074ms converge=18074ms) queues(fast=0 urgent=0 near=0 full_near=0 full_far=1) requests(load=false staged=false generating=false) scheduler(step=25.16ms exhausted=false)
[WorldPerf] FrameBudgetDispatcher.streaming.chunk_manager.streaming_load: 23.44 ms
WARNING: [WorldPerf] WARNING: FrameBudget overrun job_id=chunk_manager.streaming_load category=streaming used_ms=23.44 budget_ms=3.00 over_budget_pct=681.4
   at: push_warning (core/variant/variant_utility.cpp:1034)
   GDScript backtrace (most recent call first):
       [0] report_budget_overrun (res://core/systems/world/world_perf_probe.gd:100)
       [1] _process (res://core/autoloads/frame_budget_dispatcher.gd:76)
[WorldPerf] PlayerChunk coord=(2, -2) z=0 trigger=scheduler loaded=true visible=true state=full_pending phase=done first_pass=true full_ready=false issues=border_fix_pending ages(first=-ms full=-ms border=3ms apply=18198ms converge=3ms) queues(fast=1 urgent=0 near=0 full_near=0 full_far=0) requests(load=false staged=false generating=false) scheduler(step=0.22ms exhausted=false)
[WorldPerf] PlayerChunk coord=(1, -2) z=0 trigger=scheduler loaded=true visible=true state=full_ready phase=done first_pass=true full_ready=true issues=healthy ages(first=-ms full=-ms border=-ms apply=18509ms converge=18509ms) queues(fast=0 urgent=0 near=1 full_near=0 full_far=0) requests(load=false staged=false generating=false) scheduler(step=0.25ms exhausted=false)
[FrameBudget] streaming=3.3ms topology=0.0ms visual=9.6ms spawn=0.0ms total=12.9ms/6.0ms chunk_manager.streaming_load=3.3ms(60) building.room_recompute=0.0ms(59) power.balance_recompute=0.0ms(59) chunk_manager.topology_rebuild=0.0ms(59) underground.fog_update=0.0ms(59) chunk_manager.streaming_redraw=9.6ms(59) mountain_shadow.visual_rebuild=0.0ms(37)
[FrameBudget] streaming=2.9ms topology=0.0ms visual=3.0ms spawn=0.0ms total=5.9ms/6.0ms chunk_manager.streaming_load=2.9ms(60) building.room_recompute=0.0ms(60) power.balance_recompute=0.0ms(60) chunk_manager.topology_rebuild=0.0ms(60) underground.fog_update=0.0ms(60) chunk_manager.streaming_redraw=3.0ms(60) mountain_shadow.visual_rebuild=0.0ms(55)
[WorldPerf] PlayerChunk coord=(0, -1) z=0 trigger=scheduler loaded=true visible=true state=full_ready phase=done first_pass=true full_ready=true issues=healthy ages(first=-ms full=-ms border=-ms apply=47708ms converge=19284ms) queues(fast=0 urgent=0 near=0 full_near=0 full_far=1) requests(load=false staged=false generating=false) scheduler(step=7.10ms exhausted=false)
WARNING: [WorldPerf] WARNING: FrameBudget overrun job_id=chunk_manager.streaming_redraw category=visual used_ms=7.35 budget_ms=4.00 over_budget_pct=83.8
   at: push_warning (core/variant/variant_utility.cpp:1034)
   GDScript backtrace (most recent call first):
       [0] report_budget_overrun (res://core/systems/world/world_perf_probe.gd:100)
       [1] _process (res://core/autoloads/frame_budget_dispatcher.gd:76)
WARNING: [WorldPerf] WARNING: FrameBudget overrun job_id=chunk_manager.streaming_redraw category=visual used_ms=21.54 budget_ms=4.00 over_budget_pct=438.6
   at: push_warning (core/variant/variant_utility.cpp:1034)
   GDScript backtrace (most recent call first):
       [0] report_budget_overrun (res://core/systems/world/world_perf_probe.gd:100)
       [1] _process (res://core/autoloads/frame_budget_dispatcher.gd:76)
WARNING: [WorldPerf] WARNING: FrameBudget overrun job_id=chunk_manager.streaming_redraw category=visual used_ms=22.72 budget_ms=4.00 over_budget_pct=468.1
   at: push_warning (core/variant/variant_utility.cpp:1034)
   GDScript backtrace (most recent call first):
       [0] report_budget_overrun (res://core/systems/world/world_perf_probe.gd:100)
       [1] _process (res://core/autoloads/frame_budget_dispatcher.gd:76)
[ChunkGen] slow native generate_chunk (63, -3): 632.2 ms
[WorldPerf] FrameBudgetDispatcher.visual.chunk_manager.streaming_redraw: 24.41 ms
WARNING: [WorldPerf] WARNING: FrameBudget overrun job_id=chunk_manager.streaming_redraw category=visual used_ms=24.41 budget_ms=4.00 over_budget_pct=510.2
   at: push_warning (core/variant/variant_utility.cpp:1034)
   GDScript backtrace (most recent call first):
       [0] report_budget_overrun (res://core/systems/world/world_perf_probe.gd:100)
       [1] _process (res://core/autoloads/frame_budget_dispatcher.gd:76)
WARNING: [WorldPerf] WARNING: FrameBudget overrun job_id=chunk_manager.streaming_load category=streaming used_ms=16.53 budget_ms=3.00 over_budget_pct=450.9
   at: push_warning (core/variant/variant_utility.cpp:1034)
   GDScript backtrace (most recent call first):
       [0] report_budget_overrun (res://core/systems/world/world_perf_probe.gd:100)
       [1] _process (res://core/autoloads/frame_budget_dispatcher.gd:76)
[ChunkGen] slow native generate_chunk (1, -3): 641.8 ms
[ChunkGen] slow native generate_chunk (2, -3): 644.8 ms
[CodexValidation] reached waypoint 6/6 at (0.0, 0.0)
[WorldPerf] PlayerChunk coord=(0, 0) z=0 trigger=scheduler loaded=true visible=true state=full_ready phase=done first_pass=true full_ready=true issues=healthy ages(first=-ms full=-ms border=-ms apply=48432ms converge=48432ms) queues(fast=0 urgent=0 near=0 full_near=0 full_far=1) requests(load=false staged=false generating=false) scheduler(step=18.62ms exhausted=false)
WARNING: [WorldPerf] WARNING: FrameBudget overrun job_id=chunk_manager.streaming_redraw category=visual used_ms=26.02 budget_ms=4.00 over_budget_pct=550.4
   at: push_warning (core/variant/variant_utility.cpp:1034)
   GDScript backtrace (most recent call first):
       [0] report_budget_overrun (res://core/systems/world/world_perf_probe.gd:100)
       [1] _process (res://core/autoloads/frame_budget_dispatcher.gd:76)
[FrameBudget] streaming=2.5ms topology=0.0ms visual=13.6ms spawn=0.0ms total=16.1ms/6.0ms chunk_manager.streaming_load=2.5ms(60) building.room_recompute=0.0ms(59) power.balance_recompute=0.0ms(59) chunk_manager.topology_rebuild=0.0ms(59) underground.fog_update=0.0ms(59) chunk_manager.streaming_redraw=13.5ms(59) mountain_shadow.visual_rebuild=0.0ms(16)
[CodexValidation] route complete: preset=seam_cross reached=6/6 draining_background_work=true
[WorldPerf] stream.chunk_border_fix_ms (2, 1)@z0: 9943.10 ms
[WorldPerf] stream.chunk_full_redraw_ms (2, 1)@z0: 9943.28 ms
[WorldPerf] stream.chunk_border_fix_ms (0, 2)@z0: 7987.60 ms
[WorldPerf] stream.chunk_full_redraw_ms (0, 2)@z0: 7987.74 ms
[WorldPerf] stream.chunk_border_fix_ms (2, 0)@z0: 9972.75 ms
[WorldPerf] stream.chunk_full_redraw_ms (2, 0)@z0: 9972.86 ms
[WorldPerf] stream.chunk_border_fix_ms (62, -2)@z0: 4273.65 ms
[WorldPerf] stream.chunk_full_redraw_ms (62, -2)@z0: 4273.75 ms
[WorldPerf] stream.chunk_border_fix_ms (62, -1)@z0: 4265.34 ms
[WorldPerf] stream.chunk_full_redraw_ms (62, -1)@z0: 4265.51 ms
[WorldPerf] stream.chunk_border_fix_ms (2, -2)@z0: 2406.36 ms
[WorldPerf] stream.chunk_full_redraw_ms (2, -2)@z0: 2406.50 ms
[WorldPerf] stream.chunk_border_fix_ms (63, -2)@z0: 1076.42 ms
[WorldPerf] stream.chunk_full_redraw_ms (63, -2)@z0: 1076.53 ms
[FrameBudget] streaming=0.1ms topology=0.0ms visual=9.1ms spawn=0.0ms total=9.2ms/6.0ms chunk_manager.streaming_load=0.1ms(60) building.room_recompute=0.0ms(60) power.balance_recompute=0.0ms(60) chunk_manager.topology_rebuild=0.0ms(60) underground.fog_update=0.0ms(60) chunk_manager.streaming_redraw=9.1ms(60) mountain_shadow.visual_rebuild=0.0ms(40)
[WorldPerf] === Frame Summary (300 frames) ===
[WorldPerf] Frame time: avg=13.2 ms, p99=34.5 ms, hitches=55
[WorldPerf] Frame budget: dispatcher=10.1ms streaming=0.0ms streaming_load=2.3ms streaming_redraw=0.0ms topology=0.0ms building=0.0ms power=0.0ms visual=0.0ms shadow=7.6ms spawn=0.0ms total=20.1ms/6.0ms
[WorldPerf] Observability: Scheduler.urgent_visual_wait_ms=2.8ms, scheduler.max_urgent_wait_ms=2.8ms
[ChunkGen] slow native generate_chunk (3, -3): 546.9 ms
WARNING: [WorldPerf] WARNING: FrameBudget overrun job_id=chunk_manager.streaming_redraw category=visual used_ms=4.62 budget_ms=4.00 over_budget_pct=15.4
   at: push_warning (core/variant/variant_utility.cpp:1034)
   GDScript backtrace (most recent call first):
       [0] report_budget_overrun (res://core/systems/world/world_perf_probe.gd:100)
       [1] _process (res://core/autoloads/frame_budget_dispatcher.gd:76)
[FrameBudget] streaming=0.1ms topology=0.0ms visual=4.0ms spawn=0.0ms total=4.1ms/6.0ms chunk_manager.streaming_load=0.1ms(60) building.room_recompute=0.0ms(60) power.balance_recompute=0.0ms(60) chunk_manager.topology_rebuild=0.0ms(60) underground.fog_update=0.0ms(60) chunk_manager.streaming_redraw=4.0ms(60) mountain_shadow.visual_rebuild=0.0ms(60)
[ChunkGen] slow native generate_chunk (0, -3): 536.1 ms
[WorldPerf] stream.chunk_first_pass_ms (3, -2)@z0: 3348.81 ms
[WorldPerf] stream.chunk_first_pass_ms (63, -3)@z0: 2019.63 ms
[FrameBudget] streaming=0.0ms topology=0.0ms visual=4.0ms spawn=0.0ms total=4.0ms/6.0ms chunk_manager.streaming_load=0.0ms(60) building.room_recompute=0.0ms(60) power.balance_recompute=0.0ms(60) chunk_manager.topology_rebuild=0.0ms(60) underground.fog_update=0.0ms(60) chunk_manager.streaming_redraw=3.9ms(60) mountain_shadow.visual_rebuild=0.0ms(60)
[CodexValidation] route drain complete; preset=seam_cross reached=6/6 redraw_backlog=false
WARNING: ObjectDB instances leaked at exit (run with --verbose for details).
   at: cleanup (core/object/object.cpp:2641)
ERROR: 16 resources still in use at exit (run with --verbose for details).
   at: clear (core/io/resource.cpp:810)
