Godot Engine v4.6.1.stable.official.14d19694e - https://godotengine.org

[WorldPerf] Startup.start_to_loading_screen_visible_ms: 13.02 ms
[WorldPerf] WorldPrePass.compute.sample_height_grid: 125.85 ms
[FrameBudget] streaming=0.0ms topology=0.0ms visual=0.0ms spawn=0.0ms total=0.0ms/6.0ms building.room_recompute=0.0ms(60) power.balance_recompute=0.0ms(60)
[WorldPerf] WorldPrePass.compute.spine_seeds: 383.48 ms
[WorldPerf] WorldPrePass.compute.ridge_graph: 43.20 ms
[WorldPerf] WorldPrePass.compute.ridge_strength_grid.native_total: 0.82 ms
[WorldPerf] WorldPrePass.compute.mountain_mass_grid: 23.25 ms
[FrameBudget] streaming=0.0ms topology=0.0ms visual=0.0ms spawn=0.0ms total=0.0ms/6.0ms building.room_recompute=0.0ms(60) power.balance_recompute=0.0ms(60)
[WorldPerf] WorldPrePass.compute.lake_aware_fill.extract_lake_records: 547.14 ms
[WorldPerf] WorldPrePass.compute.lake_aware_fill: 552.33 ms
[FrameBudget] streaming=0.0ms topology=0.0ms visual=0.0ms spawn=0.0ms total=0.0ms/6.0ms building.room_recompute=0.0ms(60) power.balance_recompute=0.0ms(60)
[FrameBudget] streaming=0.0ms topology=0.0ms visual=0.0ms spawn=0.0ms total=0.0ms/6.0ms building.room_recompute=0.0ms(60) power.balance_recompute=0.0ms(60)
[WorldPerf] WorldPrePass.compute.flow_directions: 658.17 ms
[FrameBudget] streaming=0.0ms topology=0.0ms visual=0.0ms spawn=0.0ms total=0.0ms/6.0ms building.room_recompute=0.0ms(60) power.balance_recompute=0.0ms(60)
[WorldPerf] === Frame Summary (300 frames) ===
[WorldPerf] Frame time: avg=7.4 ms, p99=10.4 ms, hitches=1
[WorldPerf] Frame budget: dispatcher=0.1ms streaming=0.0ms streaming_load=0.0ms streaming_redraw=0.0ms topology=0.0ms building=0.0ms power=0.0ms visual=0.0ms shadow=0.0ms spawn=0.0ms total=0.1ms/6.0ms
[WorldPerf] Observability: Startup.loading_screen_visible=0.0ms, Startup.start_pressed=0.0ms, Startup.start_to_loading_screen_visible_ms=13.0ms
[FrameBudget] streaming=0.0ms topology=0.0ms visual=0.0ms spawn=0.0ms total=0.0ms/6.0ms building.room_recompute=0.0ms(60) power.balance_recompute=0.0ms(60)
[WorldPerf] WorldPrePass.compute.flow_accumulation: 817.25 ms
[WorldPerf] WorldPrePass.compute.floodplain_strength: 11.39 ms
[FrameBudget] streaming=0.0ms topology=0.0ms visual=0.0ms spawn=0.0ms total=0.0ms/6.0ms building.room_recompute=0.0ms(60) power.balance_recompute=0.0ms(60)
[WorldPerf] WorldPrePass.compute.erosion_proxy: 312.97 ms
[FrameBudget] streaming=0.0ms topology=0.0ms visual=0.0ms spawn=0.0ms total=0.0ms/6.0ms building.room_recompute=0.0ms(60) power.balance_recompute=0.0ms(60)
[WorldPerf] WorldPrePass.compute.slope_grid: 396.71 ms
[FrameBudget] streaming=0.0ms topology=0.0ms visual=0.0ms spawn=0.0ms total=0.0ms/6.0ms building.room_recompute=0.0ms(60) power.balance_recompute=0.0ms(60)
[FrameBudget] streaming=0.0ms topology=0.0ms visual=0.0ms spawn=0.0ms total=0.0ms/6.0ms building.room_recompute=0.0ms(60) power.balance_recompute=0.0ms(60)
[WorldPerf] === Frame Summary (300 frames) ===
[WorldPerf] Frame time: avg=6.9 ms, p99=6.9 ms, hitches=0
[WorldPerf] Frame budget: dispatcher=0.1ms streaming=0.0ms streaming_load=0.0ms streaming_redraw=0.0ms topology=0.0ms building=0.0ms power=0.0ms visual=0.0ms shadow=0.0ms spawn=0.0ms total=0.1ms/6.0ms
[WorldPerf] WorldPrePass.compute.rain_shadow: 974.49 ms
[WorldPerf] WorldPrePass.compute.continentalness.seed_water_sources: 27.50 ms
[WorldPerf] WorldPrePass.compute.continentalness: 37.63 ms
[WorldPerf] WorldGenerator._setup_world_pre_pass.configure: 57.43 ms
[WorldPerf] WorldGenerator._setup_world_pre_pass.compute: 4355.44 ms
[WorldPerf] WorldGenerator.initialize_world.setup_world_pre_pass: 4412.87 ms
[WorldGenerator] Native ChunkGenerator initialized (6 biomes, 5 flora sets, 1 decor sets)
[WorldPerf] WorldGenerator.complete_pending_initialize_world.pending_age_ms: 4416.55 ms
[WorldPerf] _init_world_generator: 4418.81 ms
[CodexValidation] runtime validation driver enabled; route_preset=seam_cross
[WorldPerf] GameWorld._setup_after_loading_screen: 4470.49 ms
[ChunkTilesetFactory] rock_atlas=240, wall_base=47, variants=5
[ChunkTilesetFactory] ground_faces: start=259 count=47
[ChunkTilesetFactory] rock_atlas=240, wall_base=47, variants=5
[ChunkTilesetFactory] ground_faces: start=259 count=47
[ChunkTilesetFactory] rock_atlas=240, wall_base=47, variants=5
[ChunkTilesetFactory] ground_faces: start=259 count=47
[ChunkTilesetFactory] rock_atlas=240, wall_base=47, variants=5
[ChunkTilesetFactory] ground_faces: start=259 count=47
[ChunkTilesetFactory] rock_atlas=240, wall_base=47, variants=5
[ChunkTilesetFactory] ground_faces: start=259 count=47
[ChunkTilesetFactory] rock_atlas=240, wall_base=47, variants=5
[ChunkTilesetFactory] ground_faces: start=259 count=47
[ChunkTilesetFactory] rock_atlas=240, wall_base=47, variants=5
[ChunkTilesetFactory] ground_faces: start=259 count=47
[WorldPerf] PlayerChunk coord=(0, 0) z=0 trigger=entered_chunk loaded=false visible=false state=not_loaded phase=none first_pass=false full_ready=false issues=not_loaded,load_queued,first_pass_not_ready ages(first=-ms full=-ms border=-ms apply=-ms converge=-ms) queues(fast=0 urgent=0 near=0 full_near=0 full_far=0) requests(load=true staged=false generating=false) scheduler(step=0.00ms exhausted=false)
[WorldPerf] PlayerChunk coord=(0, 0) z=0 trigger=scheduler loaded=false visible=false state=not_loaded phase=none first_pass=false full_ready=false issues=not_loaded,generating,first_pass_not_ready ages(first=-ms full=-ms border=-ms apply=-ms converge=-ms) queues(fast=0 urgent=0 near=0 full_near=0 full_far=0) requests(load=false staged=false generating=true) scheduler(step=0.00ms exhausted=false)
[FrameBudget] streaming=0.0ms topology=0.0ms visual=0.0ms spawn=0.0ms total=0.1ms/6.0ms building.room_recompute=0.0ms(60) power.balance_recompute=0.0ms(60) chunk_manager.streaming_load=0.0ms(18) chunk_manager.topology_rebuild=0.0ms(18) underground.fog_update=0.0ms(18) chunk_manager.streaming_redraw=0.0ms(18) mountain_shadow.visual_rebuild=0.0ms(18)
[FrameBudget] streaming=0.0ms topology=0.0ms visual=0.0ms spawn=0.0ms total=0.0ms/6.0ms chunk_manager.streaming_load=0.0ms(60) building.room_recompute=0.0ms(60) power.balance_recompute=0.0ms(60) chunk_manager.topology_rebuild=0.0ms(60) underground.fog_update=0.0ms(60) chunk_manager.streaming_redraw=0.0ms(60) mountain_shadow.visual_rebuild=0.0ms(60)
[FrameBudget] streaming=0.0ms topology=0.0ms visual=0.1ms spawn=0.0ms total=0.1ms/6.0ms chunk_manager.streaming_load=0.0ms(60) building.room_recompute=0.0ms(60) power.balance_recompute=0.0ms(60) chunk_manager.topology_rebuild=0.0ms(60) underground.fog_update=0.0ms(60) chunk_manager.streaming_redraw=0.0ms(60) mountain_shadow.visual_rebuild=0.1ms(60)
[WorldPerf] Shadow.edge_cache_compute (0, 0): 348.98 ms
[FrameBudget] streaming=0.0ms topology=0.0ms visual=0.1ms spawn=0.0ms total=0.2ms/6.0ms chunk_manager.streaming_load=0.0ms(60) building.room_recompute=0.0ms(60) power.balance_recompute=0.0ms(60) chunk_manager.topology_rebuild=0.0ms(60) underground.fog_update=0.0ms(60) chunk_manager.streaming_redraw=0.0ms(60) mountain_shadow.visual_rebuild=0.1ms(60)
[WorldPerf] stream.chunk_first_pass_ms (0, 0)@z0: 952.03 ms
[WorldPerf] Shadow.edge_cache_compute (0, -1): 244.92 ms
[FrameBudget] streaming=0.0ms topology=0.0ms visual=0.0ms spawn=0.0ms total=0.1ms/6.0ms chunk_manager.streaming_load=0.0ms(60) building.room_recompute=0.0ms(60) power.balance_recompute=0.0ms(60) chunk_manager.topology_rebuild=0.0ms(60) underground.fog_update=0.0ms(60) chunk_manager.streaming_redraw=0.0ms(60) mountain_shadow.visual_rebuild=0.0ms(60)
[WorldPerf] === Frame Summary (300 frames) ===
[WorldPerf] Frame time: avg=7.5 ms, p99=8.7 ms, hitches=1
[WorldPerf] Frame budget: dispatcher=0.2ms streaming=0.0ms streaming_load=0.0ms streaming_redraw=0.0ms topology=0.0ms building=0.0ms power=0.0ms visual=0.0ms shadow=2.1ms spawn=0.0ms total=2.8ms/6.0ms
[WorldPerf] Boot detail: compute=0.0ms apply=0.0ms redraw=0.0ms topology=0.0ms shadow=0.0ms milestones=0 other=0.3ms | peaks: compute=0.0ms apply=2.7ms redraw=0.0ms topology=0.0ms shadow=0.0ms milestones=0.0ms stream_load=2.8ms stream_redraw=1.1ms
WARNING: [WorldPerf] WARNING: FrameBudget overrun job_id=mountain_shadow.visual_rebuild category=visual used_ms=1.19 budget_ms=1.00 over_budget_pct=19.3
   at: push_warning (core/variant/variant_utility.cpp:1034)
   GDScript backtrace (most recent call first):
       [0] report_budget_overrun (res://core/systems/world/world_perf_probe.gd:100)
       [1] _process (res://core/autoloads/frame_budget_dispatcher.gd:76)
[FrameBudget] streaming=0.0ms topology=0.0ms visual=0.9ms spawn=0.0ms total=0.9ms/6.0ms chunk_manager.streaming_load=0.0ms(60) building.room_recompute=0.0ms(60) power.balance_recompute=0.0ms(60) chunk_manager.topology_rebuild=0.0ms(60) underground.fog_update=0.0ms(60) chunk_manager.streaming_redraw=0.0ms(60) mountain_shadow.visual_rebuild=0.9ms(60)
[WorldPerf] Shadow.edge_cache_compute (1, -1): 273.13 ms
WARNING: [WorldPerf] WARNING: FrameBudget overrun job_id=mountain_shadow.visual_rebuild category=visual used_ms=3.53 budget_ms=1.00 over_budget_pct=252.8
   at: push_warning (core/variant/variant_utility.cpp:1034)
   GDScript backtrace (most recent call first):
       [0] report_budget_overrun (res://core/systems/world/world_perf_probe.gd:100)
       [1] _process (res://core/autoloads/frame_budget_dispatcher.gd:76)
[FrameBudget] streaming=0.0ms topology=0.0ms visual=1.3ms spawn=0.0ms total=1.4ms/6.0ms chunk_manager.streaming_load=0.0ms(60) building.room_recompute=0.0ms(60) power.balance_recompute=0.0ms(60) chunk_manager.topology_rebuild=0.0ms(60) underground.fog_update=0.0ms(60) chunk_manager.streaming_redraw=0.0ms(60) mountain_shadow.visual_rebuild=1.3ms(60)
[WorldPerf] Shadow.edge_cache_compute (63, -1): 183.37 ms
[FrameBudget] streaming=0.0ms topology=0.0ms visual=0.7ms spawn=0.0ms total=0.7ms/6.0ms chunk_manager.streaming_load=0.0ms(60) building.room_recompute=0.0ms(60) power.balance_recompute=0.0ms(60) chunk_manager.topology_rebuild=0.0ms(60) underground.fog_update=0.0ms(60) chunk_manager.streaming_redraw=0.0ms(60) mountain_shadow.visual_rebuild=0.7ms(60)
[FrameBudget] streaming=0.0ms topology=0.0ms visual=0.1ms spawn=0.0ms total=0.1ms/6.0ms chunk_manager.streaming_load=0.0ms(60) building.room_recompute=0.0ms(60) power.balance_recompute=0.0ms(60) chunk_manager.topology_rebuild=0.0ms(60) underground.fog_update=0.0ms(60) chunk_manager.streaming_redraw=0.0ms(60) mountain_shadow.visual_rebuild=0.1ms(60)
[WorldPerf] Shadow.edge_cache_compute (1, 1): 194.07 ms
WARNING: [WorldPerf] WARNING: FrameBudget overrun job_id=mountain_shadow.visual_rebuild category=visual used_ms=1.74 budget_ms=1.00 over_budget_pct=74.3
   at: push_warning (core/variant/variant_utility.cpp:1034)
   GDScript backtrace (most recent call first):
       [0] report_budget_overrun (res://core/systems/world/world_perf_probe.gd:100)
       [1] _process (res://core/autoloads/frame_budget_dispatcher.gd:76)
[FrameBudget] streaming=0.0ms topology=0.0ms visual=0.1ms spawn=0.0ms total=0.1ms/6.0ms chunk_manager.streaming_load=0.0ms(60) building.room_recompute=0.0ms(60) power.balance_recompute=0.0ms(60) chunk_manager.topology_rebuild=0.0ms(60) underground.fog_update=0.0ms(60) chunk_manager.streaming_redraw=0.0ms(60) mountain_shadow.visual_rebuild=0.1ms(60)
[WorldPerf] === Frame Summary (300 frames) ===
[WorldPerf] Frame time: avg=7.3 ms, p99=16.7 ms, hitches=1
[WorldPerf] Frame budget: dispatcher=0.8ms streaming=0.0ms streaming_load=0.0ms streaming_redraw=0.0ms topology=0.0ms building=0.0ms power=0.0ms visual=0.0ms shadow=3.3ms spawn=0.0ms total=5.0ms/6.0ms
[WorldPerf] Boot detail: compute=0.0ms apply=0.0ms redraw=0.0ms topology=0.0ms shadow=0.0ms milestones=0 other=0.8ms | peaks: compute=0.0ms apply=2.9ms redraw=0.0ms topology=0.0ms shadow=0.0ms milestones=0.0ms stream_load=0.0ms stream_redraw=2.4ms
[FrameBudget] streaming=0.0ms topology=0.0ms visual=0.0ms spawn=0.0ms total=0.1ms/6.0ms chunk_manager.streaming_load=0.0ms(60) building.room_recompute=0.0ms(60) power.balance_recompute=0.0ms(60) chunk_manager.topology_rebuild=0.0ms(60) underground.fog_update=0.0ms(60) chunk_manager.streaming_redraw=0.0ms(60) mountain_shadow.visual_rebuild=0.0ms(60)
[FrameBudget] streaming=0.0ms topology=0.0ms visual=0.0ms spawn=0.0ms total=0.0ms/6.0ms chunk_manager.streaming_load=0.0ms(60) building.room_recompute=0.0ms(60) power.balance_recompute=0.0ms(60) chunk_manager.topology_rebuild=0.0ms(60) underground.fog_update=0.0ms(60) chunk_manager.streaming_redraw=0.0ms(60) mountain_shadow.visual_rebuild=0.0ms(60)
[WorldPerf] FPS: 143.0
[WorldPerf] stream.chunk_first_pass_ms (0, -1)@z0: 4124.49 ms
[WorldPerf] stream.chunk_first_pass_ms (1, 0)@z0: 3844.98 ms
[WorldPerf] stream.chunk_first_pass_ms (63, 0)@z0: 3837.97 ms
[FrameBudget] streaming=0.0ms topology=0.0ms visual=0.0ms spawn=0.0ms total=0.0ms/6.0ms chunk_manager.streaming_load=0.0ms(60) building.room_recompute=0.0ms(60) power.balance_recompute=0.0ms(60) chunk_manager.topology_rebuild=0.0ms(60) underground.fog_update=0.0ms(60) chunk_manager.streaming_redraw=0.0ms(60) mountain_shadow.visual_rebuild=0.0ms(60)
[WorldPerf] stream.chunk_first_pass_ms (1, -1)@z0: 3698.05 ms
[WorldPerf] stream.chunk_first_pass_ms (0, 1)@z0: 3711.28 ms
[WorldPerf] stream.chunk_first_pass_ms (63, -1)@z0: 3687.06 ms
[WorldPerf] stream.chunk_full_redraw_ms (0, 0)@z0: 4490.54 ms
[WorldPerf] stream.chunk_first_pass_ms (63, 1)@z0: 3469.30 ms
[WorldPerf] stream.chunk_first_pass_ms (1, 1)@z0: 3460.14 ms
[FrameBudget] streaming=0.0ms topology=0.0ms visual=0.0ms spawn=0.0ms total=0.0ms/6.0ms chunk_manager.streaming_load=0.0ms(60) building.room_recompute=0.0ms(60) power.balance_recompute=0.0ms(60) chunk_manager.topology_rebuild=0.0ms(60) underground.fog_update=0.0ms(60) chunk_manager.streaming_redraw=0.0ms(60) mountain_shadow.visual_rebuild=0.0ms(60)
[WorldPerf] stream.chunk_full_redraw_ms (0, -1)@z0: 5037.23 ms
[WorldPerf] stream.chunk_full_redraw_ms (1, 0)@z0: 4759.16 ms
[WorldPerf] stream.chunk_full_redraw_ms (63, 0)@z0: 4756.18 ms
[FrameBudget] streaming=0.0ms topology=0.0ms visual=0.0ms spawn=0.0ms total=0.0ms/6.0ms chunk_manager.streaming_load=0.0ms(60) building.room_recompute=0.0ms(60) power.balance_recompute=0.0ms(60) chunk_manager.topology_rebuild=0.0ms(60) underground.fog_update=0.0ms(60) chunk_manager.streaming_redraw=0.0ms(60) mountain_shadow.visual_rebuild=0.0ms(60)
[WorldPerf] === Frame Summary (300 frames) ===
[WorldPerf] Frame time: avg=6.9 ms, p99=7.1 ms, hitches=0
[WorldPerf] Frame budget: dispatcher=0.2ms streaming=0.0ms streaming_load=0.0ms streaming_redraw=0.0ms topology=0.0ms building=0.0ms power=0.0ms visual=0.0ms shadow=0.0ms spawn=0.0ms total=0.3ms/6.0ms
[WorldPerf] Boot detail: compute=0.0ms apply=0.0ms redraw=0.0ms topology=0.0ms shadow=0.0ms milestones=0 other=0.1ms | peaks: compute=0.0ms apply=0.0ms redraw=0.0ms topology=0.0ms shadow=0.0ms milestones=0.0ms stream_load=0.0ms stream_redraw=0.0ms
[WorldPerf] stream.chunk_full_redraw_ms (1, -1)@z0: 4609.30 ms
[WorldPerf] stream.chunk_full_redraw_ms (0, 1)@z0: 4635.32 ms
[WorldPerf] stream.chunk_full_redraw_ms (63, -1)@z0: 4611.89 ms
[WorldPerf] stream.chunk_full_redraw_ms (63, 1)@z0: 4381.77 ms
[WorldPerf] stream.chunk_full_redraw_ms (1, 1)@z0: 4378.07 ms
[Boot] first_playable reached (6305.6 ms) | queue_wait=55501.0ms compute=9565.9ms (25 chunks) apply=17.4ms (9 chunks) redraw=0.0ms
[WorldPerf] Startup.loading_screen_visible_to_startup_bubble_ready_ms: 18139.41 ms
WARNING: [WorldPerf] WARNING: FrameBudget overrun job_id=chunk_manager.streaming_load category=streaming used_ms=5.42 budget_ms=3.00 over_budget_pct=80.7
   at: push_warning (core/variant/variant_utility.cpp:1034)
   GDScript backtrace (most recent call first):
       [0] report_budget_overrun (res://core/systems/world/world_perf_probe.gd:100)
       [1] _process (res://core/autoloads/frame_budget_dispatcher.gd:76)
[WorldPerf] PlayerChunk coord=(0, 0) z=0 trigger=scheduler loaded=true visible=true state=full_ready phase=done first_pass=true full_ready=true issues=healthy ages(first=-ms full=-ms border=-ms apply=5537ms converge=5537ms) queues(fast=0 urgent=0 near=0 full_near=0 full_far=0) requests(load=false staged=false generating=false) scheduler(step=0.00ms exhausted=false)
WARNING: [WorldPerf] WARNING: FrameBudget overrun job_id=mountain_shadow.visual_rebuild category=visual used_ms=1.36 budget_ms=1.00 over_budget_pct=36.3
   at: push_warning (core/variant/variant_utility.cpp:1034)
   GDScript backtrace (most recent call first):
       [0] report_budget_overrun (res://core/systems/world/world_perf_probe.gd:100)
       [1] _process (res://core/autoloads/frame_budget_dispatcher.gd:76)
WARNING: [WorldPerf] WARNING: FrameBudget overrun job_id=chunk_manager.streaming_redraw category=visual used_ms=4.08 budget_ms=4.00 over_budget_pct=2.0
   at: push_warning (core/variant/variant_utility.cpp:1034)
   GDScript backtrace (most recent call first):
       [0] report_budget_overrun (res://core/systems/world/world_perf_probe.gd:100)
       [1] _process (res://core/autoloads/frame_budget_dispatcher.gd:76)
WARNING: [WorldPerf] WARNING: FrameBudget overrun job_id=chunk_manager.streaming_redraw category=visual used_ms=5.52 budget_ms=4.00 over_budget_pct=38.0
   at: push_warning (core/variant/variant_utility.cpp:1034)
   GDScript backtrace (most recent call first):
       [0] report_budget_overrun (res://core/systems/world/world_perf_probe.gd:100)
       [1] _process (res://core/autoloads/frame_budget_dispatcher.gd:76)
WARNING: [WorldPerf] WARNING: FrameBudget overrun job_id=chunk_manager.streaming_redraw category=visual used_ms=6.74 budget_ms=4.00 over_budget_pct=68.5
   at: push_warning (core/variant/variant_utility.cpp:1034)
   GDScript backtrace (most recent call first):
       [0] report_budget_overrun (res://core/systems/world/world_perf_probe.gd:100)
       [1] _process (res://core/autoloads/frame_budget_dispatcher.gd:76)
WARNING: [WorldPerf] WARNING: FrameBudget overrun job_id=chunk_manager.topology_rebuild category=topology used_ms=2.38 budget_ms=2.00 over_budget_pct=19.0
   at: push_warning (core/variant/variant_utility.cpp:1034)
   GDScript backtrace (most recent call first):
       [0] report_budget_overrun (res://core/systems/world/world_perf_probe.gd:100)
       [1] _process (res://core/autoloads/frame_budget_dispatcher.gd:76)
[FrameBudget] streaming=1.0ms topology=0.1ms visual=2.0ms spawn=0.0ms total=3.1ms/6.0ms chunk_manager.streaming_load=1.0ms(60) building.room_recompute=0.0ms(60) power.balance_recompute=0.0ms(60) chunk_manager.topology_rebuild=0.0ms(60) underground.fog_update=0.0ms(60) chunk_manager.streaming_redraw=1.6ms(60) mountain_shadow.visual_rebuild=0.4ms(50)
WARNING: [WorldPerf] WARNING: FrameBudget overrun job_id=chunk_manager.streaming_redraw category=visual used_ms=8.31 budget_ms=4.00 over_budget_pct=107.8
   at: push_warning (core/variant/variant_utility.cpp:1034)
   GDScript backtrace (most recent call first):
       [0] report_budget_overrun (res://core/systems/world/world_perf_probe.gd:100)
       [1] _process (res://core/autoloads/frame_budget_dispatcher.gd:76)
[WorldPerf] Shadow.edge_cache_compute (0, -2): 221.15 ms
WARNING: [WorldPerf] WARNING: FrameBudget overrun job_id=mountain_shadow.visual_rebuild category=visual used_ms=2.99 budget_ms=1.00 over_budget_pct=199.1
   at: push_warning (core/variant/variant_utility.cpp:1034)
   GDScript backtrace (most recent call first):
       [0] report_budget_overrun (res://core/systems/world/world_perf_probe.gd:100)
       [1] _process (res://core/autoloads/frame_budget_dispatcher.gd:76)
[WorldPerf] Shadow.edge_cache_compute (0, -2): 61.91 ms
[FrameBudget] streaming=0.0ms topology=0.0ms visual=5.6ms spawn=0.0ms total=5.7ms/6.0ms chunk_manager.streaming_load=0.0ms(60) building.room_recompute=0.0ms(60) power.balance_recompute=0.0ms(60) chunk_manager.topology_rebuild=0.0ms(60) underground.fog_update=0.0ms(60) chunk_manager.streaming_redraw=5.2ms(60) mountain_shadow.visual_rebuild=0.4ms(32)
[WorldPerf] Shadow.edge_cache_compute (1, -2): 62.65 ms
[WorldPerf] Shadow.edge_cache_compute (2, 1): 60.26 ms
[WorldPerf] Shadow.edge_cache_compute (62, 1): 73.18 ms
[FrameBudget] streaming=0.0ms topology=0.0ms visual=5.5ms spawn=0.0ms total=5.6ms/6.0ms chunk_manager.streaming_load=0.0ms(60) building.room_recompute=0.0ms(60) power.balance_recompute=0.0ms(60) chunk_manager.topology_rebuild=0.0ms(60) underground.fog_update=0.0ms(60) chunk_manager.streaming_redraw=5.0ms(60) mountain_shadow.visual_rebuild=0.6ms(36)
[WorldPerf] Shadow.edge_cache_compute (1, 2): 67.48 ms
WARNING: [WorldPerf] WARNING: FrameBudget overrun job_id=chunk_manager.streaming_redraw category=visual used_ms=7.08 budget_ms=4.00 over_budget_pct=77.0
   at: push_warning (core/variant/variant_utility.cpp:1034)
   GDScript backtrace (most recent call first):
       [0] report_budget_overrun (res://core/systems/world/world_perf_probe.gd:100)
       [1] _process (res://core/autoloads/frame_budget_dispatcher.gd:76)
[WorldPerf] Shadow.edge_cache_compute (2, -2): 129.20 ms
WARNING: [WorldPerf] WARNING: FrameBudget overrun job_id=mountain_shadow.visual_rebuild category=visual used_ms=1.32 budget_ms=1.00 over_budget_pct=31.9
   at: push_warning (core/variant/variant_utility.cpp:1034)
   GDScript backtrace (most recent call first):
       [0] report_budget_overrun (res://core/systems/world/world_perf_probe.gd:100)
       [1] _process (res://core/autoloads/frame_budget_dispatcher.gd:76)
[FrameBudget] streaming=0.0ms topology=0.0ms visual=5.1ms spawn=0.0ms total=5.1ms/6.0ms chunk_manager.streaming_load=0.0ms(60) building.room_recompute=0.0ms(60) power.balance_recompute=0.0ms(60) chunk_manager.topology_rebuild=0.0ms(60) underground.fog_update=0.0ms(60) chunk_manager.streaming_redraw=4.9ms(60) mountain_shadow.visual_rebuild=0.2ms(39)
[WorldPerf] Shadow.stale_age_ms: 1722.64 ms
[FrameBudget] streaming=0.0ms topology=0.0ms visual=4.9ms spawn=0.0ms total=4.9ms/6.0ms chunk_manager.streaming_load=0.0ms(60) building.room_recompute=0.0ms(60) power.balance_recompute=0.0ms(60) chunk_manager.topology_rebuild=0.0ms(60) underground.fog_update=0.0ms(60) chunk_manager.streaming_redraw=4.8ms(60) mountain_shadow.visual_rebuild=0.1ms(41)
[WorldPerf] === Frame Summary (300 frames) ===
[WorldPerf] Frame time: avg=7.3 ms, p99=10.9 ms, hitches=0
[WorldPerf] Frame budget: dispatcher=5.0ms streaming=0.0ms streaming_load=0.2ms streaming_redraw=0.0ms topology=0.0ms building=0.0ms power=0.0ms visual=0.0ms shadow=13.1ms spawn=0.0ms total=18.4ms/6.0ms
[WorldPerf] Boot detail: compute=0.0ms apply=0.0ms redraw=0.0ms topology=0.0ms shadow=0.0ms milestones=1 other=0.0ms | peaks: compute=0.0ms apply=0.0ms redraw=0.0ms topology=0.0ms shadow=0.0ms milestones=0.0ms stream_load=5.4ms stream_redraw=0.0ms
[WorldPerf] Observability: Shadow.stale_age_ms=1722.6ms, Startup.loading_screen_visible_to_startup_bubble_ready_ms=18139.4ms, Startup.startup_bubble_ready=0.0ms
WARNING: [WorldPerf] WARNING: FrameBudget overrun job_id=chunk_manager.streaming_redraw category=visual used_ms=7.16 budget_ms=4.00 over_budget_pct=79.1
   at: push_warning (core/variant/variant_utility.cpp:1034)
   GDScript backtrace (most recent call first):
       [0] report_budget_overrun (res://core/systems/world/world_perf_probe.gd:100)
       [1] _process (res://core/autoloads/frame_budget_dispatcher.gd:76)
[FrameBudget] streaming=0.0ms topology=0.0ms visual=4.8ms spawn=0.0ms total=4.8ms/6.0ms chunk_manager.streaming_load=0.0ms(60) building.room_recompute=0.0ms(60) power.balance_recompute=0.0ms(60) chunk_manager.topology_rebuild=0.0ms(60) underground.fog_update=0.0ms(60) chunk_manager.streaming_redraw=4.8ms(60) mountain_shadow.visual_rebuild=0.0ms(38)
WARNING: [WorldPerf] WARNING: FrameBudget overrun job_id=chunk_manager.streaming_redraw category=visual used_ms=8.19 budget_ms=4.00 over_budget_pct=104.7
   at: push_warning (core/variant/variant_utility.cpp:1034)
   GDScript backtrace (most recent call first):
       [0] report_budget_overrun (res://core/systems/world/world_perf_probe.gd:100)
       [1] _process (res://core/autoloads/frame_budget_dispatcher.gd:76)
[FrameBudget] streaming=0.0ms topology=0.0ms visual=5.1ms spawn=0.0ms total=5.1ms/6.0ms chunk_manager.streaming_load=0.0ms(60) building.room_recompute=0.0ms(60) power.balance_recompute=0.0ms(60) chunk_manager.topology_rebuild=0.0ms(60) underground.fog_update=0.0ms(60) chunk_manager.streaming_redraw=5.1ms(60) mountain_shadow.visual_rebuild=0.0ms(34)
WARNING: [WorldPerf] WARNING: FrameBudget overrun job_id=chunk_manager.streaming_redraw category=visual used_ms=10.23 budget_ms=4.00 over_budget_pct=155.7
   at: push_warning (core/variant/variant_utility.cpp:1034)
   GDScript backtrace (most recent call first):
       [0] report_budget_overrun (res://core/systems/world/world_perf_probe.gd:100)
       [1] _process (res://core/autoloads/frame_budget_dispatcher.gd:76)
[FrameBudget] streaming=0.0ms topology=0.0ms visual=4.6ms spawn=0.0ms total=4.7ms/6.0ms chunk_manager.streaming_load=0.0ms(60) building.room_recompute=0.0ms(60) power.balance_recompute=0.0ms(60) chunk_manager.topology_rebuild=0.0ms(60) underground.fog_update=0.0ms(60) chunk_manager.streaming_redraw=4.6ms(60) mountain_shadow.visual_rebuild=0.0ms(47)
[WorldPerf] stream.chunk_border_fix_ms (0, -1)@z0: 3222.23 ms
[WorldPerf] stream.chunk_full_redraw_ms (0, -1)@z0: 3222.37 ms
[WorldPerf] stream.chunk_border_fix_ms (1, 0)@z0: 3258.47 ms
[WorldPerf] stream.chunk_full_redraw_ms (1, 0)@z0: 3258.60 ms
[WorldPerf] stream.chunk_border_fix_ms (63, 0)@z0: 3250.77 ms
[WorldPerf] stream.chunk_full_redraw_ms (63, 0)@z0: 3251.02 ms
[WorldPerf] stream.chunk_border_fix_ms (0, 1)@z0: 3256.25 ms
[WorldPerf] stream.chunk_full_redraw_ms (0, 1)@z0: 3256.37 ms
[WorldPerf] stream.chunk_border_fix_ms (1, -1)@z0: 3372.42 ms
[WorldPerf] stream.chunk_full_redraw_ms (1, -1)@z0: 3354.87 ms
[WorldPerf] stream.chunk_border_fix_ms (63, -1)@z0: 3364.97 ms
[WorldPerf] stream.chunk_full_redraw_ms (63, -1)@z0: 3347.86 ms
[WorldPerf] stream.chunk_border_fix_ms (1, 1)@z0: 3349.82 ms
[WorldPerf] stream.chunk_full_redraw_ms (1, 1)@z0: 3330.91 ms
[WorldPerf] stream.chunk_border_fix_ms (63, 1)@z0: 3352.58 ms
[WorldPerf] stream.chunk_full_redraw_ms (63, 1)@z0: 3331.52 ms
[Boot] first_playable reached (9783.8 ms) | queue_wait=55501.0ms compute=9565.9ms (25 chunks) apply=17.4ms (9 chunks) redraw=0.0ms
[WorldPerf] FPS: 145.0
[FrameBudget] streaming=0.0ms topology=0.0ms visual=3.8ms spawn=0.0ms total=3.8ms/6.0ms chunk_manager.streaming_load=0.0ms(60) building.room_recompute=0.0ms(60) power.balance_recompute=0.0ms(60) chunk_manager.topology_rebuild=0.0ms(60) underground.fog_update=0.0ms(60) chunk_manager.streaming_redraw=3.8ms(60) mountain_shadow.visual_rebuild=0.0ms(55)
[FrameBudget] streaming=0.0ms topology=0.0ms visual=3.3ms spawn=0.0ms total=3.3ms/6.0ms chunk_manager.streaming_load=0.0ms(60) building.room_recompute=0.0ms(60) power.balance_recompute=0.0ms(60) chunk_manager.topology_rebuild=0.0ms(60) underground.fog_update=0.0ms(60) chunk_manager.streaming_redraw=3.3ms(60) mountain_shadow.visual_rebuild=0.0ms(60)
[WorldPerf] === Frame Summary (300 frames) ===
[WorldPerf] Frame time: avg=6.9 ms, p99=6.9 ms, hitches=0
[WorldPerf] Frame budget: dispatcher=4.5ms streaming=0.0ms streaming_load=0.0ms streaming_redraw=0.0ms topology=0.0ms building=0.0ms power=0.0ms visual=0.0ms shadow=4.3ms spawn=0.0ms total=8.8ms/6.0ms
[WorldPerf] Boot detail: compute=0.0ms apply=0.0ms redraw=0.0ms topology=0.0ms shadow=0.0ms milestones=1 other=0.0ms | peaks: compute=0.0ms apply=0.0ms redraw=0.0ms topology=0.0ms shadow=0.0ms milestones=0.0ms stream_load=0.0ms stream_redraw=0.0ms
[FrameBudget] streaming=0.0ms topology=0.0ms visual=3.3ms spawn=0.0ms total=3.3ms/6.0ms chunk_manager.streaming_load=0.0ms(60) building.room_recompute=0.0ms(60) power.balance_recompute=0.0ms(60) chunk_manager.topology_rebuild=0.0ms(60) underground.fog_update=0.0ms(60) chunk_manager.streaming_redraw=3.3ms(60) mountain_shadow.visual_rebuild=0.0ms(60)
[WorldPerf] stream.chunk_first_pass_ms (0, -2)@z0: 4637.02 ms
[WorldPerf] stream.chunk_first_pass_ms (2, 0)@z0: 4650.85 ms
[WorldPerf] stream.chunk_first_pass_ms (62, 0)@z0: 4656.27 ms
[WorldPerf] stream.chunk_first_pass_ms (0, 2)@z0: 4661.81 ms
[WorldPerf] stream.chunk_first_pass_ms (1, -2)@z0: 4654.57 ms
[WorldPerf] stream.chunk_first_pass_ms (63, -2)@z0: 4646.11 ms
[WorldPerf] stream.chunk_first_pass_ms (2, -1)@z0: 4644.63 ms
[WorldPerf] stream.chunk_first_pass_ms (62, -1)@z0: 4637.07 ms
[WorldPerf] stream.chunk_first_pass_ms (1, 2)@z0: 4607.51 ms
[WorldPerf] stream.chunk_first_pass_ms (2, 1)@z0: 4631.83 ms
[WorldPerf] stream.chunk_first_pass_ms (62, 1)@z0: 4621.99 ms
[WorldPerf] stream.chunk_first_pass_ms (63, 2)@z0: 4601.25 ms
WARNING: [WorldPerf] WARNING: FrameBudget overrun job_id=chunk_manager.streaming_redraw category=visual used_ms=4.63 budget_ms=4.00 over_budget_pct=15.7
   at: push_warning (core/variant/variant_utility.cpp:1034)
   GDScript backtrace (most recent call first):
       [0] report_budget_overrun (res://core/systems/world/world_perf_probe.gd:100)
       [1] _process (res://core/autoloads/frame_budget_dispatcher.gd:76)
[WorldPerf] stream.chunk_first_pass_ms (2, -2)@z0: 4589.31 ms
[WorldPerf] stream.chunk_first_pass_ms (62, 2)@z0: 4559.47 ms
[WorldPerf] stream.chunk_first_pass_ms (62, -2)@z0: 4576.72 ms
[WorldPerf] stream.chunk_first_pass_ms (2, 2)@z0: 4567.76 ms
WARNING: [WorldPerf] WARNING: FrameBudget overrun job_id=chunk_manager.streaming_redraw category=visual used_ms=6.08 budget_ms=4.00 over_budget_pct=52.1
   at: push_warning (core/variant/variant_utility.cpp:1034)
   GDScript backtrace (most recent call first):
       [0] report_budget_overrun (res://core/systems/world/world_perf_probe.gd:100)
       [1] _process (res://core/autoloads/frame_budget_dispatcher.gd:76)
[FrameBudget] streaming=0.0ms topology=0.0ms visual=3.3ms spawn=0.0ms total=3.4ms/6.0ms chunk_manager.streaming_load=0.0ms(60) building.room_recompute=0.0ms(60) power.balance_recompute=0.0ms(60) chunk_manager.topology_rebuild=0.0ms(60) underground.fog_update=0.0ms(60) chunk_manager.streaming_redraw=3.3ms(60) mountain_shadow.visual_rebuild=0.0ms(59)
[FrameBudget] streaming=0.0ms topology=0.0ms visual=3.2ms spawn=0.0ms total=3.3ms/6.0ms chunk_manager.streaming_load=0.0ms(60) building.room_recompute=0.0ms(60) power.balance_recompute=0.0ms(60) chunk_manager.topology_rebuild=0.0ms(60) underground.fog_update=0.0ms(60) chunk_manager.streaming_redraw=3.2ms(60) mountain_shadow.visual_rebuild=0.0ms(60)
[FrameBudget] streaming=0.0ms topology=0.0ms visual=3.2ms spawn=0.0ms total=3.2ms/6.0ms chunk_manager.streaming_load=0.0ms(60) building.room_recompute=0.0ms(60) power.balance_recompute=0.0ms(60) chunk_manager.topology_rebuild=0.0ms(60) underground.fog_update=0.0ms(60) chunk_manager.streaming_redraw=3.2ms(60) mountain_shadow.visual_rebuild=0.0ms(60)
WARNING: [WorldPerf] WARNING: FrameBudget overrun job_id=chunk_manager.streaming_redraw category=visual used_ms=4.53 budget_ms=4.00 over_budget_pct=13.2
   at: push_warning (core/variant/variant_utility.cpp:1034)
   GDScript backtrace (most recent call first):
       [0] report_budget_overrun (res://core/systems/world/world_perf_probe.gd:100)
       [1] _process (res://core/autoloads/frame_budget_dispatcher.gd:76)
[FrameBudget] streaming=0.0ms topology=0.0ms visual=3.3ms spawn=0.0ms total=3.3ms/6.0ms chunk_manager.streaming_load=0.0ms(60) building.room_recompute=0.0ms(60) power.balance_recompute=0.0ms(60) chunk_manager.topology_rebuild=0.0ms(60) underground.fog_update=0.0ms(60) chunk_manager.streaming_redraw=3.2ms(60) mountain_shadow.visual_rebuild=0.0ms(60)
[WorldPerf] === Frame Summary (300 frames) ===
[WorldPerf] Frame time: avg=6.9 ms, p99=6.9 ms, hitches=0
[WorldPerf] Frame budget: dispatcher=3.4ms streaming=0.0ms streaming_load=0.0ms streaming_redraw=0.0ms topology=0.0ms building=0.0ms power=0.0ms visual=0.0ms shadow=3.3ms spawn=0.0ms total=6.7ms/6.0ms
WARNING: [WorldPerf] WARNING: FrameBudget overrun job_id=chunk_manager.streaming_redraw category=visual used_ms=5.83 budget_ms=4.00 over_budget_pct=45.8
   at: push_warning (core/variant/variant_utility.cpp:1034)
   GDScript backtrace (most recent call first):
       [0] report_budget_overrun (res://core/systems/world/world_perf_probe.gd:100)
       [1] _process (res://core/autoloads/frame_budget_dispatcher.gd:76)
[WorldPerf] stream.chunk_full_redraw_ms (0, -2)@z0: 6336.12 ms
[WorldPerf] stream.chunk_full_redraw_ms (2, 0)@z0: 6347.10 ms
[WorldPerf] stream.chunk_full_redraw_ms (62, 0)@z0: 6354.57 ms
[WorldPerf] stream.chunk_full_redraw_ms (0, 2)@z0: 6362.70 ms
[WorldPerf] stream.chunk_full_redraw_ms (1, -2)@z0: 6356.65 ms
[WorldPerf] stream.chunk_full_redraw_ms (63, -2)@z0: 6368.82 ms
[WorldPerf] stream.chunk_full_redraw_ms (2, -1)@z0: 6361.60 ms
[WorldPerf] stream.chunk_full_redraw_ms (62, -1)@z0: 6376.64 ms
[WorldPerf] stream.chunk_full_redraw_ms (1, 2)@z0: 6347.85 ms
[WorldPerf] stream.chunk_full_redraw_ms (2, 1)@z0: 6368.48 ms
[WorldPerf] stream.chunk_full_redraw_ms (62, 1)@z0: 6391.80 ms
[WorldPerf] stream.chunk_full_redraw_ms (63, 2)@z0: 6382.82 ms
[WorldPerf] stream.chunk_full_redraw_ms (2, -2)@z0: 6366.89 ms
[WorldPerf] stream.chunk_full_redraw_ms (62, 2)@z0: 6331.33 ms
[WorldPerf] stream.chunk_full_redraw_ms (62, -2)@z0: 6381.04 ms
[WorldPerf] stream.chunk_full_redraw_ms (2, 2)@z0: 6372.90 ms
[Boot] boot_complete reached (12896.6 ms) | queue_wait=55501.0ms compute=9565.9ms (25 chunks) apply=17.4ms (9 chunks) redraw=0.0ms
[WorldPerf] Startup.startup_bubble_ready_to_boot_complete_ms: 6571.72 ms
[CodexValidation] route prepared: preset=seam_cross waypoints=6 start=(0.0, 0.0) chunk_pixels=4096.0
[CodexValidation] room validation prepared at (4, 4)
[CodexValidation] power validation prepared at (8, 4)
[CodexValidation] mining validation prepared at (59, 0)
[CodexValidation] boot complete; route prepared
[FrameBudget] streaming=0.0ms topology=0.0ms visual=3.1ms spawn=0.0ms total=3.2ms/6.0ms chunk_manager.streaming_load=0.0ms(60) building.room_recompute=0.0ms(60) power.balance_recompute=0.0ms(60) chunk_manager.topology_rebuild=0.0ms(60) underground.fog_update=0.0ms(60) chunk_manager.streaming_redraw=3.1ms(60) mountain_shadow.visual_rebuild=0.0ms(60)
[CodexValidation] built validation room
[FrameBudget] streaming=0.0ms topology=0.0ms visual=0.1ms spawn=0.0ms total=0.1ms/6.0ms chunk_manager.streaming_load=0.0ms(60) building.room_recompute=0.0ms(60) power.balance_recompute=0.0ms(60) chunk_manager.topology_rebuild=0.0ms(60) underground.fog_update=0.0ms(60) chunk_manager.streaming_redraw=0.1ms(60) mountain_shadow.visual_rebuild=0.0ms(60)
[CodexValidation] removed validation room wall (5, 4)
[CodexValidation] re-placed validation room wall (5, 4)
[CodexValidation] destroyed validation room wall (4, 5)
[CodexValidation] room validation complete
[CodexValidation] placed validation battery (8, 4)
[FrameBudget] streaming=0.0ms topology=0.1ms visual=0.1ms spawn=0.0ms total=0.2ms/6.0ms chunk_manager.streaming_load=0.0ms(60) building.room_recompute=0.1ms(60) power.balance_recompute=0.0ms(60) chunk_manager.topology_rebuild=0.0ms(60) underground.fog_update=0.0ms(60) chunk_manager.streaming_redraw=0.1ms(60) mountain_shadow.visual_rebuild=0.0ms(60)
[CodexValidation] removed validation battery (8, 4)
[CodexValidation] power validation complete
[CodexValidation] mined entry tile (59, 0)
[WorldPerf] PlayerChunk coord=(0, 0) z=0 trigger=scheduler loaded=true visible=true state=full_pending phase=done first_pass=true full_ready=false issues=border_fix_pending ages(first=-ms full=-ms border=2ms apply=13124ms converge=2ms) queues(fast=0 urgent=0 near=0 full_near=0 full_far=0) requests(load=false staged=false generating=false) scheduler(step=0.65ms exhausted=false)
[WorldPerf] PlayerChunk coord=(0, 0) z=0 trigger=scheduler loaded=true visible=true state=full_ready phase=done first_pass=true full_ready=true issues=healthy ages(first=-ms full=-ms border=-ms apply=13124ms converge=2ms) queues(fast=0 urgent=0 near=0 full_near=0 full_far=0) requests(load=false staged=false generating=false) scheduler(step=0.18ms exhausted=false)
[CodexValidation] mined interior tile (60, 0)
[WorldPerf] PlayerChunk coord=(0, 0) z=0 trigger=scheduler loaded=true visible=true state=full_pending phase=done first_pass=true full_ready=false issues=border_fix_pending ages(first=-ms full=-ms border=2ms apply=13269ms converge=2ms) queues(fast=0 urgent=0 near=0 full_near=0 full_far=0) requests(load=false staged=false generating=false) scheduler(step=0.64ms exhausted=false)
[WorldPerf] PlayerChunk coord=(0, 0) z=0 trigger=scheduler loaded=true visible=true state=full_ready phase=done first_pass=true full_ready=true issues=healthy ages(first=-ms full=-ms border=-ms apply=13270ms converge=2ms) queues(fast=0 urgent=0 near=0 full_near=0 full_far=0) requests(load=false staged=false generating=false) scheduler(step=0.17ms exhausted=false)
[FrameBudget] streaming=0.0ms topology=0.0ms visual=0.2ms spawn=0.0ms total=0.2ms/6.0ms chunk_manager.streaming_load=0.0ms(60) building.room_recompute=0.0ms(60) power.balance_recompute=0.0ms(60) chunk_manager.topology_rebuild=0.0ms(60) underground.fog_update=0.0ms(60) chunk_manager.streaming_redraw=0.1ms(60) mountain_shadow.visual_rebuild=0.0ms(60)
[CodexValidation] mined deeper tile (61, 0)
[WorldPerf] PlayerChunk coord=(0, 0) z=0 trigger=scheduler loaded=true visible=true state=full_pending phase=done first_pass=true full_ready=false issues=border_fix_pending ages(first=-ms full=-ms border=2ms apply=13416ms converge=2ms) queues(fast=0 urgent=0 near=0 full_near=0 full_far=0) requests(load=false staged=false generating=false) scheduler(step=0.78ms exhausted=false)
[WorldPerf] PlayerChunk coord=(0, 0) z=0 trigger=scheduler loaded=true visible=true state=full_ready phase=done first_pass=true full_ready=true issues=healthy ages(first=-ms full=-ms border=-ms apply=13416ms converge=2ms) queues(fast=0 urgent=0 near=0 full_near=0 full_far=0) requests(load=false staged=false generating=false) scheduler(step=0.17ms exhausted=false)
[CodexValidation] moved player back to exterior tile (58, 0)
[CodexValidation] mining + persistence validation complete
[CodexValidation] route start: preset=seam_cross waypoints=6
[WorldPerf] PlayerChunk coord=(1, 0) z=0 trigger=scheduler loaded=true visible=true state=full_ready phase=done first_pass=true full_ready=true issues=healthy ages(first=-ms full=-ms border=-ms apply=13402ms converge=8215ms) queues(fast=0 urgent=0 near=0 full_near=0 full_far=0) requests(load=false staged=false generating=false) scheduler(step=0.00ms exhausted=false)
[FrameBudget] streaming=0.3ms topology=0.0ms visual=0.2ms spawn=0.0ms total=0.4ms/6.0ms chunk_manager.streaming_load=0.3ms(60) building.room_recompute=0.0ms(60) power.balance_recompute=0.0ms(60) chunk_manager.topology_rebuild=0.0ms(60) underground.fog_update=0.0ms(60) chunk_manager.streaming_redraw=0.1ms(60) mountain_shadow.visual_rebuild=0.0ms(60)
[WorldPerf] === Frame Summary (300 frames) ===
[WorldPerf] Frame time: avg=7.4 ms, p99=27.6 ms, hitches=6
[WorldPerf] Frame budget: dispatcher=1.0ms streaming=0.0ms streaming_load=0.1ms streaming_redraw=0.0ms topology=0.0ms building=0.0ms power=0.0ms visual=0.0ms shadow=0.7ms spawn=0.0ms total=1.8ms/6.0ms
[WorldPerf] Boot detail: compute=0.0ms apply=0.0ms redraw=0.0ms topology=0.0ms shadow=0.0ms milestones=1 other=0.0ms | peaks: compute=0.0ms apply=0.0ms redraw=0.0ms topology=0.0ms shadow=0.0ms milestones=0.0ms stream_load=3.0ms stream_redraw=0.0ms
[WorldPerf] Observability: Startup.boot_complete=0.0ms, Startup.startup_bubble_ready_to_boot_complete_ms=6571.7ms
WARNING: [WorldPerf] WARNING: FrameBudget overrun job_id=chunk_manager.streaming_load category=streaming used_ms=3.12 budget_ms=3.00 over_budget_pct=4.1
   at: push_warning (core/variant/variant_utility.cpp:1034)
   GDScript backtrace (most recent call first):
       [0] report_budget_overrun (res://core/systems/world/world_perf_probe.gd:100)
       [1] _process (res://core/autoloads/frame_budget_dispatcher.gd:76)
[WorldPerf] FPS: 145.0
[FrameBudget] streaming=2.8ms topology=0.0ms visual=0.1ms spawn=0.0ms total=3.0ms/6.0ms chunk_manager.streaming_load=2.8ms(60) building.room_recompute=0.0ms(60) power.balance_recompute=0.0ms(60) chunk_manager.topology_rebuild=0.0ms(60) underground.fog_update=0.0ms(60) chunk_manager.streaming_redraw=0.1ms(60) mountain_shadow.visual_rebuild=0.0ms(60)
[CodexValidation] reached waypoint 1/6 at (8192.0, 0.0)
WARNING: [WorldPerf] WARNING: FrameBudget overrun job_id=chunk_manager.streaming_load category=streaming used_ms=10.05 budget_ms=3.00 over_budget_pct=235.1
   at: push_warning (core/variant/variant_utility.cpp:1034)
   GDScript backtrace (most recent call first):
       [0] report_budget_overrun (res://core/systems/world/world_perf_probe.gd:100)
       [1] _process (res://core/autoloads/frame_budget_dispatcher.gd:76)
[WorldPerf] PlayerChunk coord=(2, 0) z=0 trigger=scheduler loaded=true visible=true state=full_ready phase=done first_pass=true full_ready=true issues=healthy ages(first=-ms full=-ms border=-ms apply=8744ms converge=8744ms) queues(fast=0 urgent=0 near=1 full_near=0 full_far=0) requests(load=false staged=false generating=false) scheduler(step=1.45ms exhausted=false)
[WorldPerf] Scheduler.fast_visual_wait_ms: 14.85 ms
[WorldPerf] PlayerChunk coord=(2, 0) z=0 trigger=scheduler loaded=true visible=true state=full_pending phase=done first_pass=true full_ready=false issues=border_fix_pending ages(first=-ms full=-ms border=19ms apply=8768ms converge=19ms) queues(fast=1 urgent=0 near=2 full_near=0 full_far=0) requests(load=false staged=false generating=false) scheduler(step=4.63ms exhausted=false)
WARNING: [WorldPerf] WARNING: FrameBudget overrun job_id=chunk_manager.streaming_redraw category=visual used_ms=5.09 budget_ms=4.00 over_budget_pct=27.1
   at: push_warning (core/variant/variant_utility.cpp:1034)
   GDScript backtrace (most recent call first):
       [0] report_budget_overrun (res://core/systems/world/world_perf_probe.gd:100)
       [1] _process (res://core/autoloads/frame_budget_dispatcher.gd:76)
WARNING: [WorldPerf] WARNING: FrameBudget overrun job_id=chunk_manager.streaming_load category=streaming used_ms=12.39 budget_ms=3.00 over_budget_pct=313.1
   at: push_warning (core/variant/variant_utility.cpp:1034)
   GDScript backtrace (most recent call first):
       [0] report_budget_overrun (res://core/systems/world/world_perf_probe.gd:100)
       [1] _process (res://core/autoloads/frame_budget_dispatcher.gd:76)
[FrameBudget] streaming=3.4ms topology=0.0ms visual=2.9ms spawn=0.0ms total=6.4ms/6.0ms chunk_manager.streaming_load=3.4ms(60) building.room_recompute=0.0ms(55) power.balance_recompute=0.0ms(55) chunk_manager.topology_rebuild=0.0ms(55) underground.fog_update=0.0ms(55) chunk_manager.streaming_redraw=2.9ms(55) mountain_shadow.visual_rebuild=0.0ms(30)
[WorldPerf] Shadow.edge_cache_compute (3, 1): 272.17 ms
WARNING: [WorldPerf] WARNING: FrameBudget overrun job_id=mountain_shadow.visual_rebuild category=visual used_ms=2.45 budget_ms=1.00 over_budget_pct=145.0
   at: push_warning (core/variant/variant_utility.cpp:1034)
   GDScript backtrace (most recent call first):
       [0] report_budget_overrun (res://core/systems/world/world_perf_probe.gd:100)
       [1] _process (res://core/autoloads/frame_budget_dispatcher.gd:76)
[WorldPerf] PlayerChunk coord=(2, 1) z=0 trigger=entered_chunk loaded=true visible=true state=full_pending phase=done first_pass=true full_ready=false issues=border_fix_pending ages(first=-ms full=-ms border=761ms apply=9432ms converge=761ms) queues(fast=0 urgent=0 near=5 full_near=0 full_far=1) requests(load=false staged=false generating=false) scheduler(step=0.00ms exhausted=false)
WARNING: [WorldPerf] WARNING: FrameBudget overrun job_id=chunk_manager.streaming_load category=streaming used_ms=14.66 budget_ms=3.00 over_budget_pct=388.6
   at: push_warning (core/variant/variant_utility.cpp:1034)
   GDScript backtrace (most recent call first):
       [0] report_budget_overrun (res://core/systems/world/world_perf_probe.gd:100)
       [1] _process (res://core/autoloads/frame_budget_dispatcher.gd:76)
[FrameBudget] streaming=3.4ms topology=0.0ms visual=3.7ms spawn=0.0ms total=7.0ms/6.0ms chunk_manager.streaming_load=3.4ms(60) building.room_recompute=0.0ms(57) power.balance_recompute=0.0ms(57) chunk_manager.topology_rebuild=0.0ms(57) underground.fog_update=0.0ms(57) chunk_manager.streaming_redraw=3.4ms(57) mountain_shadow.visual_rebuild=0.2ms(16)
[CodexValidation] reached waypoint 2/6 at (8192.0, 8192.0)
[WorldPerf] PlayerChunk coord=(2, 2) z=0 trigger=entered_chunk loaded=true visible=true state=full_pending phase=done first_pass=true full_ready=false issues=border_fix_pending ages(first=-ms full=-ms border=803ms apply=9849ms converge=803ms) queues(fast=0 urgent=0 near=6 full_near=0 full_far=3) requests(load=false staged=false generating=false) scheduler(step=0.00ms exhausted=false)
WARNING: [WorldPerf] WARNING: FrameBudget overrun job_id=chunk_manager.streaming_redraw category=visual used_ms=4.30 budget_ms=4.00 over_budget_pct=7.5
   at: push_warning (core/variant/variant_utility.cpp:1034)
   GDScript backtrace (most recent call first):
       [0] report_budget_overrun (res://core/systems/world/world_perf_probe.gd:100)
       [1] _process (res://core/autoloads/frame_budget_dispatcher.gd:76)
[WorldPerf] Shadow.edge_cache_compute (3, 2): 180.75 ms
[WorldPerf] PlayerChunk coord=(1, 2) z=0 trigger=scheduler loaded=true visible=true state=full_ready phase=done first_pass=true full_ready=true issues=healthy ages(first=-ms full=-ms border=-ms apply=10182ms converge=10182ms) queues(fast=0 urgent=0 near=4 full_near=0 full_far=6) requests(load=false staged=false generating=false) scheduler(step=1.22ms exhausted=false)
[WorldPerf] PlayerChunk coord=(1, 2) z=0 trigger=scheduler loaded=true visible=true state=full_pending phase=done first_pass=true full_ready=false issues=border_fix_pending ages(first=-ms full=-ms border=6ms apply=10211ms converge=6ms) queues(fast=0 urgent=0 near=5 full_near=0 full_far=6) requests(load=false staged=false generating=false) scheduler(step=3.28ms exhausted=false)
WARNING: [WorldPerf] WARNING: FrameBudget overrun job_id=chunk_manager.streaming_redraw category=visual used_ms=9.28 budget_ms=4.00 over_budget_pct=132.1
   at: push_warning (core/variant/variant_utility.cpp:1034)
   GDScript backtrace (most recent call first):
       [0] report_budget_overrun (res://core/systems/world/world_perf_probe.gd:100)
       [1] _process (res://core/autoloads/frame_budget_dispatcher.gd:76)
[FrameBudget] streaming=3.3ms topology=0.0ms visual=3.2ms spawn=0.0ms total=6.6ms/6.0ms chunk_manager.streaming_load=3.3ms(60) building.room_recompute=0.0ms(56) power.balance_recompute=0.0ms(56) chunk_manager.topology_rebuild=0.0ms(56) underground.fog_update=0.0ms(56) chunk_manager.streaming_redraw=2.9ms(56) mountain_shadow.visual_rebuild=0.3ms(36)
WARNING: [WorldPerf] WARNING: FrameBudget overrun job_id=mountain_shadow.visual_rebuild category=visual used_ms=3.54 budget_ms=1.00 over_budget_pct=253.8
   at: push_warning (core/variant/variant_utility.cpp:1034)
   GDScript backtrace (most recent call first):
       [0] report_budget_overrun (res://core/systems/world/world_perf_probe.gd:100)
       [1] _process (res://core/autoloads/frame_budget_dispatcher.gd:76)
WARNING: [WorldPerf] WARNING: FrameBudget overrun job_id=chunk_manager.streaming_load category=streaming used_ms=14.27 budget_ms=3.00 over_budget_pct=375.8
   at: push_warning (core/variant/variant_utility.cpp:1034)
   GDScript backtrace (most recent call first):
       [0] report_budget_overrun (res://core/systems/world/world_perf_probe.gd:100)
       [1] _process (res://core/autoloads/frame_budget_dispatcher.gd:76)
[WorldPerf] PlayerChunk coord=(0, 2) z=0 trigger=entered_chunk loaded=true visible=true state=full_pending phase=done first_pass=true full_ready=false issues=border_fix_pending ages(first=-ms full=-ms border=282ms apply=10747ms converge=282ms) queues(fast=0 urgent=0 near=3 full_near=0 full_far=10) requests(load=false staged=false generating=false) scheduler(step=0.00ms exhausted=false)
[FrameBudget] streaming=3.2ms topology=0.0ms visual=3.7ms spawn=0.0ms total=6.9ms/6.0ms chunk_manager.streaming_load=3.2ms(60) building.room_recompute=0.0ms(57) power.balance_recompute=0.0ms(57) chunk_manager.topology_rebuild=0.0ms(57) underground.fog_update=0.0ms(57) chunk_manager.streaming_redraw=3.6ms(57) mountain_shadow.visual_rebuild=0.1ms(10)
[WorldPerf] === Frame Summary (300 frames) ===
[WorldPerf] Frame time: avg=9.2 ms, p99=24.3 ms, hitches=3
[WorldPerf] Frame budget: dispatcher=6.1ms streaming=0.0ms streaming_load=3.2ms streaming_redraw=0.0ms topology=0.0ms building=0.0ms power=0.0ms visual=0.0ms shadow=4.4ms spawn=0.0ms total=13.8ms/6.0ms
[WorldPerf] Observability: Scheduler.urgent_visual_wait_ms=2.8ms, scheduler.max_urgent_wait_ms=2.8ms
[WorldPerf] Shadow.edge_cache_compute (1, 3): 87.09 ms
[WorldPerf] PlayerChunk coord=(63, 2) z=0 trigger=scheduler loaded=true visible=true state=full_pending phase=done first_pass=true full_ready=false issues=border_fix_pending ages(first=-ms full=-ms border=7ms apply=11190ms converge=7ms) queues(fast=0 urgent=0 near=5 full_near=0 full_far=12) requests(load=false staged=false generating=false) scheduler(step=4.14ms exhausted=false)
WARNING: [WorldPerf] WARNING: FrameBudget overrun job_id=chunk_manager.streaming_redraw category=visual used_ms=4.58 budget_ms=4.00 over_budget_pct=14.5
   at: push_warning (core/variant/variant_utility.cpp:1034)
   GDScript backtrace (most recent call first):
       [0] report_budget_overrun (res://core/systems/world/world_perf_probe.gd:100)
       [1] _process (res://core/autoloads/frame_budget_dispatcher.gd:76)
WARNING: [WorldPerf] WARNING: FrameBudget overrun job_id=chunk_manager.streaming_redraw category=visual used_ms=6.11 budget_ms=4.00 over_budget_pct=52.7
   at: push_warning (core/variant/variant_utility.cpp:1034)
   GDScript backtrace (most recent call first):
       [0] report_budget_overrun (res://core/systems/world/world_perf_probe.gd:100)
       [1] _process (res://core/autoloads/frame_budget_dispatcher.gd:76)
WARNING: [WorldPerf] WARNING: FrameBudget overrun job_id=mountain_shadow.visual_rebuild category=visual used_ms=2.03 budget_ms=1.00 over_budget_pct=103.0
   at: push_warning (core/variant/variant_utility.cpp:1034)
   GDScript backtrace (most recent call first):
       [0] report_budget_overrun (res://core/systems/world/world_perf_probe.gd:100)
       [1] _process (res://core/autoloads/frame_budget_dispatcher.gd:76)
[FrameBudget] streaming=3.6ms topology=0.0ms visual=4.0ms spawn=0.0ms total=7.6ms/6.0ms chunk_manager.streaming_load=3.6ms(60) building.room_recompute=0.0ms(55) power.balance_recompute=0.0ms(55) chunk_manager.topology_rebuild=0.0ms(55) underground.fog_update=0.0ms(55) chunk_manager.streaming_redraw=3.9ms(55) mountain_shadow.visual_rebuild=0.1ms(9)
[WorldPerf] PlayerChunk coord=(62, 2) z=0 trigger=entered_chunk loaded=true visible=true state=full_pending phase=done first_pass=true full_ready=false issues=border_fix_pending ages(first=-ms full=-ms border=120ms apply=11620ms converge=120ms) queues(fast=0 urgent=0 near=6 full_near=0 full_far=14) requests(load=false staged=false generating=false) scheduler(step=0.00ms exhausted=false)
WARNING: [WorldPerf] WARNING: FrameBudget overrun job_id=chunk_manager.streaming_load category=streaming used_ms=9.85 budget_ms=3.00 over_budget_pct=228.4
   at: push_warning (core/variant/variant_utility.cpp:1034)
   GDScript backtrace (most recent call first):
       [0] report_budget_overrun (res://core/systems/world/world_perf_probe.gd:100)
       [1] _process (res://core/autoloads/frame_budget_dispatcher.gd:76)
[WorldPerf] Shadow.edge_cache_compute (63, 3): 105.22 ms
WARNING: [WorldPerf] WARNING: FrameBudget overrun job_id=chunk_manager.streaming_load category=streaming used_ms=11.70 budget_ms=3.00 over_budget_pct=290.0
   at: push_warning (core/variant/variant_utility.cpp:1034)
   GDScript backtrace (most recent call first):
       [0] report_budget_overrun (res://core/systems/world/world_perf_probe.gd:100)
       [1] _process (res://core/autoloads/frame_budget_dispatcher.gd:76)
WARNING: [WorldPerf] WARNING: FrameBudget overrun job_id=chunk_manager.streaming_load category=streaming used_ms=17.30 budget_ms=3.00 over_budget_pct=476.8
   at: push_warning (core/variant/variant_utility.cpp:1034)
   GDScript backtrace (most recent call first):
       [0] report_budget_overrun (res://core/systems/world/world_perf_probe.gd:100)
       [1] _process (res://core/autoloads/frame_budget_dispatcher.gd:76)
[CodexValidation] reached waypoint 3/6 at (253952.0, 8192.0)
WARNING: [WorldPerf] WARNING: FrameBudget overrun job_id=chunk_manager.streaming_redraw category=visual used_ms=7.62 budget_ms=4.00 over_budget_pct=90.6
   at: push_warning (core/variant/variant_utility.cpp:1034)
   GDScript backtrace (most recent call first):
       [0] report_budget_overrun (res://core/systems/world/world_perf_probe.gd:100)
       [1] _process (res://core/autoloads/frame_budget_dispatcher.gd:76)
WARNING: [WorldPerf] WARNING: FrameBudget overrun job_id=chunk_manager.streaming_redraw category=visual used_ms=11.69 budget_ms=4.00 over_budget_pct=192.3
   at: push_warning (core/variant/variant_utility.cpp:1034)
   GDScript backtrace (most recent call first):
       [0] report_budget_overrun (res://core/systems/world/world_perf_probe.gd:100)
       [1] _process (res://core/autoloads/frame_budget_dispatcher.gd:76)
[FrameBudget] streaming=3.5ms topology=0.0ms visual=3.5ms spawn=0.0ms total=7.0ms/6.0ms chunk_manager.streaming_load=3.5ms(60) building.room_recompute=0.0ms(56) power.balance_recompute=0.0ms(56) chunk_manager.topology_rebuild=0.0ms(56) underground.fog_update=0.0ms(56) chunk_manager.streaming_redraw=3.4ms(56) mountain_shadow.visual_rebuild=0.1ms(29)
WARNING: [WorldPerf] WARNING: FrameBudget overrun job_id=chunk_manager.streaming_redraw category=visual used_ms=21.44 budget_ms=4.00 over_budget_pct=436.0
   at: push_warning (core/variant/variant_utility.cpp:1034)
   GDScript backtrace (most recent call first):
       [0] report_budget_overrun (res://core/systems/world/world_perf_probe.gd:100)
       [1] _process (res://core/autoloads/frame_budget_dispatcher.gd:76)
[WorldPerf] Shadow.edge_cache_compute (62, 3): 182.08 ms
WARNING: [WorldPerf] WARNING: FrameBudget overrun job_id=mountain_shadow.visual_rebuild category=visual used_ms=5.63 budget_ms=1.00 over_budget_pct=463.2
   at: push_warning (core/variant/variant_utility.cpp:1034)
   GDScript backtrace (most recent call first):
       [0] report_budget_overrun (res://core/systems/world/world_perf_probe.gd:100)
       [1] _process (res://core/autoloads/frame_budget_dispatcher.gd:76)
[WorldPerf] PlayerChunk coord=(62, 1) z=0 trigger=entered_chunk loaded=true visible=true state=full_pending phase=done first_pass=true full_ready=false issues=border_fix_pending ages(first=-ms full=-ms border=642ms apply=12597ms converge=642ms) queues(fast=0 urgent=0 near=7 full_near=0 full_far=18) requests(load=false staged=false generating=false) scheduler(step=0.00ms exhausted=false)
[FrameBudget] streaming=3.4ms topology=0.0ms visual=4.7ms spawn=0.0ms total=8.2ms/6.0ms chunk_manager.streaming_load=3.4ms(60) building.room_recompute=0.0ms(57) power.balance_recompute=0.0ms(57) chunk_manager.topology_rebuild=0.0ms(57) underground.fog_update=0.0ms(57) chunk_manager.streaming_redraw=4.5ms(57) mountain_shadow.visual_rebuild=0.2ms(34)
[WorldPerf] PlayerChunk coord=(62, 0) z=0 trigger=entered_chunk loaded=true visible=true state=full_pending phase=done first_pass=true full_ready=false issues=border_fix_pending ages(first=-ms full=-ms border=856ms apply=13136ms converge=856ms) queues(fast=0 urgent=0 near=5 full_near=0 full_far=22) requests(load=false staged=false generating=false) scheduler(step=0.00ms exhausted=false)
WARNING: [WorldPerf] WARNING: FrameBudget overrun job_id=chunk_manager.streaming_load category=streaming used_ms=3.19 budget_ms=3.00 over_budget_pct=6.4
   at: push_warning (core/variant/variant_utility.cpp:1034)
   GDScript backtrace (most recent call first):
       [0] report_budget_overrun (res://core/systems/world/world_perf_probe.gd:100)
       [1] _process (res://core/autoloads/frame_budget_dispatcher.gd:76)
WARNING: [WorldPerf] WARNING: FrameBudget overrun job_id=chunk_manager.streaming_load category=streaming used_ms=12.33 budget_ms=3.00 over_budget_pct=310.9
   at: push_warning (core/variant/variant_utility.cpp:1034)
   GDScript backtrace (most recent call first):
       [0] report_budget_overrun (res://core/systems/world/world_perf_probe.gd:100)
       [1] _process (res://core/autoloads/frame_budget_dispatcher.gd:76)
WARNING: [WorldPerf] WARNING: FrameBudget overrun job_id=chunk_manager.streaming_redraw category=visual used_ms=8.99 budget_ms=4.00 over_budget_pct=124.8
   at: push_warning (core/variant/variant_utility.cpp:1034)
   GDScript backtrace (most recent call first):
       [0] report_budget_overrun (res://core/systems/world/world_perf_probe.gd:100)
       [1] _process (res://core/autoloads/frame_budget_dispatcher.gd:76)
[WorldPerf] FPS: 83.0
[WorldPerf] PlayerChunk coord=(62, -1) z=0 trigger=entered_chunk loaded=true visible=true state=full_pending phase=done first_pass=true full_ready=false issues=border_fix_pending ages(first=-ms full=-ms border=46ms apply=13597ms converge=46ms) queues(fast=0 urgent=0 near=5 full_near=0 full_far=24) requests(load=false staged=false generating=false) scheduler(step=0.00ms exhausted=false)
[FrameBudget] streaming=3.3ms topology=0.0ms visual=3.0ms spawn=0.0ms total=6.3ms/6.0ms chunk_manager.streaming_load=3.3ms(60) building.room_recompute=0.0ms(57) power.balance_recompute=0.0ms(57) chunk_manager.topology_rebuild=0.0ms(57) underground.fog_update=0.0ms(57) chunk_manager.streaming_redraw=2.9ms(57) mountain_shadow.visual_rebuild=0.1ms(34)
[WorldPerf] Shadow.edge_cache_compute (60, 1): 86.87 ms
WARNING: [WorldPerf] WARNING: FrameBudget overrun job_id=mountain_shadow.visual_rebuild category=visual used_ms=2.79 budget_ms=1.00 over_budget_pct=178.8
   at: push_warning (core/variant/variant_utility.cpp:1034)
   GDScript backtrace (most recent call first):
       [0] report_budget_overrun (res://core/systems/world/world_perf_probe.gd:100)
       [1] _process (res://core/autoloads/frame_budget_dispatcher.gd:76)
WARNING: [WorldPerf] WARNING: FrameBudget overrun job_id=chunk_manager.streaming_load category=streaming used_ms=15.03 budget_ms=3.00 over_budget_pct=401.1
   at: push_warning (core/variant/variant_utility.cpp:1034)
   GDScript backtrace (most recent call first):
       [0] report_budget_overrun (res://core/systems/world/world_perf_probe.gd:100)
       [1] _process (res://core/autoloads/frame_budget_dispatcher.gd:76)
[WorldPerf] PlayerChunk coord=(62, -2) z=0 trigger=entered_chunk loaded=true visible=true state=full_pending phase=done first_pass=true full_ready=false issues=border_fix_pending ages(first=-ms full=-ms border=304ms apply=14020ms converge=304ms) queues(fast=0 urgent=0 near=6 full_near=0 full_far=26) requests(load=false staged=false generating=false) scheduler(step=0.00ms exhausted=false)
[FrameBudget] streaming=3.5ms topology=0.0ms visual=3.3ms spawn=0.0ms total=6.8ms/6.0ms chunk_manager.streaming_load=3.5ms(60) building.room_recompute=0.0ms(56) power.balance_recompute=0.0ms(56) chunk_manager.topology_rebuild=0.0ms(56) underground.fog_update=0.0ms(56) chunk_manager.streaming_redraw=3.1ms(56) mountain_shadow.visual_rebuild=0.1ms(26)
[WorldPerf] === Frame Summary (300 frames) ===
[WorldPerf] Frame time: avg=11.4 ms, p99=44.8 ms, hitches=7
[WorldPerf] Frame budget: dispatcher=7.4ms streaming=0.0ms streaming_load=3.5ms streaming_redraw=0.0ms topology=0.0ms building=0.0ms power=0.0ms visual=0.0ms shadow=5.3ms spawn=0.0ms total=16.3ms/6.0ms
[WorldPerf] Observability: Scheduler.urgent_visual_wait_ms=2.7ms, scheduler.max_urgent_wait_ms=2.7ms
[WorldPerf] Shadow.edge_cache_compute (60, 2): 187.74 ms
WARNING: [WorldPerf] WARNING: FrameBudget overrun job_id=chunk_manager.streaming_redraw category=visual used_ms=4.34 budget_ms=4.00 over_budget_pct=8.5
   at: push_warning (core/variant/variant_utility.cpp:1034)
   GDScript backtrace (most recent call first):
       [0] report_budget_overrun (res://core/systems/world/world_perf_probe.gd:100)
       [1] _process (res://core/autoloads/frame_budget_dispatcher.gd:76)
[CodexValidation] reached waypoint 4/6 at (253952.0, -8192.0)
WARNING: [WorldPerf] WARNING: FrameBudget overrun job_id=chunk_manager.streaming_redraw category=visual used_ms=5.52 budget_ms=4.00 over_budget_pct=38.1
   at: push_warning (core/variant/variant_utility.cpp:1034)
   GDScript backtrace (most recent call first):
       [0] report_budget_overrun (res://core/systems/world/world_perf_probe.gd:100)
       [1] _process (res://core/autoloads/frame_budget_dispatcher.gd:76)
WARNING: [WorldPerf] WARNING: FrameBudget overrun job_id=chunk_manager.streaming_redraw category=visual used_ms=8.44 budget_ms=4.00 over_budget_pct=111.0
   at: push_warning (core/variant/variant_utility.cpp:1034)
   GDScript backtrace (most recent call first):
       [0] report_budget_overrun (res://core/systems/world/world_perf_probe.gd:100)
       [1] _process (res://core/autoloads/frame_budget_dispatcher.gd:76)
WARNING: [WorldPerf] WARNING: FrameBudget overrun job_id=mountain_shadow.visual_rebuild category=visual used_ms=4.74 budget_ms=1.00 over_budget_pct=373.5
   at: push_warning (core/variant/variant_utility.cpp:1034)
   GDScript backtrace (most recent call first):
       [0] report_budget_overrun (res://core/systems/world/world_perf_probe.gd:100)
       [1] _process (res://core/autoloads/frame_budget_dispatcher.gd:76)
[FrameBudget] streaming=3.4ms topology=0.0ms visual=3.7ms spawn=0.0ms total=7.1ms/6.0ms chunk_manager.streaming_load=3.4ms(60) building.room_recompute=0.0ms(56) power.balance_recompute=0.0ms(56) chunk_manager.topology_rebuild=0.0ms(56) underground.fog_update=0.0ms(56) chunk_manager.streaming_redraw=3.5ms(56) mountain_shadow.visual_rebuild=0.2ms(25)
WARNING: [WorldPerf] WARNING: FrameBudget overrun job_id=chunk_manager.streaming_load category=streaming used_ms=10.48 budget_ms=3.00 over_budget_pct=249.4
   at: push_warning (core/variant/variant_utility.cpp:1034)
   GDScript backtrace (most recent call first):
       [0] report_budget_overrun (res://core/systems/world/world_perf_probe.gd:100)
       [1] _process (res://core/autoloads/frame_budget_dispatcher.gd:76)
WARNING: [WorldPerf] WARNING: FrameBudget overrun job_id=chunk_manager.topology_rebuild category=topology used_ms=4.02 budget_ms=2.00 over_budget_pct=100.9
   at: push_warning (core/variant/variant_utility.cpp:1034)
   GDScript backtrace (most recent call first):
       [0] report_budget_overrun (res://core/systems/world/world_perf_probe.gd:100)
       [1] _process (res://core/autoloads/frame_budget_dispatcher.gd:76)
[WorldPerf] PlayerChunk coord=(63, -2) z=0 trigger=entered_chunk loaded=true visible=true state=full_pending phase=done first_pass=true full_ready=false issues=border_fix_pending ages(first=-ms full=-ms border=986ms apply=15390ms converge=986ms) queues(fast=0 urgent=0 near=11 full_near=0 full_far=31) requests(load=false staged=false generating=false) scheduler(step=0.00ms exhausted=false)
[FrameBudget] streaming=2.9ms topology=0.1ms visual=4.4ms spawn=0.0ms total=7.4ms/6.0ms chunk_manager.streaming_load=2.9ms(60) building.room_recompute=0.0ms(56) power.balance_recompute=0.0ms(56) chunk_manager.topology_rebuild=0.1ms(56) underground.fog_update=0.0ms(56) chunk_manager.streaming_redraw=4.2ms(56) mountain_shadow.visual_rebuild=0.2ms(18)
[WorldPerf] Shadow.edge_cache_compute (0, -3): 91.75 ms
[WorldPerf] PlayerChunk coord=(0, -2) z=0 trigger=entered_chunk loaded=true visible=true state=full_pending phase=done first_pass=true full_ready=false issues=border_fix_pending ages(first=-ms full=-ms border=1277ms apply=15933ms converge=1277ms) queues(fast=0 urgent=0 near=8 full_near=0 full_far=36) requests(load=false staged=false generating=false) scheduler(step=0.00ms exhausted=false)
WARNING: [WorldPerf] WARNING: FrameBudget overrun job_id=chunk_manager.streaming_redraw category=visual used_ms=4.09 budget_ms=4.00 over_budget_pct=2.2
   at: push_warning (core/variant/variant_utility.cpp:1034)
   GDScript backtrace (most recent call first):
       [0] report_budget_overrun (res://core/systems/world/world_perf_probe.gd:100)
       [1] _process (res://core/autoloads/frame_budget_dispatcher.gd:76)
WARNING: [WorldPerf] WARNING: FrameBudget overrun job_id=chunk_manager.streaming_redraw category=visual used_ms=5.86 budget_ms=4.00 over_budget_pct=46.4
   at: push_warning (core/variant/variant_utility.cpp:1034)
   GDScript backtrace (most recent call first):
       [0] report_budget_overrun (res://core/systems/world/world_perf_probe.gd:100)
       [1] _process (res://core/autoloads/frame_budget_dispatcher.gd:76)
WARNING: [WorldPerf] WARNING: FrameBudget overrun job_id=mountain_shadow.visual_rebuild category=visual used_ms=1.13 budget_ms=1.00 over_budget_pct=13.2
   at: push_warning (core/variant/variant_utility.cpp:1034)
   GDScript backtrace (most recent call first):
       [0] report_budget_overrun (res://core/systems/world/world_perf_probe.gd:100)
       [1] _process (res://core/autoloads/frame_budget_dispatcher.gd:76)
[FrameBudget] streaming=2.8ms topology=0.1ms visual=3.4ms spawn=0.0ms total=6.3ms/6.0ms chunk_manager.streaming_load=2.8ms(60) building.room_recompute=0.0ms(58) power.balance_recompute=0.0ms(58) chunk_manager.topology_rebuild=0.1ms(58) underground.fog_update=0.0ms(58) chunk_manager.streaming_redraw=3.1ms(58) mountain_shadow.visual_rebuild=0.3ms(34)
[WorldPerf] stream.chunk_first_pass_ms (62, -3)@z0: 1971.19 ms
WARNING: [WorldPerf] WARNING: FrameBudget overrun job_id=chunk_manager.streaming_load category=streaming used_ms=10.76 budget_ms=3.00 over_budget_pct=258.6
   at: push_warning (core/variant/variant_utility.cpp:1034)
   GDScript backtrace (most recent call first):
       [0] report_budget_overrun (res://core/systems/world/world_perf_probe.gd:100)
       [1] _process (res://core/autoloads/frame_budget_dispatcher.gd:76)
WARNING: [WorldPerf] WARNING: FrameBudget overrun job_id=mountain_shadow.visual_rebuild category=visual used_ms=2.29 budget_ms=1.00 over_budget_pct=128.6
   at: push_warning (core/variant/variant_utility.cpp:1034)
   GDScript backtrace (most recent call first):
       [0] report_budget_overrun (res://core/systems/world/world_perf_probe.gd:100)
       [1] _process (res://core/autoloads/frame_budget_dispatcher.gd:76)
WARNING: [WorldPerf] WARNING: FrameBudget overrun job_id=mountain_shadow.visual_rebuild category=visual used_ms=3.86 budget_ms=1.00 over_budget_pct=285.9
   at: push_warning (core/variant/variant_utility.cpp:1034)
   GDScript backtrace (most recent call first):
       [0] report_budget_overrun (res://core/systems/world/world_perf_probe.gd:100)
       [1] _process (res://core/autoloads/frame_budget_dispatcher.gd:76)
[WorldPerf] PlayerChunk coord=(1, -2) z=0 trigger=entered_chunk loaded=true visible=true state=full_pending phase=done first_pass=true full_ready=false issues=border_fix_pending ages(first=-ms full=-ms border=553ms apply=16402ms converge=553ms) queues(fast=0 urgent=0 near=11 full_near=0 full_far=35) requests(load=false staged=false generating=false) scheduler(step=0.00ms exhausted=false)
[WorldPerf] Shadow.edge_cache_compute (2, -3): 85.07 ms
WARNING: [WorldPerf] WARNING: FrameBudget overrun job_id=mountain_shadow.visual_rebuild category=visual used_ms=6.81 budget_ms=1.00 over_budget_pct=580.8
   at: push_warning (core/variant/variant_utility.cpp:1034)
   GDScript backtrace (most recent call first):
       [0] report_budget_overrun (res://core/systems/world/world_perf_probe.gd:100)
       [1] _process (res://core/autoloads/frame_budget_dispatcher.gd:76)
WARNING: [WorldPerf] WARNING: FrameBudget overrun job_id=chunk_manager.streaming_redraw category=visual used_ms=9.19 budget_ms=4.00 over_budget_pct=129.9
   at: push_warning (core/variant/variant_utility.cpp:1034)
   GDScript backtrace (most recent call first):
       [0] report_budget_overrun (res://core/systems/world/world_perf_probe.gd:100)
       [1] _process (res://core/autoloads/frame_budget_dispatcher.gd:76)
[FrameBudget] streaming=2.3ms topology=0.1ms visual=4.1ms spawn=0.0ms total=6.5ms/6.0ms chunk_manager.streaming_load=2.3ms(60) building.room_recompute=0.0ms(58) power.balance_recompute=0.0ms(58) chunk_manager.topology_rebuild=0.1ms(58) underground.fog_update=0.0ms(58) chunk_manager.streaming_redraw=3.7ms(58) mountain_shadow.visual_rebuild=0.5ms(33)
[CodexValidation] reached waypoint 5/6 at (8192.0, -8192.0)
[WorldPerf] PlayerChunk coord=(2, -2) z=0 trigger=entered_chunk loaded=true visible=true state=full_pending phase=done first_pass=true full_ready=false issues=border_fix_pending ages(first=-ms full=-ms border=7806ms apply=16816ms converge=461ms) queues(fast=1 urgent=0 near=10 full_near=0 full_far=35) requests(load=false staged=false generating=false) scheduler(step=0.00ms exhausted=false)
[WorldPerf] Scheduler.fast_visual_wait_ms: 66.60 ms
[WorldPerf] Shadow.edge_cache_compute (3, -2): 225.01 ms
[WorldPerf] PlayerChunk coord=(1, -2) z=0 trigger=entered_chunk loaded=true visible=true state=full_pending phase=done first_pass=true full_ready=false issues=border_fix_pending ages(first=-ms full=-ms border=1364ms apply=17212ms converge=1364ms) queues(fast=0 urgent=0 near=13 full_near=0 full_far=38) requests(load=false staged=false generating=false) scheduler(step=0.00ms exhausted=false)
WARNING: [WorldPerf] WARNING: FrameBudget overrun job_id=chunk_manager.topology_rebuild category=topology used_ms=7.67 budget_ms=2.00 over_budget_pct=283.6
   at: push_warning (core/variant/variant_utility.cpp:1034)
   GDScript backtrace (most recent call first):
       [0] report_budget_overrun (res://core/systems/world/world_perf_probe.gd:100)
       [1] _process (res://core/autoloads/frame_budget_dispatcher.gd:76)
[WorldPerf] Shadow.edge_cache_compute (3, -3): 92.97 ms
[WorldPerf] Shadow.edge_cache_compute (2, -4): 98.77 ms
[FrameBudget] streaming=2.4ms topology=0.2ms visual=4.5ms spawn=0.0ms total=7.0ms/6.0ms chunk_manager.streaming_load=2.4ms(60) building.room_recompute=0.0ms(57) power.balance_recompute=0.0ms(57) chunk_manager.topology_rebuild=0.1ms(57) underground.fog_update=0.0ms(56) chunk_manager.streaming_redraw=3.7ms(56) mountain_shadow.visual_rebuild=0.7ms(30)
[WorldPerf] === Frame Summary (300 frames) ===
[WorldPerf] Frame time: avg=10.1 ms, p99=31.9 ms, hitches=4
[WorldPerf] Frame budget: dispatcher=7.0ms streaming=0.0ms streaming_load=2.8ms streaming_redraw=0.0ms topology=0.1ms building=0.0ms power=0.0ms visual=0.0ms shadow=7.0ms spawn=0.0ms total=16.9ms/6.0ms
[WorldPerf] Observability: Scheduler.urgent_visual_wait_ms=66.6ms, scheduler.max_urgent_wait_ms=66.6ms
WARNING: [WorldPerf] WARNING: FrameBudget overrun job_id=chunk_manager.streaming_redraw category=visual used_ms=11.81 budget_ms=4.00 over_budget_pct=195.1
   at: push_warning (core/variant/variant_utility.cpp:1034)
   GDScript backtrace (most recent call first):
       [0] report_budget_overrun (res://core/systems/world/world_perf_probe.gd:100)
       [1] _process (res://core/autoloads/frame_budget_dispatcher.gd:76)
[WorldPerf] Shadow.edge_cache_compute (4, -2): 147.07 ms
WARNING: [WorldPerf] WARNING: FrameBudget overrun job_id=mountain_shadow.visual_rebuild category=visual used_ms=1.51 budget_ms=1.00 over_budget_pct=50.7
   at: push_warning (core/variant/variant_utility.cpp:1034)
   GDScript backtrace (most recent call first):
       [0] report_budget_overrun (res://core/systems/world/world_perf_probe.gd:100)
       [1] _process (res://core/autoloads/frame_budget_dispatcher.gd:76)
WARNING: [WorldPerf] WARNING: FrameBudget overrun job_id=mountain_shadow.visual_rebuild category=visual used_ms=3.42 budget_ms=1.00 over_budget_pct=242.1
   at: push_warning (core/variant/variant_utility.cpp:1034)
   GDScript backtrace (most recent call first):
       [0] report_budget_overrun (res://core/systems/world/world_perf_probe.gd:100)
       [1] _process (res://core/autoloads/frame_budget_dispatcher.gd:76)
[WorldPerf] Shadow.edge_cache_compute (4, -1): 71.97 ms
[FrameBudget] streaming=0.0ms topology=0.0ms visual=5.0ms spawn=0.0ms total=5.1ms/6.0ms chunk_manager.streaming_load=0.0ms(60) building.room_recompute=0.0ms(60) power.balance_recompute=0.0ms(60) chunk_manager.topology_rebuild=0.0ms(60) underground.fog_update=0.0ms(60) chunk_manager.streaming_redraw=4.5ms(60) mountain_shadow.visual_rebuild=0.5ms(52)
[WorldPerf] Shadow.edge_cache_compute (4, 0): 128.05 ms
[WorldPerf] PlayerChunk coord=(0, -1) z=0 trigger=scheduler loaded=true visible=true state=full_ready phase=done first_pass=true full_ready=true issues=healthy ages(first=-ms full=-ms border=-ms apply=23483ms converge=10089ms) queues(fast=0 urgent=0 near=4 full_near=1 full_far=46) requests(load=false staged=false generating=false) scheduler(step=0.91ms exhausted=false)
WARNING: [WorldPerf] WARNING: FrameBudget overrun job_id=chunk_manager.streaming_redraw category=visual used_ms=22.41 budget_ms=4.00 over_budget_pct=460.1
   at: push_warning (core/variant/variant_utility.cpp:1034)
   GDScript backtrace (most recent call first):
       [0] report_budget_overrun (res://core/systems/world/world_perf_probe.gd:100)
       [1] _process (res://core/autoloads/frame_budget_dispatcher.gd:76)
[WorldPerf] stream.chunk_border_fix_ms (2, 1)@z0: 9637.01 ms
[WorldPerf] stream.chunk_full_redraw_ms (2, 1)@z0: 9637.13 ms
[WorldPerf] stream.chunk_border_fix_ms (2, 0)@z0: 9643.20 ms
[WorldPerf] stream.chunk_full_redraw_ms (2, 0)@z0: 1908.05 ms
[WorldPerf] stream.chunk_border_fix_ms (0, -2)@z0: 3848.16 ms
[WorldPerf] stream.chunk_full_redraw_ms (0, -2)@z0: 3848.30 ms
[WorldPerf] stream.chunk_border_fix_ms (1, -2)@z0: 2617.28 ms
[WorldPerf] stream.chunk_full_redraw_ms (1, -2)@z0: 2617.37 ms
[WorldPerf] stream.chunk_border_fix_ms (2, -1)@z0: 9728.07 ms
[WorldPerf] stream.chunk_full_redraw_ms (2, -1)@z0: 2023.84 ms
[WorldPerf] stream.chunk_border_fix_ms (63, -2)@z0: 4065.42 ms
[WorldPerf] stream.chunk_full_redraw_ms (63, -2)@z0: 4065.55 ms
[WorldPerf] stream.chunk_border_fix_ms (62, 0)@z0: 6213.75 ms
[WorldPerf] stream.chunk_full_redraw_ms (62, 0)@z0: 6213.85 ms
[WorldPerf] stream.chunk_border_fix_ms (62, -1)@z0: 4902.24 ms
[WorldPerf] stream.chunk_full_redraw_ms (62, -1)@z0: 4902.34 ms
[WorldPerf] FPS: 115.0
[WorldPerf] stream.chunk_border_fix_ms (62, 1)@z0: 6486.97 ms
[WorldPerf] stream.chunk_full_redraw_ms (62, 1)@z0: 6487.10 ms
[FrameBudget] streaming=0.0ms topology=0.0ms visual=7.8ms spawn=0.0ms total=7.9ms/6.0ms chunk_manager.streaming_load=0.0ms(60) building.room_recompute=0.0ms(60) power.balance_recompute=0.0ms(60) chunk_manager.topology_rebuild=0.0ms(60) underground.fog_update=0.0ms(60) chunk_manager.streaming_redraw=7.6ms(60) mountain_shadow.visual_rebuild=0.2ms(44)
[CodexValidation] reached waypoint 6/6 at (0.0, 0.0)
[WorldPerf] PlayerChunk coord=(0, 0) z=0 trigger=scheduler loaded=true visible=true state=full_ready phase=done first_pass=true full_ready=true issues=healthy ages(first=-ms full=-ms border=-ms apply=24219ms converge=10805ms) queues(fast=0 urgent=0 near=0 full_near=0 full_far=49) requests(load=false staged=false generating=false) scheduler(step=15.97ms exhausted=true)
[WorldPerf] stream.chunk_border_fix_ms (2, -2)@z0: 9627.32 ms
[WorldPerf] stream.chunk_full_redraw_ms (2, -2)@z0: 2282.47 ms
[WorldPerf] stream.chunk_border_fix_ms (62, -2)@z0: 4901.63 ms
[WorldPerf] stream.chunk_full_redraw_ms (62, -2)@z0: 4507.69 ms
WARNING: [WorldPerf] WARNING: FrameBudget overrun job_id=chunk_manager.streaming_redraw category=visual used_ms=16.58 budget_ms=4.00 over_budget_pct=314.6
   at: push_warning (core/variant/variant_utility.cpp:1034)
   GDScript backtrace (most recent call first):
       [0] report_budget_overrun (res://core/systems/world/world_perf_probe.gd:100)
       [1] _process (res://core/autoloads/frame_budget_dispatcher.gd:76)
WARNING: [WorldPerf] WARNING: FrameBudget overrun job_id=chunk_manager.streaming_redraw category=visual used_ms=18.58 budget_ms=4.00 over_budget_pct=364.6
   at: push_warning (core/variant/variant_utility.cpp:1034)
   GDScript backtrace (most recent call first):
       [0] report_budget_overrun (res://core/systems/world/world_perf_probe.gd:100)
       [1] _process (res://core/autoloads/frame_budget_dispatcher.gd:76)
[WorldPerf] stream.chunk_border_fix_ms (1, 2)@z0: 8763.57 ms
[WorldPerf] stream.chunk_full_redraw_ms (1, 2)@z0: 8763.70 ms
[WorldPerf] stream.chunk_border_fix_ms (0, 2)@z0: 8568.42 ms
[WorldPerf] stream.chunk_full_redraw_ms (0, 2)@z0: 8568.50 ms
[WorldPerf] stream.chunk_border_fix_ms (63, 2)@z0: 7774.55 ms
[WorldPerf] stream.chunk_full_redraw_ms (63, 2)@z0: 7774.64 ms
[CodexValidation] route complete: preset=seam_cross reached=6/6 draining_background_work=true
[WorldPerf] stream.chunk_border_fix_ms (2, 2)@z0: 10037.80 ms
[WorldPerf] stream.chunk_full_redraw_ms (2, 2)@z0: 9203.29 ms
[WorldPerf] stream.chunk_border_fix_ms (62, 2)@z0: 7576.07 ms
[WorldPerf] stream.chunk_full_redraw_ms (62, 2)@z0: 7375.95 ms
[FrameBudget] streaming=0.0ms topology=0.0ms visual=11.3ms spawn=0.0ms total=11.3ms/6.0ms chunk_manager.streaming_load=0.0ms(60) building.room_recompute=0.0ms(60) power.balance_recompute=0.0ms(60) chunk_manager.topology_rebuild=0.0ms(60) underground.fog_update=0.0ms(60) chunk_manager.streaming_redraw=11.2ms(60) mountain_shadow.visual_rebuild=0.1ms(23)
WARNING: [WorldPerf] WARNING: FrameBudget overrun job_id=mountain_shadow.visual_rebuild category=visual used_ms=1.47 budget_ms=1.00 over_budget_pct=47.3
   at: push_warning (core/variant/variant_utility.cpp:1034)
   GDScript backtrace (most recent call first):
       [0] report_budget_overrun (res://core/systems/world/world_perf_probe.gd:100)
       [1] _process (res://core/autoloads/frame_budget_dispatcher.gd:76)
[FrameBudget] streaming=0.0ms topology=0.0ms visual=5.3ms spawn=0.0ms total=5.3ms/6.0ms chunk_manager.streaming_load=0.0ms(60) building.room_recompute=0.0ms(60) power.balance_recompute=0.0ms(60) chunk_manager.topology_rebuild=0.0ms(60) underground.fog_update=0.0ms(60) chunk_manager.streaming_redraw=5.0ms(60) mountain_shadow.visual_rebuild=0.3ms(52)
WARNING: [WorldPerf] WARNING: FrameBudget overrun job_id=chunk_manager.streaming_redraw category=visual used_ms=4.85 budget_ms=4.00 over_budget_pct=21.2
   at: push_warning (core/variant/variant_utility.cpp:1034)
   GDScript backtrace (most recent call first):
       [0] report_budget_overrun (res://core/systems/world/world_perf_probe.gd:100)
       [1] _process (res://core/autoloads/frame_budget_dispatcher.gd:76)
[FrameBudget] streaming=0.0ms topology=0.0ms visual=4.8ms spawn=0.0ms total=4.9ms/6.0ms chunk_manager.streaming_load=0.0ms(60) building.room_recompute=0.0ms(60) power.balance_recompute=0.0ms(60) chunk_manager.topology_rebuild=0.0ms(60) underground.fog_update=0.0ms(60) chunk_manager.streaming_redraw=4.5ms(60) mountain_shadow.visual_rebuild=0.3ms(60)
[WorldPerf] === Frame Summary (300 frames) ===
[WorldPerf] Frame time: avg=9.0 ms, p99=32.2 ms, hitches=5
[WorldPerf] Frame budget: dispatcher=7.0ms streaming=0.0ms streaming_load=0.0ms streaming_redraw=0.0ms topology=0.0ms building=0.0ms power=0.0ms visual=0.0ms shadow=8.3ms spawn=0.0ms total=15.4ms/6.0ms
[CodexValidation] route drain complete; preset=seam_cross reached=6/6 redraw_backlog=false
WARNING: ObjectDB instances leaked at exit (run with --verbose for details).
   at: cleanup (core/object/object.cpp:2641)
ERROR: 16 resources still in use at exit (run with --verbose for details).
   at: clear (core/io/resource.cpp:810)
