Godot Engine v4.6.1.stable.official.14d19694e - https://godotengine.org

[WorldPerf] Startup.start_to_loading_screen_visible_ms: 14.14 ms
[WorldPerf] WorldPrePass.compute.sample_height_grid: 145.05 ms
[FrameBudget] streaming=0.0ms topology=0.0ms visual=0.0ms spawn=0.0ms total=0.0ms/6.0ms building.room_recompute=0.0ms(60) power.balance_recompute=0.0ms(60)
[WorldPerf] WorldPrePass.compute.spine_seeds: 411.90 ms
[WorldPerf] WorldPrePass.compute.ridge_graph: 44.77 ms
[WorldPerf] WorldPrePass.compute.ridge_strength_grid.native_total: 0.81 ms
[WorldPerf] WorldPrePass.compute.mountain_mass_grid: 25.34 ms
[FrameBudget] streaming=0.0ms topology=0.0ms visual=0.0ms spawn=0.0ms total=0.0ms/6.0ms building.room_recompute=0.0ms(60) power.balance_recompute=0.0ms(60)
[FrameBudget] streaming=0.0ms topology=0.0ms visual=0.0ms spawn=0.0ms total=0.0ms/6.0ms building.room_recompute=0.0ms(60) power.balance_recompute=0.0ms(60)
[WorldPerf] WorldPrePass.compute.lake_aware_fill.extract_lake_records: 547.51 ms
[WorldPerf] WorldPrePass.compute.lake_aware_fill: 553.31 ms
[FrameBudget] streaming=0.0ms topology=0.0ms visual=0.0ms spawn=0.0ms total=0.0ms/6.0ms building.room_recompute=0.0ms(60) power.balance_recompute=0.0ms(60)
[WorldPerf] WorldPrePass.compute.flow_directions: 651.93 ms
[FrameBudget] streaming=0.0ms topology=0.0ms visual=0.0ms spawn=0.0ms total=0.0ms/6.0ms building.room_recompute=0.0ms(60) power.balance_recompute=0.0ms(60)
[WorldPerf] === Frame Summary (300 frames) ===
[WorldPerf] Frame time: avg=7.4 ms, p99=6.9 ms, hitches=1
[WorldPerf] Frame budget: dispatcher=0.1ms streaming=0.0ms streaming_load=0.0ms streaming_redraw=0.0ms topology=0.0ms building=0.0ms power=0.0ms visual=0.0ms shadow=0.0ms spawn=0.0ms total=0.1ms/6.0ms
[WorldPerf] Observability: Startup.loading_screen_visible=0.0ms, Startup.start_pressed=0.0ms, Startup.start_to_loading_screen_visible_ms=14.1ms
[FrameBudget] streaming=0.0ms topology=0.0ms visual=0.0ms spawn=0.0ms total=0.0ms/6.0ms building.room_recompute=0.0ms(60) power.balance_recompute=0.0ms(60)
[WorldPerf] WorldPrePass.compute.flow_accumulation: 854.54 ms
[WorldPerf] WorldPrePass.compute.floodplain_strength: 11.35 ms
[FrameBudget] streaming=0.0ms topology=0.0ms visual=0.0ms spawn=0.0ms total=0.0ms/6.0ms building.room_recompute=0.0ms(60) power.balance_recompute=0.0ms(60)
[WorldPerf] WorldPrePass.compute.erosion_proxy: 307.25 ms
[FrameBudget] streaming=0.0ms topology=0.0ms visual=0.0ms spawn=0.0ms total=0.0ms/6.0ms building.room_recompute=0.0ms(60) power.balance_recompute=0.0ms(60)
[WorldPerf] WorldPrePass.compute.slope_grid: 397.47 ms
[FrameBudget] streaming=0.0ms topology=0.0ms visual=0.0ms spawn=0.0ms total=0.0ms/6.0ms building.room_recompute=0.0ms(60) power.balance_recompute=0.0ms(60)
[FrameBudget] streaming=0.0ms topology=0.0ms visual=0.0ms spawn=0.0ms total=0.0ms/6.0ms building.room_recompute=0.0ms(60) power.balance_recompute=0.0ms(60)
[WorldPerf] === Frame Summary (300 frames) ===
[WorldPerf] Frame time: avg=6.9 ms, p99=6.9 ms, hitches=0
[WorldPerf] Frame budget: dispatcher=0.1ms streaming=0.0ms streaming_load=0.0ms streaming_redraw=0.0ms topology=0.0ms building=0.0ms power=0.0ms visual=0.0ms shadow=0.0ms spawn=0.0ms total=0.1ms/6.0ms
[WorldPerf] WorldPrePass.compute.rain_shadow: 995.94 ms
[WorldPerf] WorldPrePass.compute.continentalness.seed_water_sources: 27.11 ms
[WorldPerf] WorldPrePass.compute.continentalness: 37.25 ms
[WorldPerf] WorldGenerator._setup_world_pre_pass.configure: 58.65 ms
[WorldPerf] WorldGenerator._setup_world_pre_pass.compute: 4455.65 ms
[WorldPerf] WorldGenerator.initialize_world.setup_world_pre_pass: 4514.30 ms
[WorldGenerator] Native ChunkGenerator initialized (6 biomes, 5 flora sets, 1 decor sets)
[WorldPerf] WorldGenerator.complete_pending_initialize_world.pending_age_ms: 4520.13 ms
[WorldPerf] _init_world_generator: 4522.68 ms
[CodexValidation] runtime validation driver enabled; route_preset=seam_cross
[WorldPerf] GameWorld._setup_after_loading_screen: 4619.55 ms
[ChunkTilesetFactory] rock_atlas=240, wall_base=47, variants=5
[ChunkTilesetFactory] ground_faces: start=259 count=47
[ChunkTilesetFactory] rock_atlas=240, wall_base=47, variants=5
[ChunkTilesetFactory] ground_faces: start=259 count=47
[ChunkTilesetFactory] rock_atlas=240, wall_base=47, variants=5
[ChunkTilesetFactory] ground_faces: start=259 count=47
[ChunkTilesetFactory] rock_atlas=240, wall_base=47, variants=5
[ChunkTilesetFactory] ground_faces: start=259 count=47
[ChunkTilesetFactory] rock_atlas=240, wall_base=47, variants=5
[ChunkTilesetFactory] ground_faces: start=259 count=47
[ChunkTilesetFactory] rock_atlas=240, wall_base=47, variants=5
[ChunkTilesetFactory] ground_faces: start=259 count=47
[ChunkTilesetFactory] rock_atlas=240, wall_base=47, variants=5
[ChunkTilesetFactory] ground_faces: start=259 count=47
[WorldPerf] PlayerChunk coord=(0, 0) z=0 trigger=entered_chunk loaded=false visible=false state=not_loaded phase=none first_pass=false full_ready=false issues=not_loaded,load_queued,first_pass_not_ready ages(first=-ms full=-ms border=-ms apply=-ms converge=-ms) queues(fast=0 urgent=0 near=0 full_near=0 full_far=0) requests(load=true staged=false generating=false) scheduler(step=0.00ms exhausted=false)
[WorldPerf] PlayerChunk coord=(0, 0) z=0 trigger=scheduler loaded=false visible=false state=not_loaded phase=none first_pass=false full_ready=false issues=not_loaded,generating,first_pass_not_ready ages(first=-ms full=-ms border=-ms apply=-ms converge=-ms) queues(fast=0 urgent=0 near=0 full_near=0 full_far=0) requests(load=false staged=false generating=true) scheduler(step=0.01ms exhausted=false)
[FrameBudget] streaming=0.1ms topology=0.0ms visual=0.0ms spawn=0.0ms total=0.1ms/6.0ms building.room_recompute=0.0ms(60) power.balance_recompute=0.0ms(60) chunk_manager.streaming_load=0.1ms(3) chunk_manager.topology_rebuild=0.0ms(3) underground.fog_update=0.0ms(3) chunk_manager.streaming_redraw=0.0ms(3) mountain_shadow.visual_rebuild=0.0ms(3)
[FrameBudget] streaming=0.0ms topology=0.0ms visual=0.0ms spawn=0.0ms total=0.0ms/6.0ms chunk_manager.streaming_load=0.0ms(60) building.room_recompute=0.0ms(60) power.balance_recompute=0.0ms(60) chunk_manager.topology_rebuild=0.0ms(60) underground.fog_update=0.0ms(60) chunk_manager.streaming_redraw=0.0ms(60) mountain_shadow.visual_rebuild=0.0ms(60)
[FrameBudget] streaming=0.0ms topology=0.0ms visual=0.1ms spawn=0.0ms total=0.1ms/6.0ms chunk_manager.streaming_load=0.0ms(60) building.room_recompute=0.0ms(60) power.balance_recompute=0.0ms(60) chunk_manager.topology_rebuild=0.0ms(60) underground.fog_update=0.0ms(60) chunk_manager.streaming_redraw=0.0ms(60) mountain_shadow.visual_rebuild=0.1ms(60)
[WorldPerf] Shadow.edge_cache_compute (0, 0): 300.68 ms
[FrameBudget] streaming=0.0ms topology=0.0ms visual=0.1ms spawn=0.0ms total=0.2ms/6.0ms chunk_manager.streaming_load=0.0ms(60) building.room_recompute=0.0ms(60) power.balance_recompute=0.0ms(60) chunk_manager.topology_rebuild=0.0ms(60) underground.fog_update=0.0ms(60) chunk_manager.streaming_redraw=0.0ms(60) mountain_shadow.visual_rebuild=0.1ms(60)
[WorldPerf] Shadow.edge_cache_compute (0, -1): 241.24 ms
[FrameBudget] streaming=0.0ms topology=0.0ms visual=0.0ms spawn=0.0ms total=0.1ms/6.0ms chunk_manager.streaming_load=0.0ms(60) building.room_recompute=0.0ms(60) power.balance_recompute=0.0ms(60) chunk_manager.topology_rebuild=0.0ms(60) underground.fog_update=0.0ms(60) chunk_manager.streaming_redraw=0.0ms(60) mountain_shadow.visual_rebuild=0.0ms(60)
[WorldPerf] === Frame Summary (300 frames) ===
[WorldPerf] Frame time: avg=7.4 ms, p99=10.8 ms, hitches=1
[WorldPerf] Frame budget: dispatcher=0.2ms streaming=0.0ms streaming_load=0.0ms streaming_redraw=0.0ms topology=0.0ms building=0.0ms power=0.0ms visual=0.0ms shadow=1.9ms spawn=0.0ms total=2.5ms/6.0ms
[WorldPerf] Boot detail: compute=0.0ms apply=0.0ms redraw=0.0ms topology=0.0ms shadow=0.0ms milestones=0 other=0.3ms | peaks: compute=0.0ms apply=3.8ms redraw=0.0ms topology=0.0ms shadow=0.0ms milestones=0.0ms stream_load=3.0ms stream_redraw=1.1ms
WARNING: [WorldPerf] WARNING: FrameBudget overrun job_id=mountain_shadow.visual_rebuild category=visual used_ms=1.18 budget_ms=1.00 over_budget_pct=18.1
   at: push_warning (core/variant/variant_utility.cpp:1034)
   GDScript backtrace (most recent call first):
       [0] report_budget_overrun (res://core/systems/world/world_perf_probe.gd:100)
       [1] _process (res://core/autoloads/frame_budget_dispatcher.gd:76)
[WorldPerf] Shadow.edge_cache_compute (1, -1): 155.63 ms
WARNING: [WorldPerf] WARNING: FrameBudget overrun job_id=mountain_shadow.visual_rebuild category=visual used_ms=2.63 budget_ms=1.00 over_budget_pct=163.0
   at: push_warning (core/variant/variant_utility.cpp:1034)
   GDScript backtrace (most recent call first):
       [0] report_budget_overrun (res://core/systems/world/world_perf_probe.gd:100)
       [1] _process (res://core/autoloads/frame_budget_dispatcher.gd:76)
[FrameBudget] streaming=0.0ms topology=0.0ms visual=0.9ms spawn=0.0ms total=0.9ms/6.0ms chunk_manager.streaming_load=0.0ms(60) building.room_recompute=0.0ms(60) power.balance_recompute=0.0ms(60) chunk_manager.topology_rebuild=0.0ms(60) underground.fog_update=0.0ms(60) chunk_manager.streaming_redraw=0.0ms(60) mountain_shadow.visual_rebuild=0.9ms(60)
[WorldPerf] Shadow.edge_cache_compute (63, -1): 177.75 ms
[FrameBudget] streaming=0.0ms topology=0.0ms visual=0.6ms spawn=0.0ms total=0.7ms/6.0ms chunk_manager.streaming_load=0.0ms(60) building.room_recompute=0.0ms(60) power.balance_recompute=0.0ms(60) chunk_manager.topology_rebuild=0.0ms(60) underground.fog_update=0.0ms(60) chunk_manager.streaming_redraw=0.0ms(60) mountain_shadow.visual_rebuild=0.6ms(60)
[WorldPerf] Shadow.edge_cache_compute (1, 1): 179.54 ms
[FrameBudget] streaming=0.0ms topology=0.0ms visual=0.1ms spawn=0.0ms total=0.1ms/6.0ms chunk_manager.streaming_load=0.0ms(60) building.room_recompute=0.0ms(60) power.balance_recompute=0.0ms(60) chunk_manager.topology_rebuild=0.0ms(60) underground.fog_update=0.0ms(60) chunk_manager.streaming_redraw=0.0ms(60) mountain_shadow.visual_rebuild=0.1ms(60)
[FrameBudget] streaming=0.0ms topology=0.0ms visual=0.0ms spawn=0.0ms total=0.1ms/6.0ms chunk_manager.streaming_load=0.0ms(60) building.room_recompute=0.0ms(60) power.balance_recompute=0.0ms(60) chunk_manager.topology_rebuild=0.0ms(60) underground.fog_update=0.0ms(60) chunk_manager.streaming_redraw=0.0ms(60) mountain_shadow.visual_rebuild=0.0ms(60)
[FrameBudget] streaming=0.0ms topology=0.0ms visual=0.1ms spawn=0.0ms total=0.1ms/6.0ms chunk_manager.streaming_load=0.0ms(60) building.room_recompute=0.0ms(60) power.balance_recompute=0.0ms(60) chunk_manager.topology_rebuild=0.0ms(60) underground.fog_update=0.0ms(60) chunk_manager.streaming_redraw=0.0ms(60) mountain_shadow.visual_rebuild=0.0ms(60)
[WorldPerf] === Frame Summary (300 frames) ===
[WorldPerf] Frame time: avg=7.0 ms, p99=7.4 ms, hitches=0
[WorldPerf] Frame budget: dispatcher=0.5ms streaming=0.0ms streaming_load=0.0ms streaming_redraw=0.0ms topology=0.0ms building=0.0ms power=0.0ms visual=0.0ms shadow=2.4ms spawn=0.0ms total=3.6ms/6.0ms
[WorldPerf] Boot detail: compute=0.0ms apply=0.0ms redraw=0.0ms topology=0.0ms shadow=0.0ms milestones=0 other=0.6ms | peaks: compute=0.0ms apply=2.6ms redraw=0.0ms topology=0.0ms shadow=0.0ms milestones=0.0ms stream_load=0.0ms stream_redraw=1.1ms
[FrameBudget] streaming=0.0ms topology=0.0ms visual=0.0ms spawn=0.0ms total=0.0ms/6.0ms chunk_manager.streaming_load=0.0ms(60) building.room_recompute=0.0ms(60) power.balance_recompute=0.0ms(60) chunk_manager.topology_rebuild=0.0ms(60) underground.fog_update=0.0ms(60) chunk_manager.streaming_redraw=0.0ms(60) mountain_shadow.visual_rebuild=0.0ms(60)
[FrameBudget] streaming=0.0ms topology=0.0ms visual=0.0ms spawn=0.0ms total=0.0ms/6.0ms chunk_manager.streaming_load=0.0ms(60) building.room_recompute=0.0ms(60) power.balance_recompute=0.0ms(60) chunk_manager.topology_rebuild=0.0ms(60) underground.fog_update=0.0ms(60) chunk_manager.streaming_redraw=0.0ms(60) mountain_shadow.visual_rebuild=0.0ms(60)
[WorldPerf] FPS: 145.0
[FrameBudget] streaming=0.0ms topology=0.0ms visual=0.0ms spawn=0.0ms total=0.0ms/6.0ms chunk_manager.streaming_load=0.0ms(60) building.room_recompute=0.0ms(60) power.balance_recompute=0.0ms(60) chunk_manager.topology_rebuild=0.0ms(60) underground.fog_update=0.0ms(60) chunk_manager.streaming_redraw=0.0ms(60) mountain_shadow.visual_rebuild=0.0ms(60)
[FrameBudget] streaming=0.0ms topology=0.0ms visual=0.0ms spawn=0.0ms total=0.0ms/6.0ms chunk_manager.streaming_load=0.0ms(60) building.room_recompute=0.0ms(60) power.balance_recompute=0.0ms(60) chunk_manager.topology_rebuild=0.0ms(60) underground.fog_update=0.0ms(60) chunk_manager.streaming_redraw=0.0ms(60) mountain_shadow.visual_rebuild=0.0ms(60)
[WorldPerf] stream.chunk_first_pass_ms (0, 0)@z0: 4731.56 ms
[FrameBudget] streaming=0.0ms topology=0.0ms visual=0.0ms spawn=0.0ms total=0.0ms/6.0ms chunk_manager.streaming_load=0.0ms(60) building.room_recompute=0.0ms(60) power.balance_recompute=0.0ms(60) chunk_manager.topology_rebuild=0.0ms(60) underground.fog_update=0.0ms(60) chunk_manager.streaming_redraw=0.0ms(60) mountain_shadow.visual_rebuild=0.0ms(60)
[WorldPerf] === Frame Summary (300 frames) ===
[WorldPerf] Frame time: avg=7.0 ms, p99=7.1 ms, hitches=0
[WorldPerf] Frame budget: dispatcher=0.2ms streaming=0.0ms streaming_load=0.0ms streaming_redraw=0.0ms topology=0.0ms building=0.0ms power=0.0ms visual=0.0ms shadow=0.0ms spawn=0.0ms total=0.3ms/6.0ms
[WorldPerf] Boot detail: compute=0.0ms apply=0.0ms redraw=0.0ms topology=0.0ms shadow=0.0ms milestones=0 other=0.1ms | peaks: compute=0.0ms apply=0.0ms redraw=0.0ms topology=0.0ms shadow=0.0ms milestones=0.0ms stream_load=0.0ms stream_redraw=1.1ms
[FrameBudget] streaming=0.0ms topology=0.0ms visual=0.0ms spawn=0.0ms total=0.0ms/6.0ms chunk_manager.streaming_load=0.0ms(60) building.room_recompute=0.0ms(60) power.balance_recompute=0.0ms(60) chunk_manager.topology_rebuild=0.0ms(60) underground.fog_update=0.0ms(60) chunk_manager.streaming_redraw=0.0ms(60) mountain_shadow.visual_rebuild=0.0ms(60)
[FrameBudget] streaming=0.0ms topology=0.0ms visual=0.0ms spawn=0.0ms total=0.0ms/6.0ms chunk_manager.streaming_load=0.0ms(60) building.room_recompute=0.0ms(60) power.balance_recompute=0.0ms(60) chunk_manager.topology_rebuild=0.0ms(60) underground.fog_update=0.0ms(60) chunk_manager.streaming_redraw=0.0ms(60) mountain_shadow.visual_rebuild=0.0ms(60)
[FrameBudget] streaming=0.0ms topology=0.0ms visual=0.0ms spawn=0.0ms total=0.0ms/6.0ms chunk_manager.streaming_load=0.0ms(60) building.room_recompute=0.0ms(60) power.balance_recompute=0.0ms(60) chunk_manager.topology_rebuild=0.0ms(60) underground.fog_update=0.0ms(60) chunk_manager.streaming_redraw=0.0ms(60) mountain_shadow.visual_rebuild=0.0ms(60)
[WorldPerf] stream.chunk_first_pass_ms (0, -1)@z0: 6467.06 ms
[WorldPerf] stream.chunk_first_pass_ms (1, 0)@z0: 6210.72 ms
[WorldPerf] stream.chunk_first_pass_ms (63, 0)@z0: 6194.97 ms
[FrameBudget] streaming=0.0ms topology=0.0ms visual=0.0ms spawn=0.0ms total=0.0ms/6.0ms chunk_manager.streaming_load=0.0ms(60) building.room_recompute=0.0ms(60) power.balance_recompute=0.0ms(60) chunk_manager.topology_rebuild=0.0ms(60) underground.fog_update=0.0ms(60) chunk_manager.streaming_redraw=0.0ms(60) mountain_shadow.visual_rebuild=0.0ms(60)
[FrameBudget] streaming=0.0ms topology=0.0ms visual=0.0ms spawn=0.0ms total=0.0ms/6.0ms chunk_manager.streaming_load=0.0ms(60) building.room_recompute=0.0ms(60) power.balance_recompute=0.0ms(60) chunk_manager.topology_rebuild=0.0ms(60) underground.fog_update=0.0ms(60) chunk_manager.streaming_redraw=0.0ms(60) mountain_shadow.visual_rebuild=0.0ms(60)
[WorldPerf] === Frame Summary (300 frames) ===
[WorldPerf] Frame time: avg=6.9 ms, p99=6.9 ms, hitches=0
[WorldPerf] Frame budget: dispatcher=0.2ms streaming=0.0ms streaming_load=0.0ms streaming_redraw=0.0ms topology=0.0ms building=0.0ms power=0.0ms visual=0.0ms shadow=0.0ms spawn=0.0ms total=0.2ms/6.0ms
[FrameBudget] streaming=0.0ms topology=0.0ms visual=0.0ms spawn=0.0ms total=0.0ms/6.0ms chunk_manager.streaming_load=0.0ms(60) building.room_recompute=0.0ms(60) power.balance_recompute=0.0ms(60) chunk_manager.topology_rebuild=0.0ms(60) underground.fog_update=0.0ms(60) chunk_manager.streaming_redraw=0.0ms(60) mountain_shadow.visual_rebuild=0.0ms(60)
[FrameBudget] streaming=0.0ms topology=0.0ms visual=0.0ms spawn=0.0ms total=0.0ms/6.0ms chunk_manager.streaming_load=0.0ms(60) building.room_recompute=0.0ms(60) power.balance_recompute=0.0ms(60) chunk_manager.topology_rebuild=0.0ms(60) underground.fog_update=0.0ms(60) chunk_manager.streaming_redraw=0.0ms(60) mountain_shadow.visual_rebuild=0.0ms(60)
[WorldPerf] stream.chunk_first_pass_ms (0, 1)@z0: 7393.69 ms
[FrameBudget] streaming=0.0ms topology=0.0ms visual=0.0ms spawn=0.0ms total=0.0ms/6.0ms chunk_manager.streaming_load=0.0ms(60) building.room_recompute=0.0ms(60) power.balance_recompute=0.0ms(60) chunk_manager.topology_rebuild=0.0ms(60) underground.fog_update=0.0ms(60) chunk_manager.streaming_redraw=0.0ms(60) mountain_shadow.visual_rebuild=0.0ms(60)
[FrameBudget] streaming=0.0ms topology=0.0ms visual=0.0ms spawn=0.0ms total=0.0ms/6.0ms chunk_manager.streaming_load=0.0ms(60) building.room_recompute=0.0ms(60) power.balance_recompute=0.0ms(60) chunk_manager.topology_rebuild=0.0ms(60) underground.fog_update=0.0ms(60) chunk_manager.streaming_redraw=0.0ms(60) mountain_shadow.visual_rebuild=0.0ms(60)
[WorldPerf] FPS: 145.0
[FrameBudget] streaming=0.0ms topology=0.0ms visual=0.0ms spawn=0.0ms total=0.0ms/6.0ms chunk_manager.streaming_load=0.0ms(60) building.room_recompute=0.0ms(60) power.balance_recompute=0.0ms(60) chunk_manager.topology_rebuild=0.0ms(60) underground.fog_update=0.0ms(60) chunk_manager.streaming_redraw=0.0ms(60) mountain_shadow.visual_rebuild=0.0ms(60)
[WorldPerf] === Frame Summary (300 frames) ===
[WorldPerf] Frame time: avg=6.9 ms, p99=6.9 ms, hitches=0
[WorldPerf] Frame budget: dispatcher=0.2ms streaming=0.0ms streaming_load=0.0ms streaming_redraw=0.0ms topology=0.0ms building=0.0ms power=0.0ms visual=0.0ms shadow=0.0ms spawn=0.0ms total=0.2ms/6.0ms
[FrameBudget] streaming=0.0ms topology=0.0ms visual=0.0ms spawn=0.0ms total=0.0ms/6.0ms chunk_manager.streaming_load=0.0ms(60) building.room_recompute=0.0ms(60) power.balance_recompute=0.0ms(60) chunk_manager.topology_rebuild=0.0ms(60) underground.fog_update=0.0ms(60) chunk_manager.streaming_redraw=0.0ms(60) mountain_shadow.visual_rebuild=0.0ms(60)
[WorldPerf] stream.chunk_first_pass_ms (1, -1)@z0: 9111.64 ms
[WorldPerf] stream.chunk_first_pass_ms (63, -1)@z0: 8923.35 ms
[WorldPerf] stream.chunk_first_pass_ms (1, 1)@z0: 8854.76 ms
[FrameBudget] streaming=0.0ms topology=0.0ms visual=0.0ms spawn=0.0ms total=0.0ms/6.0ms chunk_manager.streaming_load=0.0ms(60) building.room_recompute=0.0ms(60) power.balance_recompute=0.0ms(60) chunk_manager.topology_rebuild=0.0ms(60) underground.fog_update=0.0ms(60) chunk_manager.streaming_redraw=0.0ms(60) mountain_shadow.visual_rebuild=0.0ms(60)
[FrameBudget] streaming=0.0ms topology=0.0ms visual=0.0ms spawn=0.0ms total=0.0ms/6.0ms chunk_manager.streaming_load=0.0ms(60) building.room_recompute=0.0ms(60) power.balance_recompute=0.0ms(60) chunk_manager.topology_rebuild=0.0ms(60) underground.fog_update=0.0ms(60) chunk_manager.streaming_redraw=0.0ms(60) mountain_shadow.visual_rebuild=0.0ms(60)
[FrameBudget] streaming=0.0ms topology=0.0ms visual=0.0ms spawn=0.0ms total=0.0ms/6.0ms chunk_manager.streaming_load=0.0ms(60) building.room_recompute=0.0ms(60) power.balance_recompute=0.0ms(60) chunk_manager.topology_rebuild=0.0ms(60) underground.fog_update=0.0ms(60) chunk_manager.streaming_redraw=0.0ms(60) mountain_shadow.visual_rebuild=0.0ms(60)
[FrameBudget] streaming=0.0ms topology=0.0ms visual=0.0ms spawn=0.0ms total=0.0ms/6.0ms chunk_manager.streaming_load=0.0ms(60) building.room_recompute=0.0ms(60) power.balance_recompute=0.0ms(60) chunk_manager.topology_rebuild=0.0ms(60) underground.fog_update=0.0ms(60) chunk_manager.streaming_redraw=0.0ms(60) mountain_shadow.visual_rebuild=0.0ms(60)
[WorldPerf] === Frame Summary (300 frames) ===
[WorldPerf] Frame time: avg=6.9 ms, p99=6.9 ms, hitches=0
[WorldPerf] Frame budget: dispatcher=0.1ms streaming=0.0ms streaming_load=0.0ms streaming_redraw=0.0ms topology=0.0ms building=0.0ms power=0.0ms visual=0.0ms shadow=0.0ms spawn=0.0ms total=0.2ms/6.0ms
[WorldPerf] stream.chunk_first_pass_ms (63, 1)@z0: 10359.39 ms
[WorldPerf] stream.chunk_full_redraw_ms (0, 0)@z0: 11639.69 ms
[WorldPerf] stream.chunk_full_redraw_ms (0, -1)@z0: 11671.54 ms
[WorldPerf] stream.chunk_full_redraw_ms (1, 0)@z0: 11397.97 ms
[FrameBudget] streaming=0.0ms topology=0.0ms visual=0.0ms spawn=0.0ms total=0.0ms/6.0ms chunk_manager.streaming_load=0.0ms(60) building.room_recompute=0.0ms(60) power.balance_recompute=0.0ms(60) chunk_manager.topology_rebuild=0.0ms(60) underground.fog_update=0.0ms(60) chunk_manager.streaming_redraw=0.0ms(60) mountain_shadow.visual_rebuild=0.0ms(60)
[FrameBudget] streaming=0.0ms topology=0.0ms visual=0.0ms spawn=0.0ms total=0.0ms/6.0ms chunk_manager.streaming_load=0.0ms(60) building.room_recompute=0.0ms(60) power.balance_recompute=0.0ms(60) chunk_manager.topology_rebuild=0.0ms(60) underground.fog_update=0.0ms(60) chunk_manager.streaming_redraw=0.0ms(60) mountain_shadow.visual_rebuild=0.0ms(60)
[FrameBudget] streaming=0.0ms topology=0.0ms visual=0.0ms spawn=0.0ms total=0.0ms/6.0ms chunk_manager.streaming_load=0.0ms(60) building.room_recompute=0.0ms(60) power.balance_recompute=0.0ms(60) chunk_manager.topology_rebuild=0.0ms(60) underground.fog_update=0.0ms(60) chunk_manager.streaming_redraw=0.0ms(60) mountain_shadow.visual_rebuild=0.0ms(60)
[FrameBudget] streaming=0.0ms topology=0.0ms visual=0.0ms spawn=0.0ms total=0.0ms/6.0ms chunk_manager.streaming_load=0.0ms(60) building.room_recompute=0.0ms(60) power.balance_recompute=0.0ms(60) chunk_manager.topology_rebuild=0.0ms(60) underground.fog_update=0.0ms(60) chunk_manager.streaming_redraw=0.0ms(60) mountain_shadow.visual_rebuild=0.0ms(60)
[WorldPerf] stream.chunk_full_redraw_ms (63, 0)@z0: 12921.06 ms
[FrameBudget] streaming=0.0ms topology=0.0ms visual=0.0ms spawn=0.0ms total=0.0ms/6.0ms chunk_manager.streaming_load=0.0ms(60) building.room_recompute=0.0ms(60) power.balance_recompute=0.0ms(60) chunk_manager.topology_rebuild=0.0ms(60) underground.fog_update=0.0ms(60) chunk_manager.streaming_redraw=0.0ms(60) mountain_shadow.visual_rebuild=0.0ms(60)
[WorldPerf] === Frame Summary (300 frames) ===
[WorldPerf] Frame time: avg=6.9 ms, p99=6.9 ms, hitches=0
[WorldPerf] Frame budget: dispatcher=0.1ms streaming=0.0ms streaming_load=0.0ms streaming_redraw=0.0ms topology=0.0ms building=0.0ms power=0.0ms visual=0.0ms shadow=0.0ms spawn=0.0ms total=0.2ms/6.0ms
[WorldPerf] stream.chunk_full_redraw_ms (0, 1)@z0: 12747.02 ms
[WorldPerf] stream.chunk_full_redraw_ms (1, -1)@z0: 12746.92 ms
[WorldPerf] stream.chunk_full_redraw_ms (63, -1)@z0: 12512.89 ms
[FrameBudget] streaming=0.0ms topology=0.0ms visual=0.0ms spawn=0.0ms total=0.0ms/6.0ms chunk_manager.streaming_load=0.0ms(60) building.room_recompute=0.0ms(60) power.balance_recompute=0.0ms(60) chunk_manager.topology_rebuild=0.0ms(60) underground.fog_update=0.0ms(60) chunk_manager.streaming_redraw=0.0ms(60) mountain_shadow.visual_rebuild=0.0ms(60)
[WorldPerf] FPS: 145.0
[FrameBudget] streaming=0.0ms topology=0.0ms visual=0.0ms spawn=0.0ms total=0.0ms/6.0ms chunk_manager.streaming_load=0.0ms(60) building.room_recompute=0.0ms(60) power.balance_recompute=0.0ms(60) chunk_manager.topology_rebuild=0.0ms(60) underground.fog_update=0.0ms(60) chunk_manager.streaming_redraw=0.0ms(60) mountain_shadow.visual_rebuild=0.0ms(60)
[FrameBudget] streaming=0.0ms topology=0.0ms visual=0.0ms spawn=0.0ms total=0.0ms/6.0ms chunk_manager.streaming_load=0.0ms(60) building.room_recompute=0.0ms(60) power.balance_recompute=0.0ms(60) chunk_manager.topology_rebuild=0.0ms(60) underground.fog_update=0.0ms(60) chunk_manager.streaming_redraw=0.0ms(60) mountain_shadow.visual_rebuild=0.0ms(60)
[WorldPerf] stream.chunk_full_redraw_ms (1, 1)@z0: 13970.22 ms
[FrameBudget] streaming=0.0ms topology=0.0ms visual=0.0ms spawn=0.0ms total=0.0ms/6.0ms chunk_manager.streaming_load=0.0ms(60) building.room_recompute=0.0ms(60) power.balance_recompute=0.0ms(60) chunk_manager.topology_rebuild=0.0ms(60) underground.fog_update=0.0ms(60) chunk_manager.streaming_redraw=0.0ms(60) mountain_shadow.visual_rebuild=0.0ms(60)
[WorldPerf] stream.chunk_full_redraw_ms (63, 1)@z0: 14073.32 ms
[Boot] first_playable reached (15955.8 ms) | queue_wait=54136.5ms compute=9342.0ms (25 chunks) apply=17.6ms (9 chunks) redraw=0.0ms
[WorldPerf] Startup.loading_screen_visible_to_startup_bubble_ready_ms: 28044.12 ms
WARNING: [WorldPerf] WARNING: FrameBudget overrun job_id=chunk_manager.streaming_load category=streaming used_ms=6.21 budget_ms=3.00 over_budget_pct=106.9
   at: push_warning (core/variant/variant_utility.cpp:1034)
   GDScript backtrace (most recent call first):
       [0] report_budget_overrun (res://core/systems/world/world_perf_probe.gd:100)
       [1] _process (res://core/autoloads/frame_budget_dispatcher.gd:76)
[WorldPerf] PlayerChunk coord=(0, 0) z=0 trigger=scheduler loaded=true visible=true state=full_ready phase=done first_pass=true full_ready=true issues=healthy ages(first=-ms full=-ms border=-ms apply=15232ms converge=15232ms) queues(fast=0 urgent=0 near=0 full_near=0 full_far=0) requests(load=false staged=false generating=false) scheduler(step=1.69ms exhausted=false)
WARNING: [WorldPerf] WARNING: FrameBudget overrun job_id=mountain_shadow.visual_rebuild category=visual used_ms=1.43 budget_ms=1.00 over_budget_pct=42.7
   at: push_warning (core/variant/variant_utility.cpp:1034)
   GDScript backtrace (most recent call first):
       [0] report_budget_overrun (res://core/systems/world/world_perf_probe.gd:100)
       [1] _process (res://core/autoloads/frame_budget_dispatcher.gd:76)
WARNING: [WorldPerf] WARNING: FrameBudget overrun job_id=mountain_shadow.visual_rebuild category=visual used_ms=2.80 budget_ms=1.00 over_budget_pct=179.8
   at: push_warning (core/variant/variant_utility.cpp:1034)
   GDScript backtrace (most recent call first):
       [0] report_budget_overrun (res://core/systems/world/world_perf_probe.gd:100)
       [1] _process (res://core/autoloads/frame_budget_dispatcher.gd:76)
WARNING: [WorldPerf] WARNING: FrameBudget overrun job_id=chunk_manager.topology_rebuild category=topology used_ms=2.34 budget_ms=2.00 over_budget_pct=16.9
   at: push_warning (core/variant/variant_utility.cpp:1034)
   GDScript backtrace (most recent call first):
       [0] report_budget_overrun (res://core/systems/world/world_perf_probe.gd:100)
       [1] _process (res://core/autoloads/frame_budget_dispatcher.gd:76)
WARNING: [WorldPerf] WARNING: FrameBudget overrun job_id=chunk_manager.streaming_redraw category=visual used_ms=4.21 budget_ms=4.00 over_budget_pct=5.4
   at: push_warning (core/variant/variant_utility.cpp:1034)
   GDScript backtrace (most recent call first):
       [0] report_budget_overrun (res://core/systems/world/world_perf_probe.gd:100)
       [1] _process (res://core/autoloads/frame_budget_dispatcher.gd:76)
[FrameBudget] streaming=0.8ms topology=0.1ms visual=2.4ms spawn=0.0ms total=3.3ms/6.0ms chunk_manager.streaming_load=0.8ms(60) building.room_recompute=0.0ms(59) power.balance_recompute=0.0ms(59) chunk_manager.topology_rebuild=0.0ms(59) underground.fog_update=0.0ms(59) chunk_manager.streaming_redraw=2.0ms(59) mountain_shadow.visual_rebuild=0.4ms(55)
[WorldPerf] === Frame Summary (300 frames) ===
[WorldPerf] Frame time: avg=7.0 ms, p99=8.3 ms, hitches=0
[WorldPerf] Frame budget: dispatcher=0.8ms streaming=0.0ms streaming_load=0.2ms streaming_redraw=0.0ms topology=0.0ms building=0.0ms power=0.0ms visual=0.0ms shadow=0.6ms spawn=0.0ms total=1.6ms/6.0ms
[WorldPerf] Boot detail: compute=0.0ms apply=0.0ms redraw=0.0ms topology=0.0ms shadow=0.0ms milestones=1 other=0.0ms | peaks: compute=0.0ms apply=0.0ms redraw=0.0ms topology=0.0ms shadow=0.0ms milestones=0.0ms stream_load=6.2ms stream_redraw=0.0ms
[WorldPerf] Observability: Startup.loading_screen_visible_to_startup_bubble_ready_ms=28044.1ms, Startup.startup_bubble_ready=0.0ms
[WorldPerf] Shadow.edge_cache_compute (0, -2): 83.66 ms
[WorldPerf] Shadow.edge_cache_compute (1, -2): 75.83 ms
[WorldPerf] Shadow.edge_cache_compute (2, -1): 67.26 ms
[WorldPerf] Shadow.edge_cache_compute (2, 1): 72.86 ms
[WorldPerf] Shadow.edge_cache_compute (62, 1): 68.34 ms
[FrameBudget] streaming=0.0ms topology=0.0ms visual=4.9ms spawn=0.0ms total=4.9ms/6.0ms chunk_manager.streaming_load=0.0ms(60) building.room_recompute=0.0ms(60) power.balance_recompute=0.0ms(60) chunk_manager.topology_rebuild=0.0ms(60) underground.fog_update=0.0ms(60) chunk_manager.streaming_redraw=3.7ms(60) mountain_shadow.visual_rebuild=1.2ms(60)
[WorldPerf] Shadow.edge_cache_compute (1, 2): 78.11 ms
[WorldPerf] Shadow.edge_cache_compute (2, -2): 150.93 ms
[FrameBudget] streaming=0.0ms topology=0.0ms visual=3.9ms spawn=0.0ms total=4.0ms/6.0ms chunk_manager.streaming_load=0.0ms(60) building.room_recompute=0.0ms(60) power.balance_recompute=0.0ms(60) chunk_manager.topology_rebuild=0.0ms(60) underground.fog_update=0.0ms(60) chunk_manager.streaming_redraw=3.7ms(60) mountain_shadow.visual_rebuild=0.3ms(60)
[WorldPerf] Shadow.stale_age_ms: 1141.41 ms
WARNING: [WorldPerf] WARNING: FrameBudget overrun job_id=chunk_manager.streaming_redraw category=visual used_ms=4.17 budget_ms=4.00 over_budget_pct=4.2
   at: push_warning (core/variant/variant_utility.cpp:1034)
   GDScript backtrace (most recent call first):
       [0] report_budget_overrun (res://core/systems/world/world_perf_probe.gd:100)
       [1] _process (res://core/autoloads/frame_budget_dispatcher.gd:76)
[FrameBudget] streaming=0.0ms topology=0.0ms visual=3.7ms spawn=0.0ms total=3.7ms/6.0ms chunk_manager.streaming_load=0.0ms(60) building.room_recompute=0.0ms(60) power.balance_recompute=0.0ms(60) chunk_manager.topology_rebuild=0.0ms(60) underground.fog_update=0.0ms(60) chunk_manager.streaming_redraw=3.6ms(60) mountain_shadow.visual_rebuild=0.1ms(60)
WARNING: [WorldPerf] WARNING: FrameBudget overrun job_id=chunk_manager.streaming_redraw category=visual used_ms=6.36 budget_ms=4.00 over_budget_pct=58.9
   at: push_warning (core/variant/variant_utility.cpp:1034)
   GDScript backtrace (most recent call first):
       [0] report_budget_overrun (res://core/systems/world/world_perf_probe.gd:100)
       [1] _process (res://core/autoloads/frame_budget_dispatcher.gd:76)
[FrameBudget] streaming=0.0ms topology=0.0ms visual=3.8ms spawn=0.0ms total=3.8ms/6.0ms chunk_manager.streaming_load=0.0ms(60) building.room_recompute=0.0ms(60) power.balance_recompute=0.0ms(60) chunk_manager.topology_rebuild=0.0ms(60) underground.fog_update=0.0ms(60) chunk_manager.streaming_redraw=3.8ms(60) mountain_shadow.visual_rebuild=0.0ms(59)
[FrameBudget] streaming=0.0ms topology=0.0ms visual=3.7ms spawn=0.0ms total=3.7ms/6.0ms chunk_manager.streaming_load=0.0ms(60) building.room_recompute=0.0ms(60) power.balance_recompute=0.0ms(60) chunk_manager.topology_rebuild=0.0ms(60) underground.fog_update=0.0ms(60) chunk_manager.streaming_redraw=3.7ms(60) mountain_shadow.visual_rebuild=0.0ms(60)
[WorldPerf] === Frame Summary (300 frames) ===
[WorldPerf] Frame time: avg=6.9 ms, p99=6.9 ms, hitches=0
[WorldPerf] Frame budget: dispatcher=4.2ms streaming=0.0ms streaming_load=0.0ms streaming_redraw=0.0ms topology=0.0ms building=0.0ms power=0.0ms visual=0.0ms shadow=10.1ms spawn=0.0ms total=14.3ms/6.0ms
[WorldPerf] Observability: Shadow.stale_age_ms=1141.4ms
[FrameBudget] streaming=0.0ms topology=0.0ms visual=3.8ms spawn=0.0ms total=3.8ms/6.0ms chunk_manager.streaming_load=0.0ms(60) building.room_recompute=0.0ms(60) power.balance_recompute=0.0ms(60) chunk_manager.topology_rebuild=0.0ms(60) underground.fog_update=0.0ms(60) chunk_manager.streaming_redraw=3.8ms(60) mountain_shadow.visual_rebuild=0.0ms(60)
WARNING: [WorldPerf] WARNING: FrameBudget overrun job_id=chunk_manager.streaming_redraw category=visual used_ms=4.24 budget_ms=4.00 over_budget_pct=6.0
   at: push_warning (core/variant/variant_utility.cpp:1034)
   GDScript backtrace (most recent call first):
       [0] report_budget_overrun (res://core/systems/world/world_perf_probe.gd:100)
       [1] _process (res://core/autoloads/frame_budget_dispatcher.gd:76)
[FrameBudget] streaming=0.0ms topology=0.0ms visual=3.8ms spawn=0.0ms total=3.8ms/6.0ms chunk_manager.streaming_load=0.0ms(60) building.room_recompute=0.0ms(60) power.balance_recompute=0.0ms(60) chunk_manager.topology_rebuild=0.0ms(60) underground.fog_update=0.0ms(60) chunk_manager.streaming_redraw=3.8ms(60) mountain_shadow.visual_rebuild=0.0ms(60)
WARNING: [WorldPerf] WARNING: FrameBudget overrun job_id=chunk_manager.streaming_redraw category=visual used_ms=5.36 budget_ms=4.00 over_budget_pct=33.9
   at: push_warning (core/variant/variant_utility.cpp:1034)
   GDScript backtrace (most recent call first):
       [0] report_budget_overrun (res://core/systems/world/world_perf_probe.gd:100)
       [1] _process (res://core/autoloads/frame_budget_dispatcher.gd:76)
[WorldPerf] stream.chunk_first_pass_ms (0, -2)@z0: 3481.43 ms
[WorldPerf] stream.chunk_first_pass_ms (2, 0)@z0: 3523.62 ms
[FrameBudget] streaming=0.0ms topology=0.0ms visual=3.8ms spawn=0.0ms total=3.9ms/6.0ms chunk_manager.streaming_load=0.0ms(60) building.room_recompute=0.0ms(60) power.balance_recompute=0.0ms(60) chunk_manager.topology_rebuild=0.0ms(60) underground.fog_update=0.0ms(60) chunk_manager.streaming_redraw=3.8ms(60) mountain_shadow.visual_rebuild=0.0ms(60)
[WorldPerf] stream.chunk_first_pass_ms (62, 0)@z0: 3626.85 ms
[WorldPerf] stream.chunk_first_pass_ms (0, 2)@z0: 3672.97 ms
[WorldPerf] stream.chunk_first_pass_ms (1, -2)@z0: 3755.52 ms
[WorldPerf] FPS: 145.0
[WorldPerf] stream.chunk_first_pass_ms (63, -2)@z0: 3823.36 ms
[WorldPerf] stream.chunk_first_pass_ms (62, -1)@z0: 3828.53 ms
[WorldPerf] stream.chunk_first_pass_ms (2, -1)@z0: 3855.68 ms
[WorldPerf] stream.chunk_first_pass_ms (2, 1)@z0: 3860.30 ms
[FrameBudget] streaming=0.0ms topology=0.0ms visual=3.8ms spawn=0.0ms total=3.9ms/6.0ms chunk_manager.streaming_load=0.0ms(60) building.room_recompute=0.0ms(60) power.balance_recompute=0.0ms(60) chunk_manager.topology_rebuild=0.0ms(60) underground.fog_update=0.0ms(60) chunk_manager.streaming_redraw=3.8ms(60) mountain_shadow.visual_rebuild=0.0ms(60)
[WorldPerf] stream.chunk_first_pass_ms (62, 1)@z0: 3922.80 ms
[WorldPerf] stream.chunk_first_pass_ms (1, 2)@z0: 4003.60 ms
[WorldPerf] stream.chunk_first_pass_ms (63, 2)@z0: 3997.68 ms
[WorldPerf] stream.chunk_first_pass_ms (2, -2)@z0: 4046.03 ms
[WorldPerf] stream.chunk_first_pass_ms (62, -2)@z0: 4076.18 ms
[WorldPerf] stream.chunk_first_pass_ms (2, 2)@z0: 4072.85 ms
[WorldPerf] stream.chunk_first_pass_ms (62, 2)@z0: 4093.06 ms
WARNING: [WorldPerf] WARNING: FrameBudget overrun job_id=chunk_manager.streaming_redraw category=visual used_ms=6.48 budget_ms=4.00 over_budget_pct=62.1
   at: push_warning (core/variant/variant_utility.cpp:1034)
   GDScript backtrace (most recent call first):
       [0] report_budget_overrun (res://core/systems/world/world_perf_probe.gd:100)
       [1] _process (res://core/autoloads/frame_budget_dispatcher.gd:76)
[FrameBudget] streaming=0.0ms topology=0.0ms visual=3.9ms spawn=0.0ms total=3.9ms/6.0ms chunk_manager.streaming_load=0.0ms(60) building.room_recompute=0.0ms(60) power.balance_recompute=0.0ms(60) chunk_manager.topology_rebuild=0.0ms(60) underground.fog_update=0.0ms(60) chunk_manager.streaming_redraw=3.8ms(60) mountain_shadow.visual_rebuild=0.0ms(59)
[WorldPerf] === Frame Summary (300 frames) ===
[WorldPerf] Frame time: avg=6.9 ms, p99=6.9 ms, hitches=0
[WorldPerf] Frame budget: dispatcher=4.0ms streaming=0.0ms streaming_load=0.0ms streaming_redraw=0.0ms topology=0.0ms building=0.0ms power=0.0ms visual=0.0ms shadow=3.8ms spawn=0.0ms total=7.8ms/6.0ms
[WorldPerf] stream.chunk_border_fix_ms (0, -1)@z0: 4421.35 ms
[WorldPerf] stream.chunk_full_redraw_ms (0, -1)@z0: 4421.51 ms
[WorldPerf] stream.chunk_border_fix_ms (1, 0)@z0: 4529.57 ms
[WorldPerf] stream.chunk_full_redraw_ms (1, 0)@z0: 4529.70 ms
[FrameBudget] streaming=0.0ms topology=0.0ms visual=3.7ms spawn=0.0ms total=3.8ms/6.0ms chunk_manager.streaming_load=0.0ms(60) building.room_recompute=0.0ms(60) power.balance_recompute=0.0ms(60) chunk_manager.topology_rebuild=0.0ms(60) underground.fog_update=0.0ms(60) chunk_manager.streaming_redraw=3.7ms(60) mountain_shadow.visual_rebuild=0.0ms(60)
[WorldPerf] stream.chunk_full_redraw_ms (0, -2)@z0: 4897.94 ms
[WorldPerf] stream.chunk_border_fix_ms (63, 0)@z0: 4893.71 ms
[WorldPerf] stream.chunk_full_redraw_ms (63, 0)@z0: 4893.87 ms
[WorldPerf] stream.chunk_border_fix_ms (0, 1)@z0: 4924.41 ms
[WorldPerf] stream.chunk_full_redraw_ms (0, 1)@z0: 4924.56 ms
[WorldPerf] stream.chunk_full_redraw_ms (2, 0)@z0: 5015.99 ms
[WorldPerf] stream.chunk_full_redraw_ms (62, 0)@z0: 5099.38 ms
[WorldPerf] stream.chunk_full_redraw_ms (0, 2)@z0: 5187.56 ms
[FrameBudget] streaming=0.0ms topology=0.0ms visual=3.9ms spawn=0.0ms total=3.9ms/6.0ms chunk_manager.streaming_load=0.0ms(60) building.room_recompute=0.0ms(60) power.balance_recompute=0.0ms(60) chunk_manager.topology_rebuild=0.0ms(60) underground.fog_update=0.0ms(60) chunk_manager.streaming_redraw=3.9ms(60) mountain_shadow.visual_rebuild=0.0ms(58)
[WorldPerf] stream.chunk_border_fix_ms (1, -1)@z0: 5243.64 ms
[WorldPerf] stream.chunk_full_redraw_ms (1, -1)@z0: 5227.03 ms
[WorldPerf] stream.chunk_border_fix_ms (63, -1)@z0: 5267.21 ms
[WorldPerf] stream.chunk_full_redraw_ms (63, -1)@z0: 5252.48 ms
[WorldPerf] stream.chunk_full_redraw_ms (1, -2)@z0: 5291.12 ms
[WorldPerf] stream.chunk_border_fix_ms (1, 1)@z0: 5282.90 ms
[WorldPerf] stream.chunk_full_redraw_ms (1, 1)@z0: 5273.86 ms
WARNING: [WorldPerf] WARNING: FrameBudget overrun job_id=chunk_manager.streaming_redraw category=visual used_ms=4.30 budget_ms=4.00 over_budget_pct=7.6
   at: push_warning (core/variant/variant_utility.cpp:1034)
   GDScript backtrace (most recent call first):
       [0] report_budget_overrun (res://core/systems/world/world_perf_probe.gd:100)
       [1] _process (res://core/autoloads/frame_budget_dispatcher.gd:76)
[WorldPerf] stream.chunk_border_fix_ms (63, 1)@z0: 5292.58 ms
[WorldPerf] stream.chunk_full_redraw_ms (63, 1)@z0: 5278.24 ms
[Boot] first_playable reached (21363.2 ms) | queue_wait=54136.5ms compute=9342.0ms (25 chunks) apply=17.6ms (9 chunks) redraw=0.0ms
[WorldPerf] stream.chunk_full_redraw_ms (63, -2)@z0: 5337.59 ms
[WorldPerf] stream.chunk_full_redraw_ms (62, -1)@z0: 5377.89 ms
[WorldPerf] stream.chunk_full_redraw_ms (2, -1)@z0: 5409.18 ms
[WorldPerf] stream.chunk_full_redraw_ms (2, 1)@z0: 5435.52 ms
[WorldPerf] stream.chunk_full_redraw_ms (62, 1)@z0: 5538.38 ms
[FrameBudget] streaming=0.0ms topology=0.0ms visual=3.7ms spawn=0.0ms total=3.7ms/6.0ms chunk_manager.streaming_load=0.0ms(60) building.room_recompute=0.0ms(60) power.balance_recompute=0.0ms(60) chunk_manager.topology_rebuild=0.0ms(60) underground.fog_update=0.0ms(60) chunk_manager.streaming_redraw=3.7ms(60) mountain_shadow.visual_rebuild=0.0ms(60)
[WorldPerf] stream.chunk_full_redraw_ms (1, 2)@z0: 5599.14 ms
[WorldPerf] stream.chunk_full_redraw_ms (63, 2)@z0: 5628.65 ms
[WorldPerf] stream.chunk_full_redraw_ms (2, -2)@z0: 5656.66 ms
[WorldPerf] stream.chunk_full_redraw_ms (62, -2)@z0: 5663.68 ms
[WorldPerf] stream.chunk_full_redraw_ms (2, 2)@z0: 5684.92 ms
[WorldPerf] stream.chunk_full_redraw_ms (62, 2)@z0: 5712.64 ms
[Boot] boot_complete reached (21845.0 ms) | queue_wait=54136.5ms compute=9342.0ms (25 chunks) apply=17.6ms (9 chunks) redraw=0.0ms
[WorldPerf] Startup.startup_bubble_ready_to_boot_complete_ms: 5879.89 ms
[CodexValidation] route prepared: preset=seam_cross waypoints=6 start=(0.0, 0.0) chunk_pixels=4096.0
[CodexValidation] room validation prepared at (4, 4)
[CodexValidation] power validation prepared at (8, 4)
[CodexValidation] mining validation prepared at (59, 0)
[CodexValidation] boot complete; route prepared
[FrameBudget] streaming=0.0ms topology=0.0ms visual=1.8ms spawn=0.0ms total=1.9ms/6.0ms chunk_manager.streaming_load=0.0ms(60) building.room_recompute=0.0ms(60) power.balance_recompute=0.0ms(60) chunk_manager.topology_rebuild=0.0ms(60) underground.fog_update=0.0ms(60) chunk_manager.streaming_redraw=1.8ms(60) mountain_shadow.visual_rebuild=0.0ms(60)
[CodexValidation] built validation room
[CodexValidation] removed validation room wall (5, 4)
[CodexValidation] re-placed validation room wall (5, 4)
[FrameBudget] streaming=0.0ms topology=0.1ms visual=0.1ms spawn=0.0ms total=0.2ms/6.0ms chunk_manager.streaming_load=0.0ms(60) building.room_recompute=0.0ms(60) power.balance_recompute=0.0ms(60) chunk_manager.topology_rebuild=0.0ms(60) underground.fog_update=0.0ms(60) chunk_manager.streaming_redraw=0.1ms(60) mountain_shadow.visual_rebuild=0.0ms(60)
[WorldPerf] === Frame Summary (300 frames) ===
[WorldPerf] Frame time: avg=7.0 ms, p99=8.3 ms, hitches=0
[WorldPerf] Frame budget: dispatcher=2.8ms streaming=0.0ms streaming_load=0.0ms streaming_redraw=0.0ms topology=0.0ms building=0.0ms power=0.0ms visual=0.0ms shadow=2.7ms spawn=0.0ms total=5.5ms/6.0ms
[WorldPerf] Boot detail: compute=0.0ms apply=0.0ms redraw=0.0ms topology=0.0ms shadow=0.0ms milestones=2 other=0.0ms | peaks: compute=0.0ms apply=0.0ms redraw=0.0ms topology=0.0ms shadow=0.0ms milestones=0.0ms stream_load=0.0ms stream_redraw=0.0ms
[WorldPerf] Observability: Startup.boot_complete=0.0ms, Startup.startup_bubble_ready_to_boot_complete_ms=5879.9ms
[CodexValidation] destroyed validation room wall (4, 5)
[CodexValidation] room validation complete
[CodexValidation] placed validation battery (8, 4)
[CodexValidation] removed validation battery (8, 4)
[CodexValidation] power validation complete
[CodexValidation] mined entry tile (59, 0)
[WorldPerf] PlayerChunk coord=(0, 0) z=0 trigger=scheduler loaded=true visible=true state=full_pending phase=done first_pass=true full_ready=false issues=border_fix_pending ages(first=-ms full=-ms border=2ms apply=22122ms converge=2ms) queues(fast=0 urgent=0 near=0 full_near=0 full_far=0) requests(load=false staged=false generating=false) scheduler(step=0.64ms exhausted=false)
[WorldPerf] PlayerChunk coord=(0, 0) z=0 trigger=scheduler loaded=true visible=true state=full_ready phase=done first_pass=true full_ready=true issues=healthy ages(first=-ms full=-ms border=-ms apply=22122ms converge=2ms) queues(fast=0 urgent=0 near=0 full_near=0 full_far=0) requests(load=false staged=false generating=false) scheduler(step=0.27ms exhausted=false)
[FrameBudget] streaming=0.0ms topology=0.1ms visual=0.1ms spawn=0.0ms total=0.2ms/6.0ms chunk_manager.streaming_load=0.0ms(60) building.room_recompute=0.0ms(60) power.balance_recompute=0.0ms(60) chunk_manager.topology_rebuild=0.0ms(60) underground.fog_update=0.0ms(60) chunk_manager.streaming_redraw=0.1ms(60) mountain_shadow.visual_rebuild=0.0ms(60)
[CodexValidation] mined interior tile (60, 0)
[WorldPerf] PlayerChunk coord=(0, 0) z=0 trigger=scheduler loaded=true visible=true state=full_pending phase=done first_pass=true full_ready=false issues=border_fix_pending ages(first=-ms full=-ms border=2ms apply=22267ms converge=2ms) queues(fast=0 urgent=0 near=0 full_near=0 full_far=0) requests(load=false staged=false generating=false) scheduler(step=0.64ms exhausted=false)
[WorldPerf] PlayerChunk coord=(0, 0) z=0 trigger=scheduler loaded=true visible=true state=full_ready phase=done first_pass=true full_ready=true issues=healthy ages(first=-ms full=-ms border=-ms apply=22267ms converge=2ms) queues(fast=0 urgent=0 near=0 full_near=0 full_far=0) requests(load=false staged=false generating=false) scheduler(step=0.24ms exhausted=false)
[CodexValidation] mined deeper tile (61, 0)
[WorldPerf] PlayerChunk coord=(0, 0) z=0 trigger=scheduler loaded=true visible=true state=full_pending phase=done first_pass=true full_ready=false issues=border_fix_pending ages(first=-ms full=-ms border=2ms apply=22413ms converge=2ms) queues(fast=0 urgent=0 near=0 full_near=0 full_far=0) requests(load=false staged=false generating=false) scheduler(step=0.96ms exhausted=false)
[WorldPerf] PlayerChunk coord=(0, 0) z=0 trigger=scheduler loaded=true visible=true state=full_ready phase=done first_pass=true full_ready=true issues=healthy ages(first=-ms full=-ms border=-ms apply=22413ms converge=2ms) queues(fast=0 urgent=0 near=0 full_near=0 full_far=0) requests(load=false staged=false generating=false) scheduler(step=0.34ms exhausted=false)
[FrameBudget] streaming=0.0ms topology=0.0ms visual=0.2ms spawn=0.0ms total=0.2ms/6.0ms chunk_manager.streaming_load=0.0ms(60) building.room_recompute=0.0ms(60) power.balance_recompute=0.0ms(60) chunk_manager.topology_rebuild=0.0ms(60) underground.fog_update=0.0ms(60) chunk_manager.streaming_redraw=0.1ms(60) mountain_shadow.visual_rebuild=0.1ms(60)
[CodexValidation] moved player back to exterior tile (58, 0)
[CodexValidation] mining + persistence validation complete
[CodexValidation] route start: preset=seam_cross waypoints=6
[WorldPerf] PlayerChunk coord=(1, 0) z=0 trigger=scheduler loaded=true visible=true state=full_ready phase=done first_pass=true full_ready=true issues=healthy ages(first=-ms full=-ms border=-ms apply=22445ms converge=7525ms) queues(fast=0 urgent=0 near=0 full_near=0 full_far=0) requests(load=false staged=false generating=false) scheduler(step=0.01ms exhausted=false)
WARNING: [WorldPerf] WARNING: FrameBudget overrun job_id=chunk_manager.streaming_load category=streaming used_ms=3.21 budget_ms=3.00 over_budget_pct=6.8
   at: push_warning (core/variant/variant_utility.cpp:1034)
   GDScript backtrace (most recent call first):
       [0] report_budget_overrun (res://core/systems/world/world_perf_probe.gd:100)
       [1] _process (res://core/autoloads/frame_budget_dispatcher.gd:76)
[FrameBudget] streaming=1.3ms topology=0.0ms visual=0.1ms spawn=0.0ms total=1.5ms/6.0ms chunk_manager.streaming_load=1.3ms(60) building.room_recompute=0.0ms(60) power.balance_recompute=0.0ms(60) chunk_manager.topology_rebuild=0.0ms(60) underground.fog_update=0.0ms(60) chunk_manager.streaming_redraw=0.1ms(60) mountain_shadow.visual_rebuild=0.0ms(60)
WARNING: [WorldPerf] WARNING: FrameBudget overrun job_id=chunk_manager.streaming_load category=streaming used_ms=11.84 budget_ms=3.00 over_budget_pct=294.7
   at: push_warning (core/variant/variant_utility.cpp:1034)
   GDScript backtrace (most recent call first):
       [0] report_budget_overrun (res://core/systems/world/world_perf_probe.gd:100)
       [1] _process (res://core/autoloads/frame_budget_dispatcher.gd:76)
WARNING: [WorldPerf] WARNING: FrameBudget overrun job_id=chunk_manager.streaming_load category=streaming used_ms=13.95 budget_ms=3.00 over_budget_pct=364.9
   at: push_warning (core/variant/variant_utility.cpp:1034)
   GDScript backtrace (most recent call first):
       [0] report_budget_overrun (res://core/systems/world/world_perf_probe.gd:100)
       [1] _process (res://core/autoloads/frame_budget_dispatcher.gd:76)
[CodexValidation] reached waypoint 1/6 at (8192.0, 0.0)
[WorldPerf] PlayerChunk coord=(2, 0) z=0 trigger=entered_chunk loaded=true visible=true state=full_pending phase=done first_pass=true full_ready=false issues=border_fix_pending ages(first=-ms full=-ms border=61ms apply=8032ms converge=61ms) queues(fast=0 urgent=0 near=0 full_near=0 full_far=0) requests(load=false staged=false generating=false) scheduler(step=0.00ms exhausted=false)
[FrameBudget] streaming=3.3ms topology=0.0ms visual=1.6ms spawn=0.0ms total=4.9ms/6.0ms chunk_manager.streaming_load=3.3ms(60) building.room_recompute=0.0ms(57) power.balance_recompute=0.0ms(57) chunk_manager.topology_rebuild=0.0ms(57) underground.fog_update=0.0ms(57) chunk_manager.streaming_redraw=1.6ms(57) mountain_shadow.visual_rebuild=0.0ms(55)
[WorldPerf] Shadow.edge_cache_compute (3, -1): 271.82 ms
WARNING: [WorldPerf] WARNING: FrameBudget overrun job_id=mountain_shadow.visual_rebuild category=visual used_ms=1.58 budget_ms=1.00 over_budget_pct=57.9
   at: push_warning (core/variant/variant_utility.cpp:1034)
   GDScript backtrace (most recent call first):
       [0] report_budget_overrun (res://core/systems/world/world_perf_probe.gd:100)
       [1] _process (res://core/autoloads/frame_budget_dispatcher.gd:76)
WARNING: [WorldPerf] WARNING: FrameBudget overrun job_id=chunk_manager.streaming_redraw category=visual used_ms=7.54 budget_ms=4.00 over_budget_pct=88.5
   at: push_warning (core/variant/variant_utility.cpp:1034)
   GDScript backtrace (most recent call first):
       [0] report_budget_overrun (res://core/systems/world/world_perf_probe.gd:100)
       [1] _process (res://core/autoloads/frame_budget_dispatcher.gd:76)
[FrameBudget] streaming=3.6ms topology=0.0ms visual=3.4ms spawn=0.0ms total=7.1ms/6.0ms chunk_manager.streaming_load=3.6ms(60) building.room_recompute=0.0ms(55) power.balance_recompute=0.0ms(55) chunk_manager.topology_rebuild=0.0ms(55) underground.fog_update=0.0ms(55) chunk_manager.streaming_redraw=2.8ms(55) mountain_shadow.visual_rebuild=0.6ms(50)
[WorldPerf] === Frame Summary (300 frames) ===
[WorldPerf] Frame time: avg=7.6 ms, p99=16.7 ms, hitches=1
[WorldPerf] Frame budget: dispatcher=2.9ms streaming=0.0ms streaming_load=1.6ms streaming_redraw=0.0ms topology=0.0ms building=0.0ms power=0.0ms visual=0.0ms shadow=2.1ms spawn=0.0ms total=6.7ms/6.0ms
[WorldPerf] Observability: Scheduler.urgent_visual_wait_ms=0.3ms, scheduler.max_urgent_wait_ms=0.3ms
[WorldPerf] Shadow.edge_cache_compute (3, 1): 97.95 ms
WARNING: [WorldPerf] WARNING: FrameBudget overrun job_id=mountain_shadow.visual_rebuild category=visual used_ms=3.62 budget_ms=1.00 over_budget_pct=261.9
   at: push_warning (core/variant/variant_utility.cpp:1034)
   GDScript backtrace (most recent call first):
       [0] report_budget_overrun (res://core/systems/world/world_perf_probe.gd:100)
       [1] _process (res://core/autoloads/frame_budget_dispatcher.gd:76)
[WorldPerf] PlayerChunk coord=(2, 1) z=0 trigger=entered_chunk loaded=true visible=true state=full_pending phase=done first_pass=true full_ready=false issues=border_fix_pending ages(first=-ms full=-ms border=806ms apply=8747ms converge=807ms) queues(fast=0 urgent=0 near=1 full_near=0 full_far=0) requests(load=false staged=false generating=false) scheduler(step=0.00ms exhausted=false)
[WorldPerf] FPS: 121.0
WARNING: [WorldPerf] WARNING: FrameBudget overrun job_id=chunk_manager.streaming_load category=streaming used_ms=11.78 budget_ms=3.00 over_budget_pct=292.6
   at: push_warning (core/variant/variant_utility.cpp:1034)
   GDScript backtrace (most recent call first):
       [0] report_budget_overrun (res://core/systems/world/world_perf_probe.gd:100)
       [1] _process (res://core/autoloads/frame_budget_dispatcher.gd:76)
[CodexValidation] reached waypoint 2/6 at (8192.0, 8192.0)
[WorldPerf] PlayerChunk coord=(2, 2) z=0 trigger=entered_chunk loaded=true visible=true state=full_pending phase=done first_pass=true full_ready=false issues=border_fix_pending ages(first=-ms full=-ms border=942ms apply=9191ms converge=59ms) queues(fast=0 urgent=0 near=0 full_near=0 full_far=0) requests(load=false staged=false generating=false) scheduler(step=0.00ms exhausted=false)
[FrameBudget] streaming=3.1ms topology=0.0ms visual=3.3ms spawn=0.0ms total=6.5ms/6.0ms chunk_manager.streaming_load=3.1ms(60) building.room_recompute=0.0ms(58) power.balance_recompute=0.0ms(58) chunk_manager.topology_rebuild=0.0ms(58) underground.fog_update=0.0ms(58) chunk_manager.streaming_redraw=2.9ms(58) mountain_shadow.visual_rebuild=0.4ms(55)
WARNING: [WorldPerf] WARNING: FrameBudget overrun job_id=chunk_manager.streaming_load category=streaming used_ms=13.78 budget_ms=3.00 over_budget_pct=359.4
   at: push_warning (core/variant/variant_utility.cpp:1034)
   GDScript backtrace (most recent call first):
       [0] report_budget_overrun (res://core/systems/world/world_perf_probe.gd:100)
       [1] _process (res://core/autoloads/frame_budget_dispatcher.gd:76)
[WorldPerf] Shadow.edge_cache_compute (3, 2): 101.11 ms
[WorldPerf] PlayerChunk coord=(1, 2) z=0 trigger=entered_chunk loaded=true visible=true state=full_pending phase=done first_pass=true full_ready=false issues=border_fix_pending ages(first=-ms full=-ms border=156ms apply=9533ms converge=156ms) queues(fast=0 urgent=0 near=0 full_near=0 full_far=0) requests(load=false staged=false generating=false) scheduler(step=0.00ms exhausted=false)
WARNING: [WorldPerf] WARNING: FrameBudget overrun job_id=chunk_manager.streaming_redraw category=visual used_ms=4.05 budget_ms=4.00 over_budget_pct=1.4
   at: push_warning (core/variant/variant_utility.cpp:1034)
   GDScript backtrace (most recent call first):
       [0] report_budget_overrun (res://core/systems/world/world_perf_probe.gd:100)
       [1] _process (res://core/autoloads/frame_budget_dispatcher.gd:76)
[WorldPerf] stream.chunk_border_fix_ms (2, -1)@z0: 1763.80 ms
[WorldPerf] stream.chunk_full_redraw_ms (2, -1)@z0: 1763.96 ms
[FrameBudget] streaming=3.3ms topology=0.0ms visual=3.3ms spawn=0.0ms total=6.6ms/6.0ms chunk_manager.streaming_load=3.3ms(60) building.room_recompute=0.0ms(57) power.balance_recompute=0.0ms(57) chunk_manager.topology_rebuild=0.0ms(57) underground.fog_update=0.0ms(57) chunk_manager.streaming_redraw=2.9ms(57) mountain_shadow.visual_rebuild=0.4ms(48)
[WorldPerf] stream.chunk_border_fix_ms (2, 1)@z0: 2064.13 ms
[WorldPerf] stream.chunk_full_redraw_ms (2, 1)@z0: 2064.32 ms
[WorldPerf] stream.chunk_border_fix_ms (2, 0)@z0: 2090.30 ms
[WorldPerf] stream.chunk_full_redraw_ms (2, 0)@z0: 2090.41 ms
[WorldPerf] Shadow.edge_cache_compute (2, 3): 83.41 ms
WARNING: [WorldPerf] WARNING: FrameBudget overrun job_id=mountain_shadow.visual_rebuild category=visual used_ms=1.28 budget_ms=1.00 over_budget_pct=27.7
   at: push_warning (core/variant/variant_utility.cpp:1034)
   GDScript backtrace (most recent call first):
       [0] report_budget_overrun (res://core/systems/world/world_perf_probe.gd:100)
       [1] _process (res://core/autoloads/frame_budget_dispatcher.gd:76)
[WorldPerf] PlayerChunk coord=(0, 2) z=0 trigger=entered_chunk loaded=true visible=true state=full_pending phase=done first_pass=true full_ready=false issues=border_fix_pending ages(first=-ms full=-ms border=454ms apply=10086ms converge=454ms) queues(fast=0 urgent=0 near=0 full_near=0 full_far=0) requests(load=false staged=false generating=false) scheduler(step=0.00ms exhausted=false)
WARNING: [WorldPerf] WARNING: FrameBudget overrun job_id=chunk_manager.streaming_load category=streaming used_ms=15.82 budget_ms=3.00 over_budget_pct=427.2
   at: push_warning (core/variant/variant_utility.cpp:1034)
   GDScript backtrace (most recent call first):
       [0] report_budget_overrun (res://core/systems/world/world_perf_probe.gd:100)
       [1] _process (res://core/autoloads/frame_budget_dispatcher.gd:76)
WARNING: [WorldPerf] WARNING: FrameBudget overrun job_id=chunk_manager.streaming_redraw category=visual used_ms=6.00 budget_ms=4.00 over_budget_pct=50.0
   at: push_warning (core/variant/variant_utility.cpp:1034)
   GDScript backtrace (most recent call first):
       [0] report_budget_overrun (res://core/systems/world/world_perf_probe.gd:100)
       [1] _process (res://core/autoloads/frame_budget_dispatcher.gd:76)
[FrameBudget] streaming=3.5ms topology=0.0ms visual=2.9ms spawn=0.0ms total=6.4ms/6.0ms chunk_manager.streaming_load=3.5ms(60) building.room_recompute=0.0ms(56) power.balance_recompute=0.0ms(56) chunk_manager.topology_rebuild=0.0ms(56) underground.fog_update=0.0ms(56) chunk_manager.streaming_redraw=2.8ms(56) mountain_shadow.visual_rebuild=0.1ms(51)
[WorldPerf] stream.chunk_border_fix_ms (2, -2)@z0: 2166.34 ms
[WorldPerf] stream.chunk_full_redraw_ms (2, -2)@z0: 2166.51 ms
[WorldPerf] PlayerChunk coord=(63, 2) z=0 trigger=entered_chunk loaded=true visible=true state=full_pending phase=done first_pass=true full_ready=false issues=border_fix_pending ages(first=-ms full=-ms border=126ms apply=10529ms converge=126ms) queues(fast=0 urgent=0 near=0 full_near=0 full_far=0) requests(load=false staged=false generating=false) scheduler(step=0.00ms exhausted=false)
WARNING: [WorldPerf] WARNING: FrameBudget overrun job_id=mountain_shadow.visual_rebuild category=visual used_ms=2.70 budget_ms=1.00 over_budget_pct=169.8
   at: push_warning (core/variant/variant_utility.cpp:1034)
   GDScript backtrace (most recent call first):
       [0] report_budget_overrun (res://core/systems/world/world_perf_probe.gd:100)
       [1] _process (res://core/autoloads/frame_budget_dispatcher.gd:76)
WARNING: [WorldPerf] WARNING: FrameBudget overrun job_id=mountain_shadow.visual_rebuild category=visual used_ms=5.33 budget_ms=1.00 over_budget_pct=433.2
   at: push_warning (core/variant/variant_utility.cpp:1034)
   GDScript backtrace (most recent call first):
       [0] report_budget_overrun (res://core/systems/world/world_perf_probe.gd:100)
       [1] _process (res://core/autoloads/frame_budget_dispatcher.gd:76)
[WorldPerf] PlayerChunk coord=(62, 2) z=0 trigger=entered_chunk loaded=true visible=true state=full_pending phase=done first_pass=true full_ready=false issues=border_fix_pending ages(first=-ms full=-ms border=205ms apply=10977ms converge=205ms) queues(fast=0 urgent=0 near=0 full_near=0 full_far=0) requests(load=false staged=false generating=false) scheduler(step=0.00ms exhausted=false)
[FrameBudget] streaming=3.3ms topology=0.0ms visual=3.0ms spawn=0.0ms total=6.3ms/6.0ms chunk_manager.streaming_load=3.3ms(60) building.room_recompute=0.0ms(57) power.balance_recompute=0.0ms(57) chunk_manager.topology_rebuild=0.0ms(57) underground.fog_update=0.0ms(57) chunk_manager.streaming_redraw=2.8ms(57) mountain_shadow.visual_rebuild=0.2ms(53)
[CodexValidation] reached waypoint 3/6 at (253952.0, 8192.0)
WARNING: [WorldPerf] WARNING: FrameBudget overrun job_id=chunk_manager.streaming_load category=streaming used_ms=13.24 budget_ms=3.00 over_budget_pct=341.2
   at: push_warning (core/variant/variant_utility.cpp:1034)
   GDScript backtrace (most recent call first):
       [0] report_budget_overrun (res://core/systems/world/world_perf_probe.gd:100)
       [1] _process (res://core/autoloads/frame_budget_dispatcher.gd:76)
WARNING: [WorldPerf] WARNING: FrameBudget overrun job_id=chunk_manager.streaming_redraw category=visual used_ms=4.12 budget_ms=4.00 over_budget_pct=2.9
   at: push_warning (core/variant/variant_utility.cpp:1034)
   GDScript backtrace (most recent call first):
       [0] report_budget_overrun (res://core/systems/world/world_perf_probe.gd:100)
       [1] _process (res://core/autoloads/frame_budget_dispatcher.gd:76)
[FrameBudget] streaming=3.5ms topology=0.0ms visual=3.0ms spawn=0.0ms total=6.5ms/6.0ms chunk_manager.streaming_load=3.5ms(60) building.room_recompute=0.0ms(56) power.balance_recompute=0.0ms(56) chunk_manager.topology_rebuild=0.0ms(56) underground.fog_update=0.0ms(56) chunk_manager.streaming_redraw=2.9ms(56) mountain_shadow.visual_rebuild=0.1ms(49)
[WorldPerf] === Frame Summary (300 frames) ===
[WorldPerf] Frame time: avg=9.8 ms, p99=34.5 ms, hitches=6
[WorldPerf] Frame budget: dispatcher=6.6ms streaming=0.0ms streaming_load=3.3ms streaming_redraw=0.0ms topology=0.0ms building=0.0ms power=0.0ms visual=0.0ms shadow=4.3ms spawn=0.0ms total=14.3ms/6.0ms
[WorldPerf] Observability: Scheduler.urgent_visual_wait_ms=2.8ms, scheduler.max_urgent_wait_ms=2.8ms
[WorldPerf] PlayerChunk coord=(62, 1) z=0 trigger=entered_chunk loaded=true visible=true state=full_pending phase=done first_pass=true full_ready=false issues=border_fix_pending ages(first=-ms full=-ms border=609ms apply=11830ms converge=609ms) queues(fast=0 urgent=0 near=0 full_near=0 full_far=0) requests(load=false staged=false generating=false) scheduler(step=0.00ms exhausted=false)
WARNING: [WorldPerf] WARNING: FrameBudget overrun job_id=mountain_shadow.visual_rebuild category=visual used_ms=1.60 budget_ms=1.00 over_budget_pct=60.2
   at: push_warning (core/variant/variant_utility.cpp:1034)
   GDScript backtrace (most recent call first):
       [0] report_budget_overrun (res://core/systems/world/world_perf_probe.gd:100)
       [1] _process (res://core/autoloads/frame_budget_dispatcher.gd:76)
[WorldPerf] stream.chunk_border_fix_ms (1, 2)@z0: 2813.07 ms
[WorldPerf] stream.chunk_full_redraw_ms (1, 2)@z0: 2813.37 ms
[FrameBudget] streaming=3.6ms topology=0.0ms visual=3.2ms spawn=0.0ms total=6.8ms/6.0ms chunk_manager.streaming_load=3.6ms(60) building.room_recompute=0.0ms(55) power.balance_recompute=0.0ms(55) chunk_manager.topology_rebuild=0.0ms(55) underground.fog_update=0.0ms(55) chunk_manager.streaming_redraw=2.6ms(55) mountain_shadow.visual_rebuild=0.6ms(47)
[WorldPerf] PlayerChunk coord=(62, 0) z=0 trigger=entered_chunk loaded=true visible=true state=full_pending phase=done first_pass=true full_ready=false issues=border_fix_pending ages(first=-ms full=-ms border=775ms apply=12375ms converge=775ms) queues(fast=0 urgent=0 near=0 full_near=0 full_far=0) requests(load=false staged=false generating=false) scheduler(step=0.00ms exhausted=false)
[WorldPerf] stream.chunk_border_fix_ms (0, 2)@z0: 2821.07 ms
[WorldPerf] stream.chunk_full_redraw_ms (0, 2)@z0: 2821.22 ms
[WorldPerf] Shadow.edge_cache_compute (60, 1): 90.47 ms
WARNING: [WorldPerf] WARNING: FrameBudget overrun job_id=chunk_manager.streaming_redraw category=visual used_ms=4.10 budget_ms=4.00 over_budget_pct=2.4
   at: push_warning (core/variant/variant_utility.cpp:1034)
   GDScript backtrace (most recent call first):
       [0] report_budget_overrun (res://core/systems/world/world_perf_probe.gd:100)
       [1] _process (res://core/autoloads/frame_budget_dispatcher.gd:76)
WARNING: [WorldPerf] WARNING: FrameBudget overrun job_id=chunk_manager.streaming_load category=streaming used_ms=11.99 budget_ms=3.00 over_budget_pct=299.7
   at: push_warning (core/variant/variant_utility.cpp:1034)
   GDScript backtrace (most recent call first):
       [0] report_budget_overrun (res://core/systems/world/world_perf_probe.gd:100)
       [1] _process (res://core/autoloads/frame_budget_dispatcher.gd:76)
[FrameBudget] streaming=3.4ms topology=0.0ms visual=2.8ms spawn=0.0ms total=6.2ms/6.0ms chunk_manager.streaming_load=3.4ms(60) building.room_recompute=0.0ms(57) power.balance_recompute=0.0ms(57) chunk_manager.topology_rebuild=0.0ms(57) underground.fog_update=0.0ms(57) chunk_manager.streaming_redraw=2.6ms(57) mountain_shadow.visual_rebuild=0.1ms(48)
[WorldPerf] Shadow.edge_cache_compute (60, 2): 89.51 ms
[WorldPerf] PlayerChunk coord=(62, -1) z=0 trigger=entered_chunk loaded=true visible=true state=full_pending phase=done first_pass=true full_ready=false issues=border_fix_pending ages(first=-ms full=-ms border=313ms apply=12832ms converge=313ms) queues(fast=0 urgent=0 near=6 full_near=0 full_far=5) requests(load=false staged=false generating=false) scheduler(step=0.00ms exhausted=false)
WARNING: [WorldPerf] WARNING: FrameBudget overrun job_id=chunk_manager.streaming_load category=streaming used_ms=14.17 budget_ms=3.00 over_budget_pct=372.3
   at: push_warning (core/variant/variant_utility.cpp:1034)
   GDScript backtrace (most recent call first):
       [0] report_budget_overrun (res://core/systems/world/world_perf_probe.gd:100)
       [1] _process (res://core/autoloads/frame_budget_dispatcher.gd:76)
WARNING: [WorldPerf] WARNING: FrameBudget overrun job_id=chunk_manager.streaming_redraw category=visual used_ms=7.41 budget_ms=4.00 over_budget_pct=85.2
   at: push_warning (core/variant/variant_utility.cpp:1034)
   GDScript backtrace (most recent call first):
       [0] report_budget_overrun (res://core/systems/world/world_perf_probe.gd:100)
       [1] _process (res://core/autoloads/frame_budget_dispatcher.gd:76)
[WorldPerf] stream.chunk_border_fix_ms (63, 2)@z0: 2503.63 ms
[WorldPerf] stream.chunk_full_redraw_ms (63, 2)@z0: 2503.81 ms
WARNING: [WorldPerf] WARNING: FrameBudget overrun job_id=mountain_shadow.visual_rebuild category=visual used_ms=1.54 budget_ms=1.00 over_budget_pct=53.8
   at: push_warning (core/variant/variant_utility.cpp:1034)
   GDScript backtrace (most recent call first):
       [0] report_budget_overrun (res://core/systems/world/world_perf_probe.gd:100)
       [1] _process (res://core/autoloads/frame_budget_dispatcher.gd:76)
[WorldPerf] PlayerChunk coord=(62, -2) z=0 trigger=entered_chunk loaded=true visible=true state=full_pending phase=done first_pass=true full_ready=false issues=border_fix_pending ages(first=-ms full=-ms border=512ms apply=13278ms converge=68ms) queues(fast=1 urgent=0 near=8 full_near=0 full_far=3) requests(load=false staged=false generating=false) scheduler(step=0.00ms exhausted=false)
[WorldPerf] Scheduler.fast_visual_wait_ms: 10.35 ms
[WorldPerf] Shadow.edge_cache_compute (61, 3): 83.94 ms
WARNING: [WorldPerf] WARNING: FrameBudget overrun job_id=mountain_shadow.visual_rebuild category=visual used_ms=3.24 budget_ms=1.00 over_budget_pct=223.6
   at: push_warning (core/variant/variant_utility.cpp:1034)
   GDScript backtrace (most recent call first):
       [0] report_budget_overrun (res://core/systems/world/world_perf_probe.gd:100)
       [1] _process (res://core/autoloads/frame_budget_dispatcher.gd:76)
[WorldPerf] stream.chunk_border_fix_ms (2, 2)@z0: 5095.06 ms
[WorldPerf] stream.chunk_full_redraw_ms (2, 2)@z0: 4212.43 ms
[FrameBudget] streaming=3.5ms topology=0.0ms visual=3.1ms spawn=0.0ms total=6.6ms/6.0ms chunk_manager.streaming_load=3.5ms(60) building.room_recompute=0.0ms(56) power.balance_recompute=0.0ms(56) chunk_manager.topology_rebuild=0.0ms(56) underground.fog_update=0.0ms(56) chunk_manager.streaming_redraw=2.8ms(56) mountain_shadow.visual_rebuild=0.3ms(53)
WARNING: [WorldPerf] WARNING: FrameBudget overrun job_id=chunk_manager.streaming_load category=streaming used_ms=15.29 budget_ms=3.00 over_budget_pct=409.6
   at: push_warning (core/variant/variant_utility.cpp:1034)
   GDScript backtrace (most recent call first):
       [0] report_budget_overrun (res://core/systems/world/world_perf_probe.gd:100)
       [1] _process (res://core/autoloads/frame_budget_dispatcher.gd:76)
[WorldPerf] stream.chunk_border_fix_ms (62, 1)@z0: 2557.07 ms
[WorldPerf] stream.chunk_full_redraw_ms (62, 1)@z0: 2557.23 ms
[CodexValidation] reached waypoint 4/6 at (253952.0, -8192.0)
[WorldPerf] FPS: 102.0
[FrameBudget] streaming=3.3ms topology=0.0ms visual=3.3ms spawn=0.0ms total=6.6ms/6.0ms chunk_manager.streaming_load=3.3ms(60) building.room_recompute=0.0ms(57) power.balance_recompute=0.0ms(57) chunk_manager.topology_rebuild=0.0ms(57) underground.fog_update=0.0ms(57) chunk_manager.streaming_redraw=2.9ms(57) mountain_shadow.visual_rebuild=0.4ms(52)
[WorldPerf] Shadow.edge_cache_compute (62, -3): 83.39 ms
WARNING: [WorldPerf] WARNING: FrameBudget overrun job_id=chunk_manager.topology_rebuild category=topology used_ms=3.69 budget_ms=2.00 over_budget_pct=84.3
   at: push_warning (core/variant/variant_utility.cpp:1034)
   GDScript backtrace (most recent call first):
       [0] report_budget_overrun (res://core/systems/world/world_perf_probe.gd:100)
       [1] _process (res://core/autoloads/frame_budget_dispatcher.gd:76)
WARNING: [WorldPerf] WARNING: FrameBudget overrun job_id=chunk_manager.streaming_redraw category=visual used_ms=4.32 budget_ms=4.00 over_budget_pct=8.0
   at: push_warning (core/variant/variant_utility.cpp:1034)
   GDScript backtrace (most recent call first):
       [0] report_budget_overrun (res://core/systems/world/world_perf_probe.gd:100)
       [1] _process (res://core/autoloads/frame_budget_dispatcher.gd:76)
WARNING: [WorldPerf] WARNING: FrameBudget overrun job_id=mountain_shadow.visual_rebuild category=visual used_ms=1.53 budget_ms=1.00 over_budget_pct=53.0
   at: push_warning (core/variant/variant_utility.cpp:1034)
   GDScript backtrace (most recent call first):
       [0] report_budget_overrun (res://core/systems/world/world_perf_probe.gd:100)
       [1] _process (res://core/autoloads/frame_budget_dispatcher.gd:76)
[WorldPerf] Shadow.edge_cache_compute (0, -3): 68.92 ms
[FrameBudget] streaming=2.7ms topology=0.1ms visual=3.1ms spawn=0.0ms total=5.9ms/6.0ms chunk_manager.streaming_load=2.7ms(60) building.room_recompute=0.0ms(56) power.balance_recompute=0.0ms(56) chunk_manager.topology_rebuild=0.1ms(56) underground.fog_update=0.0ms(56) chunk_manager.streaming_redraw=2.8ms(56) mountain_shadow.visual_rebuild=0.3ms(47)
[WorldPerf] === Frame Summary (300 frames) ===
[WorldPerf] Frame time: avg=9.4 ms, p99=30.4 ms, hitches=4
[WorldPerf] Frame budget: dispatcher=6.6ms streaming=0.0ms streaming_load=3.3ms streaming_redraw=0.0ms topology=0.0ms building=0.0ms power=0.0ms visual=0.0ms shadow=4.8ms spawn=0.0ms total=14.8ms/6.0ms
[WorldPerf] Observability: Scheduler.urgent_visual_wait_ms=10.4ms, scheduler.max_urgent_wait_ms=10.4ms
[WorldPerf] PlayerChunk coord=(63, -2) z=0 trigger=entered_chunk loaded=true visible=true state=full_pending phase=done first_pass=true full_ready=false issues=border_fix_pending ages(first=-ms full=-ms border=1269ms apply=14574ms converge=1269ms) queues(fast=0 urgent=0 near=10 full_near=0 full_far=9) requests(load=false staged=false generating=false) scheduler(step=0.00ms exhausted=false)
WARNING: [WorldPerf] WARNING: FrameBudget overrun job_id=chunk_manager.streaming_load category=streaming used_ms=8.64 budget_ms=3.00 over_budget_pct=187.9
   at: push_warning (core/variant/variant_utility.cpp:1034)
   GDScript backtrace (most recent call first):
       [0] report_budget_overrun (res://core/systems/world/world_perf_probe.gd:100)
       [1] _process (res://core/autoloads/frame_budget_dispatcher.gd:76)
[FrameBudget] streaming=2.1ms topology=0.1ms visual=3.2ms spawn=0.0ms total=5.4ms/6.0ms chunk_manager.streaming_load=2.1ms(60) building.room_recompute=0.0ms(58) power.balance_recompute=0.0ms(58) chunk_manager.topology_rebuild=0.1ms(58) underground.fog_update=0.0ms(58) chunk_manager.streaming_redraw=2.9ms(58) mountain_shadow.visual_rebuild=0.3ms(54)
[WorldPerf] PlayerChunk coord=(0, -2) z=0 trigger=scheduler loaded=true visible=true state=full_pending phase=done first_pass=true full_ready=false issues=border_fix_pending ages(first=-ms full=-ms border=1430ms apply=15150ms converge=1430ms) queues(fast=0 urgent=0 near=9 full_near=0 full_far=11) requests(load=false staged=false generating=false) scheduler(step=0.79ms exhausted=false)
WARNING: [WorldPerf] WARNING: FrameBudget overrun job_id=mountain_shadow.visual_rebuild category=visual used_ms=1.41 budget_ms=1.00 over_budget_pct=41.3
   at: push_warning (core/variant/variant_utility.cpp:1034)
   GDScript backtrace (most recent call first):
       [0] report_budget_overrun (res://core/systems/world/world_perf_probe.gd:100)
       [1] _process (res://core/autoloads/frame_budget_dispatcher.gd:76)
WARNING: [WorldPerf] WARNING: FrameBudget overrun job_id=chunk_manager.topology_rebuild category=topology used_ms=4.28 budget_ms=2.00 over_budget_pct=114.1
   at: push_warning (core/variant/variant_utility.cpp:1034)
   GDScript backtrace (most recent call first):
       [0] report_budget_overrun (res://core/systems/world/world_perf_probe.gd:100)
       [1] _process (res://core/autoloads/frame_budget_dispatcher.gd:76)
[FrameBudget] streaming=2.3ms topology=0.1ms visual=3.3ms spawn=0.0ms total=5.7ms/6.0ms chunk_manager.streaming_load=2.3ms(60) building.room_recompute=0.0ms(58) power.balance_recompute=0.0ms(58) chunk_manager.topology_rebuild=0.1ms(58) underground.fog_update=0.0ms(58) chunk_manager.streaming_redraw=2.9ms(58) mountain_shadow.visual_rebuild=0.4ms(51)
WARNING: [WorldPerf] WARNING: FrameBudget overrun job_id=mountain_shadow.visual_rebuild category=visual used_ms=2.77 budget_ms=1.00 over_budget_pct=176.5
   at: push_warning (core/variant/variant_utility.cpp:1034)
   GDScript backtrace (most recent call first):
       [0] report_budget_overrun (res://core/systems/world/world_perf_probe.gd:100)
       [1] _process (res://core/autoloads/frame_budget_dispatcher.gd:76)
[WorldPerf] Shadow.edge_cache_compute (2, -3): 67.25 ms
WARNING: [WorldPerf] WARNING: FrameBudget overrun job_id=mountain_shadow.visual_rebuild category=visual used_ms=4.05 budget_ms=1.00 over_budget_pct=304.9
   at: push_warning (core/variant/variant_utility.cpp:1034)
   GDScript backtrace (most recent call first):
       [0] report_budget_overrun (res://core/systems/world/world_perf_probe.gd:100)
       [1] _process (res://core/autoloads/frame_budget_dispatcher.gd:76)
[WorldPerf] PlayerChunk coord=(1, -2) z=0 trigger=entered_chunk loaded=true visible=true state=full_pending phase=done first_pass=true full_ready=false issues=border_fix_pending ages(first=-ms full=-ms border=663ms apply=15591ms converge=663ms) queues(fast=0 urgent=0 near=8 full_near=0 full_far=16) requests(load=false staged=false generating=false) scheduler(step=0.00ms exhausted=false)
WARNING: [WorldPerf] WARNING: FrameBudget overrun job_id=chunk_manager.streaming_redraw category=visual used_ms=4.69 budget_ms=4.00 over_budget_pct=17.3
   at: push_warning (core/variant/variant_utility.cpp:1034)
   GDScript backtrace (most recent call first):
       [0] report_budget_overrun (res://core/systems/world/world_perf_probe.gd:100)
       [1] _process (res://core/autoloads/frame_budget_dispatcher.gd:76)
[WorldPerf] stream.chunk_border_fix_ms (62, 0)@z0: 4098.87 ms
[WorldPerf] stream.chunk_full_redraw_ms (62, 0)@z0: 4099.07 ms
WARNING: [WorldPerf] WARNING: FrameBudget overrun job_id=chunk_manager.streaming_redraw category=visual used_ms=14.38 budget_ms=4.00 over_budget_pct=259.5
   at: push_warning (core/variant/variant_utility.cpp:1034)
   GDScript backtrace (most recent call first):
       [0] report_budget_overrun (res://core/systems/world/world_perf_probe.gd:100)
       [1] _process (res://core/autoloads/frame_budget_dispatcher.gd:76)
[WorldPerf] Shadow.edge_cache_compute (3, -2): 185.71 ms
WARNING: [WorldPerf] WARNING: FrameBudget overrun job_id=mountain_shadow.visual_rebuild category=visual used_ms=5.66 budget_ms=1.00 over_budget_pct=466.2
   at: push_warning (core/variant/variant_utility.cpp:1034)
   GDScript backtrace (most recent call first):
       [0] report_budget_overrun (res://core/systems/world/world_perf_probe.gd:100)
       [1] _process (res://core/autoloads/frame_budget_dispatcher.gd:76)
WARNING: [WorldPerf] WARNING: FrameBudget overrun job_id=chunk_manager.streaming_redraw category=visual used_ms=18.68 budget_ms=4.00 over_budget_pct=367.0
   at: push_warning (core/variant/variant_utility.cpp:1034)
   GDScript backtrace (most recent call first):
       [0] report_budget_overrun (res://core/systems/world/world_perf_probe.gd:100)
       [1] _process (res://core/autoloads/frame_budget_dispatcher.gd:76)
WARNING: [WorldPerf] WARNING: FrameBudget overrun job_id=chunk_manager.streaming_load category=streaming used_ms=11.97 budget_ms=3.00 over_budget_pct=299.1
   at: push_warning (core/variant/variant_utility.cpp:1034)
   GDScript backtrace (most recent call first):
       [0] report_budget_overrun (res://core/systems/world/world_perf_probe.gd:100)
       [1] _process (res://core/autoloads/frame_budget_dispatcher.gd:76)
WARNING: [WorldPerf] WARNING: FrameBudget overrun job_id=chunk_manager.topology_rebuild category=topology used_ms=6.42 budget_ms=2.00 over_budget_pct=221.2
   at: push_warning (core/variant/variant_utility.cpp:1034)
   GDScript backtrace (most recent call first):
       [0] report_budget_overrun (res://core/systems/world/world_perf_probe.gd:100)
       [1] _process (res://core/autoloads/frame_budget_dispatcher.gd:76)
[WorldPerf] Shadow.edge_cache_compute (2, -4): 181.26 ms
[CodexValidation] reached waypoint 5/6 at (8192.0, -8192.0)
[WorldPerf] PlayerChunk coord=(2, -2) z=0 trigger=entered_chunk loaded=true visible=true state=full_pending phase=done first_pass=true full_ready=false issues=border_fix_pending ages(first=-ms full=-ms border=619ms apply=16040ms converge=619ms) queues(fast=1 urgent=0 near=8 full_near=0 full_far=2) requests(load=false staged=false generating=false) scheduler(step=0.00ms exhausted=false)
[WorldPerf] Scheduler.fast_visual_wait_ms: 49.68 ms
[FrameBudget] streaming=2.6ms topology=0.1ms visual=5.0ms spawn=0.0ms total=7.8ms/6.0ms chunk_manager.streaming_load=2.6ms(60) building.room_recompute=0.0ms(57) power.balance_recompute=0.0ms(57) chunk_manager.topology_rebuild=0.1ms(57) underground.fog_update=0.0ms(56) chunk_manager.streaming_redraw=3.2ms(56) mountain_shadow.visual_rebuild=1.8ms(50)
[WorldPerf] Shadow.edge_cache_compute (3, -3): 93.88 ms
[WorldPerf] PlayerChunk coord=(1, -2) z=0 trigger=entered_chunk loaded=true visible=true state=full_pending phase=done first_pass=true full_ready=false issues=border_fix_pending ages(first=-ms full=-ms border=1487ms apply=16415ms converge=1487ms) queues(fast=0 urgent=0 near=0 full_near=0 full_far=2) requests(load=false staged=false generating=false) scheduler(step=0.00ms exhausted=false)
[WorldPerf] Shadow.edge_cache_compute (4, -2): 174.30 ms
[WorldPerf] Shadow.edge_cache_compute (4, -1): 79.26 ms
[FrameBudget] streaming=1.2ms topology=0.1ms visual=4.3ms spawn=0.0ms total=5.7ms/6.0ms chunk_manager.streaming_load=1.2ms(60) building.room_recompute=0.0ms(60) power.balance_recompute=0.0ms(60) chunk_manager.topology_rebuild=0.1ms(60) underground.fog_update=0.0ms(59) chunk_manager.streaming_redraw=3.6ms(59) mountain_shadow.visual_rebuild=0.7ms(56)
WARNING: [WorldPerf] WARNING: FrameBudget overrun job_id=mountain_shadow.visual_rebuild category=visual used_ms=2.48 budget_ms=1.00 over_budget_pct=147.6
   at: push_warning (core/variant/variant_utility.cpp:1034)
   GDScript backtrace (most recent call first):
       [0] report_budget_overrun (res://core/systems/world/world_perf_probe.gd:100)
       [1] _process (res://core/autoloads/frame_budget_dispatcher.gd:76)
[WorldPerf] Shadow.edge_cache_compute (4, 0): 145.67 ms
[WorldPerf] PlayerChunk coord=(0, -1) z=0 trigger=scheduler loaded=true visible=true state=full_ready phase=done first_pass=true full_ready=true issues=healthy ages(first=-ms full=-ms border=-ms apply=32353ms converge=9959ms) queues(fast=0 urgent=0 near=5 full_near=0 full_far=12) requests(load=false staged=false generating=false) scheduler(step=0.46ms exhausted=false)
[WorldPerf] stream.chunk_border_fix_ms (62, -1)@z0: 4566.33 ms
[WorldPerf] stream.chunk_full_redraw_ms (62, -1)@z0: 4566.45 ms
WARNING: [WorldPerf] WARNING: FrameBudget overrun job_id=chunk_manager.streaming_redraw category=visual used_ms=5.49 budget_ms=4.00 over_budget_pct=37.2
   at: push_warning (core/variant/variant_utility.cpp:1034)
   GDScript backtrace (most recent call first):
       [0] report_budget_overrun (res://core/systems/world/world_perf_probe.gd:100)
       [1] _process (res://core/autoloads/frame_budget_dispatcher.gd:76)
[FrameBudget] streaming=0.0ms topology=0.0ms visual=4.3ms spawn=0.0ms total=4.4ms/6.0ms chunk_manager.streaming_load=0.0ms(60) building.room_recompute=0.0ms(60) power.balance_recompute=0.0ms(60) chunk_manager.topology_rebuild=0.0ms(60) underground.fog_update=0.0ms(60) chunk_manager.streaming_redraw=3.7ms(60) mountain_shadow.visual_rebuild=0.6ms(60)
[WorldPerf] === Frame Summary (300 frames) ===
[WorldPerf] Frame time: avg=8.8 ms, p99=21.6 ms, hitches=2
[WorldPerf] Frame budget: dispatcher=5.9ms streaming=0.0ms streaming_load=1.6ms streaming_redraw=0.0ms topology=0.1ms building=0.0ms power=0.0ms visual=0.0ms shadow=7.9ms spawn=0.0ms total=15.5ms/6.0ms
[WorldPerf] Observability: Scheduler.urgent_visual_wait_ms=49.7ms, scheduler.max_urgent_wait_ms=49.7ms
[WorldPerf] stream.chunk_border_fix_ms (63, -2)@z0: 3846.41 ms
[WorldPerf] stream.chunk_full_redraw_ms (63, -2)@z0: 3846.55 ms
[WorldPerf] stream.chunk_border_fix_ms (0, -2)@z0: 3482.43 ms
[WorldPerf] stream.chunk_full_redraw_ms (0, -2)@z0: 3482.61 ms
WARNING: [WorldPerf] WARNING: FrameBudget overrun job_id=chunk_manager.streaming_redraw category=visual used_ms=10.70 budget_ms=4.00 over_budget_pct=167.6
   at: push_warning (core/variant/variant_utility.cpp:1034)
   GDScript backtrace (most recent call first):
       [0] report_budget_overrun (res://core/systems/world/world_perf_probe.gd:100)
       [1] _process (res://core/autoloads/frame_budget_dispatcher.gd:76)
[WorldPerf] stream.chunk_border_fix_ms (1, -2)@z0: 2276.78 ms
[WorldPerf] stream.chunk_full_redraw_ms (1, -2)@z0: 2276.99 ms
[WorldPerf] stream.chunk_border_fix_ms (2, -2)@z0: 1729.58 ms
[WorldPerf] stream.chunk_full_redraw_ms (2, -2)@z0: 1729.72 ms
[WorldPerf] stream.chunk_border_fix_ms (62, -2)@z0: 4472.78 ms
[WorldPerf] stream.chunk_full_redraw_ms (62, -2)@z0: 4028.75 ms
[FrameBudget] streaming=0.0ms topology=0.0ms visual=4.7ms spawn=0.0ms total=4.7ms/6.0ms chunk_manager.streaming_load=0.0ms(60) building.room_recompute=0.0ms(60) power.balance_recompute=0.0ms(60) chunk_manager.topology_rebuild=0.0ms(60) underground.fog_update=0.0ms(60) chunk_manager.streaming_redraw=4.5ms(60) mountain_shadow.visual_rebuild=0.1ms(53)
[WorldPerf] stream.chunk_first_pass_ms (62, -3)@z0: 4318.62 ms
[CodexValidation] reached waypoint 6/6 at (0.0, 0.0)
[WorldPerf] PlayerChunk coord=(0, 0) z=0 trigger=scheduler loaded=true visible=true state=full_ready phase=done first_pass=true full_ready=true issues=healthy ages(first=-ms full=-ms border=-ms apply=33081ms converge=10670ms) queues(fast=0 urgent=0 near=0 full_near=0 full_far=18) requests(load=false staged=false generating=false) scheduler(step=0.21ms exhausted=false)
[WorldPerf] stream.chunk_border_fix_ms (62, 2)@z0: 7023.37 ms
[WorldPerf] stream.chunk_full_redraw_ms (62, 2)@z0: 6680.84 ms
[FrameBudget] streaming=0.0ms topology=0.0ms visual=4.1ms spawn=0.0ms total=4.2ms/6.0ms chunk_manager.streaming_load=0.0ms(60) building.room_recompute=0.0ms(60) power.balance_recompute=0.0ms(60) chunk_manager.topology_rebuild=0.0ms(60) underground.fog_update=0.0ms(60) chunk_manager.streaming_redraw=4.0ms(60) mountain_shadow.visual_rebuild=0.2ms(57)
[CodexValidation] route complete: preset=seam_cross reached=6/6 draining_background_work=true
WARNING: [WorldPerf] WARNING: FrameBudget overrun job_id=chunk_manager.streaming_redraw category=visual used_ms=4.55 budget_ms=4.00 over_budget_pct=13.7
   at: push_warning (core/variant/variant_utility.cpp:1034)
   GDScript backtrace (most recent call first):
       [0] report_budget_overrun (res://core/systems/world/world_perf_probe.gd:100)
       [1] _process (res://core/autoloads/frame_budget_dispatcher.gd:76)
[WorldPerf] stream.chunk_first_pass_ms (63, -3)@z0: 5075.79 ms
[WorldPerf] stream.chunk_first_pass_ms (0, -3)@z0: 4707.84 ms
[FrameBudget] streaming=0.0ms topology=0.0ms visual=3.9ms spawn=0.0ms total=3.9ms/6.0ms chunk_manager.streaming_load=0.0ms(60) building.room_recompute=0.0ms(60) power.balance_recompute=0.0ms(60) chunk_manager.topology_rebuild=0.0ms(60) underground.fog_update=0.0ms(60) chunk_manager.streaming_redraw=3.7ms(60) mountain_shadow.visual_rebuild=0.1ms(60)
[WorldPerf] stream.chunk_first_pass_ms (1, -3)@z0: 3667.22 ms
[WorldPerf] FPS: 141.0
[WorldPerf] stream.chunk_first_pass_ms (2, -3)@z0: 3357.93 ms
[FrameBudget] streaming=0.0ms topology=0.0ms visual=3.8ms spawn=0.0ms total=3.8ms/6.0ms chunk_manager.streaming_load=0.0ms(60) building.room_recompute=0.0ms(60) power.balance_recompute=0.0ms(60) chunk_manager.topology_rebuild=0.0ms(60) underground.fog_update=0.0ms(60) chunk_manager.streaming_redraw=3.7ms(60) mountain_shadow.visual_rebuild=0.0ms(60)
[WorldPerf] stream.chunk_first_pass_ms (63, -4)@z0: 4733.31 ms
[WorldPerf] stream.chunk_first_pass_ms (0, -4)@z0: 4729.90 ms
[WorldPerf] stream.chunk_first_pass_ms (1, -4)@z0: 4161.84 ms
[WorldPerf] stream.chunk_first_pass_ms (62, -4)@z0: 5415.86 ms
[WorldPerf] stream.chunk_first_pass_ms (3, -2)@z0: 3552.71 ms
[WorldPerf] stream.chunk_first_pass_ms (3, -1)@z0: 3596.80 ms
[WorldPerf] stream.chunk_first_pass_ms (2, -4)@z0: 3778.89 ms
[FrameBudget] streaming=0.0ms topology=0.0ms visual=3.8ms spawn=0.0ms total=3.8ms/6.0ms chunk_manager.streaming_load=0.0ms(60) building.room_recompute=0.0ms(60) power.balance_recompute=0.0ms(60) chunk_manager.topology_rebuild=0.0ms(60) underground.fog_update=0.0ms(60) chunk_manager.streaming_redraw=3.8ms(60) mountain_shadow.visual_rebuild=0.0ms(60)
[WorldPerf] === Frame Summary (300 frames) ===
[WorldPerf] Frame time: avg=7.1 ms, p99=13.3 ms, hitches=1
[WorldPerf] Frame budget: dispatcher=4.2ms streaming=0.0ms streaming_load=0.0ms streaming_redraw=0.0ms topology=0.0ms building=0.0ms power=0.0ms visual=0.0ms shadow=4.1ms spawn=0.0ms total=8.4ms/6.0ms
[WorldPerf] stream.chunk_first_pass_ms (3, 0)@z0: 3650.27 ms
[CodexValidation] route drain complete; preset=seam_cross reached=6/6 redraw_backlog=false
[WorldPerf] stream.chunk_first_pass_ms (3, -3)@z0: 3237.83 ms
WARNING: ObjectDB instances leaked at exit (run with --verbose for details).
   at: cleanup (core/object/object.cpp:2641)
ERROR: 16 resources still in use at exit (run with --verbose for details).
   at: clear (core/io/resource.cpp:810)
