Godot Engine v4.6.1.stable.official.14d19694e - https://godotengine.org

[WorldPerf] Startup.start_to_loading_screen_visible_ms: 13.45 ms
[WorldPerf] WorldPrePass.compute.sample_height_grid: 150.09 ms
[FrameBudget] streaming=0.0ms topology=0.0ms visual=0.0ms spawn=0.0ms total=0.0ms/6.0ms building.room_recompute=0.0ms(60) power.balance_recompute=0.0ms(60)
[WorldPerf] WorldPrePass.compute.spine_seeds: 399.78 ms
[WorldPerf] WorldPrePass.compute.ridge_graph: 46.95 ms
[WorldPerf] WorldPrePass.compute.ridge_strength_grid.native_total: 0.78 ms
[WorldPerf] WorldPrePass.compute.mountain_mass_grid: 26.98 ms
[FrameBudget] streaming=0.0ms topology=0.0ms visual=0.0ms spawn=0.0ms total=0.0ms/6.0ms building.room_recompute=0.0ms(60) power.balance_recompute=0.0ms(60)
[FrameBudget] streaming=0.0ms topology=0.0ms visual=0.0ms spawn=0.0ms total=0.0ms/6.0ms building.room_recompute=0.0ms(60) power.balance_recompute=0.0ms(60)
[WorldPerf] WorldPrePass.compute.lake_aware_fill.extract_lake_records: 530.87 ms
[WorldPerf] WorldPrePass.compute.lake_aware_fill: 536.04 ms
[FrameBudget] streaming=0.0ms topology=0.0ms visual=0.0ms spawn=0.0ms total=0.0ms/6.0ms building.room_recompute=0.0ms(60) power.balance_recompute=0.0ms(60)
[WorldPerf] WorldPrePass.compute.flow_directions: 697.12 ms
[FrameBudget] streaming=0.0ms topology=0.0ms visual=0.0ms spawn=0.0ms total=0.0ms/6.0ms building.room_recompute=0.0ms(60) power.balance_recompute=0.0ms(60)
[WorldPerf] === Frame Summary (300 frames) ===
[WorldPerf] Frame time: avg=7.4 ms, p99=7.6 ms, hitches=1
[WorldPerf] Frame budget: dispatcher=0.1ms streaming=0.0ms streaming_load=0.0ms streaming_redraw=0.0ms topology=0.0ms building=0.0ms power=0.0ms visual=0.0ms shadow=0.0ms spawn=0.0ms total=0.1ms/6.0ms
[WorldPerf] Observability: Startup.loading_screen_visible=0.0ms, Startup.start_pressed=0.0ms, Startup.start_to_loading_screen_visible_ms=13.5ms
[FrameBudget] streaming=0.0ms topology=0.0ms visual=0.0ms spawn=0.0ms total=0.0ms/6.0ms building.room_recompute=0.0ms(60) power.balance_recompute=0.0ms(60)
[WorldPerf] WorldPrePass.compute.flow_accumulation: 806.24 ms
[WorldPerf] WorldPrePass.compute.floodplain_strength: 11.26 ms
[FrameBudget] streaming=0.0ms topology=0.0ms visual=0.0ms spawn=0.0ms total=0.0ms/6.0ms building.room_recompute=0.0ms(60) power.balance_recompute=0.0ms(60)
[WorldPerf] WorldPrePass.compute.erosion_proxy: 312.08 ms
[FrameBudget] streaming=0.0ms topology=0.0ms visual=0.0ms spawn=0.0ms total=0.0ms/6.0ms building.room_recompute=0.0ms(60) power.balance_recompute=0.0ms(60)
[WorldPerf] WorldPrePass.compute.slope_grid: 408.39 ms
[FrameBudget] streaming=0.0ms topology=0.0ms visual=0.0ms spawn=0.0ms total=0.0ms/6.0ms building.room_recompute=0.0ms(60) power.balance_recompute=0.0ms(60)
[FrameBudget] streaming=0.0ms topology=0.0ms visual=0.0ms spawn=0.0ms total=0.0ms/6.0ms building.room_recompute=0.0ms(60) power.balance_recompute=0.0ms(60)
[WorldPerf] === Frame Summary (300 frames) ===
[WorldPerf] Frame time: avg=6.9 ms, p99=6.9 ms, hitches=0
[WorldPerf] Frame budget: dispatcher=0.1ms streaming=0.0ms streaming_load=0.0ms streaming_redraw=0.0ms topology=0.0ms building=0.0ms power=0.0ms visual=0.0ms shadow=0.0ms spawn=0.0ms total=0.1ms/6.0ms
[WorldPerf] WorldPrePass.compute.rain_shadow: 990.27 ms
[WorldPerf] WorldPrePass.compute.continentalness.seed_water_sources: 26.91 ms
[WorldPerf] WorldPrePass.compute.continentalness: 36.84 ms
[WorldPerf] WorldGenerator._setup_world_pre_pass.configure: 61.17 ms
[WorldPerf] WorldGenerator._setup_world_pre_pass.compute: 4440.95 ms
[WorldPerf] WorldGenerator.initialize_world.setup_world_pre_pass: 4502.12 ms
[WorldGenerator] Native ChunkGenerator initialized (6 biomes, 5 flora sets, 1 decor sets)
[WorldPerf] WorldGenerator.complete_pending_initialize_world.pending_age_ms: 4507.78 ms
[WorldPerf] _init_world_generator: 4510.34 ms
[CodexValidation] runtime validation driver enabled; route_preset=seam_cross
[WorldPerf] GameWorld._setup_after_loading_screen: 4563.61 ms
[ChunkTilesetFactory] rock_atlas=240, wall_base=47, variants=5
[ChunkTilesetFactory] ground_faces: start=259 count=47
[ChunkTilesetFactory] rock_atlas=240, wall_base=47, variants=5
[ChunkTilesetFactory] ground_faces: start=259 count=47
[ChunkTilesetFactory] rock_atlas=240, wall_base=47, variants=5
[ChunkTilesetFactory] ground_faces: start=259 count=47
[ChunkTilesetFactory] rock_atlas=240, wall_base=47, variants=5
[ChunkTilesetFactory] ground_faces: start=259 count=47
[ChunkTilesetFactory] rock_atlas=240, wall_base=47, variants=5
[ChunkTilesetFactory] ground_faces: start=259 count=47
[ChunkTilesetFactory] rock_atlas=240, wall_base=47, variants=5
[ChunkTilesetFactory] ground_faces: start=259 count=47
[ChunkTilesetFactory] rock_atlas=240, wall_base=47, variants=5
[ChunkTilesetFactory] ground_faces: start=259 count=47
[WorldPerf] PlayerChunk coord=(0, 0) z=0 trigger=entered_chunk loaded=false visible=false state=not_loaded phase=none first_pass=false full_ready=false issues=not_loaded,load_queued,first_pass_not_ready ages(first=-ms full=-ms border=-ms apply=-ms converge=-ms) queues(fast=0 urgent=0 near=0 full_near=0 full_far=0) requests(load=true staged=false generating=false) scheduler(step=0.00ms exhausted=false)
[WorldPerf] PlayerChunk coord=(0, 0) z=0 trigger=scheduler loaded=false visible=false state=not_loaded phase=none first_pass=false full_ready=false issues=not_loaded,generating,first_pass_not_ready ages(first=-ms full=-ms border=-ms apply=-ms converge=-ms) queues(fast=0 urgent=0 near=0 full_near=0 full_far=0) requests(load=false staged=false generating=true) scheduler(step=0.01ms exhausted=false)
[FrameBudget] streaming=0.0ms topology=0.0ms visual=0.0ms spawn=0.0ms total=0.1ms/6.0ms building.room_recompute=0.0ms(60) power.balance_recompute=0.0ms(60) chunk_manager.streaming_load=0.0ms(5) chunk_manager.topology_rebuild=0.0ms(5) underground.fog_update=0.0ms(5) chunk_manager.streaming_redraw=0.0ms(5) mountain_shadow.visual_rebuild=0.0ms(5)
[FrameBudget] streaming=0.0ms topology=0.0ms visual=0.0ms spawn=0.0ms total=0.0ms/6.0ms chunk_manager.streaming_load=0.0ms(60) building.room_recompute=0.0ms(60) power.balance_recompute=0.0ms(60) chunk_manager.topology_rebuild=0.0ms(60) underground.fog_update=0.0ms(60) chunk_manager.streaming_redraw=0.0ms(60) mountain_shadow.visual_rebuild=0.0ms(60)
[FrameBudget] streaming=0.0ms topology=0.0ms visual=0.1ms spawn=0.0ms total=0.1ms/6.0ms chunk_manager.streaming_load=0.0ms(60) building.room_recompute=0.0ms(60) power.balance_recompute=0.0ms(60) chunk_manager.topology_rebuild=0.0ms(60) underground.fog_update=0.0ms(60) chunk_manager.streaming_redraw=0.0ms(60) mountain_shadow.visual_rebuild=0.1ms(60)
[WorldPerf] Shadow.edge_cache_compute (0, 0): 355.33 ms
[FrameBudget] streaming=0.0ms topology=0.0ms visual=0.2ms spawn=0.0ms total=0.2ms/6.0ms chunk_manager.streaming_load=0.0ms(60) building.room_recompute=0.0ms(60) power.balance_recompute=0.0ms(60) chunk_manager.topology_rebuild=0.0ms(60) underground.fog_update=0.0ms(60) chunk_manager.streaming_redraw=0.0ms(60) mountain_shadow.visual_rebuild=0.2ms(60)
[WorldPerf] Shadow.edge_cache_compute (0, -1): 263.85 ms
[WorldPerf] stream.chunk_first_pass_ms (0, 0)@z0: 938.41 ms
[FrameBudget] streaming=0.0ms topology=0.0ms visual=0.2ms spawn=0.0ms total=0.2ms/6.0ms chunk_manager.streaming_load=0.0ms(60) building.room_recompute=0.0ms(60) power.balance_recompute=0.0ms(60) chunk_manager.topology_rebuild=0.0ms(60) underground.fog_update=0.0ms(60) chunk_manager.streaming_redraw=0.0ms(60) mountain_shadow.visual_rebuild=0.2ms(60)
[WorldPerf] === Frame Summary (300 frames) ===
[WorldPerf] Frame time: avg=7.4 ms, p99=9.4 ms, hitches=1
[WorldPerf] Frame budget: dispatcher=0.3ms streaming=0.0ms streaming_load=0.0ms streaming_redraw=0.0ms topology=0.0ms building=0.0ms power=0.0ms visual=0.0ms shadow=2.2ms spawn=0.0ms total=2.9ms/6.0ms
[WorldPerf] Boot detail: compute=0.0ms apply=0.0ms redraw=0.0ms topology=0.0ms shadow=0.0ms milestones=0 other=0.3ms | peaks: compute=0.0ms apply=2.7ms redraw=0.0ms topology=0.0ms shadow=0.0ms milestones=0.0ms stream_load=2.9ms stream_redraw=1.2ms
[WorldPerf] Shadow.edge_cache_compute (1, -1): 172.03 ms
WARNING: [WorldPerf] WARNING: FrameBudget overrun job_id=mountain_shadow.visual_rebuild category=visual used_ms=2.53 budget_ms=1.00 over_budget_pct=153.4
   at: push_warning (core/variant/variant_utility.cpp:1034)
   GDScript backtrace (most recent call first):
       [0] report_budget_overrun (res://core/systems/world/world_perf_probe.gd:100)
       [1] _process (res://core/autoloads/frame_budget_dispatcher.gd:76)
[FrameBudget] streaming=0.0ms topology=0.0ms visual=0.7ms spawn=0.0ms total=0.8ms/6.0ms chunk_manager.streaming_load=0.0ms(60) building.room_recompute=0.0ms(60) power.balance_recompute=0.0ms(60) chunk_manager.topology_rebuild=0.0ms(60) underground.fog_update=0.0ms(60) chunk_manager.streaming_redraw=0.0ms(60) mountain_shadow.visual_rebuild=0.7ms(60)
[WorldPerf] Shadow.edge_cache_compute (63, -1): 199.66 ms
[FrameBudget] streaming=0.0ms topology=0.0ms visual=0.9ms spawn=0.0ms total=1.0ms/6.0ms chunk_manager.streaming_load=0.0ms(60) building.room_recompute=0.0ms(60) power.balance_recompute=0.0ms(60) chunk_manager.topology_rebuild=0.0ms(60) underground.fog_update=0.0ms(60) chunk_manager.streaming_redraw=0.0ms(60) mountain_shadow.visual_rebuild=0.9ms(60)
[FrameBudget] streaming=0.0ms topology=0.0ms visual=0.1ms spawn=0.0ms total=0.1ms/6.0ms chunk_manager.streaming_load=0.0ms(60) building.room_recompute=0.0ms(60) power.balance_recompute=0.0ms(60) chunk_manager.topology_rebuild=0.0ms(60) underground.fog_update=0.0ms(60) chunk_manager.streaming_redraw=0.0ms(60) mountain_shadow.visual_rebuild=0.1ms(60)
[WorldPerf] Shadow.edge_cache_compute (1, 1): 200.31 ms
WARNING: [WorldPerf] WARNING: FrameBudget overrun job_id=mountain_shadow.visual_rebuild category=visual used_ms=2.30 budget_ms=1.00 over_budget_pct=130.4
   at: push_warning (core/variant/variant_utility.cpp:1034)
   GDScript backtrace (most recent call first):
       [0] report_budget_overrun (res://core/systems/world/world_perf_probe.gd:100)
       [1] _process (res://core/autoloads/frame_budget_dispatcher.gd:76)
[FrameBudget] streaming=0.0ms topology=0.0ms visual=0.1ms spawn=0.0ms total=0.1ms/6.0ms chunk_manager.streaming_load=0.0ms(60) building.room_recompute=0.0ms(60) power.balance_recompute=0.0ms(60) chunk_manager.topology_rebuild=0.0ms(60) underground.fog_update=0.0ms(60) chunk_manager.streaming_redraw=0.0ms(60) mountain_shadow.visual_rebuild=0.1ms(60)
[FrameBudget] streaming=0.0ms topology=0.0ms visual=0.1ms spawn=0.0ms total=0.1ms/6.0ms chunk_manager.streaming_load=0.0ms(60) building.room_recompute=0.0ms(60) power.balance_recompute=0.0ms(60) chunk_manager.topology_rebuild=0.0ms(60) underground.fog_update=0.0ms(60) chunk_manager.streaming_redraw=0.0ms(60) mountain_shadow.visual_rebuild=0.1ms(60)
[WorldPerf] === Frame Summary (300 frames) ===
[WorldPerf] Frame time: avg=7.0 ms, p99=9.1 ms, hitches=0
[WorldPerf] Frame budget: dispatcher=0.6ms streaming=0.0ms streaming_load=0.0ms streaming_redraw=0.0ms topology=0.0ms building=0.0ms power=0.0ms visual=0.0ms shadow=2.6ms spawn=0.0ms total=3.9ms/6.0ms
[WorldPerf] Boot detail: compute=0.0ms apply=0.0ms redraw=0.0ms topology=0.0ms shadow=0.0ms milestones=0 other=0.7ms | peaks: compute=0.0ms apply=3.4ms redraw=0.0ms topology=0.0ms shadow=0.0ms milestones=0.0ms stream_load=0.0ms stream_redraw=0.0ms
[FrameBudget] streaming=0.0ms topology=0.0ms visual=0.0ms spawn=0.0ms total=0.0ms/6.0ms chunk_manager.streaming_load=0.0ms(60) building.room_recompute=0.0ms(60) power.balance_recompute=0.0ms(60) chunk_manager.topology_rebuild=0.0ms(60) underground.fog_update=0.0ms(60) chunk_manager.streaming_redraw=0.0ms(60) mountain_shadow.visual_rebuild=0.0ms(60)
[FrameBudget] streaming=0.0ms topology=0.0ms visual=0.0ms spawn=0.0ms total=0.0ms/6.0ms chunk_manager.streaming_load=0.0ms(60) building.room_recompute=0.0ms(60) power.balance_recompute=0.0ms(60) chunk_manager.topology_rebuild=0.0ms(60) underground.fog_update=0.0ms(60) chunk_manager.streaming_redraw=0.0ms(60) mountain_shadow.visual_rebuild=0.0ms(60)
[WorldPerf] FPS: 144.0
[WorldPerf] stream.chunk_first_pass_ms (0, -1)@z0: 4170.99 ms
[WorldPerf] stream.chunk_first_pass_ms (1, 0)@z0: 3911.06 ms
[FrameBudget] streaming=0.0ms topology=0.0ms visual=0.0ms spawn=0.0ms total=0.0ms/6.0ms chunk_manager.streaming_load=0.0ms(60) building.room_recompute=0.0ms(60) power.balance_recompute=0.0ms(60) chunk_manager.topology_rebuild=0.0ms(60) underground.fog_update=0.0ms(60) chunk_manager.streaming_redraw=0.0ms(60) mountain_shadow.visual_rebuild=0.0ms(60)
[WorldPerf] stream.chunk_first_pass_ms (63, 0)@z0: 3902.75 ms
[WorldPerf] stream.chunk_first_pass_ms (0, 1)@z0: 3776.13 ms
[WorldPerf] stream.chunk_first_pass_ms (1, -1)@z0: 3761.69 ms
[WorldPerf] stream.chunk_first_pass_ms (63, -1)@z0: 3597.93 ms
[WorldPerf] stream.chunk_first_pass_ms (1, 1)@z0: 3563.50 ms
[WorldPerf] stream.chunk_first_pass_ms (63, 1)@z0: 3522.53 ms
[FrameBudget] streaming=0.0ms topology=0.0ms visual=0.0ms spawn=0.0ms total=0.0ms/6.0ms chunk_manager.streaming_load=0.0ms(60) building.room_recompute=0.0ms(60) power.balance_recompute=0.0ms(60) chunk_manager.topology_rebuild=0.0ms(60) underground.fog_update=0.0ms(60) chunk_manager.streaming_redraw=0.0ms(60) mountain_shadow.visual_rebuild=0.0ms(60)
[FrameBudget] streaming=0.0ms topology=0.0ms visual=0.0ms spawn=0.0ms total=0.0ms/6.0ms chunk_manager.streaming_load=0.0ms(60) building.room_recompute=0.0ms(60) power.balance_recompute=0.0ms(60) chunk_manager.topology_rebuild=0.0ms(60) underground.fog_update=0.0ms(60) chunk_manager.streaming_redraw=0.0ms(60) mountain_shadow.visual_rebuild=0.0ms(60)
[WorldPerf] === Frame Summary (300 frames) ===
[WorldPerf] Frame time: avg=6.9 ms, p99=6.9 ms, hitches=0
[WorldPerf] Frame budget: dispatcher=0.2ms streaming=0.0ms streaming_load=0.0ms streaming_redraw=0.0ms topology=0.0ms building=0.0ms power=0.0ms visual=0.0ms shadow=0.0ms spawn=0.0ms total=0.5ms/6.0ms
[WorldPerf] Boot detail: compute=0.0ms apply=0.0ms redraw=0.0ms topology=0.0ms shadow=0.0ms milestones=0 other=0.3ms | peaks: compute=0.0ms apply=0.0ms redraw=0.0ms topology=0.0ms shadow=0.0ms milestones=0.0ms stream_load=0.0ms stream_redraw=0.0ms
[WorldPerf] stream.chunk_full_redraw_ms (0, 0)@z0: 5509.61 ms
[FrameBudget] streaming=0.0ms topology=0.0ms visual=0.0ms spawn=0.0ms total=0.0ms/6.0ms chunk_manager.streaming_load=0.0ms(60) building.room_recompute=0.0ms(60) power.balance_recompute=0.0ms(60) chunk_manager.topology_rebuild=0.0ms(60) underground.fog_update=0.0ms(60) chunk_manager.streaming_redraw=0.0ms(60) mountain_shadow.visual_rebuild=0.0ms(60)
[FrameBudget] streaming=0.0ms topology=0.0ms visual=0.0ms spawn=0.0ms total=0.0ms/6.0ms chunk_manager.streaming_load=0.0ms(60) building.room_recompute=0.0ms(60) power.balance_recompute=0.0ms(60) chunk_manager.topology_rebuild=0.0ms(60) underground.fog_update=0.0ms(60) chunk_manager.streaming_redraw=0.0ms(60) mountain_shadow.visual_rebuild=0.0ms(60)
[WorldPerf] stream.chunk_full_redraw_ms (0, -1)@z0: 6015.71 ms
[WorldPerf] stream.chunk_full_redraw_ms (1, 0)@z0: 5762.94 ms
[WorldPerf] stream.chunk_full_redraw_ms (63, 0)@z0: 5771.20 ms
[FrameBudget] streaming=0.0ms topology=0.0ms visual=0.0ms spawn=0.0ms total=0.0ms/6.0ms chunk_manager.streaming_load=0.0ms(60) building.room_recompute=0.0ms(60) power.balance_recompute=0.0ms(60) chunk_manager.topology_rebuild=0.0ms(60) underground.fog_update=0.0ms(60) chunk_manager.streaming_redraw=0.0ms(60) mountain_shadow.visual_rebuild=0.0ms(60)
[FrameBudget] streaming=0.0ms topology=0.0ms visual=0.0ms spawn=0.0ms total=0.0ms/6.0ms chunk_manager.streaming_load=0.0ms(60) building.room_recompute=0.0ms(60) power.balance_recompute=0.0ms(60) chunk_manager.topology_rebuild=0.0ms(60) underground.fog_update=0.0ms(60) chunk_manager.streaming_redraw=0.0ms(60) mountain_shadow.visual_rebuild=0.0ms(60)
[FrameBudget] streaming=0.0ms topology=0.0ms visual=0.0ms spawn=0.0ms total=0.0ms/6.0ms chunk_manager.streaming_load=0.0ms(60) building.room_recompute=0.0ms(60) power.balance_recompute=0.0ms(60) chunk_manager.topology_rebuild=0.0ms(60) underground.fog_update=0.0ms(60) chunk_manager.streaming_redraw=0.0ms(60) mountain_shadow.visual_rebuild=0.0ms(60)
[WorldPerf] === Frame Summary (300 frames) ===
[WorldPerf] Frame time: avg=6.9 ms, p99=6.9 ms, hitches=0
[WorldPerf] Frame budget: dispatcher=0.2ms streaming=0.0ms streaming_load=0.0ms streaming_redraw=0.0ms topology=0.0ms building=0.0ms power=0.0ms visual=0.0ms shadow=0.0ms spawn=0.0ms total=0.2ms/6.0ms
[WorldPerf] stream.chunk_full_redraw_ms (0, 1)@z0: 6519.05 ms
[FrameBudget] streaming=0.0ms topology=0.0ms visual=0.0ms spawn=0.0ms total=0.0ms/6.0ms chunk_manager.streaming_load=0.0ms(60) building.room_recompute=0.0ms(60) power.balance_recompute=0.0ms(60) chunk_manager.topology_rebuild=0.0ms(60) underground.fog_update=0.0ms(60) chunk_manager.streaming_redraw=0.0ms(60) mountain_shadow.visual_rebuild=0.0ms(60)
[WorldPerf] stream.chunk_full_redraw_ms (1, -1)@z0: 7049.88 ms
[WorldPerf] stream.chunk_full_redraw_ms (63, -1)@z0: 6844.69 ms
[WorldPerf] stream.chunk_full_redraw_ms (1, 1)@z0: 6824.86 ms
[FrameBudget] streaming=0.0ms topology=0.0ms visual=0.0ms spawn=0.0ms total=0.0ms/6.0ms chunk_manager.streaming_load=0.0ms(60) building.room_recompute=0.0ms(60) power.balance_recompute=0.0ms(60) chunk_manager.topology_rebuild=0.0ms(60) underground.fog_update=0.0ms(60) chunk_manager.streaming_redraw=0.0ms(60) mountain_shadow.visual_rebuild=0.0ms(60)
[FrameBudget] streaming=0.0ms topology=0.0ms visual=0.0ms spawn=0.0ms total=0.0ms/6.0ms chunk_manager.streaming_load=0.0ms(60) building.room_recompute=0.0ms(60) power.balance_recompute=0.0ms(60) chunk_manager.topology_rebuild=0.0ms(60) underground.fog_update=0.0ms(60) chunk_manager.streaming_redraw=0.0ms(60) mountain_shadow.visual_rebuild=0.0ms(60)
[FrameBudget] streaming=0.0ms topology=0.0ms visual=0.0ms spawn=0.0ms total=0.0ms/6.0ms chunk_manager.streaming_load=0.0ms(60) building.room_recompute=0.0ms(60) power.balance_recompute=0.0ms(60) chunk_manager.topology_rebuild=0.0ms(60) underground.fog_update=0.0ms(60) chunk_manager.streaming_redraw=0.0ms(60) mountain_shadow.visual_rebuild=0.0ms(60)
[WorldPerf] stream.chunk_full_redraw_ms (63, 1)@z0: 7839.02 ms
[Boot] first_playable reached (9765.7 ms) | queue_wait=55848.1ms compute=9785.7ms (25 chunks) apply=17.5ms (9 chunks) redraw=0.0ms
[WorldPerf] Startup.loading_screen_visible_to_startup_bubble_ready_ms: 21756.20 ms
WARNING: [WorldPerf] WARNING: FrameBudget overrun job_id=chunk_manager.streaming_load category=streaming used_ms=6.18 budget_ms=3.00 over_budget_pct=106.0
   at: push_warning (core/variant/variant_utility.cpp:1034)
   GDScript backtrace (most recent call first):
       [0] report_budget_overrun (res://core/systems/world/world_perf_probe.gd:100)
       [1] _process (res://core/autoloads/frame_budget_dispatcher.gd:76)
[WorldPerf] PlayerChunk coord=(0, 0) z=0 trigger=scheduler loaded=true visible=true state=full_ready phase=done first_pass=true full_ready=true issues=healthy ages(first=-ms full=-ms border=-ms apply=9072ms converge=9072ms) queues(fast=0 urgent=0 near=1 full_near=0 full_far=0) requests(load=false staged=false generating=false) scheduler(step=0.94ms exhausted=false)
WARNING: [WorldPerf] WARNING: FrameBudget overrun job_id=mountain_shadow.visual_rebuild category=visual used_ms=1.28 budget_ms=1.00 over_budget_pct=28.3
   at: push_warning (core/variant/variant_utility.cpp:1034)
   GDScript backtrace (most recent call first):
       [0] report_budget_overrun (res://core/systems/world/world_perf_probe.gd:100)
       [1] _process (res://core/autoloads/frame_budget_dispatcher.gd:76)
[WorldPerf] FPS: 145.0
WARNING: [WorldPerf] WARNING: FrameBudget overrun job_id=chunk_manager.streaming_redraw category=visual used_ms=4.38 budget_ms=4.00 over_budget_pct=9.5
   at: push_warning (core/variant/variant_utility.cpp:1034)
   GDScript backtrace (most recent call first):
       [0] report_budget_overrun (res://core/systems/world/world_perf_probe.gd:100)
       [1] _process (res://core/autoloads/frame_budget_dispatcher.gd:76)
WARNING: [WorldPerf] WARNING: FrameBudget overrun job_id=chunk_manager.streaming_redraw category=visual used_ms=6.04 budget_ms=4.00 over_budget_pct=51.0
   at: push_warning (core/variant/variant_utility.cpp:1034)
   GDScript backtrace (most recent call first):
       [0] report_budget_overrun (res://core/systems/world/world_perf_probe.gd:100)
       [1] _process (res://core/autoloads/frame_budget_dispatcher.gd:76)
WARNING: [WorldPerf] WARNING: FrameBudget overrun job_id=chunk_manager.streaming_redraw category=visual used_ms=7.49 budget_ms=4.00 over_budget_pct=87.3
   at: push_warning (core/variant/variant_utility.cpp:1034)
   GDScript backtrace (most recent call first):
       [0] report_budget_overrun (res://core/systems/world/world_perf_probe.gd:100)
       [1] _process (res://core/autoloads/frame_budget_dispatcher.gd:76)
WARNING: [WorldPerf] WARNING: FrameBudget overrun job_id=chunk_manager.topology_rebuild category=topology used_ms=3.15 budget_ms=2.00 over_budget_pct=57.3
   at: push_warning (core/variant/variant_utility.cpp:1034)
   GDScript backtrace (most recent call first):
       [0] report_budget_overrun (res://core/systems/world/world_perf_probe.gd:100)
       [1] _process (res://core/autoloads/frame_budget_dispatcher.gd:76)
WARNING: [WorldPerf] WARNING: FrameBudget overrun job_id=mountain_shadow.visual_rebuild category=visual used_ms=3.40 budget_ms=1.00 over_budget_pct=240.0
   at: push_warning (core/variant/variant_utility.cpp:1034)
   GDScript backtrace (most recent call first):
       [0] report_budget_overrun (res://core/systems/world/world_perf_probe.gd:100)
       [1] _process (res://core/autoloads/frame_budget_dispatcher.gd:76)
WARNING: [WorldPerf] WARNING: FrameBudget overrun job_id=chunk_manager.streaming_redraw category=visual used_ms=8.83 budget_ms=4.00 over_budget_pct=120.8
   at: push_warning (core/variant/variant_utility.cpp:1034)
   GDScript backtrace (most recent call first):
       [0] report_budget_overrun (res://core/systems/world/world_perf_probe.gd:100)
       [1] _process (res://core/autoloads/frame_budget_dispatcher.gd:76)
[FrameBudget] streaming=0.8ms topology=0.1ms visual=3.5ms spawn=0.0ms total=4.4ms/6.0ms chunk_manager.streaming_load=0.8ms(60) building.room_recompute=0.0ms(59) power.balance_recompute=0.0ms(59) chunk_manager.topology_rebuild=0.1ms(59) underground.fog_update=0.0ms(59) chunk_manager.streaming_redraw=3.2ms(59) mountain_shadow.visual_rebuild=0.3ms(39)
[WorldPerf] === Frame Summary (300 frames) ===
[WorldPerf] Frame time: avg=7.2 ms, p99=12.0 ms, hitches=0
[WorldPerf] Frame budget: dispatcher=1.0ms streaming=0.0ms streaming_load=0.2ms streaming_redraw=0.0ms topology=0.0ms building=0.0ms power=0.0ms visual=0.0ms shadow=0.8ms spawn=0.0ms total=2.0ms/6.0ms
[WorldPerf] Boot detail: compute=0.0ms apply=0.0ms redraw=0.0ms topology=0.0ms shadow=0.0ms milestones=1 other=0.0ms | peaks: compute=0.0ms apply=0.0ms redraw=0.0ms topology=0.0ms shadow=0.0ms milestones=0.0ms stream_load=6.2ms stream_redraw=1.2ms
[WorldPerf] Observability: Startup.loading_screen_visible_to_startup_bubble_ready_ms=21756.2ms, Startup.startup_bubble_ready=0.0ms
WARNING: [WorldPerf] WARNING: FrameBudget overrun job_id=chunk_manager.streaming_redraw category=visual used_ms=9.93 budget_ms=4.00 over_budget_pct=148.3
   at: push_warning (core/variant/variant_utility.cpp:1034)
   GDScript backtrace (most recent call first):
       [0] report_budget_overrun (res://core/systems/world/world_perf_probe.gd:100)
       [1] _process (res://core/autoloads/frame_budget_dispatcher.gd:76)
[WorldPerf] Shadow.edge_cache_compute (0, -2): 60.27 ms
[FrameBudget] streaming=0.0ms topology=0.0ms visual=7.3ms spawn=0.0ms total=7.3ms/6.0ms chunk_manager.streaming_load=0.0ms(60) building.room_recompute=0.0ms(60) power.balance_recompute=0.0ms(60) chunk_manager.topology_rebuild=0.0ms(60) underground.fog_update=0.0ms(60) chunk_manager.streaming_redraw=7.2ms(60) mountain_shadow.visual_rebuild=0.1ms(14)
[WorldPerf] Shadow.edge_cache_compute (1, -2): 68.88 ms
[WorldPerf] Shadow.edge_cache_compute (2, 1): 65.58 ms
WARNING: [WorldPerf] WARNING: FrameBudget overrun job_id=mountain_shadow.visual_rebuild category=visual used_ms=1.39 budget_ms=1.00 over_budget_pct=38.9
   at: push_warning (core/variant/variant_utility.cpp:1034)
   GDScript backtrace (most recent call first):
       [0] report_budget_overrun (res://core/systems/world/world_perf_probe.gd:100)
       [1] _process (res://core/autoloads/frame_budget_dispatcher.gd:76)
[WorldPerf] Shadow.edge_cache_compute (62, 1): 78.22 ms
[FrameBudget] streaming=0.0ms topology=0.0ms visual=6.2ms spawn=0.0ms total=6.2ms/6.0ms chunk_manager.streaming_load=0.0ms(60) building.room_recompute=0.0ms(60) power.balance_recompute=0.0ms(60) chunk_manager.topology_rebuild=0.0ms(60) underground.fog_update=0.0ms(60) chunk_manager.streaming_redraw=5.6ms(60) mountain_shadow.visual_rebuild=0.6ms(36)
[WorldPerf] Shadow.edge_cache_compute (1, 2): 78.04 ms
WARNING: [WorldPerf] WARNING: FrameBudget overrun job_id=chunk_manager.streaming_redraw category=visual used_ms=8.08 budget_ms=4.00 over_budget_pct=102.0
   at: push_warning (core/variant/variant_utility.cpp:1034)
   GDScript backtrace (most recent call first):
       [0] report_budget_overrun (res://core/systems/world/world_perf_probe.gd:100)
       [1] _process (res://core/autoloads/frame_budget_dispatcher.gd:76)
WARNING: [WorldPerf] WARNING: FrameBudget overrun job_id=chunk_manager.streaming_redraw category=visual used_ms=9.99 budget_ms=4.00 over_budget_pct=149.8
   at: push_warning (core/variant/variant_utility.cpp:1034)
   GDScript backtrace (most recent call first):
       [0] report_budget_overrun (res://core/systems/world/world_perf_probe.gd:100)
       [1] _process (res://core/autoloads/frame_budget_dispatcher.gd:76)
[FrameBudget] streaming=0.0ms topology=0.0ms visual=6.3ms spawn=0.0ms total=6.4ms/6.0ms chunk_manager.streaming_load=0.0ms(60) building.room_recompute=0.0ms(60) power.balance_recompute=0.0ms(60) chunk_manager.topology_rebuild=0.0ms(60) underground.fog_update=0.0ms(60) chunk_manager.streaming_redraw=6.2ms(60) mountain_shadow.visual_rebuild=0.1ms(26)
[WorldPerf] Shadow.edge_cache_compute (2, -2): 123.65 ms
[FrameBudget] streaming=0.0ms topology=0.0ms visual=6.5ms spawn=0.0ms total=6.6ms/6.0ms chunk_manager.streaming_load=0.0ms(60) building.room_recompute=0.0ms(60) power.balance_recompute=0.0ms(60) chunk_manager.topology_rebuild=0.0ms(60) underground.fog_update=0.0ms(60) chunk_manager.streaming_redraw=6.5ms(60) mountain_shadow.visual_rebuild=0.1ms(19)
[WorldPerf] Shadow.stale_age_ms: 2529.00 ms
[FrameBudget] streaming=0.0ms topology=0.0ms visual=5.7ms spawn=0.0ms total=5.8ms/6.0ms chunk_manager.streaming_load=0.0ms(60) building.room_recompute=0.0ms(60) power.balance_recompute=0.0ms(60) chunk_manager.topology_rebuild=0.0ms(60) underground.fog_update=0.0ms(60) chunk_manager.streaming_redraw=5.7ms(60) mountain_shadow.visual_rebuild=0.1ms(30)
[WorldPerf] === Frame Summary (300 frames) ===
[WorldPerf] Frame time: avg=8.0 ms, p99=11.0 ms, hitches=0
[WorldPerf] Frame budget: dispatcher=6.6ms streaming=0.0ms streaming_load=0.0ms streaming_redraw=0.0ms topology=0.0ms building=0.0ms power=0.0ms visual=0.0ms shadow=16.8ms spawn=0.0ms total=23.4ms/6.0ms
[WorldPerf] Observability: Shadow.stale_age_ms=2529.0ms
WARNING: [WorldPerf] WARNING: FrameBudget overrun job_id=chunk_manager.streaming_redraw category=visual used_ms=6.75 budget_ms=4.00 over_budget_pct=68.8
   at: push_warning (core/variant/variant_utility.cpp:1034)
   GDScript backtrace (most recent call first):
       [0] report_budget_overrun (res://core/systems/world/world_perf_probe.gd:100)
       [1] _process (res://core/autoloads/frame_budget_dispatcher.gd:76)
[FrameBudget] streaming=0.0ms topology=0.0ms visual=3.2ms spawn=0.0ms total=3.3ms/6.0ms chunk_manager.streaming_load=0.0ms(60) building.room_recompute=0.0ms(60) power.balance_recompute=0.0ms(60) chunk_manager.topology_rebuild=0.0ms(60) underground.fog_update=0.0ms(60) chunk_manager.streaming_redraw=3.2ms(60) mountain_shadow.visual_rebuild=0.0ms(59)
[FrameBudget] streaming=0.0ms topology=0.0ms visual=2.9ms spawn=0.0ms total=2.9ms/6.0ms chunk_manager.streaming_load=0.0ms(60) building.room_recompute=0.0ms(60) power.balance_recompute=0.0ms(60) chunk_manager.topology_rebuild=0.0ms(60) underground.fog_update=0.0ms(60) chunk_manager.streaming_redraw=2.9ms(60) mountain_shadow.visual_rebuild=0.0ms(60)
[FrameBudget] streaming=0.0ms topology=0.0ms visual=2.8ms spawn=0.0ms total=2.9ms/6.0ms chunk_manager.streaming_load=0.0ms(60) building.room_recompute=0.0ms(60) power.balance_recompute=0.0ms(60) chunk_manager.topology_rebuild=0.0ms(60) underground.fog_update=0.0ms(60) chunk_manager.streaming_redraw=2.8ms(60) mountain_shadow.visual_rebuild=0.0ms(60)
WARNING: [WorldPerf] WARNING: FrameBudget overrun job_id=chunk_manager.streaming_redraw category=visual used_ms=4.66 budget_ms=4.00 over_budget_pct=16.5
   at: push_warning (core/variant/variant_utility.cpp:1034)
   GDScript backtrace (most recent call first):
       [0] report_budget_overrun (res://core/systems/world/world_perf_probe.gd:100)
       [1] _process (res://core/autoloads/frame_budget_dispatcher.gd:76)
[WorldPerf] stream.chunk_first_pass_ms (0, -2)@z0: 4289.62 ms
WARNING: [WorldPerf] WARNING: FrameBudget overrun job_id=chunk_manager.streaming_redraw category=visual used_ms=10.52 budget_ms=4.00 over_budget_pct=163.0
   at: push_warning (core/variant/variant_utility.cpp:1034)
   GDScript backtrace (most recent call first):
       [0] report_budget_overrun (res://core/systems/world/world_perf_probe.gd:100)
       [1] _process (res://core/autoloads/frame_budget_dispatcher.gd:76)
[WorldPerf] stream.chunk_first_pass_ms (2, 0)@z0: 4309.53 ms
[WorldPerf] stream.chunk_first_pass_ms (62, 0)@z0: 4311.53 ms
[WorldPerf] stream.chunk_first_pass_ms (0, 2)@z0: 4309.55 ms
[WorldPerf] stream.chunk_first_pass_ms (1, -2)@z0: 4314.84 ms
[WorldPerf] stream.chunk_first_pass_ms (63, -2)@z0: 4314.74 ms
[WorldPerf] stream.chunk_first_pass_ms (2, -1)@z0: 4314.18 ms
[FrameBudget] streaming=0.0ms topology=0.0ms visual=3.2ms spawn=0.0ms total=3.2ms/6.0ms chunk_manager.streaming_load=0.0ms(60) building.room_recompute=0.0ms(60) power.balance_recompute=0.0ms(60) chunk_manager.topology_rebuild=0.0ms(60) underground.fog_update=0.0ms(60) chunk_manager.streaming_redraw=3.2ms(60) mountain_shadow.visual_rebuild=0.0ms(59)
[WorldPerf] stream.chunk_first_pass_ms (62, -1)@z0: 4312.36 ms
[WorldPerf] stream.chunk_first_pass_ms (2, 1)@z0: 4304.86 ms
[WorldPerf] stream.chunk_first_pass_ms (62, 1)@z0: 4307.20 ms
[WorldPerf] stream.chunk_first_pass_ms (1, 2)@z0: 4306.39 ms
[WorldPerf] stream.chunk_first_pass_ms (63, 2)@z0: 4296.88 ms
[WorldPerf] stream.chunk_first_pass_ms (2, -2)@z0: 4292.61 ms
[WorldPerf] stream.chunk_first_pass_ms (62, -2)@z0: 4280.08 ms
[WorldPerf] stream.chunk_first_pass_ms (2, 2)@z0: 4268.81 ms
[WorldPerf] stream.chunk_first_pass_ms (62, 2)@z0: 4266.76 ms
[FrameBudget] streaming=0.0ms topology=0.0ms visual=3.8ms spawn=0.0ms total=3.9ms/6.0ms chunk_manager.streaming_load=0.0ms(60) building.room_recompute=0.0ms(60) power.balance_recompute=0.0ms(60) chunk_manager.topology_rebuild=0.0ms(60) underground.fog_update=0.0ms(60) chunk_manager.streaming_redraw=3.8ms(60) mountain_shadow.visual_rebuild=0.0ms(59)
[WorldPerf] === Frame Summary (300 frames) ===
[WorldPerf] Frame time: avg=6.9 ms, p99=8.3 ms, hitches=0
[WorldPerf] Frame budget: dispatcher=3.4ms streaming=0.0ms streaming_load=0.0ms streaming_redraw=0.0ms topology=0.0ms building=0.0ms power=0.0ms visual=0.0ms shadow=3.2ms spawn=0.0ms total=6.6ms/6.0ms
[WorldPerf] FPS: 145.0
[FrameBudget] streaming=0.0ms topology=0.0ms visual=3.8ms spawn=0.0ms total=3.9ms/6.0ms chunk_manager.streaming_load=0.0ms(60) building.room_recompute=0.0ms(60) power.balance_recompute=0.0ms(60) chunk_manager.topology_rebuild=0.0ms(60) underground.fog_update=0.0ms(60) chunk_manager.streaming_redraw=3.8ms(60) mountain_shadow.visual_rebuild=0.0ms(59)
WARNING: [WorldPerf] WARNING: FrameBudget overrun job_id=chunk_manager.streaming_redraw category=visual used_ms=9.45 budget_ms=4.00 over_budget_pct=136.1
   at: push_warning (core/variant/variant_utility.cpp:1034)
   GDScript backtrace (most recent call first):
       [0] report_budget_overrun (res://core/systems/world/world_perf_probe.gd:100)
       [1] _process (res://core/autoloads/frame_budget_dispatcher.gd:76)
[WorldPerf] stream.chunk_full_redraw_ms (0, -2)@z0: 5383.99 ms
[WorldPerf] stream.chunk_full_redraw_ms (2, 0)@z0: 5509.38 ms
[FrameBudget] streaming=0.0ms topology=0.0ms visual=3.7ms spawn=0.0ms total=3.7ms/6.0ms chunk_manager.streaming_load=0.0ms(60) building.room_recompute=0.0ms(60) power.balance_recompute=0.0ms(60) chunk_manager.topology_rebuild=0.0ms(60) underground.fog_update=0.0ms(60) chunk_manager.streaming_redraw=3.7ms(60) mountain_shadow.visual_rebuild=0.0ms(58)
[WorldPerf] stream.chunk_full_redraw_ms (62, 0)@z0: 5630.40 ms
[WorldPerf] stream.chunk_full_redraw_ms (0, 2)@z0: 5686.13 ms
[WorldPerf] stream.chunk_border_fix_ms (0, -1)@z0: 5738.62 ms
[WorldPerf] stream.chunk_full_redraw_ms (0, -1)@z0: 5738.77 ms
[WorldPerf] stream.chunk_border_fix_ms (1, 0)@z0: 5777.90 ms
[WorldPerf] stream.chunk_full_redraw_ms (1, 0)@z0: 5778.04 ms
[WorldPerf] stream.chunk_border_fix_ms (63, 0)@z0: 5785.46 ms
[WorldPerf] stream.chunk_full_redraw_ms (63, 0)@z0: 5785.59 ms
[WorldPerf] stream.chunk_full_redraw_ms (1, -2)@z0: 5774.95 ms
[WorldPerf] stream.chunk_border_fix_ms (0, 1)@z0: 5796.92 ms
[WorldPerf] stream.chunk_full_redraw_ms (0, 1)@z0: 5797.06 ms
[WorldPerf] stream.chunk_full_redraw_ms (63, -2)@z0: 5836.43 ms
[WorldPerf] stream.chunk_full_redraw_ms (2, -1)@z0: 5842.07 ms
[WorldPerf] stream.chunk_full_redraw_ms (2, 1)@z0: 5879.59 ms
[WorldPerf] stream.chunk_full_redraw_ms (62, -1)@z0: 5900.84 ms
[WorldPerf] stream.chunk_border_fix_ms (1, -1)@z0: 5955.09 ms
[WorldPerf] stream.chunk_full_redraw_ms (1, -1)@z0: 5939.27 ms
[WorldPerf] stream.chunk_border_fix_ms (63, -1)@z0: 5960.52 ms
[WorldPerf] stream.chunk_full_redraw_ms (63, -1)@z0: 5944.51 ms
[WorldPerf] stream.chunk_border_fix_ms (1, 1)@z0: 5963.15 ms
[WorldPerf] stream.chunk_full_redraw_ms (1, 1)@z0: 5953.62 ms
[WorldPerf] stream.chunk_border_fix_ms (63, 1)@z0: 5954.99 ms
[WorldPerf] stream.chunk_full_redraw_ms (63, 1)@z0: 5943.69 ms
[Boot] first_playable reached (15840.7 ms) | queue_wait=55848.1ms compute=9785.7ms (25 chunks) apply=17.5ms (9 chunks) redraw=0.0ms
[FrameBudget] streaming=0.0ms topology=0.0ms visual=3.6ms spawn=0.0ms total=3.6ms/6.0ms chunk_manager.streaming_load=0.0ms(60) building.room_recompute=0.0ms(60) power.balance_recompute=0.0ms(60) chunk_manager.topology_rebuild=0.0ms(60) underground.fog_update=0.0ms(60) chunk_manager.streaming_redraw=3.6ms(60) mountain_shadow.visual_rebuild=0.0ms(60)
[WorldPerf] stream.chunk_full_redraw_ms (62, 1)@z0: 6002.50 ms
[WorldPerf] stream.chunk_full_redraw_ms (1, 2)@z0: 6050.95 ms
[WorldPerf] stream.chunk_full_redraw_ms (63, 2)@z0: 6077.42 ms
[WorldPerf] stream.chunk_full_redraw_ms (62, -2)@z0: 6080.69 ms
[WorldPerf] stream.chunk_full_redraw_ms (2, -2)@z0: 6116.35 ms
[WorldPerf] stream.chunk_full_redraw_ms (2, 2)@z0: 6105.10 ms
[WorldPerf] stream.chunk_full_redraw_ms (62, 2)@z0: 6133.98 ms
[Boot] boot_complete reached (16089.0 ms) | queue_wait=55848.1ms compute=9785.7ms (25 chunks) apply=17.5ms (9 chunks) redraw=0.0ms
[WorldPerf] Startup.startup_bubble_ready_to_boot_complete_ms: 6308.62 ms
[CodexValidation] route prepared: preset=seam_cross waypoints=6 start=(0.0, 0.0) chunk_pixels=4096.0
[CodexValidation] room validation prepared at (4, 4)
[CodexValidation] power validation prepared at (8, 4)
[CodexValidation] mining validation prepared at (59, 0)
[CodexValidation] boot complete; route prepared
[FrameBudget] streaming=0.0ms topology=0.0ms visual=2.0ms spawn=0.0ms total=2.0ms/6.0ms chunk_manager.streaming_load=0.0ms(60) building.room_recompute=0.0ms(60) power.balance_recompute=0.0ms(60) chunk_manager.topology_rebuild=0.0ms(60) underground.fog_update=0.0ms(60) chunk_manager.streaming_redraw=2.0ms(60) mountain_shadow.visual_rebuild=0.0ms(60)
[CodexValidation] built validation room
[CodexValidation] removed validation room wall (5, 4)
[FrameBudget] streaming=0.0ms topology=0.0ms visual=0.1ms spawn=0.0ms total=0.2ms/6.0ms chunk_manager.streaming_load=0.0ms(60) building.room_recompute=0.0ms(60) power.balance_recompute=0.0ms(60) chunk_manager.topology_rebuild=0.0ms(60) underground.fog_update=0.0ms(60) chunk_manager.streaming_redraw=0.1ms(60) mountain_shadow.visual_rebuild=0.0ms(60)
[WorldPerf] === Frame Summary (300 frames) ===
[WorldPerf] Frame time: avg=7.1 ms, p99=8.9 ms, hitches=0
[WorldPerf] Frame budget: dispatcher=2.8ms streaming=0.0ms streaming_load=0.0ms streaming_redraw=0.0ms topology=0.0ms building=0.0ms power=0.0ms visual=0.0ms shadow=2.6ms spawn=0.0ms total=5.5ms/6.0ms
[WorldPerf] Boot detail: compute=0.0ms apply=0.0ms redraw=0.0ms topology=0.0ms shadow=0.0ms milestones=2 other=0.0ms | peaks: compute=0.0ms apply=0.0ms redraw=0.0ms topology=0.0ms shadow=0.0ms milestones=0.0ms stream_load=0.0ms stream_redraw=0.0ms
[WorldPerf] Observability: Startup.boot_complete=0.0ms, Startup.startup_bubble_ready_to_boot_complete_ms=6308.6ms
[CodexValidation] re-placed validation room wall (5, 4)
[CodexValidation] destroyed validation room wall (4, 5)
[CodexValidation] room validation complete
[CodexValidation] placed validation battery (8, 4)
[CodexValidation] removed validation battery (8, 4)
[FrameBudget] streaming=0.0ms topology=0.1ms visual=0.1ms spawn=0.0ms total=0.2ms/6.0ms chunk_manager.streaming_load=0.0ms(60) building.room_recompute=0.1ms(60) power.balance_recompute=0.0ms(60) chunk_manager.topology_rebuild=0.0ms(60) underground.fog_update=0.0ms(60) chunk_manager.streaming_redraw=0.1ms(60) mountain_shadow.visual_rebuild=0.0ms(60)
[CodexValidation] power validation complete
[CodexValidation] mined entry tile (59, 0)
[WorldPerf] PlayerChunk coord=(0, 0) z=0 trigger=scheduler loaded=true visible=true state=full_pending phase=done first_pass=true full_ready=false issues=border_fix_pending ages(first=-ms full=-ms border=2ms apply=16392ms converge=2ms) queues(fast=0 urgent=0 near=0 full_near=0 full_far=0) requests(load=false staged=false generating=false) scheduler(step=0.72ms exhausted=false)
[WorldPerf] PlayerChunk coord=(0, 0) z=0 trigger=scheduler loaded=true visible=true state=full_ready phase=done first_pass=true full_ready=true issues=healthy ages(first=-ms full=-ms border=-ms apply=16393ms converge=2ms) queues(fast=0 urgent=0 near=0 full_near=0 full_far=0) requests(load=false staged=false generating=false) scheduler(step=0.29ms exhausted=false)
[CodexValidation] mined interior tile (60, 0)
[WorldPerf] PlayerChunk coord=(0, 0) z=0 trigger=scheduler loaded=true visible=true state=full_pending phase=done first_pass=true full_ready=false issues=border_fix_pending ages(first=-ms full=-ms border=2ms apply=16537ms converge=2ms) queues(fast=0 urgent=0 near=0 full_near=0 full_far=0) requests(load=false staged=false generating=false) scheduler(step=0.73ms exhausted=false)
[WorldPerf] PlayerChunk coord=(0, 0) z=0 trigger=scheduler loaded=true visible=true state=full_ready phase=done first_pass=true full_ready=true issues=healthy ages(first=-ms full=-ms border=-ms apply=16538ms converge=2ms) queues(fast=0 urgent=0 near=0 full_near=0 full_far=0) requests(load=false staged=false generating=false) scheduler(step=0.28ms exhausted=false)
[CodexValidation] mined deeper tile (61, 0)
[WorldPerf] PlayerChunk coord=(0, 0) z=0 trigger=scheduler loaded=true visible=true state=full_pending phase=done first_pass=true full_ready=false issues=border_fix_pending ages(first=-ms full=-ms border=2ms apply=16683ms converge=2ms) queues(fast=0 urgent=0 near=0 full_near=0 full_far=0) requests(load=false staged=false generating=false) scheduler(step=0.73ms exhausted=false)
[WorldPerf] PlayerChunk coord=(0, 0) z=0 trigger=scheduler loaded=true visible=true state=full_ready phase=done first_pass=true full_ready=true issues=healthy ages(first=-ms full=-ms border=-ms apply=16683ms converge=2ms) queues(fast=0 urgent=0 near=0 full_near=0 full_far=0) requests(load=false staged=false generating=false) scheduler(step=0.29ms exhausted=false)
[FrameBudget] streaming=0.0ms topology=0.0ms visual=0.2ms spawn=0.0ms total=0.3ms/6.0ms chunk_manager.streaming_load=0.0ms(60) building.room_recompute=0.0ms(60) power.balance_recompute=0.0ms(60) chunk_manager.topology_rebuild=0.0ms(60) underground.fog_update=0.0ms(60) chunk_manager.streaming_redraw=0.2ms(60) mountain_shadow.visual_rebuild=0.1ms(60)
[CodexValidation] moved player back to exterior tile (58, 0)
[CodexValidation] mining + persistence validation complete
[CodexValidation] route start: preset=seam_cross waypoints=6
[WorldPerf] PlayerChunk coord=(1, 0) z=0 trigger=scheduler loaded=true visible=true state=full_ready phase=done first_pass=true full_ready=true issues=healthy ages(first=-ms full=-ms border=-ms apply=16655ms converge=7953ms) queues(fast=0 urgent=0 near=0 full_near=0 full_far=0) requests(load=false staged=false generating=false) scheduler(step=0.01ms exhausted=false)
[FrameBudget] streaming=1.2ms topology=0.0ms visual=0.1ms spawn=0.0ms total=1.4ms/6.0ms chunk_manager.streaming_load=1.2ms(60) building.room_recompute=0.0ms(60) power.balance_recompute=0.0ms(60) chunk_manager.topology_rebuild=0.0ms(60) underground.fog_update=0.0ms(60) chunk_manager.streaming_redraw=0.1ms(60) mountain_shadow.visual_rebuild=0.0ms(60)
WARNING: [WorldPerf] WARNING: FrameBudget overrun job_id=chunk_manager.streaming_load category=streaming used_ms=3.09 budget_ms=3.00 over_budget_pct=3.1
   at: push_warning (core/variant/variant_utility.cpp:1034)
   GDScript backtrace (most recent call first):
       [0] report_budget_overrun (res://core/systems/world/world_perf_probe.gd:100)
       [1] _process (res://core/autoloads/frame_budget_dispatcher.gd:76)
WARNING: [WorldPerf] WARNING: FrameBudget overrun job_id=chunk_manager.streaming_load category=streaming used_ms=8.77 budget_ms=3.00 over_budget_pct=192.4
   at: push_warning (core/variant/variant_utility.cpp:1034)
   GDScript backtrace (most recent call first):
       [0] report_budget_overrun (res://core/systems/world/world_perf_probe.gd:100)
       [1] _process (res://core/autoloads/frame_budget_dispatcher.gd:76)
WARNING: [WorldPerf] WARNING: FrameBudget overrun job_id=chunk_manager.streaming_load category=streaming used_ms=11.08 budget_ms=3.00 over_budget_pct=269.2
   at: push_warning (core/variant/variant_utility.cpp:1034)
   GDScript backtrace (most recent call first):
       [0] report_budget_overrun (res://core/systems/world/world_perf_probe.gd:100)
       [1] _process (res://core/autoloads/frame_budget_dispatcher.gd:76)
[CodexValidation] reached waypoint 1/6 at (8192.0, 0.0)
[WorldPerf] PlayerChunk coord=(2, 0) z=0 trigger=entered_chunk loaded=true visible=true state=full_pending phase=done first_pass=true full_ready=false issues=border_fix_pending ages(first=-ms full=-ms border=39ms apply=8459ms converge=39ms) queues(fast=1 urgent=0 near=2 full_near=0 full_far=0) requests(load=false staged=false generating=false) scheduler(step=0.00ms exhausted=false)
WARNING: [WorldPerf] WARNING: FrameBudget overrun job_id=chunk_manager.streaming_redraw category=visual used_ms=4.09 budget_ms=4.00 over_budget_pct=2.4
   at: push_warning (core/variant/variant_utility.cpp:1034)
   GDScript backtrace (most recent call first):
       [0] report_budget_overrun (res://core/systems/world/world_perf_probe.gd:100)
       [1] _process (res://core/autoloads/frame_budget_dispatcher.gd:76)
[FrameBudget] streaming=3.2ms topology=0.0ms visual=1.3ms spawn=0.0ms total=4.5ms/6.0ms chunk_manager.streaming_load=3.2ms(60) building.room_recompute=0.0ms(57) power.balance_recompute=0.0ms(57) chunk_manager.topology_rebuild=0.0ms(57) underground.fog_update=0.0ms(57) chunk_manager.streaming_redraw=1.2ms(57) mountain_shadow.visual_rebuild=0.1ms(45)
WARNING: [WorldPerf] WARNING: FrameBudget overrun job_id=chunk_manager.streaming_load category=streaming used_ms=12.66 budget_ms=3.00 over_budget_pct=322.1
   at: push_warning (core/variant/variant_utility.cpp:1034)
   GDScript backtrace (most recent call first):
       [0] report_budget_overrun (res://core/systems/world/world_perf_probe.gd:100)
       [1] _process (res://core/autoloads/frame_budget_dispatcher.gd:76)
WARNING: [WorldPerf] WARNING: FrameBudget overrun job_id=mountain_shadow.visual_rebuild category=visual used_ms=1.16 budget_ms=1.00 over_budget_pct=16.1
   at: push_warning (core/variant/variant_utility.cpp:1034)
   GDScript backtrace (most recent call first):
       [0] report_budget_overrun (res://core/systems/world/world_perf_probe.gd:100)
       [1] _process (res://core/autoloads/frame_budget_dispatcher.gd:76)
WARNING: [WorldPerf] WARNING: FrameBudget overrun job_id=chunk_manager.streaming_redraw category=visual used_ms=5.47 budget_ms=4.00 over_budget_pct=36.8
   at: push_warning (core/variant/variant_utility.cpp:1034)
   GDScript backtrace (most recent call first):
       [0] report_budget_overrun (res://core/systems/world/world_perf_probe.gd:100)
       [1] _process (res://core/autoloads/frame_budget_dispatcher.gd:76)
[FrameBudget] streaming=3.4ms topology=0.0ms visual=3.8ms spawn=0.0ms total=7.3ms/6.0ms chunk_manager.streaming_load=3.4ms(60) building.room_recompute=0.0ms(56) power.balance_recompute=0.0ms(56) chunk_manager.topology_rebuild=0.0ms(56) underground.fog_update=0.0ms(56) chunk_manager.streaming_redraw=3.6ms(56) mountain_shadow.visual_rebuild=0.2ms(15)
[WorldPerf] === Frame Summary (300 frames) ===
[WorldPerf] Frame time: avg=7.7 ms, p99=16.2 ms, hitches=1
[WorldPerf] Frame budget: dispatcher=2.9ms streaming=0.0ms streaming_load=1.6ms streaming_redraw=0.0ms topology=0.0ms building=0.0ms power=0.0ms visual=0.0ms shadow=1.2ms spawn=0.0ms total=5.7ms/6.0ms
[WorldPerf] Observability: Scheduler.urgent_visual_wait_ms=7.7ms, scheduler.max_urgent_wait_ms=7.7ms
[WorldPerf] PlayerChunk coord=(2, 1) z=0 trigger=entered_chunk loaded=true visible=true state=full_pending phase=done first_pass=true full_ready=false issues=border_fix_pending ages(first=-ms full=-ms border=850ms apply=9195ms converge=850ms) queues(fast=0 urgent=0 near=6 full_near=0 full_far=1) requests(load=false staged=false generating=false) scheduler(step=0.00ms exhausted=false)
[WorldPerf] Shadow.edge_cache_compute (3, 1): 194.41 ms
WARNING: [WorldPerf] WARNING: FrameBudget overrun job_id=mountain_shadow.visual_rebuild category=visual used_ms=4.86 budget_ms=1.00 over_budget_pct=386.3
   at: push_warning (core/variant/variant_utility.cpp:1034)
   GDScript backtrace (most recent call first):
       [0] report_budget_overrun (res://core/systems/world/world_perf_probe.gd:100)
       [1] _process (res://core/autoloads/frame_budget_dispatcher.gd:76)
[CodexValidation] reached waypoint 2/6 at (8192.0, 8192.0)
[WorldPerf] PlayerChunk coord=(2, 2) z=0 trigger=entered_chunk loaded=true visible=true state=full_pending phase=done first_pass=true full_ready=false issues=border_fix_pending ages(first=-ms full=-ms border=889ms apply=9635ms converge=61ms) queues(fast=1 urgent=0 near=6 full_near=0 full_far=3) requests(load=false staged=false generating=false) scheduler(step=0.00ms exhausted=false)
[WorldPerf] Scheduler.fast_visual_wait_ms: 9.69 ms
[FrameBudget] streaming=3.3ms topology=0.0ms visual=3.2ms spawn=0.0ms total=6.5ms/6.0ms chunk_manager.streaming_load=3.3ms(60) building.room_recompute=0.0ms(57) power.balance_recompute=0.0ms(57) chunk_manager.topology_rebuild=0.0ms(57) underground.fog_update=0.0ms(57) chunk_manager.streaming_redraw=3.0ms(57) mountain_shadow.visual_rebuild=0.2ms(27)
WARNING: [WorldPerf] WARNING: FrameBudget overrun job_id=chunk_manager.streaming_load category=streaming used_ms=11.45 budget_ms=3.00 over_budget_pct=281.6
   at: push_warning (core/variant/variant_utility.cpp:1034)
   GDScript backtrace (most recent call first):
       [0] report_budget_overrun (res://core/systems/world/world_perf_probe.gd:100)
       [1] _process (res://core/autoloads/frame_budget_dispatcher.gd:76)
[WorldPerf] Shadow.edge_cache_compute (3, 2): 90.97 ms
WARNING: [WorldPerf] WARNING: FrameBudget overrun job_id=chunk_manager.streaming_redraw category=visual used_ms=4.08 budget_ms=4.00 over_budget_pct=2.1
   at: push_warning (core/variant/variant_utility.cpp:1034)
   GDScript backtrace (most recent call first):
       [0] report_budget_overrun (res://core/systems/world/world_perf_probe.gd:100)
       [1] _process (res://core/autoloads/frame_budget_dispatcher.gd:76)
[WorldPerf] PlayerChunk coord=(1, 2) z=0 trigger=entered_chunk loaded=true visible=true state=full_pending phase=done first_pass=true full_ready=false issues=border_fix_pending ages(first=-ms full=-ms border=214ms apply=9985ms converge=214ms) queues(fast=0 urgent=0 near=6 full_near=0 full_far=6) requests(load=false staged=false generating=false) scheduler(step=0.00ms exhausted=false)
[WorldPerf] FPS: 102.0
WARNING: [WorldPerf] WARNING: FrameBudget overrun job_id=chunk_manager.streaming_redraw category=visual used_ms=5.54 budget_ms=4.00 over_budget_pct=38.6
   at: push_warning (core/variant/variant_utility.cpp:1034)
   GDScript backtrace (most recent call first):
       [0] report_budget_overrun (res://core/systems/world/world_perf_probe.gd:100)
       [1] _process (res://core/autoloads/frame_budget_dispatcher.gd:76)
WARNING: [WorldPerf] WARNING: FrameBudget overrun job_id=chunk_manager.streaming_redraw category=visual used_ms=10.75 budget_ms=4.00 over_budget_pct=168.7
   at: push_warning (core/variant/variant_utility.cpp:1034)
   GDScript backtrace (most recent call first):
       [0] report_budget_overrun (res://core/systems/world/world_perf_probe.gd:100)
       [1] _process (res://core/autoloads/frame_budget_dispatcher.gd:76)
WARNING: [WorldPerf] WARNING: FrameBudget overrun job_id=chunk_manager.streaming_load category=streaming used_ms=12.97 budget_ms=3.00 over_budget_pct=332.2
   at: push_warning (core/variant/variant_utility.cpp:1034)
   GDScript backtrace (most recent call first):
       [0] report_budget_overrun (res://core/systems/world/world_perf_probe.gd:100)
       [1] _process (res://core/autoloads/frame_budget_dispatcher.gd:76)
[FrameBudget] streaming=3.4ms topology=0.0ms visual=3.3ms spawn=0.0ms total=6.7ms/6.0ms chunk_manager.streaming_load=3.4ms(60) building.room_recompute=0.0ms(56) power.balance_recompute=0.0ms(56) chunk_manager.topology_rebuild=0.0ms(56) underground.fog_update=0.0ms(56) chunk_manager.streaming_redraw=3.0ms(56) mountain_shadow.visual_rebuild=0.4ms(33)
[WorldPerf] Shadow.edge_cache_compute (2, 3): 97.81 ms
WARNING: [WorldPerf] WARNING: FrameBudget overrun job_id=mountain_shadow.visual_rebuild category=visual used_ms=1.42 budget_ms=1.00 over_budget_pct=42.1
   at: push_warning (core/variant/variant_utility.cpp:1034)
   GDScript backtrace (most recent call first):
       [0] report_budget_overrun (res://core/systems/world/world_perf_probe.gd:100)
       [1] _process (res://core/autoloads/frame_budget_dispatcher.gd:76)
[WorldPerf] PlayerChunk coord=(0, 2) z=0 trigger=entered_chunk loaded=true visible=true state=full_pending phase=done first_pass=true full_ready=false issues=border_fix_pending ages(first=-ms full=-ms border=463ms apply=10553ms converge=463ms) queues(fast=0 urgent=0 near=5 full_near=0 full_far=10) requests(load=false staged=false generating=false) scheduler(step=0.00ms exhausted=false)
[FrameBudget] streaming=3.2ms topology=0.0ms visual=3.0ms spawn=0.0ms total=6.2ms/6.0ms chunk_manager.streaming_load=3.2ms(60) building.room_recompute=0.0ms(57) power.balance_recompute=0.0ms(57) chunk_manager.topology_rebuild=0.0ms(57) underground.fog_update=0.0ms(57) chunk_manager.streaming_redraw=2.9ms(57) mountain_shadow.visual_rebuild=0.1ms(35)
[WorldPerf] PlayerChunk coord=(63, 2) z=0 trigger=entered_chunk loaded=true visible=true state=full_pending phase=done first_pass=true full_ready=false issues=border_fix_pending ages(first=-ms full=-ms border=176ms apply=10982ms converge=176ms) queues(fast=0 urgent=0 near=5 full_near=0 full_far=12) requests(load=false staged=false generating=false) scheduler(step=0.00ms exhausted=false)
WARNING: [WorldPerf] WARNING: FrameBudget overrun job_id=chunk_manager.streaming_redraw category=visual used_ms=5.45 budget_ms=4.00 over_budget_pct=36.2
   at: push_warning (core/variant/variant_utility.cpp:1034)
   GDScript backtrace (most recent call first):
       [0] report_budget_overrun (res://core/systems/world/world_perf_probe.gd:100)
       [1] _process (res://core/autoloads/frame_budget_dispatcher.gd:76)
WARNING: [WorldPerf] WARNING: FrameBudget overrun job_id=chunk_manager.streaming_redraw category=visual used_ms=7.30 budget_ms=4.00 over_budget_pct=82.6
   at: push_warning (core/variant/variant_utility.cpp:1034)
   GDScript backtrace (most recent call first):
       [0] report_budget_overrun (res://core/systems/world/world_perf_probe.gd:100)
       [1] _process (res://core/autoloads/frame_budget_dispatcher.gd:76)
WARNING: [WorldPerf] WARNING: FrameBudget overrun job_id=chunk_manager.streaming_redraw category=visual used_ms=8.47 budget_ms=4.00 over_budget_pct=111.7
   at: push_warning (core/variant/variant_utility.cpp:1034)
   GDScript backtrace (most recent call first):
       [0] report_budget_overrun (res://core/systems/world/world_perf_probe.gd:100)
       [1] _process (res://core/autoloads/frame_budget_dispatcher.gd:76)
WARNING: [WorldPerf] WARNING: FrameBudget overrun job_id=mountain_shadow.visual_rebuild category=visual used_ms=2.66 budget_ms=1.00 over_budget_pct=166.1
   at: push_warning (core/variant/variant_utility.cpp:1034)
   GDScript backtrace (most recent call first):
       [0] report_budget_overrun (res://core/systems/world/world_perf_probe.gd:100)
       [1] _process (res://core/autoloads/frame_budget_dispatcher.gd:76)
WARNING: [WorldPerf] WARNING: FrameBudget overrun job_id=chunk_manager.streaming_load category=streaming used_ms=11.25 budget_ms=3.00 over_budget_pct=274.9
   at: push_warning (core/variant/variant_utility.cpp:1034)
   GDScript backtrace (most recent call first):
       [0] report_budget_overrun (res://core/systems/world/world_perf_probe.gd:100)
       [1] _process (res://core/autoloads/frame_budget_dispatcher.gd:76)
[WorldPerf] PlayerChunk coord=(62, 2) z=0 trigger=entered_chunk loaded=true visible=true state=full_pending phase=done first_pass=true full_ready=false issues=border_fix_pending ages(first=-ms full=-ms border=311ms apply=11447ms converge=311ms) queues(fast=0 urgent=0 near=6 full_near=0 full_far=14) requests(load=false staged=false generating=false) scheduler(step=0.00ms exhausted=false)
WARNING: [WorldPerf] WARNING: FrameBudget overrun job_id=chunk_manager.streaming_load category=streaming used_ms=12.32 budget_ms=3.00 over_budget_pct=310.8
   at: push_warning (core/variant/variant_utility.cpp:1034)
   GDScript backtrace (most recent call first):
       [0] report_budget_overrun (res://core/systems/world/world_perf_probe.gd:100)
       [1] _process (res://core/autoloads/frame_budget_dispatcher.gd:76)
[FrameBudget] streaming=3.5ms topology=0.0ms visual=4.1ms spawn=0.0ms total=7.7ms/6.0ms chunk_manager.streaming_load=3.5ms(60) building.room_recompute=0.0ms(55) power.balance_recompute=0.0ms(55) chunk_manager.topology_rebuild=0.0ms(55) underground.fog_update=0.0ms(55) chunk_manager.streaming_redraw=4.0ms(55) mountain_shadow.visual_rebuild=0.1ms(16)
WARNING: [WorldPerf] WARNING: FrameBudget overrun job_id=chunk_manager.streaming_load category=streaming used_ms=14.60 budget_ms=3.00 over_budget_pct=386.7
   at: push_warning (core/variant/variant_utility.cpp:1034)
   GDScript backtrace (most recent call first):
       [0] report_budget_overrun (res://core/systems/world/world_perf_probe.gd:100)
       [1] _process (res://core/autoloads/frame_budget_dispatcher.gd:76)
WARNING: [WorldPerf] WARNING: FrameBudget overrun job_id=chunk_manager.streaming_redraw category=visual used_ms=10.32 budget_ms=4.00 over_budget_pct=157.9
   at: push_warning (core/variant/variant_utility.cpp:1034)
   GDScript backtrace (most recent call first):
       [0] report_budget_overrun (res://core/systems/world/world_perf_probe.gd:100)
       [1] _process (res://core/autoloads/frame_budget_dispatcher.gd:76)
WARNING: [WorldPerf] WARNING: FrameBudget overrun job_id=chunk_manager.streaming_load category=streaming used_ms=16.15 budget_ms=3.00 over_budget_pct=438.4
   at: push_warning (core/variant/variant_utility.cpp:1034)
   GDScript backtrace (most recent call first):
       [0] report_budget_overrun (res://core/systems/world/world_perf_probe.gd:100)
       [1] _process (res://core/autoloads/frame_budget_dispatcher.gd:76)
[CodexValidation] reached waypoint 3/6 at (253952.0, 8192.0)
[FrameBudget] streaming=3.5ms topology=0.0ms visual=3.6ms spawn=0.0ms total=7.2ms/6.0ms chunk_manager.streaming_load=3.5ms(60) building.room_recompute=0.0ms(56) power.balance_recompute=0.0ms(56) chunk_manager.topology_rebuild=0.0ms(56) underground.fog_update=0.0ms(56) chunk_manager.streaming_redraw=3.6ms(56) mountain_shadow.visual_rebuild=0.1ms(37)
[WorldPerf] === Frame Summary (300 frames) ===
[WorldPerf] Frame time: avg=10.2 ms, p99=41.5 ms, hitches=6
[WorldPerf] Frame budget: dispatcher=7.0ms streaming=0.0ms streaming_load=3.4ms streaming_redraw=0.0ms topology=0.0ms building=0.0ms power=0.0ms visual=0.0ms shadow=4.9ms spawn=0.0ms total=15.3ms/6.0ms
[WorldPerf] Observability: Scheduler.urgent_visual_wait_ms=0.7ms, scheduler.max_urgent_wait_ms=0.7ms
[WorldPerf] PlayerChunk coord=(62, 1) z=0 trigger=entered_chunk loaded=true visible=true state=full_pending phase=done first_pass=true full_ready=false issues=border_fix_pending ages(first=-ms full=-ms border=757ms apply=12337ms converge=757ms) queues(fast=0 urgent=0 near=9 full_near=0 full_far=18) requests(load=false staged=false generating=false) scheduler(step=0.00ms exhausted=false)
WARNING: [WorldPerf] WARNING: FrameBudget overrun job_id=mountain_shadow.visual_rebuild category=visual used_ms=1.16 budget_ms=1.00 over_budget_pct=16.1
   at: push_warning (core/variant/variant_utility.cpp:1034)
   GDScript backtrace (most recent call first):
       [0] report_budget_overrun (res://core/systems/world/world_perf_probe.gd:100)
       [1] _process (res://core/autoloads/frame_budget_dispatcher.gd:76)
WARNING: [WorldPerf] WARNING: FrameBudget overrun job_id=chunk_manager.topology_rebuild category=topology used_ms=10.97 budget_ms=2.00 over_budget_pct=448.3
   at: push_warning (core/variant/variant_utility.cpp:1034)
   GDScript backtrace (most recent call first):
       [0] report_budget_overrun (res://core/systems/world/world_perf_probe.gd:100)
       [1] _process (res://core/autoloads/frame_budget_dispatcher.gd:76)
[WorldPerf] PlayerChunk coord=(62, 0) z=0 trigger=entered_chunk loaded=true visible=true state=full_pending phase=done first_pass=true full_ready=false issues=border_fix_pending ages(first=-ms full=-ms border=935ms apply=12897ms converge=935ms) queues(fast=0 urgent=0 near=8 full_near=0 full_far=23) requests(load=false staged=false generating=false) scheduler(step=0.00ms exhausted=false)
[FrameBudget] streaming=3.4ms topology=0.2ms visual=4.1ms spawn=0.0ms total=7.7ms/6.0ms chunk_manager.streaming_load=3.4ms(60) building.room_recompute=0.0ms(55) power.balance_recompute=0.0ms(55) chunk_manager.topology_rebuild=0.2ms(55) underground.fog_update=0.0ms(54) chunk_manager.streaming_redraw=3.9ms(54) mountain_shadow.visual_rebuild=0.2ms(23)
[WorldPerf] Shadow.edge_cache_compute (60, 1): 103.07 ms
WARNING: [WorldPerf] WARNING: FrameBudget overrun job_id=mountain_shadow.visual_rebuild category=visual used_ms=3.12 budget_ms=1.00 over_budget_pct=211.7
   at: push_warning (core/variant/variant_utility.cpp:1034)
   GDScript backtrace (most recent call first):
       [0] report_budget_overrun (res://core/systems/world/world_perf_probe.gd:100)
       [1] _process (res://core/autoloads/frame_budget_dispatcher.gd:76)
WARNING: [WorldPerf] WARNING: FrameBudget overrun job_id=chunk_manager.streaming_redraw category=visual used_ms=4.45 budget_ms=4.00 over_budget_pct=11.1
   at: push_warning (core/variant/variant_utility.cpp:1034)
   GDScript backtrace (most recent call first):
       [0] report_budget_overrun (res://core/systems/world/world_perf_probe.gd:100)
       [1] _process (res://core/autoloads/frame_budget_dispatcher.gd:76)
[WorldPerf] Shadow.edge_cache_compute (60, 2): 84.96 ms
WARNING: [WorldPerf] WARNING: FrameBudget overrun job_id=chunk_manager.streaming_load category=streaming used_ms=8.59 budget_ms=3.00 over_budget_pct=186.4
   at: push_warning (core/variant/variant_utility.cpp:1034)
   GDScript backtrace (most recent call first):
       [0] report_budget_overrun (res://core/systems/world/world_perf_probe.gd:100)
       [1] _process (res://core/autoloads/frame_budget_dispatcher.gd:76)
[WorldPerf] PlayerChunk coord=(62, -1) z=0 trigger=entered_chunk loaded=true visible=true state=full_pending phase=done first_pass=true full_ready=false issues=border_fix_pending ages(first=-ms full=-ms border=542ms apply=13333ms converge=542ms) queues(fast=0 urgent=0 near=8 full_near=0 full_far=25) requests(load=false staged=false generating=false) scheduler(step=0.00ms exhausted=false)
[FrameBudget] streaming=2.7ms topology=0.1ms visual=3.4ms spawn=0.0ms total=6.3ms/6.0ms chunk_manager.streaming_load=2.7ms(60) building.room_recompute=0.0ms(58) power.balance_recompute=0.0ms(58) chunk_manager.topology_rebuild=0.1ms(58) underground.fog_update=0.0ms(57) chunk_manager.streaming_redraw=3.2ms(57) mountain_shadow.visual_rebuild=0.2ms(22)
WARNING: [WorldPerf] WARNING: FrameBudget overrun job_id=chunk_manager.streaming_redraw category=visual used_ms=6.25 budget_ms=4.00 over_budget_pct=56.3
   at: push_warning (core/variant/variant_utility.cpp:1034)
   GDScript backtrace (most recent call first):
       [0] report_budget_overrun (res://core/systems/world/world_perf_probe.gd:100)
       [1] _process (res://core/autoloads/frame_budget_dispatcher.gd:76)
WARNING: [WorldPerf] WARNING: FrameBudget overrun job_id=chunk_manager.streaming_load category=streaming used_ms=10.47 budget_ms=3.00 over_budget_pct=249.0
   at: push_warning (core/variant/variant_utility.cpp:1034)
   GDScript backtrace (most recent call first):
       [0] report_budget_overrun (res://core/systems/world/world_perf_probe.gd:100)
       [1] _process (res://core/autoloads/frame_budget_dispatcher.gd:76)
[WorldPerf] PlayerChunk coord=(62, -2) z=0 trigger=entered_chunk loaded=true visible=true state=full_pending phase=done first_pass=true full_ready=false issues=border_fix_pending ages(first=-ms full=-ms border=578ms apply=13802ms converge=119ms) queues(fast=1 urgent=0 near=7 full_near=0 full_far=27) requests(load=false staged=false generating=false) scheduler(step=0.00ms exhausted=false)
[WorldPerf] Scheduler.fast_visual_wait_ms: 11.46 ms
[WorldPerf] Shadow.edge_cache_compute (60, 3): 196.40 ms
WARNING: [WorldPerf] WARNING: FrameBudget overrun job_id=mountain_shadow.visual_rebuild category=visual used_ms=2.34 budget_ms=1.00 over_budget_pct=134.0
   at: push_warning (core/variant/variant_utility.cpp:1034)
   GDScript backtrace (most recent call first):
       [0] report_budget_overrun (res://core/systems/world/world_perf_probe.gd:100)
       [1] _process (res://core/autoloads/frame_budget_dispatcher.gd:76)
WARNING: [WorldPerf] WARNING: FrameBudget overrun job_id=mountain_shadow.visual_rebuild category=visual used_ms=4.71 budget_ms=1.00 over_budget_pct=371.2
   at: push_warning (core/variant/variant_utility.cpp:1034)
   GDScript backtrace (most recent call first):
       [0] report_budget_overrun (res://core/systems/world/world_perf_probe.gd:100)
       [1] _process (res://core/autoloads/frame_budget_dispatcher.gd:76)
[FrameBudget] streaming=3.2ms topology=0.0ms visual=3.6ms spawn=0.0ms total=6.8ms/6.0ms chunk_manager.streaming_load=3.2ms(60) building.room_recompute=0.0ms(57) power.balance_recompute=0.0ms(57) chunk_manager.topology_rebuild=0.0ms(57) underground.fog_update=0.0ms(57) chunk_manager.streaming_redraw=3.5ms(57) mountain_shadow.visual_rebuild=0.1ms(19)
WARNING: [WorldPerf] WARNING: FrameBudget overrun job_id=chunk_manager.streaming_load category=streaming used_ms=15.46 budget_ms=3.00 over_budget_pct=415.3
   at: push_warning (core/variant/variant_utility.cpp:1034)
   GDScript backtrace (most recent call first):
       [0] report_budget_overrun (res://core/systems/world/world_perf_probe.gd:100)
       [1] _process (res://core/autoloads/frame_budget_dispatcher.gd:76)
WARNING: [WorldPerf] WARNING: FrameBudget overrun job_id=chunk_manager.streaming_load category=streaming used_ms=17.31 budget_ms=3.00 over_budget_pct=476.9
   at: push_warning (core/variant/variant_utility.cpp:1034)
   GDScript backtrace (most recent call first):
       [0] report_budget_overrun (res://core/systems/world/world_perf_probe.gd:100)
       [1] _process (res://core/autoloads/frame_budget_dispatcher.gd:76)
[CodexValidation] reached waypoint 4/6 at (253952.0, -8192.0)
[WorldPerf] Shadow.edge_cache_compute (62, -3): 108.54 ms
WARNING: [WorldPerf] WARNING: FrameBudget overrun job_id=chunk_manager.streaming_redraw category=visual used_ms=8.11 budget_ms=4.00 over_budget_pct=102.7
   at: push_warning (core/variant/variant_utility.cpp:1034)
   GDScript backtrace (most recent call first):
       [0] report_budget_overrun (res://core/systems/world/world_perf_probe.gd:100)
       [1] _process (res://core/autoloads/frame_budget_dispatcher.gd:76)
WARNING: [WorldPerf] WARNING: FrameBudget overrun job_id=chunk_manager.streaming_redraw category=visual used_ms=10.64 budget_ms=4.00 over_budget_pct=165.9
   at: push_warning (core/variant/variant_utility.cpp:1034)
   GDScript backtrace (most recent call first):
       [0] report_budget_overrun (res://core/systems/world/world_perf_probe.gd:100)
       [1] _process (res://core/autoloads/frame_budget_dispatcher.gd:76)
[FrameBudget] streaming=3.6ms topology=0.0ms visual=3.6ms spawn=0.0ms total=7.3ms/6.0ms chunk_manager.streaming_load=3.6ms(60) building.room_recompute=0.0ms(56) power.balance_recompute=0.0ms(56) chunk_manager.topology_rebuild=0.0ms(56) underground.fog_update=0.0ms(56) chunk_manager.streaming_redraw=3.6ms(56) mountain_shadow.visual_rebuild=0.0ms(28)
WARNING: [WorldPerf] WARNING: FrameBudget overrun job_id=chunk_manager.topology_rebuild category=topology used_ms=3.65 budget_ms=2.00 over_budget_pct=82.5
   at: push_warning (core/variant/variant_utility.cpp:1034)
   GDScript backtrace (most recent call first):
       [0] report_budget_overrun (res://core/systems/world/world_perf_probe.gd:100)
       [1] _process (res://core/autoloads/frame_budget_dispatcher.gd:76)
[WorldPerf] FPS: 95.0
[WorldPerf] Shadow.edge_cache_compute (0, -3): 70.50 ms
[WorldPerf] PlayerChunk coord=(63, -2) z=0 trigger=entered_chunk loaded=true visible=true state=full_pending phase=done first_pass=true full_ready=false issues=border_fix_pending ages(first=-ms full=-ms border=1172ms apply=15129ms converge=1172ms) queues(fast=0 urgent=0 near=11 full_near=0 full_far=32) requests(load=false staged=false generating=false) scheduler(step=0.00ms exhausted=false)
WARNING: [WorldPerf] WARNING: FrameBudget overrun job_id=mountain_shadow.visual_rebuild category=visual used_ms=1.77 budget_ms=1.00 over_budget_pct=77.5
   at: push_warning (core/variant/variant_utility.cpp:1034)
   GDScript backtrace (most recent call first):
       [0] report_budget_overrun (res://core/systems/world/world_perf_probe.gd:100)
       [1] _process (res://core/autoloads/frame_budget_dispatcher.gd:76)
[FrameBudget] streaming=1.7ms topology=0.1ms visual=4.4ms spawn=0.0ms total=6.2ms/6.0ms chunk_manager.streaming_load=1.7ms(60) building.room_recompute=0.0ms(57) power.balance_recompute=0.0ms(57) chunk_manager.topology_rebuild=0.1ms(57) underground.fog_update=0.0ms(57) chunk_manager.streaming_redraw=4.2ms(57) mountain_shadow.visual_rebuild=0.2ms(36)
[WorldPerf] === Frame Summary (300 frames) ===
[WorldPerf] Frame time: avg=10.0 ms, p99=26.0 ms, hitches=4
[WorldPerf] Frame budget: dispatcher=7.0ms streaming=0.0ms streaming_load=2.9ms streaming_redraw=0.0ms topology=0.1ms building=0.0ms power=0.0ms visual=0.0ms shadow=5.9ms spawn=0.0ms total=16.0ms/6.0ms
[WorldPerf] Observability: Scheduler.urgent_visual_wait_ms=11.5ms, scheduler.max_urgent_wait_ms=11.5ms
[WorldPerf] stream.chunk_first_pass_ms (62, -3)@z0: 1598.91 ms
WARNING: [WorldPerf] WARNING: FrameBudget overrun job_id=chunk_manager.streaming_load category=streaming used_ms=9.29 budget_ms=3.00 over_budget_pct=209.5
   at: push_warning (core/variant/variant_utility.cpp:1034)
   GDScript backtrace (most recent call first):
       [0] report_budget_overrun (res://core/systems/world/world_perf_probe.gd:100)
       [1] _process (res://core/autoloads/frame_budget_dispatcher.gd:76)
[WorldPerf] PlayerChunk coord=(0, -2) z=0 trigger=entered_chunk loaded=true visible=true state=full_pending phase=done first_pass=true full_ready=false issues=border_fix_pending ages(first=-ms full=-ms border=1448ms apply=15666ms converge=1448ms) queues(fast=0 urgent=0 near=7 full_near=1 full_far=37) requests(load=false staged=false generating=false) scheduler(step=0.00ms exhausted=false)
WARNING: [WorldPerf] WARNING: FrameBudget overrun job_id=chunk_manager.streaming_redraw category=visual used_ms=4.61 budget_ms=4.00 over_budget_pct=15.3
   at: push_warning (core/variant/variant_utility.cpp:1034)
   GDScript backtrace (most recent call first):
       [0] report_budget_overrun (res://core/systems/world/world_perf_probe.gd:100)
       [1] _process (res://core/autoloads/frame_budget_dispatcher.gd:76)
[FrameBudget] streaming=2.4ms topology=0.1ms visual=3.9ms spawn=0.0ms total=6.3ms/6.0ms chunk_manager.streaming_load=2.4ms(60) building.room_recompute=0.0ms(58) power.balance_recompute=0.0ms(58) chunk_manager.topology_rebuild=0.1ms(58) underground.fog_update=0.0ms(58) chunk_manager.streaming_redraw=3.7ms(58) mountain_shadow.visual_rebuild=0.2ms(32)
WARNING: [WorldPerf] WARNING: FrameBudget overrun job_id=chunk_manager.topology_rebuild category=topology used_ms=4.66 budget_ms=2.00 over_budget_pct=132.8
   at: push_warning (core/variant/variant_utility.cpp:1034)
   GDScript backtrace (most recent call first):
       [0] report_budget_overrun (res://core/systems/world/world_perf_probe.gd:100)
       [1] _process (res://core/autoloads/frame_budget_dispatcher.gd:76)
WARNING: [WorldPerf] WARNING: FrameBudget overrun job_id=mountain_shadow.visual_rebuild category=visual used_ms=2.92 budget_ms=1.00 over_budget_pct=191.7
   at: push_warning (core/variant/variant_utility.cpp:1034)
   GDScript backtrace (most recent call first):
       [0] report_budget_overrun (res://core/systems/world/world_perf_probe.gd:100)
       [1] _process (res://core/autoloads/frame_budget_dispatcher.gd:76)
[WorldPerf] Shadow.edge_cache_compute (2, -3): 63.38 ms
[WorldPerf] PlayerChunk coord=(1, -2) z=0 trigger=entered_chunk loaded=true visible=true state=full_pending phase=done first_pass=true full_ready=false issues=border_fix_pending ages(first=-ms full=-ms border=621ms apply=16136ms converge=621ms) queues(fast=0 urgent=0 near=11 full_near=0 full_far=36) requests(load=false staged=false generating=false) scheduler(step=0.00ms exhausted=false)
WARNING: [WorldPerf] WARNING: FrameBudget overrun job_id=chunk_manager.streaming_redraw category=visual used_ms=5.70 budget_ms=4.00 over_budget_pct=42.5
   at: push_warning (core/variant/variant_utility.cpp:1034)
   GDScript backtrace (most recent call first):
       [0] report_budget_overrun (res://core/systems/world/world_perf_probe.gd:100)
       [1] _process (res://core/autoloads/frame_budget_dispatcher.gd:76)
WARNING: [WorldPerf] WARNING: FrameBudget overrun job_id=mountain_shadow.visual_rebuild category=visual used_ms=4.94 budget_ms=1.00 over_budget_pct=394.1
   at: push_warning (core/variant/variant_utility.cpp:1034)
   GDScript backtrace (most recent call first):
       [0] report_budget_overrun (res://core/systems/world/world_perf_probe.gd:100)
       [1] _process (res://core/autoloads/frame_budget_dispatcher.gd:76)
[WorldPerf] Shadow.edge_cache_compute (2, -4): 152.49 ms
WARNING: [WorldPerf] WARNING: FrameBudget overrun job_id=mountain_shadow.visual_rebuild category=visual used_ms=8.86 budget_ms=1.00 over_budget_pct=785.5
   at: push_warning (core/variant/variant_utility.cpp:1034)
   GDScript backtrace (most recent call first):
       [0] report_budget_overrun (res://core/systems/world/world_perf_probe.gd:100)
       [1] _process (res://core/autoloads/frame_budget_dispatcher.gd:76)
[FrameBudget] streaming=2.0ms topology=0.1ms visual=3.9ms spawn=0.0ms total=6.1ms/6.0ms chunk_manager.streaming_load=2.0ms(60) building.room_recompute=0.0ms(58) power.balance_recompute=0.0ms(58) chunk_manager.topology_rebuild=0.1ms(58) underground.fog_update=0.0ms(58) chunk_manager.streaming_redraw=3.3ms(58) mountain_shadow.visual_rebuild=0.7ms(38)
WARNING: [WorldPerf] WARNING: FrameBudget overrun job_id=chunk_manager.streaming_load category=streaming used_ms=12.14 budget_ms=3.00 over_budget_pct=304.5
   at: push_warning (core/variant/variant_utility.cpp:1034)
   GDScript backtrace (most recent call first):
       [0] report_budget_overrun (res://core/systems/world/world_perf_probe.gd:100)
       [1] _process (res://core/autoloads/frame_budget_dispatcher.gd:76)
[CodexValidation] reached waypoint 5/6 at (8192.0, -8192.0)
[WorldPerf] PlayerChunk coord=(2, -2) z=0 trigger=entered_chunk loaded=true visible=true state=full_pending phase=done first_pass=true full_ready=false issues=border_fix_pending ages(first=-ms full=-ms border=7851ms apply=16567ms converge=646ms) queues(fast=1 urgent=0 near=12 full_near=0 full_far=36) requests(load=false staged=false generating=false) scheduler(step=0.00ms exhausted=false)
[WorldPerf] Scheduler.fast_visual_wait_ms: 52.20 ms
[WorldPerf] Shadow.edge_cache_compute (3, -2): 65.50 ms
[WorldPerf] Shadow.edge_cache_compute (3, -3): 92.63 ms
[WorldPerf] PlayerChunk coord=(1, -2) z=0 trigger=entered_chunk loaded=true visible=true state=full_pending phase=done first_pass=true full_ready=false issues=border_fix_pending ages(first=-ms full=-ms border=1417ms apply=16932ms converge=1417ms) queues(fast=0 urgent=0 near=13 full_near=0 full_far=39) requests(load=false staged=false generating=false) scheduler(step=0.00ms exhausted=false)
WARNING: [WorldPerf] WARNING: FrameBudget overrun job_id=chunk_manager.topology_rebuild category=topology used_ms=7.94 budget_ms=2.00 over_budget_pct=297.0
   at: push_warning (core/variant/variant_utility.cpp:1034)
   GDScript backtrace (most recent call first):
       [0] report_budget_overrun (res://core/systems/world/world_perf_probe.gd:100)
       [1] _process (res://core/autoloads/frame_budget_dispatcher.gd:76)
[FrameBudget] streaming=2.7ms topology=0.3ms visual=3.8ms spawn=0.0ms total=6.8ms/6.0ms chunk_manager.streaming_load=2.7ms(60) building.room_recompute=0.0ms(57) power.balance_recompute=0.0ms(57) chunk_manager.topology_rebuild=0.2ms(57) underground.fog_update=0.0ms(56) chunk_manager.streaming_redraw=3.3ms(56) mountain_shadow.visual_rebuild=0.6ms(30)
[WorldPerf] Shadow.edge_cache_compute (4, -2): 164.91 ms
[WorldPerf] Shadow.edge_cache_compute (4, -1): 74.31 ms
WARNING: [WorldPerf] WARNING: FrameBudget overrun job_id=chunk_manager.streaming_redraw category=visual used_ms=4.75 budget_ms=4.00 over_budget_pct=18.9
   at: push_warning (core/variant/variant_utility.cpp:1034)
   GDScript backtrace (most recent call first):
       [0] report_budget_overrun (res://core/systems/world/world_perf_probe.gd:100)
       [1] _process (res://core/autoloads/frame_budget_dispatcher.gd:76)
WARNING: [WorldPerf] WARNING: FrameBudget overrun job_id=mountain_shadow.visual_rebuild category=visual used_ms=2.49 budget_ms=1.00 over_budget_pct=149.0
   at: push_warning (core/variant/variant_utility.cpp:1034)
   GDScript backtrace (most recent call first):
       [0] report_budget_overrun (res://core/systems/world/world_perf_probe.gd:100)
       [1] _process (res://core/autoloads/frame_budget_dispatcher.gd:76)
[WorldPerf] Shadow.edge_cache_compute (4, 0): 132.68 ms
[FrameBudget] streaming=0.1ms topology=0.0ms visual=4.2ms spawn=0.0ms total=4.3ms/6.0ms chunk_manager.streaming_load=0.1ms(60) building.room_recompute=0.0ms(60) power.balance_recompute=0.0ms(60) chunk_manager.topology_rebuild=0.0ms(60) underground.fog_update=0.0ms(60) chunk_manager.streaming_redraw=3.6ms(60) mountain_shadow.visual_rebuild=0.6ms(60)
[WorldPerf] PlayerChunk coord=(0, -1) z=0 trigger=scheduler loaded=true visible=true state=full_ready phase=done first_pass=true full_ready=true issues=healthy ages(first=-ms full=-ms border=-ms apply=26697ms converge=10054ms) queues(fast=0 urgent=0 near=4 full_near=1 full_far=47) requests(load=false staged=false generating=false) scheduler(step=0.34ms exhausted=false)
WARNING: [WorldPerf] WARNING: FrameBudget overrun job_id=chunk_manager.streaming_redraw category=visual used_ms=15.99 budget_ms=4.00 over_budget_pct=299.9
   at: push_warning (core/variant/variant_utility.cpp:1034)
   GDScript backtrace (most recent call first):
       [0] report_budget_overrun (res://core/systems/world/world_perf_probe.gd:100)
       [1] _process (res://core/autoloads/frame_budget_dispatcher.gd:76)
WARNING: [WorldPerf] WARNING: FrameBudget overrun job_id=chunk_manager.streaming_redraw category=visual used_ms=19.01 budget_ms=4.00 over_budget_pct=375.3
   at: push_warning (core/variant/variant_utility.cpp:1034)
   GDScript backtrace (most recent call first):
       [0] report_budget_overrun (res://core/systems/world/world_perf_probe.gd:100)
       [1] _process (res://core/autoloads/frame_budget_dispatcher.gd:76)
[FrameBudget] streaming=0.0ms topology=0.0ms visual=5.0ms spawn=0.0ms total=5.1ms/6.0ms chunk_manager.streaming_load=0.0ms(60) building.room_recompute=0.0ms(60) power.balance_recompute=0.0ms(60) chunk_manager.topology_rebuild=0.0ms(60) underground.fog_update=0.0ms(60) chunk_manager.streaming_redraw=4.7ms(60) mountain_shadow.visual_rebuild=0.3ms(52)
[WorldPerf] === Frame Summary (300 frames) ===
[WorldPerf] Frame time: avg=9.0 ms, p99=36.4 ms, hitches=5
[WorldPerf] Frame budget: dispatcher=5.9ms streaming=0.0ms streaming_load=1.4ms streaming_redraw=0.0ms topology=0.1ms building=0.0ms power=0.0ms visual=0.0ms shadow=7.1ms spawn=0.0ms total=14.5ms/6.0ms
[WorldPerf] Observability: Scheduler.urgent_visual_wait_ms=52.2ms, scheduler.max_urgent_wait_ms=52.2ms
[CodexValidation] reached waypoint 6/6 at (0.0, 0.0)
[WorldPerf] PlayerChunk coord=(0, 0) z=0 trigger=scheduler loaded=true visible=true state=full_ready phase=done first_pass=true full_ready=true issues=healthy ages(first=-ms full=-ms border=-ms apply=27452ms converge=10771ms) queues(fast=0 urgent=0 near=0 full_near=0 full_far=52) requests(load=false staged=false generating=false) scheduler(step=0.16ms exhausted=false)
[FrameBudget] streaming=0.0ms topology=0.0ms visual=7.8ms spawn=0.0ms total=7.9ms/6.0ms chunk_manager.streaming_load=0.0ms(60) building.room_recompute=0.0ms(60) power.balance_recompute=0.0ms(60) chunk_manager.topology_rebuild=0.0ms(60) underground.fog_update=0.0ms(60) chunk_manager.streaming_redraw=7.7ms(60) mountain_shadow.visual_rebuild=0.1ms(30)
[WorldPerf] stream.chunk_border_fix_ms (2, 0)@z0: 10182.74 ms
[WorldPerf] stream.chunk_full_redraw_ms (2, 0)@z0: 10182.88 ms
[WorldPerf] stream.chunk_border_fix_ms (2, -1)@z0: 10168.71 ms
[WorldPerf] stream.chunk_full_redraw_ms (2, -1)@z0: 10168.80 ms
[WorldPerf] stream.chunk_border_fix_ms (0, -2)@z0: 4400.78 ms
[WorldPerf] stream.chunk_full_redraw_ms (0, -2)@z0: 4400.89 ms
[WorldPerf] stream.chunk_border_fix_ms (1, -2)@z0: 3067.97 ms
[WorldPerf] stream.chunk_full_redraw_ms (1, -2)@z0: 3068.12 ms
[WorldPerf] stream.chunk_border_fix_ms (62, 0)@z0: 6638.53 ms
[WorldPerf] stream.chunk_full_redraw_ms (62, 0)@z0: 6638.67 ms
[WorldPerf] stream.chunk_border_fix_ms (62, -1)@z0: 5769.88 ms
[WorldPerf] stream.chunk_full_redraw_ms (62, -1)@z0: 5769.97 ms
[WorldPerf] stream.chunk_border_fix_ms (62, 1)@z0: 6964.25 ms
[WorldPerf] stream.chunk_full_redraw_ms (62, 1)@z0: 6964.35 ms
[WorldPerf] stream.chunk_border_fix_ms (2, 1)@z0: 10208.22 ms
[WorldPerf] stream.chunk_full_redraw_ms (2, 1)@z0: 10208.32 ms
[WorldPerf] stream.chunk_border_fix_ms (63, -2)@z0: 4622.55 ms
[WorldPerf] stream.chunk_full_redraw_ms (63, -2)@z0: 4622.72 ms
WARNING: [WorldPerf] WARNING: FrameBudget overrun job_id=chunk_manager.streaming_redraw category=visual used_ms=20.14 budget_ms=4.00 over_budget_pct=403.6
   at: push_warning (core/variant/variant_utility.cpp:1034)
   GDScript backtrace (most recent call first):
       [0] report_budget_overrun (res://core/systems/world/world_perf_probe.gd:100)
       [1] _process (res://core/autoloads/frame_budget_dispatcher.gd:76)
[CodexValidation] route complete: preset=seam_cross reached=6/6 draining_background_work=true
[WorldPerf] stream.chunk_border_fix_ms (0, 2)@z0: 9011.30 ms
[WorldPerf] stream.chunk_full_redraw_ms (0, 2)@z0: 9011.44 ms
[WorldPerf] stream.chunk_border_fix_ms (63, 2)@z0: 8235.04 ms
[WorldPerf] stream.chunk_full_redraw_ms (63, 2)@z0: 8235.13 ms
[WorldPerf] stream.chunk_border_fix_ms (1, 2)@z0: 9280.09 ms
[WorldPerf] stream.chunk_full_redraw_ms (1, 2)@z0: 9280.18 ms
[WorldPerf] stream.chunk_border_fix_ms (2, -2)@z0: 10391.15 ms
[WorldPerf] stream.chunk_full_redraw_ms (2, -2)@z0: 3186.47 ms
[WorldPerf] stream.chunk_border_fix_ms (62, -2)@z0: 5863.12 ms
[WorldPerf] stream.chunk_full_redraw_ms (62, -2)@z0: 5403.72 ms
[FrameBudget] streaming=0.0ms topology=0.0ms visual=10.2ms spawn=0.0ms total=10.2ms/6.0ms chunk_manager.streaming_load=0.0ms(60) building.room_recompute=0.0ms(60) power.balance_recompute=0.0ms(60) chunk_manager.topology_rebuild=0.0ms(60) underground.fog_update=0.0ms(60) chunk_manager.streaming_redraw=10.1ms(60) mountain_shadow.visual_rebuild=0.0ms(10)
[WorldPerf] stream.chunk_border_fix_ms (62, 2)@z0: 8093.90 ms
[WorldPerf] stream.chunk_full_redraw_ms (62, 2)@z0: 7779.44 ms
[WorldPerf] stream.chunk_border_fix_ms (2, 2)@z0: 10491.95 ms
[WorldPerf] stream.chunk_full_redraw_ms (2, 2)@z0: 9663.79 ms
[FrameBudget] streaming=0.0ms topology=0.0ms visual=5.3ms spawn=0.0ms total=5.3ms/6.0ms chunk_manager.streaming_load=0.0ms(60) building.room_recompute=0.0ms(60) power.balance_recompute=0.0ms(60) chunk_manager.topology_rebuild=0.0ms(60) underground.fog_update=0.0ms(60) chunk_manager.streaming_redraw=5.1ms(60) mountain_shadow.visual_rebuild=0.2ms(47)
WARNING: [WorldPerf] WARNING: FrameBudget overrun job_id=chunk_manager.streaming_redraw category=visual used_ms=5.94 budget_ms=4.00 over_budget_pct=48.6
   at: push_warning (core/variant/variant_utility.cpp:1034)
   GDScript backtrace (most recent call first):
       [0] report_budget_overrun (res://core/systems/world/world_perf_probe.gd:100)
       [1] _process (res://core/autoloads/frame_budget_dispatcher.gd:76)
WARNING: [WorldPerf] WARNING: FrameBudget overrun job_id=chunk_manager.streaming_redraw category=visual used_ms=7.68 budget_ms=4.00 over_budget_pct=91.9
   at: push_warning (core/variant/variant_utility.cpp:1034)
   GDScript backtrace (most recent call first):
       [0] report_budget_overrun (res://core/systems/world/world_perf_probe.gd:100)
       [1] _process (res://core/autoloads/frame_budget_dispatcher.gd:76)
WARNING: [WorldPerf] WARNING: FrameBudget overrun job_id=mountain_shadow.visual_rebuild category=visual used_ms=1.17 budget_ms=1.00 over_budget_pct=17.3
   at: push_warning (core/variant/variant_utility.cpp:1034)
   GDScript backtrace (most recent call first):
       [0] report_budget_overrun (res://core/systems/world/world_perf_probe.gd:100)
       [1] _process (res://core/autoloads/frame_budget_dispatcher.gd:76)
[WorldPerf] FPS: 88.0
[FrameBudget] streaming=0.0ms topology=0.0ms visual=4.4ms spawn=0.0ms total=4.5ms/6.0ms chunk_manager.streaming_load=0.0ms(60) building.room_recompute=0.0ms(60) power.balance_recompute=0.0ms(60) chunk_manager.topology_rebuild=0.0ms(60) underground.fog_update=0.0ms(60) chunk_manager.streaming_redraw=4.2ms(60) mountain_shadow.visual_rebuild=0.2ms(54)
[CodexValidation] route drain complete; preset=seam_cross reached=6/6 redraw_backlog=false
WARNING: ObjectDB instances leaked at exit (run with --verbose for details).
   at: cleanup (core/object/object.cpp:2641)
ERROR: 16 resources still in use at exit (run with --verbose for details).
   at: clear (core/io/resource.cpp:810)
