Godot Engine v4.6.1.stable.official.14d19694e - https://godotengine.org

[WorldPerf] Startup.start_to_loading_screen_visible_ms: 12.96 ms
[WorldPerf] WorldPrePass.compute.sample_height_grid: 124.18 ms
[FrameBudget] streaming=0.0ms topology=0.0ms visual=0.0ms spawn=0.0ms total=0.0ms/6.0ms building.room_recompute=0.0ms(60) power.balance_recompute=0.0ms(60)
[WorldPerf] WorldPrePass.compute.spine_seeds: 378.19 ms
[WorldPerf] WorldPrePass.compute.ridge_graph: 43.11 ms
[WorldPerf] WorldPrePass.compute.ridge_strength_grid.native_total: 0.80 ms
[WorldPerf] WorldPrePass.compute.mountain_mass_grid: 23.26 ms
[FrameBudget] streaming=0.0ms topology=0.0ms visual=0.0ms spawn=0.0ms total=0.0ms/6.0ms building.room_recompute=0.0ms(60) power.balance_recompute=0.0ms(60)
[WorldPerf] WorldPrePass.compute.lake_aware_fill.extract_lake_records: 537.76 ms
[WorldPerf] WorldPrePass.compute.lake_aware_fill: 543.08 ms
[FrameBudget] streaming=0.0ms topology=0.0ms visual=0.0ms spawn=0.0ms total=0.0ms/6.0ms building.room_recompute=0.0ms(60) power.balance_recompute=0.0ms(60)
[FrameBudget] streaming=0.0ms topology=0.0ms visual=0.0ms spawn=0.0ms total=0.0ms/6.0ms building.room_recompute=0.0ms(60) power.balance_recompute=0.0ms(60)
[WorldPerf] WorldPrePass.compute.flow_directions: 666.36 ms
[FrameBudget] streaming=0.0ms topology=0.0ms visual=0.0ms spawn=0.0ms total=0.0ms/6.0ms building.room_recompute=0.0ms(60) power.balance_recompute=0.0ms(60)
[WorldPerf] === Frame Summary (300 frames) ===
[WorldPerf] Frame time: avg=7.4 ms, p99=6.9 ms, hitches=1
[WorldPerf] Frame budget: dispatcher=0.1ms streaming=0.0ms streaming_load=0.0ms streaming_redraw=0.0ms topology=0.0ms building=0.0ms power=0.0ms visual=0.0ms shadow=0.0ms spawn=0.0ms total=0.1ms/6.0ms
[WorldPerf] Observability: Startup.loading_screen_visible=0.0ms, Startup.start_pressed=0.0ms, Startup.start_to_loading_screen_visible_ms=13.0ms
[FrameBudget] streaming=0.0ms topology=0.0ms visual=0.0ms spawn=0.0ms total=0.0ms/6.0ms building.room_recompute=0.0ms(60) power.balance_recompute=0.0ms(60)
[WorldPerf] WorldPrePass.compute.flow_accumulation: 837.46 ms
[WorldPerf] WorldPrePass.compute.floodplain_strength: 11.35 ms
[FrameBudget] streaming=0.0ms topology=0.0ms visual=0.0ms spawn=0.0ms total=0.0ms/6.0ms building.room_recompute=0.0ms(60) power.balance_recompute=0.0ms(60)
[WorldPerf] WorldPrePass.compute.erosion_proxy: 315.02 ms
[FrameBudget] streaming=0.0ms topology=0.0ms visual=0.0ms spawn=0.0ms total=0.0ms/6.0ms building.room_recompute=0.0ms(60) power.balance_recompute=0.0ms(60)
[WorldPerf] WorldPrePass.compute.slope_grid: 419.37 ms
[FrameBudget] streaming=0.0ms topology=0.0ms visual=0.0ms spawn=0.0ms total=0.0ms/6.0ms building.room_recompute=0.0ms(60) power.balance_recompute=0.0ms(60)
[FrameBudget] streaming=0.0ms topology=0.0ms visual=0.0ms spawn=0.0ms total=0.0ms/6.0ms building.room_recompute=0.0ms(60) power.balance_recompute=0.0ms(60)
[WorldPerf] === Frame Summary (300 frames) ===
[WorldPerf] Frame time: avg=6.9 ms, p99=6.9 ms, hitches=0
[WorldPerf] Frame budget: dispatcher=0.1ms streaming=0.0ms streaming_load=0.0ms streaming_redraw=0.0ms topology=0.0ms building=0.0ms power=0.0ms visual=0.0ms shadow=0.0ms spawn=0.0ms total=0.1ms/6.0ms
[WorldPerf] WorldPrePass.compute.rain_shadow: 1016.77 ms
[WorldPerf] WorldPrePass.compute.continentalness.seed_water_sources: 28.18 ms
[WorldPerf] WorldPrePass.compute.continentalness: 38.65 ms
[WorldPerf] WorldGenerator._setup_world_pre_pass.configure: 66.05 ms
[WorldPerf] WorldGenerator._setup_world_pre_pass.compute: 4435.59 ms
[WorldPerf] WorldGenerator.initialize_world.setup_world_pre_pass: 4501.64 ms
[WorldGenerator] Native ChunkGenerator initialized (6 biomes, 5 flora sets, 1 decor sets)
[WorldPerf] WorldGenerator.complete_pending_initialize_world.pending_age_ms: 4506.30 ms
[WorldPerf] _init_world_generator: 4508.44 ms
[CodexValidation] runtime validation driver enabled; route_preset=local_ring
[WorldPerf] GameWorld._setup_after_loading_screen: 4566.91 ms
[ChunkTilesetFactory] rock_atlas=240, wall_base=47, variants=5
[ChunkTilesetFactory] ground_faces: start=259 count=47
[ChunkTilesetFactory] rock_atlas=240, wall_base=47, variants=5
[ChunkTilesetFactory] ground_faces: start=259 count=47
[ChunkTilesetFactory] rock_atlas=240, wall_base=47, variants=5
[ChunkTilesetFactory] ground_faces: start=259 count=47
[ChunkTilesetFactory] rock_atlas=240, wall_base=47, variants=5
[ChunkTilesetFactory] ground_faces: start=259 count=47
[ChunkTilesetFactory] rock_atlas=240, wall_base=47, variants=5
[ChunkTilesetFactory] ground_faces: start=259 count=47
[ChunkTilesetFactory] rock_atlas=240, wall_base=47, variants=5
[ChunkTilesetFactory] ground_faces: start=259 count=47
[ChunkTilesetFactory] rock_atlas=240, wall_base=47, variants=5
[ChunkTilesetFactory] ground_faces: start=259 count=47
[WorldPerf] PlayerChunk coord=(0, 0) z=0 trigger=entered_chunk loaded=false visible=false state=not_loaded phase=none first_pass=false full_ready=false issues=not_loaded,load_queued,first_pass_not_ready ages(first=-ms full=-ms border=-ms apply=-ms converge=-ms) queues(fast=0 urgent=0 near=0 full_near=0 full_far=0) requests(load=true staged=false generating=false) scheduler(step=0.00ms exhausted=false)
[WorldPerf] PlayerChunk coord=(0, 0) z=0 trigger=scheduler loaded=false visible=false state=not_loaded phase=none first_pass=false full_ready=false issues=not_loaded,generating,first_pass_not_ready ages(first=-ms full=-ms border=-ms apply=-ms converge=-ms) queues(fast=0 urgent=0 near=0 full_near=0 full_far=0) requests(load=false staged=false generating=true) scheduler(step=0.00ms exhausted=false)
[FrameBudget] streaming=0.0ms topology=0.0ms visual=0.0ms spawn=0.0ms total=0.1ms/6.0ms building.room_recompute=0.0ms(60) power.balance_recompute=0.0ms(60) chunk_manager.streaming_load=0.0ms(5) chunk_manager.topology_rebuild=0.0ms(5) underground.fog_update=0.0ms(5) chunk_manager.streaming_redraw=0.0ms(5) mountain_shadow.visual_rebuild=0.0ms(5)
[WorldPerf] Boot.loop_step_ms: 74.81 ms
[WorldPerf] Shadow.edge_cache_compute (0, 0): 306.67 ms
[WorldPerf] Shadow.edge_cache_compute (0, -1): 75.16 ms
[WorldPerf] Shadow.edge_cache_compute (1, -1): 150.88 ms
[FrameBudget] streaming=0.0ms topology=0.0ms visual=0.7ms spawn=0.0ms total=0.8ms/6.0ms chunk_manager.streaming_load=0.0ms(60) building.room_recompute=0.0ms(60) power.balance_recompute=0.0ms(60) chunk_manager.topology_rebuild=0.0ms(60) underground.fog_update=0.0ms(60) chunk_manager.streaming_redraw=0.0ms(60) mountain_shadow.visual_rebuild=0.7ms(60)
[WorldPerf] Shadow.edge_cache_compute (63, -1): 129.66 ms
[WorldPerf] Shadow.edge_cache_compute (1, 1): 142.47 ms
[FrameBudget] streaming=0.0ms topology=0.0ms visual=0.2ms spawn=0.0ms total=0.3ms/6.0ms chunk_manager.streaming_load=0.0ms(60) building.room_recompute=0.0ms(60) power.balance_recompute=0.0ms(60) chunk_manager.topology_rebuild=0.0ms(60) underground.fog_update=0.0ms(60) chunk_manager.streaming_redraw=0.0ms(60) mountain_shadow.visual_rebuild=0.2ms(60)
[FrameBudget] streaming=0.0ms topology=0.0ms visual=0.0ms spawn=0.0ms total=0.0ms/6.0ms chunk_manager.streaming_load=0.0ms(60) building.room_recompute=0.0ms(60) power.balance_recompute=0.0ms(60) chunk_manager.topology_rebuild=0.0ms(60) underground.fog_update=0.0ms(60) chunk_manager.streaming_redraw=0.0ms(60) mountain_shadow.visual_rebuild=0.0ms(60)
[FrameBudget] streaming=0.0ms topology=0.0ms visual=0.0ms spawn=0.0ms total=0.0ms/6.0ms chunk_manager.streaming_load=0.0ms(60) building.room_recompute=0.0ms(60) power.balance_recompute=0.0ms(60) chunk_manager.topology_rebuild=0.0ms(60) underground.fog_update=0.0ms(60) chunk_manager.streaming_redraw=0.0ms(60) mountain_shadow.visual_rebuild=0.0ms(60)
[WorldPerf] === Frame Summary (300 frames) ===
[WorldPerf] Frame time: avg=9.2 ms, p99=63.5 ms, hitches=11
[WorldPerf] Frame budget: dispatcher=0.3ms streaming=0.0ms streaming_load=0.0ms streaming_redraw=0.0ms topology=0.0ms building=0.0ms power=0.0ms visual=0.0ms shadow=3.1ms spawn=0.0ms total=5.7ms/6.0ms
[WorldPerf] Boot detail: compute=0.0ms apply=0.1ms redraw=0.0ms topology=0.0ms shadow=0.0ms milestones=0 other=2.2ms | peaks: compute=0.0ms apply=3.5ms redraw=0.0ms topology=0.0ms shadow=0.0ms milestones=0.0ms stream_load=2.9ms stream_redraw=0.0ms
[WorldPerf] stream.chunk_first_pass_ms (0, 0)@z0: 2443.83 ms
[FrameBudget] streaming=0.0ms topology=0.0ms visual=0.0ms spawn=0.0ms total=0.0ms/6.0ms chunk_manager.streaming_load=0.0ms(60) building.room_recompute=0.0ms(60) power.balance_recompute=0.0ms(60) chunk_manager.topology_rebuild=0.0ms(60) underground.fog_update=0.0ms(60) chunk_manager.streaming_redraw=0.0ms(60) mountain_shadow.visual_rebuild=0.0ms(60)
[FrameBudget] streaming=0.0ms topology=0.0ms visual=0.0ms spawn=0.0ms total=0.0ms/6.0ms chunk_manager.streaming_load=0.0ms(60) building.room_recompute=0.0ms(60) power.balance_recompute=0.0ms(60) chunk_manager.topology_rebuild=0.0ms(60) underground.fog_update=0.0ms(60) chunk_manager.streaming_redraw=0.0ms(60) mountain_shadow.visual_rebuild=0.0ms(60)
[FrameBudget] streaming=0.0ms topology=0.0ms visual=0.0ms spawn=0.0ms total=0.0ms/6.0ms chunk_manager.streaming_load=0.0ms(60) building.room_recompute=0.0ms(60) power.balance_recompute=0.0ms(60) chunk_manager.topology_rebuild=0.0ms(60) underground.fog_update=0.0ms(60) chunk_manager.streaming_redraw=0.0ms(60) mountain_shadow.visual_rebuild=0.0ms(60)
[FrameBudget] streaming=0.0ms topology=0.0ms visual=0.0ms spawn=0.0ms total=0.0ms/6.0ms chunk_manager.streaming_load=0.0ms(60) building.room_recompute=0.0ms(60) power.balance_recompute=0.0ms(60) chunk_manager.topology_rebuild=0.0ms(60) underground.fog_update=0.0ms(60) chunk_manager.streaming_redraw=0.0ms(60) mountain_shadow.visual_rebuild=0.0ms(60)
[FrameBudget] streaming=0.0ms topology=0.0ms visual=0.0ms spawn=0.0ms total=0.0ms/6.0ms chunk_manager.streaming_load=0.0ms(60) building.room_recompute=0.0ms(60) power.balance_recompute=0.0ms(60) chunk_manager.topology_rebuild=0.0ms(60) underground.fog_update=0.0ms(60) chunk_manager.streaming_redraw=0.0ms(60) mountain_shadow.visual_rebuild=0.0ms(60)
[WorldPerf] === Frame Summary (300 frames) ===
[WorldPerf] Frame time: avg=6.9 ms, p99=6.9 ms, hitches=0
[WorldPerf] Frame budget: dispatcher=0.2ms streaming=0.0ms streaming_load=0.0ms streaming_redraw=0.0ms topology=0.0ms building=0.0ms power=0.0ms visual=0.0ms shadow=0.0ms spawn=0.0ms total=0.2ms/6.0ms
[WorldPerf] Boot.loop_step_ms: 36.24 ms
[WorldPerf] FPS: 145.0
[FrameBudget] streaming=0.0ms topology=0.0ms visual=0.0ms spawn=0.0ms total=0.0ms/6.0ms chunk_manager.streaming_load=0.0ms(60) building.room_recompute=0.0ms(60) power.balance_recompute=0.0ms(60) chunk_manager.topology_rebuild=0.0ms(60) underground.fog_update=0.0ms(60) chunk_manager.streaming_redraw=0.0ms(60) mountain_shadow.visual_rebuild=0.0ms(60)
[FrameBudget] streaming=0.0ms topology=0.0ms visual=0.0ms spawn=0.0ms total=0.0ms/6.0ms chunk_manager.streaming_load=0.0ms(60) building.room_recompute=0.0ms(60) power.balance_recompute=0.0ms(60) chunk_manager.topology_rebuild=0.0ms(60) underground.fog_update=0.0ms(60) chunk_manager.streaming_redraw=0.0ms(60) mountain_shadow.visual_rebuild=0.0ms(60)
[FrameBudget] streaming=0.0ms topology=0.0ms visual=0.0ms spawn=0.0ms total=0.0ms/6.0ms chunk_manager.streaming_load=0.0ms(60) building.room_recompute=0.0ms(60) power.balance_recompute=0.0ms(60) chunk_manager.topology_rebuild=0.0ms(60) underground.fog_update=0.0ms(60) chunk_manager.streaming_redraw=0.0ms(60) mountain_shadow.visual_rebuild=0.0ms(60)
[FrameBudget] streaming=0.0ms topology=0.0ms visual=0.0ms spawn=0.0ms total=0.0ms/6.0ms chunk_manager.streaming_load=0.0ms(60) building.room_recompute=0.0ms(60) power.balance_recompute=0.0ms(60) chunk_manager.topology_rebuild=0.0ms(60) underground.fog_update=0.0ms(60) chunk_manager.streaming_redraw=0.0ms(60) mountain_shadow.visual_rebuild=0.0ms(60)
[FrameBudget] streaming=0.0ms topology=0.0ms visual=0.0ms spawn=0.0ms total=0.0ms/6.0ms chunk_manager.streaming_load=0.0ms(60) building.room_recompute=0.0ms(60) power.balance_recompute=0.0ms(60) chunk_manager.topology_rebuild=0.0ms(60) underground.fog_update=0.0ms(60) chunk_manager.streaming_redraw=0.0ms(60) mountain_shadow.visual_rebuild=0.0ms(60)
[WorldPerf] === Frame Summary (300 frames) ===
[WorldPerf] Frame time: avg=8.0 ms, p99=34.5 ms, hitches=9
[WorldPerf] Frame budget: dispatcher=0.2ms streaming=0.0ms streaming_load=0.0ms streaming_redraw=0.0ms topology=0.0ms building=0.0ms power=0.0ms visual=0.0ms shadow=0.0ms spawn=0.0ms total=1.5ms/6.0ms
[WorldPerf] Boot detail: compute=0.0ms apply=0.0ms redraw=0.0ms topology=0.0ms shadow=0.0ms milestones=0 other=1.4ms | peaks: compute=0.0ms apply=0.0ms redraw=0.0ms topology=0.0ms shadow=0.0ms milestones=0.0ms stream_load=0.0ms stream_redraw=0.0ms
[FrameBudget] streaming=0.0ms topology=0.0ms visual=0.0ms spawn=0.0ms total=0.0ms/6.0ms chunk_manager.streaming_load=0.0ms(60) building.room_recompute=0.0ms(60) power.balance_recompute=0.0ms(60) chunk_manager.topology_rebuild=0.0ms(60) underground.fog_update=0.0ms(60) chunk_manager.streaming_redraw=0.0ms(60) mountain_shadow.visual_rebuild=0.0ms(60)
[FrameBudget] streaming=0.0ms topology=0.0ms visual=0.0ms spawn=0.0ms total=0.0ms/6.0ms chunk_manager.streaming_load=0.0ms(60) building.room_recompute=0.0ms(60) power.balance_recompute=0.0ms(60) chunk_manager.topology_rebuild=0.0ms(60) underground.fog_update=0.0ms(60) chunk_manager.streaming_redraw=0.0ms(60) mountain_shadow.visual_rebuild=0.0ms(60)
[FrameBudget] streaming=0.0ms topology=0.0ms visual=0.0ms spawn=0.0ms total=0.0ms/6.0ms chunk_manager.streaming_load=0.0ms(60) building.room_recompute=0.0ms(60) power.balance_recompute=0.0ms(60) chunk_manager.topology_rebuild=0.0ms(60) underground.fog_update=0.0ms(60) chunk_manager.streaming_redraw=0.0ms(60) mountain_shadow.visual_rebuild=0.0ms(60)
[FrameBudget] streaming=0.0ms topology=0.0ms visual=0.0ms spawn=0.0ms total=0.0ms/6.0ms chunk_manager.streaming_load=0.0ms(60) building.room_recompute=0.0ms(60) power.balance_recompute=0.0ms(60) chunk_manager.topology_rebuild=0.0ms(60) underground.fog_update=0.0ms(60) chunk_manager.streaming_redraw=0.0ms(60) mountain_shadow.visual_rebuild=0.0ms(60)
[WorldPerf] stream.chunk_first_pass_ms (0, -1)@z0: 8565.16 ms
[WorldPerf] stream.chunk_first_pass_ms (1, 0)@z0: 8513.79 ms
[WorldPerf] stream.chunk_first_pass_ms (63, 0)@z0: 8616.72 ms
[WorldPerf] stream.chunk_first_pass_ms (0, 1)@z0: 8556.91 ms
[WorldPerf] stream.chunk_first_pass_ms (1, -1)@z0: 8509.44 ms
[WorldPerf] stream.chunk_first_pass_ms (63, -1)@z0: 8500.34 ms
[WorldPerf] stream.chunk_first_pass_ms (1, 1)@z0: 8429.57 ms
[WorldPerf] stream.chunk_first_pass_ms (63, 1)@z0: 8438.30 ms
[WorldPerf] Boot.loop_step_ms: 35.26 ms
[FrameBudget] streaming=0.0ms topology=0.0ms visual=0.0ms spawn=0.0ms total=0.0ms/6.0ms chunk_manager.streaming_load=0.0ms(60) building.room_recompute=0.0ms(60) power.balance_recompute=0.0ms(60) chunk_manager.topology_rebuild=0.0ms(60) underground.fog_update=0.0ms(60) chunk_manager.streaming_redraw=0.0ms(60) mountain_shadow.visual_rebuild=0.0ms(60)
[WorldPerf] === Frame Summary (300 frames) ===
[WorldPerf] Frame time: avg=7.7 ms, p99=31.8 ms, hitches=8
[WorldPerf] Frame budget: dispatcher=0.2ms streaming=0.0ms streaming_load=0.0ms streaming_redraw=0.0ms topology=0.0ms building=0.0ms power=0.0ms visual=0.0ms shadow=0.0ms spawn=0.0ms total=1.3ms/6.0ms
[WorldPerf] Boot detail: compute=0.0ms apply=0.0ms redraw=0.0ms topology=0.0ms shadow=0.0ms milestones=0 other=1.1ms | peaks: compute=0.0ms apply=0.0ms redraw=0.0ms topology=0.0ms shadow=0.0ms milestones=0.0ms stream_load=0.0ms stream_redraw=0.0ms
[WorldPerf] stream.chunk_full_redraw_ms (0, 0)@z0: 9216.91 ms
[FrameBudget] streaming=0.0ms topology=0.0ms visual=0.0ms spawn=0.0ms total=0.0ms/6.0ms chunk_manager.streaming_load=0.0ms(60) building.room_recompute=0.0ms(60) power.balance_recompute=0.0ms(60) chunk_manager.topology_rebuild=0.0ms(60) underground.fog_update=0.0ms(60) chunk_manager.streaming_redraw=0.0ms(60) mountain_shadow.visual_rebuild=0.0ms(60)
[WorldPerf] FPS: 113.0
[FrameBudget] streaming=0.0ms topology=0.0ms visual=0.0ms spawn=0.0ms total=0.0ms/6.0ms chunk_manager.streaming_load=0.0ms(60) building.room_recompute=0.0ms(60) power.balance_recompute=0.0ms(60) chunk_manager.topology_rebuild=0.0ms(60) underground.fog_update=0.0ms(60) chunk_manager.streaming_redraw=0.0ms(60) mountain_shadow.visual_rebuild=0.0ms(60)
[FrameBudget] streaming=0.0ms topology=0.0ms visual=0.0ms spawn=0.0ms total=0.0ms/6.0ms chunk_manager.streaming_load=0.0ms(60) building.room_recompute=0.0ms(60) power.balance_recompute=0.0ms(60) chunk_manager.topology_rebuild=0.0ms(60) underground.fog_update=0.0ms(60) chunk_manager.streaming_redraw=0.0ms(60) mountain_shadow.visual_rebuild=0.0ms(60)
[FrameBudget] streaming=0.0ms topology=0.0ms visual=0.0ms spawn=0.0ms total=0.0ms/6.0ms chunk_manager.streaming_load=0.0ms(60) building.room_recompute=0.0ms(60) power.balance_recompute=0.0ms(60) chunk_manager.topology_rebuild=0.0ms(60) underground.fog_update=0.0ms(60) chunk_manager.streaming_redraw=0.0ms(60) mountain_shadow.visual_rebuild=0.0ms(60)
[FrameBudget] streaming=0.0ms topology=0.0ms visual=0.0ms spawn=0.0ms total=0.0ms/6.0ms chunk_manager.streaming_load=0.0ms(60) building.room_recompute=0.0ms(60) power.balance_recompute=0.0ms(60) chunk_manager.topology_rebuild=0.0ms(60) underground.fog_update=0.0ms(60) chunk_manager.streaming_redraw=0.0ms(60) mountain_shadow.visual_rebuild=0.0ms(60)
[WorldPerf] === Frame Summary (300 frames) ===
[WorldPerf] Frame time: avg=7.1 ms, p99=19.4 ms, hitches=2
[WorldPerf] Frame budget: dispatcher=0.2ms streaming=0.0ms streaming_load=0.0ms streaming_redraw=0.0ms topology=0.0ms building=0.0ms power=0.0ms visual=0.0ms shadow=0.0ms spawn=0.0ms total=0.4ms/6.0ms
[WorldPerf] Boot detail: compute=0.0ms apply=0.0ms redraw=0.0ms topology=0.0ms shadow=0.0ms milestones=0 other=0.2ms | peaks: compute=0.0ms apply=0.0ms redraw=0.0ms topology=0.0ms shadow=0.0ms milestones=0.0ms stream_load=0.0ms stream_redraw=0.0ms
[FrameBudget] streaming=0.0ms topology=0.0ms visual=0.0ms spawn=0.0ms total=0.0ms/6.0ms chunk_manager.streaming_load=0.0ms(60) building.room_recompute=0.0ms(60) power.balance_recompute=0.0ms(60) chunk_manager.topology_rebuild=0.0ms(60) underground.fog_update=0.0ms(60) chunk_manager.streaming_redraw=0.0ms(60) mountain_shadow.visual_rebuild=0.0ms(60)
[FrameBudget] streaming=0.0ms topology=0.0ms visual=0.0ms spawn=0.0ms total=0.0ms/6.0ms chunk_manager.streaming_load=0.0ms(60) building.room_recompute=0.0ms(60) power.balance_recompute=0.0ms(60) chunk_manager.topology_rebuild=0.0ms(60) underground.fog_update=0.0ms(60) chunk_manager.streaming_redraw=0.0ms(60) mountain_shadow.visual_rebuild=0.0ms(60)
[FrameBudget] streaming=0.0ms topology=0.0ms visual=0.0ms spawn=0.0ms total=0.0ms/6.0ms chunk_manager.streaming_load=0.0ms(60) building.room_recompute=0.0ms(60) power.balance_recompute=0.0ms(60) chunk_manager.topology_rebuild=0.0ms(60) underground.fog_update=0.0ms(60) chunk_manager.streaming_redraw=0.0ms(60) mountain_shadow.visual_rebuild=0.0ms(60)
[FrameBudget] streaming=0.0ms topology=0.0ms visual=0.0ms spawn=0.0ms total=0.0ms/6.0ms chunk_manager.streaming_load=0.0ms(60) building.room_recompute=0.0ms(60) power.balance_recompute=0.0ms(60) chunk_manager.topology_rebuild=0.0ms(60) underground.fog_update=0.0ms(60) chunk_manager.streaming_redraw=0.0ms(60) mountain_shadow.visual_rebuild=0.0ms(60)
[WorldPerf] Boot.loop_step_ms: 40.78 ms
[WorldPerf] stream.chunk_full_redraw_ms (0, -1)@z0: 12837.07 ms
[WorldPerf] stream.chunk_full_redraw_ms (1, 0)@z0: 12786.47 ms
[WorldPerf] stream.chunk_full_redraw_ms (63, 0)@z0: 12800.87 ms
[WorldPerf] stream.chunk_full_redraw_ms (0, 1)@z0: 12742.05 ms
[WorldPerf] stream.chunk_full_redraw_ms (1, -1)@z0: 12695.94 ms
[WorldPerf] stream.chunk_full_redraw_ms (63, -1)@z0: 12725.44 ms
[WorldPerf] stream.chunk_full_redraw_ms (1, 1)@z0: 12655.85 ms
[WorldPerf] stream.chunk_full_redraw_ms (63, 1)@z0: 12600.33 ms
[Boot] first_playable reached (13083.6 ms) | queue_wait=11862.8ms compute=842.5ms (25 chunks) apply=18.5ms (9 chunks) redraw=0.0ms
[WorldPerf] Startup.loading_screen_visible_to_startup_bubble_ready_ms: 25211.19 ms
[WorldPerf] PlayerChunk coord=(0, 0) z=0 trigger=scheduler loaded=true visible=true state=full_ready phase=done first_pass=true full_ready=true issues=healthy ages(first=-ms full=-ms border=-ms apply=13047ms converge=13047ms) queues(fast=0 urgent=0 near=0 full_near=0 full_far=0) requests(load=false staged=false generating=false) scheduler(step=0.00ms exhausted=false)
[WorldPerf] FrameBudgetDispatcher.visual.chunk_manager.streaming_redraw: 32.57 ms
[WorldPerf] FrameBudgetDispatcher.total: 35.56 ms
[FrameBudget] streaming=0.6ms topology=0.1ms visual=11.2ms spawn=0.0ms total=11.8ms/6.0ms chunk_manager.streaming_load=0.6ms(60) building.room_recompute=0.0ms(60) power.balance_recompute=0.0ms(60) chunk_manager.topology_rebuild=0.0ms(60) underground.fog_update=0.0ms(60) chunk_manager.streaming_redraw=10.8ms(60) mountain_shadow.visual_rebuild=0.4ms(36)
[WorldPerf] === Frame Summary (300 frames) ===
[WorldPerf] Frame time: avg=9.1 ms, p99=39.1 ms, hitches=24
[WorldPerf] Frame budget: dispatcher=2.5ms streaming=0.0ms streaming_load=0.1ms streaming_redraw=0.0ms topology=0.0ms building=0.0ms power=0.0ms visual=0.0ms shadow=2.3ms spawn=0.0ms total=5.6ms/6.0ms
[WorldPerf] Boot detail: compute=0.0ms apply=0.0ms redraw=0.0ms topology=0.0ms shadow=0.0ms milestones=1 other=0.7ms | peaks: compute=0.0ms apply=0.0ms redraw=0.0ms topology=0.0ms shadow=0.0ms milestones=0.0ms stream_load=3.2ms stream_redraw=0.0ms
[WorldPerf] Observability: Startup.loading_screen_visible_to_startup_bubble_ready_ms=25211.2ms, Startup.startup_bubble_ready=0.0ms
[WorldPerf] Shadow.edge_cache_compute (0, -2): 73.44 ms
[WorldPerf] Shadow.edge_cache_compute (1, -2): 65.68 ms
[WorldPerf] Shadow.edge_cache_compute (2, -1): 68.55 ms
[FrameBudget] streaming=0.0ms topology=0.0ms visual=5.8ms spawn=0.0ms total=5.9ms/6.0ms chunk_manager.streaming_load=0.0ms(60) building.room_recompute=0.0ms(60) power.balance_recompute=0.0ms(60) chunk_manager.topology_rebuild=0.0ms(60) underground.fog_update=0.0ms(60) chunk_manager.streaming_redraw=5.2ms(60) mountain_shadow.visual_rebuild=0.6ms(43)
[WorldPerf] Shadow.edge_cache_compute (2, 1): 63.20 ms
[WorldPerf] Shadow.edge_cache_compute (62, 1): 69.84 ms
[WorldPerf] Shadow.edge_cache_compute (1, 2): 67.25 ms
[WorldPerf] Shadow.edge_cache_compute (2, -2): 133.13 ms
[FrameBudget] streaming=0.0ms topology=0.0ms visual=5.0ms spawn=0.0ms total=5.0ms/6.0ms chunk_manager.streaming_load=0.0ms(60) building.room_recompute=0.0ms(60) power.balance_recompute=0.0ms(60) chunk_manager.topology_rebuild=0.0ms(60) underground.fog_update=0.0ms(60) chunk_manager.streaming_redraw=4.4ms(60) mountain_shadow.visual_rebuild=0.5ms(57)
[WorldPerf] FPS: 66.0
[WorldPerf] Shadow.stale_age_ms: 1847.87 ms
[FrameBudget] streaming=0.0ms topology=0.0ms visual=5.9ms spawn=0.0ms total=5.9ms/6.0ms chunk_manager.streaming_load=0.0ms(60) building.room_recompute=0.0ms(60) power.balance_recompute=0.0ms(60) chunk_manager.topology_rebuild=0.0ms(60) underground.fog_update=0.0ms(60) chunk_manager.streaming_redraw=5.8ms(60) mountain_shadow.visual_rebuild=0.1ms(36)
[FrameBudget] streaming=0.0ms topology=0.0ms visual=6.0ms spawn=0.0ms total=6.0ms/6.0ms chunk_manager.streaming_load=0.0ms(60) building.room_recompute=0.0ms(60) power.balance_recompute=0.0ms(60) chunk_manager.topology_rebuild=0.0ms(60) underground.fog_update=0.0ms(60) chunk_manager.streaming_redraw=6.0ms(60) mountain_shadow.visual_rebuild=0.0ms(33)
[FrameBudget] streaming=0.0ms topology=0.0ms visual=5.9ms spawn=0.0ms total=5.9ms/6.0ms chunk_manager.streaming_load=0.0ms(60) building.room_recompute=0.0ms(60) power.balance_recompute=0.0ms(60) chunk_manager.topology_rebuild=0.0ms(60) underground.fog_update=0.0ms(60) chunk_manager.streaming_redraw=5.9ms(60) mountain_shadow.visual_rebuild=0.0ms(37)
[WorldPerf] === Frame Summary (300 frames) ===
[WorldPerf] Frame time: avg=7.1 ms, p99=10.3 ms, hitches=0
[WorldPerf] Frame budget: dispatcher=5.9ms streaming=0.0ms streaming_load=0.0ms streaming_redraw=0.0ms topology=0.0ms building=0.0ms power=0.0ms visual=0.0ms shadow=13.9ms spawn=0.0ms total=19.8ms/6.0ms
[WorldPerf] Observability: Shadow.stale_age_ms=1847.9ms
[FrameBudget] streaming=0.0ms topology=0.0ms visual=6.0ms spawn=0.0ms total=6.0ms/6.0ms chunk_manager.streaming_load=0.0ms(60) building.room_recompute=0.0ms(60) power.balance_recompute=0.0ms(60) chunk_manager.topology_rebuild=0.0ms(60) underground.fog_update=0.0ms(60) chunk_manager.streaming_redraw=5.9ms(60) mountain_shadow.visual_rebuild=0.0ms(31)
[FrameBudget] streaming=0.0ms topology=0.0ms visual=5.9ms spawn=0.0ms total=5.9ms/6.0ms chunk_manager.streaming_load=0.0ms(60) building.room_recompute=0.0ms(60) power.balance_recompute=0.0ms(60) chunk_manager.topology_rebuild=0.0ms(60) underground.fog_update=0.0ms(60) chunk_manager.streaming_redraw=5.9ms(60) mountain_shadow.visual_rebuild=0.0ms(35)
[FrameBudget] streaming=0.0ms topology=0.0ms visual=5.7ms spawn=0.0ms total=5.8ms/6.0ms chunk_manager.streaming_load=0.0ms(60) building.room_recompute=0.0ms(60) power.balance_recompute=0.0ms(60) chunk_manager.topology_rebuild=0.0ms(60) underground.fog_update=0.0ms(60) chunk_manager.streaming_redraw=5.7ms(60) mountain_shadow.visual_rebuild=0.0ms(38)
[FrameBudget] streaming=0.0ms topology=0.0ms visual=5.8ms spawn=0.0ms total=5.8ms/6.0ms chunk_manager.streaming_load=0.0ms(60) building.room_recompute=0.0ms(60) power.balance_recompute=0.0ms(60) chunk_manager.topology_rebuild=0.0ms(60) underground.fog_update=0.0ms(60) chunk_manager.streaming_redraw=5.8ms(60) mountain_shadow.visual_rebuild=0.0ms(35)
[WorldPerf] PlayerChunk coord=(0, 0) z=0 trigger=scheduler loaded=true visible=true state=full_ready phase=done first_pass=true full_ready=true issues=healthy ages(first=-ms full=-ms border=-ms apply=17873ms converge=17873ms) queues(fast=0 urgent=0 near=15 full_near=0 full_far=0) requests(load=false staged=false generating=false) scheduler(step=30.59ms exhausted=true)
[WorldPerf] FrameBudgetDispatcher.visual.chunk_manager.streaming_redraw: 33.15 ms
[WorldPerf] FrameBudgetDispatcher.total: 33.32 ms
[WorldPerf] FrameBudgetDispatcher.visual.chunk_manager.streaming_redraw: 41.98 ms
[WorldPerf] FrameBudgetDispatcher.total: 42.23 ms
[FrameBudget] streaming=0.0ms topology=0.0ms visual=14.5ms spawn=0.0ms total=14.5ms/6.0ms chunk_manager.streaming_load=0.0ms(60) building.room_recompute=0.0ms(60) power.balance_recompute=0.0ms(60) chunk_manager.topology_rebuild=0.0ms(60) underground.fog_update=0.0ms(60) chunk_manager.streaming_redraw=14.5ms(60) mountain_shadow.visual_rebuild=0.0ms(23)
[WorldPerf] === Frame Summary (300 frames) ===
[WorldPerf] Frame time: avg=8.7 ms, p99=41.4 ms, hitches=19
[WorldPerf] Frame budget: dispatcher=7.7ms streaming=0.0ms streaming_load=0.0ms streaming_redraw=0.0ms topology=0.0ms building=0.0ms power=0.0ms visual=0.0ms shadow=7.6ms spawn=0.0ms total=15.3ms/6.0ms
[FrameBudget] streaming=0.0ms topology=0.0ms visual=6.6ms spawn=0.0ms total=6.6ms/6.0ms chunk_manager.streaming_load=0.0ms(60) building.room_recompute=0.0ms(60) power.balance_recompute=0.0ms(60) chunk_manager.topology_rebuild=0.0ms(60) underground.fog_update=0.0ms(60) chunk_manager.streaming_redraw=6.6ms(60) mountain_shadow.visual_rebuild=0.0ms(37)
[FrameBudget] streaming=0.0ms topology=0.0ms visual=5.4ms spawn=0.0ms total=5.5ms/6.0ms chunk_manager.streaming_load=0.0ms(60) building.room_recompute=0.0ms(60) power.balance_recompute=0.0ms(60) chunk_manager.topology_rebuild=0.0ms(60) underground.fog_update=0.0ms(60) chunk_manager.streaming_redraw=5.4ms(60) mountain_shadow.visual_rebuild=0.0ms(39)
[WorldPerf] FPS: 65.0
[FrameBudget] streaming=0.0ms topology=0.0ms visual=5.4ms spawn=0.0ms total=5.5ms/6.0ms chunk_manager.streaming_load=0.0ms(60) building.room_recompute=0.0ms(60) power.balance_recompute=0.0ms(60) chunk_manager.topology_rebuild=0.0ms(60) underground.fog_update=0.0ms(60) chunk_manager.streaming_redraw=5.4ms(60) mountain_shadow.visual_rebuild=0.0ms(39)
[FrameBudget] streaming=0.0ms topology=0.0ms visual=5.4ms spawn=0.0ms total=5.4ms/6.0ms chunk_manager.streaming_load=0.0ms(60) building.room_recompute=0.0ms(60) power.balance_recompute=0.0ms(60) chunk_manager.topology_rebuild=0.0ms(60) underground.fog_update=0.0ms(60) chunk_manager.streaming_redraw=5.4ms(60) mountain_shadow.visual_rebuild=0.0ms(40)
[FrameBudget] streaming=0.0ms topology=0.0ms visual=5.5ms spawn=0.0ms total=5.5ms/6.0ms chunk_manager.streaming_load=0.0ms(60) building.room_recompute=0.0ms(60) power.balance_recompute=0.0ms(60) chunk_manager.topology_rebuild=0.0ms(60) underground.fog_update=0.0ms(60) chunk_manager.streaming_redraw=5.5ms(60) mountain_shadow.visual_rebuild=0.0ms(36)
[WorldPerf] === Frame Summary (300 frames) ===
[WorldPerf] Frame time: avg=7.2 ms, p99=17.8 ms, hitches=2
[WorldPerf] Frame budget: dispatcher=5.8ms streaming=0.0ms streaming_load=0.0ms streaming_redraw=0.0ms topology=0.0ms building=0.0ms power=0.0ms visual=0.0ms shadow=5.7ms spawn=0.0ms total=11.5ms/6.0ms
[FrameBudget] streaming=0.0ms topology=0.0ms visual=5.3ms spawn=0.0ms total=5.4ms/6.0ms chunk_manager.streaming_load=0.0ms(60) building.room_recompute=0.0ms(60) power.balance_recompute=0.0ms(60) chunk_manager.topology_rebuild=0.0ms(60) underground.fog_update=0.0ms(60) chunk_manager.streaming_redraw=5.3ms(60) mountain_shadow.visual_rebuild=0.0ms(40)
[FrameBudget] streaming=0.0ms topology=0.0ms visual=5.3ms spawn=0.0ms total=5.4ms/6.0ms chunk_manager.streaming_load=0.0ms(60) building.room_recompute=0.0ms(60) power.balance_recompute=0.0ms(60) chunk_manager.topology_rebuild=0.0ms(60) underground.fog_update=0.0ms(60) chunk_manager.streaming_redraw=5.3ms(60) mountain_shadow.visual_rebuild=0.0ms(40)
[FrameBudget] streaming=0.0ms topology=0.0ms visual=5.5ms spawn=0.0ms total=5.5ms/6.0ms chunk_manager.streaming_load=0.0ms(60) building.room_recompute=0.0ms(60) power.balance_recompute=0.0ms(60) chunk_manager.topology_rebuild=0.0ms(60) underground.fog_update=0.0ms(60) chunk_manager.streaming_redraw=5.5ms(60) mountain_shadow.visual_rebuild=0.0ms(39)
[FrameBudget] streaming=0.0ms topology=0.0ms visual=5.4ms spawn=0.0ms total=5.5ms/6.0ms chunk_manager.streaming_load=0.0ms(60) building.room_recompute=0.0ms(60) power.balance_recompute=0.0ms(60) chunk_manager.topology_rebuild=0.0ms(60) underground.fog_update=0.0ms(60) chunk_manager.streaming_redraw=5.4ms(60) mountain_shadow.visual_rebuild=0.0ms(39)
[WorldPerf] PlayerChunk coord=(0, 0) z=0 trigger=scheduler loaded=true visible=true state=full_ready phase=done first_pass=true full_ready=true issues=healthy ages(first=-ms full=-ms border=-ms apply=22547ms converge=22547ms) queues(fast=0 urgent=0 near=15 full_near=0 full_far=0) requests(load=false staged=false generating=false) scheduler(step=30.56ms exhausted=true)
[WorldPerf] FrameBudgetDispatcher.visual.chunk_manager.streaming_redraw: 31.66 ms
[WorldPerf] FrameBudgetDispatcher.total: 31.83 ms
[WorldPerf] stream.chunk_first_pass_ms (0, -2)@z0: 9502.69 ms
[WorldPerf] stream.chunk_first_pass_ms (2, 0)@z0: 9524.18 ms
[WorldPerf] stream.chunk_first_pass_ms (62, 0)@z0: 9490.99 ms
[WorldPerf] stream.chunk_first_pass_ms (0, 2)@z0: 9594.06 ms
[WorldPerf] stream.chunk_first_pass_ms (1, -2)@z0: 9595.95 ms
[WorldPerf] stream.chunk_first_pass_ms (63, -2)@z0: 9588.33 ms
[WorldPerf] stream.chunk_first_pass_ms (2, -1)@z0: 9587.83 ms
[WorldPerf] stream.chunk_first_pass_ms (62, -1)@z0: 9580.66 ms
[WorldPerf] stream.chunk_first_pass_ms (2, 1)@z0: 9583.65 ms
[WorldPerf] stream.chunk_first_pass_ms (62, 1)@z0: 9548.05 ms
[WorldPerf] stream.chunk_first_pass_ms (1, 2)@z0: 9547.53 ms
[WorldPerf] stream.chunk_first_pass_ms (63, 2)@z0: 9548.81 ms
[WorldPerf] stream.chunk_first_pass_ms (2, -2)@z0: 9546.15 ms
[WorldPerf] stream.chunk_first_pass_ms (62, -2)@z0: 9535.33 ms
[WorldPerf] stream.chunk_first_pass_ms (2, 2)@z0: 9527.00 ms
[WorldPerf] stream.chunk_first_pass_ms (62, 2)@z0: 9492.14 ms
[WorldPerf] FrameBudgetDispatcher.visual.chunk_manager.streaming_redraw: 38.18 ms
[WorldPerf] FrameBudgetDispatcher.total: 38.41 ms
[FrameBudget] streaming=0.0ms topology=0.0ms visual=14.9ms spawn=0.0ms total=15.0ms/6.0ms chunk_manager.streaming_load=0.0ms(60) building.room_recompute=0.0ms(60) power.balance_recompute=0.0ms(60) chunk_manager.topology_rebuild=0.0ms(60) underground.fog_update=0.0ms(60) chunk_manager.streaming_redraw=14.9ms(60) mountain_shadow.visual_rebuild=0.0ms(26)
[WorldPerf] === Frame Summary (300 frames) ===
[WorldPerf] Frame time: avg=8.8 ms, p99=36.2 ms, hitches=21
[WorldPerf] Frame budget: dispatcher=7.4ms streaming=0.0ms streaming_load=0.0ms streaming_redraw=0.0ms topology=0.0ms building=0.0ms power=0.0ms visual=0.0ms shadow=7.3ms spawn=0.0ms total=14.8ms/6.0ms
[FrameBudget] streaming=0.0ms topology=0.0ms visual=4.9ms spawn=0.0ms total=5.0ms/6.0ms chunk_manager.streaming_load=0.0ms(60) building.room_recompute=0.0ms(60) power.balance_recompute=0.0ms(60) chunk_manager.topology_rebuild=0.0ms(60) underground.fog_update=0.0ms(60) chunk_manager.streaming_redraw=4.9ms(60) mountain_shadow.visual_rebuild=0.0ms(51)
[FrameBudget] streaming=0.0ms topology=0.0ms visual=4.8ms spawn=0.0ms total=4.8ms/6.0ms chunk_manager.streaming_load=0.0ms(60) building.room_recompute=0.0ms(60) power.balance_recompute=0.0ms(60) chunk_manager.topology_rebuild=0.0ms(60) underground.fog_update=0.0ms(60) chunk_manager.streaming_redraw=4.8ms(60) mountain_shadow.visual_rebuild=0.0ms(53)
[FrameBudget] streaming=0.0ms topology=0.0ms visual=5.2ms spawn=0.0ms total=5.2ms/6.0ms chunk_manager.streaming_load=0.0ms(60) building.room_recompute=0.0ms(60) power.balance_recompute=0.0ms(60) chunk_manager.topology_rebuild=0.0ms(60) underground.fog_update=0.0ms(60) chunk_manager.streaming_redraw=5.1ms(60) mountain_shadow.visual_rebuild=0.0ms(43)
[WorldPerf] FPS: 102.0
[FrameBudget] streaming=0.0ms topology=0.0ms visual=5.1ms spawn=0.0ms total=5.1ms/6.0ms chunk_manager.streaming_load=0.0ms(60) building.room_recompute=0.0ms(60) power.balance_recompute=0.0ms(60) chunk_manager.topology_rebuild=0.0ms(60) underground.fog_update=0.0ms(60) chunk_manager.streaming_redraw=5.1ms(60) mountain_shadow.visual_rebuild=0.0ms(48)
[FrameBudget] streaming=0.0ms topology=0.0ms visual=5.3ms spawn=0.0ms total=5.3ms/6.0ms chunk_manager.streaming_load=0.0ms(60) building.room_recompute=0.0ms(60) power.balance_recompute=0.0ms(60) chunk_manager.topology_rebuild=0.0ms(60) underground.fog_update=0.0ms(60) chunk_manager.streaming_redraw=5.3ms(60) mountain_shadow.visual_rebuild=0.0ms(50)
[WorldPerf] === Frame Summary (300 frames) ===
[WorldPerf] Frame time: avg=6.8 ms, p99=8.3 ms, hitches=0
[WorldPerf] Frame budget: dispatcher=5.2ms streaming=0.0ms streaming_load=0.0ms streaming_redraw=0.0ms topology=0.0ms building=0.0ms power=0.0ms visual=0.0ms shadow=5.0ms spawn=0.0ms total=10.3ms/6.0ms
[FrameBudget] streaming=0.0ms topology=0.0ms visual=5.2ms spawn=0.0ms total=5.3ms/6.0ms chunk_manager.streaming_load=0.0ms(60) building.room_recompute=0.0ms(60) power.balance_recompute=0.0ms(60) chunk_manager.topology_rebuild=0.0ms(60) underground.fog_update=0.0ms(60) chunk_manager.streaming_redraw=5.2ms(60) mountain_shadow.visual_rebuild=0.0ms(45)
[FrameBudget] streaming=0.0ms topology=0.0ms visual=5.4ms spawn=0.0ms total=5.4ms/6.0ms chunk_manager.streaming_load=0.0ms(60) building.room_recompute=0.0ms(60) power.balance_recompute=0.0ms(60) chunk_manager.topology_rebuild=0.0ms(60) underground.fog_update=0.0ms(60) chunk_manager.streaming_redraw=5.4ms(60) mountain_shadow.visual_rebuild=0.0ms(41)
[FrameBudget] streaming=0.0ms topology=0.0ms visual=5.6ms spawn=0.0ms total=5.6ms/6.0ms chunk_manager.streaming_load=0.0ms(60) building.room_recompute=0.0ms(60) power.balance_recompute=0.0ms(60) chunk_manager.topology_rebuild=0.0ms(60) underground.fog_update=0.0ms(60) chunk_manager.streaming_redraw=5.6ms(60) mountain_shadow.visual_rebuild=0.0ms(39)
[FrameBudget] streaming=0.0ms topology=0.0ms visual=5.3ms spawn=0.0ms total=5.3ms/6.0ms chunk_manager.streaming_load=0.0ms(60) building.room_recompute=0.0ms(60) power.balance_recompute=0.0ms(60) chunk_manager.topology_rebuild=0.0ms(60) underground.fog_update=0.0ms(60) chunk_manager.streaming_redraw=5.3ms(60) mountain_shadow.visual_rebuild=0.0ms(41)
[FrameBudget] streaming=0.0ms topology=0.0ms visual=5.1ms spawn=0.0ms total=5.2ms/6.0ms chunk_manager.streaming_load=0.0ms(60) building.room_recompute=0.0ms(60) power.balance_recompute=0.0ms(60) chunk_manager.topology_rebuild=0.0ms(60) underground.fog_update=0.0ms(60) chunk_manager.streaming_redraw=5.1ms(60) mountain_shadow.visual_rebuild=0.0ms(47)
[WorldPerf] === Frame Summary (300 frames) ===
[WorldPerf] Frame time: avg=6.9 ms, p99=6.9 ms, hitches=0
[WorldPerf] Frame budget: dispatcher=5.5ms streaming=0.0ms streaming_load=0.0ms streaming_redraw=0.0ms topology=0.0ms building=0.0ms power=0.0ms visual=0.0ms shadow=5.3ms spawn=0.0ms total=10.8ms/6.0ms
[WorldPerf] PlayerChunk coord=(0, 0) z=0 trigger=scheduler loaded=true visible=true state=full_ready phase=done first_pass=true full_ready=true issues=healthy ages(first=-ms full=-ms border=-ms apply=27561ms converge=27561ms) queues(fast=0 urgent=0 near=0 full_near=15 full_far=0) requests(load=false staged=false generating=false) scheduler(step=30.31ms exhausted=true)
[WorldPerf] FrameBudgetDispatcher.visual.chunk_manager.streaming_redraw: 30.56 ms
[WorldPerf] FrameBudgetDispatcher.total: 30.72 ms
[WorldPerf] FrameBudgetDispatcher.visual.chunk_manager.streaming_redraw: 39.12 ms
[WorldPerf] FrameBudgetDispatcher.total: 39.32 ms
[WorldPerf] stream.chunk_full_redraw_ms (0, -2)@z0: 14876.61 ms
[WorldPerf] stream.chunk_full_redraw_ms (2, 1)@z0: 14693.96 ms
[WorldPerf] stream.chunk_full_redraw_ms (62, 1)@z0: 14658.25 ms
[WorldPerf] stream.chunk_full_redraw_ms (1, 2)@z0: 14684.35 ms
[WorldPerf] stream.chunk_full_redraw_ms (63, 2)@z0: 14651.96 ms
[WorldPerf] stream.chunk_full_redraw_ms (2, 2)@z0: 14599.35 ms
[WorldPerf] stream.chunk_full_redraw_ms (2, 0)@z0: 14920.36 ms
[WorldPerf] stream.chunk_full_redraw_ms (62, 0)@z0: 14888.15 ms
[WorldPerf] stream.chunk_full_redraw_ms (0, 2)@z0: 14880.37 ms
[WorldPerf] stream.chunk_full_redraw_ms (2, -1)@z0: 14836.73 ms
[WorldPerf] stream.chunk_full_redraw_ms (62, -1)@z0: 14821.96 ms
[WorldPerf] stream.chunk_full_redraw_ms (62, 2)@z0: 14660.59 ms
[WorldPerf] stream.chunk_full_redraw_ms (2, -2)@z0: 14716.89 ms
[WorldPerf] stream.chunk_full_redraw_ms (62, -2)@z0: 14739.43 ms
[WorldPerf] stream.chunk_full_redraw_ms (1, -2)@z0: 14908.63 ms
[WorldPerf] stream.chunk_full_redraw_ms (63, -2)@z0: 14923.57 ms
[WorldPerf] stream.chunk_border_fix_ms (0, -1)@z0: 15099.99 ms
[WorldPerf] stream.chunk_full_redraw_ms (0, -1)@z0: 15100.11 ms
[WorldPerf] stream.chunk_border_fix_ms (1, 0)@z0: 15063.55 ms
[WorldPerf] stream.chunk_full_redraw_ms (1, 0)@z0: 15063.67 ms
[WorldPerf] stream.chunk_border_fix_ms (63, 0)@z0: 15030.31 ms
[WorldPerf] stream.chunk_full_redraw_ms (63, 0)@z0: 15030.40 ms
[WorldPerf] stream.chunk_border_fix_ms (0, 1)@z0: 14989.92 ms
[WorldPerf] stream.chunk_full_redraw_ms (0, 1)@z0: 14990.05 ms
[WorldPerf] stream.chunk_border_fix_ms (1, -1)@z0: 15001.69 ms
[WorldPerf] stream.chunk_full_redraw_ms (1, -1)@z0: 14993.01 ms
[WorldPerf] stream.chunk_border_fix_ms (63, -1)@z0: 14994.00 ms
[WorldPerf] stream.chunk_full_redraw_ms (63, -1)@z0: 14953.27 ms
[WorldPerf] stream.chunk_border_fix_ms (1, 1)@z0: 14952.46 ms
[WorldPerf] stream.chunk_full_redraw_ms (1, 1)@z0: 14914.67 ms
[WorldPerf] stream.chunk_border_fix_ms (63, 1)@z0: 14915.88 ms
[WorldPerf] stream.chunk_full_redraw_ms (63, 1)@z0: 14882.02 ms
[Boot] first_playable reached (28294.2 ms) | queue_wait=11862.8ms compute=842.5ms (25 chunks) apply=18.5ms (9 chunks) redraw=0.0ms
[Boot] boot_complete reached (28294.3 ms) | queue_wait=11862.8ms compute=842.5ms (25 chunks) apply=18.5ms (9 chunks) redraw=0.0ms
[WorldPerf] Startup.startup_bubble_ready_to_boot_complete_ms: 15181.35 ms
[CodexValidation] route prepared: preset=local_ring waypoints=6 start=(0.0, 0.0) chunk_pixels=4096.0
[CodexValidation] room validation prepared at (4, 4)
[CodexValidation] power validation prepared at (8, 4)
[CodexValidation] mining validation prepared at (59, 0)
[CodexValidation] boot complete; route prepared
[FrameBudget] streaming=0.0ms topology=0.0ms visual=8.1ms spawn=0.0ms total=8.2ms/6.0ms chunk_manager.streaming_load=0.0ms(60) building.room_recompute=0.0ms(60) power.balance_recompute=0.0ms(60) chunk_manager.topology_rebuild=0.0ms(60) underground.fog_update=0.0ms(60) chunk_manager.streaming_redraw=8.1ms(60) mountain_shadow.visual_rebuild=0.0ms(44)
[CodexValidation] built validation room
[FrameBudget] streaming=0.0ms topology=0.0ms visual=0.1ms spawn=0.0ms total=0.2ms/6.0ms chunk_manager.streaming_load=0.0ms(60) building.room_recompute=0.0ms(60) power.balance_recompute=0.0ms(60) chunk_manager.topology_rebuild=0.0ms(60) underground.fog_update=0.0ms(60) chunk_manager.streaming_redraw=0.1ms(60) mountain_shadow.visual_rebuild=0.0ms(60)
[CodexValidation] removed validation room wall (5, 4)
[CodexValidation] re-placed validation room wall (5, 4)
[CodexValidation] destroyed validation room wall (4, 5)
[CodexValidation] room validation complete
[CodexValidation] placed validation battery (8, 4)
[FrameBudget] streaming=0.0ms topology=0.1ms visual=0.1ms spawn=0.0ms total=0.2ms/6.0ms chunk_manager.streaming_load=0.0ms(60) building.room_recompute=0.1ms(60) power.balance_recompute=0.0ms(60) chunk_manager.topology_rebuild=0.0ms(60) underground.fog_update=0.0ms(60) chunk_manager.streaming_redraw=0.1ms(60) mountain_shadow.visual_rebuild=0.0ms(60)
[CodexValidation] removed validation battery (8, 4)
[CodexValidation] power validation complete
[CodexValidation] mined entry tile (59, 0)
[WorldPerf] PlayerChunk coord=(0, 0) z=0 trigger=scheduler loaded=true visible=true state=full_pending phase=done first_pass=true full_ready=false issues=border_fix_pending ages(first=-ms full=-ms border=1ms apply=29248ms converge=1ms) queues(fast=0 urgent=0 near=0 full_near=0 full_far=0) requests(load=false staged=false generating=false) scheduler(step=0.57ms exhausted=false)
[WorldPerf] PlayerChunk coord=(0, 0) z=0 trigger=scheduler loaded=true visible=true state=full_ready phase=done first_pass=true full_ready=true issues=healthy ages(first=-ms full=-ms border=-ms apply=29249ms converge=2ms) queues(fast=0 urgent=0 near=0 full_near=0 full_far=0) requests(load=false staged=false generating=false) scheduler(step=0.15ms exhausted=false)
[CodexValidation] mined interior tile (60, 0)
[WorldPerf] PlayerChunk coord=(0, 0) z=0 trigger=scheduler loaded=true visible=true state=full_pending phase=done first_pass=true full_ready=false issues=border_fix_pending ages(first=-ms full=-ms border=1ms apply=29394ms converge=1ms) queues(fast=0 urgent=0 near=0 full_near=0 full_far=0) requests(load=false staged=false generating=false) scheduler(step=0.58ms exhausted=false)
[WorldPerf] PlayerChunk coord=(0, 0) z=0 trigger=scheduler loaded=true visible=true state=full_ready phase=done first_pass=true full_ready=true issues=healthy ages(first=-ms full=-ms border=-ms apply=29394ms converge=2ms) queues(fast=0 urgent=0 near=0 full_near=0 full_far=0) requests(load=false staged=false generating=false) scheduler(step=0.15ms exhausted=false)
[CodexValidation] mined deeper tile (61, 0)
[WorldPerf] PlayerChunk coord=(0, 0) z=0 trigger=scheduler loaded=true visible=true state=full_pending phase=done first_pass=true full_ready=false issues=border_fix_pending ages(first=-ms full=-ms border=1ms apply=29539ms converge=1ms) queues(fast=0 urgent=0 near=0 full_near=0 full_far=0) requests(load=false staged=false generating=false) scheduler(step=0.57ms exhausted=false)
[WorldPerf] PlayerChunk coord=(0, 0) z=0 trigger=scheduler loaded=true visible=true state=full_ready phase=done first_pass=true full_ready=true issues=healthy ages(first=-ms full=-ms border=-ms apply=29540ms converge=2ms) queues(fast=0 urgent=0 near=0 full_near=0 full_far=0) requests(load=false staged=false generating=false) scheduler(step=0.16ms exhausted=false)
[FrameBudget] streaming=0.0ms topology=0.0ms visual=0.2ms spawn=0.0ms total=0.2ms/6.0ms chunk_manager.streaming_load=0.0ms(60) building.room_recompute=0.0ms(60) power.balance_recompute=0.0ms(60) chunk_manager.topology_rebuild=0.0ms(60) underground.fog_update=0.0ms(60) chunk_manager.streaming_redraw=0.1ms(60) mountain_shadow.visual_rebuild=0.0ms(60)
[CodexValidation] moved player back to exterior tile (58, 0)
[WorldPerf] FPS: 117.0
[CodexValidation] mining + persistence validation complete
[CodexValidation] route start: preset=local_ring waypoints=6
[WorldPerf] PlayerChunk coord=(1, 0) z=0 trigger=scheduler loaded=true visible=true state=full_ready phase=done first_pass=true full_ready=true issues=healthy ages(first=-ms full=-ms border=-ms apply=29752ms converge=16807ms) queues(fast=0 urgent=0 near=0 full_near=0 full_far=0) requests(load=false staged=false generating=false) scheduler(step=0.01ms exhausted=false)
[WorldPerf] FrameBudgetDispatcher.visual.chunk_manager.streaming_redraw: 31.83 ms
[WorldPerf] FrameBudgetDispatcher.total: 37.59 ms
[FrameBudget] streaming=0.8ms topology=0.0ms visual=1.7ms spawn=0.0ms total=2.5ms/6.0ms chunk_manager.streaming_load=0.8ms(60) building.room_recompute=0.0ms(59) power.balance_recompute=0.0ms(59) chunk_manager.topology_rebuild=0.0ms(59) underground.fog_update=0.0ms(59) chunk_manager.streaming_redraw=1.7ms(59) mountain_shadow.visual_rebuild=0.0ms(55)
[WorldPerf] === Frame Summary (300 frames) ===
[WorldPerf] Frame time: avg=8.5 ms, p99=34.9 ms, hitches=18
[WorldPerf] Frame budget: dispatcher=2.4ms streaming=0.0ms streaming_load=0.2ms streaming_redraw=0.0ms topology=0.0ms building=0.0ms power=0.0ms visual=0.0ms shadow=2.1ms spawn=0.0ms total=4.7ms/6.0ms
[WorldPerf] Boot detail: compute=0.0ms apply=0.0ms redraw=0.0ms topology=0.0ms shadow=0.0ms milestones=2 other=0.0ms | peaks: compute=0.0ms apply=0.0ms redraw=0.0ms topology=0.0ms shadow=0.0ms milestones=0.0ms stream_load=7.8ms stream_redraw=0.0ms
[WorldPerf] Observability: Startup.boot_complete=0.0ms, Startup.startup_bubble_ready_to_boot_complete_ms=15181.4ms
[WorldPerf] Shadow.edge_cache_compute (3, -1): 67.49 ms
[WorldPerf] stream.chunk_border_fix_ms (2, 0)@z0: 368.17 ms
[WorldPerf] stream.chunk_full_redraw_ms (2, 0)@z0: 368.30 ms
[WorldPerf] stream.chunk_border_fix_ms (2, -1)@z0: 328.46 ms
[WorldPerf] stream.chunk_full_redraw_ms (2, -1)@z0: 328.54 ms
[WorldPerf] stream.chunk_border_fix_ms (2, 1)@z0: 291.20 ms
[WorldPerf] stream.chunk_full_redraw_ms (2, 1)@z0: 291.28 ms
[WorldPerf] stream.chunk_border_fix_ms (2, -2)@z0: 283.50 ms
[WorldPerf] stream.chunk_full_redraw_ms (2, -2)@z0: 283.59 ms
[WorldPerf] stream.chunk_border_fix_ms (2, 2)@z0: 229.08 ms
[WorldPerf] stream.chunk_full_redraw_ms (2, 2)@z0: 229.19 ms
[WorldPerf] PlayerChunk coord=(2, 0) z=0 trigger=scheduler loaded=true visible=true state=full_ready phase=done first_pass=true full_ready=true issues=healthy ages(first=-ms full=-ms border=-ms apply=17330ms converge=469ms) queues(fast=0 urgent=0 near=0 full_near=0 full_far=0) requests(load=false staged=false generating=false) scheduler(step=13.79ms exhausted=true)
[WorldPerf] Shadow.edge_cache_compute (3, 1): 74.46 ms
[FrameBudget] streaming=0.8ms topology=0.2ms visual=7.6ms spawn=0.0ms total=8.6ms/6.0ms chunk_manager.streaming_load=0.8ms(60) building.room_recompute=0.0ms(58) power.balance_recompute=0.0ms(58) chunk_manager.topology_rebuild=0.2ms(58) underground.fog_update=0.0ms(56) chunk_manager.streaming_redraw=7.3ms(56) mountain_shadow.visual_rebuild=0.3ms(27)
[WorldPerf] Shadow.edge_cache_compute (4, 0): 67.37 ms
[WorldPerf] Shadow.edge_cache_compute (3, -2): 74.30 ms
[WorldPerf] PlayerChunk coord=(3, 0) z=0 trigger=entered_chunk loaded=true visible=false state=native_ready phase=terrain first_pass=false full_ready=false issues=first_pass_not_ready,first_pass_pending ages(first=508ms full=-ms border=-ms apply=957ms converge=957ms) queues(fast=2 urgent=0 near=7 full_near=0 full_far=0) requests(load=false staged=false generating=false) scheduler(step=0.00ms exhausted=false)
[WorldPerf] Scheduler.fast_visual_wait_ms: 9.99 ms
[WorldPerf] FrameBudgetDispatcher.visual.chunk_manager.streaming_redraw: 34.14 ms
[WorldPerf] FrameBudgetDispatcher.total: 39.45 ms
[WorldPerf] Shadow.edge_cache_compute (4, -1): 72.58 ms
[WorldPerf] Shadow.edge_cache_compute (3, 2): 79.24 ms
[WorldPerf] PlayerChunk coord=(4, 0) z=0 trigger=entered_chunk loaded=true visible=false state=native_ready phase=terrain first_pass=false full_ready=false issues=first_pass_not_ready,first_pass_pending ages(first=485ms full=-ms border=-ms apply=930ms converge=930ms) queues(fast=1 urgent=0 near=12 full_near=0 full_far=0) requests(load=false staged=false generating=false) scheduler(step=0.00ms exhausted=false)
[WorldPerf] FrameBudgetDispatcher.visual.chunk_manager.streaming_redraw: 40.14 ms
[WorldPerf] FrameBudgetDispatcher.total: 46.06 ms
[FrameBudget] streaming=1.2ms topology=0.2ms visual=8.1ms spawn=0.0ms total=9.5ms/6.0ms chunk_manager.streaming_load=1.2ms(60) building.room_recompute=0.0ms(55) power.balance_recompute=0.0ms(55) chunk_manager.topology_rebuild=0.2ms(55) underground.fog_update=0.0ms(54) chunk_manager.streaming_redraw=7.7ms(54) mountain_shadow.visual_rebuild=0.4ms(30)
[WorldPerf] Shadow.edge_cache_compute (5, 0): 78.38 ms
[WorldPerf] Shadow.edge_cache_compute (4, -2): 69.40 ms
[WorldPerf] PlayerChunk coord=(5, 0) z=0 trigger=entered_chunk loaded=true visible=false state=native_ready phase=terrain first_pass=false full_ready=false issues=first_pass_not_ready,first_pass_pending ages(first=526ms full=-ms border=-ms apply=949ms converge=949ms) queues(fast=2 urgent=0 near=17 full_near=0 full_far=0) requests(load=false staged=false generating=false) scheduler(step=0.00ms exhausted=false)
[WorldPerf] Scheduler.fast_visual_wait_ms: 8.50 ms
[WorldPerf] Shadow.edge_cache_compute (6, 0): 69.38 ms
[WorldPerf] FrameBudgetDispatcher.topology.chunk_manager.topology_rebuild: 26.26 ms
[FrameBudget] streaming=1.0ms topology=0.7ms visual=5.9ms spawn=0.0ms total=7.7ms/6.0ms chunk_manager.streaming_load=1.0ms(60) building.room_recompute=0.0ms(56) power.balance_recompute=0.0ms(56) chunk_manager.topology_rebuild=0.7ms(56) underground.fog_update=0.0ms(54) chunk_manager.streaming_redraw=5.4ms(54) mountain_shadow.visual_rebuild=0.5ms(37)
[WorldPerf] Shadow.edge_cache_compute (5, -2): 68.35 ms
[WorldPerf] PlayerChunk coord=(5, 0) z=0 trigger=scheduler loaded=true visible=false state=native_ready phase=cover first_pass=false full_ready=false issues=first_pass_not_ready,first_pass_pending ages(first=975ms full=-ms border=-ms apply=1398ms converge=1398ms) queues(fast=2 urgent=0 near=23 full_near=0 full_far=0) requests(load=false staged=false generating=false) scheduler(step=0.11ms exhausted=false)
[CodexValidation] reached waypoint 1/6 at (24576.0, 0.0)
[WorldPerf] PlayerChunk coord=(6, 0) z=0 trigger=entered_chunk loaded=true visible=false state=native_ready phase=terrain first_pass=false full_ready=false issues=first_pass_not_ready,first_pass_pending ages(first=485ms full=-ms border=-ms apply=947ms converge=947ms) queues(fast=2 urgent=0 near=17 full_near=0 full_far=5) requests(load=false staged=false generating=false) scheduler(step=0.00ms exhausted=false)
[WorldPerf] Shadow.edge_cache_compute (5, 2): 80.53 ms
[WorldPerf] FrameBudgetDispatcher.topology.chunk_manager.topology_rebuild: 23.86 ms
[WorldPerf] FrameBudgetDispatcher.visual.chunk_manager.streaming_redraw: 36.47 ms
[WorldPerf] FrameBudgetDispatcher.total: 36.68 ms
[FrameBudget] streaming=0.8ms topology=0.4ms visual=6.2ms spawn=0.0ms total=7.5ms/6.0ms chunk_manager.streaming_load=0.8ms(60) building.room_recompute=0.0ms(56) power.balance_recompute=0.0ms(56) chunk_manager.topology_rebuild=0.4ms(56) underground.fog_update=0.0ms(55) chunk_manager.streaming_redraw=5.5ms(55) mountain_shadow.visual_rebuild=0.7ms(41)
[WorldPerf] Shadow.edge_cache_compute (6, -2): 65.67 ms
[WorldPerf] PlayerChunk coord=(6, 0) z=0 trigger=scheduler loaded=true visible=false state=native_ready phase=cover first_pass=false full_ready=false issues=first_pass_not_ready,first_pass_pending ages(first=939ms full=-ms border=-ms apply=1401ms converge=1401ms) queues(fast=2 urgent=0 near=23 full_near=0 full_far=5) requests(load=false staged=false generating=false) scheduler(step=0.15ms exhausted=false)
[WorldPerf] Shadow.edge_cache_compute (6, 2): 80.08 ms
[WorldPerf] Shadow.edge_cache_compute (8, 0): 95.19 ms
[FrameBudget] streaming=0.0ms topology=0.0ms visual=6.2ms spawn=0.0ms total=6.2ms/6.0ms chunk_manager.streaming_load=0.0ms(60) building.room_recompute=0.0ms(60) power.balance_recompute=0.0ms(60) chunk_manager.topology_rebuild=0.0ms(60) underground.fog_update=0.0ms(60) chunk_manager.streaming_redraw=5.1ms(60) mountain_shadow.visual_rebuild=1.1ms(46)
[WorldPerf] === Frame Summary (300 frames) ===
[WorldPerf] Frame time: avg=10.7 ms, p99=43.7 ms, hitches=19
[WorldPerf] Frame budget: dispatcher=8.0ms streaming=0.0ms streaming_load=0.8ms streaming_redraw=0.0ms topology=0.3ms building=0.0ms power=0.0ms visual=0.0ms shadow=10.9ms spawn=0.0ms total=20.0ms/6.0ms
[WorldPerf] Observability: Scheduler.urgent_visual_wait_ms=7.8ms, scheduler.max_urgent_wait_ms=7.8ms
[WorldPerf] PlayerChunk coord=(6, 1) z=0 trigger=entered_chunk loaded=true visible=false state=native_ready phase=terrain first_pass=false full_ready=false issues=first_pass_not_ready,first_pass_pending ages(first=3ms full=-ms border=-ms apply=1732ms converge=1732ms) queues(fast=2 urgent=0 near=16 full_near=0 full_far=10) requests(load=false staged=false generating=false) scheduler(step=0.00ms exhausted=false)
[WorldPerf] FrameBudgetDispatcher.topology.chunk_manager.topology_rebuild: 36.22 ms
[WorldPerf] Shadow.edge_cache_compute (7, -2): 87.70 ms
[WorldPerf] Shadow.edge_cache_compute (8, 1): 80.19 ms
[WorldPerf] Shadow.edge_cache_compute (6, 3): 74.78 ms
[WorldPerf] PlayerChunk coord=(6, 2) z=0 trigger=entered_chunk loaded=true visible=false state=native_ready phase=terrain first_pass=false full_ready=false issues=first_pass_not_ready,first_pass_pending ages(first=508ms full=-ms border=-ms apply=2221ms converge=2221ms) queues(fast=2 urgent=0 near=17 full_near=0 full_far=15) requests(load=false staged=false generating=false) scheduler(step=0.00ms exhausted=false)
[WorldPerf] Scheduler.fast_visual_wait_ms: 9.05 ms
[WorldPerf] FrameBudgetDispatcher.topology.chunk_manager.topology_rebuild: 37.33 ms
[WorldPerf] FrameBudgetDispatcher.total: 38.25 ms
[FrameBudget] streaming=1.8ms topology=1.2ms visual=6.0ms spawn=0.0ms total=9.0ms/6.0ms chunk_manager.streaming_load=1.8ms(60) building.room_recompute=0.0ms(53) power.balance_recompute=0.0ms(53) chunk_manager.topology_rebuild=1.2ms(53) underground.fog_update=0.0ms(51) chunk_manager.streaming_redraw=5.3ms(51) mountain_shadow.visual_rebuild=0.7ms(27)
[WorldPerf] Shadow.edge_cache_compute (8, 2): 75.19 ms
[WorldPerf] PlayerChunk coord=(6, 2) z=0 trigger=scheduler loaded=true visible=false state=native_ready phase=cover first_pass=false full_ready=false issues=first_pass_not_ready,first_pass_pending ages(first=982ms full=-ms border=-ms apply=2696ms converge=2696ms) queues(fast=2 urgent=0 near=23 full_near=0 full_far=15) requests(load=false staged=false generating=false) scheduler(step=0.17ms exhausted=false)
[WorldPerf] PlayerChunk coord=(6, 3) z=0 trigger=entered_chunk loaded=true visible=false state=native_ready phase=terrain first_pass=false full_ready=false issues=first_pass_not_ready,first_pass_pending ages(first=491ms full=-ms border=-ms apply=919ms converge=919ms) queues(fast=1 urgent=0 near=17 full_near=0 full_far=20) requests(load=false staged=false generating=false) scheduler(step=0.00ms exhausted=false)
[WorldPerf] Scheduler.fast_visual_wait_ms: 9.05 ms
[WorldPerf] FrameBudgetDispatcher.topology.chunk_manager.topology_rebuild: 35.81 ms
[WorldPerf] Shadow.edge_cache_compute (6, 4): 77.38 ms
[FrameBudget] streaming=0.7ms topology=0.6ms visual=6.1ms spawn=0.0ms total=7.4ms/6.0ms chunk_manager.streaming_load=0.7ms(60) building.room_recompute=0.0ms(57) power.balance_recompute=0.0ms(57) chunk_manager.topology_rebuild=0.6ms(57) underground.fog_update=0.0ms(56) chunk_manager.streaming_redraw=5.3ms(56) mountain_shadow.visual_rebuild=0.7ms(34)
[WorldPerf] Shadow.edge_cache_compute (4, 3): 66.59 ms
[WorldPerf] PlayerChunk coord=(6, 3) z=0 trigger=scheduler loaded=true visible=false state=native_ready phase=cover first_pass=false full_ready=false issues=first_pass_not_ready,first_pass_pending ages(first=957ms full=-ms border=-ms apply=1384ms converge=1384ms) queues(fast=2 urgent=0 near=23 full_near=0 full_far=20) requests(load=false staged=false generating=false) scheduler(step=0.19ms exhausted=false)
[WorldPerf] Shadow.edge_cache_compute (8, 3): 75.29 ms
[WorldPerf] PlayerChunk coord=(6, 4) z=0 trigger=entered_chunk loaded=true visible=false state=native_ready phase=terrain first_pass=false full_ready=false issues=first_pass_not_ready,first_pass_pending ages(first=504ms full=-ms border=-ms apply=927ms converge=927ms) queues(fast=1 urgent=0 near=17 full_near=0 full_far=25) requests(load=false staged=false generating=false) scheduler(step=0.00ms exhausted=false)
[WorldPerf] Scheduler.fast_visual_wait_ms: 8.35 ms
[WorldPerf] FPS: 94.0
[WorldPerf] FrameBudgetDispatcher.topology.chunk_manager.topology_rebuild: 33.35 ms
[WorldPerf] Shadow.edge_cache_compute (8, 4): 67.53 ms
[FrameBudget] streaming=0.7ms topology=0.6ms visual=5.8ms spawn=0.0ms total=7.0ms/6.0ms chunk_manager.streaming_load=0.7ms(60) building.room_recompute=0.0ms(56) power.balance_recompute=0.0ms(56) chunk_manager.topology_rebuild=0.6ms(56) underground.fog_update=0.0ms(55) chunk_manager.streaming_redraw=5.0ms(55) mountain_shadow.visual_rebuild=0.7ms(36)
[WorldPerf] PlayerChunk coord=(6, 4) z=0 trigger=scheduler loaded=true visible=false state=native_ready phase=cover first_pass=false full_ready=false issues=first_pass_not_ready,first_pass_pending ages(first=899ms full=-ms border=-ms apply=1321ms converge=1321ms) queues(fast=2 urgent=0 near=23 full_near=0 full_far=25) requests(load=false staged=false generating=false) scheduler(step=0.12ms exhausted=false)
[WorldPerf] Shadow.edge_cache_compute (6, 6): 68.92 ms
[CodexValidation] reached waypoint 2/6 at (24576.0, 20480.0)
[WorldPerf] PlayerChunk coord=(6, 5) z=0 trigger=entered_chunk loaded=true visible=false state=native_ready phase=terrain first_pass=false full_ready=false issues=first_pass_not_ready,first_pass_pending ages(first=501ms full=-ms border=-ms apply=947ms converge=947ms) queues(fast=2 urgent=0 near=18 full_near=0 full_far=29) requests(load=false staged=false generating=false) scheduler(step=0.00ms exhausted=false)
[WorldPerf] Scheduler.fast_visual_wait_ms: 10.33 ms
[WorldPerf] Shadow.edge_cache_compute (5, 6): 71.99 ms
[WorldPerf] FrameBudgetDispatcher.topology.chunk_manager.topology_rebuild: 32.49 ms
[WorldPerf] FrameBudgetDispatcher.total: 33.15 ms
[WorldPerf] Shadow.edge_cache_compute (4, 5): 64.82 ms
[WorldPerf] PlayerChunk coord=(5, 5) z=0 trigger=entered_chunk loaded=true visible=false state=native_ready phase=terrain first_pass=false full_ready=false issues=first_pass_not_ready,first_pass_pending ages(first=3ms full=-ms border=-ms apply=1308ms converge=1308ms) queues(fast=2 urgent=0 near=15 full_near=0 full_far=32) requests(load=false staged=false generating=false) scheduler(step=0.00ms exhausted=false)
[WorldPerf] FrameBudgetDispatcher.visual.chunk_manager.streaming_redraw: 38.23 ms
[WorldPerf] FrameBudgetDispatcher.total: 40.43 ms
[WorldPerf] FrameBudgetDispatcher.topology.chunk_manager.topology_rebuild: 40.58 ms
[FrameBudget] streaming=1.5ms topology=1.2ms visual=6.5ms spawn=0.0ms total=9.3ms/6.0ms chunk_manager.streaming_load=1.5ms(60) building.room_recompute=0.0ms(56) power.balance_recompute=0.0ms(56) chunk_manager.topology_rebuild=1.2ms(56) underground.fog_update=0.0ms(54) chunk_manager.streaming_redraw=5.8ms(54) mountain_shadow.visual_rebuild=0.7ms(29)
[WorldPerf] Shadow.edge_cache_compute (5, 7): 60.25 ms
[WorldPerf] PlayerChunk coord=(4, 5) z=0 trigger=entered_chunk loaded=true visible=false state=native_ready phase=terrain first_pass=false full_ready=false issues=first_pass_not_ready,first_pass_pending ages(first=502ms full=-ms border=-ms apply=1768ms converge=1768ms) queues(fast=2 urgent=0 near=18 full_near=0 full_far=40) requests(load=false staged=false generating=false) scheduler(step=0.00ms exhausted=false)
[WorldPerf] Scheduler.fast_visual_wait_ms: 10.00 ms
[WorldPerf] Shadow.edge_cache_compute (3, 5): 66.09 ms
[WorldPerf] FrameBudgetDispatcher.topology.chunk_manager.topology_rebuild: 36.21 ms
[FrameBudget] streaming=0.9ms topology=0.6ms visual=6.4ms spawn=0.0ms total=7.9ms/6.0ms chunk_manager.streaming_load=0.9ms(60) building.room_recompute=0.0ms(60) power.balance_recompute=0.0ms(60) chunk_manager.topology_rebuild=0.6ms(60) underground.fog_update=0.0ms(59) chunk_manager.streaming_redraw=6.0ms(59) mountain_shadow.visual_rebuild=0.4ms(33)
[WorldPerf] === Frame Summary (300 frames) ===
[WorldPerf] Frame time: avg=10.7 ms, p99=34.8 ms, hitches=11
[WorldPerf] Frame budget: dispatcher=8.2ms streaming=0.0ms streaming_load=1.1ms streaming_redraw=0.0ms topology=0.8ms building=0.0ms power=0.0ms visual=0.0ms shadow=10.0ms spawn=0.0ms total=20.2ms/6.0ms
[WorldPerf] Observability: Scheduler.urgent_visual_wait_ms=10.0ms, scheduler.max_urgent_wait_ms=10.0ms
[WorldPerf] PlayerChunk coord=(4, 5) z=0 trigger=scheduler loaded=true visible=false state=native_ready phase=cover first_pass=false full_ready=false issues=first_pass_not_ready,first_pass_pending ages(first=918ms full=-ms border=-ms apply=2184ms converge=2184ms) queues(fast=2 urgent=0 near=23 full_near=0 full_far=40) requests(load=false staged=false generating=false) scheduler(step=0.15ms exhausted=false)
[WorldPerf] Shadow.edge_cache_compute (4, 7): 65.67 ms
[WorldPerf] PlayerChunk coord=(3, 5) z=0 trigger=entered_chunk loaded=true visible=false state=native_ready phase=terrain first_pass=false full_ready=false issues=first_pass_not_ready,first_pass_pending ages(first=507ms full=-ms border=-ms apply=871ms converge=871ms) queues(fast=1 urgent=0 near=13 full_near=0 full_far=44) requests(load=false staged=false generating=false) scheduler(step=0.00ms exhausted=false)
[WorldPerf] Scheduler.fast_visual_wait_ms: 9.15 ms
[WorldPerf] FrameBudgetDispatcher.visual.chunk_manager.streaming_redraw: 35.81 ms
[WorldPerf] FrameBudgetDispatcher.total: 37.99 ms
[WorldPerf] FrameBudgetDispatcher.topology.chunk_manager.topology_rebuild: 29.75 ms
[WorldPerf] PlayerChunk coord=(2, 5) z=0 trigger=entered_chunk loaded=true visible=false state=native_ready phase=terrain first_pass=false full_ready=false issues=first_pass_not_ready,first_pass_pending ages(first=506ms full=-ms border=-ms apply=908ms converge=908ms) queues(fast=2 urgent=0 near=11 full_near=0 full_far=47) requests(load=false staged=false generating=false) scheduler(step=0.00ms exhausted=false)
[WorldPerf] Scheduler.fast_visual_wait_ms: 11.52 ms
[FrameBudget] streaming=0.9ms topology=0.5ms visual=7.3ms spawn=0.0ms total=8.7ms/6.0ms chunk_manager.streaming_load=0.9ms(60) building.room_recompute=0.0ms(60) power.balance_recompute=0.0ms(60) chunk_manager.topology_rebuild=0.5ms(60) underground.fog_update=0.0ms(59) chunk_manager.streaming_redraw=6.9ms(59) mountain_shadow.visual_rebuild=0.4ms(27)
[WorldPerf] Shadow.edge_cache_compute (3, 7): 69.91 ms
[WorldPerf] FrameBudgetDispatcher.topology.chunk_manager.topology_rebuild: 22.68 ms
[WorldPerf] Shadow.edge_cache_compute (2, 7): 66.77 ms
[WorldPerf] PlayerChunk coord=(1, 5) z=0 trigger=entered_chunk loaded=true visible=false state=native_ready phase=terrain first_pass=false full_ready=false issues=first_pass_not_ready,first_pass_pending ages(first=506ms full=-ms border=-ms apply=906ms converge=906ms) queues(fast=1 urgent=0 near=12 full_near=0 full_far=55) requests(load=false staged=false generating=false) scheduler(step=0.00ms exhausted=false)
[WorldPerf] Scheduler.fast_visual_wait_ms: 8.72 ms
[WorldPerf] FrameBudgetDispatcher.visual.chunk_manager.streaming_redraw: 38.06 ms
[WorldPerf] FrameBudgetDispatcher.total: 38.28 ms
[WorldPerf] Shadow.edge_cache_compute (0, 4): 70.71 ms
[FrameBudget] streaming=1.6ms topology=0.7ms visual=7.0ms spawn=0.0ms total=9.3ms/6.0ms chunk_manager.streaming_load=1.6ms(60) building.room_recompute=0.0ms(55) power.balance_recompute=0.0ms(55) chunk_manager.topology_rebuild=0.7ms(55) underground.fog_update=0.0ms(53) chunk_manager.streaming_redraw=6.0ms(53) mountain_shadow.visual_rebuild=1.0ms(31)
[WorldPerf] Shadow.edge_cache_compute (1, 7): 68.64 ms
[WorldPerf] PlayerChunk coord=(0, 5) z=0 trigger=entered_chunk loaded=true visible=false state=native_ready phase=terrain first_pass=false full_ready=false issues=first_pass_not_ready,first_pass_pending ages(first=486ms full=-ms border=-ms apply=919ms converge=919ms) queues(fast=0 urgent=0 near=18 full_near=0 full_far=60) requests(load=false staged=false generating=false) scheduler(step=0.00ms exhausted=false)
[WorldPerf] Shadow.edge_cache_compute (63, 5): 71.69 ms
[WorldPerf] Shadow.edge_cache_compute (0, 7): 65.37 ms
[FrameBudget] streaming=0.7ms topology=0.2ms visual=7.2ms spawn=0.0ms total=8.2ms/6.0ms chunk_manager.streaming_load=0.7ms(60) building.room_recompute=0.0ms(57) power.balance_recompute=0.0ms(57) chunk_manager.topology_rebuild=0.2ms(57) underground.fog_update=0.0ms(56) chunk_manager.streaming_redraw=6.1ms(56) mountain_shadow.visual_rebuild=1.1ms(38)
[WorldPerf] PlayerChunk coord=(0, 5) z=0 trigger=scheduler loaded=true visible=false state=native_ready phase=cover first_pass=false full_ready=false issues=first_pass_not_ready,first_pass_pending ages(first=951ms full=-ms border=-ms apply=1384ms converge=1384ms) queues(fast=1 urgent=0 near=24 full_near=0 full_far=60) requests(load=false staged=false generating=false) scheduler(step=0.24ms exhausted=false)
[WorldPerf] Shadow.edge_cache_compute (62, 5): 75.91 ms
[WorldPerf] PlayerChunk coord=(63, 5) z=0 trigger=entered_chunk loaded=true visible=false state=native_ready phase=terrain first_pass=false full_ready=false issues=first_pass_not_ready,first_pass_pending ages(first=4ms full=-ms border=-ms apply=946ms converge=946ms) queues(fast=1 urgent=0 near=18 full_near=0 full_far=64) requests(load=false staged=false generating=false) scheduler(step=0.00ms exhausted=false)
[WorldPerf] Scheduler.fast_visual_wait_ms: 8.84 ms
[WorldPerf] FrameBudgetDispatcher.visual.chunk_manager.streaming_redraw: 33.84 ms
[WorldPerf] FrameBudgetDispatcher.total: 34.04 ms
[WorldPerf] Shadow.edge_cache_compute (63, 3): 69.51 ms
[WorldPerf] Shadow.edge_cache_compute (63, 7): 62.67 ms
[WorldPerf] PlayerChunk coord=(62, 5) z=0 trigger=entered_chunk loaded=true visible=false state=native_ready phase=terrain first_pass=false full_ready=false issues=first_pass_not_ready,first_pass_pending ages(first=4ms full=-ms border=-ms apply=952ms converge=952ms) queues(fast=2 urgent=0 near=16 full_near=0 full_far=69) requests(load=false staged=false generating=false) scheduler(step=0.00ms exhausted=false)
[WorldPerf] Scheduler.fast_visual_wait_ms: 9.12 ms
[WorldPerf] Scheduler.fast_visual_wait_ms: 10.48 ms
[FrameBudget] streaming=1.3ms topology=0.3ms visual=6.8ms spawn=0.0ms total=8.4ms/6.0ms chunk_manager.streaming_load=1.3ms(60) building.room_recompute=0.0ms(56) power.balance_recompute=0.0ms(56) chunk_manager.topology_rebuild=0.3ms(56) underground.fog_update=0.0ms(55) chunk_manager.streaming_redraw=5.5ms(55) mountain_shadow.visual_rebuild=1.3ms(31)
[WorldPerf] Shadow.edge_cache_compute (61, 5): 76.83 ms
[WorldPerf] Shadow.edge_cache_compute (62, 3): 67.23 ms
[WorldPerf] PlayerChunk coord=(61, 5) z=0 trigger=entered_chunk loaded=true visible=false state=native_ready phase=terrain first_pass=false full_ready=false issues=first_pass_not_ready,first_pass_pending ages(first=504ms full=-ms border=-ms apply=931ms converge=931ms) queues(fast=1 urgent=0 near=15 full_near=0 full_far=75) requests(load=false staged=false generating=false) scheduler(step=0.00ms exhausted=false)
[WorldPerf] Scheduler.fast_visual_wait_ms: 9.21 ms
[WorldPerf] Shadow.edge_cache_compute (62, 7): 64.39 ms
[WorldPerf] FPS: 90.0
[FrameBudget] streaming=1.0ms topology=0.5ms visual=8.4ms spawn=0.0ms total=10.0ms/6.0ms chunk_manager.streaming_load=1.0ms(60) building.room_recompute=0.0ms(57) power.balance_recompute=0.0ms(57) chunk_manager.topology_rebuild=0.5ms(57) underground.fog_update=0.0ms(55) chunk_manager.streaming_redraw=7.5ms(55) mountain_shadow.visual_rebuild=0.9ms(31)
[WorldPerf] === Frame Summary (300 frames) ===
[WorldPerf] Frame time: avg=11.7 ms, p99=37.2 ms, hitches=20
[WorldPerf] Frame budget: dispatcher=9.0ms streaming=0.0ms streaming_load=1.1ms streaming_redraw=0.0ms topology=0.4ms building=0.0ms power=0.0ms visual=0.0ms shadow=11.4ms spawn=0.0ms total=22.0ms/6.0ms
[WorldPerf] Observability: Scheduler.urgent_visual_wait_ms=9.2ms, scheduler.max_urgent_wait_ms=9.2ms
[WorldPerf] Shadow.edge_cache_compute (61, 3): 87.34 ms
[WorldPerf] PlayerChunk coord=(60, 5) z=0 trigger=entered_chunk loaded=true visible=false state=native_ready phase=terrain first_pass=false full_ready=false issues=first_pass_not_ready,first_pass_pending ages(first=512ms full=-ms border=-ms apply=942ms converge=942ms) queues(fast=2 urgent=0 near=18 full_near=0 full_far=80) requests(load=false staged=false generating=false) scheduler(step=0.00ms exhausted=false)
[WorldPerf] Scheduler.fast_visual_wait_ms: 11.56 ms
[WorldPerf] FrameBudgetDispatcher.visual.chunk_manager.streaming_redraw: 40.17 ms
[WorldPerf] FrameBudgetDispatcher.total: 42.79 ms
[WorldPerf] Shadow.edge_cache_compute (60, 3): 67.77 ms
[WorldPerf] PlayerChunk coord=(59, 5) z=0 trigger=entered_chunk loaded=true visible=false state=native_ready phase=terrain first_pass=false full_ready=false issues=first_pass_not_ready,first_pass_pending ages(first=491ms full=-ms border=-ms apply=930ms converge=930ms) queues(fast=1 urgent=0 near=17 full_near=0 full_far=85) requests(load=false staged=false generating=false) scheduler(step=0.00ms exhausted=false)
[WorldPerf] Scheduler.fast_visual_wait_ms: 9.62 ms
[FrameBudget] streaming=1.3ms topology=0.3ms visual=7.8ms spawn=0.0ms total=9.4ms/6.0ms chunk_manager.streaming_load=1.3ms(60) building.room_recompute=0.0ms(56) power.balance_recompute=0.0ms(56) chunk_manager.topology_rebuild=0.3ms(56) underground.fog_update=0.0ms(55) chunk_manager.streaming_redraw=6.7ms(55) mountain_shadow.visual_rebuild=1.1ms(31)
[WorldPerf] FrameBudgetDispatcher.visual.chunk_manager.streaming_redraw: 47.16 ms
[WorldPerf] FrameBudgetDispatcher.total: 49.26 ms
[CodexValidation] reached waypoint 3/6 at (241664.0, 20480.0)
[WorldPerf] Shadow.edge_cache_compute (59, 7): 73.54 ms
[WorldPerf] PlayerChunk coord=(59, 5) z=0 trigger=scheduler loaded=true visible=false state=native_ready phase=cover first_pass=false full_ready=false issues=first_pass_not_ready,first_pass_pending ages(first=1168ms full=-ms border=-ms apply=1607ms converge=1607ms) queues(fast=2 urgent=0 near=23 full_near=0 full_far=85) requests(load=false staged=false generating=false) scheduler(step=0.19ms exhausted=false)
[WorldPerf] Shadow.edge_cache_compute (57, 5): 65.39 ms
[FrameBudget] streaming=0.4ms topology=0.3ms visual=8.7ms spawn=0.0ms total=9.5ms/6.0ms chunk_manager.streaming_load=0.4ms(60) building.room_recompute=0.0ms(60) power.balance_recompute=0.0ms(60) chunk_manager.topology_rebuild=0.3ms(60) underground.fog_update=0.0ms(59) chunk_manager.streaming_redraw=7.5ms(59) mountain_shadow.visual_rebuild=1.2ms(36)
[WorldPerf] PlayerChunk coord=(59, 4) z=0 trigger=entered_chunk loaded=true visible=false state=native_ready phase=terrain first_pass=false full_ready=false issues=first_pass_not_ready,first_pass_pending ages(first=4ms full=-ms border=-ms apply=1679ms converge=1679ms) queues(fast=2 urgent=0 near=17 full_near=0 full_far=90) requests(load=false staged=false generating=false) scheduler(step=0.00ms exhausted=false)
[WorldPerf] Scheduler.fast_visual_wait_ms: 8.09 ms
[WorldPerf] Scheduler.fast_visual_wait_ms: 9.38 ms
[WorldPerf] FrameBudgetDispatcher.topology.chunk_manager.topology_rebuild: 20.15 ms
[WorldPerf] FrameBudgetDispatcher.visual.chunk_manager.streaming_redraw: 33.84 ms
[WorldPerf] FrameBudgetDispatcher.total: 34.06 ms
[WorldPerf] PlayerChunk coord=(59, 3) z=0 trigger=entered_chunk loaded=true visible=false state=native_ready phase=terrain first_pass=false full_ready=false issues=first_pass_not_ready,first_pass_pending ages(first=523ms full=-ms border=-ms apply=2160ms converge=2160ms) queues(fast=1 urgent=0 near=17 full_near=0 full_far=95) requests(load=false staged=false generating=false) scheduler(step=0.00ms exhausted=false)
[WorldPerf] Scheduler.fast_visual_wait_ms: 9.71 ms
[WorldPerf] FrameBudgetDispatcher.total: 42.04 ms
[WorldPerf] Shadow.edge_cache_compute (57, 4): 70.67 ms
[WorldPerf] PlayerChunk coord=(59, 2) z=0 trigger=entered_chunk loaded=true visible=false state=native_ready phase=terrain first_pass=false full_ready=false issues=first_pass_not_ready,first_pass_pending ages(first=522ms full=-ms border=-ms apply=955ms converge=955ms) queues(fast=2 urgent=0 near=18 full_near=0 full_far=100) requests(load=false staged=false generating=false) scheduler(step=0.00ms exhausted=false)
[WorldPerf] Scheduler.fast_visual_wait_ms: 11.42 ms
[WorldPerf] FrameBudgetDispatcher.visual.chunk_manager.streaming_redraw: 39.86 ms
[FrameBudget] streaming=2.5ms topology=0.7ms visual=16.7ms spawn=0.0ms total=19.8ms/6.0ms chunk_manager.streaming_load=2.5ms(60) building.room_recompute=0.0ms(54) power.balance_recompute=0.0ms(54) chunk_manager.topology_rebuild=0.6ms(54) underground.fog_update=0.0ms(52) chunk_manager.streaming_redraw=16.4ms(52) mountain_shadow.visual_rebuild=0.2ms(16)
[WorldPerf] PlayerChunk coord=(59, 1) z=0 trigger=entered_chunk loaded=true visible=false state=native_ready phase=terrain first_pass=false full_ready=false issues=first_pass_not_ready,first_pass_pending ages(first=499ms full=-ms border=-ms apply=923ms converge=923ms) queues(fast=2 urgent=0 near=10 full_near=0 full_far=100) requests(load=false staged=false generating=false) scheduler(step=0.00ms exhausted=false)
[WorldPerf] Scheduler.fast_visual_wait_ms: 11.21 ms
[WorldPerf] FrameBudgetDispatcher.total: 41.27 ms
[WorldPerf] PlayerChunk coord=(59, 0) z=0 trigger=entered_chunk loaded=true visible=false state=native_ready phase=terrain first_pass=false full_ready=false issues=first_pass_not_ready,first_pass_pending ages(first=510ms full=-ms border=-ms apply=906ms converge=906ms) queues(fast=1 urgent=0 near=17 full_near=0 full_far=109) requests(load=false staged=false generating=false) scheduler(step=0.00ms exhausted=false)
[WorldPerf] Scheduler.fast_visual_wait_ms: 10.40 ms
[WorldPerf] FrameBudgetDispatcher.visual.chunk_manager.streaming_redraw: 51.71 ms
[WorldPerf] FrameBudgetDispatcher.total: 54.59 ms
[WorldPerf] Shadow.edge_cache_compute (57, 0): 78.09 ms
[WorldPerf] PlayerChunk coord=(59, -1) z=0 trigger=entered_chunk loaded=true visible=false state=native_ready phase=terrain first_pass=false full_ready=false issues=first_pass_not_ready,first_pass_pending ages(first=490ms full=-ms border=-ms apply=906ms converge=906ms) queues(fast=1 urgent=0 near=14 full_near=0 full_far=114) requests(load=false staged=false generating=false) scheduler(step=0.00ms exhausted=false)
[WorldPerf] Scheduler.fast_visual_wait_ms: 10.29 ms
[FrameBudget] streaming=2.4ms topology=0.5ms visual=18.8ms spawn=0.0ms total=21.7ms/6.0ms chunk_manager.streaming_load=2.4ms(60) building.room_recompute=0.0ms(58) power.balance_recompute=0.0ms(58) chunk_manager.topology_rebuild=0.5ms(58) underground.fog_update=0.0ms(55) chunk_manager.streaming_redraw=18.7ms(55) mountain_shadow.visual_rebuild=0.2ms(12)
[WorldPerf] PlayerChunk coord=(59, -2) z=0 trigger=entered_chunk loaded=true visible=false state=native_ready phase=terrain first_pass=false full_ready=false issues=first_pass_not_ready,first_pass_pending ages(first=519ms full=-ms border=-ms apply=874ms converge=874ms) queues(fast=2 urgent=0 near=17 full_near=0 full_far=120) requests(load=false staged=false generating=false) scheduler(step=0.00ms exhausted=false)
[WorldPerf] Scheduler.fast_visual_wait_ms: 11.26 ms
[WorldPerf] Shadow.edge_cache_compute (61, 2): 65.98 ms
[WorldPerf] FrameBudgetDispatcher.visual.chunk_manager.streaming_redraw: 37.90 ms
[WorldPerf] FrameBudgetDispatcher.total: 41.12 ms
[WorldPerf] FPS: 42.0
[WorldPerf] FrameBudgetDispatcher.visual.chunk_manager.streaming_redraw: 49.77 ms
[WorldPerf] FrameBudgetDispatcher.total: 50.01 ms
[WorldPerf] PlayerChunk coord=(59, -3) z=0 trigger=entered_chunk loaded=true visible=false state=native_ready phase=terrain first_pass=false full_ready=false issues=first_pass_not_ready,first_pass_pending ages(first=476ms full=-ms border=-ms apply=909ms converge=909ms) queues(fast=2 urgent=0 near=17 full_near=0 full_far=125) requests(load=false staged=false generating=false) scheduler(step=0.00ms exhausted=false)
[WorldPerf] Scheduler.fast_visual_wait_ms: 11.33 ms
[WorldPerf] Shadow.edge_cache_compute (57, -4): 143.55 ms
[WorldPerf] PlayerChunk coord=(59, -4) z=0 trigger=entered_chunk loaded=true visible=false state=native_ready phase=terrain first_pass=false full_ready=false issues=first_pass_not_ready,first_pass_pending ages(first=549ms full=-ms border=-ms apply=877ms converge=877ms) queues(fast=2 urgent=0 near=14 full_near=0 full_far=129) requests(load=false staged=false generating=false) scheduler(step=0.00ms exhausted=false)
[WorldPerf] Scheduler.fast_visual_wait_ms: 11.52 ms
[FrameBudget] streaming=2.0ms topology=0.1ms visual=17.8ms spawn=0.0ms total=19.9ms/6.0ms chunk_manager.streaming_load=2.0ms(60) building.room_recompute=0.0ms(58) power.balance_recompute=0.0ms(58) chunk_manager.topology_rebuild=0.1ms(58) underground.fog_update=0.0ms(58) chunk_manager.streaming_redraw=17.5ms(58) mountain_shadow.visual_rebuild=0.3ms(17)
[WorldPerf] === Frame Summary (300 frames) ===
[WorldPerf] Frame time: avg=18.7 ms, p99=54.7 ms, hitches=97
[WorldPerf] Frame budget: dispatcher=16.2ms streaming=0.0ms streaming_load=1.7ms streaming_redraw=0.0ms topology=0.4ms building=0.0ms power=0.0ms visual=0.0ms shadow=16.7ms spawn=0.0ms total=35.0ms/6.0ms
[WorldPerf] Observability: Scheduler.urgent_visual_wait_ms=11.5ms, scheduler.max_urgent_wait_ms=11.5ms
[WorldPerf] Shadow.edge_cache_compute (57, -5): 139.14 ms
[WorldPerf] FrameBudgetDispatcher.visual.chunk_manager.streaming_redraw: 39.78 ms
[WorldPerf] FrameBudgetDispatcher.total: 39.99 ms
[CodexValidation] reached waypoint 4/6 at (241664.0, -16384.0)
[WorldPerf] Shadow.edge_cache_compute (57, -6): 125.29 ms
[WorldPerf] PlayerChunk coord=(59, -4) z=0 trigger=scheduler loaded=true visible=false state=native_ready phase=cover first_pass=false full_ready=false issues=first_pass_not_ready,first_pass_pending ages(first=1408ms full=-ms border=-ms apply=1736ms converge=1736ms) queues(fast=2 urgent=0 near=23 full_near=0 full_far=130) requests(load=false staged=false generating=false) scheduler(step=0.10ms exhausted=false)
[FrameBudget] streaming=0.3ms topology=0.0ms visual=9.9ms spawn=0.0ms total=10.3ms/6.0ms chunk_manager.streaming_load=0.3ms(60) building.room_recompute=0.0ms(60) power.balance_recompute=0.0ms(60) chunk_manager.topology_rebuild=0.0ms(60) underground.fog_update=0.0ms(60) chunk_manager.streaming_redraw=9.5ms(60) mountain_shadow.visual_rebuild=0.4ms(35)
[WorldPerf] PlayerChunk coord=(60, -4) z=0 trigger=entered_chunk loaded=true visible=false state=native_ready phase=terrain first_pass=false full_ready=false issues=first_pass_not_ready,first_pass_pending ages(first=6ms full=-ms border=-ms apply=2148ms converge=2148ms) queues(fast=2 urgent=0 near=14 full_near=0 full_far=134) requests(load=false staged=false generating=false) scheduler(step=0.00ms exhausted=false)
[WorldPerf] Scheduler.fast_visual_wait_ms: 11.62 ms
[WorldPerf] Scheduler.fast_visual_wait_ms: 17.44 ms
[FrameBudget] streaming=0.3ms topology=0.0ms visual=5.8ms spawn=0.0ms total=6.1ms/6.0ms chunk_manager.streaming_load=0.3ms(60) building.room_recompute=0.0ms(60) power.balance_recompute=0.0ms(60) chunk_manager.topology_rebuild=0.0ms(60) underground.fog_update=0.0ms(60) chunk_manager.streaming_redraw=4.8ms(60) mountain_shadow.visual_rebuild=1.0ms(42)
[WorldPerf] FrameBudgetDispatcher.visual.chunk_manager.streaming_redraw: 44.62 ms
[WorldPerf] FrameBudgetDispatcher.total: 44.94 ms
[WorldPerf] Shadow.edge_cache_compute (62, -3): 74.70 ms
[WorldPerf] PlayerChunk coord=(61, -4) z=0 trigger=entered_chunk loaded=true visible=false state=native_ready phase=terrain first_pass=false full_ready=false issues=first_pass_not_ready,first_pass_pending ages(first=509ms full=-ms border=-ms apply=2542ms converge=2542ms) queues(fast=2 urgent=0 near=12 full_near=0 full_far=137) requests(load=false staged=false generating=false) scheduler(step=0.00ms exhausted=false)
[WorldPerf] Scheduler.fast_visual_wait_ms: 12.01 ms
[FrameBudget] streaming=1.2ms topology=0.1ms visual=9.6ms spawn=0.0ms total=10.8ms/6.0ms chunk_manager.streaming_load=1.2ms(60) building.room_recompute=0.0ms(56) power.balance_recompute=0.0ms(56) chunk_manager.topology_rebuild=0.1ms(56) underground.fog_update=0.0ms(56) chunk_manager.streaming_redraw=9.2ms(56) mountain_shadow.visual_rebuild=0.3ms(25)
[WorldPerf] Shadow.edge_cache_compute (63, -3): 70.09 ms
[WorldPerf] PlayerChunk coord=(62, -4) z=0 trigger=entered_chunk loaded=true visible=false state=native_ready phase=terrain first_pass=false full_ready=false issues=first_pass_not_ready,first_pass_pending ages(first=499ms full=-ms border=-ms apply=924ms converge=924ms) queues(fast=2 urgent=0 near=17 full_near=0 full_far=145) requests(load=false staged=false generating=false) scheduler(step=0.00ms exhausted=false)
[WorldPerf] Scheduler.fast_visual_wait_ms: 20.40 ms
[WorldPerf] Shadow.try_shadow_step start=(63, -3) deferred=3: 8.56 ms
[WorldPerf] Shadow.edge_cache_compute (63, -5): 93.44 ms
[WorldPerf] FrameBudgetDispatcher.visual.chunk_manager.streaming_redraw: 38.77 ms
[WorldPerf] FrameBudgetDispatcher.total: 39.00 ms
[WorldPerf] FrameBudgetDispatcher.visual.chunk_manager.streaming_redraw: 52.55 ms
[WorldPerf] FrameBudgetDispatcher.total: 52.82 ms
[WorldPerf] Shadow.edge_cache_compute (0, -3): 74.09 ms
[WorldPerf] PlayerChunk coord=(63, -4) z=0 trigger=entered_chunk loaded=true visible=false state=native_ready phase=terrain first_pass=false full_ready=false issues=first_pass_not_ready,first_pass_pending ages(first=514ms full=-ms border=-ms apply=894ms converge=894ms) queues(fast=1 urgent=0 near=14 full_near=0 full_far=149) requests(load=false staged=false generating=false) scheduler(step=0.00ms exhausted=false)
[FrameBudget] streaming=1.1ms topology=0.0ms visual=7.7ms spawn=0.0ms total=8.9ms/6.0ms chunk_manager.streaming_load=1.1ms(60) building.room_recompute=0.0ms(55) power.balance_recompute=0.0ms(55) chunk_manager.topology_rebuild=0.0ms(55) underground.fog_update=0.0ms(55) chunk_manager.streaming_redraw=7.3ms(55) mountain_shadow.visual_rebuild=0.4ms(31)
[WorldPerf] Shadow.edge_cache_compute (0, -2): 137.32 ms
[CodexValidation] reached waypoint 5/6 at (0.0, -16384.0)
[WorldPerf] Shadow.edge_cache_compute (1, -2): 138.61 ms
[WorldPerf] PlayerChunk coord=(0, -4) z=0 trigger=entered_chunk loaded=true visible=false state=native_ready phase=terrain first_pass=false full_ready=false issues=first_pass_not_ready,first_pass_pending ages(first=6ms full=-ms border=-ms apply=909ms converge=909ms) queues(fast=1 urgent=0 near=18 full_near=0 full_far=155) requests(load=false staged=false generating=false) scheduler(step=0.00ms exhausted=false)
[WorldPerf] Scheduler.fast_visual_wait_ms: 11.03 ms
[WorldPerf] Shadow.edge_cache_compute (2, -4): 72.67 ms
[FrameBudget] streaming=1.0ms topology=0.1ms visual=9.2ms spawn=0.0ms total=10.3ms/6.0ms chunk_manager.streaming_load=1.0ms(60) building.room_recompute=0.0ms(56) power.balance_recompute=0.0ms(56) chunk_manager.topology_rebuild=0.1ms(56) underground.fog_update=0.0ms(56) chunk_manager.streaming_redraw=8.8ms(56) mountain_shadow.visual_rebuild=0.4ms(28)
[WorldPerf] === Frame Summary (300 frames) ===
[WorldPerf] Frame time: avg=11.7 ms, p99=47.0 ms, hitches=31
[WorldPerf] Frame budget: dispatcher=9.4ms streaming=0.0ms streaming_load=0.8ms streaming_redraw=0.0ms topology=0.0ms building=0.0ms power=0.0ms visual=0.0ms shadow=12.2ms spawn=0.0ms total=22.4ms/6.0ms
[WorldPerf] Observability: Scheduler.urgent_visual_wait_ms=11.0ms, scheduler.max_urgent_wait_ms=11.0ms
[WorldPerf] Shadow.edge_cache_compute (2, -3): 66.23 ms
[WorldPerf] PlayerChunk coord=(0, -4) z=0 trigger=scheduler loaded=true visible=false state=native_ready phase=cover first_pass=false full_ready=false issues=first_pass_not_ready,first_pass_pending ages(first=616ms full=-ms border=-ms apply=1519ms converge=1519ms) queues(fast=1 urgent=0 near=24 full_near=0 full_far=155) requests(load=false staged=false generating=false) scheduler(step=0.12ms exhausted=false)
[WorldPerf] Shadow.edge_cache_compute (2, -2): 123.46 ms
[WorldPerf] PlayerChunk coord=(0, -3) z=0 trigger=entered_chunk loaded=true visible=false state=native_ready phase=terrain first_pass=false full_ready=false issues=first_pass_not_ready,first_pass_pending ages(first=6ms full=-ms border=-ms apply=1753ms converge=1753ms) queues(fast=2 urgent=0 near=14 full_near=0 full_far=157) requests(load=false staged=false generating=false) scheduler(step=0.00ms exhausted=false)
[WorldPerf] Scheduler.fast_visual_wait_ms: 11.88 ms
[WorldPerf] Scheduler.fast_visual_wait_ms: 12.13 ms
[FrameBudget] streaming=0.2ms topology=0.0ms visual=7.0ms spawn=0.0ms total=7.2ms/6.0ms chunk_manager.streaming_load=0.2ms(60) building.room_recompute=0.0ms(60) power.balance_recompute=0.0ms(60) chunk_manager.topology_rebuild=0.0ms(60) underground.fog_update=0.0ms(60) chunk_manager.streaming_redraw=6.7ms(60) mountain_shadow.visual_rebuild=0.3ms(35)
[WorldPerf] FPS: 80.0
[WorldPerf] Shadow.edge_cache_compute (2, -1): 184.15 ms
[WorldPerf] Shadow.edge_cache_compute (0, -1): 63.06 ms
[WorldPerf] PlayerChunk coord=(0, -2) z=0 trigger=entered_chunk loaded=true visible=false state=native_ready phase=terrain first_pass=false full_ready=false issues=first_pass_not_ready,first_pass_pending ages(first=507ms full=-ms border=-ms apply=2235ms converge=2235ms) queues(fast=2 urgent=0 near=14 full_near=0 full_far=162) requests(load=false staged=false generating=false) scheduler(step=0.00ms exhausted=false)
[WorldPerf] Scheduler.fast_visual_wait_ms: 15.82 ms
[WorldPerf] Shadow.edge_cache_compute (1, -1): 66.14 ms
[FrameBudget] streaming=0.7ms topology=0.1ms visual=7.5ms spawn=0.0ms total=8.4ms/6.0ms chunk_manager.streaming_load=0.7ms(60) building.room_recompute=0.0ms(60) power.balance_recompute=0.0ms(60) chunk_manager.topology_rebuild=0.1ms(60) underground.fog_update=0.0ms(60) chunk_manager.streaming_redraw=5.7ms(60) mountain_shadow.visual_rebuild=1.9ms(37)
[WorldPerf] PlayerChunk coord=(0, -2) z=0 trigger=scheduler loaded=true visible=false state=native_ready phase=cover first_pass=false full_ready=false issues=first_pass_not_ready,first_pass_pending ages(first=769ms full=-ms border=-ms apply=2498ms converge=2498ms) queues(fast=2 urgent=0 near=23 full_near=0 full_far=165) requests(load=false staged=false generating=false) scheduler(step=0.14ms exhausted=false)
[WorldPerf] Shadow.edge_cache_compute (0, 0): 62.81 ms
[WorldPerf] PlayerChunk coord=(0, -1) z=0 trigger=entered_chunk loaded=true visible=false state=native_ready phase=terrain first_pass=false full_ready=false issues=first_pass_not_ready,first_pass_pending ages(first=499ms full=-ms border=-ms apply=913ms converge=913ms) queues(fast=2 urgent=0 near=17 full_near=0 full_far=170) requests(load=false staged=false generating=false) scheduler(step=0.00ms exhausted=false)
[WorldPerf] Scheduler.fast_visual_wait_ms: 13.66 ms
[WorldPerf] Shadow.edge_cache_compute (1, 1): 66.37 ms
[FrameBudget] streaming=0.5ms topology=0.1ms visual=5.8ms spawn=0.0ms total=6.4ms/6.0ms chunk_manager.streaming_load=0.5ms(60) building.room_recompute=0.0ms(60) power.balance_recompute=0.0ms(60) chunk_manager.topology_rebuild=0.1ms(60) underground.fog_update=0.0ms(60) chunk_manager.streaming_redraw=5.4ms(60) mountain_shadow.visual_rebuild=0.4ms(44)
[WorldPerf] PlayerChunk coord=(0, -1) z=0 trigger=scheduler loaded=true visible=false state=native_ready phase=cover first_pass=false full_ready=false issues=first_pass_not_ready,first_pass_pending ages(first=796ms full=-ms border=-ms apply=1211ms converge=1211ms) queues(fast=2 urgent=0 near=23 full_near=0 full_far=170) requests(load=false staged=false generating=false) scheduler(step=0.16ms exhausted=false)
[WorldPerf] Shadow.edge_cache_compute (2, 1): 129.62 ms
[CodexValidation] reached waypoint 6/6 at (0.0, 0.0)
[WorldPerf] PlayerChunk coord=(0, 0) z=0 trigger=entered_chunk loaded=true visible=false state=native_ready phase=terrain first_pass=false full_ready=false issues=first_pass_not_ready,first_pass_pending ages(first=513ms full=-ms border=-ms apply=936ms converge=935ms) queues(fast=1 urgent=0 near=14 full_near=0 full_far=175) requests(load=false staged=false generating=false) scheduler(step=0.00ms exhausted=false)
[WorldPerf] Scheduler.fast_visual_wait_ms: 23.07 ms
[WorldPerf] Shadow.edge_cache_compute (62, 1): 132.78 ms
[CodexValidation] route complete: preset=local_ring reached=6/6 draining_background_work=true
[WorldPerf] Shadow.edge_cache_compute (1, 2): 61.87 ms
[FrameBudget] streaming=0.4ms topology=0.1ms visual=6.3ms spawn=0.0ms total=6.7ms/6.0ms chunk_manager.streaming_load=0.4ms(60) building.room_recompute=0.0ms(60) power.balance_recompute=0.0ms(60) chunk_manager.topology_rebuild=0.1ms(60) underground.fog_update=0.0ms(60) chunk_manager.streaming_redraw=5.5ms(60) mountain_shadow.visual_rebuild=0.8ms(42)
[WorldPerf] PlayerChunk coord=(0, 0) z=0 trigger=scheduler loaded=true visible=false state=native_ready phase=cover first_pass=false full_ready=false issues=first_pass_not_ready,first_pass_pending ages(first=801ms full=-ms border=-ms apply=1224ms converge=1224ms) queues(fast=2 urgent=0 near=23 full_near=0 full_far=175) requests(load=false staged=false generating=false) scheduler(step=0.14ms exhausted=false)
[FrameBudget] streaming=0.0ms topology=0.0ms visual=5.3ms spawn=0.0ms total=5.3ms/6.0ms chunk_manager.streaming_load=0.0ms(60) building.room_recompute=0.0ms(60) power.balance_recompute=0.0ms(60) chunk_manager.topology_rebuild=0.0ms(60) underground.fog_update=0.0ms(60) chunk_manager.streaming_redraw=5.0ms(60) mountain_shadow.visual_rebuild=0.3ms(46)
[WorldPerf] === Frame Summary (300 frames) ===
[WorldPerf] Frame time: avg=9.1 ms, p99=19.7 ms, hitches=2
[WorldPerf] Frame budget: dispatcher=6.9ms streaming=0.0ms streaming_load=0.4ms streaming_redraw=0.0ms topology=0.1ms building=0.0ms power=0.0ms visual=0.0ms shadow=10.3ms spawn=0.0ms total=17.7ms/6.0ms
[WorldPerf] Observability: Scheduler.urgent_visual_wait_ms=23.1ms, scheduler.max_urgent_wait_ms=23.1ms
[FrameBudget] streaming=0.0ms topology=0.0ms visual=6.0ms spawn=0.0ms total=6.1ms/6.0ms chunk_manager.streaming_load=0.0ms(60) building.room_recompute=0.0ms(60) power.balance_recompute=0.0ms(60) chunk_manager.topology_rebuild=0.0ms(60) underground.fog_update=0.0ms(60) chunk_manager.streaming_redraw=5.6ms(60) mountain_shadow.visual_rebuild=0.4ms(39)
[WorldPerf] stream.chunk_first_pass_ms (0, 0)@z0: 2213.06 ms
[WorldPerf] PlayerChunk coord=(0, 0) z=0 trigger=scheduler loaded=true visible=false state=full_pending phase=cliff first_pass=true full_ready=false issues=full_redraw_pending ages(first=-ms full=0ms border=-ms apply=2213ms converge=2213ms) queues(fast=1 urgent=0 near=23 full_near=1 full_far=175) requests(load=false staged=false generating=false) scheduler(step=0.20ms exhausted=false)
[WorldPerf] stream.chunk_first_pass_ms (0, 1)@z0: 1913.01 ms
[CodexValidation] route drain complete; preset=local_ring reached=6/6 redraw_backlog=false
WARNING: ObjectDB instances leaked at exit (run with --verbose for details).
   at: cleanup (core/object/object.cpp:2641)
ERROR: 22 resources still in use at exit (run with --verbose for details).
   at: clear (core/io/resource.cpp:810)
