Godot Engine v4.6.1.stable.official.14d19694e - https://godotengine.org

[CodexValidation] runtime validation driver enabled
[WorldPerf] GameWorld._ready: 72.38 ms
[ChunkTilesetFactory] atlas_tiles=240, wall_base_count=47, wall_variant_count=5
[ChunkTilesetFactory] atlas_tiles=240, wall_base_count=47, wall_variant_count=5
[ChunkTilesetFactory] atlas_tiles=240, wall_base_count=47, wall_variant_count=5
[ChunkTilesetFactory] atlas_tiles=240, wall_base_count=47, wall_variant_count=5
[ChunkTilesetFactory] atlas_tiles=240, wall_base_count=47, wall_variant_count=5
[ChunkTilesetFactory] atlas_tiles=240, wall_base_count=47, wall_variant_count=5
[ChunkTilesetFactory] atlas_tiles=240, wall_base_count=47, wall_variant_count=5
[WorldPerf] Chunk._redraw_all (0, 0): 46.03 ms
[WorldPerf] ChunkManager._load_chunk (0, 0): 2354.89 ms
[WorldPerf] ChunkManager._load_chunk (1, 0): 2458.64 ms
[WorldPerf] Chunk._redraw_all (1, 0): 45.95 ms
[WorldPerf] ChunkManager._load_chunk (63, 0): 2343.27 ms
[WorldPerf] Chunk._redraw_all (63, 0): 41.95 ms
[WorldPerf] ChunkManager._load_chunk (0, -1): 2322.91 ms
[WorldPerf] Chunk._redraw_all (0, -1): 45.93 ms
[WorldPerf] ChunkManager._load_chunk (0, 1): 2335.50 ms
[WorldPerf] Chunk._redraw_all (0, 1): 44.77 ms
[WorldPerf] ChunkManager._load_chunk (2, 0): 2298.35 ms
[WorldPerf] Chunk._redraw_all (2, 0): 52.92 ms
[WorldPerf] ChunkManager._load_chunk (62, 0): 2347.24 ms
[WorldPerf] Chunk._redraw_all (62, 0): 47.69 ms
[WorldPerf] ChunkManager._load_chunk (1, 1): 2366.23 ms
[WorldPerf] Chunk._redraw_all (1, 1): 45.66 ms
[WorldPerf] ChunkManager._load_chunk (63, -1): 2284.03 ms
[WorldPerf] Chunk._redraw_all (63, -1): 46.30 ms
[WorldPerf] ChunkManager._load_chunk (63, 1): 2247.48 ms
[WorldPerf] Chunk._redraw_all (63, 1): 45.06 ms
[WorldPerf] ChunkManager._load_chunk (1, -1): 2367.57 ms
[WorldPerf] Chunk._redraw_all (1, -1): 48.93 ms
[WorldPerf] ChunkManager._load_chunk (0, -2): 2317.18 ms
[WorldPerf] Chunk._redraw_all (0, -2): 48.58 ms
[WorldPerf] ChunkManager._load_chunk (0, 2): 2272.47 ms
[WorldPerf] Chunk._redraw_all (0, 2): 45.99 ms
[WorldPerf] ChunkManager._load_chunk (2, -1): 2264.27 ms
[WorldPerf] Chunk._redraw_all (2, -1): 64.59 ms
[WorldPerf] Shadow.edge_cache_slice: 2.03 ms
[WorldPerf] FrameBudgetDispatcher.visual.mountain_shadow.visual_rebuild: 2.33 ms
[WorldPerf] FrameBudgetDispatcher.total: 2.49 ms
[WorldPerf] ChunkManager._load_chunk (1, 2): 2266.80 ms
[WorldPerf] Chunk._redraw_all (1, 2): 41.98 ms
[WorldPerf] ChunkManager._load_chunk (1, -2): 2291.98 ms
[WorldPerf] Chunk._redraw_all (1, -2): 66.89 ms
[WorldPerf] ChunkManager._load_chunk (63, 2): 2073.23 ms
[WorldPerf] Chunk._redraw_all (63, 2): 40.02 ms
[WorldPerf] ChunkManager._load_chunk (63, -2): 2276.96 ms
[WorldPerf] Chunk._redraw_all (63, -2): 44.03 ms
[WorldPerf] ChunkManager._load_chunk (2, 1): 2325.79 ms
[WorldPerf] Chunk._redraw_all (2, 1): 51.59 ms
[WorldPerf] Shadow.edge_cache_slice: 2.26 ms
[WorldPerf] FrameBudgetDispatcher.visual.mountain_shadow.visual_rebuild: 2.51 ms
[WorldPerf] FrameBudgetDispatcher.total: 2.71 ms
[WorldPerf] ChunkManager._load_chunk (62, 1): 2292.05 ms
[WorldPerf] Chunk._redraw_all (62, 1): 47.95 ms
[WorldPerf] ChunkManager._load_chunk (62, -1): 2259.83 ms
[WorldPerf] Chunk._redraw_all (62, -1): 42.25 ms
[WorldPerf] ChunkManager._load_chunk (2, 2): 2256.43 ms
[WorldPerf] Chunk._redraw_all (2, 2): 45.90 ms
[WorldPerf] ChunkManager._load_chunk (2, -2): 2338.43 ms
[WorldPerf] Chunk._redraw_all (2, -2): 167.50 ms
[WorldPerf] ChunkManager._load_chunk (62, 2): 2276.54 ms
[WorldPerf] Chunk._redraw_all (62, 2): 41.55 ms
[WorldPerf] ChunkManager._load_chunk (62, -2): 2377.49 ms
[WorldPerf] Chunk._redraw_all (62, -2): 48.21 ms
[WorldPerf] ChunkManager._rebuild_loaded_mountain_topology.boot: 170.76 ms
[CodexValidation] room validation prepared at (4, 4)
[CodexValidation] power validation prepared at (8, 4)
[CodexValidation] mining validation prepared at (188, -64)
[CodexValidation] boot complete; route prepared
[FrameBudget] streaming=0.0ms topology=0.0ms visual=0.4ms spawn=0.0ms total=0.4ms/6.0ms chunk_manager.streaming_load=0.0ms(60) chunk_manager.streaming_redraw=0.0ms(60) building.room_recompute=0.0ms(60) power.balance_recompute=0.0ms(60) chunk_manager.topology_rebuild=0.0ms(60) underground.fog_update=0.0ms(60) mountain_shadow.visual_rebuild=0.4ms(60)
[WorldPerf] BuildingSystem.place_building: 29.76 ms
WARNING: [WorldPerf] WARNING: BuildingSystem.place_building took 29.76 ms (contract: 2.0 ms)
   at: push_warning (core/variant/variant_utility.cpp:1034)
   GDScript backtrace (most recent call first):
       [0] _record (res://core/systems/world/world_perf_probe.gd:54)
       [1] end (res://core/systems/world/world_perf_probe.gd:42)
       [2] place_selected_building_at (res://core/systems/building/building_system.gd:206)
       [3] _place_validation_building (res://core/debug/runtime_validation_driver.gd:489)
       [4] _build_validation_room (res://core/debug/runtime_validation_driver.gd:396)
       [5] _process_room_validation (res://core/debug/runtime_validation_driver.gd:333)
       [6] _process (res://core/debug/runtime_validation_driver.gd:101)
[CodexValidation] built validation room
[CodexValidation] removed validation room wall (5, 4)
[CodexValidation] re-placed validation room wall (5, 4)
[FrameBudget] streaming=0.0ms topology=0.1ms visual=0.0ms spawn=0.0ms total=0.1ms/6.0ms chunk_manager.streaming_load=0.0ms(60) chunk_manager.streaming_redraw=0.0ms(60) building.room_recompute=0.1ms(60) power.balance_recompute=0.0ms(60) chunk_manager.topology_rebuild=0.0ms(60) underground.fog_update=0.0ms(60) mountain_shadow.visual_rebuild=0.0ms(60)
[CodexValidation] destroyed validation room wall (4, 5)
[CodexValidation] room validation complete
[CodexValidation] placed validation battery (8, 4)
[CodexValidation] removed validation battery (8, 4)
[CodexValidation] power validation complete
[CodexValidation] mined entry tile (188, -64)
[FrameBudget] streaming=0.0ms topology=0.1ms visual=0.0ms spawn=0.0ms total=0.1ms/6.0ms chunk_manager.streaming_load=0.0ms(60) chunk_manager.streaming_redraw=0.0ms(60) building.room_recompute=0.0ms(60) power.balance_recompute=0.0ms(60) chunk_manager.topology_rebuild=0.0ms(60) underground.fog_update=0.0ms(60) mountain_shadow.visual_rebuild=0.0ms(60)
[CodexValidation] mined interior tile (189, -64)
[WorldPerf] ChunkManager.try_harvest_at_world: 15.94 ms
WARNING: [WorldPerf] WARNING: ChunkManager.try_harvest_at_world took 15.94 ms (contract: 2.0 ms)
   at: push_warning (core/variant/variant_utility.cpp:1034)
   GDScript backtrace (most recent call first):
       [0] _record (res://core/systems/world/world_perf_probe.gd:54)
       [1] end (res://core/systems/world/world_perf_probe.gd:42)
       [2] try_harvest_at_world (res://core/systems/world/chunk_manager.gd:498)
       [3] execute (res://core/systems/commands/harvest_tile_command.gd:18)
       [4] execute (res://core/systems/commands/command_executor.gd:15)
       [5] _mine_tile (res://core/debug/runtime_validation_driver.gd:645)
       [6] _process_mining_validation (res://core/debug/runtime_validation_driver.gd:552)
       [7] _process (res://core/debug/runtime_validation_driver.gd:107)
[CodexValidation] mined deeper tile (190, -64)
[WorldPerf] MountainRoofSystem._request_refresh: 3.03 ms
[FrameBudget] streaming=0.0ms topology=0.0ms visual=0.1ms spawn=0.0ms total=0.1ms/6.0ms chunk_manager.streaming_load=0.0ms(60) chunk_manager.streaming_redraw=0.0ms(60) building.room_recompute=0.0ms(60) power.balance_recompute=0.0ms(60) chunk_manager.topology_rebuild=0.0ms(60) underground.fog_update=0.0ms(60) mountain_shadow.visual_rebuild=0.1ms(60)
[CodexValidation] moved player back to exterior tile (187, -64)
[CodexValidation] mining + persistence validation complete
[CodexValidation] route start
[FrameBudget] streaming=0.1ms topology=0.0ms visual=0.1ms spawn=0.0ms total=0.1ms/6.0ms chunk_manager.streaming_load=0.1ms(60) chunk_manager.streaming_redraw=0.0ms(60) building.room_recompute=0.0ms(60) power.balance_recompute=0.0ms(60) chunk_manager.topology_rebuild=0.0ms(60) underground.fog_update=0.0ms(60) mountain_shadow.visual_rebuild=0.1ms(60)
[WorldPerf] === Frame Summary (300 frames) ===
[WorldPerf] Frame time: avg=16.7 ms, p99=16.7 ms, hitches=0
[WorldPerf] Frame budget: dispatcher=0.3ms streaming=196.4ms topology=0.0ms building=0.1ms power=0.0ms visual=0.2ms spawn=0.0ms total=196.8ms/6.0ms
[WorldPerf] Boot work: streaming=0.0ms topology=0.6ms
[WorldPerf] FPS: 27.0
[CodexValidation] reached waypoint 1/6 at (24576.0, 0.0)
[FrameBudget] streaming=0.1ms topology=0.0ms visual=0.0ms spawn=0.0ms total=0.1ms/6.0ms chunk_manager.streaming_load=0.1ms(60) chunk_manager.streaming_redraw=0.0ms(60) building.room_recompute=0.0ms(60) power.balance_recompute=0.0ms(60) chunk_manager.topology_rebuild=0.0ms(60) underground.fog_update=0.0ms(60) mountain_shadow.visual_rebuild=0.0ms(60)
[FrameBudget] streaming=0.1ms topology=0.0ms visual=0.0ms spawn=0.0ms total=0.1ms/6.0ms chunk_manager.streaming_load=0.1ms(60) chunk_manager.streaming_redraw=0.0ms(60) building.room_recompute=0.0ms(60) power.balance_recompute=0.0ms(60) chunk_manager.topology_rebuild=0.0ms(60) underground.fog_update=0.0ms(60) mountain_shadow.visual_rebuild=0.0ms(60)
[FrameBudget] streaming=0.1ms topology=0.0ms visual=0.0ms spawn=0.0ms total=0.1ms/6.0ms chunk_manager.streaming_load=0.1ms(60) chunk_manager.streaming_redraw=0.0ms(60) building.room_recompute=0.0ms(60) power.balance_recompute=0.0ms(60) chunk_manager.topology_rebuild=0.0ms(60) underground.fog_update=0.0ms(60) mountain_shadow.visual_rebuild=0.0ms(60)
[CodexValidation] reached waypoint 2/6 at (24576.0, 20480.0)
[FrameBudget] streaming=0.1ms topology=0.0ms visual=0.0ms spawn=0.0ms total=0.1ms/6.0ms chunk_manager.streaming_load=0.1ms(60) chunk_manager.streaming_redraw=0.0ms(60) building.room_recompute=0.0ms(60) power.balance_recompute=0.0ms(60) chunk_manager.topology_rebuild=0.0ms(60) underground.fog_update=0.0ms(60) mountain_shadow.visual_rebuild=0.0ms(60)
[FrameBudget] streaming=0.1ms topology=0.0ms visual=0.0ms spawn=0.0ms total=0.1ms/6.0ms chunk_manager.streaming_load=0.0ms(60) chunk_manager.streaming_redraw=0.0ms(60) building.room_recompute=0.0ms(60) power.balance_recompute=0.0ms(60) chunk_manager.topology_rebuild=0.0ms(60) underground.fog_update=0.0ms(60) mountain_shadow.visual_rebuild=0.0ms(60)
[WorldPerf] === Frame Summary (300 frames) ===
[WorldPerf] Frame time: avg=16.7 ms, p99=16.7 ms, hitches=0
[WorldPerf] Frame budget: dispatcher=0.2ms streaming=0.1ms topology=0.0ms building=0.0ms power=0.0ms visual=0.0ms spawn=0.0ms total=0.1ms/6.0ms
[WorldPerf] FPS: 533.0
[FrameBudget] streaming=0.1ms topology=0.0ms visual=0.0ms spawn=0.0ms total=0.1ms/6.0ms chunk_manager.streaming_load=0.0ms(60) chunk_manager.streaming_redraw=0.0ms(60) building.room_recompute=0.0ms(60) power.balance_recompute=0.0ms(60) chunk_manager.topology_rebuild=0.0ms(60) underground.fog_update=0.0ms(60) mountain_shadow.visual_rebuild=0.0ms(60)
[FrameBudget] streaming=0.1ms topology=0.0ms visual=0.0ms spawn=0.0ms total=0.1ms/6.0ms chunk_manager.streaming_load=0.0ms(60) chunk_manager.streaming_redraw=0.0ms(60) building.room_recompute=0.0ms(60) power.balance_recompute=0.0ms(60) chunk_manager.topology_rebuild=0.0ms(60) underground.fog_update=0.0ms(60) mountain_shadow.visual_rebuild=0.0ms(60)
[FrameBudget] streaming=0.1ms topology=0.0ms visual=0.0ms spawn=0.0ms total=0.1ms/6.0ms chunk_manager.streaming_load=0.0ms(60) chunk_manager.streaming_redraw=0.0ms(60) building.room_recompute=0.0ms(60) power.balance_recompute=0.0ms(60) chunk_manager.topology_rebuild=0.0ms(60) underground.fog_update=0.0ms(60) mountain_shadow.visual_rebuild=0.0ms(60)
[FrameBudget] streaming=0.1ms topology=0.0ms visual=0.0ms spawn=0.0ms total=0.1ms/6.0ms chunk_manager.streaming_load=0.0ms(60) chunk_manager.streaming_redraw=0.0ms(60) building.room_recompute=0.0ms(60) power.balance_recompute=0.0ms(60) chunk_manager.topology_rebuild=0.0ms(60) underground.fog_update=0.0ms(60) mountain_shadow.visual_rebuild=0.0ms(60)
[CodexValidation] reached waypoint 3/6 at (241664.0, 20480.0)
[FrameBudget] streaming=0.0ms topology=0.0ms visual=0.0ms spawn=0.0ms total=0.1ms/6.0ms chunk_manager.streaming_load=0.0ms(60) chunk_manager.streaming_redraw=0.0ms(60) building.room_recompute=0.0ms(60) power.balance_recompute=0.0ms(60) chunk_manager.topology_rebuild=0.0ms(60) underground.fog_update=0.0ms(60) mountain_shadow.visual_rebuild=0.0ms(60)
[WorldPerf] === Frame Summary (300 frames) ===
[WorldPerf] Frame time: avg=16.7 ms, p99=16.7 ms, hitches=0
[WorldPerf] Frame budget: dispatcher=0.2ms streaming=0.1ms topology=0.0ms building=0.0ms power=0.0ms visual=0.0ms spawn=0.0ms total=0.1ms/6.0ms
[WorldPerf] FPS: 533.0
[FrameBudget] streaming=0.1ms topology=0.0ms visual=0.0ms spawn=0.0ms total=0.1ms/6.0ms chunk_manager.streaming_load=0.0ms(60) chunk_manager.streaming_redraw=0.0ms(60) building.room_recompute=0.0ms(60) power.balance_recompute=0.0ms(60) chunk_manager.topology_rebuild=0.0ms(60) underground.fog_update=0.0ms(60) mountain_shadow.visual_rebuild=0.0ms(60)
[FrameBudget] streaming=0.1ms topology=0.0ms visual=0.0ms spawn=0.0ms total=0.1ms/6.0ms chunk_manager.streaming_load=0.0ms(60) chunk_manager.streaming_redraw=0.0ms(60) building.room_recompute=0.0ms(60) power.balance_recompute=0.0ms(60) chunk_manager.topology_rebuild=0.0ms(60) underground.fog_update=0.0ms(60) mountain_shadow.visual_rebuild=0.0ms(60)
[FrameBudget] streaming=0.1ms topology=0.0ms visual=0.0ms spawn=0.0ms total=0.1ms/6.0ms chunk_manager.streaming_load=0.0ms(60) chunk_manager.streaming_redraw=0.0ms(60) building.room_recompute=0.0ms(60) power.balance_recompute=0.0ms(60) chunk_manager.topology_rebuild=0.0ms(60) underground.fog_update=0.0ms(60) mountain_shadow.visual_rebuild=0.0ms(60)
[FrameBudget] streaming=0.1ms topology=0.0ms visual=0.0ms spawn=0.0ms total=0.1ms/6.0ms chunk_manager.streaming_load=0.0ms(60) chunk_manager.streaming_redraw=0.0ms(60) building.room_recompute=0.0ms(60) power.balance_recompute=0.0ms(60) chunk_manager.topology_rebuild=0.0ms(60) underground.fog_update=0.0ms(60) mountain_shadow.visual_rebuild=0.0ms(60)
[CodexValidation] reached waypoint 4/6 at (241664.0, -16384.0)
[FrameBudget] streaming=0.1ms topology=0.0ms visual=0.0ms spawn=0.0ms total=0.1ms/6.0ms chunk_manager.streaming_load=0.0ms(60) chunk_manager.streaming_redraw=0.0ms(60) building.room_recompute=0.0ms(60) power.balance_recompute=0.0ms(60) chunk_manager.topology_rebuild=0.0ms(60) underground.fog_update=0.0ms(60) mountain_shadow.visual_rebuild=0.0ms(60)
[WorldPerf] === Frame Summary (300 frames) ===
[WorldPerf] Frame time: avg=16.7 ms, p99=16.7 ms, hitches=0
[WorldPerf] Frame budget: dispatcher=0.2ms streaming=0.1ms topology=0.0ms building=0.0ms power=0.0ms visual=0.0ms spawn=0.0ms total=0.1ms/6.0ms
[WorldPerf] FPS: 561.0
[FrameBudget] streaming=0.0ms topology=0.0ms visual=0.0ms spawn=0.0ms total=0.1ms/6.0ms chunk_manager.streaming_load=0.0ms(60) chunk_manager.streaming_redraw=0.0ms(60) building.room_recompute=0.0ms(60) power.balance_recompute=0.0ms(60) chunk_manager.topology_rebuild=0.0ms(60) underground.fog_update=0.0ms(60) mountain_shadow.visual_rebuild=0.0ms(60)
[FrameBudget] streaming=0.0ms topology=0.0ms visual=0.0ms spawn=0.0ms total=0.1ms/6.0ms chunk_manager.streaming_load=0.0ms(60) chunk_manager.streaming_redraw=0.0ms(60) building.room_recompute=0.0ms(60) power.balance_recompute=0.0ms(60) chunk_manager.topology_rebuild=0.0ms(60) underground.fog_update=0.0ms(60) mountain_shadow.visual_rebuild=0.0ms(60)
[CodexValidation] reached waypoint 5/6 at (0.0, -16384.0)
[FrameBudget] streaming=0.0ms topology=0.0ms visual=0.0ms spawn=0.0ms total=0.1ms/6.0ms chunk_manager.streaming_load=0.0ms(60) chunk_manager.streaming_redraw=0.0ms(60) building.room_recompute=0.0ms(60) power.balance_recompute=0.0ms(60) chunk_manager.topology_rebuild=0.0ms(60) underground.fog_update=0.0ms(60) mountain_shadow.visual_rebuild=0.0ms(60)
[FrameBudget] streaming=0.0ms topology=0.0ms visual=0.0ms spawn=0.0ms total=0.1ms/6.0ms chunk_manager.streaming_load=0.0ms(60) chunk_manager.streaming_redraw=0.0ms(60) building.room_recompute=0.0ms(60) power.balance_recompute=0.0ms(60) chunk_manager.topology_rebuild=0.0ms(60) underground.fog_update=0.0ms(60) mountain_shadow.visual_rebuild=0.0ms(60)
[FrameBudget] streaming=0.0ms topology=0.0ms visual=0.0ms spawn=0.0ms total=0.1ms/6.0ms chunk_manager.streaming_load=0.0ms(60) chunk_manager.streaming_redraw=0.0ms(60) building.room_recompute=0.0ms(60) power.balance_recompute=0.0ms(60) chunk_manager.topology_rebuild=0.0ms(60) underground.fog_update=0.0ms(60) mountain_shadow.visual_rebuild=0.0ms(60)
[WorldPerf] === Frame Summary (300 frames) ===
[WorldPerf] Frame time: avg=16.7 ms, p99=16.7 ms, hitches=0
[WorldPerf] Frame budget: dispatcher=0.2ms streaming=0.0ms topology=0.0ms building=0.0ms power=0.0ms visual=0.0ms spawn=0.0ms total=0.1ms/6.0ms
[WorldPerf] FPS: 561.0
[CodexValidation] reached waypoint 6/6 at (0.0, 0.0)
[FrameBudget] streaming=0.0ms topology=0.0ms visual=0.0ms spawn=0.0ms total=0.1ms/6.0ms chunk_manager.streaming_load=0.0ms(60) chunk_manager.streaming_redraw=0.0ms(60) building.room_recompute=0.0ms(60) power.balance_recompute=0.0ms(60) chunk_manager.topology_rebuild=0.0ms(60) underground.fog_update=0.0ms(60) mountain_shadow.visual_rebuild=0.0ms(60)
[CodexValidation] route complete; draining background work
[FrameBudget] streaming=0.0ms topology=0.0ms visual=0.0ms spawn=0.0ms total=0.1ms/6.0ms chunk_manager.streaming_load=0.0ms(60) chunk_manager.streaming_redraw=0.0ms(60) building.room_recompute=0.0ms(60) power.balance_recompute=0.0ms(60) chunk_manager.topology_rebuild=0.0ms(60) underground.fog_update=0.0ms(60) mountain_shadow.visual_rebuild=0.0ms(60)
[FrameBudget] streaming=0.0ms topology=0.0ms visual=0.0ms spawn=0.0ms total=0.1ms/6.0ms chunk_manager.streaming_load=0.0ms(60) chunk_manager.streaming_redraw=0.0ms(60) building.room_recompute=0.0ms(60) power.balance_recompute=0.0ms(60) chunk_manager.topology_rebuild=0.0ms(60) underground.fog_update=0.0ms(60) mountain_shadow.visual_rebuild=0.0ms(60)
[FrameBudget] streaming=0.0ms topology=0.0ms visual=0.0ms spawn=0.0ms total=0.1ms/6.0ms chunk_manager.streaming_load=0.0ms(60) chunk_manager.streaming_redraw=0.0ms(60) building.room_recompute=0.0ms(60) power.balance_recompute=0.0ms(60) chunk_manager.topology_rebuild=0.0ms(60) underground.fog_update=0.0ms(60) mountain_shadow.visual_rebuild=0.0ms(60)
[CodexValidation] waiting for world catch-up
[CodexValidation] catch-up status: blocker=topology stalled_intervals=0 streaming_truth_idle=false redraw_idle=true load_queue=25 redraw=0 staged_chunk=no staged_data=0 gen_task_id=402 topology_ready=false native_topology=false native_dirty=false dirty=true build_in_progress=false
[FrameBudget] streaming=0.0ms topology=0.0ms visual=0.0ms spawn=0.0ms total=0.1ms/6.0ms chunk_manager.streaming_load=0.0ms(60) chunk_manager.streaming_redraw=0.0ms(60) building.room_recompute=0.0ms(60) power.balance_recompute=0.0ms(60) chunk_manager.topology_rebuild=0.0ms(60) underground.fog_update=0.0ms(60) mountain_shadow.visual_rebuild=0.0ms(60)
[WorldPerf] === Frame Summary (300 frames) ===
[WorldPerf] Frame time: avg=16.7 ms, p99=16.7 ms, hitches=0
[WorldPerf] Frame budget: dispatcher=0.1ms streaming=0.0ms topology=0.0ms building=0.0ms power=0.0ms visual=0.0ms spawn=0.0ms total=0.1ms/6.0ms
[CodexValidation] catch-up status: blocker=topology stalled_intervals=1 streaming_truth_idle=false redraw_idle=true load_queue=25 redraw=0 staged_chunk=no staged_data=0 gen_task_id=402 topology_ready=false native_topology=false native_dirty=false dirty=true build_in_progress=false
[WorldPerf] FPS: 561.0
[FrameBudget] streaming=0.0ms topology=0.0ms visual=0.0ms spawn=0.0ms total=0.1ms/6.0ms chunk_manager.streaming_load=0.0ms(60) chunk_manager.streaming_redraw=0.0ms(60) building.room_recompute=0.0ms(60) power.balance_recompute=0.0ms(60) chunk_manager.topology_rebuild=0.0ms(60) underground.fog_update=0.0ms(60) mountain_shadow.visual_rebuild=0.0ms(60)
[CodexValidation] catch-up status: blocker=topology stalled_intervals=2 streaming_truth_idle=false redraw_idle=true load_queue=25 redraw=0 staged_chunk=no staged_data=0 gen_task_id=402 topology_ready=false native_topology=false native_dirty=false dirty=true build_in_progress=false
[FrameBudget] streaming=0.0ms topology=0.0ms visual=0.0ms spawn=0.0ms total=0.1ms/6.0ms chunk_manager.streaming_load=0.0ms(60) chunk_manager.streaming_redraw=0.0ms(60) building.room_recompute=0.0ms(60) power.balance_recompute=0.0ms(60) chunk_manager.topology_rebuild=0.0ms(60) underground.fog_update=0.0ms(60) mountain_shadow.visual_rebuild=0.0ms(60)
[CodexValidation] catch-up status: blocker=topology stalled_intervals=3 streaming_truth_idle=false redraw_idle=true load_queue=25 redraw=0 staged_chunk=no staged_data=0 gen_task_id=402 topology_ready=false native_topology=false native_dirty=false dirty=true build_in_progress=false
[FrameBudget] streaming=0.0ms topology=0.0ms visual=0.0ms spawn=0.0ms total=0.1ms/6.0ms chunk_manager.streaming_load=0.0ms(60) chunk_manager.streaming_redraw=0.0ms(60) building.room_recompute=0.0ms(60) power.balance_recompute=0.0ms(60) chunk_manager.topology_rebuild=0.0ms(60) underground.fog_update=0.0ms(60) mountain_shadow.visual_rebuild=0.0ms(60)
[CodexValidation] catch-up status: blocker=topology stalled_intervals=4 streaming_truth_idle=false redraw_idle=true load_queue=25 redraw=0 staged_chunk=no staged_data=0 gen_task_id=402 topology_ready=false native_topology=false native_dirty=false dirty=true build_in_progress=false
[FrameBudget] streaming=0.0ms topology=0.0ms visual=0.0ms spawn=0.0ms total=0.1ms/6.0ms chunk_manager.streaming_load=0.0ms(60) chunk_manager.streaming_redraw=0.0ms(60) building.room_recompute=0.0ms(60) power.balance_recompute=0.0ms(60) chunk_manager.topology_rebuild=0.0ms(60) underground.fog_update=0.0ms(60) mountain_shadow.visual_rebuild=0.0ms(60)
[CodexValidation] catch-up status: blocker=topology stalled_intervals=5 streaming_truth_idle=false redraw_idle=true load_queue=25 redraw=0 staged_chunk=no staged_data=0 gen_task_id=402 topology_ready=false native_topology=false native_dirty=false dirty=true build_in_progress=false
[WorldPerf] FrameBudgetDispatcher.total: 2.07 ms
[WorldPerf] FrameBudgetDispatcher.streaming.chunk_manager.streaming_load: 2.09 ms
[WorldPerf] FrameBudgetDispatcher.total: 4.25 ms
[WorldPerf] FrameBudgetDispatcher.streaming.chunk_manager.streaming_load: 2.13 ms
[WorldPerf] FrameBudgetDispatcher.total: 4.55 ms
[WorldPerf] FrameBudgetDispatcher.streaming.chunk_manager.streaming_load: 2.13 ms
[WorldPerf] FrameBudgetDispatcher.total: 4.44 ms
[WorldPerf] FrameBudgetDispatcher.streaming.chunk_manager.streaming_load: 2.09 ms
[WorldPerf] FrameBudgetDispatcher.total: 4.24 ms
[WorldPerf] FrameBudgetDispatcher.streaming.chunk_manager.streaming_load: 2.18 ms
[WorldPerf] FrameBudgetDispatcher.total: 4.57 ms
[WorldPerf] FrameBudgetDispatcher.streaming.chunk_manager.streaming_load: 2.11 ms
[WorldPerf] FrameBudgetDispatcher.total: 4.25 ms
[WorldPerf] FrameBudgetDispatcher.streaming.chunk_manager.streaming_load: 2.16 ms
[WorldPerf] FrameBudgetDispatcher.total: 4.60 ms
[WorldPerf] FrameBudgetDispatcher.streaming.chunk_manager.streaming_load: 2.18 ms
[WorldPerf] FrameBudgetDispatcher.total: 4.44 ms
[WorldPerf] FrameBudgetDispatcher.streaming.chunk_manager.streaming_load: 2.15 ms
[WorldPerf] FrameBudgetDispatcher.total: 4.50 ms
[WorldPerf] ChunkStreaming.phase1_create (1, 1): 2.94 ms
[WorldPerf] FrameBudgetDispatcher.streaming.chunk_manager.streaming_load: 4.62 ms
[WorldPerf] FrameBudgetDispatcher.total: 6.14 ms
[WorldPerf] FrameBudgetDispatcher.streaming.chunk_manager.streaming_load: 2.18 ms
[WorldPerf] FrameBudgetDispatcher.total: 4.87 ms
[WorldPerf] FrameBudgetDispatcher.total: 4.06 ms
[WorldPerf] FrameBudgetDispatcher.streaming.chunk_manager.streaming_load: 2.22 ms
[WorldPerf] FrameBudgetDispatcher.total: 5.33 ms
[WorldPerf] ChunkStreaming.phase1_create (2, -1): 27.43 ms
[WorldPerf] FrameBudgetDispatcher.streaming.chunk_manager.streaming_load: 27.84 ms
[WorldPerf] FrameBudgetDispatcher.total: 27.88 ms
[WorldPerf] FrameBudgetDispatcher.streaming.chunk_manager.streaming_load: 2.12 ms
[WorldPerf] FrameBudgetDispatcher.visual.mountain_shadow.visual_rebuild: 2.12 ms
[WorldPerf] FrameBudgetDispatcher.total: 6.37 ms
[WorldPerf] FrameBudgetDispatcher.streaming.chunk_manager.streaming_load: 2.84 ms
[WorldPerf] FrameBudgetDispatcher.total: 5.92 ms
[WorldPerf] FrameBudgetDispatcher.streaming.chunk_manager.streaming_load: 3.71 ms
[WorldPerf] FrameBudgetDispatcher.total: 6.15 ms
[WorldPerf] FrameBudgetDispatcher.streaming.chunk_manager.streaming_load: 2.09 ms
[WorldPerf] FrameBudgetDispatcher.total: 5.38 ms
[WorldPerf] FrameBudgetDispatcher.streaming.chunk_manager.streaming_load: 2.16 ms
[WorldPerf] FrameBudgetDispatcher.total: 4.87 ms
[WorldPerf] FrameBudgetDispatcher.streaming.chunk_manager.streaming_load: 2.08 ms
[WorldPerf] FrameBudgetDispatcher.total: 5.04 ms
[WorldPerf] FrameBudgetDispatcher.streaming.chunk_manager.streaming_load: 2.09 ms
[WorldPerf] FrameBudgetDispatcher.total: 5.15 ms
[WorldPerf] FrameBudgetDispatcher.streaming.chunk_manager.streaming_load: 2.06 ms
[WorldPerf] FrameBudgetDispatcher.total: 5.05 ms
[WorldPerf] Topology.runtime.scan: 6.47 ms
[WorldPerf] FrameBudgetDispatcher.topology.chunk_manager.topology_rebuild: 6.69 ms
[WorldPerf] FrameBudgetDispatcher.total: 8.84 ms
[WorldPerf] Topology.runtime.scan: 6.58 ms
[WorldPerf] FrameBudgetDispatcher.topology.chunk_manager.topology_rebuild: 6.62 ms
[WorldPerf] FrameBudgetDispatcher.total: 8.60 ms
[WorldPerf] Topology.runtime.scan: 6.54 ms
[WorldPerf] FrameBudgetDispatcher.topology.chunk_manager.topology_rebuild: 6.63 ms
[WorldPerf] FrameBudgetDispatcher.total: 8.70 ms
[WorldPerf] Topology.runtime.scan: 6.40 ms
[WorldPerf] FrameBudgetDispatcher.topology.chunk_manager.topology_rebuild: 6.49 ms
[WorldPerf] FrameBudgetDispatcher.total: 8.48 ms
[WorldPerf] Topology.runtime.scan: 6.45 ms
[WorldPerf] FrameBudgetDispatcher.topology.chunk_manager.topology_rebuild: 6.53 ms
[WorldPerf] FrameBudgetDispatcher.total: 8.58 ms
[WorldPerf] Topology.runtime.scan: 6.53 ms
[WorldPerf] FrameBudgetDispatcher.topology.chunk_manager.topology_rebuild: 6.62 ms
[WorldPerf] FrameBudgetDispatcher.total: 8.69 ms
[WorldPerf] Topology.runtime.scan: 6.35 ms
[WorldPerf] FrameBudgetDispatcher.topology.chunk_manager.topology_rebuild: 6.40 ms
[WorldPerf] FrameBudgetDispatcher.total: 8.39 ms
[WorldPerf] Topology.runtime.scan: 6.54 ms
[WorldPerf] FrameBudgetDispatcher.topology.chunk_manager.topology_rebuild: 6.62 ms
[WorldPerf] FrameBudgetDispatcher.total: 8.66 ms
[WorldPerf] Topology.runtime.scan: 6.68 ms
[WorldPerf] FrameBudgetDispatcher.topology.chunk_manager.topology_rebuild: 6.77 ms
[WorldPerf] FrameBudgetDispatcher.total: 8.83 ms
[WorldPerf] Topology.runtime.scan: 6.67 ms
[WorldPerf] FrameBudgetDispatcher.topology.chunk_manager.topology_rebuild: 6.73 ms
[WorldPerf] FrameBudgetDispatcher.total: 8.68 ms
[WorldPerf] Topology.runtime.scan: 6.69 ms
[WorldPerf] FrameBudgetDispatcher.topology.chunk_manager.topology_rebuild: 6.77 ms
[WorldPerf] FrameBudgetDispatcher.total: 8.82 ms
[WorldPerf] Topology.runtime.scan: 6.63 ms
[WorldPerf] FrameBudgetDispatcher.topology.chunk_manager.topology_rebuild: 6.72 ms
[WorldPerf] FrameBudgetDispatcher.total: 8.69 ms
[WorldPerf] Topology.runtime.scan: 5.24 ms
[WorldPerf] FrameBudgetDispatcher.topology.chunk_manager.topology_rebuild: 5.32 ms
[WorldPerf] FrameBudgetDispatcher.total: 7.42 ms
[WorldPerf] FrameBudgetDispatcher.total: 4.81 ms
[WorldPerf] FrameBudgetDispatcher.total: 4.14 ms
[WorldPerf] Topology.runtime.scan: 6.55 ms
[WorldPerf] FrameBudgetDispatcher.topology.chunk_manager.topology_rebuild: 7.93 ms
[WorldPerf] FrameBudgetDispatcher.total: 9.98 ms
[WorldPerf] FrameBudgetDispatcher.topology.chunk_manager.topology_rebuild: 2.01 ms
[WorldPerf] FrameBudgetDispatcher.total: 5.39 ms
[WorldPerf] Topology.runtime.scan: 6.47 ms
[WorldPerf] FrameBudgetDispatcher.topology.chunk_manager.topology_rebuild: 6.59 ms
[WorldPerf] FrameBudgetDispatcher.total: 8.70 ms
[WorldPerf] Topology.runtime.scan: 6.59 ms
[WorldPerf] FrameBudgetDispatcher.topology.chunk_manager.topology_rebuild: 6.66 ms
[WorldPerf] FrameBudgetDispatcher.total: 8.64 ms
[WorldPerf] FrameBudgetDispatcher.total: 4.53 ms
[WorldPerf] Topology.runtime.scan: 5.25 ms
[WorldPerf] FrameBudgetDispatcher.topology.chunk_manager.topology_rebuild: 6.13 ms
[WorldPerf] FrameBudgetDispatcher.total: 8.14 ms
[WorldPerf] Topology.runtime.scan: 6.56 ms
[WorldPerf] FrameBudgetDispatcher.topology.chunk_manager.topology_rebuild: 6.61 ms
[WorldPerf] FrameBudgetDispatcher.total: 8.47 ms
[WorldPerf] Topology.runtime.scan: 4.65 ms
[WorldPerf] FrameBudgetDispatcher.topology.chunk_manager.topology_rebuild: 4.77 ms
[WorldPerf] FrameBudgetDispatcher.total: 6.80 ms
[WorldPerf] FrameBudgetDispatcher.total: 4.92 ms
[FrameBudget] streaming=2.7ms topology=2.2ms visual=0.3ms spawn=0.0ms total=5.3ms/6.0ms chunk_manager.streaming_load=1.3ms(60) chunk_manager.streaming_redraw=1.4ms(59) building.room_recompute=0.0ms(59) power.balance_recompute=0.0ms(59) chunk_manager.topology_rebuild=2.2ms(59) underground.fog_update=0.0ms(40) mountain_shadow.visual_rebuild=0.3ms(40)
[WorldPerf] === Frame Summary (300 frames) ===
[WorldPerf] Frame time: avg=16.7 ms, p99=16.7 ms, hitches=0
[WorldPerf] Frame budget: dispatcher=1.2ms streaming=0.6ms topology=0.9ms building=0.0ms power=0.0ms visual=0.1ms spawn=0.0ms total=1.6ms/6.0ms
[WorldPerf] FrameBudgetDispatcher.topology.chunk_manager.topology_rebuild: 2.48 ms
[WorldPerf] FrameBudgetDispatcher.total: 5.47 ms
[CodexValidation] catch-up status: blocker=topology stalled_intervals=0 streaming_truth_idle=true redraw_idle=false load_queue=0 redraw=25 staged_chunk=no staged_data=0 gen_task_id=-1 topology_ready=false native_topology=false native_dirty=false dirty=true build_in_progress=true
ERROR: world catch-up timeout: blocker=topology stalled_intervals=0 streaming_truth_idle=true redraw_idle=false load_queue=0 redraw=25 staged_chunk=no staged_data=0 gen_task_id=-1 topology_ready=false native_topology=false native_dirty=false dirty=true build_in_progress=true
   at: push_error (core/variant/variant_utility.cpp:1024)
   GDScript backtrace (most recent call first):
       [0] _fail_validation (res://core/debug/runtime_validation_driver.gd:671)
       [1] _process (res://core/debug/runtime_validation_driver.gd:146)
[CodexValidation] validation failed: world catch-up timeout: blocker=topology stalled_intervals=0 streaming_truth_idle=true redraw_idle=false load_queue=0 redraw=25 staged_chunk=no staged_data=0 gen_task_id=-1 topology_ready=false native_topology=false native_dirty=false dirty=true build_in_progress=true
[WorldPerf] FrameBudgetDispatcher.streaming.chunk_manager.streaming_redraw: 2.04 ms
[WorldPerf] Topology.runtime.scan: 6.46 ms
[WorldPerf] FrameBudgetDispatcher.topology.chunk_manager.topology_rebuild: 6.51 ms
[WorldPerf] FrameBudgetDispatcher.total: 8.74 ms
WARNING: ObjectDB instances leaked at exit (run with --verbose for details).
   at: cleanup (core/object/object.cpp:2641)
ERROR: 12 resources still in use at exit (run with --verbose for details).
   at: clear (core/io/resource.cpp:810)
