Godot Engine v4.6.1.stable.official.14d19694e - https://godotengine.org

ERROR: Failed to read the root certificate store.
   at: get_system_ca_certificates (platform/windows/os_windows.cpp:2570)
[CodexValidation] runtime validation driver enabled
[WorldPerf] GameWorld._ready: 35.32 ms
[ChunkTilesetFactory] atlas_tiles=240, wall_base_count=47, wall_variant_count=5
[ChunkTilesetFactory] atlas_tiles=240, wall_base_count=47, wall_variant_count=5
[ChunkTilesetFactory] atlas_tiles=240, wall_base_count=47, wall_variant_count=5
[ChunkTilesetFactory] atlas_tiles=240, wall_base_count=47, wall_variant_count=5
[ChunkTilesetFactory] atlas_tiles=240, wall_base_count=47, wall_variant_count=5
[ChunkTilesetFactory] atlas_tiles=240, wall_base_count=47, wall_variant_count=5
[ChunkTilesetFactory] atlas_tiles=240, wall_base_count=47, wall_variant_count=5
[WorldPerf] Chunk._redraw_all (0, 0): 18.02 ms
[WorldPerf] ChunkManager._load_chunk (0, 0): 1338.47 ms
[WorldPerf] ChunkManager._load_chunk (1, 0): 1301.52 ms
[WorldPerf] Chunk._redraw_all (1, 0): 18.08 ms
[WorldPerf] ChunkManager._load_chunk (63, 0): 1171.66 ms
[WorldPerf] Chunk._redraw_all (63, 0): 15.77 ms
[WorldPerf] ChunkManager._load_chunk (0, -1): 1260.99 ms
[WorldPerf] Chunk._redraw_all (0, -1): 18.03 ms
[WorldPerf] ChunkManager._load_chunk (0, 1): 1243.92 ms
[WorldPerf] Chunk._redraw_all (0, 1): 17.26 ms
[WorldPerf] ChunkManager._load_chunk (2, 0): 1249.13 ms
[WorldPerf] Chunk._redraw_all (2, 0): 17.14 ms
[WorldPerf] ChunkManager._load_chunk (62, 0): 1257.36 ms
[WorldPerf] Chunk._redraw_all (62, 0): 17.68 ms
[WorldPerf] ChunkManager._load_chunk (1, 1): 1307.12 ms
[WorldPerf] Chunk._redraw_all (1, 1): 17.92 ms
[WorldPerf] ChunkManager._load_chunk (63, -1): 1281.87 ms
[WorldPerf] Chunk._redraw_all (63, -1): 17.05 ms
[WorldPerf] ChunkManager._load_chunk (63, 1): 1273.61 ms
[WorldPerf] Chunk._redraw_all (63, 1): 25.81 ms
[WorldPerf] ChunkManager._load_chunk (1, -1): 1245.15 ms
[WorldPerf] Chunk._redraw_all (1, -1): 17.69 ms
[WorldPerf] ChunkManager._load_chunk (0, -2): 1253.00 ms
[WorldPerf] Chunk._redraw_all (0, -2): 19.73 ms
[WorldPerf] ChunkManager._load_chunk (0, 2): 1271.69 ms
[WorldPerf] Chunk._redraw_all (0, 2): 17.04 ms
[WorldPerf] ChunkManager._load_chunk (2, -1): 1270.46 ms
[WorldPerf] Chunk._redraw_all (2, -1): 24.84 ms
[WorldPerf] ChunkManager._load_chunk (1, 2): 1161.96 ms
[WorldPerf] Chunk._redraw_all (1, 2): 15.06 ms
[WorldPerf] ChunkManager._load_chunk (1, -2): 1194.35 ms
[WorldPerf] Chunk._redraw_all (1, -2): 22.43 ms
[WorldPerf] ChunkManager._load_chunk (63, 2): 1058.83 ms
[WorldPerf] Chunk._redraw_all (63, 2): 15.04 ms
[WorldPerf] ChunkManager._load_chunk (63, -2): 1191.91 ms
[WorldPerf] Chunk._redraw_all (63, -2): 15.63 ms
[WorldPerf] ChunkManager._load_chunk (2, 1): 1183.79 ms
[WorldPerf] Chunk._redraw_all (2, 1): 17.74 ms
[WorldPerf] ChunkManager._load_chunk (62, 1): 1197.73 ms
[WorldPerf] Chunk._redraw_all (62, 1): 17.76 ms
[WorldPerf] ChunkManager._load_chunk (62, -1): 1179.76 ms
[WorldPerf] Chunk._redraw_all (62, -1): 15.88 ms
[WorldPerf] ChunkManager._load_chunk (2, 2): 1152.06 ms
[WorldPerf] Chunk._redraw_all (2, 2): 14.89 ms
[WorldPerf] ChunkManager._load_chunk (2, -2): 1194.37 ms
[WorldPerf] Chunk._redraw_all (2, -2): 66.17 ms
[WorldPerf] FrameBudgetDispatcher.visual.mountain_shadow.visual_rebuild: 2.27 ms
[WorldPerf] FrameBudgetDispatcher.total: 2.41 ms
[WorldPerf] ChunkManager._load_chunk (62, 2): 1136.63 ms
[WorldPerf] Chunk._redraw_all (62, 2): 15.14 ms
[WorldPerf] FrameBudgetDispatcher.visual.mountain_shadow.visual_rebuild: 2.05 ms
[WorldPerf] FrameBudgetDispatcher.total: 2.16 ms
[WorldPerf] ChunkManager._load_chunk (62, -2): 1196.20 ms
[WorldPerf] Chunk._redraw_all (62, -2): 18.50 ms
[WorldPerf] Shadow.edge_cache_slice: 2.04 ms
[WorldPerf] FrameBudgetDispatcher.visual.mountain_shadow.visual_rebuild: 2.20 ms
[WorldPerf] FrameBudgetDispatcher.total: 2.30 ms
[WorldPerf] FrameBudgetDispatcher.total: 2.00 ms
[WorldPerf] ChunkManager._rebuild_loaded_mountain_topology.boot: 50.24 ms
[WorldPerf] FrameBudgetDispatcher.visual.mountain_shadow.visual_rebuild: 2.04 ms
[WorldPerf] FrameBudgetDispatcher.total: 2.21 ms
[CodexValidation] room validation prepared at (4, 4)
[CodexValidation] power validation prepared at (8, 4)
[CodexValidation] mining validation prepared at (188, -64)
[CodexValidation] boot complete; route prepared
[FrameBudget] streaming=0.0ms topology=0.0ms visual=0.3ms spawn=0.0ms total=0.4ms/6.0ms chunk_manager.streaming_load=0.0ms(60) chunk_manager.streaming_redraw=0.0ms(60) building.room_recompute=0.0ms(60) power.balance_recompute=0.0ms(60) chunk_manager.topology_rebuild=0.0ms(60) underground.fog_update=0.0ms(60) mountain_shadow.visual_rebuild=0.3ms(60)
[CodexValidation] built validation room
[CodexValidation] removed validation room wall (5, 4)
[CodexValidation] re-placed validation room wall (5, 4)
[FrameBudget] streaming=0.0ms topology=0.0ms visual=0.0ms spawn=0.0ms total=0.0ms/6.0ms chunk_manager.streaming_load=0.0ms(60) chunk_manager.streaming_redraw=0.0ms(60) building.room_recompute=0.0ms(60) power.balance_recompute=0.0ms(60) chunk_manager.topology_rebuild=0.0ms(60) underground.fog_update=0.0ms(60) mountain_shadow.visual_rebuild=0.0ms(60)
[CodexValidation] destroyed validation room wall (4, 5)
[CodexValidation] room validation complete
[CodexValidation] placed validation battery (8, 4)
[CodexValidation] removed validation battery (8, 4)
[CodexValidation] power validation complete
[CodexValidation] mined entry tile (188, -64)
[WorldPerf] FrameBudgetDispatcher.total: 2.88 ms
[WorldPerf] FrameBudgetDispatcher.total: 2.06 ms
[FrameBudget] streaming=0.0ms topology=0.1ms visual=0.0ms spawn=0.0ms total=0.2ms/6.0ms chunk_manager.streaming_load=0.0ms(60) chunk_manager.streaming_redraw=0.0ms(60) building.room_recompute=0.0ms(60) power.balance_recompute=0.0ms(60) chunk_manager.topology_rebuild=0.1ms(60) underground.fog_update=0.0ms(60) mountain_shadow.visual_rebuild=0.0ms(60)
[WorldPerf] FrameBudgetDispatcher.total: 2.05 ms
[WorldPerf] FrameBudgetDispatcher.topology.chunk_manager.topology_rebuild: 2.01 ms
[WorldPerf] FrameBudgetDispatcher.total: 2.15 ms
[WorldPerf] Topology.runtime.scan: 2.32 ms
[WorldPerf] FrameBudgetDispatcher.topology.chunk_manager.topology_rebuild: 2.35 ms
[WorldPerf] FrameBudgetDispatcher.total: 2.59 ms
[WorldPerf] Topology.runtime.scan: 2.13 ms
[WorldPerf] FrameBudgetDispatcher.topology.chunk_manager.topology_rebuild: 2.20 ms
[WorldPerf] FrameBudgetDispatcher.total: 2.41 ms
[WorldPerf] FrameBudgetDispatcher.total: 2.01 ms
[WorldPerf] Topology.runtime.scan: 2.04 ms
[WorldPerf] FrameBudgetDispatcher.topology.chunk_manager.topology_rebuild: 3.00 ms
[WorldPerf] FrameBudgetDispatcher.total: 3.22 ms
[WorldPerf] FrameBudgetDispatcher.topology.chunk_manager.topology_rebuild: 3.55 ms
[WorldPerf] FrameBudgetDispatcher.total: 3.67 ms
[WorldPerf] FrameBudgetDispatcher.topology.chunk_manager.topology_rebuild: 2.37 ms
[WorldPerf] FrameBudgetDispatcher.total: 2.50 ms
[CodexValidation] mined interior tile (189, -64)
[WorldPerf] FrameBudgetDispatcher.total: 2.85 ms
[WorldPerf] Topology.runtime.scan: 2.48 ms
[WorldPerf] FrameBudgetDispatcher.topology.chunk_manager.topology_rebuild: 2.54 ms
[WorldPerf] FrameBudgetDispatcher.total: 2.78 ms
[WorldPerf] Topology.runtime.scan: 2.90 ms
[WorldPerf] FrameBudgetDispatcher.topology.chunk_manager.topology_rebuild: 2.97 ms
[WorldPerf] FrameBudgetDispatcher.total: 3.23 ms
[WorldPerf] Topology.runtime.scan: 2.52 ms
[WorldPerf] FrameBudgetDispatcher.topology.chunk_manager.topology_rebuild: 2.55 ms
[WorldPerf] FrameBudgetDispatcher.total: 2.81 ms
[WorldPerf] Topology.runtime.scan: 2.56 ms
[WorldPerf] FrameBudgetDispatcher.topology.chunk_manager.topology_rebuild: 2.59 ms
[WorldPerf] FrameBudgetDispatcher.total: 2.85 ms
[WorldPerf] Topology.runtime.scan: 2.54 ms
[WorldPerf] FrameBudgetDispatcher.topology.chunk_manager.topology_rebuild: 2.58 ms
[WorldPerf] FrameBudgetDispatcher.total: 2.87 ms
[WorldPerf] Topology.runtime.scan: 2.51 ms
[WorldPerf] FrameBudgetDispatcher.topology.chunk_manager.topology_rebuild: 2.55 ms
[WorldPerf] FrameBudgetDispatcher.total: 2.80 ms
[WorldPerf] Topology.runtime.scan: 2.47 ms
[WorldPerf] FrameBudgetDispatcher.topology.chunk_manager.topology_rebuild: 2.51 ms
[WorldPerf] FrameBudgetDispatcher.total: 2.81 ms
[WorldPerf] Topology.runtime.scan: 2.58 ms
[WorldPerf] FrameBudgetDispatcher.topology.chunk_manager.topology_rebuild: 2.63 ms
[WorldPerf] FrameBudgetDispatcher.total: 2.89 ms
[WorldPerf] Topology.runtime.scan: 2.55 ms
[WorldPerf] FrameBudgetDispatcher.topology.chunk_manager.topology_rebuild: 2.59 ms
[WorldPerf] FrameBudgetDispatcher.total: 2.85 ms
[WorldPerf] Topology.runtime.scan: 2.49 ms
[WorldPerf] FrameBudgetDispatcher.topology.chunk_manager.topology_rebuild: 2.53 ms
[WorldPerf] FrameBudgetDispatcher.total: 2.79 ms
[WorldPerf] Topology.runtime.scan: 2.50 ms
[WorldPerf] FrameBudgetDispatcher.topology.chunk_manager.topology_rebuild: 2.54 ms
[WorldPerf] FrameBudgetDispatcher.total: 2.77 ms
[WorldPerf] Topology.runtime.scan: 2.49 ms
[WorldPerf] FrameBudgetDispatcher.topology.chunk_manager.topology_rebuild: 2.52 ms
[WorldPerf] FrameBudgetDispatcher.total: 2.78 ms
[WorldPerf] Topology.runtime.scan: 2.52 ms
[WorldPerf] FrameBudgetDispatcher.topology.chunk_manager.topology_rebuild: 2.60 ms
[WorldPerf] FrameBudgetDispatcher.total: 2.76 ms
[WorldPerf] Topology.runtime.scan: 2.55 ms
[WorldPerf] FrameBudgetDispatcher.topology.chunk_manager.topology_rebuild: 2.59 ms
[WorldPerf] FrameBudgetDispatcher.total: 2.85 ms
[WorldPerf] Topology.runtime.scan: 2.04 ms
[WorldPerf] FrameBudgetDispatcher.topology.chunk_manager.topology_rebuild: 2.08 ms
[WorldPerf] FrameBudgetDispatcher.total: 2.32 ms
[WorldPerf] Topology.runtime.scan: 2.53 ms
[WorldPerf] FrameBudgetDispatcher.topology.chunk_manager.topology_rebuild: 3.85 ms
[WorldPerf] FrameBudgetDispatcher.total: 4.08 ms
[WorldPerf] Topology.runtime.scan: 2.70 ms
[WorldPerf] FrameBudgetDispatcher.topology.chunk_manager.topology_rebuild: 2.75 ms
[WorldPerf] FrameBudgetDispatcher.total: 2.90 ms
[WorldPerf] Topology.runtime.scan: 2.17 ms
[WorldPerf] FrameBudgetDispatcher.topology.chunk_manager.topology_rebuild: 3.31 ms
[WorldPerf] FrameBudgetDispatcher.total: 3.43 ms
[WorldPerf] ChunkManager.try_harvest_at_world: 4.05 ms
WARNING: [WorldPerf] WARNING: ChunkManager.try_harvest_at_world took 4.05 ms (contract: 2.0 ms)
   at: push_warning (core/variant/variant_utility.cpp:1034)
   GDScript backtrace (most recent call first):
       [0] _record (res://core/systems/world/world_perf_probe.gd:54)
       [1] end (res://core/systems/world/world_perf_probe.gd:42)
       [2] try_harvest_at_world (res://core/systems/world/chunk_manager.gd:477)
       [3] execute (res://core/systems/commands/harvest_tile_command.gd:18)
       [4] execute (res://core/systems/commands/command_executor.gd:15)
       [5] _mine_tile (res://core/debug/runtime_validation_driver.gd:594)
       [6] _process_mining_validation (res://core/debug/runtime_validation_driver.gd:501)
       [7] _process (res://core/debug/runtime_validation_driver.gd:105)
[CodexValidation] mined deeper tile (190, -64)
[WorldPerf] MountainRoofSystem._request_refresh: 2.14 ms
[WorldPerf] FPS: 142.0
[FrameBudget] streaming=0.0ms topology=1.5ms visual=0.0ms spawn=0.0ms total=1.6ms/6.0ms chunk_manager.streaming_load=0.0ms(60) chunk_manager.streaming_redraw=0.0ms(60) building.room_recompute=0.0ms(60) power.balance_recompute=0.0ms(60) chunk_manager.topology_rebuild=1.5ms(60) underground.fog_update=0.0ms(60) mountain_shadow.visual_rebuild=0.0ms(60)
[CodexValidation] moved player back to exterior tile (187, -64)
[CodexValidation] mining + persistence validation complete
[CodexValidation] route start
[FrameBudget] streaming=0.0ms topology=0.0ms visual=0.0ms spawn=0.0ms total=0.1ms/6.0ms chunk_manager.streaming_load=0.0ms(60) chunk_manager.streaming_redraw=0.0ms(60) building.room_recompute=0.0ms(60) power.balance_recompute=0.0ms(60) chunk_manager.topology_rebuild=0.0ms(60) underground.fog_update=0.0ms(60) mountain_shadow.visual_rebuild=0.0ms(60)
[WorldPerf] === Frame Summary (300 frames) ===
[WorldPerf] Frame time: avg=18.1 ms, p99=146.4 ms, hitches=28
[WorldPerf] Frame budget: dispatcher=0.5ms streaming=103.6ms topology=0.6ms building=0.0ms power=0.0ms visual=0.2ms spawn=0.0ms total=104.4ms/6.0ms
[WorldPerf] Boot work: streaming=0.0ms topology=0.2ms
[FrameBudget] streaming=0.0ms topology=0.0ms visual=0.0ms spawn=0.0ms total=0.0ms/6.0ms chunk_manager.streaming_load=0.0ms(60) chunk_manager.streaming_redraw=0.0ms(60) building.room_recompute=0.0ms(60) power.balance_recompute=0.0ms(60) chunk_manager.topology_rebuild=0.0ms(60) underground.fog_update=0.0ms(60) mountain_shadow.visual_rebuild=0.0ms(60)
[WorldPerf] ChunkStreaming.phase1_create (3, -1): 9.68 ms
[WorldPerf] FrameBudgetDispatcher.streaming.chunk_manager.streaming_load: 9.81 ms
[WorldPerf] FrameBudgetDispatcher.total: 9.87 ms
[WorldPerf] ChunkManager.streaming_redraw_step.terrain: 10.20 ms
[WorldPerf] FrameBudgetDispatcher.streaming.chunk_manager.streaming_redraw: 10.26 ms
[WorldPerf] FrameBudgetDispatcher.total: 10.50 ms
[WorldPerf] Shadow.edge_cache_slice: 6.38 ms
[WorldPerf] FrameBudgetDispatcher.visual.mountain_shadow.visual_rebuild: 6.93 ms
[WorldPerf] FrameBudgetDispatcher.total: 9.13 ms
[WorldPerf] FrameBudgetDispatcher.total: 2.92 ms
[WorldPerf] FrameBudgetDispatcher.total: 2.27 ms
[WorldPerf] FrameBudgetDispatcher.total: 2.04 ms
[WorldPerf] FrameBudgetDispatcher.total: 2.06 ms
[WorldPerf] FrameBudgetDispatcher.total: 2.06 ms
[WorldPerf] FrameBudgetDispatcher.total: 2.05 ms
[WorldPerf] ChunkManager.streaming_redraw_step.cover: 5.96 ms
[WorldPerf] FrameBudgetDispatcher.streaming.chunk_manager.streaming_redraw: 7.35 ms
[WorldPerf] FrameBudgetDispatcher.total: 7.53 ms
[WorldPerf] FrameBudgetDispatcher.total: 2.09 ms
[WorldPerf] FrameBudgetDispatcher.total: 2.05 ms
[WorldPerf] FrameBudgetDispatcher.total: 2.06 ms
[WorldPerf] ChunkManager.streaming_redraw_step.cliff: 2.83 ms
[WorldPerf] FrameBudgetDispatcher.streaming.chunk_manager.streaming_redraw: 4.21 ms
[WorldPerf] FrameBudgetDispatcher.total: 4.47 ms
[WorldPerf] FrameBudgetDispatcher.total: 2.07 ms
[WorldPerf] FrameBudgetDispatcher.total: 2.07 ms
[WorldPerf] FrameBudgetDispatcher.streaming.chunk_manager.streaming_redraw: 2.05 ms
[WorldPerf] FrameBudgetDispatcher.total: 2.18 ms
[WorldPerf] FrameBudgetDispatcher.streaming.chunk_manager.streaming_redraw: 2.05 ms
[WorldPerf] FrameBudgetDispatcher.total: 2.18 ms
[WorldPerf] FrameBudgetDispatcher.total: 2.02 ms
[WorldPerf] FrameBudgetDispatcher.total: 2.02 ms
[WorldPerf] FrameBudgetDispatcher.total: 2.00 ms
[WorldPerf] FrameBudgetDispatcher.total: 2.09 ms
[WorldPerf] FrameBudgetDispatcher.streaming.chunk_manager.streaming_redraw: 2.09 ms
[WorldPerf] FrameBudgetDispatcher.total: 2.28 ms
[WorldPerf] FrameBudgetDispatcher.streaming.chunk_manager.streaming_redraw: 2.03 ms
[WorldPerf] FrameBudgetDispatcher.total: 2.17 ms
[WorldPerf] FrameBudgetDispatcher.total: 2.05 ms
[WorldPerf] FrameBudgetDispatcher.streaming.chunk_manager.streaming_redraw: 2.05 ms
[WorldPerf] FrameBudgetDispatcher.total: 2.21 ms
[WorldPerf] FrameBudgetDispatcher.total: 2.04 ms
[WorldPerf] FrameBudgetDispatcher.total: 2.00 ms
[WorldPerf] FrameBudgetDispatcher.total: 2.05 ms
[WorldPerf] FrameBudgetDispatcher.total: 2.01 ms
[WorldPerf] FrameBudgetDispatcher.streaming.chunk_manager.streaming_redraw: 2.02 ms
[WorldPerf] FrameBudgetDispatcher.total: 2.16 ms
[WorldPerf] FrameBudgetDispatcher.total: 2.01 ms
[WorldPerf] FrameBudgetDispatcher.total: 2.04 ms
[FrameBudget] streaming=1.9ms topology=0.0ms visual=0.1ms spawn=0.0ms total=2.0ms/6.0ms chunk_manager.streaming_load=0.2ms(60) chunk_manager.streaming_redraw=1.7ms(59) building.room_recompute=0.0ms(57) power.balance_recompute=0.0ms(57) chunk_manager.topology_rebuild=0.0ms(57) underground.fog_update=0.0ms(57) mountain_shadow.visual_rebuild=0.1ms(57)
[WorldPerf] FrameBudgetDispatcher.total: 2.09 ms
[WorldPerf] FrameBudgetDispatcher.total: 2.12 ms
[WorldPerf] FrameBudgetDispatcher.total: 2.03 ms
[WorldPerf] FrameBudgetDispatcher.total: 2.05 ms
[WorldPerf] FrameBudgetDispatcher.total: 2.02 ms
[WorldPerf] FrameBudgetDispatcher.total: 2.04 ms
[WorldPerf] FrameBudgetDispatcher.total: 2.03 ms
[WorldPerf] FrameBudgetDispatcher.total: 2.01 ms
[WorldPerf] FrameBudgetDispatcher.total: 2.01 ms
[FrameBudget] streaming=0.5ms topology=0.0ms visual=0.0ms spawn=0.0ms total=0.5ms/6.0ms chunk_manager.streaming_load=0.0ms(60) chunk_manager.streaming_redraw=0.5ms(60) building.room_recompute=0.0ms(60) power.balance_recompute=0.0ms(60) chunk_manager.topology_rebuild=0.0ms(60) underground.fog_update=0.0ms(60) mountain_shadow.visual_rebuild=0.0ms(60)
[CodexValidation] reached waypoint 1/6 at (24576.0, 0.0)
[FrameBudget] streaming=0.0ms topology=0.0ms visual=0.0ms spawn=0.0ms total=0.0ms/6.0ms chunk_manager.streaming_load=0.0ms(60) chunk_manager.streaming_redraw=0.0ms(60) building.room_recompute=0.0ms(60) power.balance_recompute=0.0ms(60) chunk_manager.topology_rebuild=0.0ms(60) underground.fog_update=0.0ms(60) mountain_shadow.visual_rebuild=0.0ms(60)
[WorldPerf] ChunkStreaming.phase1_create (4, -1): 11.32 ms
[WorldPerf] FrameBudgetDispatcher.streaming.chunk_manager.streaming_load: 11.46 ms
[WorldPerf] FrameBudgetDispatcher.total: 11.49 ms
[WorldPerf] FrameBudgetDispatcher.total: 3.14 ms
[WorldPerf] FrameBudgetDispatcher.total: 2.85 ms
[WorldPerf] FrameBudgetDispatcher.total: 2.82 ms
[WorldPerf] FrameBudgetDispatcher.total: 2.98 ms
[WorldPerf] FrameBudgetDispatcher.total: 2.90 ms
[WorldPerf] FrameBudgetDispatcher.total: 2.67 ms
[WorldPerf] FrameBudgetDispatcher.total: 2.07 ms
[WorldPerf] ChunkManager.streaming_redraw_step.terrain: 2.13 ms
[WorldPerf] FrameBudgetDispatcher.streaming.chunk_manager.streaming_redraw: 2.64 ms
[WorldPerf] FrameBudgetDispatcher.total: 2.88 ms
[WorldPerf] FrameBudgetDispatcher.total: 2.06 ms
[WorldPerf] FrameBudgetDispatcher.total: 2.10 ms
[WorldPerf] FrameBudgetDispatcher.streaming.chunk_manager.streaming_redraw: 2.02 ms
[WorldPerf] FrameBudgetDispatcher.total: 2.18 ms
[WorldPerf] FrameBudgetDispatcher.total: 2.00 ms
[WorldPerf] FrameBudgetDispatcher.total: 2.05 ms
[WorldPerf] FrameBudgetDispatcher.total: 2.08 ms
[WorldPerf] FrameBudgetDispatcher.total: 2.09 ms
[WorldPerf] FrameBudgetDispatcher.total: 2.75 ms
[WorldPerf] FrameBudgetDispatcher.total: 2.79 ms
[WorldPerf] FrameBudgetDispatcher.total: 2.07 ms
[WorldPerf] FrameBudgetDispatcher.total: 2.02 ms
[WorldPerf] FrameBudgetDispatcher.total: 2.04 ms
[WorldPerf] FrameBudgetDispatcher.total: 2.09 ms
[WorldPerf] FrameBudgetDispatcher.total: 2.05 ms
[WorldPerf] FrameBudgetDispatcher.total: 2.09 ms
[WorldPerf] FrameBudgetDispatcher.streaming.chunk_manager.streaming_redraw: 2.05 ms
[WorldPerf] FrameBudgetDispatcher.total: 2.28 ms
[WorldPerf] FrameBudgetDispatcher.total: 2.11 ms
[FrameBudget] streaming=1.6ms topology=0.0ms visual=0.1ms spawn=0.0ms total=1.7ms/6.0ms chunk_manager.streaming_load=0.2ms(60) chunk_manager.streaming_redraw=1.4ms(59) building.room_recompute=0.0ms(59) power.balance_recompute=0.0ms(59) chunk_manager.topology_rebuild=0.0ms(59) underground.fog_update=0.0ms(59) mountain_shadow.visual_rebuild=0.1ms(59)
[WorldPerf] === Frame Summary (300 frames) ===
[WorldPerf] Frame time: avg=6.9 ms, p99=7.4 ms, hitches=0
[WorldPerf] Frame budget: dispatcher=0.9ms streaming=0.8ms topology=0.0ms building=0.0ms power=0.0ms visual=0.1ms spawn=0.0ms total=1.0ms/6.0ms
[WorldPerf] FrameBudgetDispatcher.total: 2.01 ms
[WorldPerf] FrameBudgetDispatcher.total: 2.07 ms
[WorldPerf] FrameBudgetDispatcher.total: 2.02 ms
[WorldPerf] FrameBudgetDispatcher.total: 2.06 ms
[WorldPerf] FrameBudgetDispatcher.streaming.chunk_manager.streaming_redraw: 2.06 ms
[WorldPerf] FrameBudgetDispatcher.total: 2.29 ms
[WorldPerf] FrameBudgetDispatcher.total: 2.06 ms
[WorldPerf] FrameBudgetDispatcher.total: 2.06 ms
[WorldPerf] FrameBudgetDispatcher.streaming.chunk_manager.streaming_redraw: 2.02 ms
[WorldPerf] FrameBudgetDispatcher.total: 2.20 ms
[WorldPerf] FrameBudgetDispatcher.total: 2.06 ms
[WorldPerf] FrameBudgetDispatcher.total: 2.03 ms
[WorldPerf] FrameBudgetDispatcher.total: 2.05 ms
[WorldPerf] FrameBudgetDispatcher.total: 2.03 ms
[WorldPerf] FrameBudgetDispatcher.total: 2.05 ms
[WorldPerf] FrameBudgetDispatcher.total: 2.06 ms
[WorldPerf] FrameBudgetDispatcher.total: 2.03 ms
[WorldPerf] FrameBudgetDispatcher.total: 2.00 ms
[WorldPerf] FrameBudgetDispatcher.streaming.chunk_manager.streaming_redraw: 2.06 ms
[WorldPerf] FrameBudgetDispatcher.total: 2.21 ms
[WorldPerf] FrameBudgetDispatcher.total: 2.10 ms
[WorldPerf] FrameBudgetDispatcher.total: 2.04 ms
[FrameBudget] streaming=0.9ms topology=0.0ms visual=0.0ms spawn=0.0ms total=0.9ms/6.0ms chunk_manager.streaming_load=0.0ms(60) chunk_manager.streaming_redraw=0.9ms(60) building.room_recompute=0.0ms(60) power.balance_recompute=0.0ms(60) chunk_manager.topology_rebuild=0.0ms(60) underground.fog_update=0.0ms(60) mountain_shadow.visual_rebuild=0.0ms(60)
[FrameBudget] streaming=0.0ms topology=0.0ms visual=0.0ms spawn=0.0ms total=0.0ms/6.0ms chunk_manager.streaming_load=0.0ms(60) chunk_manager.streaming_redraw=0.0ms(60) building.room_recompute=0.0ms(60) power.balance_recompute=0.0ms(60) chunk_manager.topology_rebuild=0.0ms(60) underground.fog_update=0.0ms(60) mountain_shadow.visual_rebuild=0.0ms(60)
[WorldPerf] ChunkStreaming.phase1_create (6, 0): 3.47 ms
[WorldPerf] FrameBudgetDispatcher.streaming.chunk_manager.streaming_load: 3.61 ms
[WorldPerf] FrameBudgetDispatcher.total: 3.80 ms
[WorldPerf] FrameBudgetDispatcher.total: 3.21 ms
[WorldPerf] FrameBudgetDispatcher.total: 2.73 ms
[WorldPerf] FrameBudgetDispatcher.total: 2.58 ms
[WorldPerf] FrameBudgetDispatcher.total: 2.67 ms
[WorldPerf] Shadow.edge_cache_slice: 2.74 ms
[WorldPerf] FrameBudgetDispatcher.visual.mountain_shadow.visual_rebuild: 2.80 ms
[WorldPerf] FrameBudgetDispatcher.total: 4.58 ms
[WorldPerf] Shadow.edge_cache_slice: 2.70 ms
[WorldPerf] FrameBudgetDispatcher.visual.mountain_shadow.visual_rebuild: 2.76 ms
[WorldPerf] FrameBudgetDispatcher.total: 4.50 ms
[WorldPerf] FrameBudgetDispatcher.streaming.chunk_manager.streaming_redraw: 2.47 ms
[WorldPerf] Shadow.edge_cache_slice: 2.53 ms
[WorldPerf] FrameBudgetDispatcher.visual.mountain_shadow.visual_rebuild: 2.56 ms
[WorldPerf] FrameBudgetDispatcher.total: 5.33 ms
[WorldPerf] ChunkManager.streaming_redraw_step.terrain: 2.03 ms
[WorldPerf] FrameBudgetDispatcher.streaming.chunk_manager.streaming_redraw: 2.36 ms
[WorldPerf] FrameBudgetDispatcher.total: 3.38 ms
[WorldPerf] FrameBudgetDispatcher.streaming.chunk_manager.streaming_redraw: 2.23 ms
[WorldPerf] FrameBudgetDispatcher.total: 3.21 ms
[WorldPerf] FrameBudgetDispatcher.streaming.chunk_manager.streaming_redraw: 2.36 ms
[WorldPerf] FrameBudgetDispatcher.total: 2.60 ms
[WorldPerf] FrameBudgetDispatcher.streaming.chunk_manager.streaming_redraw: 2.13 ms
[WorldPerf] FrameBudgetDispatcher.total: 2.27 ms
[WorldPerf] ChunkManager.streaming_redraw_step.terrain: 2.02 ms
[WorldPerf] FrameBudgetDispatcher.streaming.chunk_manager.streaming_redraw: 2.27 ms
[WorldPerf] FrameBudgetDispatcher.total: 2.50 ms
[WorldPerf] FrameBudgetDispatcher.streaming.chunk_manager.streaming_redraw: 2.13 ms
[WorldPerf] FrameBudgetDispatcher.total: 2.31 ms
[WorldPerf] FrameBudgetDispatcher.total: 2.07 ms
[WorldPerf] FrameBudgetDispatcher.total: 2.06 ms
[WorldPerf] FrameBudgetDispatcher.streaming.chunk_manager.streaming_redraw: 2.00 ms
[WorldPerf] FrameBudgetDispatcher.total: 2.17 ms
[WorldPerf] FrameBudgetDispatcher.total: 2.11 ms
[WorldPerf] FrameBudgetDispatcher.streaming.chunk_manager.streaming_redraw: 2.03 ms
[WorldPerf] FrameBudgetDispatcher.total: 2.20 ms
[WorldPerf] FrameBudgetDispatcher.streaming.chunk_manager.streaming_redraw: 2.16 ms
[WorldPerf] FrameBudgetDispatcher.total: 2.32 ms
[WorldPerf] FrameBudgetDispatcher.total: 2.06 ms
[WorldPerf] FrameBudgetDispatcher.total: 2.06 ms
[WorldPerf] FrameBudgetDispatcher.total: 2.01 ms
[WorldPerf] FrameBudgetDispatcher.total: 2.02 ms
[WorldPerf] FrameBudgetDispatcher.total: 2.09 ms
[WorldPerf] FrameBudgetDispatcher.total: 2.03 ms
[WorldPerf] FrameBudgetDispatcher.total: 2.03 ms
[WorldPerf] FrameBudgetDispatcher.total: 2.04 ms
[WorldPerf] FrameBudgetDispatcher.total: 2.06 ms
[WorldPerf] FrameBudgetDispatcher.total: 2.00 ms
[FrameBudget] streaming=1.5ms topology=0.0ms visual=0.2ms spawn=0.0ms total=1.8ms/6.0ms chunk_manager.streaming_load=0.1ms(60) chunk_manager.streaming_redraw=1.4ms(60) building.room_recompute=0.0ms(60) power.balance_recompute=0.0ms(60) chunk_manager.topology_rebuild=0.0ms(60) underground.fog_update=0.0ms(60) mountain_shadow.visual_rebuild=0.2ms(60)
[FrameBudget] streaming=0.0ms topology=0.0ms visual=0.0ms spawn=0.0ms total=0.0ms/6.0ms chunk_manager.streaming_load=0.0ms(60) chunk_manager.streaming_redraw=0.0ms(60) building.room_recompute=0.0ms(60) power.balance_recompute=0.0ms(60) chunk_manager.topology_rebuild=0.0ms(60) underground.fog_update=0.0ms(60) mountain_shadow.visual_rebuild=0.0ms(60)
[CodexValidation] reached waypoint 2/6 at (24576.0, 20480.0)
[FrameBudget] streaming=0.0ms topology=0.0ms visual=0.0ms spawn=0.0ms total=0.1ms/6.0ms chunk_manager.streaming_load=0.0ms(60) chunk_manager.streaming_redraw=0.0ms(60) building.room_recompute=0.0ms(60) power.balance_recompute=0.0ms(60) chunk_manager.topology_rebuild=0.0ms(60) underground.fog_update=0.0ms(60) mountain_shadow.visual_rebuild=0.0ms(60)
[WorldPerf] === Frame Summary (300 frames) ===
[WorldPerf] Frame time: avg=6.9 ms, p99=6.9 ms, hitches=0
[WorldPerf] Frame budget: dispatcher=0.6ms streaming=0.5ms topology=0.0ms building=0.0ms power=0.0ms visual=0.1ms spawn=0.0ms total=0.6ms/6.0ms
[FrameBudget] streaming=0.0ms topology=0.0ms visual=0.0ms spawn=0.0ms total=0.1ms/6.0ms chunk_manager.streaming_load=0.0ms(60) chunk_manager.streaming_redraw=0.0ms(60) building.room_recompute=0.0ms(60) power.balance_recompute=0.0ms(60) chunk_manager.topology_rebuild=0.0ms(60) underground.fog_update=0.0ms(60) mountain_shadow.visual_rebuild=0.0ms(60)
[WorldPerf] FPS: 145.0
[FrameBudget] streaming=0.0ms topology=0.0ms visual=0.0ms spawn=0.0ms total=0.1ms/6.0ms chunk_manager.streaming_load=0.0ms(60) chunk_manager.streaming_redraw=0.0ms(60) building.room_recompute=0.0ms(60) power.balance_recompute=0.0ms(60) chunk_manager.topology_rebuild=0.0ms(60) underground.fog_update=0.0ms(60) mountain_shadow.visual_rebuild=0.0ms(60)
[FrameBudget] streaming=0.0ms topology=0.0ms visual=0.0ms spawn=0.0ms total=0.1ms/6.0ms chunk_manager.streaming_load=0.0ms(60) chunk_manager.streaming_redraw=0.0ms(60) building.room_recompute=0.0ms(60) power.balance_recompute=0.0ms(60) chunk_manager.topology_rebuild=0.0ms(60) underground.fog_update=0.0ms(60) mountain_shadow.visual_rebuild=0.0ms(60)
[FrameBudget] streaming=0.0ms topology=0.0ms visual=0.0ms spawn=0.0ms total=0.1ms/6.0ms chunk_manager.streaming_load=0.0ms(60) chunk_manager.streaming_redraw=0.0ms(60) building.room_recompute=0.0ms(60) power.balance_recompute=0.0ms(60) chunk_manager.topology_rebuild=0.0ms(60) underground.fog_update=0.0ms(60) mountain_shadow.visual_rebuild=0.0ms(60)
[FrameBudget] streaming=0.0ms topology=0.0ms visual=0.0ms spawn=0.0ms total=0.0ms/6.0ms chunk_manager.streaming_load=0.0ms(60) chunk_manager.streaming_redraw=0.0ms(60) building.room_recompute=0.0ms(60) power.balance_recompute=0.0ms(60) chunk_manager.topology_rebuild=0.0ms(60) underground.fog_update=0.0ms(60) mountain_shadow.visual_rebuild=0.0ms(60)
[WorldPerf] === Frame Summary (300 frames) ===
[WorldPerf] Frame time: avg=6.9 ms, p99=6.9 ms, hitches=0
[WorldPerf] Frame budget: dispatcher=0.1ms streaming=0.0ms topology=0.0ms building=0.0ms power=0.0ms visual=0.0ms spawn=0.0ms total=0.1ms/6.0ms
[FrameBudget] streaming=0.0ms topology=0.0ms visual=0.0ms spawn=0.0ms total=0.0ms/6.0ms chunk_manager.streaming_load=0.0ms(60) chunk_manager.streaming_redraw=0.0ms(60) building.room_recompute=0.0ms(60) power.balance_recompute=0.0ms(60) chunk_manager.topology_rebuild=0.0ms(60) underground.fog_update=0.0ms(60) mountain_shadow.visual_rebuild=0.0ms(60)
[WorldPerf] ChunkStreaming.phase1_create (3, 5): 18.59 ms
[WorldPerf] FrameBudgetDispatcher.streaming.chunk_manager.streaming_load: 18.72 ms
[WorldPerf] FrameBudgetDispatcher.total: 18.89 ms
[WorldPerf] FrameBudgetDispatcher.total: 3.12 ms
[WorldPerf] FrameBudgetDispatcher.total: 2.04 ms
[WorldPerf] FrameBudgetDispatcher.total: 2.00 ms
[WorldPerf] FrameBudgetDispatcher.total: 2.08 ms
[WorldPerf] FrameBudgetDispatcher.total: 2.03 ms
[WorldPerf] FrameBudgetDispatcher.total: 2.09 ms
[WorldPerf] FrameBudgetDispatcher.streaming.chunk_manager.streaming_redraw: 2.02 ms
[WorldPerf] FrameBudgetDispatcher.total: 2.15 ms
[WorldPerf] FrameBudgetDispatcher.total: 2.09 ms
[WorldPerf] FrameBudgetDispatcher.total: 2.04 ms
[WorldPerf] FrameBudgetDispatcher.streaming.chunk_manager.streaming_redraw: 2.00 ms
[WorldPerf] FrameBudgetDispatcher.total: 2.14 ms
[WorldPerf] FrameBudgetDispatcher.total: 2.09 ms
[WorldPerf] FrameBudgetDispatcher.total: 2.09 ms
[WorldPerf] FrameBudgetDispatcher.total: 2.10 ms
[WorldPerf] FrameBudgetDispatcher.total: 2.04 ms
[WorldPerf] FrameBudgetDispatcher.streaming.chunk_manager.streaming_redraw: 2.26 ms
[WorldPerf] FrameBudgetDispatcher.total: 2.39 ms
[WorldPerf] ChunkManager.streaming_redraw_step.done: 2.61 ms
[WorldPerf] FrameBudgetDispatcher.streaming.chunk_manager.streaming_redraw: 2.69 ms
[WorldPerf] FrameBudgetDispatcher.total: 2.95 ms
[FrameBudget] streaming=1.7ms topology=0.0ms visual=0.0ms spawn=0.0ms total=1.7ms/6.0ms chunk_manager.streaming_load=0.3ms(60) chunk_manager.streaming_redraw=1.3ms(59) building.room_recompute=0.0ms(59) power.balance_recompute=0.0ms(59) chunk_manager.topology_rebuild=0.0ms(59) underground.fog_update=0.0ms(59) mountain_shadow.visual_rebuild=0.0ms(59)
[WorldPerf] FrameBudgetDispatcher.total: 2.12 ms
[FrameBudget] streaming=1.7ms topology=0.0ms visual=0.0ms spawn=0.0ms total=1.7ms/6.0ms chunk_manager.streaming_load=0.0ms(60) chunk_manager.streaming_redraw=1.6ms(60) building.room_recompute=0.0ms(60) power.balance_recompute=0.0ms(60) chunk_manager.topology_rebuild=0.0ms(60) underground.fog_update=0.0ms(60) mountain_shadow.visual_rebuild=0.0ms(60)
[WorldPerf] FrameBudgetDispatcher.total: 2.02 ms
[WorldPerf] ChunkManager.streaming_redraw_step.done: 3.43 ms
[WorldPerf] FrameBudgetDispatcher.streaming.chunk_manager.streaming_redraw: 3.52 ms
[WorldPerf] FrameBudgetDispatcher.total: 3.84 ms
[WorldPerf] ChunkManager.streaming_redraw_step.done: 2.05 ms
[WorldPerf] FrameBudgetDispatcher.streaming.chunk_manager.streaming_redraw: 2.15 ms
[WorldPerf] FrameBudgetDispatcher.total: 2.30 ms
[WorldPerf] FrameBudgetDispatcher.total: 2.09 ms
[FrameBudget] streaming=1.1ms topology=0.0ms visual=0.0ms spawn=0.0ms total=1.1ms/6.0ms chunk_manager.streaming_load=0.0ms(60) chunk_manager.streaming_redraw=1.1ms(60) building.room_recompute=0.0ms(60) power.balance_recompute=0.0ms(60) chunk_manager.topology_rebuild=0.0ms(60) underground.fog_update=0.0ms(60) mountain_shadow.visual_rebuild=0.0ms(60)
[FrameBudget] streaming=0.0ms topology=0.0ms visual=0.0ms spawn=0.0ms total=0.1ms/6.0ms chunk_manager.streaming_load=0.0ms(60) chunk_manager.streaming_redraw=0.0ms(60) building.room_recompute=0.0ms(60) power.balance_recompute=0.0ms(60) chunk_manager.topology_rebuild=0.0ms(60) underground.fog_update=0.0ms(60) mountain_shadow.visual_rebuild=0.0ms(60)
[WorldPerf] === Frame Summary (300 frames) ===
[WorldPerf] Frame time: avg=6.9 ms, p99=8.3 ms, hitches=0
[WorldPerf] Frame budget: dispatcher=1.0ms streaming=0.9ms topology=0.0ms building=0.0ms power=0.0ms visual=0.0ms spawn=0.0ms total=0.9ms/6.0ms
[FrameBudget] streaming=0.0ms topology=0.0ms visual=0.0ms spawn=0.0ms total=0.0ms/6.0ms chunk_manager.streaming_load=0.0ms(60) chunk_manager.streaming_redraw=0.0ms(60) building.room_recompute=0.0ms(60) power.balance_recompute=0.0ms(60) chunk_manager.topology_rebuild=0.0ms(60) underground.fog_update=0.0ms(60) mountain_shadow.visual_rebuild=0.0ms(60)
[FrameBudget] streaming=0.0ms topology=0.0ms visual=0.0ms spawn=0.0ms total=0.0ms/6.0ms chunk_manager.streaming_load=0.0ms(60) chunk_manager.streaming_redraw=0.0ms(60) building.room_recompute=0.0ms(60) power.balance_recompute=0.0ms(60) chunk_manager.topology_rebuild=0.0ms(60) underground.fog_update=0.0ms(60) mountain_shadow.visual_rebuild=0.0ms(60)
[WorldPerf] ChunkStreaming.phase1_create (62, 5): 2.92 ms
[WorldPerf] FrameBudgetDispatcher.streaming.chunk_manager.streaming_load: 3.04 ms
[WorldPerf] FrameBudgetDispatcher.total: 3.15 ms
[WorldPerf] FrameBudgetDispatcher.total: 3.32 ms
[WorldPerf] Shadow.edge_cache_slice: 2.71 ms
[WorldPerf] FrameBudgetDispatcher.visual.mountain_shadow.visual_rebuild: 2.77 ms
[WorldPerf] FrameBudgetDispatcher.total: 4.88 ms
[WorldPerf] FrameBudgetDispatcher.streaming.chunk_manager.streaming_redraw: 2.14 ms
[WorldPerf] Shadow.edge_cache_slice: 2.81 ms
[WorldPerf] FrameBudgetDispatcher.visual.mountain_shadow.visual_rebuild: 2.85 ms
[WorldPerf] FrameBudgetDispatcher.total: 5.21 ms
[WorldPerf] FrameBudgetDispatcher.streaming.chunk_manager.streaming_redraw: 2.00 ms
[WorldPerf] Shadow.edge_cache_slice: 3.02 ms
[WorldPerf] FrameBudgetDispatcher.visual.mountain_shadow.visual_rebuild: 3.05 ms
[WorldPerf] FrameBudgetDispatcher.total: 5.19 ms
[WorldPerf] Shadow.edge_cache_slice: 3.05 ms
[WorldPerf] FrameBudgetDispatcher.visual.mountain_shadow.visual_rebuild: 3.12 ms
[WorldPerf] FrameBudgetDispatcher.total: 5.11 ms
[WorldPerf] Shadow.edge_cache_slice: 3.08 ms
[WorldPerf] FrameBudgetDispatcher.visual.mountain_shadow.visual_rebuild: 3.12 ms
[WorldPerf] FrameBudgetDispatcher.total: 4.96 ms
[WorldPerf] ChunkManager.streaming_redraw_step.terrain: 2.10 ms
[WorldPerf] FrameBudgetDispatcher.streaming.chunk_manager.streaming_redraw: 2.37 ms
[WorldPerf] FrameBudgetDispatcher.total: 3.64 ms
[WorldPerf] ChunkManager.streaming_redraw_step.terrain: 2.91 ms
[WorldPerf] FrameBudgetDispatcher.streaming.chunk_manager.streaming_redraw: 3.30 ms
[WorldPerf] FrameBudgetDispatcher.total: 4.17 ms
[WorldPerf] ChunkManager.streaming_redraw_step.terrain: 2.12 ms
[WorldPerf] FrameBudgetDispatcher.streaming.chunk_manager.streaming_redraw: 2.45 ms
[WorldPerf] FrameBudgetDispatcher.total: 3.70 ms
[WorldPerf] ChunkManager.streaming_redraw_step.terrain: 2.30 ms
[WorldPerf] FrameBudgetDispatcher.streaming.chunk_manager.streaming_redraw: 2.68 ms
[WorldPerf] Shadow.edge_cache_slice: 7.84 ms
[WorldPerf] FrameBudgetDispatcher.visual.mountain_shadow.visual_rebuild: 8.03 ms
[WorldPerf] FrameBudgetDispatcher.total: 11.13 ms
[WorldPerf] ChunkManager.streaming_redraw_step.terrain: 2.22 ms
[WorldPerf] FrameBudgetDispatcher.streaming.chunk_manager.streaming_redraw: 2.59 ms
[WorldPerf] FrameBudgetDispatcher.total: 3.70 ms
[WorldPerf] ChunkManager.streaming_redraw_step.terrain: 2.26 ms
[WorldPerf] FrameBudgetDispatcher.streaming.chunk_manager.streaming_redraw: 2.67 ms
[WorldPerf] FrameBudgetDispatcher.total: 2.84 ms
[WorldPerf] ChunkManager.streaming_redraw_step.terrain: 2.23 ms
[WorldPerf] FrameBudgetDispatcher.streaming.chunk_manager.streaming_redraw: 2.66 ms
[WorldPerf] FrameBudgetDispatcher.total: 2.85 ms
[WorldPerf] ChunkManager.streaming_redraw_step.terrain: 2.19 ms
[WorldPerf] FrameBudgetDispatcher.streaming.chunk_manager.streaming_redraw: 2.67 ms
[WorldPerf] FrameBudgetDispatcher.total: 2.83 ms
[WorldPerf] ChunkManager.streaming_redraw_step.terrain: 2.14 ms
[WorldPerf] FrameBudgetDispatcher.streaming.chunk_manager.streaming_redraw: 2.59 ms
[WorldPerf] FrameBudgetDispatcher.total: 2.76 ms
[WorldPerf] ChunkManager.streaming_redraw_step.terrain: 2.45 ms
[WorldPerf] FrameBudgetDispatcher.streaming.chunk_manager.streaming_redraw: 2.98 ms
[WorldPerf] FrameBudgetDispatcher.total: 3.15 ms
[WorldPerf] FrameBudgetDispatcher.total: 2.02 ms
[WorldPerf] FrameBudgetDispatcher.streaming.chunk_manager.streaming_redraw: 2.00 ms
[WorldPerf] FrameBudgetDispatcher.total: 2.15 ms
[WorldPerf] ChunkManager.streaming_redraw_step.terrain: 14.56 ms
[WorldPerf] FrameBudgetDispatcher.streaming.chunk_manager.streaming_redraw: 15.14 ms
[WorldPerf] FrameBudgetDispatcher.total: 15.21 ms
[WorldPerf] FrameBudgetDispatcher.total: 2.08 ms
[WorldPerf] FrameBudgetDispatcher.total: 2.06 ms
[WorldPerf] FrameBudgetDispatcher.total: 2.05 ms
[WorldPerf] ChunkManager.streaming_redraw_step.cover: 7.62 ms
[WorldPerf] FrameBudgetDispatcher.streaming.chunk_manager.streaming_redraw: 8.70 ms
[WorldPerf] FrameBudgetDispatcher.total: 8.81 ms
[WorldPerf] FrameBudgetDispatcher.streaming.chunk_manager.streaming_redraw: 2.37 ms
[WorldPerf] FrameBudgetDispatcher.total: 2.51 ms
[WorldPerf] FrameBudgetDispatcher.total: 2.02 ms
[WorldPerf] ChunkManager.streaming_redraw_step.cliff: 4.11 ms
[WorldPerf] FrameBudgetDispatcher.streaming.chunk_manager.streaming_redraw: 5.35 ms
[WorldPerf] FrameBudgetDispatcher.total: 5.59 ms
[WorldPerf] FrameBudgetDispatcher.total: 2.03 ms
[WorldPerf] FrameBudgetDispatcher.total: 2.05 ms
[FrameBudget] streaming=2.1ms topology=0.0ms visual=0.5ms spawn=0.0ms total=2.5ms/6.0ms chunk_manager.streaming_load=0.1ms(60) chunk_manager.streaming_redraw=2.0ms(60) building.room_recompute=0.0ms(58) power.balance_recompute=0.0ms(58) chunk_manager.topology_rebuild=0.0ms(58) underground.fog_update=0.0ms(58) mountain_shadow.visual_rebuild=0.5ms(58)
[WorldPerf] FrameBudgetDispatcher.total: 2.10 ms
[WorldPerf] FrameBudgetDispatcher.total: 2.08 ms
[WorldPerf] FPS: 145.0
[CodexValidation] reached waypoint 3/6 at (241664.0, 20480.0)
[FrameBudget] streaming=0.1ms topology=0.0ms visual=0.0ms spawn=0.0ms total=0.1ms/6.0ms chunk_manager.streaming_load=0.0ms(60) chunk_manager.streaming_redraw=0.1ms(60) building.room_recompute=0.0ms(60) power.balance_recompute=0.0ms(60) chunk_manager.topology_rebuild=0.0ms(60) underground.fog_update=0.0ms(60) mountain_shadow.visual_rebuild=0.0ms(60)
[FrameBudget] streaming=0.0ms topology=0.0ms visual=0.0ms spawn=0.0ms total=0.0ms/6.0ms chunk_manager.streaming_load=0.0ms(60) chunk_manager.streaming_redraw=0.0ms(60) building.room_recompute=0.0ms(60) power.balance_recompute=0.0ms(60) chunk_manager.topology_rebuild=0.0ms(60) underground.fog_update=0.0ms(60) mountain_shadow.visual_rebuild=0.0ms(60)
[WorldPerf] === Frame Summary (300 frames) ===
[WorldPerf] Frame time: avg=6.9 ms, p99=6.9 ms, hitches=0
[WorldPerf] Frame budget: dispatcher=0.6ms streaming=0.5ms topology=0.0ms building=0.0ms power=0.0ms visual=0.2ms spawn=0.0ms total=0.7ms/6.0ms
[WorldPerf] ChunkStreaming.phase1_create (60, 5): 3.15 ms
[WorldPerf] FrameBudgetDispatcher.streaming.chunk_manager.streaming_load: 3.27 ms
[WorldPerf] FrameBudgetDispatcher.total: 3.43 ms
[WorldPerf] ChunkManager.streaming_redraw_step.terrain: 5.39 ms
[WorldPerf] FrameBudgetDispatcher.streaming.chunk_manager.streaming_redraw: 5.45 ms
[WorldPerf] Shadow.edge_cache_slice: 38.05 ms
[WorldPerf] FrameBudgetDispatcher.visual.mountain_shadow.visual_rebuild: 38.32 ms
[WorldPerf] FrameBudgetDispatcher.total: 44.35 ms
[WorldPerf] ChunkManager.streaming_redraw_step.terrain: 49.30 ms
[WorldPerf] FrameBudgetDispatcher.streaming.chunk_manager.streaming_redraw: 49.43 ms
[WorldPerf] FrameBudgetDispatcher.total: 49.55 ms
[WorldPerf] ChunkManager.streaming_redraw_step.terrain: 2.89 ms
[WorldPerf] FrameBudgetDispatcher.streaming.chunk_manager.streaming_redraw: 3.12 ms
[WorldPerf] Shadow.edge_cache_slice: 2.96 ms
[WorldPerf] FrameBudgetDispatcher.visual.mountain_shadow.visual_rebuild: 3.00 ms
[WorldPerf] FrameBudgetDispatcher.total: 6.45 ms
[WorldPerf] ChunkManager.streaming_redraw_step.terrain: 2.32 ms
[WorldPerf] FrameBudgetDispatcher.streaming.chunk_manager.streaming_redraw: 2.57 ms
[WorldPerf] Shadow.edge_cache_slice: 3.13 ms
[WorldPerf] FrameBudgetDispatcher.visual.mountain_shadow.visual_rebuild: 3.18 ms
[WorldPerf] FrameBudgetDispatcher.total: 6.20 ms
[WorldPerf] ChunkManager.streaming_redraw_step.terrain: 2.67 ms
[WorldPerf] FrameBudgetDispatcher.streaming.chunk_manager.streaming_redraw: 2.92 ms
[WorldPerf] Shadow.edge_cache_slice: 2.93 ms
[WorldPerf] FrameBudgetDispatcher.visual.mountain_shadow.visual_rebuild: 2.96 ms
[WorldPerf] FrameBudgetDispatcher.total: 6.31 ms
[WorldPerf] ChunkManager.streaming_redraw_step.terrain: 2.37 ms
[WorldPerf] FrameBudgetDispatcher.streaming.chunk_manager.streaming_redraw: 2.56 ms
[WorldPerf] Shadow.edge_cache_slice: 2.91 ms
[WorldPerf] FrameBudgetDispatcher.visual.mountain_shadow.visual_rebuild: 2.95 ms
[WorldPerf] FrameBudgetDispatcher.total: 5.96 ms
[WorldPerf] ChunkManager.streaming_redraw_step.terrain: 2.28 ms
[WorldPerf] FrameBudgetDispatcher.streaming.chunk_manager.streaming_redraw: 2.47 ms
[WorldPerf] Shadow.edge_cache_slice: 2.96 ms
[WorldPerf] FrameBudgetDispatcher.visual.mountain_shadow.visual_rebuild: 3.00 ms
[WorldPerf] FrameBudgetDispatcher.total: 5.95 ms
[WorldPerf] ChunkManager.streaming_redraw_step.terrain: 2.37 ms
[WorldPerf] FrameBudgetDispatcher.streaming.chunk_manager.streaming_redraw: 2.57 ms
[WorldPerf] Shadow.edge_cache_slice: 2.95 ms
[WorldPerf] FrameBudgetDispatcher.visual.mountain_shadow.visual_rebuild: 2.99 ms
[WorldPerf] FrameBudgetDispatcher.total: 5.94 ms
[WorldPerf] ChunkManager.streaming_redraw_step.terrain: 2.32 ms
[WorldPerf] FrameBudgetDispatcher.streaming.chunk_manager.streaming_redraw: 2.52 ms
[WorldPerf] Shadow.edge_cache_slice: 2.78 ms
[WorldPerf] FrameBudgetDispatcher.visual.mountain_shadow.visual_rebuild: 2.82 ms
[WorldPerf] FrameBudgetDispatcher.total: 5.74 ms
[WorldPerf] ChunkManager.streaming_redraw_step.terrain: 2.29 ms
[WorldPerf] FrameBudgetDispatcher.streaming.chunk_manager.streaming_redraw: 2.50 ms
[WorldPerf] Shadow.edge_cache_slice: 2.75 ms
[WorldPerf] FrameBudgetDispatcher.visual.mountain_shadow.visual_rebuild: 2.78 ms
[WorldPerf] FrameBudgetDispatcher.total: 5.63 ms
[WorldPerf] ChunkManager.streaming_redraw_step.terrain: 2.24 ms
[WorldPerf] FrameBudgetDispatcher.streaming.chunk_manager.streaming_redraw: 2.44 ms
[WorldPerf] Shadow.edge_cache_slice: 2.79 ms
[WorldPerf] FrameBudgetDispatcher.visual.mountain_shadow.visual_rebuild: 2.82 ms
[WorldPerf] FrameBudgetDispatcher.total: 5.70 ms
[WorldPerf] ChunkManager.streaming_redraw_step.terrain: 2.28 ms
[WorldPerf] FrameBudgetDispatcher.streaming.chunk_manager.streaming_redraw: 2.47 ms
[WorldPerf] Shadow.edge_cache_slice: 2.71 ms
[WorldPerf] FrameBudgetDispatcher.visual.mountain_shadow.visual_rebuild: 2.74 ms
[WorldPerf] FrameBudgetDispatcher.total: 5.52 ms
[WorldPerf] ChunkManager.streaming_redraw_step.terrain: 2.30 ms
[WorldPerf] FrameBudgetDispatcher.streaming.chunk_manager.streaming_redraw: 2.48 ms
[WorldPerf] Shadow.edge_cache_slice: 2.64 ms
[WorldPerf] FrameBudgetDispatcher.visual.mountain_shadow.visual_rebuild: 2.66 ms
[WorldPerf] FrameBudgetDispatcher.total: 5.38 ms
[WorldPerf] ChunkManager.streaming_redraw_step.terrain: 2.55 ms
[WorldPerf] FrameBudgetDispatcher.streaming.chunk_manager.streaming_redraw: 2.72 ms
[WorldPerf] Shadow.edge_cache_slice: 3.01 ms
[WorldPerf] FrameBudgetDispatcher.visual.mountain_shadow.visual_rebuild: 3.05 ms
[WorldPerf] FrameBudgetDispatcher.total: 5.96 ms
[WorldPerf] ChunkManager.streaming_redraw_step.terrain: 2.32 ms
[WorldPerf] FrameBudgetDispatcher.streaming.chunk_manager.streaming_redraw: 2.50 ms
[WorldPerf] FrameBudgetDispatcher.total: 3.36 ms
[WorldPerf] ChunkManager.streaming_redraw_step.terrain: 2.28 ms
[WorldPerf] FrameBudgetDispatcher.streaming.chunk_manager.streaming_redraw: 2.51 ms
[WorldPerf] FrameBudgetDispatcher.total: 3.33 ms
[WorldPerf] ChunkManager.streaming_redraw_step.terrain: 2.22 ms
[WorldPerf] FrameBudgetDispatcher.streaming.chunk_manager.streaming_redraw: 2.40 ms
[WorldPerf] FrameBudgetDispatcher.total: 3.44 ms
[WorldPerf] ChunkManager.streaming_redraw_step.terrain: 2.16 ms
[WorldPerf] FrameBudgetDispatcher.streaming.chunk_manager.streaming_redraw: 2.32 ms
[WorldPerf] FrameBudgetDispatcher.total: 3.01 ms
[WorldPerf] ChunkManager.streaming_redraw_step.terrain: 2.17 ms
[WorldPerf] FrameBudgetDispatcher.streaming.chunk_manager.streaming_redraw: 2.32 ms
[WorldPerf] FrameBudgetDispatcher.total: 2.45 ms
[WorldPerf] ChunkManager.streaming_redraw_step.terrain: 2.15 ms
[WorldPerf] FrameBudgetDispatcher.streaming.chunk_manager.streaming_redraw: 2.33 ms
[WorldPerf] FrameBudgetDispatcher.total: 2.45 ms
[WorldPerf] ChunkManager.streaming_redraw_step.terrain: 2.13 ms
[WorldPerf] FrameBudgetDispatcher.streaming.chunk_manager.streaming_redraw: 2.28 ms
[WorldPerf] FrameBudgetDispatcher.total: 2.44 ms
[WorldPerf] ChunkManager.streaming_redraw_step.terrain: 2.30 ms
[WorldPerf] FrameBudgetDispatcher.streaming.chunk_manager.streaming_redraw: 2.52 ms
[WorldPerf] FrameBudgetDispatcher.total: 2.70 ms
[WorldPerf] ChunkManager.streaming_redraw_step.terrain: 2.15 ms
[WorldPerf] FrameBudgetDispatcher.streaming.chunk_manager.streaming_redraw: 2.32 ms
[WorldPerf] FrameBudgetDispatcher.total: 2.44 ms
[WorldPerf] ChunkManager.streaming_redraw_step.terrain: 2.18 ms
[WorldPerf] FrameBudgetDispatcher.streaming.chunk_manager.streaming_redraw: 2.34 ms
[WorldPerf] FrameBudgetDispatcher.total: 2.56 ms
[WorldPerf] ChunkManager.streaming_redraw_step.terrain: 2.07 ms
[WorldPerf] FrameBudgetDispatcher.streaming.chunk_manager.streaming_redraw: 2.22 ms
[WorldPerf] FrameBudgetDispatcher.total: 2.39 ms
[WorldPerf] ChunkManager.streaming_redraw_step.terrain: 2.06 ms
[WorldPerf] FrameBudgetDispatcher.streaming.chunk_manager.streaming_redraw: 2.23 ms
[WorldPerf] FrameBudgetDispatcher.total: 2.46 ms
[WorldPerf] ChunkManager.streaming_redraw_step.terrain: 2.16 ms
[WorldPerf] FrameBudgetDispatcher.streaming.chunk_manager.streaming_redraw: 2.33 ms
[WorldPerf] FrameBudgetDispatcher.total: 2.52 ms
[WorldPerf] FrameBudgetDispatcher.streaming.chunk_manager.streaming_redraw: 2.06 ms
[WorldPerf] FrameBudgetDispatcher.total: 2.24 ms
[WorldPerf] FrameBudgetDispatcher.streaming.chunk_manager.streaming_redraw: 2.03 ms
[WorldPerf] FrameBudgetDispatcher.total: 2.18 ms
[WorldPerf] FrameBudgetDispatcher.total: 2.07 ms
[WorldPerf] FrameBudgetDispatcher.total: 2.05 ms
[WorldPerf] FrameBudgetDispatcher.total: 2.04 ms
[WorldPerf] ChunkManager.streaming_redraw_step.cover: 33.67 ms
[WorldPerf] FrameBudgetDispatcher.streaming.chunk_manager.streaming_redraw: 33.75 ms
[WorldPerf] FrameBudgetDispatcher.total: 33.87 ms
[FrameBudget] streaming=3.1ms topology=0.0ms visual=1.3ms spawn=0.0ms total=4.4ms/6.0ms chunk_manager.streaming_load=0.1ms(60) chunk_manager.streaming_redraw=3.0ms(60) building.room_recompute=0.0ms(58) power.balance_recompute=0.0ms(58) chunk_manager.topology_rebuild=0.0ms(58) underground.fog_update=0.0ms(58) mountain_shadow.visual_rebuild=1.3ms(58)
[WorldPerf] ChunkManager.streaming_redraw_step.cover: 2.23 ms
[WorldPerf] FrameBudgetDispatcher.streaming.chunk_manager.streaming_redraw: 2.42 ms
[WorldPerf] FrameBudgetDispatcher.total: 2.67 ms
[WorldPerf] FrameBudgetDispatcher.total: 2.02 ms
[WorldPerf] FrameBudgetDispatcher.total: 2.05 ms
[WorldPerf] FrameBudgetDispatcher.total: 2.15 ms
[WorldPerf] ChunkManager.streaming_redraw_step.cliff: 14.16 ms
[WorldPerf] FrameBudgetDispatcher.streaming.chunk_manager.streaming_redraw: 15.65 ms
[WorldPerf] FrameBudgetDispatcher.total: 15.85 ms
[WorldPerf] FrameBudgetDispatcher.total: 2.06 ms
[WorldPerf] FrameBudgetDispatcher.total: 2.06 ms
[WorldPerf] FrameBudgetDispatcher.total: 2.01 ms
[WorldPerf] FrameBudgetDispatcher.total: 2.07 ms
[WorldPerf] FrameBudgetDispatcher.total: 2.01 ms
[WorldPerf] FrameBudgetDispatcher.total: 2.00 ms
[WorldPerf] FrameBudgetDispatcher.total: 2.09 ms
[WorldPerf] FrameBudgetDispatcher.total: 2.03 ms
[WorldPerf] FrameBudgetDispatcher.total: 2.03 ms
[WorldPerf] FrameBudgetDispatcher.total: 2.08 ms
[WorldPerf] FrameBudgetDispatcher.streaming.chunk_manager.streaming_redraw: 2.01 ms
[WorldPerf] FrameBudgetDispatcher.total: 2.15 ms
[WorldPerf] FrameBudgetDispatcher.total: 2.02 ms
[WorldPerf] FrameBudgetDispatcher.total: 2.07 ms
[WorldPerf] FrameBudgetDispatcher.total: 2.11 ms
[WorldPerf] FrameBudgetDispatcher.streaming.chunk_manager.streaming_redraw: 2.00 ms
[WorldPerf] FrameBudgetDispatcher.total: 2.14 ms
[FrameBudget] streaming=1.4ms topology=0.0ms visual=0.0ms spawn=0.0ms total=1.4ms/6.0ms chunk_manager.streaming_load=0.0ms(60) chunk_manager.streaming_redraw=1.4ms(60) building.room_recompute=0.0ms(59) power.balance_recompute=0.0ms(59) chunk_manager.topology_rebuild=0.0ms(59) underground.fog_update=0.0ms(59) mountain_shadow.visual_rebuild=0.0ms(59)
[FrameBudget] streaming=0.0ms topology=0.0ms visual=0.0ms spawn=0.0ms total=0.0ms/6.0ms chunk_manager.streaming_load=0.0ms(60) chunk_manager.streaming_redraw=0.0ms(60) building.room_recompute=0.0ms(60) power.balance_recompute=0.0ms(60) chunk_manager.topology_rebuild=0.0ms(60) underground.fog_update=0.0ms(60) mountain_shadow.visual_rebuild=0.0ms(60)
[FrameBudget] streaming=0.0ms topology=0.0ms visual=0.0ms spawn=0.0ms total=0.1ms/6.0ms chunk_manager.streaming_load=0.0ms(60) chunk_manager.streaming_redraw=0.0ms(60) building.room_recompute=0.0ms(60) power.balance_recompute=0.0ms(60) chunk_manager.topology_rebuild=0.0ms(60) underground.fog_update=0.0ms(60) mountain_shadow.visual_rebuild=0.0ms(60)
[FrameBudget] streaming=0.0ms topology=0.0ms visual=0.0ms spawn=0.0ms total=0.0ms/6.0ms chunk_manager.streaming_load=0.0ms(60) chunk_manager.streaming_redraw=0.0ms(60) building.room_recompute=0.0ms(60) power.balance_recompute=0.0ms(60) chunk_manager.topology_rebuild=0.0ms(60) underground.fog_update=0.0ms(60) mountain_shadow.visual_rebuild=0.0ms(60)
[WorldPerf] === Frame Summary (300 frames) ===
[WorldPerf] Frame time: avg=7.3 ms, p99=34.4 ms, hitches=3
[WorldPerf] Frame budget: dispatcher=1.3ms streaming=0.9ms topology=0.0ms building=0.0ms power=0.0ms visual=0.7ms spawn=0.0ms total=1.6ms/6.0ms
[FrameBudget] streaming=0.0ms topology=0.0ms visual=0.0ms spawn=0.0ms total=0.0ms/6.0ms chunk_manager.streaming_load=0.0ms(60) chunk_manager.streaming_redraw=0.0ms(60) building.room_recompute=0.0ms(60) power.balance_recompute=0.0ms(60) chunk_manager.topology_rebuild=0.0ms(60) underground.fog_update=0.0ms(60) mountain_shadow.visual_rebuild=0.0ms(60)
[FrameBudget] streaming=0.0ms topology=0.0ms visual=0.0ms spawn=0.0ms total=0.0ms/6.0ms chunk_manager.streaming_load=0.0ms(60) chunk_manager.streaming_redraw=0.0ms(60) building.room_recompute=0.0ms(60) power.balance_recompute=0.0ms(60) chunk_manager.topology_rebuild=0.0ms(60) underground.fog_update=0.0ms(60) mountain_shadow.visual_rebuild=0.0ms(60)
[FrameBudget] streaming=0.0ms topology=0.0ms visual=0.0ms spawn=0.0ms total=0.0ms/6.0ms chunk_manager.streaming_load=0.0ms(60) chunk_manager.streaming_redraw=0.0ms(60) building.room_recompute=0.0ms(60) power.balance_recompute=0.0ms(60) chunk_manager.topology_rebuild=0.0ms(60) underground.fog_update=0.0ms(60) mountain_shadow.visual_rebuild=0.0ms(60)
[FrameBudget] streaming=0.1ms topology=0.0ms visual=0.0ms spawn=0.0ms total=0.1ms/6.0ms chunk_manager.streaming_load=0.1ms(60) chunk_manager.streaming_redraw=0.0ms(60) building.room_recompute=0.0ms(60) power.balance_recompute=0.0ms(60) chunk_manager.topology_rebuild=0.0ms(60) underground.fog_update=0.0ms(60) mountain_shadow.visual_rebuild=0.0ms(60)
[WorldPerf] ChunkStreaming.phase1_create (59, -2): 15.67 ms
[WorldPerf] FrameBudgetDispatcher.streaming.chunk_manager.streaming_load: 15.81 ms
[WorldPerf] FrameBudgetDispatcher.total: 15.85 ms
[WorldPerf] FrameBudgetDispatcher.total: 2.40 ms
[WorldPerf] FrameBudgetDispatcher.total: 2.18 ms
[WorldPerf] FrameBudgetDispatcher.total: 2.01 ms
[WorldPerf] FrameBudgetDispatcher.total: 2.13 ms
[WorldPerf] FrameBudgetDispatcher.total: 2.05 ms
[WorldPerf] FrameBudgetDispatcher.total: 2.04 ms
[WorldPerf] FrameBudgetDispatcher.total: 2.08 ms
[WorldPerf] FrameBudgetDispatcher.total: 2.07 ms
[WorldPerf] FrameBudgetDispatcher.total: 2.04 ms
[WorldPerf] FrameBudgetDispatcher.streaming.chunk_manager.streaming_redraw: 2.03 ms
[WorldPerf] FrameBudgetDispatcher.total: 2.33 ms
[WorldPerf] FrameBudgetDispatcher.total: 2.09 ms
[WorldPerf] FrameBudgetDispatcher.total: 2.17 ms
[WorldPerf] FrameBudgetDispatcher.total: 2.21 ms
[WorldPerf] FrameBudgetDispatcher.total: 2.22 ms
[WorldPerf] FrameBudgetDispatcher.total: 2.17 ms
[WorldPerf] FrameBudgetDispatcher.total: 2.13 ms
[CodexValidation] reached waypoint 4/6 at (241664.0, -16384.0)
[WorldPerf] FrameBudgetDispatcher.total: 2.13 ms
[WorldPerf] FrameBudgetDispatcher.total: 2.18 ms
[WorldPerf] FrameBudgetDispatcher.total: 2.14 ms
[WorldPerf] FrameBudgetDispatcher.streaming.chunk_manager.streaming_redraw: 2.39 ms
[WorldPerf] FrameBudgetDispatcher.total: 2.60 ms
[WorldPerf] ChunkManager.streaming_redraw_step.done: 2.03 ms
[WorldPerf] FrameBudgetDispatcher.streaming.chunk_manager.streaming_redraw: 2.14 ms
[WorldPerf] FrameBudgetDispatcher.total: 2.33 ms
[WorldPerf] FrameBudgetDispatcher.total: 2.14 ms
[WorldPerf] ChunkManager.streaming_redraw_step.done: 2.57 ms
[WorldPerf] FrameBudgetDispatcher.streaming.chunk_manager.streaming_redraw: 2.68 ms
[WorldPerf] FrameBudgetDispatcher.total: 2.93 ms
[WorldPerf] FPS: 145.0
[WorldPerf] ChunkManager.streaming_redraw_step.done: 2.31 ms
[WorldPerf] FrameBudgetDispatcher.streaming.chunk_manager.streaming_redraw: 2.39 ms
[WorldPerf] FrameBudgetDispatcher.total: 2.61 ms
[WorldPerf] ChunkManager.streaming_redraw_step.done: 2.69 ms
[WorldPerf] FrameBudgetDispatcher.streaming.chunk_manager.streaming_redraw: 2.85 ms
[WorldPerf] FrameBudgetDispatcher.total: 3.16 ms
[WorldPerf] ChunkManager.streaming_redraw_step.done: 3.27 ms
[WorldPerf] FrameBudgetDispatcher.streaming.chunk_manager.streaming_redraw: 3.40 ms
[WorldPerf] FrameBudgetDispatcher.total: 3.65 ms
[WorldPerf] ChunkManager.streaming_redraw_step.done: 3.04 ms
[WorldPerf] FrameBudgetDispatcher.streaming.chunk_manager.streaming_redraw: 3.17 ms
[WorldPerf] FrameBudgetDispatcher.total: 3.46 ms
[WorldPerf] ChunkManager.streaming_redraw_step.done: 3.50 ms
[WorldPerf] FrameBudgetDispatcher.streaming.chunk_manager.streaming_redraw: 3.61 ms
[WorldPerf] FrameBudgetDispatcher.total: 3.85 ms
[WorldPerf] ChunkManager.streaming_redraw_step.done: 2.59 ms
[WorldPerf] FrameBudgetDispatcher.streaming.chunk_manager.streaming_redraw: 2.70 ms
[WorldPerf] FrameBudgetDispatcher.total: 2.94 ms
[FrameBudget] streaming=1.6ms topology=0.0ms visual=0.0ms spawn=0.0ms total=1.7ms/6.0ms chunk_manager.streaming_load=0.3ms(60) chunk_manager.streaming_redraw=1.3ms(59) building.room_recompute=0.0ms(59) power.balance_recompute=0.0ms(59) chunk_manager.topology_rebuild=0.0ms(59) underground.fog_update=0.0ms(59) mountain_shadow.visual_rebuild=0.0ms(59)
[WorldPerf] === Frame Summary (300 frames) ===
[WorldPerf] Frame time: avg=6.9 ms, p99=6.9 ms, hitches=0
[WorldPerf] Frame budget: dispatcher=0.5ms streaming=0.4ms topology=0.0ms building=0.0ms power=0.0ms visual=0.0ms spawn=0.0ms total=0.4ms/6.0ms
[WorldPerf] ChunkManager.streaming_redraw_step.done: 2.86 ms
[WorldPerf] FrameBudgetDispatcher.streaming.chunk_manager.streaming_redraw: 2.97 ms
[WorldPerf] FrameBudgetDispatcher.total: 3.19 ms
[WorldPerf] ChunkManager.streaming_redraw_step.done: 2.62 ms
[WorldPerf] FrameBudgetDispatcher.streaming.chunk_manager.streaming_redraw: 2.73 ms
[WorldPerf] FrameBudgetDispatcher.total: 2.99 ms
[WorldPerf] ChunkManager.streaming_redraw_step.done: 3.13 ms
[WorldPerf] FrameBudgetDispatcher.streaming.chunk_manager.streaming_redraw: 3.26 ms
[WorldPerf] FrameBudgetDispatcher.total: 3.52 ms
[WorldPerf] ChunkManager.streaming_redraw_step.done: 3.23 ms
[WorldPerf] FrameBudgetDispatcher.streaming.chunk_manager.streaming_redraw: 3.37 ms
[WorldPerf] FrameBudgetDispatcher.total: 3.60 ms
[WorldPerf] ChunkManager.streaming_redraw_step.done: 3.33 ms
[WorldPerf] FrameBudgetDispatcher.streaming.chunk_manager.streaming_redraw: 3.47 ms
[WorldPerf] FrameBudgetDispatcher.total: 3.72 ms
[WorldPerf] ChunkManager.streaming_redraw_step.done: 3.66 ms
[WorldPerf] FrameBudgetDispatcher.streaming.chunk_manager.streaming_redraw: 3.79 ms
[WorldPerf] FrameBudgetDispatcher.total: 4.07 ms
[WorldPerf] ChunkManager.streaming_redraw_step.done: 3.10 ms
[WorldPerf] FrameBudgetDispatcher.streaming.chunk_manager.streaming_redraw: 3.24 ms
[WorldPerf] FrameBudgetDispatcher.total: 3.50 ms
[WorldPerf] ChunkManager.streaming_redraw_step.done: 3.24 ms
[WorldPerf] FrameBudgetDispatcher.streaming.chunk_manager.streaming_redraw: 3.38 ms
[WorldPerf] FrameBudgetDispatcher.total: 3.64 ms
[WorldPerf] ChunkManager.streaming_redraw_step.done: 3.29 ms
[WorldPerf] FrameBudgetDispatcher.streaming.chunk_manager.streaming_redraw: 3.43 ms
[WorldPerf] FrameBudgetDispatcher.total: 3.70 ms
[WorldPerf] ChunkManager.streaming_redraw_step.done: 3.93 ms
[WorldPerf] FrameBudgetDispatcher.streaming.chunk_manager.streaming_redraw: 4.06 ms
[WorldPerf] FrameBudgetDispatcher.total: 4.32 ms
[WorldPerf] ChunkManager.streaming_redraw_step.done: 2.80 ms
[WorldPerf] FrameBudgetDispatcher.streaming.chunk_manager.streaming_redraw: 2.93 ms
[WorldPerf] FrameBudgetDispatcher.total: 3.14 ms
[WorldPerf] ChunkManager.streaming_redraw_step.done: 3.36 ms
[WorldPerf] FrameBudgetDispatcher.streaming.chunk_manager.streaming_redraw: 3.49 ms
[WorldPerf] FrameBudgetDispatcher.total: 3.78 ms
[WorldPerf] ChunkManager.streaming_redraw_step.done: 2.73 ms
[WorldPerf] FrameBudgetDispatcher.streaming.chunk_manager.streaming_redraw: 2.85 ms
[WorldPerf] FrameBudgetDispatcher.total: 3.06 ms
[WorldPerf] ChunkManager.streaming_redraw_step.done: 3.61 ms
[WorldPerf] FrameBudgetDispatcher.streaming.chunk_manager.streaming_redraw: 3.73 ms
[WorldPerf] FrameBudgetDispatcher.total: 3.98 ms
[WorldPerf] ChunkManager.streaming_redraw_step.done: 3.47 ms
[WorldPerf] FrameBudgetDispatcher.streaming.chunk_manager.streaming_redraw: 3.63 ms
[WorldPerf] FrameBudgetDispatcher.total: 3.90 ms
[WorldPerf] ChunkManager.streaming_redraw_step.done: 3.38 ms
[WorldPerf] FrameBudgetDispatcher.streaming.chunk_manager.streaming_redraw: 3.49 ms
[WorldPerf] FrameBudgetDispatcher.total: 3.73 ms
[WorldPerf] ChunkManager.streaming_redraw_step.done: 2.67 ms
[WorldPerf] FrameBudgetDispatcher.streaming.chunk_manager.streaming_redraw: 2.77 ms
[WorldPerf] FrameBudgetDispatcher.total: 3.02 ms
[WorldPerf] ChunkManager.streaming_redraw_step.done: 3.19 ms
[WorldPerf] FrameBudgetDispatcher.streaming.chunk_manager.streaming_redraw: 3.30 ms
[WorldPerf] FrameBudgetDispatcher.total: 3.60 ms
[WorldPerf] FrameBudgetDispatcher.total: 2.02 ms
[WorldPerf] ChunkManager.streaming_redraw_step.done: 3.38 ms
[WorldPerf] FrameBudgetDispatcher.streaming.chunk_manager.streaming_redraw: 3.48 ms
[WorldPerf] FrameBudgetDispatcher.total: 3.71 ms
[WorldPerf] ChunkManager.streaming_redraw_step.done: 3.38 ms
[WorldPerf] FrameBudgetDispatcher.streaming.chunk_manager.streaming_redraw: 3.48 ms
[WorldPerf] FrameBudgetDispatcher.total: 3.67 ms
[WorldPerf] ChunkManager.streaming_redraw_step.done: 2.87 ms
[WorldPerf] FrameBudgetDispatcher.streaming.chunk_manager.streaming_redraw: 2.98 ms
[WorldPerf] FrameBudgetDispatcher.total: 3.21 ms
[WorldPerf] ChunkManager.streaming_redraw_step.done: 3.55 ms
[WorldPerf] FrameBudgetDispatcher.streaming.chunk_manager.streaming_redraw: 3.66 ms
[WorldPerf] FrameBudgetDispatcher.total: 3.90 ms
[WorldPerf] ChunkManager.streaming_redraw_step.done: 2.93 ms
[WorldPerf] FrameBudgetDispatcher.streaming.chunk_manager.streaming_redraw: 3.03 ms
[WorldPerf] FrameBudgetDispatcher.total: 3.25 ms
[WorldPerf] ChunkManager.streaming_redraw_step.done: 2.61 ms
[WorldPerf] FrameBudgetDispatcher.streaming.chunk_manager.streaming_redraw: 2.73 ms
[WorldPerf] FrameBudgetDispatcher.total: 2.94 ms
[WorldPerf] ChunkManager.streaming_redraw_step.done: 3.23 ms
[WorldPerf] FrameBudgetDispatcher.streaming.chunk_manager.streaming_redraw: 3.34 ms
[WorldPerf] FrameBudgetDispatcher.total: 3.59 ms
[WorldPerf] FrameBudgetDispatcher.total: 2.01 ms
[WorldPerf] FrameBudgetDispatcher.total: 2.14 ms
[WorldPerf] FrameBudgetDispatcher.total: 2.04 ms
[WorldPerf] ChunkManager.streaming_redraw_step.done: 3.44 ms
[WorldPerf] FrameBudgetDispatcher.streaming.chunk_manager.streaming_redraw: 3.55 ms
[WorldPerf] FrameBudgetDispatcher.total: 4.00 ms
[WorldPerf] ChunkManager.streaming_redraw_step.done: 3.38 ms
[WorldPerf] FrameBudgetDispatcher.streaming.chunk_manager.streaming_redraw: 3.48 ms
[WorldPerf] FrameBudgetDispatcher.total: 3.71 ms
[WorldPerf] ChunkManager.streaming_redraw_step.done: 3.44 ms
[WorldPerf] FrameBudgetDispatcher.streaming.chunk_manager.streaming_redraw: 3.57 ms
[WorldPerf] FrameBudgetDispatcher.total: 3.79 ms
[WorldPerf] ChunkManager.streaming_redraw_step.done: 3.24 ms
[WorldPerf] FrameBudgetDispatcher.streaming.chunk_manager.streaming_redraw: 3.37 ms
[WorldPerf] FrameBudgetDispatcher.total: 3.62 ms
[WorldPerf] ChunkManager.streaming_redraw_step.done: 3.64 ms
[WorldPerf] FrameBudgetDispatcher.streaming.chunk_manager.streaming_redraw: 3.75 ms
[WorldPerf] FrameBudgetDispatcher.total: 3.97 ms
[WorldPerf] ChunkManager.streaming_redraw_step.done: 2.41 ms
[WorldPerf] FrameBudgetDispatcher.streaming.chunk_manager.streaming_redraw: 2.51 ms
[WorldPerf] FrameBudgetDispatcher.total: 2.71 ms
[WorldPerf] FrameBudgetDispatcher.total: 2.04 ms
[WorldPerf] ChunkManager.streaming_redraw_step.done: 3.86 ms
[WorldPerf] FrameBudgetDispatcher.streaming.chunk_manager.streaming_redraw: 4.15 ms
[WorldPerf] FrameBudgetDispatcher.total: 4.34 ms
[WorldPerf] FrameBudgetDispatcher.total: 2.04 ms
[WorldPerf] ChunkManager.streaming_redraw_step.done: 3.34 ms
[WorldPerf] FrameBudgetDispatcher.streaming.chunk_manager.streaming_redraw: 3.46 ms
[WorldPerf] FrameBudgetDispatcher.total: 3.71 ms
[WorldPerf] ChunkManager.streaming_redraw_step.done: 3.16 ms
[WorldPerf] FrameBudgetDispatcher.streaming.chunk_manager.streaming_redraw: 3.26 ms
[WorldPerf] FrameBudgetDispatcher.total: 3.50 ms
[WorldPerf] ChunkManager.streaming_redraw_step.done: 3.24 ms
[WorldPerf] FrameBudgetDispatcher.streaming.chunk_manager.streaming_redraw: 3.38 ms
[WorldPerf] FrameBudgetDispatcher.total: 3.63 ms
[WorldPerf] ChunkManager.streaming_redraw_step.done: 3.38 ms
[WorldPerf] FrameBudgetDispatcher.streaming.chunk_manager.streaming_redraw: 3.48 ms
[WorldPerf] FrameBudgetDispatcher.total: 3.69 ms
[FrameBudget] streaming=2.7ms topology=0.0ms visual=0.0ms spawn=0.0ms total=2.8ms/6.0ms chunk_manager.streaming_load=0.1ms(60) chunk_manager.streaming_redraw=2.7ms(60) building.room_recompute=0.0ms(60) power.balance_recompute=0.0ms(60) chunk_manager.topology_rebuild=0.0ms(60) underground.fog_update=0.0ms(60) mountain_shadow.visual_rebuild=0.0ms(60)
[WorldPerf] ChunkManager.streaming_redraw_step.done: 3.51 ms
[WorldPerf] FrameBudgetDispatcher.streaming.chunk_manager.streaming_redraw: 3.61 ms
[WorldPerf] FrameBudgetDispatcher.total: 3.82 ms
[WorldPerf] ChunkManager.streaming_redraw_step.done: 2.32 ms
[WorldPerf] FrameBudgetDispatcher.streaming.chunk_manager.streaming_redraw: 2.42 ms
[WorldPerf] FrameBudgetDispatcher.total: 2.72 ms
[WorldPerf] ChunkManager.streaming_redraw_step.done: 3.11 ms
[WorldPerf] FrameBudgetDispatcher.streaming.chunk_manager.streaming_redraw: 3.21 ms
[WorldPerf] FrameBudgetDispatcher.total: 3.44 ms
[WorldPerf] ChunkManager.streaming_redraw_step.done: 3.28 ms
[WorldPerf] FrameBudgetDispatcher.streaming.chunk_manager.streaming_redraw: 3.37 ms
[WorldPerf] FrameBudgetDispatcher.total: 3.57 ms
[WorldPerf] ChunkManager.streaming_redraw_step.done: 3.37 ms
[WorldPerf] FrameBudgetDispatcher.streaming.chunk_manager.streaming_redraw: 3.46 ms
[WorldPerf] FrameBudgetDispatcher.total: 3.69 ms
[WorldPerf] ChunkManager.streaming_redraw_step.done: 3.27 ms
[WorldPerf] FrameBudgetDispatcher.streaming.chunk_manager.streaming_redraw: 3.34 ms
[WorldPerf] FrameBudgetDispatcher.total: 3.55 ms
[WorldPerf] ChunkManager.streaming_redraw_step.done: 2.47 ms
[WorldPerf] FrameBudgetDispatcher.streaming.chunk_manager.streaming_redraw: 2.58 ms
[WorldPerf] FrameBudgetDispatcher.total: 2.81 ms
[WorldPerf] ChunkManager.streaming_redraw_step.done: 3.33 ms
[WorldPerf] FrameBudgetDispatcher.streaming.chunk_manager.streaming_redraw: 3.44 ms
[WorldPerf] FrameBudgetDispatcher.total: 3.68 ms
[WorldPerf] ChunkManager.streaming_redraw_step.done: 3.24 ms
[WorldPerf] FrameBudgetDispatcher.streaming.chunk_manager.streaming_redraw: 3.34 ms
[WorldPerf] FrameBudgetDispatcher.total: 3.56 ms
[WorldPerf] ChunkManager.streaming_redraw_step.done: 2.82 ms
[WorldPerf] FrameBudgetDispatcher.streaming.chunk_manager.streaming_redraw: 2.91 ms
[WorldPerf] FrameBudgetDispatcher.total: 3.10 ms
[WorldPerf] ChunkManager.streaming_redraw_step.done: 3.22 ms
[WorldPerf] FrameBudgetDispatcher.streaming.chunk_manager.streaming_redraw: 3.32 ms
[WorldPerf] FrameBudgetDispatcher.total: 3.62 ms
[FrameBudget] streaming=1.7ms topology=0.0ms visual=0.0ms spawn=0.0ms total=1.7ms/6.0ms chunk_manager.streaming_load=0.0ms(60) chunk_manager.streaming_redraw=1.6ms(60) building.room_recompute=0.0ms(60) power.balance_recompute=0.0ms(60) chunk_manager.topology_rebuild=0.0ms(60) underground.fog_update=0.0ms(60) mountain_shadow.visual_rebuild=0.0ms(60)
[FrameBudget] streaming=0.0ms topology=0.0ms visual=0.0ms spawn=0.0ms total=0.1ms/6.0ms chunk_manager.streaming_load=0.0ms(60) chunk_manager.streaming_redraw=0.0ms(60) building.room_recompute=0.0ms(60) power.balance_recompute=0.0ms(60) chunk_manager.topology_rebuild=0.0ms(60) underground.fog_update=0.0ms(60) mountain_shadow.visual_rebuild=0.0ms(60)
[WorldPerf] ChunkStreaming.phase1_create (59, -4): 5.46 ms
[WorldPerf] FrameBudgetDispatcher.streaming.chunk_manager.streaming_load: 5.58 ms
[WorldPerf] FrameBudgetDispatcher.total: 5.79 ms
[WorldPerf] FrameBudgetDispatcher.total: 2.36 ms
[WorldPerf] FrameBudgetDispatcher.total: 2.08 ms
[WorldPerf] FrameBudgetDispatcher.total: 2.08 ms
[WorldPerf] FrameBudgetDispatcher.total: 2.06 ms
[WorldPerf] FrameBudgetDispatcher.total: 2.06 ms
[WorldPerf] FrameBudgetDispatcher.total: 2.11 ms
[WorldPerf] FrameBudgetDispatcher.total: 2.10 ms
[WorldPerf] FrameBudgetDispatcher.total: 2.07 ms
[WorldPerf] FrameBudgetDispatcher.total: 2.08 ms
[WorldPerf] FrameBudgetDispatcher.total: 2.09 ms
[WorldPerf] FrameBudgetDispatcher.total: 2.07 ms
[WorldPerf] FrameBudgetDispatcher.total: 2.07 ms
[WorldPerf] FrameBudgetDispatcher.total: 2.07 ms
[WorldPerf] FrameBudgetDispatcher.total: 2.13 ms
[WorldPerf] FrameBudgetDispatcher.total: 2.06 ms
[WorldPerf] FrameBudgetDispatcher.total: 2.13 ms
[WorldPerf] FrameBudgetDispatcher.total: 2.05 ms
[WorldPerf] FrameBudgetDispatcher.total: 2.02 ms
[WorldPerf] FrameBudgetDispatcher.total: 2.04 ms
[WorldPerf] FrameBudgetDispatcher.total: 2.02 ms
[WorldPerf] FrameBudgetDispatcher.total: 2.03 ms
[WorldPerf] FrameBudgetDispatcher.total: 2.06 ms
[WorldPerf] FrameBudgetDispatcher.total: 2.02 ms
[WorldPerf] FrameBudgetDispatcher.total: 2.08 ms
[WorldPerf] FrameBudgetDispatcher.total: 2.07 ms
[WorldPerf] FrameBudgetDispatcher.total: 2.06 ms
[FrameBudget] streaming=1.2ms topology=0.0ms visual=0.0ms spawn=0.0ms total=1.3ms/6.0ms chunk_manager.streaming_load=0.1ms(60) chunk_manager.streaming_redraw=1.1ms(60) building.room_recompute=0.0ms(60) power.balance_recompute=0.0ms(60) chunk_manager.topology_rebuild=0.0ms(60) underground.fog_update=0.0ms(60) mountain_shadow.visual_rebuild=0.0ms(60)
[FrameBudget] streaming=0.0ms topology=0.0ms visual=0.0ms spawn=0.0ms total=0.1ms/6.0ms chunk_manager.streaming_load=0.0ms(60) chunk_manager.streaming_redraw=0.0ms(60) building.room_recompute=0.0ms(60) power.balance_recompute=0.0ms(60) chunk_manager.topology_rebuild=0.0ms(60) underground.fog_update=0.0ms(60) mountain_shadow.visual_rebuild=0.0ms(60)
[WorldPerf] === Frame Summary (300 frames) ===
[WorldPerf] Frame time: avg=6.9 ms, p99=6.9 ms, hitches=0
[WorldPerf] Frame budget: dispatcher=1.3ms streaming=1.1ms topology=0.0ms building=0.0ms power=0.0ms visual=0.0ms spawn=0.0ms total=1.2ms/6.0ms
[FrameBudget] streaming=0.0ms topology=0.0ms visual=0.0ms spawn=0.0ms total=0.1ms/6.0ms chunk_manager.streaming_load=0.0ms(60) chunk_manager.streaming_redraw=0.0ms(60) building.room_recompute=0.0ms(60) power.balance_recompute=0.0ms(60) chunk_manager.topology_rebuild=0.0ms(60) underground.fog_update=0.0ms(60) mountain_shadow.visual_rebuild=0.0ms(60)
[CodexValidation] reached waypoint 5/6 at (0.0, -16384.0)
[FrameBudget] streaming=0.0ms topology=0.0ms visual=0.0ms spawn=0.0ms total=0.1ms/6.0ms chunk_manager.streaming_load=0.0ms(60) chunk_manager.streaming_redraw=0.0ms(60) building.room_recompute=0.0ms(60) power.balance_recompute=0.0ms(60) chunk_manager.topology_rebuild=0.0ms(60) underground.fog_update=0.0ms(60) mountain_shadow.visual_rebuild=0.0ms(60)
[FrameBudget] streaming=0.0ms topology=0.0ms visual=0.0ms spawn=0.0ms total=0.1ms/6.0ms chunk_manager.streaming_load=0.0ms(60) chunk_manager.streaming_redraw=0.0ms(60) building.room_recompute=0.0ms(60) power.balance_recompute=0.0ms(60) chunk_manager.topology_rebuild=0.0ms(60) underground.fog_update=0.0ms(60) mountain_shadow.visual_rebuild=0.0ms(60)
[FrameBudget] streaming=0.0ms topology=0.0ms visual=0.0ms spawn=0.0ms total=0.1ms/6.0ms chunk_manager.streaming_load=0.0ms(60) chunk_manager.streaming_redraw=0.0ms(60) building.room_recompute=0.0ms(60) power.balance_recompute=0.0ms(60) chunk_manager.topology_rebuild=0.0ms(60) underground.fog_update=0.0ms(60) mountain_shadow.visual_rebuild=0.0ms(60)
[WorldPerf] ChunkStreaming.phase1_create (0, -4): 3.39 ms
[WorldPerf] FrameBudgetDispatcher.streaming.chunk_manager.streaming_load: 3.51 ms
[WorldPerf] FrameBudgetDispatcher.total: 3.70 ms
[WorldPerf] FrameBudgetDispatcher.total: 2.32 ms
[WorldPerf] FrameBudgetDispatcher.total: 2.02 ms
[WorldPerf] FrameBudgetDispatcher.total: 2.03 ms
[WorldPerf] FrameBudgetDispatcher.total: 2.07 ms
[WorldPerf] FrameBudgetDispatcher.total: 2.04 ms
[WorldPerf] FrameBudgetDispatcher.total: 2.09 ms
[WorldPerf] FrameBudgetDispatcher.total: 2.08 ms
[WorldPerf] FrameBudgetDispatcher.total: 2.08 ms
[WorldPerf] FrameBudgetDispatcher.total: 2.05 ms
[WorldPerf] FrameBudgetDispatcher.total: 2.05 ms
[WorldPerf] FrameBudgetDispatcher.total: 2.06 ms
[WorldPerf] FrameBudgetDispatcher.total: 2.05 ms
[WorldPerf] FrameBudgetDispatcher.total: 2.03 ms
[WorldPerf] FrameBudgetDispatcher.total: 2.05 ms
[WorldPerf] FrameBudgetDispatcher.total: 2.09 ms
[WorldPerf] FrameBudgetDispatcher.total: 2.08 ms
[WorldPerf] FrameBudgetDispatcher.total: 2.09 ms
[WorldPerf] FrameBudgetDispatcher.total: 2.08 ms
[FrameBudget] streaming=0.7ms topology=0.0ms visual=0.0ms spawn=0.0ms total=0.7ms/6.0ms chunk_manager.streaming_load=0.1ms(60) chunk_manager.streaming_redraw=0.6ms(60) building.room_recompute=0.0ms(60) power.balance_recompute=0.0ms(60) chunk_manager.topology_rebuild=0.0ms(60) underground.fog_update=0.0ms(60) mountain_shadow.visual_rebuild=0.0ms(60)
[WorldPerf] === Frame Summary (300 frames) ===
[WorldPerf] Frame time: avg=6.9 ms, p99=6.9 ms, hitches=0
[WorldPerf] Frame budget: dispatcher=0.2ms streaming=0.2ms topology=0.0ms building=0.0ms power=0.0ms visual=0.0ms spawn=0.0ms total=0.2ms/6.0ms
[FrameBudget] streaming=0.0ms topology=0.0ms visual=0.0ms spawn=0.0ms total=0.1ms/6.0ms chunk_manager.streaming_load=0.0ms(60) chunk_manager.streaming_redraw=0.0ms(60) building.room_recompute=0.0ms(60) power.balance_recompute=0.0ms(60) chunk_manager.topology_rebuild=0.0ms(60) underground.fog_update=0.0ms(60) mountain_shadow.visual_rebuild=0.0ms(60)
[CodexValidation] reached waypoint 6/6 at (0.0, 0.0)
[WorldPerf] FPS: 145.0
[FrameBudget] streaming=0.0ms topology=0.0ms visual=0.0ms spawn=0.0ms total=0.1ms/6.0ms chunk_manager.streaming_load=0.0ms(60) chunk_manager.streaming_redraw=0.0ms(60) building.room_recompute=0.0ms(60) power.balance_recompute=0.0ms(60) chunk_manager.topology_rebuild=0.0ms(60) underground.fog_update=0.0ms(60) mountain_shadow.visual_rebuild=0.0ms(60)
[CodexValidation] route complete; draining background work
[WorldPerf] ChunkStreaming.phase1_create (0, -2): 16.91 ms
[WorldPerf] FrameBudgetDispatcher.streaming.chunk_manager.streaming_load: 17.03 ms
[WorldPerf] FrameBudgetDispatcher.total: 17.17 ms
[WorldPerf] FrameBudgetDispatcher.total: 2.33 ms
[WorldPerf] FrameBudgetDispatcher.total: 2.03 ms
[WorldPerf] FrameBudgetDispatcher.total: 2.00 ms
[WorldPerf] FrameBudgetDispatcher.total: 2.09 ms
[WorldPerf] FrameBudgetDispatcher.total: 2.04 ms
[WorldPerf] FrameBudgetDispatcher.total: 2.01 ms
[WorldPerf] FrameBudgetDispatcher.total: 2.00 ms
[WorldPerf] FrameBudgetDispatcher.total: 2.09 ms
[WorldPerf] FrameBudgetDispatcher.total: 2.07 ms
[WorldPerf] FrameBudgetDispatcher.total: 2.05 ms
[WorldPerf] FrameBudgetDispatcher.total: 2.08 ms
[WorldPerf] FrameBudgetDispatcher.total: 2.07 ms
[FrameBudget] streaming=0.7ms topology=0.0ms visual=0.0ms spawn=0.0ms total=0.8ms/6.0ms chunk_manager.streaming_load=0.3ms(60) chunk_manager.streaming_redraw=0.4ms(59) building.room_recompute=0.0ms(59) power.balance_recompute=0.0ms(59) chunk_manager.topology_rebuild=0.0ms(59) underground.fog_update=0.0ms(59) mountain_shadow.visual_rebuild=0.0ms(59)
[WorldPerf] FrameBudgetDispatcher.total: 2.05 ms
[WorldPerf] FrameBudgetDispatcher.total: 2.08 ms
[WorldPerf] FrameBudgetDispatcher.streaming.chunk_manager.streaming_redraw: 2.14 ms
[WorldPerf] FrameBudgetDispatcher.total: 2.26 ms
[WorldPerf] ChunkManager.streaming_redraw_step.done: 2.98 ms
[WorldPerf] FrameBudgetDispatcher.streaming.chunk_manager.streaming_redraw: 3.08 ms
[WorldPerf] FrameBudgetDispatcher.total: 3.27 ms
[WorldPerf] ChunkManager.streaming_redraw_step.done: 2.35 ms
[WorldPerf] FrameBudgetDispatcher.streaming.chunk_manager.streaming_redraw: 2.44 ms
[WorldPerf] FrameBudgetDispatcher.total: 2.61 ms
[WorldPerf] FrameBudgetDispatcher.total: 2.01 ms
[WorldPerf] FrameBudgetDispatcher.total: 2.12 ms
[WorldPerf] FrameBudgetDispatcher.total: 2.02 ms
[WorldPerf] ChunkManager.streaming_redraw_step.done: 2.07 ms
[WorldPerf] FrameBudgetDispatcher.streaming.chunk_manager.streaming_redraw: 2.14 ms
[WorldPerf] FrameBudgetDispatcher.total: 2.41 ms
[WorldPerf] FrameBudgetDispatcher.total: 2.05 ms
[WorldPerf] ChunkManager.streaming_redraw_step.done: 3.07 ms
[WorldPerf] FrameBudgetDispatcher.streaming.chunk_manager.streaming_redraw: 3.15 ms
[WorldPerf] FrameBudgetDispatcher.total: 3.42 ms
[FrameBudget] streaming=1.9ms topology=0.0ms visual=0.0ms spawn=0.0ms total=1.9ms/6.0ms chunk_manager.streaming_load=0.0ms(60) chunk_manager.streaming_redraw=1.8ms(60) building.room_recompute=0.0ms(60) power.balance_recompute=0.0ms(60) chunk_manager.topology_rebuild=0.0ms(60) underground.fog_update=0.0ms(60) mountain_shadow.visual_rebuild=0.0ms(60)
[WorldPerf] FrameBudgetDispatcher.total: 2.04 ms
[WorldPerf] ChunkManager.streaming_redraw_step.done: 3.87 ms
[WorldPerf] FrameBudgetDispatcher.streaming.chunk_manager.streaming_redraw: 3.96 ms
[WorldPerf] FrameBudgetDispatcher.total: 4.18 ms
[WorldPerf] ChunkManager.streaming_redraw_step.done: 2.10 ms
[WorldPerf] FrameBudgetDispatcher.streaming.chunk_manager.streaming_redraw: 2.20 ms
[WorldPerf] FrameBudgetDispatcher.total: 2.35 ms
[WorldPerf] ChunkManager.streaming_redraw_step.done: 2.02 ms
[WorldPerf] FrameBudgetDispatcher.streaming.chunk_manager.streaming_redraw: 2.09 ms
[WorldPerf] FrameBudgetDispatcher.total: 2.32 ms
[WorldPerf] FrameBudgetDispatcher.total: 2.02 ms
[FrameBudget] streaming=1.8ms topology=0.0ms visual=0.0ms spawn=0.0ms total=1.8ms/6.0ms chunk_manager.streaming_load=0.0ms(60) chunk_manager.streaming_redraw=1.8ms(60) building.room_recompute=0.0ms(60) power.balance_recompute=0.0ms(60) chunk_manager.topology_rebuild=0.0ms(60) underground.fog_update=0.0ms(60) mountain_shadow.visual_rebuild=0.0ms(60)
[WorldPerf] === Frame Summary (300 frames) ===
[WorldPerf] Frame time: avg=6.9 ms, p99=6.9 ms, hitches=0
[WorldPerf] Frame budget: dispatcher=1.0ms streaming=0.9ms topology=0.0ms building=0.0ms power=0.0ms visual=0.0ms spawn=0.0ms total=0.9ms/6.0ms
[WorldPerf] FrameBudgetDispatcher.total: 2.02 ms
[CodexValidation] waiting for world catch-up
[CodexValidation] catch-up status: streaming_idle=false load_queue=23 redraw=1 staged_chunk=no staged_data=0 gen_task_id=3060 topology_ready=false native_topology=false native_dirty=false dirty=true build_in_progress=false
[WorldPerf] ChunkManager.streaming_redraw_step.done: 3.68 ms
[WorldPerf] FrameBudgetDispatcher.streaming.chunk_manager.streaming_redraw: 3.79 ms
[WorldPerf] FrameBudgetDispatcher.total: 3.98 ms
[WorldPerf] ChunkStreaming.phase1_create (0, 0): 16.59 ms
[WorldPerf] FrameBudgetDispatcher.streaming.chunk_manager.streaming_load: 16.72 ms
[WorldPerf] FrameBudgetDispatcher.total: 16.85 ms
[WorldPerf] FrameBudgetDispatcher.total: 2.37 ms
[WorldPerf] FrameBudgetDispatcher.total: 2.03 ms
[WorldPerf] FrameBudgetDispatcher.total: 2.02 ms
[WorldPerf] FrameBudgetDispatcher.total: 2.07 ms
[FrameBudget] streaming=0.8ms topology=0.0ms visual=0.0ms spawn=0.0ms total=0.8ms/6.0ms chunk_manager.streaming_load=0.3ms(60) chunk_manager.streaming_redraw=0.5ms(59) building.room_recompute=0.0ms(59) power.balance_recompute=0.0ms(59) chunk_manager.topology_rebuild=0.0ms(59) underground.fog_update=0.0ms(59) mountain_shadow.visual_rebuild=0.0ms(59)
[WorldPerf] FrameBudgetDispatcher.total: 2.03 ms
[WorldPerf] FrameBudgetDispatcher.total: 2.02 ms
[WorldPerf] FrameBudgetDispatcher.total: 2.06 ms
[CodexValidation] catch-up status: streaming_idle=false load_queue=22 redraw=1 staged_chunk=no staged_data=0 gen_task_id=3217 topology_ready=false native_topology=false native_dirty=false dirty=true build_in_progress=false
[WorldPerf] FrameBudgetDispatcher.total: 2.05 ms
[WorldPerf] FrameBudgetDispatcher.total: 2.08 ms
[WorldPerf] FrameBudgetDispatcher.total: 2.06 ms
[WorldPerf] FrameBudgetDispatcher.total: 2.06 ms
[WorldPerf] FrameBudgetDispatcher.total: 2.09 ms
[WorldPerf] FrameBudgetDispatcher.total: 2.05 ms
[WorldPerf] FrameBudgetDispatcher.total: 2.05 ms
[WorldPerf] FrameBudgetDispatcher.streaming.chunk_manager.streaming_redraw: 3.09 ms
[WorldPerf] FrameBudgetDispatcher.total: 3.23 ms
[WorldPerf] ChunkManager.streaming_redraw_step.done: 3.16 ms
[WorldPerf] FrameBudgetDispatcher.streaming.chunk_manager.streaming_redraw: 3.24 ms
[WorldPerf] FrameBudgetDispatcher.total: 3.54 ms
[WorldPerf] ChunkManager.streaming_redraw_step.done: 2.16 ms
[WorldPerf] FrameBudgetDispatcher.streaming.chunk_manager.streaming_redraw: 2.25 ms
[WorldPerf] FrameBudgetDispatcher.total: 2.51 ms
[FrameBudget] streaming=1.7ms topology=0.0ms visual=0.0ms spawn=0.0ms total=1.7ms/6.0ms chunk_manager.streaming_load=0.0ms(60) chunk_manager.streaming_redraw=1.7ms(60) building.room_recompute=0.0ms(60) power.balance_recompute=0.0ms(60) chunk_manager.topology_rebuild=0.0ms(60) underground.fog_update=0.0ms(60) mountain_shadow.visual_rebuild=0.0ms(60)
[WorldPerf] ChunkManager.streaming_redraw_step.done: 2.93 ms
[WorldPerf] FrameBudgetDispatcher.streaming.chunk_manager.streaming_redraw: 3.05 ms
[WorldPerf] FrameBudgetDispatcher.total: 3.26 ms
[CodexValidation] catch-up status: streaming_idle=false load_queue=22 redraw=1 staged_chunk=no staged_data=0 gen_task_id=3217 topology_ready=false native_topology=false native_dirty=false dirty=true build_in_progress=false
[WorldPerf] ChunkManager.streaming_redraw_step.done: 3.32 ms
[WorldPerf] FrameBudgetDispatcher.streaming.chunk_manager.streaming_redraw: 3.44 ms
[WorldPerf] FrameBudgetDispatcher.total: 3.72 ms
[WorldPerf] ChunkManager.streaming_redraw_step.done: 3.18 ms
[WorldPerf] FrameBudgetDispatcher.streaming.chunk_manager.streaming_redraw: 3.27 ms
[WorldPerf] FrameBudgetDispatcher.total: 3.43 ms
[FrameBudget] streaming=1.7ms topology=0.0ms visual=0.0ms spawn=0.0ms total=1.7ms/6.0ms chunk_manager.streaming_load=0.0ms(60) chunk_manager.streaming_redraw=1.6ms(60) building.room_recompute=0.0ms(60) power.balance_recompute=0.0ms(60) chunk_manager.topology_rebuild=0.0ms(60) underground.fog_update=0.0ms(60) mountain_shadow.visual_rebuild=0.0ms(60)
[WorldPerf] ChunkManager.streaming_redraw_step.done: 3.30 ms
[WorldPerf] FrameBudgetDispatcher.streaming.chunk_manager.streaming_redraw: 3.43 ms
[WorldPerf] FrameBudgetDispatcher.total: 3.66 ms
[CodexValidation] catch-up status: streaming_idle=false load_queue=22 redraw=1 staged_chunk=no staged_data=0 gen_task_id=3217 topology_ready=false native_topology=false native_dirty=false dirty=true build_in_progress=false
[WorldPerf] ChunkManager.streaming_redraw_step.done: 3.11 ms
[WorldPerf] FrameBudgetDispatcher.streaming.chunk_manager.streaming_redraw: 3.19 ms
[WorldPerf] FrameBudgetDispatcher.total: 3.50 ms
[WorldPerf] ChunkManager.streaming_redraw_step.done: 2.15 ms
[WorldPerf] FrameBudgetDispatcher.streaming.chunk_manager.streaming_redraw: 2.23 ms
[WorldPerf] FrameBudgetDispatcher.total: 2.39 ms
[FrameBudget] streaming=0.6ms topology=0.0ms visual=0.0ms spawn=0.0ms total=0.6ms/6.0ms chunk_manager.streaming_load=0.0ms(60) chunk_manager.streaming_redraw=0.5ms(60) building.room_recompute=0.0ms(60) power.balance_recompute=0.0ms(60) chunk_manager.topology_rebuild=0.0ms(60) underground.fog_update=0.0ms(60) mountain_shadow.visual_rebuild=0.0ms(60)
[WorldPerf] ChunkStreaming.phase1_create (0, -1): 17.46 ms
[WorldPerf] FrameBudgetDispatcher.streaming.chunk_manager.streaming_load: 17.58 ms
[WorldPerf] FrameBudgetDispatcher.total: 17.73 ms
[WorldPerf] FrameBudgetDispatcher.total: 2.33 ms
[CodexValidation] catch-up status: streaming_idle=false load_queue=21 redraw=1 staged_chunk=no staged_data=0 gen_task_id=3372 topology_ready=false native_topology=false native_dirty=false dirty=true build_in_progress=false
[WorldPerf] FrameBudgetDispatcher.total: 2.09 ms
[WorldPerf] FrameBudgetDispatcher.total: 2.10 ms
[WorldPerf] FrameBudgetDispatcher.total: 2.07 ms
[WorldPerf] FrameBudgetDispatcher.total: 2.06 ms
[WorldPerf] FrameBudgetDispatcher.total: 2.10 ms
[WorldPerf] FrameBudgetDispatcher.total: 2.02 ms
[WorldPerf] FrameBudgetDispatcher.total: 2.10 ms
[WorldPerf] FrameBudgetDispatcher.total: 2.09 ms
[WorldPerf] FrameBudgetDispatcher.total: 2.05 ms
[WorldPerf] FrameBudgetDispatcher.total: 2.11 ms
[WorldPerf] FrameBudgetDispatcher.total: 2.07 ms
[WorldPerf] FrameBudgetDispatcher.total: 2.09 ms
[WorldPerf] FrameBudgetDispatcher.total: 2.06 ms
[WorldPerf] FrameBudgetDispatcher.total: 2.03 ms
[WorldPerf] FrameBudgetDispatcher.streaming.chunk_manager.streaming_redraw: 2.75 ms
[WorldPerf] FrameBudgetDispatcher.total: 2.88 ms
[WorldPerf] FrameBudgetDispatcher.total: 2.03 ms
[WorldPerf] FrameBudgetDispatcher.total: 2.06 ms
[WorldPerf] FrameBudgetDispatcher.total: 2.11 ms
[WorldPerf] FrameBudgetDispatcher.total: 2.13 ms
[WorldPerf] FrameBudgetDispatcher.total: 2.08 ms
[WorldPerf] FrameBudgetDispatcher.total: 2.04 ms
[WorldPerf] FrameBudgetDispatcher.total: 2.04 ms
[WorldPerf] FrameBudgetDispatcher.total: 2.08 ms
[WorldPerf] ChunkManager.streaming_redraw_step.done: 2.12 ms
[WorldPerf] FrameBudgetDispatcher.streaming.chunk_manager.streaming_redraw: 2.19 ms
[WorldPerf] FrameBudgetDispatcher.total: 2.38 ms
[WorldPerf] FrameBudgetDispatcher.total: 2.04 ms
[WorldPerf] FrameBudgetDispatcher.total: 2.00 ms
[WorldPerf] ChunkManager.streaming_redraw_step.done: 2.05 ms
[WorldPerf] FrameBudgetDispatcher.streaming.chunk_manager.streaming_redraw: 2.13 ms
[WorldPerf] FrameBudgetDispatcher.total: 2.26 ms
[WorldPerf] FrameBudgetDispatcher.total: 2.01 ms
[WorldPerf] FrameBudgetDispatcher.total: 2.00 ms
[WorldPerf] FrameBudgetDispatcher.total: 2.04 ms
[WorldPerf] FrameBudgetDispatcher.total: 2.03 ms
[WorldPerf] ChunkManager.streaming_redraw_step.done: 2.00 ms
[WorldPerf] FrameBudgetDispatcher.streaming.chunk_manager.streaming_redraw: 2.12 ms
[WorldPerf] FrameBudgetDispatcher.total: 2.30 ms
[WorldPerf] ChunkManager.streaming_redraw_step.done: 2.00 ms
[WorldPerf] FrameBudgetDispatcher.streaming.chunk_manager.streaming_redraw: 2.05 ms
[WorldPerf] FrameBudgetDispatcher.total: 2.18 ms
[WorldPerf] FrameBudgetDispatcher.total: 2.04 ms
[WorldPerf] FrameBudgetDispatcher.total: 2.04 ms
[WorldPerf] FrameBudgetDispatcher.total: 2.07 ms
[WorldPerf] FrameBudgetDispatcher.total: 2.10 ms
[WorldPerf] FrameBudgetDispatcher.total: 2.04 ms
[FrameBudget] streaming=2.2ms topology=0.0ms visual=0.0ms spawn=0.0ms total=2.2ms/6.0ms chunk_manager.streaming_load=0.3ms(60) chunk_manager.streaming_redraw=1.9ms(59) building.room_recompute=0.0ms(59) power.balance_recompute=0.0ms(59) chunk_manager.topology_rebuild=0.0ms(59) underground.fog_update=0.0ms(59) mountain_shadow.visual_rebuild=0.0ms(59)
[WorldPerf] === Frame Summary (300 frames) ===
[WorldPerf] Frame time: avg=6.9 ms, p99=6.9 ms, hitches=0
[WorldPerf] Frame budget: dispatcher=1.5ms streaming=1.4ms topology=0.0ms building=0.0ms power=0.0ms visual=0.0ms spawn=0.0ms total=1.4ms/6.0ms
[WorldPerf] FrameBudgetDispatcher.total: 2.07 ms
[WorldPerf] FrameBudgetDispatcher.total: 2.05 ms
[WorldPerf] FrameBudgetDispatcher.total: 2.02 ms
[CodexValidation] catch-up status: streaming_idle=false load_queue=21 redraw=1 staged_chunk=no staged_data=0 gen_task_id=3372 topology_ready=false native_topology=false native_dirty=false dirty=true build_in_progress=false
[WorldPerf] FrameBudgetDispatcher.total: 2.06 ms
[WorldPerf] ChunkManager.streaming_redraw_step.done: 2.06 ms
[WorldPerf] FrameBudgetDispatcher.streaming.chunk_manager.streaming_redraw: 2.13 ms
[WorldPerf] FrameBudgetDispatcher.total: 2.25 ms
[WorldPerf] FrameBudgetDispatcher.total: 2.02 ms
[WorldPerf] FrameBudgetDispatcher.total: 2.08 ms
[WorldPerf] ChunkManager.streaming_redraw_step.done: 2.05 ms
[WorldPerf] FrameBudgetDispatcher.streaming.chunk_manager.streaming_redraw: 2.15 ms
[WorldPerf] FrameBudgetDispatcher.total: 2.41 ms
[WorldPerf] FrameBudgetDispatcher.streaming.chunk_manager.streaming_redraw: 2.01 ms
[WorldPerf] FrameBudgetDispatcher.total: 2.21 ms
[WorldPerf] FrameBudgetDispatcher.total: 2.01 ms
[WorldPerf] ChunkManager.streaming_redraw_step.done: 2.11 ms
[WorldPerf] FrameBudgetDispatcher.streaming.chunk_manager.streaming_redraw: 2.17 ms
[WorldPerf] FrameBudgetDispatcher.total: 2.35 ms
[WorldPerf] FrameBudgetDispatcher.total: 2.11 ms
[WorldPerf] FrameBudgetDispatcher.total: 2.09 ms
[WorldPerf] FrameBudgetDispatcher.total: 2.00 ms
[WorldPerf] FrameBudgetDispatcher.total: 2.05 ms
[WorldPerf] FrameBudgetDispatcher.total: 2.03 ms
[WorldPerf] FrameBudgetDispatcher.total: 2.00 ms
[WorldPerf] FrameBudgetDispatcher.total: 2.11 ms
[WorldPerf] FrameBudgetDispatcher.total: 2.01 ms
[WorldPerf] ChunkManager.streaming_redraw_step.done: 2.03 ms
[WorldPerf] FrameBudgetDispatcher.streaming.chunk_manager.streaming_redraw: 2.10 ms
[WorldPerf] FrameBudgetDispatcher.total: 2.40 ms
[WorldPerf] ChunkManager.streaming_redraw_step.done: 2.10 ms
[WorldPerf] FrameBudgetDispatcher.streaming.chunk_manager.streaming_redraw: 2.17 ms
[WorldPerf] FrameBudgetDispatcher.total: 2.42 ms
[WorldPerf] FrameBudgetDispatcher.total: 2.06 ms
[WorldPerf] ChunkManager.streaming_redraw_step.done: 2.10 ms
[WorldPerf] FrameBudgetDispatcher.streaming.chunk_manager.streaming_redraw: 2.20 ms
[WorldPerf] FrameBudgetDispatcher.total: 2.40 ms
[WorldPerf] FrameBudgetDispatcher.total: 2.10 ms
[WorldPerf] FrameBudgetDispatcher.total: 2.09 ms
[WorldPerf] FrameBudgetDispatcher.total: 2.01 ms
[WorldPerf] FrameBudgetDispatcher.total: 2.05 ms
[WorldPerf] FrameBudgetDispatcher.total: 2.04 ms
[WorldPerf] FrameBudgetDispatcher.total: 2.02 ms
[WorldPerf] ChunkManager.streaming_redraw_step.done: 2.08 ms
[WorldPerf] FrameBudgetDispatcher.streaming.chunk_manager.streaming_redraw: 2.13 ms
[WorldPerf] FrameBudgetDispatcher.total: 2.27 ms
[WorldPerf] FrameBudgetDispatcher.total: 2.13 ms
[WorldPerf] ChunkManager.streaming_redraw_step.done: 2.04 ms
[WorldPerf] FrameBudgetDispatcher.streaming.chunk_manager.streaming_redraw: 2.13 ms
[WorldPerf] FrameBudgetDispatcher.total: 2.33 ms
[WorldPerf] FrameBudgetDispatcher.total: 2.01 ms
[WorldPerf] ChunkManager.streaming_redraw_step.done: 2.11 ms
[WorldPerf] FrameBudgetDispatcher.streaming.chunk_manager.streaming_redraw: 2.19 ms
[WorldPerf] FrameBudgetDispatcher.total: 2.40 ms
[WorldPerf] FrameBudgetDispatcher.total: 2.02 ms
[WorldPerf] FrameBudgetDispatcher.total: 2.10 ms
[WorldPerf] FrameBudgetDispatcher.total: 2.06 ms
[FrameBudget] streaming=2.0ms topology=0.0ms visual=0.0ms spawn=0.0ms total=2.0ms/6.0ms chunk_manager.streaming_load=0.0ms(60) chunk_manager.streaming_redraw=1.9ms(60) building.room_recompute=0.0ms(60) power.balance_recompute=0.0ms(60) chunk_manager.topology_rebuild=0.0ms(60) underground.fog_update=0.0ms(60) mountain_shadow.visual_rebuild=0.0ms(60)
[WorldPerf] FrameBudgetDispatcher.total: 2.01 ms
[WorldPerf] FrameBudgetDispatcher.total: 2.05 ms
[WorldPerf] FrameBudgetDispatcher.total: 2.10 ms
[CodexValidation] catch-up status: streaming_idle=false load_queue=21 redraw=1 staged_chunk=no staged_data=0 gen_task_id=3372 topology_ready=false native_topology=false native_dirty=false dirty=true build_in_progress=false
ERROR: world catch-up timeout: streaming_idle=false load_queue=21 redraw=1 staged_chunk=no staged_data=0 gen_task_id=3372 topology_ready=false native_topology=false native_dirty=false dirty=true build_in_progress=false
   at: push_error (core/variant/variant_utility.cpp:1024)
   GDScript backtrace (most recent call first):
       [0] _fail_validation (res://core/debug/runtime_validation_driver.gd:620)
       [1] _process (res://core/debug/runtime_validation_driver.gd:129)
[CodexValidation] validation failed: world catch-up timeout: streaming_idle=false load_queue=21 redraw=1 staged_chunk=no staged_data=0 gen_task_id=3372 topology_ready=false native_topology=false native_dirty=false dirty=true build_in_progress=false
[WorldPerf] ChunkManager.streaming_redraw_step.done: 2.04 ms
[WorldPerf] FrameBudgetDispatcher.streaming.chunk_manager.streaming_redraw: 2.07 ms
[WorldPerf] FrameBudgetDispatcher.total: 2.21 ms
WARNING: ObjectDB instances leaked at exit (run with --verbose for details).
   at: cleanup (core/object/object.cpp:2641)
ERROR: 7 resources still in use at exit (run with --verbose for details).
   at: clear (core/io/resource.cpp:810)
