Godot Engine v4.6.1.stable.official.14d19694e - https://godotengine.org

ERROR: Failed to read the root certificate store.
   at: get_system_ca_certificates (platform/windows/os_windows.cpp:2570)
[CodexValidation] runtime validation driver enabled
[WorldPerf] GameWorld._ready: 40.57 ms
[ChunkTilesetFactory] atlas_tiles=240, wall_base_count=47, wall_variant_count=5
[ChunkTilesetFactory] atlas_tiles=240, wall_base_count=47, wall_variant_count=5
[ChunkTilesetFactory] atlas_tiles=240, wall_base_count=47, wall_variant_count=5
[ChunkTilesetFactory] atlas_tiles=240, wall_base_count=47, wall_variant_count=5
[ChunkTilesetFactory] atlas_tiles=240, wall_base_count=47, wall_variant_count=5
[ChunkTilesetFactory] atlas_tiles=240, wall_base_count=47, wall_variant_count=5
[ChunkTilesetFactory] atlas_tiles=240, wall_base_count=47, wall_variant_count=5
[WorldPerf] Chunk._redraw_all (0, 0): 17.14 ms
[WorldPerf] ChunkManager._load_chunk (0, 0): 1260.32 ms
[WorldPerf] ChunkManager._load_chunk (1, 0): 1267.75 ms
[WorldPerf] Chunk._redraw_all (1, 0): 18.39 ms
[WorldPerf] ChunkManager._load_chunk (63, 0): 1214.63 ms
[WorldPerf] Chunk._redraw_all (63, 0): 15.78 ms
[WorldPerf] ChunkManager._load_chunk (0, -1): 1213.32 ms
[WorldPerf] Chunk._redraw_all (0, -1): 18.22 ms
[WorldPerf] ChunkManager._load_chunk (0, 1): 1245.09 ms
[WorldPerf] Chunk._redraw_all (0, 1): 16.86 ms
[WorldPerf] ChunkManager._load_chunk (2, 0): 1227.11 ms
[WorldPerf] Chunk._redraw_all (2, 0): 17.31 ms
[WorldPerf] ChunkManager._load_chunk (62, 0): 1234.66 ms
[WorldPerf] Chunk._redraw_all (62, 0): 31.66 ms
[WorldPerf] ChunkManager._load_chunk (1, 1): 1230.53 ms
[WorldPerf] Chunk._redraw_all (1, 1): 26.21 ms
[WorldPerf] ChunkManager._load_chunk (63, -1): 1215.67 ms
[WorldPerf] Chunk._redraw_all (63, -1): 53.08 ms
[WorldPerf] ChunkManager._load_chunk (63, 1): 1368.88 ms
[WorldPerf] Chunk._redraw_all (63, 1): 15.39 ms
[WorldPerf] ChunkManager._load_chunk (1, -1): 1239.32 ms
[WorldPerf] Chunk._redraw_all (1, -1): 17.90 ms
[WorldPerf] ChunkManager._load_chunk (0, -2): 1283.40 ms
[WorldPerf] Chunk._redraw_all (0, -2): 17.73 ms
[WorldPerf] ChunkManager._load_chunk (0, 2): 1183.24 ms
[WorldPerf] Chunk._redraw_all (0, 2): 15.43 ms
[WorldPerf] ChunkManager._load_chunk (2, -1): 1221.13 ms
[WorldPerf] Chunk._redraw_all (2, -1): 27.34 ms
[WorldPerf] ChunkManager._load_chunk (1, 2): 1208.60 ms
[WorldPerf] Chunk._redraw_all (1, 2): 14.90 ms
[WorldPerf] ChunkManager._load_chunk (1, -2): 1246.11 ms
[WorldPerf] Chunk._redraw_all (1, -2): 23.23 ms
[WorldPerf] ChunkManager._load_chunk (63, 2): 1082.32 ms
[WorldPerf] Chunk._redraw_all (63, 2): 22.51 ms
[WorldPerf] ChunkManager._load_chunk (63, -2): 1242.84 ms
[WorldPerf] Chunk._redraw_all (63, -2): 16.38 ms
[WorldPerf] ChunkManager._load_chunk (2, 1): 1232.51 ms
[WorldPerf] Chunk._redraw_all (2, 1): 18.27 ms
[WorldPerf] ChunkManager._load_chunk (62, 1): 1263.42 ms
[WorldPerf] Chunk._redraw_all (62, 1): 17.41 ms
[WorldPerf] ChunkManager._load_chunk (62, -1): 1191.37 ms
[WorldPerf] Chunk._redraw_all (62, -1): 16.89 ms
[WorldPerf] ChunkManager._load_chunk (2, 2): 1213.04 ms
[WorldPerf] Chunk._redraw_all (2, 2): 15.46 ms
[WorldPerf] ChunkManager._load_chunk (2, -2): 1226.79 ms
[WorldPerf] Chunk._redraw_all (2, -2): 68.35 ms
[WorldPerf] ChunkManager._load_chunk (62, 2): 1200.37 ms
[WorldPerf] Chunk._redraw_all (62, 2): 15.17 ms
[WorldPerf] ChunkManager._load_chunk (62, -2): 1214.96 ms
[WorldPerf] Chunk._redraw_all (62, -2): 18.32 ms
[WorldPerf] FrameBudgetDispatcher.total: 2.08 ms
[WorldPerf] FrameBudgetDispatcher.total: 2.02 ms
[WorldPerf] ChunkManager._rebuild_loaded_mountain_topology.boot: 50.34 ms
[WorldPerf] FrameBudgetDispatcher.total: 2.06 ms
[CodexValidation] room validation prepared at (4, 4)
[CodexValidation] power validation prepared at (8, 4)
[CodexValidation] mining validation prepared at (188, -64)
[CodexValidation] boot complete; route prepared
[FrameBudget] streaming=0.0ms topology=0.0ms visual=0.3ms spawn=0.0ms total=0.3ms/6.0ms chunk_manager.streaming_load=0.0ms(60) chunk_manager.streaming_redraw=0.0ms(60) building.room_recompute=0.0ms(60) power.balance_recompute=0.0ms(60) chunk_manager.topology_rebuild=0.0ms(60) underground.fog_update=0.0ms(60) mountain_shadow.visual_rebuild=0.3ms(60)
[CodexValidation] built validation room
[CodexValidation] removed validation room wall (5, 4)
[CodexValidation] re-placed validation room wall (5, 4)
[FrameBudget] streaming=0.0ms topology=0.0ms visual=0.0ms spawn=0.0ms total=0.0ms/6.0ms chunk_manager.streaming_load=0.0ms(60) chunk_manager.streaming_redraw=0.0ms(60) building.room_recompute=0.0ms(60) power.balance_recompute=0.0ms(60) chunk_manager.topology_rebuild=0.0ms(60) underground.fog_update=0.0ms(60) mountain_shadow.visual_rebuild=0.0ms(60)
[CodexValidation] destroyed validation room wall (4, 5)
[CodexValidation] room validation complete
[CodexValidation] placed validation battery (8, 4)
[CodexValidation] removed validation battery (8, 4)
[CodexValidation] power validation complete
[CodexValidation] mined entry tile (188, -64)
[WorldPerf] Topology.runtime.scan: 2.03 ms
[WorldPerf] FrameBudgetDispatcher.topology.chunk_manager.topology_rebuild: 2.14 ms
[WorldPerf] FrameBudgetDispatcher.total: 3.29 ms
[WorldPerf] Topology.runtime.scan: 2.10 ms
[WorldPerf] FrameBudgetDispatcher.topology.chunk_manager.topology_rebuild: 2.15 ms
[WorldPerf] FrameBudgetDispatcher.total: 2.25 ms
[WorldPerf] FrameBudgetDispatcher.total: 2.06 ms
[FrameBudget] streaming=0.0ms topology=0.1ms visual=0.0ms spawn=0.0ms total=0.2ms/6.0ms chunk_manager.streaming_load=0.0ms(60) chunk_manager.streaming_redraw=0.0ms(60) building.room_recompute=0.0ms(60) power.balance_recompute=0.0ms(60) chunk_manager.topology_rebuild=0.1ms(60) underground.fog_update=0.0ms(60) mountain_shadow.visual_rebuild=0.0ms(60)
[WorldPerf] Topology.runtime.scan: 2.35 ms
[WorldPerf] FrameBudgetDispatcher.topology.chunk_manager.topology_rebuild: 2.38 ms
[WorldPerf] FrameBudgetDispatcher.total: 2.61 ms
[WorldPerf] FrameBudgetDispatcher.total: 2.05 ms
[WorldPerf] FrameBudgetDispatcher.total: 2.03 ms
[WorldPerf] Topology.runtime.scan: 2.11 ms
[WorldPerf] FrameBudgetDispatcher.topology.chunk_manager.topology_rebuild: 2.19 ms
[WorldPerf] FrameBudgetDispatcher.total: 2.34 ms
[WorldPerf] Topology.runtime.scan: 2.01 ms
[WorldPerf] FrameBudgetDispatcher.topology.chunk_manager.topology_rebuild: 2.04 ms
[WorldPerf] FrameBudgetDispatcher.total: 2.25 ms
[WorldPerf] Topology.runtime.scan: 2.06 ms
[WorldPerf] FrameBudgetDispatcher.topology.chunk_manager.topology_rebuild: 2.10 ms
[WorldPerf] FrameBudgetDispatcher.total: 2.32 ms
[WorldPerf] FrameBudgetDispatcher.total: 2.04 ms
[WorldPerf] Topology.runtime.scan: 2.07 ms
[WorldPerf] FrameBudgetDispatcher.topology.chunk_manager.topology_rebuild: 2.12 ms
[WorldPerf] FrameBudgetDispatcher.total: 2.31 ms
[WorldPerf] FrameBudgetDispatcher.total: 2.00 ms
[WorldPerf] FrameBudgetDispatcher.total: 2.02 ms
[WorldPerf] FrameBudgetDispatcher.topology.chunk_manager.topology_rebuild: 2.95 ms
[WorldPerf] FrameBudgetDispatcher.total: 3.07 ms
[WorldPerf] Topology.runtime.scan: 2.03 ms
[WorldPerf] FrameBudgetDispatcher.topology.chunk_manager.topology_rebuild: 2.06 ms
[WorldPerf] FrameBudgetDispatcher.total: 2.24 ms
[WorldPerf] Topology.runtime.scan: 2.01 ms
[WorldPerf] FrameBudgetDispatcher.topology.chunk_manager.topology_rebuild: 3.84 ms
[WorldPerf] FrameBudgetDispatcher.total: 4.07 ms
[WorldPerf] Topology.runtime.scan: 2.04 ms
[WorldPerf] FrameBudgetDispatcher.topology.chunk_manager.topology_rebuild: 2.07 ms
[WorldPerf] FrameBudgetDispatcher.total: 2.31 ms
[WorldPerf] FrameBudgetDispatcher.topology.chunk_manager.topology_rebuild: 2.46 ms
[WorldPerf] FrameBudgetDispatcher.total: 2.58 ms
[WorldPerf] FrameBudgetDispatcher.total: 2.03 ms
[WorldPerf] Topology.runtime.scan: 2.03 ms
[WorldPerf] FrameBudgetDispatcher.topology.chunk_manager.topology_rebuild: 2.10 ms
[WorldPerf] FrameBudgetDispatcher.total: 2.35 ms
[CodexValidation] mined interior tile (189, -64)
[WorldPerf] Topology.runtime.scan: 2.02 ms
[WorldPerf] FrameBudgetDispatcher.topology.chunk_manager.topology_rebuild: 2.16 ms
[WorldPerf] FrameBudgetDispatcher.total: 3.31 ms
[WorldPerf] Topology.runtime.scan: 2.52 ms
[WorldPerf] FrameBudgetDispatcher.topology.chunk_manager.topology_rebuild: 2.59 ms
[WorldPerf] FrameBudgetDispatcher.total: 2.92 ms
[WorldPerf] Topology.runtime.scan: 5.02 ms
[WorldPerf] FrameBudgetDispatcher.topology.chunk_manager.topology_rebuild: 5.11 ms
[WorldPerf] FrameBudgetDispatcher.total: 5.41 ms
[WorldPerf] Topology.runtime.scan: 2.54 ms
[WorldPerf] FrameBudgetDispatcher.topology.chunk_manager.topology_rebuild: 2.58 ms
[WorldPerf] FrameBudgetDispatcher.total: 2.87 ms
[WorldPerf] Topology.runtime.scan: 2.59 ms
[WorldPerf] FrameBudgetDispatcher.topology.chunk_manager.topology_rebuild: 2.62 ms
[WorldPerf] FrameBudgetDispatcher.total: 2.87 ms
[WorldPerf] Topology.runtime.scan: 2.80 ms
[WorldPerf] FrameBudgetDispatcher.topology.chunk_manager.topology_rebuild: 2.87 ms
[WorldPerf] FrameBudgetDispatcher.total: 3.01 ms
[WorldPerf] Topology.runtime.scan: 2.71 ms
[WorldPerf] FrameBudgetDispatcher.topology.chunk_manager.topology_rebuild: 2.76 ms
[WorldPerf] FrameBudgetDispatcher.total: 2.89 ms
[WorldPerf] Topology.runtime.scan: 2.69 ms
[WorldPerf] FrameBudgetDispatcher.topology.chunk_manager.topology_rebuild: 2.73 ms
[WorldPerf] FrameBudgetDispatcher.total: 2.85 ms
[WorldPerf] Topology.runtime.scan: 2.64 ms
[WorldPerf] FrameBudgetDispatcher.topology.chunk_manager.topology_rebuild: 2.69 ms
[WorldPerf] FrameBudgetDispatcher.total: 2.92 ms
[WorldPerf] Topology.runtime.scan: 2.69 ms
[WorldPerf] FrameBudgetDispatcher.topology.chunk_manager.topology_rebuild: 2.73 ms
[WorldPerf] FrameBudgetDispatcher.total: 3.00 ms
[WorldPerf] Topology.runtime.scan: 2.61 ms
[WorldPerf] FrameBudgetDispatcher.topology.chunk_manager.topology_rebuild: 2.65 ms
[WorldPerf] FrameBudgetDispatcher.total: 2.89 ms
[WorldPerf] Topology.runtime.scan: 2.65 ms
[WorldPerf] FrameBudgetDispatcher.topology.chunk_manager.topology_rebuild: 2.69 ms
[WorldPerf] FrameBudgetDispatcher.total: 2.93 ms
[WorldPerf] Topology.runtime.scan: 2.86 ms
[WorldPerf] FrameBudgetDispatcher.topology.chunk_manager.topology_rebuild: 2.93 ms
[WorldPerf] FrameBudgetDispatcher.total: 3.08 ms
[WorldPerf] Topology.runtime.scan: 2.67 ms
[WorldPerf] FrameBudgetDispatcher.topology.chunk_manager.topology_rebuild: 2.74 ms
[WorldPerf] FrameBudgetDispatcher.total: 2.85 ms
[WorldPerf] Topology.runtime.scan: 2.67 ms
[WorldPerf] FrameBudgetDispatcher.topology.chunk_manager.topology_rebuild: 2.71 ms
[WorldPerf] FrameBudgetDispatcher.total: 2.82 ms
[WorldPerf] Topology.runtime.scan: 2.15 ms
[WorldPerf] FrameBudgetDispatcher.topology.chunk_manager.topology_rebuild: 2.19 ms
[WorldPerf] FrameBudgetDispatcher.total: 2.29 ms
[WorldPerf] Topology.runtime.scan: 2.66 ms
[WorldPerf] FrameBudgetDispatcher.topology.chunk_manager.topology_rebuild: 3.94 ms
[WorldPerf] FrameBudgetDispatcher.total: 4.07 ms
[WorldPerf] Topology.runtime.scan: 3.17 ms
[WorldPerf] FrameBudgetDispatcher.topology.chunk_manager.topology_rebuild: 3.24 ms
[WorldPerf] FrameBudgetDispatcher.total: 3.43 ms
[WorldPerf] Topology.runtime.scan: 2.24 ms
[WorldPerf] FrameBudgetDispatcher.topology.chunk_manager.topology_rebuild: 3.38 ms
[WorldPerf] FrameBudgetDispatcher.total: 3.54 ms
[WorldPerf] Chunk.try_mine_at (2, -1): 2.14 ms
WARNING: [WorldPerf] WARNING: Chunk.try_mine_at (2, -1) took 2.14 ms (contract: 2.0 ms)
   at: push_warning (core/variant/variant_utility.cpp:1034)
   GDScript backtrace (most recent call first):
       [0] _record (res://core/systems/world/world_perf_probe.gd:54)
       [1] end (res://core/systems/world/world_perf_probe.gd:42)
       [2] try_mine_at (res://core/systems/world/chunk.gd:234)
       [3] try_harvest_at_world (res://core/systems/world/chunk_manager.gd:460)
       [4] execute (res://core/systems/commands/harvest_tile_command.gd:18)
       [5] execute (res://core/systems/commands/command_executor.gd:15)
       [6] _mine_tile (res://core/debug/runtime_validation_driver.gd:594)
       [7] _process_mining_validation (res://core/debug/runtime_validation_driver.gd:501)
       [8] _process (res://core/debug/runtime_validation_driver.gd:105)
[WorldPerf] ChunkManager.try_harvest_at_world: 4.55 ms
WARNING: [WorldPerf] WARNING: ChunkManager.try_harvest_at_world took 4.55 ms (contract: 2.0 ms)
   at: push_warning (core/variant/variant_utility.cpp:1034)
   GDScript backtrace (most recent call first):
       [0] _record (res://core/systems/world/world_perf_probe.gd:54)
       [1] end (res://core/systems/world/world_perf_probe.gd:42)
       [2] try_harvest_at_world (res://core/systems/world/chunk_manager.gd:477)
       [3] execute (res://core/systems/commands/harvest_tile_command.gd:18)
       [4] execute (res://core/systems/commands/command_executor.gd:15)
       [5] _mine_tile (res://core/debug/runtime_validation_driver.gd:594)
       [6] _process_mining_validation (res://core/debug/runtime_validation_driver.gd:501)
       [7] _process (res://core/debug/runtime_validation_driver.gd:105)
[CodexValidation] mined deeper tile (190, -64)
[WorldPerf] MountainRoofSystem._request_refresh: 2.07 ms
[WorldPerf] FPS: 120.0
[FrameBudget] streaming=0.0ms topology=1.6ms visual=0.0ms spawn=0.0ms total=1.7ms/6.0ms chunk_manager.streaming_load=0.0ms(60) chunk_manager.streaming_redraw=0.0ms(60) building.room_recompute=0.0ms(60) power.balance_recompute=0.0ms(60) chunk_manager.topology_rebuild=1.6ms(60) underground.fog_update=0.0ms(60) mountain_shadow.visual_rebuild=0.0ms(60)
[CodexValidation] moved player back to exterior tile (187, -64)
[CodexValidation] mining + persistence validation complete
[CodexValidation] route start
[FrameBudget] streaming=0.0ms topology=0.0ms visual=0.0ms spawn=0.0ms total=0.1ms/6.0ms chunk_manager.streaming_load=0.0ms(60) chunk_manager.streaming_redraw=0.0ms(60) building.room_recompute=0.0ms(60) power.balance_recompute=0.0ms(60) chunk_manager.topology_rebuild=0.0ms(60) underground.fog_update=0.0ms(60) mountain_shadow.visual_rebuild=0.0ms(60)
[WorldPerf] === Frame Summary (300 frames) ===
[WorldPerf] Frame time: avg=18.1 ms, p99=148.6 ms, hitches=28
[WorldPerf] Frame budget: dispatcher=0.5ms streaming=104.3ms topology=0.7ms building=0.0ms power=0.0ms visual=0.1ms spawn=0.0ms total=105.1ms/6.0ms
[WorldPerf] Boot work: streaming=0.0ms topology=0.2ms
[FrameBudget] streaming=0.0ms topology=0.0ms visual=0.0ms spawn=0.0ms total=0.1ms/6.0ms chunk_manager.streaming_load=0.0ms(60) chunk_manager.streaming_redraw=0.0ms(60) building.room_recompute=0.0ms(60) power.balance_recompute=0.0ms(60) chunk_manager.topology_rebuild=0.0ms(60) underground.fog_update=0.0ms(60) mountain_shadow.visual_rebuild=0.0ms(60)
[WorldPerf] ChunkStreaming.phase1_create (3, -1): 8.33 ms
[WorldPerf] FrameBudgetDispatcher.streaming.chunk_manager.streaming_load: 8.45 ms
[WorldPerf] FrameBudgetDispatcher.total: 8.66 ms
[WorldPerf] ChunkManager.streaming_redraw_step.terrain: 11.33 ms
[WorldPerf] FrameBudgetDispatcher.streaming.chunk_manager.streaming_redraw: 11.41 ms
[WorldPerf] FrameBudgetDispatcher.total: 11.77 ms
[WorldPerf] Shadow.edge_cache_slice: 5.99 ms
[WorldPerf] FrameBudgetDispatcher.visual.mountain_shadow.visual_rebuild: 6.54 ms
[WorldPerf] FrameBudgetDispatcher.total: 8.65 ms
[WorldPerf] FrameBudgetDispatcher.total: 2.83 ms
[WorldPerf] FrameBudgetDispatcher.total: 2.19 ms
[WorldPerf] FrameBudgetDispatcher.total: 2.06 ms
[WorldPerf] FrameBudgetDispatcher.total: 2.09 ms
[WorldPerf] FrameBudgetDispatcher.total: 2.02 ms
[WorldPerf] FrameBudgetDispatcher.total: 2.05 ms
[WorldPerf] ChunkManager.streaming_redraw_step.cover: 5.99 ms
[WorldPerf] FrameBudgetDispatcher.streaming.chunk_manager.streaming_redraw: 6.82 ms
[WorldPerf] FrameBudgetDispatcher.total: 6.89 ms
[WorldPerf] FrameBudgetDispatcher.total: 2.06 ms
[WorldPerf] FrameBudgetDispatcher.total: 2.09 ms
[WorldPerf] FrameBudgetDispatcher.total: 2.10 ms
[WorldPerf] FrameBudgetDispatcher.total: 2.06 ms
[WorldPerf] ChunkManager.streaming_redraw_step.cliff: 4.57 ms
[WorldPerf] FrameBudgetDispatcher.streaming.chunk_manager.streaming_redraw: 4.68 ms
[WorldPerf] FrameBudgetDispatcher.total: 4.90 ms
[WorldPerf] FrameBudgetDispatcher.total: 2.05 ms
[WorldPerf] FrameBudgetDispatcher.total: 2.08 ms
[WorldPerf] FrameBudgetDispatcher.streaming.chunk_manager.streaming_redraw: 2.19 ms
[WorldPerf] FrameBudgetDispatcher.total: 2.35 ms
[WorldPerf] FrameBudgetDispatcher.total: 2.08 ms
[WorldPerf] FrameBudgetDispatcher.streaming.chunk_manager.streaming_redraw: 2.04 ms
[WorldPerf] FrameBudgetDispatcher.total: 2.19 ms
[FrameBudget] streaming=1.6ms topology=0.0ms visual=0.1ms spawn=0.0ms total=1.7ms/6.0ms chunk_manager.streaming_load=0.2ms(60) chunk_manager.streaming_redraw=1.4ms(59) building.room_recompute=0.0ms(57) power.balance_recompute=0.0ms(57) chunk_manager.topology_rebuild=0.0ms(57) underground.fog_update=0.0ms(57) mountain_shadow.visual_rebuild=0.1ms(57)
[WorldPerf] FrameBudgetDispatcher.total: 2.05 ms
[WorldPerf] FrameBudgetDispatcher.streaming.chunk_manager.streaming_redraw: 2.05 ms
[WorldPerf] FrameBudgetDispatcher.total: 2.24 ms
[WorldPerf] FrameBudgetDispatcher.total: 2.04 ms
[WorldPerf] FrameBudgetDispatcher.total: 2.07 ms
[WorldPerf] FrameBudgetDispatcher.streaming.chunk_manager.streaming_redraw: 2.52 ms
[WorldPerf] FrameBudgetDispatcher.total: 2.73 ms
[WorldPerf] FrameBudgetDispatcher.total: 2.07 ms
[WorldPerf] FrameBudgetDispatcher.total: 2.02 ms
[WorldPerf] FrameBudgetDispatcher.total: 2.08 ms
[WorldPerf] FrameBudgetDispatcher.total: 2.08 ms
[WorldPerf] FrameBudgetDispatcher.total: 2.04 ms
[WorldPerf] FrameBudgetDispatcher.total: 2.08 ms
[FrameBudget] streaming=1.0ms topology=0.0ms visual=0.0ms spawn=0.0ms total=1.0ms/6.0ms chunk_manager.streaming_load=0.0ms(60) chunk_manager.streaming_redraw=1.0ms(60) building.room_recompute=0.0ms(60) power.balance_recompute=0.0ms(60) chunk_manager.topology_rebuild=0.0ms(60) underground.fog_update=0.0ms(60) mountain_shadow.visual_rebuild=0.0ms(60)
[CodexValidation] reached waypoint 1/6 at (24576.0, 0.0)
[FrameBudget] streaming=0.0ms topology=0.0ms visual=0.0ms spawn=0.0ms total=0.1ms/6.0ms chunk_manager.streaming_load=0.0ms(60) chunk_manager.streaming_redraw=0.0ms(60) building.room_recompute=0.0ms(60) power.balance_recompute=0.0ms(60) chunk_manager.topology_rebuild=0.0ms(60) underground.fog_update=0.0ms(60) mountain_shadow.visual_rebuild=0.0ms(60)
[WorldPerf] ChunkStreaming.phase1_create (4, -1): 9.23 ms
[WorldPerf] FrameBudgetDispatcher.streaming.chunk_manager.streaming_load: 9.35 ms
[WorldPerf] FrameBudgetDispatcher.total: 9.37 ms
[WorldPerf] FrameBudgetDispatcher.total: 3.13 ms
[WorldPerf] FrameBudgetDispatcher.total: 2.83 ms
[WorldPerf] FrameBudgetDispatcher.total: 2.53 ms
[WorldPerf] FrameBudgetDispatcher.total: 3.06 ms
[WorldPerf] FrameBudgetDispatcher.total: 3.00 ms
[WorldPerf] FrameBudgetDispatcher.total: 2.86 ms
[WorldPerf] FrameBudgetDispatcher.total: 3.04 ms
[WorldPerf] FrameBudgetDispatcher.total: 2.45 ms
[WorldPerf] ChunkManager.streaming_redraw_step.terrain: 2.13 ms
[WorldPerf] FrameBudgetDispatcher.streaming.chunk_manager.streaming_redraw: 2.63 ms
[WorldPerf] FrameBudgetDispatcher.total: 2.90 ms
[WorldPerf] FrameBudgetDispatcher.total: 2.11 ms
[WorldPerf] FrameBudgetDispatcher.total: 2.10 ms
[WorldPerf] FrameBudgetDispatcher.streaming.chunk_manager.streaming_redraw: 2.00 ms
[WorldPerf] FrameBudgetDispatcher.total: 2.18 ms
[WorldPerf] FrameBudgetDispatcher.streaming.chunk_manager.streaming_redraw: 2.03 ms
[WorldPerf] FrameBudgetDispatcher.total: 2.21 ms
[WorldPerf] FrameBudgetDispatcher.total: 2.06 ms
[WorldPerf] FrameBudgetDispatcher.total: 2.03 ms
[WorldPerf] FrameBudgetDispatcher.streaming.chunk_manager.streaming_redraw: 2.00 ms
[WorldPerf] FrameBudgetDispatcher.total: 2.16 ms
[WorldPerf] FrameBudgetDispatcher.total: 2.06 ms
[WorldPerf] FrameBudgetDispatcher.streaming.chunk_manager.streaming_redraw: 2.02 ms
[WorldPerf] FrameBudgetDispatcher.total: 2.20 ms
[FrameBudget] streaming=1.0ms topology=0.0ms visual=0.1ms spawn=0.0ms total=1.1ms/6.0ms chunk_manager.streaming_load=0.2ms(60) chunk_manager.streaming_redraw=0.8ms(59) building.room_recompute=0.0ms(59) power.balance_recompute=0.0ms(59) chunk_manager.topology_rebuild=0.0ms(59) underground.fog_update=0.0ms(59) mountain_shadow.visual_rebuild=0.1ms(59)
[WorldPerf] === Frame Summary (300 frames) ===
[WorldPerf] Frame time: avg=7.0 ms, p99=7.9 ms, hitches=0
[WorldPerf] Frame budget: dispatcher=0.9ms streaming=0.7ms topology=0.0ms building=0.0ms power=0.0ms visual=0.1ms spawn=0.0ms total=0.9ms/6.0ms
[WorldPerf] FrameBudgetDispatcher.streaming.chunk_manager.streaming_redraw: 2.01 ms
[WorldPerf] FrameBudgetDispatcher.total: 2.18 ms
[WorldPerf] FrameBudgetDispatcher.total: 2.09 ms
[WorldPerf] FrameBudgetDispatcher.streaming.chunk_manager.streaming_redraw: 2.48 ms
[WorldPerf] FrameBudgetDispatcher.total: 2.69 ms
[WorldPerf] FrameBudgetDispatcher.streaming.chunk_manager.streaming_redraw: 2.02 ms
[WorldPerf] FrameBudgetDispatcher.total: 2.19 ms
[WorldPerf] FrameBudgetDispatcher.total: 2.09 ms
[WorldPerf] FrameBudgetDispatcher.total: 2.11 ms
[WorldPerf] FrameBudgetDispatcher.total: 2.10 ms
[WorldPerf] FrameBudgetDispatcher.total: 2.09 ms
[WorldPerf] FrameBudgetDispatcher.total: 2.10 ms
[WorldPerf] FrameBudgetDispatcher.total: 2.07 ms
[FrameBudget] streaming=1.6ms topology=0.0ms visual=0.0ms spawn=0.0ms total=1.6ms/6.0ms chunk_manager.streaming_load=0.0ms(60) chunk_manager.streaming_redraw=1.5ms(60) building.room_recompute=0.0ms(60) power.balance_recompute=0.0ms(60) chunk_manager.topology_rebuild=0.0ms(60) underground.fog_update=0.0ms(60) mountain_shadow.visual_rebuild=0.0ms(60)
[WorldPerf] FrameBudgetDispatcher.streaming.chunk_manager.streaming_redraw: 2.01 ms
[WorldPerf] FrameBudgetDispatcher.total: 2.16 ms
[FrameBudget] streaming=0.1ms topology=0.0ms visual=0.0ms spawn=0.0ms total=0.1ms/6.0ms chunk_manager.streaming_load=0.0ms(60) chunk_manager.streaming_redraw=0.1ms(60) building.room_recompute=0.0ms(60) power.balance_recompute=0.0ms(60) chunk_manager.topology_rebuild=0.0ms(60) underground.fog_update=0.0ms(60) mountain_shadow.visual_rebuild=0.0ms(60)
[FrameBudget] streaming=0.0ms topology=0.0ms visual=0.0ms spawn=0.0ms total=0.1ms/6.0ms chunk_manager.streaming_load=0.0ms(60) chunk_manager.streaming_redraw=0.0ms(60) building.room_recompute=0.0ms(60) power.balance_recompute=0.0ms(60) chunk_manager.topology_rebuild=0.0ms(60) underground.fog_update=0.0ms(60) mountain_shadow.visual_rebuild=0.0ms(60)
[FrameBudget] streaming=0.0ms topology=0.0ms visual=0.0ms spawn=0.0ms total=0.1ms/6.0ms chunk_manager.streaming_load=0.0ms(60) chunk_manager.streaming_redraw=0.0ms(60) building.room_recompute=0.0ms(60) power.balance_recompute=0.0ms(60) chunk_manager.topology_rebuild=0.0ms(60) underground.fog_update=0.0ms(60) mountain_shadow.visual_rebuild=0.0ms(60)
[CodexValidation] reached waypoint 2/6 at (24576.0, 20480.0)
[FrameBudget] streaming=0.0ms topology=0.0ms visual=0.0ms spawn=0.0ms total=0.1ms/6.0ms chunk_manager.streaming_load=0.0ms(60) chunk_manager.streaming_redraw=0.0ms(60) building.room_recompute=0.0ms(60) power.balance_recompute=0.0ms(60) chunk_manager.topology_rebuild=0.0ms(60) underground.fog_update=0.0ms(60) mountain_shadow.visual_rebuild=0.0ms(60)
[WorldPerf] === Frame Summary (300 frames) ===
[WorldPerf] Frame time: avg=6.9 ms, p99=6.9 ms, hitches=0
[WorldPerf] Frame budget: dispatcher=0.4ms streaming=0.4ms topology=0.0ms building=0.0ms power=0.0ms visual=0.0ms spawn=0.0ms total=0.4ms/6.0ms
[WorldPerf] ChunkStreaming.phase1_create (6, 3): 9.19 ms
[WorldPerf] FrameBudgetDispatcher.streaming.chunk_manager.streaming_load: 9.34 ms
[WorldPerf] FrameBudgetDispatcher.total: 9.37 ms
[WorldPerf] ChunkManager.streaming_redraw_step.terrain: 7.74 ms
[WorldPerf] FrameBudgetDispatcher.streaming.chunk_manager.streaming_redraw: 7.80 ms
[WorldPerf] FrameBudgetDispatcher.total: 8.04 ms
[WorldPerf] ChunkManager.streaming_redraw_step.terrain: 34.56 ms
[WorldPerf] FrameBudgetDispatcher.streaming.chunk_manager.streaming_redraw: 34.67 ms
[WorldPerf] FrameBudgetDispatcher.total: 34.76 ms
[WorldPerf] Shadow.edge_cache_slice: 29.11 ms
[WorldPerf] FrameBudgetDispatcher.visual.mountain_shadow.visual_rebuild: 29.35 ms
[WorldPerf] FrameBudgetDispatcher.total: 31.59 ms
[WorldPerf] ChunkManager.streaming_redraw_step.terrain: 2.10 ms
[WorldPerf] FrameBudgetDispatcher.streaming.chunk_manager.streaming_redraw: 2.14 ms
[WorldPerf] Shadow.edge_cache_slice: 5.31 ms
[WorldPerf] FrameBudgetDispatcher.visual.mountain_shadow.visual_rebuild: 5.40 ms
[WorldPerf] FrameBudgetDispatcher.total: 7.99 ms
[WorldPerf] FPS: 145.0
[WorldPerf] ChunkManager.streaming_redraw_step.terrain: 3.08 ms
[WorldPerf] FrameBudgetDispatcher.streaming.chunk_manager.streaming_redraw: 3.17 ms
[WorldPerf] Shadow.edge_cache_slice: 6.83 ms
[WorldPerf] FrameBudgetDispatcher.visual.mountain_shadow.visual_rebuild: 6.91 ms
[WorldPerf] FrameBudgetDispatcher.total: 10.40 ms
[WorldPerf] ChunkManager.streaming_redraw_step.terrain: 2.17 ms
[WorldPerf] FrameBudgetDispatcher.streaming.chunk_manager.streaming_redraw: 2.24 ms
[WorldPerf] Shadow.edge_cache_slice: 3.98 ms
[WorldPerf] FrameBudgetDispatcher.visual.mountain_shadow.visual_rebuild: 4.03 ms
[WorldPerf] FrameBudgetDispatcher.total: 6.56 ms
[WorldPerf] ChunkManager.streaming_redraw_step.terrain: 2.01 ms
[WorldPerf] FrameBudgetDispatcher.streaming.chunk_manager.streaming_redraw: 2.07 ms
[WorldPerf] Shadow.edge_cache_slice: 4.13 ms
[WorldPerf] FrameBudgetDispatcher.visual.mountain_shadow.visual_rebuild: 4.17 ms
[WorldPerf] FrameBudgetDispatcher.total: 6.58 ms
[WorldPerf] ChunkManager.streaming_redraw_step.terrain: 2.13 ms
[WorldPerf] FrameBudgetDispatcher.streaming.chunk_manager.streaming_redraw: 2.17 ms
[WorldPerf] Shadow.edge_cache_slice: 3.08 ms
[WorldPerf] FrameBudgetDispatcher.visual.mountain_shadow.visual_rebuild: 3.12 ms
[WorldPerf] FrameBudgetDispatcher.total: 5.58 ms
[WorldPerf] Shadow.edge_cache_slice: 2.91 ms
[WorldPerf] FrameBudgetDispatcher.visual.mountain_shadow.visual_rebuild: 2.95 ms
[WorldPerf] FrameBudgetDispatcher.total: 5.11 ms
[WorldPerf] ChunkManager.streaming_redraw_step.terrain: 2.19 ms
[WorldPerf] FrameBudgetDispatcher.streaming.chunk_manager.streaming_redraw: 2.23 ms
[WorldPerf] Shadow.edge_cache_slice: 2.83 ms
[WorldPerf] FrameBudgetDispatcher.visual.mountain_shadow.visual_rebuild: 2.87 ms
[WorldPerf] FrameBudgetDispatcher.total: 5.40 ms
[FrameBudget] streaming=1.2ms topology=0.0ms visual=1.0ms spawn=0.0ms total=2.2ms/6.0ms chunk_manager.streaming_load=0.2ms(60) chunk_manager.streaming_redraw=1.0ms(59) building.room_recompute=0.0ms(57) power.balance_recompute=0.0ms(57) chunk_manager.topology_rebuild=0.0ms(57) underground.fog_update=0.0ms(57) mountain_shadow.visual_rebuild=1.0ms(57)
[WorldPerf] ChunkManager.streaming_redraw_step.terrain: 2.07 ms
[WorldPerf] FrameBudgetDispatcher.streaming.chunk_manager.streaming_redraw: 2.13 ms
[WorldPerf] Shadow.edge_cache_slice: 2.67 ms
[WorldPerf] FrameBudgetDispatcher.visual.mountain_shadow.visual_rebuild: 2.70 ms
[WorldPerf] FrameBudgetDispatcher.total: 4.99 ms
[WorldPerf] ChunkManager.streaming_redraw_step.terrain: 2.05 ms
[WorldPerf] FrameBudgetDispatcher.streaming.chunk_manager.streaming_redraw: 2.09 ms
[WorldPerf] Shadow.edge_cache_slice: 2.66 ms
[WorldPerf] FrameBudgetDispatcher.visual.mountain_shadow.visual_rebuild: 2.69 ms
[WorldPerf] FrameBudgetDispatcher.total: 4.92 ms
[WorldPerf] Shadow.edge_cache_slice: 2.69 ms
[WorldPerf] FrameBudgetDispatcher.visual.mountain_shadow.visual_rebuild: 2.73 ms
[WorldPerf] FrameBudgetDispatcher.total: 4.74 ms
[WorldPerf] Shadow.edge_cache_slice: 2.68 ms
[WorldPerf] FrameBudgetDispatcher.visual.mountain_shadow.visual_rebuild: 2.72 ms
[WorldPerf] FrameBudgetDispatcher.total: 4.75 ms
[WorldPerf] Shadow.edge_cache_slice: 2.82 ms
[WorldPerf] FrameBudgetDispatcher.visual.mountain_shadow.visual_rebuild: 2.86 ms
[WorldPerf] FrameBudgetDispatcher.total: 4.93 ms
[WorldPerf] Shadow.edge_cache_slice: 3.11 ms
[WorldPerf] FrameBudgetDispatcher.visual.mountain_shadow.visual_rebuild: 3.17 ms
[WorldPerf] FrameBudgetDispatcher.total: 5.00 ms
[WorldPerf] ChunkManager.streaming_redraw_step.terrain: 2.19 ms
[WorldPerf] FrameBudgetDispatcher.streaming.chunk_manager.streaming_redraw: 2.24 ms
[WorldPerf] Shadow.edge_cache_slice: 3.03 ms
[WorldPerf] FrameBudgetDispatcher.visual.mountain_shadow.visual_rebuild: 3.06 ms
[WorldPerf] FrameBudgetDispatcher.total: 5.44 ms
[WorldPerf] ChunkManager.streaming_redraw_step.terrain: 2.43 ms
[WorldPerf] FrameBudgetDispatcher.streaming.chunk_manager.streaming_redraw: 2.70 ms
[WorldPerf] Shadow.edge_cache_slice: 4.00 ms
[WorldPerf] FrameBudgetDispatcher.visual.mountain_shadow.visual_rebuild: 4.05 ms
[WorldPerf] FrameBudgetDispatcher.total: 6.88 ms
[WorldPerf] ChunkManager.streaming_redraw_step.terrain: 2.13 ms
[WorldPerf] FrameBudgetDispatcher.streaming.chunk_manager.streaming_redraw: 2.44 ms
[WorldPerf] Shadow.edge_cache_slice: 2.70 ms
[WorldPerf] FrameBudgetDispatcher.visual.mountain_shadow.visual_rebuild: 2.73 ms
[WorldPerf] FrameBudgetDispatcher.total: 5.33 ms
[WorldPerf] ChunkManager.streaming_redraw_step.terrain: 2.16 ms
[WorldPerf] FrameBudgetDispatcher.streaming.chunk_manager.streaming_redraw: 2.46 ms
[WorldPerf] Shadow.edge_cache_slice: 3.07 ms
[WorldPerf] FrameBudgetDispatcher.visual.mountain_shadow.visual_rebuild: 3.13 ms
[WorldPerf] FrameBudgetDispatcher.total: 5.82 ms
[WorldPerf] ChunkManager.streaming_redraw_step.terrain: 2.39 ms
[WorldPerf] FrameBudgetDispatcher.streaming.chunk_manager.streaming_redraw: 2.77 ms
[WorldPerf] Shadow.edge_cache_slice: 2.93 ms
[WorldPerf] FrameBudgetDispatcher.visual.mountain_shadow.visual_rebuild: 2.96 ms
[WorldPerf] FrameBudgetDispatcher.total: 5.91 ms
[WorldPerf] ChunkManager.streaming_redraw_step.terrain: 2.37 ms
[WorldPerf] FrameBudgetDispatcher.streaming.chunk_manager.streaming_redraw: 2.69 ms
[WorldPerf] Shadow.edge_cache_slice: 2.81 ms
[WorldPerf] FrameBudgetDispatcher.visual.mountain_shadow.visual_rebuild: 2.84 ms
[WorldPerf] FrameBudgetDispatcher.total: 5.75 ms
[WorldPerf] ChunkManager.streaming_redraw_step.terrain: 3.39 ms
[WorldPerf] FrameBudgetDispatcher.streaming.chunk_manager.streaming_redraw: 3.79 ms
[WorldPerf] FrameBudgetDispatcher.total: 6.04 ms
[WorldPerf] ChunkManager.streaming_redraw_step.terrain: 2.23 ms
[WorldPerf] FrameBudgetDispatcher.streaming.chunk_manager.streaming_redraw: 2.47 ms
[WorldPerf] FrameBudgetDispatcher.total: 3.50 ms
[WorldPerf] ChunkManager.streaming_redraw_step.terrain: 3.11 ms
[WorldPerf] FrameBudgetDispatcher.streaming.chunk_manager.streaming_redraw: 3.37 ms
[WorldPerf] FrameBudgetDispatcher.visual.mountain_shadow.visual_rebuild: 2.13 ms
[WorldPerf] FrameBudgetDispatcher.total: 5.75 ms
[WorldPerf] ChunkManager.streaming_redraw_step.terrain: 2.32 ms
[WorldPerf] FrameBudgetDispatcher.streaming.chunk_manager.streaming_redraw: 2.52 ms
[WorldPerf] FrameBudgetDispatcher.total: 3.31 ms
[WorldPerf] ChunkManager.streaming_redraw_step.terrain: 2.29 ms
[WorldPerf] FrameBudgetDispatcher.streaming.chunk_manager.streaming_redraw: 2.50 ms
[WorldPerf] Shadow.edge_cache_slice: 2.27 ms
[WorldPerf] FrameBudgetDispatcher.visual.mountain_shadow.visual_rebuild: 2.48 ms
[WorldPerf] FrameBudgetDispatcher.total: 5.24 ms
[WorldPerf] ChunkManager.streaming_redraw_step.terrain: 2.27 ms
[WorldPerf] FrameBudgetDispatcher.streaming.chunk_manager.streaming_redraw: 2.49 ms
[WorldPerf] FrameBudgetDispatcher.total: 3.65 ms
[WorldPerf] ChunkManager.streaming_redraw_step.terrain: 2.30 ms
[WorldPerf] FrameBudgetDispatcher.streaming.chunk_manager.streaming_redraw: 2.52 ms
[WorldPerf] FrameBudgetDispatcher.total: 3.26 ms
[WorldPerf] ChunkManager.streaming_redraw_step.terrain: 2.43 ms
[WorldPerf] FrameBudgetDispatcher.streaming.chunk_manager.streaming_redraw: 2.67 ms
[WorldPerf] FrameBudgetDispatcher.total: 2.84 ms
[WorldPerf] ChunkManager.streaming_redraw_step.terrain: 3.98 ms
[WorldPerf] FrameBudgetDispatcher.streaming.chunk_manager.streaming_redraw: 4.25 ms
[WorldPerf] FrameBudgetDispatcher.total: 4.47 ms
[WorldPerf] ChunkManager.streaming_redraw_step.terrain: 2.66 ms
[WorldPerf] FrameBudgetDispatcher.streaming.chunk_manager.streaming_redraw: 2.93 ms
[WorldPerf] FrameBudgetDispatcher.total: 3.07 ms
[WorldPerf] ChunkManager.streaming_redraw_step.terrain: 2.33 ms
[WorldPerf] FrameBudgetDispatcher.streaming.chunk_manager.streaming_redraw: 2.62 ms
[WorldPerf] FrameBudgetDispatcher.total: 2.78 ms
[WorldPerf] ChunkManager.streaming_redraw_step.terrain: 2.28 ms
[WorldPerf] FrameBudgetDispatcher.streaming.chunk_manager.streaming_redraw: 2.66 ms
[WorldPerf] FrameBudgetDispatcher.total: 2.86 ms
[WorldPerf] ChunkManager.streaming_redraw_step.terrain: 2.33 ms
[WorldPerf] FrameBudgetDispatcher.streaming.chunk_manager.streaming_redraw: 2.72 ms
[WorldPerf] FrameBudgetDispatcher.total: 2.90 ms
[WorldPerf] ChunkManager.streaming_redraw_step.terrain: 2.30 ms
[WorldPerf] FrameBudgetDispatcher.streaming.chunk_manager.streaming_redraw: 2.69 ms
[WorldPerf] FrameBudgetDispatcher.total: 2.88 ms
[WorldPerf] ChunkManager.streaming_redraw_step.terrain: 2.20 ms
[WorldPerf] FrameBudgetDispatcher.streaming.chunk_manager.streaming_redraw: 2.61 ms
[WorldPerf] FrameBudgetDispatcher.total: 2.89 ms
[WorldPerf] ChunkManager.streaming_redraw_step.terrain: 2.28 ms
[WorldPerf] FrameBudgetDispatcher.streaming.chunk_manager.streaming_redraw: 2.71 ms
[WorldPerf] FrameBudgetDispatcher.total: 2.97 ms
[WorldPerf] ChunkManager.streaming_redraw_step.terrain: 2.54 ms
[WorldPerf] FrameBudgetDispatcher.streaming.chunk_manager.streaming_redraw: 3.34 ms
[WorldPerf] FrameBudgetDispatcher.total: 3.50 ms
[WorldPerf] ChunkManager.streaming_redraw_step.terrain: 2.15 ms
[WorldPerf] FrameBudgetDispatcher.streaming.chunk_manager.streaming_redraw: 2.72 ms
[WorldPerf] FrameBudgetDispatcher.total: 2.84 ms
[WorldPerf] ChunkManager.streaming_redraw_step.terrain: 2.11 ms
[WorldPerf] FrameBudgetDispatcher.streaming.chunk_manager.streaming_redraw: 2.76 ms
[WorldPerf] FrameBudgetDispatcher.total: 2.89 ms
[WorldPerf] FrameBudgetDispatcher.streaming.chunk_manager.streaming_redraw: 2.53 ms
[WorldPerf] FrameBudgetDispatcher.total: 2.69 ms
[WorldPerf] FrameBudgetDispatcher.streaming.chunk_manager.streaming_redraw: 2.59 ms
[WorldPerf] FrameBudgetDispatcher.total: 2.74 ms
[WorldPerf] ChunkManager.streaming_redraw_step.terrain: 2.04 ms
[WorldPerf] FrameBudgetDispatcher.streaming.chunk_manager.streaming_redraw: 2.70 ms
[WorldPerf] FrameBudgetDispatcher.total: 2.84 ms
[WorldPerf] ChunkManager.streaming_redraw_step.terrain: 2.12 ms
[WorldPerf] FrameBudgetDispatcher.streaming.chunk_manager.streaming_redraw: 2.79 ms
[WorldPerf] FrameBudgetDispatcher.total: 2.92 ms
[WorldPerf] ChunkManager.streaming_redraw_step.terrain: 2.17 ms
[WorldPerf] FrameBudgetDispatcher.streaming.chunk_manager.streaming_redraw: 2.83 ms
[WorldPerf] FrameBudgetDispatcher.total: 2.96 ms
[WorldPerf] ChunkManager.streaming_redraw_step.terrain: 2.04 ms
[WorldPerf] FrameBudgetDispatcher.streaming.chunk_manager.streaming_redraw: 2.69 ms
[WorldPerf] FrameBudgetDispatcher.total: 2.83 ms
[WorldPerf] FrameBudgetDispatcher.streaming.chunk_manager.streaming_redraw: 2.43 ms
[WorldPerf] FrameBudgetDispatcher.total: 2.60 ms
[WorldPerf] FrameBudgetDispatcher.streaming.chunk_manager.streaming_redraw: 2.31 ms
[WorldPerf] FrameBudgetDispatcher.total: 2.45 ms
[WorldPerf] FrameBudgetDispatcher.total: 2.01 ms
[WorldPerf] FrameBudgetDispatcher.streaming.chunk_manager.streaming_redraw: 2.16 ms
[WorldPerf] FrameBudgetDispatcher.total: 2.29 ms
[WorldPerf] FrameBudgetDispatcher.streaming.chunk_manager.streaming_redraw: 2.52 ms
[WorldPerf] FrameBudgetDispatcher.total: 2.70 ms
[WorldPerf] FrameBudgetDispatcher.streaming.chunk_manager.streaming_redraw: 2.27 ms
[WorldPerf] FrameBudgetDispatcher.total: 2.42 ms
[WorldPerf] ChunkManager.streaming_redraw_step.terrain: 2.10 ms
[WorldPerf] FrameBudgetDispatcher.streaming.chunk_manager.streaming_redraw: 2.82 ms
[WorldPerf] FrameBudgetDispatcher.total: 3.09 ms
[WorldPerf] FrameBudgetDispatcher.total: 2.02 ms
[WorldPerf] ChunkManager.streaming_redraw_step.terrain: 12.66 ms
[WorldPerf] FrameBudgetDispatcher.streaming.chunk_manager.streaming_redraw: 14.46 ms
[WorldPerf] FrameBudgetDispatcher.total: 14.66 ms
[WorldPerf] ChunkManager.streaming_redraw_step.cover: 4.83 ms
[WorldPerf] FrameBudgetDispatcher.streaming.chunk_manager.streaming_redraw: 4.89 ms
[WorldPerf] FrameBudgetDispatcher.total: 5.02 ms
[WorldPerf] ChunkManager.streaming_redraw_step.cover: 22.37 ms
[WorldPerf] FrameBudgetDispatcher.streaming.chunk_manager.streaming_redraw: 22.45 ms
[WorldPerf] FrameBudgetDispatcher.total: 22.62 ms
[FrameBudget] streaming=3.0ms topology=0.0ms visual=0.8ms spawn=0.0ms total=3.7ms/6.0ms chunk_manager.streaming_load=0.0ms(60) chunk_manager.streaming_redraw=2.9ms(60) building.room_recompute=0.0ms(58) power.balance_recompute=0.0ms(58) chunk_manager.topology_rebuild=0.0ms(58) underground.fog_update=0.0ms(58) mountain_shadow.visual_rebuild=0.8ms(58)
[WorldPerf] FrameBudgetDispatcher.total: 2.10 ms
[WorldPerf] FrameBudgetDispatcher.streaming.chunk_manager.streaming_redraw: 2.00 ms
[WorldPerf] FrameBudgetDispatcher.total: 2.17 ms
[WorldPerf] ChunkManager.streaming_redraw_step.cover: 2.21 ms
[WorldPerf] FrameBudgetDispatcher.streaming.chunk_manager.streaming_redraw: 3.19 ms
[WorldPerf] FrameBudgetDispatcher.total: 3.39 ms
[WorldPerf] ChunkManager.streaming_redraw_step.cliff: 10.45 ms
[WorldPerf] FrameBudgetDispatcher.streaming.chunk_manager.streaming_redraw: 10.59 ms
[WorldPerf] FrameBudgetDispatcher.total: 10.66 ms
[WorldPerf] FrameBudgetDispatcher.total: 2.02 ms
[WorldPerf] FrameBudgetDispatcher.total: 2.02 ms
[WorldPerf] FrameBudgetDispatcher.total: 2.05 ms
[WorldPerf] FrameBudgetDispatcher.streaming.chunk_manager.streaming_redraw: 2.01 ms
[WorldPerf] FrameBudgetDispatcher.total: 2.16 ms
[WorldPerf] FrameBudgetDispatcher.streaming.chunk_manager.streaming_redraw: 2.01 ms
[WorldPerf] FrameBudgetDispatcher.total: 2.19 ms
[WorldPerf] FrameBudgetDispatcher.streaming.chunk_manager.streaming_redraw: 2.09 ms
[WorldPerf] FrameBudgetDispatcher.total: 2.24 ms
[FrameBudget] streaming=1.8ms topology=0.0ms visual=0.0ms spawn=0.0ms total=1.8ms/6.0ms chunk_manager.streaming_load=0.0ms(60) chunk_manager.streaming_redraw=1.8ms(60) building.room_recompute=0.0ms(59) power.balance_recompute=0.0ms(59) chunk_manager.topology_rebuild=0.0ms(59) underground.fog_update=0.0ms(59) mountain_shadow.visual_rebuild=0.0ms(59)
[WorldPerf] FrameBudgetDispatcher.total: 2.00 ms
[WorldPerf] ChunkManager.streaming_redraw_step.cliff: 3.69 ms
[WorldPerf] FrameBudgetDispatcher.streaming.chunk_manager.streaming_redraw: 4.80 ms
[WorldPerf] FrameBudgetDispatcher.total: 4.94 ms
[WorldPerf] FrameBudgetDispatcher.total: 2.10 ms
[WorldPerf] FrameBudgetDispatcher.streaming.chunk_manager.streaming_redraw: 2.06 ms
[WorldPerf] FrameBudgetDispatcher.total: 2.25 ms
[WorldPerf] FrameBudgetDispatcher.streaming.chunk_manager.streaming_redraw: 2.06 ms
[WorldPerf] FrameBudgetDispatcher.total: 2.26 ms
[WorldPerf] FrameBudgetDispatcher.total: 2.09 ms
[WorldPerf] FrameBudgetDispatcher.streaming.chunk_manager.streaming_redraw: 2.02 ms
[WorldPerf] FrameBudgetDispatcher.total: 2.20 ms
[WorldPerf] FrameBudgetDispatcher.streaming.chunk_manager.streaming_redraw: 2.04 ms
[WorldPerf] FrameBudgetDispatcher.total: 2.21 ms
[WorldPerf] FrameBudgetDispatcher.total: 2.73 ms
[WorldPerf] FrameBudgetDispatcher.total: 2.06 ms
[FrameBudget] streaming=1.6ms topology=0.0ms visual=0.0ms spawn=0.0ms total=1.6ms/6.0ms chunk_manager.streaming_load=0.0ms(60) chunk_manager.streaming_redraw=1.6ms(60) building.room_recompute=0.0ms(60) power.balance_recompute=0.0ms(60) chunk_manager.topology_rebuild=0.0ms(60) underground.fog_update=0.0ms(60) mountain_shadow.visual_rebuild=0.0ms(60)
[FrameBudget] streaming=0.1ms topology=0.0ms visual=0.0ms spawn=0.0ms total=0.2ms/6.0ms chunk_manager.streaming_load=0.0ms(60) chunk_manager.streaming_redraw=0.1ms(60) building.room_recompute=0.0ms(60) power.balance_recompute=0.0ms(60) chunk_manager.topology_rebuild=0.0ms(60) underground.fog_update=0.0ms(60) mountain_shadow.visual_rebuild=0.0ms(60)
[WorldPerf] === Frame Summary (300 frames) ===
[WorldPerf] Frame time: avg=7.2 ms, p99=22.7 ms, hitches=3
[WorldPerf] Frame budget: dispatcher=2.0ms streaming=1.5ms topology=0.0ms building=0.0ms power=0.0ms visual=0.8ms spawn=0.0ms total=2.4ms/6.0ms
[FrameBudget] streaming=0.0ms topology=0.0ms visual=0.0ms spawn=0.0ms total=0.1ms/6.0ms chunk_manager.streaming_load=0.0ms(60) chunk_manager.streaming_redraw=0.0ms(60) building.room_recompute=0.0ms(60) power.balance_recompute=0.0ms(60) chunk_manager.topology_rebuild=0.0ms(60) underground.fog_update=0.0ms(60) mountain_shadow.visual_rebuild=0.0ms(60)
[FrameBudget] streaming=0.0ms topology=0.0ms visual=0.0ms spawn=0.0ms total=0.1ms/6.0ms chunk_manager.streaming_load=0.0ms(60) chunk_manager.streaming_redraw=0.0ms(60) building.room_recompute=0.0ms(60) power.balance_recompute=0.0ms(60) chunk_manager.topology_rebuild=0.0ms(60) underground.fog_update=0.0ms(60) mountain_shadow.visual_rebuild=0.0ms(60)
[WorldPerf] ChunkStreaming.phase1_create (2, 5): 13.65 ms
[WorldPerf] FrameBudgetDispatcher.streaming.chunk_manager.streaming_load: 13.79 ms
[WorldPerf] FrameBudgetDispatcher.total: 13.82 ms
[WorldPerf] FrameBudgetDispatcher.total: 2.42 ms
[WorldPerf] FrameBudgetDispatcher.total: 2.09 ms
[WorldPerf] FrameBudgetDispatcher.total: 2.04 ms
[WorldPerf] FrameBudgetDispatcher.total: 2.07 ms
[WorldPerf] FrameBudgetDispatcher.total: 2.09 ms
[WorldPerf] FrameBudgetDispatcher.streaming.chunk_manager.streaming_redraw: 2.01 ms
[WorldPerf] FrameBudgetDispatcher.total: 2.14 ms
[WorldPerf] FrameBudgetDispatcher.total: 2.08 ms
[WorldPerf] FrameBudgetDispatcher.total: 2.05 ms
[WorldPerf] FrameBudgetDispatcher.total: 2.16 ms
[WorldPerf] FrameBudgetDispatcher.total: 2.07 ms
[WorldPerf] FrameBudgetDispatcher.total: 2.07 ms
[WorldPerf] FrameBudgetDispatcher.total: 2.06 ms
[WorldPerf] FrameBudgetDispatcher.total: 2.08 ms
[WorldPerf] FrameBudgetDispatcher.total: 2.08 ms
[WorldPerf] FrameBudgetDispatcher.streaming.chunk_manager.streaming_redraw: 2.82 ms
[WorldPerf] FrameBudgetDispatcher.total: 2.99 ms
[WorldPerf] ChunkManager.streaming_redraw_step.done: 2.66 ms
[WorldPerf] FrameBudgetDispatcher.streaming.chunk_manager.streaming_redraw: 2.76 ms
[WorldPerf] FrameBudgetDispatcher.total: 2.97 ms
[FrameBudget] streaming=1.3ms topology=0.0ms visual=0.0ms spawn=0.0ms total=1.3ms/6.0ms chunk_manager.streaming_load=0.3ms(60) chunk_manager.streaming_redraw=1.0ms(59) building.room_recompute=0.0ms(59) power.balance_recompute=0.0ms(59) chunk_manager.topology_rebuild=0.0ms(59) underground.fog_update=0.0ms(59) mountain_shadow.visual_rebuild=0.0ms(59)
[WorldPerf] ChunkManager.streaming_redraw_step.done: 2.52 ms
[WorldPerf] FrameBudgetDispatcher.streaming.chunk_manager.streaming_redraw: 2.61 ms
[WorldPerf] FrameBudgetDispatcher.total: 3.00 ms
[WorldPerf] ChunkManager.streaming_redraw_step.done: 2.67 ms
[WorldPerf] FrameBudgetDispatcher.streaming.chunk_manager.streaming_redraw: 2.76 ms
[WorldPerf] FrameBudgetDispatcher.total: 2.96 ms
[WorldPerf] ChunkManager.streaming_redraw_step.done: 2.59 ms
[WorldPerf] FrameBudgetDispatcher.streaming.chunk_manager.streaming_redraw: 2.71 ms
[WorldPerf] FrameBudgetDispatcher.total: 2.95 ms
[FrameBudget] streaming=1.4ms topology=0.0ms visual=0.0ms spawn=0.0ms total=1.4ms/6.0ms chunk_manager.streaming_load=0.0ms(60) chunk_manager.streaming_redraw=1.4ms(60) building.room_recompute=0.0ms(60) power.balance_recompute=0.0ms(60) chunk_manager.topology_rebuild=0.0ms(60) underground.fog_update=0.0ms(60) mountain_shadow.visual_rebuild=0.0ms(60)
[WorldPerf] ChunkManager.streaming_redraw_step.done: 2.73 ms
[WorldPerf] FrameBudgetDispatcher.streaming.chunk_manager.streaming_redraw: 2.83 ms
[WorldPerf] FrameBudgetDispatcher.total: 3.09 ms
[WorldPerf] ChunkManager.streaming_redraw_step.done: 2.12 ms
[WorldPerf] FrameBudgetDispatcher.streaming.chunk_manager.streaming_redraw: 2.17 ms
[WorldPerf] FrameBudgetDispatcher.total: 2.37 ms
[FrameBudget] streaming=1.0ms topology=0.0ms visual=0.0ms spawn=0.0ms total=1.0ms/6.0ms chunk_manager.streaming_load=0.0ms(60) chunk_manager.streaming_redraw=0.9ms(60) building.room_recompute=0.0ms(60) power.balance_recompute=0.0ms(60) chunk_manager.topology_rebuild=0.0ms(60) underground.fog_update=0.0ms(60) mountain_shadow.visual_rebuild=0.0ms(60)
[WorldPerf] === Frame Summary (300 frames) ===
[WorldPerf] Frame time: avg=6.9 ms, p99=6.9 ms, hitches=0
[WorldPerf] Frame budget: dispatcher=0.8ms streaming=0.8ms topology=0.0ms building=0.0ms power=0.0ms visual=0.0ms spawn=0.0ms total=0.8ms/6.0ms
[FrameBudget] streaming=0.0ms topology=0.0ms visual=0.0ms spawn=0.0ms total=0.1ms/6.0ms chunk_manager.streaming_load=0.0ms(60) chunk_manager.streaming_redraw=0.0ms(60) building.room_recompute=0.0ms(60) power.balance_recompute=0.0ms(60) chunk_manager.topology_rebuild=0.0ms(60) underground.fog_update=0.0ms(60) mountain_shadow.visual_rebuild=0.0ms(60)
[FrameBudget] streaming=0.0ms topology=0.0ms visual=0.0ms spawn=0.0ms total=0.1ms/6.0ms chunk_manager.streaming_load=0.0ms(60) chunk_manager.streaming_redraw=0.0ms(60) building.room_recompute=0.0ms(60) power.balance_recompute=0.0ms(60) chunk_manager.topology_rebuild=0.0ms(60) underground.fog_update=0.0ms(60) mountain_shadow.visual_rebuild=0.0ms(60)
[WorldPerf] FPS: 145.0
[FrameBudget] streaming=0.0ms topology=0.0ms visual=0.0ms spawn=0.0ms total=0.1ms/6.0ms chunk_manager.streaming_load=0.0ms(60) chunk_manager.streaming_redraw=0.0ms(60) building.room_recompute=0.0ms(60) power.balance_recompute=0.0ms(60) chunk_manager.topology_rebuild=0.0ms(60) underground.fog_update=0.0ms(60) mountain_shadow.visual_rebuild=0.0ms(60)
[CodexValidation] reached waypoint 3/6 at (241664.0, 20480.0)
[WorldPerf] ChunkStreaming.phase1_create (61, 5): 2.58 ms
[WorldPerf] FrameBudgetDispatcher.streaming.chunk_manager.streaming_load: 2.71 ms
[WorldPerf] FrameBudgetDispatcher.total: 2.84 ms
[WorldPerf] ChunkManager.streaming_redraw_step.terrain: 2.29 ms
[WorldPerf] FrameBudgetDispatcher.streaming.chunk_manager.streaming_redraw: 2.34 ms
[WorldPerf] FrameBudgetDispatcher.total: 4.16 ms
[WorldPerf] FrameBudgetDispatcher.streaming.chunk_manager.streaming_redraw: 2.04 ms
[WorldPerf] Shadow.edge_cache_slice: 2.56 ms
[WorldPerf] FrameBudgetDispatcher.visual.mountain_shadow.visual_rebuild: 2.59 ms
[WorldPerf] FrameBudgetDispatcher.total: 4.90 ms
[WorldPerf] FrameBudgetDispatcher.streaming.chunk_manager.streaming_redraw: 2.03 ms
[WorldPerf] Shadow.edge_cache_slice: 2.58 ms
[WorldPerf] FrameBudgetDispatcher.visual.mountain_shadow.visual_rebuild: 2.61 ms
[WorldPerf] FrameBudgetDispatcher.total: 4.79 ms
[WorldPerf] FrameBudgetDispatcher.streaming.chunk_manager.streaming_redraw: 2.09 ms
[WorldPerf] Shadow.edge_cache_slice: 2.41 ms
[WorldPerf] FrameBudgetDispatcher.visual.mountain_shadow.visual_rebuild: 2.44 ms
[WorldPerf] FrameBudgetDispatcher.total: 4.70 ms
[WorldPerf] FrameBudgetDispatcher.streaming.chunk_manager.streaming_redraw: 2.00 ms
[WorldPerf] Shadow.edge_cache_slice: 2.50 ms
[WorldPerf] FrameBudgetDispatcher.visual.mountain_shadow.visual_rebuild: 2.53 ms
[WorldPerf] FrameBudgetDispatcher.total: 4.80 ms
[WorldPerf] FrameBudgetDispatcher.streaming.chunk_manager.streaming_redraw: 2.05 ms
[WorldPerf] Shadow.edge_cache_slice: 2.40 ms
[WorldPerf] FrameBudgetDispatcher.visual.mountain_shadow.visual_rebuild: 2.43 ms
[WorldPerf] FrameBudgetDispatcher.total: 4.65 ms
[WorldPerf] Shadow.edge_cache_slice: 2.22 ms
[WorldPerf] FrameBudgetDispatcher.visual.mountain_shadow.visual_rebuild: 2.26 ms
[WorldPerf] FrameBudgetDispatcher.total: 4.26 ms
[WorldPerf] Shadow.edge_cache_slice: 2.29 ms
[WorldPerf] FrameBudgetDispatcher.visual.mountain_shadow.visual_rebuild: 2.34 ms
[WorldPerf] FrameBudgetDispatcher.total: 4.26 ms
[WorldPerf] Shadow.edge_cache_slice: 2.33 ms
[WorldPerf] FrameBudgetDispatcher.visual.mountain_shadow.visual_rebuild: 2.38 ms
[WorldPerf] FrameBudgetDispatcher.total: 4.47 ms
[WorldPerf] Shadow.edge_cache_slice: 2.61 ms
[WorldPerf] FrameBudgetDispatcher.visual.mountain_shadow.visual_rebuild: 2.65 ms
[WorldPerf] FrameBudgetDispatcher.total: 4.63 ms
[WorldPerf] FrameBudgetDispatcher.streaming.chunk_manager.streaming_redraw: 2.05 ms
[WorldPerf] Shadow.edge_cache_slice: 2.65 ms
[WorldPerf] FrameBudgetDispatcher.visual.mountain_shadow.visual_rebuild: 2.68 ms
[WorldPerf] FrameBudgetDispatcher.total: 4.88 ms
[WorldPerf] Shadow.edge_cache_slice: 2.52 ms
[WorldPerf] FrameBudgetDispatcher.visual.mountain_shadow.visual_rebuild: 2.56 ms
[WorldPerf] FrameBudgetDispatcher.total: 4.67 ms
[WorldPerf] FrameBudgetDispatcher.streaming.chunk_manager.streaming_redraw: 2.09 ms
[WorldPerf] FrameBudgetDispatcher.total: 3.07 ms
[WorldPerf] FrameBudgetDispatcher.total: 2.80 ms
[WorldPerf] FrameBudgetDispatcher.total: 2.06 ms
[WorldPerf] FrameBudgetDispatcher.streaming.chunk_manager.streaming_redraw: 2.11 ms
[WorldPerf] FrameBudgetDispatcher.total: 2.30 ms
[WorldPerf] FrameBudgetDispatcher.streaming.chunk_manager.streaming_redraw: 2.02 ms
[WorldPerf] FrameBudgetDispatcher.total: 2.21 ms
[WorldPerf] FrameBudgetDispatcher.streaming.chunk_manager.streaming_redraw: 2.03 ms
[WorldPerf] FrameBudgetDispatcher.total: 2.18 ms
[WorldPerf] FrameBudgetDispatcher.streaming.chunk_manager.streaming_redraw: 2.04 ms
[WorldPerf] FrameBudgetDispatcher.total: 2.19 ms
[WorldPerf] FrameBudgetDispatcher.total: 2.00 ms
[WorldPerf] ChunkManager.streaming_redraw_step.terrain: 2.05 ms
[WorldPerf] FrameBudgetDispatcher.streaming.chunk_manager.streaming_redraw: 2.25 ms
[WorldPerf] FrameBudgetDispatcher.total: 2.38 ms
[FrameBudget] streaming=0.8ms topology=0.0ms visual=0.5ms spawn=0.0ms total=1.3ms/6.0ms chunk_manager.streaming_load=0.1ms(60) chunk_manager.streaming_redraw=0.7ms(60) building.room_recompute=0.0ms(60) power.balance_recompute=0.0ms(60) chunk_manager.topology_rebuild=0.0ms(60) underground.fog_update=0.0ms(60) mountain_shadow.visual_rebuild=0.5ms(60)
[WorldPerf] ChunkManager.streaming_redraw_step.terrain: 2.02 ms
[WorldPerf] FrameBudgetDispatcher.streaming.chunk_manager.streaming_redraw: 2.20 ms
[WorldPerf] FrameBudgetDispatcher.total: 2.38 ms
[WorldPerf] ChunkManager.streaming_redraw_step.terrain: 2.01 ms
[WorldPerf] FrameBudgetDispatcher.streaming.chunk_manager.streaming_redraw: 2.20 ms
[WorldPerf] FrameBudgetDispatcher.total: 2.43 ms
[WorldPerf] FrameBudgetDispatcher.total: 2.08 ms
[WorldPerf] FrameBudgetDispatcher.total: 2.03 ms
[WorldPerf] FrameBudgetDispatcher.total: 2.07 ms
[WorldPerf] FrameBudgetDispatcher.total: 2.10 ms
[WorldPerf] FrameBudgetDispatcher.total: 2.09 ms
[WorldPerf] FrameBudgetDispatcher.streaming.chunk_manager.streaming_redraw: 2.66 ms
[WorldPerf] FrameBudgetDispatcher.total: 2.86 ms
[WorldPerf] FrameBudgetDispatcher.streaming.chunk_manager.streaming_redraw: 2.07 ms
[WorldPerf] FrameBudgetDispatcher.total: 2.26 ms
[WorldPerf] FrameBudgetDispatcher.total: 2.05 ms
[WorldPerf] FrameBudgetDispatcher.total: 2.05 ms
[WorldPerf] FrameBudgetDispatcher.streaming.chunk_manager.streaming_redraw: 3.04 ms
[WorldPerf] FrameBudgetDispatcher.total: 3.23 ms
[WorldPerf] FrameBudgetDispatcher.total: 2.06 ms
[WorldPerf] FrameBudgetDispatcher.total: 2.03 ms
[WorldPerf] FrameBudgetDispatcher.total: 2.07 ms
[WorldPerf] FrameBudgetDispatcher.total: 2.08 ms
[WorldPerf] FrameBudgetDispatcher.streaming.chunk_manager.streaming_redraw: 2.00 ms
[WorldPerf] FrameBudgetDispatcher.total: 2.14 ms
[WorldPerf] FrameBudgetDispatcher.total: 2.06 ms
[FrameBudget] streaming=1.4ms topology=0.0ms visual=0.0ms spawn=0.0ms total=1.5ms/6.0ms chunk_manager.streaming_load=0.0ms(60) chunk_manager.streaming_redraw=1.4ms(60) building.room_recompute=0.0ms(60) power.balance_recompute=0.0ms(60) chunk_manager.topology_rebuild=0.0ms(60) underground.fog_update=0.0ms(60) mountain_shadow.visual_rebuild=0.0ms(60)
[WorldPerf] === Frame Summary (300 frames) ===
[WorldPerf] Frame time: avg=6.9 ms, p99=6.9 ms, hitches=0
[WorldPerf] Frame budget: dispatcher=0.7ms streaming=0.5ms topology=0.0ms building=0.0ms power=0.0ms visual=0.2ms spawn=0.0ms total=0.7ms/6.0ms
[FrameBudget] streaming=0.0ms topology=0.0ms visual=0.0ms spawn=0.0ms total=0.1ms/6.0ms chunk_manager.streaming_load=0.0ms(60) chunk_manager.streaming_redraw=0.0ms(60) building.room_recompute=0.0ms(60) power.balance_recompute=0.0ms(60) chunk_manager.topology_rebuild=0.0ms(60) underground.fog_update=0.0ms(60) mountain_shadow.visual_rebuild=0.0ms(60)
[FrameBudget] streaming=0.0ms topology=0.0ms visual=0.0ms spawn=0.0ms total=0.1ms/6.0ms chunk_manager.streaming_load=0.0ms(60) chunk_manager.streaming_redraw=0.0ms(60) building.room_recompute=0.0ms(60) power.balance_recompute=0.0ms(60) chunk_manager.topology_rebuild=0.0ms(60) underground.fog_update=0.0ms(60) mountain_shadow.visual_rebuild=0.0ms(60)
[FrameBudget] streaming=0.0ms topology=0.0ms visual=0.0ms spawn=0.0ms total=0.0ms/6.0ms chunk_manager.streaming_load=0.0ms(60) chunk_manager.streaming_redraw=0.0ms(60) building.room_recompute=0.0ms(60) power.balance_recompute=0.0ms(60) chunk_manager.topology_rebuild=0.0ms(60) underground.fog_update=0.0ms(60) mountain_shadow.visual_rebuild=0.0ms(60)
[FrameBudget] streaming=0.0ms topology=0.0ms visual=0.0ms spawn=0.0ms total=0.0ms/6.0ms chunk_manager.streaming_load=0.0ms(60) chunk_manager.streaming_redraw=0.0ms(60) building.room_recompute=0.0ms(60) power.balance_recompute=0.0ms(60) chunk_manager.topology_rebuild=0.0ms(60) underground.fog_update=0.0ms(60) mountain_shadow.visual_rebuild=0.0ms(60)
[FrameBudget] streaming=0.0ms topology=0.0ms visual=0.0ms spawn=0.0ms total=0.1ms/6.0ms chunk_manager.streaming_load=0.0ms(60) chunk_manager.streaming_redraw=0.0ms(60) building.room_recompute=0.0ms(60) power.balance_recompute=0.0ms(60) chunk_manager.topology_rebuild=0.0ms(60) underground.fog_update=0.0ms(60) mountain_shadow.visual_rebuild=0.0ms(60)
[WorldPerf] === Frame Summary (300 frames) ===
[WorldPerf] Frame time: avg=6.9 ms, p99=6.9 ms, hitches=0
[WorldPerf] Frame budget: dispatcher=0.1ms streaming=0.0ms topology=0.0ms building=0.0ms power=0.0ms visual=0.0ms spawn=0.0ms total=0.1ms/6.0ms
[FrameBudget] streaming=0.0ms topology=0.0ms visual=0.0ms spawn=0.0ms total=0.0ms/6.0ms chunk_manager.streaming_load=0.0ms(60) chunk_manager.streaming_redraw=0.0ms(60) building.room_recompute=0.0ms(60) power.balance_recompute=0.0ms(60) chunk_manager.topology_rebuild=0.0ms(60) underground.fog_update=0.0ms(60) mountain_shadow.visual_rebuild=0.0ms(60)
[FrameBudget] streaming=0.0ms topology=0.0ms visual=0.0ms spawn=0.0ms total=0.0ms/6.0ms chunk_manager.streaming_load=0.0ms(60) chunk_manager.streaming_redraw=0.0ms(60) building.room_recompute=0.0ms(60) power.balance_recompute=0.0ms(60) chunk_manager.topology_rebuild=0.0ms(60) underground.fog_update=0.0ms(60) mountain_shadow.visual_rebuild=0.0ms(60)
[WorldPerf] ChunkStreaming.phase1_create (59, -1): 3.19 ms
[WorldPerf] FrameBudgetDispatcher.streaming.chunk_manager.streaming_load: 3.30 ms
[WorldPerf] FrameBudgetDispatcher.total: 3.50 ms
[WorldPerf] FrameBudgetDispatcher.total: 2.29 ms
[WorldPerf] FrameBudgetDispatcher.total: 2.07 ms
[WorldPerf] FrameBudgetDispatcher.total: 2.07 ms
[WorldPerf] FrameBudgetDispatcher.total: 2.11 ms
[WorldPerf] FrameBudgetDispatcher.total: 2.09 ms
[WorldPerf] FrameBudgetDispatcher.total: 2.05 ms
[FrameBudget] streaming=0.3ms topology=0.0ms visual=0.0ms spawn=0.0ms total=0.3ms/6.0ms chunk_manager.streaming_load=0.1ms(60) chunk_manager.streaming_redraw=0.2ms(60) building.room_recompute=0.0ms(60) power.balance_recompute=0.0ms(60) chunk_manager.topology_rebuild=0.0ms(60) underground.fog_update=0.0ms(60) mountain_shadow.visual_rebuild=0.0ms(60)
[WorldPerf] FrameBudgetDispatcher.total: 2.06 ms
[WorldPerf] FrameBudgetDispatcher.total: 2.10 ms
[WorldPerf] FrameBudgetDispatcher.total: 2.05 ms
[WorldPerf] FrameBudgetDispatcher.total: 2.07 ms
[WorldPerf] FrameBudgetDispatcher.total: 2.04 ms
[WorldPerf] FrameBudgetDispatcher.total: 2.08 ms
[WorldPerf] FrameBudgetDispatcher.total: 2.08 ms
[WorldPerf] FrameBudgetDispatcher.total: 2.06 ms
[WorldPerf] FrameBudgetDispatcher.streaming.chunk_manager.streaming_redraw: 2.00 ms
[WorldPerf] FrameBudgetDispatcher.total: 2.17 ms
[WorldPerf] FrameBudgetDispatcher.total: 2.10 ms
[WorldPerf] FrameBudgetDispatcher.total: 2.10 ms
[FrameBudget] streaming=0.4ms topology=0.0ms visual=0.0ms spawn=0.0ms total=0.4ms/6.0ms chunk_manager.streaming_load=0.0ms(60) chunk_manager.streaming_redraw=0.4ms(60) building.room_recompute=0.0ms(60) power.balance_recompute=0.0ms(60) chunk_manager.topology_rebuild=0.0ms(60) underground.fog_update=0.0ms(60) mountain_shadow.visual_rebuild=0.0ms(60)
[CodexValidation] reached waypoint 4/6 at (241664.0, -16384.0)
[FrameBudget] streaming=0.0ms topology=0.0ms visual=0.0ms spawn=0.0ms total=0.0ms/6.0ms chunk_manager.streaming_load=0.0ms(60) chunk_manager.streaming_redraw=0.0ms(60) building.room_recompute=0.0ms(60) power.balance_recompute=0.0ms(60) chunk_manager.topology_rebuild=0.0ms(60) underground.fog_update=0.0ms(60) mountain_shadow.visual_rebuild=0.0ms(60)
[WorldPerf] === Frame Summary (300 frames) ===
[WorldPerf] Frame time: avg=6.9 ms, p99=6.9 ms, hitches=0
[WorldPerf] Frame budget: dispatcher=0.2ms streaming=0.2ms topology=0.0ms building=0.0ms power=0.0ms visual=0.0ms spawn=0.0ms total=0.2ms/6.0ms
[WorldPerf] FPS: 145.0
[WorldPerf] ChunkStreaming.phase1_create (59, -3): 11.27 ms
[WorldPerf] FrameBudgetDispatcher.streaming.chunk_manager.streaming_load: 11.40 ms
[WorldPerf] FrameBudgetDispatcher.total: 11.43 ms
[WorldPerf] FrameBudgetDispatcher.total: 2.39 ms
[WorldPerf] FrameBudgetDispatcher.total: 2.10 ms
[WorldPerf] FrameBudgetDispatcher.total: 2.02 ms
[WorldPerf] FrameBudgetDispatcher.total: 2.09 ms
[WorldPerf] FrameBudgetDispatcher.total: 2.09 ms
[WorldPerf] FrameBudgetDispatcher.total: 2.08 ms
[WorldPerf] FrameBudgetDispatcher.total: 2.08 ms
[FrameBudget] streaming=0.5ms topology=0.0ms visual=0.0ms spawn=0.0ms total=0.5ms/6.0ms chunk_manager.streaming_load=0.2ms(60) chunk_manager.streaming_redraw=0.2ms(59) building.room_recompute=0.0ms(59) power.balance_recompute=0.0ms(59) chunk_manager.topology_rebuild=0.0ms(59) underground.fog_update=0.0ms(59) mountain_shadow.visual_rebuild=0.0ms(59)
[WorldPerf] FrameBudgetDispatcher.total: 2.11 ms
[WorldPerf] FrameBudgetDispatcher.total: 2.10 ms
[WorldPerf] FrameBudgetDispatcher.total: 2.09 ms
[WorldPerf] FrameBudgetDispatcher.total: 2.08 ms
[WorldPerf] FrameBudgetDispatcher.total: 2.06 ms
[WorldPerf] FrameBudgetDispatcher.total: 2.03 ms
[WorldPerf] FrameBudgetDispatcher.total: 2.04 ms
[WorldPerf] FrameBudgetDispatcher.total: 2.12 ms
[WorldPerf] ChunkManager.streaming_redraw_step.done: 2.43 ms
[WorldPerf] FrameBudgetDispatcher.streaming.chunk_manager.streaming_redraw: 2.55 ms
[WorldPerf] FrameBudgetDispatcher.total: 2.75 ms
[FrameBudget] streaming=1.4ms topology=0.0ms visual=0.0ms spawn=0.0ms total=1.4ms/6.0ms chunk_manager.streaming_load=0.0ms(60) chunk_manager.streaming_redraw=1.4ms(60) building.room_recompute=0.0ms(60) power.balance_recompute=0.0ms(60) chunk_manager.topology_rebuild=0.0ms(60) underground.fog_update=0.0ms(60) mountain_shadow.visual_rebuild=0.0ms(60)
[WorldPerf] FrameBudgetDispatcher.total: 2.16 ms
[FrameBudget] streaming=1.3ms topology=0.0ms visual=0.0ms spawn=0.0ms total=1.3ms/6.0ms chunk_manager.streaming_load=0.0ms(60) chunk_manager.streaming_redraw=1.2ms(60) building.room_recompute=0.0ms(60) power.balance_recompute=0.0ms(60) chunk_manager.topology_rebuild=0.0ms(60) underground.fog_update=0.0ms(60) mountain_shadow.visual_rebuild=0.0ms(60)
[FrameBudget] streaming=0.4ms topology=0.0ms visual=0.0ms spawn=0.0ms total=0.4ms/6.0ms chunk_manager.streaming_load=0.0ms(60) chunk_manager.streaming_redraw=0.4ms(60) building.room_recompute=0.0ms(60) power.balance_recompute=0.0ms(60) chunk_manager.topology_rebuild=0.0ms(60) underground.fog_update=0.0ms(60) mountain_shadow.visual_rebuild=0.0ms(60)
[FrameBudget] streaming=0.0ms topology=0.0ms visual=0.0ms spawn=0.0ms total=0.0ms/6.0ms chunk_manager.streaming_load=0.0ms(60) chunk_manager.streaming_redraw=0.0ms(60) building.room_recompute=0.0ms(60) power.balance_recompute=0.0ms(60) chunk_manager.topology_rebuild=0.0ms(60) underground.fog_update=0.0ms(60) mountain_shadow.visual_rebuild=0.0ms(60)
[WorldPerf] === Frame Summary (300 frames) ===
[WorldPerf] Frame time: avg=6.9 ms, p99=6.9 ms, hitches=0
[WorldPerf] Frame budget: dispatcher=0.8ms streaming=0.7ms topology=0.0ms building=0.0ms power=0.0ms visual=0.0ms spawn=0.0ms total=0.7ms/6.0ms
[FrameBudget] streaming=0.0ms topology=0.0ms visual=0.0ms spawn=0.0ms total=0.0ms/6.0ms chunk_manager.streaming_load=0.0ms(60) chunk_manager.streaming_redraw=0.0ms(60) building.room_recompute=0.0ms(60) power.balance_recompute=0.0ms(60) chunk_manager.topology_rebuild=0.0ms(60) underground.fog_update=0.0ms(60) mountain_shadow.visual_rebuild=0.0ms(60)
[CodexValidation] reached waypoint 5/6 at (0.0, -16384.0)
[WorldPerf] ChunkStreaming.phase1_create (62, -4): 5.10 ms
[WorldPerf] FrameBudgetDispatcher.streaming.chunk_manager.streaming_load: 5.24 ms
[WorldPerf] FrameBudgetDispatcher.total: 5.46 ms
[WorldPerf] FrameBudgetDispatcher.total: 2.39 ms
[WorldPerf] FrameBudgetDispatcher.total: 2.03 ms
[WorldPerf] FrameBudgetDispatcher.total: 2.08 ms
[FrameBudget] streaming=0.2ms topology=0.0ms visual=0.0ms spawn=0.0ms total=0.2ms/6.0ms chunk_manager.streaming_load=0.1ms(60) chunk_manager.streaming_redraw=0.1ms(60) building.room_recompute=0.0ms(60) power.balance_recompute=0.0ms(60) chunk_manager.topology_rebuild=0.0ms(60) underground.fog_update=0.0ms(60) mountain_shadow.visual_rebuild=0.0ms(60)
[WorldPerf] FrameBudgetDispatcher.total: 2.08 ms
[WorldPerf] FrameBudgetDispatcher.total: 2.02 ms
[WorldPerf] FrameBudgetDispatcher.total: 2.07 ms
[WorldPerf] FrameBudgetDispatcher.total: 2.09 ms
[WorldPerf] FrameBudgetDispatcher.total: 2.08 ms
[WorldPerf] FrameBudgetDispatcher.total: 2.07 ms
[WorldPerf] FrameBudgetDispatcher.streaming.chunk_manager.streaming_redraw: 2.00 ms
[WorldPerf] FrameBudgetDispatcher.total: 2.14 ms
[WorldPerf] FrameBudgetDispatcher.total: 2.04 ms
[WorldPerf] FrameBudgetDispatcher.total: 2.10 ms
[WorldPerf] FrameBudgetDispatcher.total: 2.02 ms
[WorldPerf] FrameBudgetDispatcher.total: 2.07 ms
[WorldPerf] FrameBudgetDispatcher.total: 2.02 ms
[WorldPerf] FrameBudgetDispatcher.total: 2.01 ms
[WorldPerf] FrameBudgetDispatcher.total: 2.02 ms
[WorldPerf] FrameBudgetDispatcher.total: 2.09 ms
[WorldPerf] FrameBudgetDispatcher.total: 2.06 ms
[WorldPerf] FrameBudgetDispatcher.total: 2.06 ms
[FrameBudget] streaming=0.8ms topology=0.0ms visual=0.0ms spawn=0.0ms total=0.9ms/6.0ms chunk_manager.streaming_load=0.0ms(60) chunk_manager.streaming_redraw=0.8ms(60) building.room_recompute=0.0ms(60) power.balance_recompute=0.0ms(60) chunk_manager.topology_rebuild=0.0ms(60) underground.fog_update=0.0ms(60) mountain_shadow.visual_rebuild=0.0ms(60)
[FrameBudget] streaming=0.0ms topology=0.0ms visual=0.0ms spawn=0.0ms total=0.0ms/6.0ms chunk_manager.streaming_load=0.0ms(60) chunk_manager.streaming_redraw=0.0ms(60) building.room_recompute=0.0ms(60) power.balance_recompute=0.0ms(60) chunk_manager.topology_rebuild=0.0ms(60) underground.fog_update=0.0ms(60) mountain_shadow.visual_rebuild=0.0ms(60)
[WorldPerf] ChunkStreaming.phase1_create (0, -4): 3.30 ms
[WorldPerf] FrameBudgetDispatcher.streaming.chunk_manager.streaming_load: 3.41 ms
[WorldPerf] FrameBudgetDispatcher.total: 3.63 ms
[WorldPerf] FrameBudgetDispatcher.total: 2.46 ms
[WorldPerf] FrameBudgetDispatcher.total: 2.09 ms
[WorldPerf] FrameBudgetDispatcher.total: 2.02 ms
[WorldPerf] FrameBudgetDispatcher.total: 2.09 ms
[WorldPerf] FrameBudgetDispatcher.total: 2.05 ms
[FrameBudget] streaming=0.3ms topology=0.0ms visual=0.0ms spawn=0.0ms total=0.3ms/6.0ms chunk_manager.streaming_load=0.1ms(60) chunk_manager.streaming_redraw=0.2ms(60) building.room_recompute=0.0ms(60) power.balance_recompute=0.0ms(60) chunk_manager.topology_rebuild=0.0ms(60) underground.fog_update=0.0ms(60) mountain_shadow.visual_rebuild=0.0ms(60)
[WorldPerf] === Frame Summary (300 frames) ===
[WorldPerf] Frame time: avg=6.9 ms, p99=6.9 ms, hitches=0
[WorldPerf] Frame budget: dispatcher=0.4ms streaming=0.3ms topology=0.0ms building=0.0ms power=0.0ms visual=0.0ms spawn=0.0ms total=0.3ms/6.0ms
[WorldPerf] FrameBudgetDispatcher.total: 2.02 ms
[WorldPerf] FrameBudgetDispatcher.total: 2.03 ms
[WorldPerf] FrameBudgetDispatcher.total: 2.09 ms
[WorldPerf] FrameBudgetDispatcher.total: 2.10 ms
[WorldPerf] FrameBudgetDispatcher.total: 2.09 ms
[WorldPerf] FrameBudgetDispatcher.total: 2.04 ms
[WorldPerf] FrameBudgetDispatcher.total: 2.03 ms
[WorldPerf] FrameBudgetDispatcher.total: 2.02 ms
[WorldPerf] FrameBudgetDispatcher.total: 2.03 ms
[WorldPerf] FrameBudgetDispatcher.total: 2.05 ms
[WorldPerf] FrameBudgetDispatcher.total: 2.03 ms
[WorldPerf] FrameBudgetDispatcher.total: 2.07 ms
[WorldPerf] FrameBudgetDispatcher.total: 2.09 ms
[FrameBudget] streaming=0.5ms topology=0.0ms visual=0.0ms spawn=0.0ms total=0.5ms/6.0ms chunk_manager.streaming_load=0.0ms(60) chunk_manager.streaming_redraw=0.4ms(60) building.room_recompute=0.0ms(60) power.balance_recompute=0.0ms(60) chunk_manager.topology_rebuild=0.0ms(60) underground.fog_update=0.0ms(60) mountain_shadow.visual_rebuild=0.0ms(60)
[CodexValidation] reached waypoint 6/6 at (0.0, 0.0)
[FrameBudget] streaming=0.0ms topology=0.0ms visual=0.0ms spawn=0.0ms total=0.0ms/6.0ms chunk_manager.streaming_load=0.0ms(60) chunk_manager.streaming_redraw=0.0ms(60) building.room_recompute=0.0ms(60) power.balance_recompute=0.0ms(60) chunk_manager.topology_rebuild=0.0ms(60) underground.fog_update=0.0ms(60) mountain_shadow.visual_rebuild=0.0ms(60)
[WorldPerf] FPS: 145.0
[CodexValidation] route complete; draining background work
[WorldPerf] ChunkStreaming.phase1_create (0, -2): 13.39 ms
[WorldPerf] FrameBudgetDispatcher.streaming.chunk_manager.streaming_load: 13.51 ms
[WorldPerf] FrameBudgetDispatcher.total: 13.65 ms
[WorldPerf] FrameBudgetDispatcher.total: 2.37 ms
[WorldPerf] FrameBudgetDispatcher.total: 2.07 ms
[WorldPerf] FrameBudgetDispatcher.total: 2.05 ms
[FrameBudget] streaming=0.4ms topology=0.0ms visual=0.0ms spawn=0.0ms total=0.4ms/6.0ms chunk_manager.streaming_load=0.3ms(60) chunk_manager.streaming_redraw=0.2ms(59) building.room_recompute=0.0ms(59) power.balance_recompute=0.0ms(59) chunk_manager.topology_rebuild=0.0ms(59) underground.fog_update=0.0ms(59) mountain_shadow.visual_rebuild=0.0ms(59)
[WorldPerf] FrameBudgetDispatcher.total: 2.10 ms
[WorldPerf] FrameBudgetDispatcher.streaming.chunk_manager.streaming_redraw: 2.02 ms
[WorldPerf] FrameBudgetDispatcher.total: 2.20 ms
[WorldPerf] FrameBudgetDispatcher.total: 2.02 ms
[WorldPerf] FrameBudgetDispatcher.total: 2.07 ms
[WorldPerf] FrameBudgetDispatcher.total: 2.08 ms
[WorldPerf] FrameBudgetDispatcher.total: 2.10 ms
[WorldPerf] FrameBudgetDispatcher.total: 2.03 ms
[WorldPerf] FrameBudgetDispatcher.total: 2.11 ms
[WorldPerf] FrameBudgetDispatcher.total: 2.08 ms
[WorldPerf] FrameBudgetDispatcher.total: 2.10 ms
[WorldPerf] FrameBudgetDispatcher.streaming.chunk_manager.streaming_redraw: 2.33 ms
[WorldPerf] FrameBudgetDispatcher.total: 2.46 ms
[WorldPerf] ChunkManager.streaming_redraw_step.done: 2.15 ms
[WorldPerf] FrameBudgetDispatcher.streaming.chunk_manager.streaming_redraw: 2.20 ms
[WorldPerf] FrameBudgetDispatcher.total: 2.45 ms
[WorldPerf] FrameBudgetDispatcher.total: 2.04 ms
[WorldPerf] ChunkManager.streaming_redraw_step.done: 3.68 ms
[WorldPerf] FrameBudgetDispatcher.streaming.chunk_manager.streaming_redraw: 3.77 ms
[WorldPerf] FrameBudgetDispatcher.total: 4.00 ms
[FrameBudget] streaming=1.9ms topology=0.0ms visual=0.0ms spawn=0.0ms total=1.9ms/6.0ms chunk_manager.streaming_load=0.0ms(60) chunk_manager.streaming_redraw=1.8ms(60) building.room_recompute=0.0ms(60) power.balance_recompute=0.0ms(60) chunk_manager.topology_rebuild=0.0ms(60) underground.fog_update=0.0ms(60) mountain_shadow.visual_rebuild=0.0ms(60)
[WorldPerf] FrameBudgetDispatcher.total: 2.12 ms
[WorldPerf] FrameBudgetDispatcher.total: 2.11 ms
[WorldPerf] ChunkManager.streaming_redraw_step.done: 2.18 ms
[WorldPerf] FrameBudgetDispatcher.streaming.chunk_manager.streaming_redraw: 2.31 ms
[WorldPerf] FrameBudgetDispatcher.total: 2.49 ms
[WorldPerf] ChunkManager.streaming_redraw_step.done: 2.15 ms
[WorldPerf] FrameBudgetDispatcher.streaming.chunk_manager.streaming_redraw: 2.23 ms
[WorldPerf] FrameBudgetDispatcher.total: 2.50 ms
[WorldPerf] FrameBudgetDispatcher.total: 2.04 ms
[FrameBudget] streaming=1.8ms topology=0.0ms visual=0.0ms spawn=0.0ms total=1.8ms/6.0ms chunk_manager.streaming_load=0.0ms(60) chunk_manager.streaming_redraw=1.8ms(60) building.room_recompute=0.0ms(60) power.balance_recompute=0.0ms(60) chunk_manager.topology_rebuild=0.0ms(60) underground.fog_update=0.0ms(60) mountain_shadow.visual_rebuild=0.0ms(60)
[WorldPerf] === Frame Summary (300 frames) ===
[WorldPerf] Frame time: avg=6.9 ms, p99=6.9 ms, hitches=0
[WorldPerf] Frame budget: dispatcher=1.0ms streaming=0.9ms topology=0.0ms building=0.0ms power=0.0ms visual=0.0ms spawn=0.0ms total=0.9ms/6.0ms
[CodexValidation] waiting for world catch-up
[CodexValidation] catch-up status: streaming_idle=false load_queue=23 redraw=1 staged_chunk=no staged_data=0 gen_task_id=3060 topology_ready=false native_topology=false native_dirty=false dirty=true build_in_progress=false
[WorldPerf] ChunkStreaming.phase1_create (0, 0): 13.88 ms
[WorldPerf] FrameBudgetDispatcher.streaming.chunk_manager.streaming_load: 14.01 ms
[WorldPerf] FrameBudgetDispatcher.total: 14.04 ms
[WorldPerf] FrameBudgetDispatcher.total: 2.31 ms
[WorldPerf] FrameBudgetDispatcher.total: 2.09 ms
[WorldPerf] FrameBudgetDispatcher.total: 2.02 ms
[WorldPerf] FrameBudgetDispatcher.total: 2.08 ms
[WorldPerf] FrameBudgetDispatcher.total: 2.09 ms
[WorldPerf] FrameBudgetDispatcher.total: 2.02 ms
[WorldPerf] FrameBudgetDispatcher.total: 2.08 ms
[WorldPerf] FrameBudgetDispatcher.total: 2.08 ms
[WorldPerf] FrameBudgetDispatcher.total: 2.07 ms
[FrameBudget] streaming=1.1ms topology=0.0ms visual=0.0ms spawn=0.0ms total=1.1ms/6.0ms chunk_manager.streaming_load=0.3ms(60) chunk_manager.streaming_redraw=0.8ms(59) building.room_recompute=0.0ms(59) power.balance_recompute=0.0ms(59) chunk_manager.topology_rebuild=0.0ms(59) underground.fog_update=0.0ms(59) mountain_shadow.visual_rebuild=0.0ms(59)
[WorldPerf] FrameBudgetDispatcher.total: 2.08 ms
[WorldPerf] FrameBudgetDispatcher.total: 2.09 ms
[WorldPerf] FrameBudgetDispatcher.total: 2.03 ms
[WorldPerf] FrameBudgetDispatcher.total: 2.04 ms
[WorldPerf] FrameBudgetDispatcher.total: 2.04 ms
[WorldPerf] FrameBudgetDispatcher.streaming.chunk_manager.streaming_redraw: 2.65 ms
[WorldPerf] FrameBudgetDispatcher.total: 2.81 ms
[CodexValidation] catch-up status: streaming_idle=false load_queue=22 redraw=1 staged_chunk=no staged_data=0 gen_task_id=3207 topology_ready=false native_topology=false native_dirty=false dirty=true build_in_progress=false
[WorldPerf] ChunkManager.streaming_redraw_step.done: 2.17 ms
[WorldPerf] FrameBudgetDispatcher.streaming.chunk_manager.streaming_redraw: 2.26 ms
[WorldPerf] FrameBudgetDispatcher.total: 2.52 ms
[WorldPerf] FrameBudgetDispatcher.total: 2.06 ms
[FrameBudget] streaming=1.7ms topology=0.0ms visual=0.0ms spawn=0.0ms total=1.7ms/6.0ms chunk_manager.streaming_load=0.0ms(60) chunk_manager.streaming_redraw=1.6ms(60) building.room_recompute=0.0ms(60) power.balance_recompute=0.0ms(60) chunk_manager.topology_rebuild=0.0ms(60) underground.fog_update=0.0ms(60) mountain_shadow.visual_rebuild=0.0ms(60)
[CodexValidation] catch-up status: streaming_idle=false load_queue=22 redraw=1 staged_chunk=no staged_data=0 gen_task_id=3207 topology_ready=false native_topology=false native_dirty=false dirty=true build_in_progress=false
[FrameBudget] streaming=1.6ms topology=0.0ms visual=0.0ms spawn=0.0ms total=1.6ms/6.0ms chunk_manager.streaming_load=0.0ms(60) chunk_manager.streaming_redraw=1.5ms(60) building.room_recompute=0.0ms(60) power.balance_recompute=0.0ms(60) chunk_manager.topology_rebuild=0.0ms(60) underground.fog_update=0.0ms(60) mountain_shadow.visual_rebuild=0.0ms(60)
[CodexValidation] catch-up status: streaming_idle=false load_queue=22 redraw=1 staged_chunk=no staged_data=0 gen_task_id=3207 topology_ready=false native_topology=false native_dirty=false dirty=true build_in_progress=false
[WorldPerf] ChunkManager.streaming_redraw_step.done: 3.55 ms
[WorldPerf] FrameBudgetDispatcher.streaming.chunk_manager.streaming_redraw: 3.65 ms
[WorldPerf] FrameBudgetDispatcher.total: 3.88 ms
[WorldPerf] ChunkStreaming.phase1_create (0, -1): 13.83 ms
[WorldPerf] FrameBudgetDispatcher.streaming.chunk_manager.streaming_load: 13.96 ms
[WorldPerf] FrameBudgetDispatcher.total: 13.99 ms
[WorldPerf] FrameBudgetDispatcher.total: 2.42 ms
[WorldPerf] FrameBudgetDispatcher.total: 2.09 ms
[WorldPerf] FrameBudgetDispatcher.total: 2.08 ms
[WorldPerf] FrameBudgetDispatcher.total: 2.08 ms
[WorldPerf] FrameBudgetDispatcher.total: 2.01 ms
[WorldPerf] FrameBudgetDispatcher.total: 2.02 ms
[WorldPerf] FrameBudgetDispatcher.total: 2.07 ms
[WorldPerf] FrameBudgetDispatcher.total: 2.10 ms
[WorldPerf] FrameBudgetDispatcher.total: 2.07 ms
[WorldPerf] FrameBudgetDispatcher.total: 2.09 ms
[WorldPerf] FrameBudgetDispatcher.total: 2.06 ms
[WorldPerf] FrameBudgetDispatcher.total: 2.10 ms
[WorldPerf] FrameBudgetDispatcher.total: 2.09 ms
[WorldPerf] FrameBudgetDispatcher.total: 2.08 ms
[FrameBudget] streaming=1.1ms topology=0.0ms visual=0.0ms spawn=0.0ms total=1.1ms/6.0ms chunk_manager.streaming_load=0.3ms(60) chunk_manager.streaming_redraw=0.9ms(59) building.room_recompute=0.0ms(59) power.balance_recompute=0.0ms(59) chunk_manager.topology_rebuild=0.0ms(59) underground.fog_update=0.0ms(59) mountain_shadow.visual_rebuild=0.0ms(59)
[WorldPerf] FrameBudgetDispatcher.streaming.chunk_manager.streaming_redraw: 2.36 ms
[WorldPerf] FrameBudgetDispatcher.total: 2.55 ms
[WorldPerf] FrameBudgetDispatcher.total: 2.03 ms
[WorldPerf] ChunkManager.streaming_redraw_step.done: 2.68 ms
[WorldPerf] FrameBudgetDispatcher.streaming.chunk_manager.streaming_redraw: 2.76 ms
[WorldPerf] FrameBudgetDispatcher.total: 2.94 ms
[WorldPerf] FrameBudgetDispatcher.total: 2.06 ms
[CodexValidation] catch-up status: streaming_idle=false load_queue=21 redraw=1 staged_chunk=no staged_data=0 gen_task_id=3352 topology_ready=false native_topology=false native_dirty=false dirty=true build_in_progress=false
[WorldPerf] ChunkManager.streaming_redraw_step.done: 3.83 ms
[WorldPerf] FrameBudgetDispatcher.streaming.chunk_manager.streaming_redraw: 3.94 ms
[WorldPerf] FrameBudgetDispatcher.total: 4.12 ms
[WorldPerf] ChunkManager.streaming_redraw_step.done: 2.04 ms
[WorldPerf] FrameBudgetDispatcher.streaming.chunk_manager.streaming_redraw: 2.10 ms
[WorldPerf] FrameBudgetDispatcher.total: 2.26 ms
[WorldPerf] FrameBudgetDispatcher.total: 2.07 ms
[WorldPerf] ChunkManager.streaming_redraw_step.done: 2.05 ms
[WorldPerf] FrameBudgetDispatcher.streaming.chunk_manager.streaming_redraw: 2.13 ms
[WorldPerf] FrameBudgetDispatcher.total: 2.28 ms
[WorldPerf] FrameBudgetDispatcher.total: 2.05 ms
[WorldPerf] FrameBudgetDispatcher.total: 2.05 ms
[WorldPerf] FrameBudgetDispatcher.total: 2.00 ms
[WorldPerf] ChunkManager.streaming_redraw_step.done: 2.19 ms
[WorldPerf] FrameBudgetDispatcher.streaming.chunk_manager.streaming_redraw: 2.27 ms
[WorldPerf] FrameBudgetDispatcher.total: 2.51 ms
[WorldPerf] FrameBudgetDispatcher.total: 2.02 ms
[WorldPerf] FrameBudgetDispatcher.total: 2.03 ms
[WorldPerf] FrameBudgetDispatcher.total: 2.07 ms
[WorldPerf] ChunkManager.streaming_redraw_step.done: 2.00 ms
[WorldPerf] FrameBudgetDispatcher.streaming.chunk_manager.streaming_redraw: 2.08 ms
[WorldPerf] FrameBudgetDispatcher.total: 2.35 ms
[WorldPerf] FrameBudgetDispatcher.total: 2.12 ms
[WorldPerf] FrameBudgetDispatcher.total: 2.06 ms
[WorldPerf] FrameBudgetDispatcher.total: 2.05 ms
[WorldPerf] ChunkManager.streaming_redraw_step.done: 2.26 ms
[WorldPerf] FrameBudgetDispatcher.streaming.chunk_manager.streaming_redraw: 2.31 ms
[WorldPerf] FrameBudgetDispatcher.total: 2.47 ms
[WorldPerf] FrameBudgetDispatcher.total: 2.07 ms
[WorldPerf] FrameBudgetDispatcher.total: 2.01 ms
[WorldPerf] FrameBudgetDispatcher.total: 2.01 ms
[WorldPerf] FrameBudgetDispatcher.total: 2.00 ms
[WorldPerf] FrameBudgetDispatcher.total: 2.06 ms
[WorldPerf] FrameBudgetDispatcher.total: 2.03 ms
[WorldPerf] ChunkManager.streaming_redraw_step.done: 2.04 ms
[WorldPerf] FrameBudgetDispatcher.streaming.chunk_manager.streaming_redraw: 2.12 ms
[WorldPerf] FrameBudgetDispatcher.total: 2.27 ms
[WorldPerf] FrameBudgetDispatcher.total: 2.06 ms
[WorldPerf] FrameBudgetDispatcher.total: 2.07 ms
[WorldPerf] FrameBudgetDispatcher.total: 2.03 ms
[WorldPerf] FrameBudgetDispatcher.total: 2.09 ms
[FrameBudget] streaming=2.0ms topology=0.0ms visual=0.0ms spawn=0.0ms total=2.0ms/6.0ms chunk_manager.streaming_load=0.0ms(60) chunk_manager.streaming_redraw=2.0ms(60) building.room_recompute=0.0ms(60) power.balance_recompute=0.0ms(60) chunk_manager.topology_rebuild=0.0ms(60) underground.fog_update=0.0ms(60) mountain_shadow.visual_rebuild=0.0ms(60)
[WorldPerf] === Frame Summary (300 frames) ===
[WorldPerf] Frame time: avg=6.9 ms, p99=6.9 ms, hitches=0
[WorldPerf] Frame budget: dispatcher=1.6ms streaming=1.5ms topology=0.0ms building=0.0ms power=0.0ms visual=0.0ms spawn=0.0ms total=1.5ms/6.0ms
[WorldPerf] ChunkManager.streaming_redraw_step.done: 2.00 ms
[WorldPerf] FrameBudgetDispatcher.streaming.chunk_manager.streaming_redraw: 2.06 ms
[WorldPerf] FrameBudgetDispatcher.total: 2.29 ms
[WorldPerf] FrameBudgetDispatcher.total: 2.01 ms
[WorldPerf] FrameBudgetDispatcher.total: 2.04 ms
[WorldPerf] FrameBudgetDispatcher.total: 2.10 ms
[WorldPerf] FrameBudgetDispatcher.total: 2.10 ms
[WorldPerf] FrameBudgetDispatcher.total: 2.05 ms
[WorldPerf] ChunkManager.streaming_redraw_step.done: 2.01 ms
[WorldPerf] FrameBudgetDispatcher.streaming.chunk_manager.streaming_redraw: 2.08 ms
[WorldPerf] FrameBudgetDispatcher.total: 2.24 ms
[CodexValidation] catch-up status: streaming_idle=false load_queue=21 redraw=1 staged_chunk=no staged_data=0 gen_task_id=3352 topology_ready=false native_topology=false native_dirty=false dirty=true build_in_progress=false
[WorldPerf] FrameBudgetDispatcher.total: 2.01 ms
[WorldPerf] FrameBudgetDispatcher.total: 2.05 ms
[WorldPerf] FrameBudgetDispatcher.total: 2.00 ms
[WorldPerf] ChunkManager.streaming_redraw_step.done: 2.04 ms
[WorldPerf] FrameBudgetDispatcher.streaming.chunk_manager.streaming_redraw: 2.09 ms
[WorldPerf] FrameBudgetDispatcher.total: 2.27 ms
[WorldPerf] FrameBudgetDispatcher.total: 2.05 ms
[WorldPerf] FrameBudgetDispatcher.total: 2.09 ms
[WorldPerf] FrameBudgetDispatcher.total: 2.02 ms
[WorldPerf] ChunkManager.streaming_redraw_step.done: 2.06 ms
[WorldPerf] FrameBudgetDispatcher.streaming.chunk_manager.streaming_redraw: 2.12 ms
[WorldPerf] FrameBudgetDispatcher.total: 2.28 ms
[WorldPerf] FrameBudgetDispatcher.total: 2.12 ms
[WorldPerf] ChunkManager.streaming_redraw_step.done: 2.19 ms
[WorldPerf] FrameBudgetDispatcher.streaming.chunk_manager.streaming_redraw: 2.27 ms
[WorldPerf] FrameBudgetDispatcher.total: 2.46 ms
[WorldPerf] ChunkManager.streaming_redraw_step.done: 2.08 ms
[WorldPerf] FrameBudgetDispatcher.streaming.chunk_manager.streaming_redraw: 2.15 ms
[WorldPerf] FrameBudgetDispatcher.total: 2.28 ms
[WorldPerf] ChunkManager.streaming_redraw_step.done: 2.14 ms
[WorldPerf] FrameBudgetDispatcher.streaming.chunk_manager.streaming_redraw: 2.21 ms
[WorldPerf] FrameBudgetDispatcher.total: 2.35 ms
[WorldPerf] ChunkManager.streaming_redraw_step.done: 2.08 ms
[WorldPerf] FrameBudgetDispatcher.streaming.chunk_manager.streaming_redraw: 2.15 ms
[WorldPerf] FrameBudgetDispatcher.total: 2.30 ms
[WorldPerf] ChunkManager.streaming_redraw_step.done: 2.01 ms
[WorldPerf] FrameBudgetDispatcher.streaming.chunk_manager.streaming_redraw: 2.08 ms
[WorldPerf] FrameBudgetDispatcher.total: 2.32 ms
[WorldPerf] ChunkManager.streaming_redraw_step.done: 2.03 ms
[WorldPerf] FrameBudgetDispatcher.streaming.chunk_manager.streaming_redraw: 2.10 ms
[WorldPerf] FrameBudgetDispatcher.total: 2.25 ms
[WorldPerf] FrameBudgetDispatcher.total: 2.07 ms
[WorldPerf] FrameBudgetDispatcher.total: 2.05 ms
[WorldPerf] FrameBudgetDispatcher.total: 2.07 ms
[WorldPerf] FrameBudgetDispatcher.total: 2.03 ms
[WorldPerf] FrameBudgetDispatcher.total: 2.04 ms
[WorldPerf] ChunkManager.streaming_redraw_step.done: 2.16 ms
[WorldPerf] FrameBudgetDispatcher.streaming.chunk_manager.streaming_redraw: 2.22 ms
[WorldPerf] FrameBudgetDispatcher.total: 2.38 ms
[WorldPerf] FrameBudgetDispatcher.total: 2.11 ms
[WorldPerf] ChunkManager.streaming_redraw_step.done: 2.07 ms
[WorldPerf] FrameBudgetDispatcher.streaming.chunk_manager.streaming_redraw: 2.12 ms
[WorldPerf] FrameBudgetDispatcher.total: 2.24 ms
[WorldPerf] FrameBudgetDispatcher.total: 2.05 ms
[WorldPerf] FrameBudgetDispatcher.total: 2.00 ms
[WorldPerf] FrameBudgetDispatcher.total: 2.08 ms
[WorldPerf] FrameBudgetDispatcher.total: 2.06 ms
[WorldPerf] ChunkManager.streaming_redraw_step.done: 2.64 ms
[WorldPerf] FrameBudgetDispatcher.streaming.chunk_manager.streaming_redraw: 2.73 ms
[WorldPerf] FrameBudgetDispatcher.total: 3.02 ms
[WorldPerf] FrameBudgetDispatcher.total: 2.04 ms
[WorldPerf] FrameBudgetDispatcher.total: 2.01 ms
[WorldPerf] FrameBudgetDispatcher.total: 2.00 ms
[WorldPerf] FrameBudgetDispatcher.streaming.chunk_manager.streaming_redraw: 2.00 ms
[WorldPerf] FrameBudgetDispatcher.total: 2.16 ms
[WorldPerf] ChunkManager.streaming_redraw_step.done: 2.01 ms
[WorldPerf] FrameBudgetDispatcher.streaming.chunk_manager.streaming_redraw: 2.10 ms
[WorldPerf] FrameBudgetDispatcher.total: 2.25 ms
[WorldPerf] FrameBudgetDispatcher.total: 2.13 ms
[WorldPerf] FrameBudgetDispatcher.total: 2.06 ms
[WorldPerf] FrameBudgetDispatcher.total: 2.02 ms
[WorldPerf] FrameBudgetDispatcher.total: 2.01 ms
[FrameBudget] streaming=2.0ms topology=0.0ms visual=0.0ms spawn=0.0ms total=2.0ms/6.0ms chunk_manager.streaming_load=0.0ms(60) chunk_manager.streaming_redraw=2.0ms(60) building.room_recompute=0.0ms(60) power.balance_recompute=0.0ms(60) chunk_manager.topology_rebuild=0.0ms(60) underground.fog_update=0.0ms(60) mountain_shadow.visual_rebuild=0.0ms(60)
[WorldPerf] FrameBudgetDispatcher.total: 2.01 ms
[WorldPerf] FrameBudgetDispatcher.total: 2.07 ms
[WorldPerf] ChunkManager.streaming_redraw_step.done: 2.10 ms
[WorldPerf] FrameBudgetDispatcher.streaming.chunk_manager.streaming_redraw: 2.18 ms
[WorldPerf] FrameBudgetDispatcher.total: 2.35 ms
[WorldPerf] ChunkManager.streaming_redraw_step.done: 4.23 ms
[WorldPerf] FrameBudgetDispatcher.streaming.chunk_manager.streaming_redraw: 4.34 ms
[WorldPerf] FrameBudgetDispatcher.total: 4.55 ms
[CodexValidation] catch-up status: streaming_idle=false load_queue=21 redraw=0 staged_chunk=no staged_data=0 gen_task_id=3352 topology_ready=false native_topology=false native_dirty=false dirty=true build_in_progress=false
ERROR: world catch-up timeout: streaming_idle=false load_queue=21 redraw=0 staged_chunk=no staged_data=0 gen_task_id=3352 topology_ready=false native_topology=false native_dirty=false dirty=true build_in_progress=false
   at: push_error (core/variant/variant_utility.cpp:1024)
   GDScript backtrace (most recent call first):
       [0] _fail_validation (res://core/debug/runtime_validation_driver.gd:620)
       [1] _process (res://core/debug/runtime_validation_driver.gd:129)
[CodexValidation] validation failed: world catch-up timeout: streaming_idle=false load_queue=21 redraw=0 staged_chunk=no staged_data=0 gen_task_id=3352 topology_ready=false native_topology=false native_dirty=false dirty=true build_in_progress=false
WARNING: ObjectDB instances leaked at exit (run with --verbose for details).
   at: cleanup (core/object/object.cpp:2641)
ERROR: 7 resources still in use at exit (run with --verbose for details).
   at: clear (core/io/resource.cpp:810)
