Godot Engine v4.6.1.stable.official.14d19694e - https://godotengine.org

ERROR: Failed to read the root certificate store.
   at: get_system_ca_certificates (platform/windows/os_windows.cpp:2570)
[CodexValidation] runtime validation driver enabled
[WorldPerf] GameWorld._ready: 35.54 ms
[ChunkTilesetFactory] atlas_tiles=240, wall_base_count=47, wall_variant_count=5
[ChunkTilesetFactory] atlas_tiles=240, wall_base_count=47, wall_variant_count=5
[ChunkTilesetFactory] atlas_tiles=240, wall_base_count=47, wall_variant_count=5
[ChunkTilesetFactory] atlas_tiles=240, wall_base_count=47, wall_variant_count=5
[ChunkTilesetFactory] atlas_tiles=240, wall_base_count=47, wall_variant_count=5
[ChunkTilesetFactory] atlas_tiles=240, wall_base_count=47, wall_variant_count=5
[ChunkTilesetFactory] atlas_tiles=240, wall_base_count=47, wall_variant_count=5
[WorldPerf] Chunk._redraw_all (0, 0): 17.83 ms
[WorldPerf] ChunkManager._load_chunk (0, 0): 1185.15 ms
[WorldPerf] ChunkManager._load_chunk (1, 0): 1167.60 ms
[WorldPerf] Chunk._redraw_all (1, 0): 17.81 ms
[WorldPerf] ChunkManager._load_chunk (63, 0): 1158.06 ms
[WorldPerf] Chunk._redraw_all (63, 0): 15.49 ms
[WorldPerf] ChunkManager._load_chunk (0, -1): 1169.44 ms
[WorldPerf] Chunk._redraw_all (0, -1): 17.47 ms
[WorldPerf] ChunkManager._load_chunk (0, 1): 1263.81 ms
[WorldPerf] Chunk._redraw_all (0, 1): 16.61 ms
[WorldPerf] ChunkManager._load_chunk (2, 0): 1164.36 ms
[WorldPerf] Chunk._redraw_all (2, 0): 17.04 ms
[WorldPerf] ChunkManager._load_chunk (62, 0): 1163.17 ms
[WorldPerf] Chunk._redraw_all (62, 0): 16.79 ms
[WorldPerf] ChunkManager._load_chunk (1, 1): 1478.79 ms
[WorldPerf] Chunk._redraw_all (1, 1): 33.50 ms
[WorldPerf] ChunkManager._load_chunk (63, -1): 1336.28 ms
[WorldPerf] Chunk._redraw_all (63, -1): 16.44 ms
[WorldPerf] ChunkManager._load_chunk (63, 1): 1138.35 ms
[WorldPerf] Chunk._redraw_all (63, 1): 14.64 ms
[WorldPerf] ChunkManager._load_chunk (1, -1): 1207.14 ms
[WorldPerf] Chunk._redraw_all (1, -1): 18.39 ms
[WorldPerf] ChunkManager._load_chunk (0, -2): 1222.07 ms
[WorldPerf] Chunk._redraw_all (0, -2): 21.01 ms
[WorldPerf] ChunkManager._load_chunk (0, 2): 1183.88 ms
[WorldPerf] Chunk._redraw_all (0, 2): 15.65 ms
[WorldPerf] ChunkManager._load_chunk (2, -1): 1233.78 ms
[WorldPerf] Chunk._redraw_all (2, -1): 25.06 ms
[WorldPerf] ChunkManager._load_chunk (1, 2): 1178.32 ms
[WorldPerf] Chunk._redraw_all (1, 2): 15.30 ms
[WorldPerf] ChunkManager._load_chunk (1, -2): 1145.88 ms
[WorldPerf] Chunk._redraw_all (1, -2): 22.49 ms
[WorldPerf] ChunkManager._load_chunk (63, 2): 1023.91 ms
[WorldPerf] Chunk._redraw_all (63, 2): 14.62 ms
[WorldPerf] ChunkManager._load_chunk (63, -2): 1154.63 ms
[WorldPerf] Chunk._redraw_all (63, -2): 15.79 ms
[WorldPerf] ChunkManager._load_chunk (2, 1): 1160.86 ms
[WorldPerf] Chunk._redraw_all (2, 1): 17.76 ms
[WorldPerf] ChunkManager._load_chunk (62, 1): 1169.60 ms
[WorldPerf] Chunk._redraw_all (62, 1): 16.97 ms
[WorldPerf] ChunkManager._load_chunk (62, -1): 1154.65 ms
[WorldPerf] Chunk._redraw_all (62, -1): 16.70 ms
[WorldPerf] ChunkManager._load_chunk (2, 2): 1170.95 ms
[WorldPerf] Chunk._redraw_all (2, 2): 15.46 ms
[WorldPerf] ChunkManager._load_chunk (2, -2): 1185.11 ms
[WorldPerf] Chunk._redraw_all (2, -2): 71.57 ms
[WorldPerf] FrameBudgetDispatcher.visual.mountain_shadow.visual_rebuild: 2.51 ms
[WorldPerf] FrameBudgetDispatcher.total: 2.66 ms
[WorldPerf] ChunkManager._load_chunk (62, 2): 1243.05 ms
[WorldPerf] Chunk._redraw_all (62, 2): 16.65 ms
[WorldPerf] Shadow.edge_cache_slice: 3.10 ms
[WorldPerf] FrameBudgetDispatcher.visual.mountain_shadow.visual_rebuild: 3.25 ms
[WorldPerf] FrameBudgetDispatcher.total: 3.36 ms
[WorldPerf] ChunkManager._load_chunk (62, -2): 1278.16 ms
[WorldPerf] Chunk._redraw_all (62, -2): 18.40 ms
[WorldPerf] Shadow.edge_cache_slice: 2.04 ms
[WorldPerf] FrameBudgetDispatcher.visual.mountain_shadow.visual_rebuild: 2.20 ms
[WorldPerf] FrameBudgetDispatcher.total: 2.41 ms
[WorldPerf] FrameBudgetDispatcher.visual.mountain_shadow.visual_rebuild: 2.01 ms
[WorldPerf] FrameBudgetDispatcher.total: 2.11 ms
[WorldPerf] ChunkManager._rebuild_loaded_mountain_topology.boot: 51.79 ms
[WorldPerf] FrameBudgetDispatcher.visual.mountain_shadow.visual_rebuild: 2.02 ms
[WorldPerf] FrameBudgetDispatcher.total: 2.15 ms
[CodexValidation] room validation prepared at (4, 4)
[CodexValidation] power validation prepared at (8, 4)
[CodexValidation] mining validation prepared at (188, -64)
[CodexValidation] boot complete; route prepared
[FrameBudget] streaming=0.0ms topology=0.0ms visual=0.4ms spawn=0.0ms total=0.4ms/6.0ms chunk_manager.streaming_load=0.0ms(60) chunk_manager.streaming_redraw=0.0ms(60) building.room_recompute=0.0ms(60) power.balance_recompute=0.0ms(60) chunk_manager.topology_rebuild=0.0ms(60) underground.fog_update=0.0ms(60) mountain_shadow.visual_rebuild=0.4ms(60)
[CodexValidation] built validation room
[CodexValidation] removed validation room wall (5, 4)
[CodexValidation] re-placed validation room wall (5, 4)
[FrameBudget] streaming=0.0ms topology=0.0ms visual=0.0ms spawn=0.0ms total=0.0ms/6.0ms chunk_manager.streaming_load=0.0ms(60) chunk_manager.streaming_redraw=0.0ms(60) building.room_recompute=0.0ms(60) power.balance_recompute=0.0ms(60) chunk_manager.topology_rebuild=0.0ms(60) underground.fog_update=0.0ms(60) mountain_shadow.visual_rebuild=0.0ms(60)
[CodexValidation] destroyed validation room wall (4, 5)
[CodexValidation] room validation complete
[CodexValidation] placed validation battery (8, 4)
[CodexValidation] removed validation battery (8, 4)
[CodexValidation] power validation complete
[CodexValidation] mined entry tile (188, -64)
[WorldPerf] FrameBudgetDispatcher.topology.chunk_manager.topology_rebuild: 2.04 ms
[WorldPerf] FrameBudgetDispatcher.total: 3.10 ms
[WorldPerf] FrameBudgetDispatcher.topology.chunk_manager.topology_rebuild: 2.00 ms
[WorldPerf] FrameBudgetDispatcher.total: 2.12 ms
[WorldPerf] FrameBudgetDispatcher.total: 2.00 ms
[FrameBudget] streaming=0.0ms topology=0.1ms visual=0.0ms spawn=0.0ms total=0.2ms/6.0ms chunk_manager.streaming_load=0.0ms(60) chunk_manager.streaming_redraw=0.0ms(60) building.room_recompute=0.0ms(60) power.balance_recompute=0.0ms(60) chunk_manager.topology_rebuild=0.1ms(60) underground.fog_update=0.0ms(60) mountain_shadow.visual_rebuild=0.0ms(60)
[WorldPerf] FrameBudgetDispatcher.total: 2.02 ms
[WorldPerf] FrameBudgetDispatcher.total: 2.00 ms
[WorldPerf] FrameBudgetDispatcher.total: 2.04 ms
[WorldPerf] Topology.runtime.scan: 3.58 ms
[WorldPerf] FrameBudgetDispatcher.topology.chunk_manager.topology_rebuild: 3.67 ms
[WorldPerf] FrameBudgetDispatcher.total: 3.90 ms
[WorldPerf] FrameBudgetDispatcher.total: 2.05 ms
[WorldPerf] FrameBudgetDispatcher.topology.chunk_manager.topology_rebuild: 2.88 ms
[WorldPerf] FrameBudgetDispatcher.total: 3.01 ms
[WorldPerf] FrameBudgetDispatcher.total: 2.03 ms
[WorldPerf] FrameBudgetDispatcher.topology.chunk_manager.topology_rebuild: 3.61 ms
[WorldPerf] FrameBudgetDispatcher.total: 3.73 ms
[WorldPerf] FrameBudgetDispatcher.total: 2.05 ms
[WorldPerf] FrameBudgetDispatcher.topology.chunk_manager.topology_rebuild: 2.48 ms
[WorldPerf] FrameBudgetDispatcher.total: 2.59 ms
[WorldPerf] FrameBudgetDispatcher.total: 2.06 ms
[WorldPerf] FrameBudgetDispatcher.total: 2.00 ms
[CodexValidation] mined interior tile (189, -64)
[WorldPerf] FrameBudgetDispatcher.topology.chunk_manager.topology_rebuild: 2.10 ms
[WorldPerf] FrameBudgetDispatcher.total: 3.06 ms
[WorldPerf] Topology.runtime.scan: 2.53 ms
[WorldPerf] FrameBudgetDispatcher.topology.chunk_manager.topology_rebuild: 2.58 ms
[WorldPerf] FrameBudgetDispatcher.total: 2.87 ms
[WorldPerf] Topology.runtime.scan: 5.40 ms
[WorldPerf] FrameBudgetDispatcher.topology.chunk_manager.topology_rebuild: 5.50 ms
[WorldPerf] FrameBudgetDispatcher.total: 5.84 ms
[WorldPerf] Topology.runtime.scan: 2.56 ms
[WorldPerf] FrameBudgetDispatcher.topology.chunk_manager.topology_rebuild: 2.60 ms
[WorldPerf] FrameBudgetDispatcher.total: 2.90 ms
[WorldPerf] Topology.runtime.scan: 3.31 ms
[WorldPerf] FrameBudgetDispatcher.topology.chunk_manager.topology_rebuild: 3.36 ms
[WorldPerf] FrameBudgetDispatcher.total: 3.65 ms
[WorldPerf] Topology.runtime.scan: 2.63 ms
[WorldPerf] FrameBudgetDispatcher.topology.chunk_manager.topology_rebuild: 2.67 ms
[WorldPerf] FrameBudgetDispatcher.total: 2.98 ms
[WorldPerf] Topology.runtime.scan: 2.58 ms
[WorldPerf] FrameBudgetDispatcher.topology.chunk_manager.topology_rebuild: 2.61 ms
[WorldPerf] FrameBudgetDispatcher.total: 2.86 ms
[WorldPerf] Topology.runtime.scan: 2.57 ms
[WorldPerf] FrameBudgetDispatcher.topology.chunk_manager.topology_rebuild: 2.62 ms
[WorldPerf] FrameBudgetDispatcher.total: 2.89 ms
[WorldPerf] Topology.runtime.scan: 2.61 ms
[WorldPerf] FrameBudgetDispatcher.topology.chunk_manager.topology_rebuild: 2.65 ms
[WorldPerf] FrameBudgetDispatcher.total: 2.90 ms
[WorldPerf] Topology.runtime.scan: 2.63 ms
[WorldPerf] FrameBudgetDispatcher.topology.chunk_manager.topology_rebuild: 2.67 ms
[WorldPerf] FrameBudgetDispatcher.total: 2.96 ms
[WorldPerf] Topology.runtime.scan: 2.56 ms
[WorldPerf] FrameBudgetDispatcher.topology.chunk_manager.topology_rebuild: 2.60 ms
[WorldPerf] FrameBudgetDispatcher.total: 2.88 ms
[WorldPerf] Topology.runtime.scan: 2.64 ms
[WorldPerf] FrameBudgetDispatcher.topology.chunk_manager.topology_rebuild: 2.67 ms
[WorldPerf] FrameBudgetDispatcher.total: 2.92 ms
[WorldPerf] Topology.runtime.scan: 2.57 ms
[WorldPerf] FrameBudgetDispatcher.topology.chunk_manager.topology_rebuild: 2.61 ms
[WorldPerf] FrameBudgetDispatcher.total: 2.86 ms
[WorldPerf] Topology.runtime.scan: 2.58 ms
[WorldPerf] FrameBudgetDispatcher.topology.chunk_manager.topology_rebuild: 2.65 ms
[WorldPerf] FrameBudgetDispatcher.total: 2.89 ms
[WorldPerf] Topology.runtime.scan: 2.59 ms
[WorldPerf] FrameBudgetDispatcher.topology.chunk_manager.topology_rebuild: 2.63 ms
[WorldPerf] FrameBudgetDispatcher.total: 2.84 ms
[WorldPerf] Topology.runtime.scan: 2.31 ms
[WorldPerf] FrameBudgetDispatcher.topology.chunk_manager.topology_rebuild: 2.37 ms
[WorldPerf] FrameBudgetDispatcher.total: 2.49 ms
[WorldPerf] Topology.runtime.scan: 3.02 ms
[WorldPerf] FrameBudgetDispatcher.topology.chunk_manager.topology_rebuild: 4.30 ms
[WorldPerf] FrameBudgetDispatcher.total: 4.42 ms
[WorldPerf] Topology.runtime.scan: 3.17 ms
[WorldPerf] FrameBudgetDispatcher.topology.chunk_manager.topology_rebuild: 3.20 ms
[WorldPerf] FrameBudgetDispatcher.total: 3.32 ms
[WorldPerf] Topology.runtime.scan: 2.13 ms
[WorldPerf] FrameBudgetDispatcher.topology.chunk_manager.topology_rebuild: 3.28 ms
[WorldPerf] FrameBudgetDispatcher.total: 3.46 ms
[WorldPerf] ChunkManager.try_harvest_at_world: 2.86 ms
WARNING: [WorldPerf] WARNING: ChunkManager.try_harvest_at_world took 2.86 ms (contract: 2.0 ms)
   at: push_warning (core/variant/variant_utility.cpp:1034)
   GDScript backtrace (most recent call first):
       [0] _record (res://core/systems/world/world_perf_probe.gd:54)
       [1] end (res://core/systems/world/world_perf_probe.gd:42)
       [2] try_harvest_at_world (res://core/systems/world/chunk_manager.gd:485)
       [3] execute (res://core/systems/commands/harvest_tile_command.gd:18)
       [4] execute (res://core/systems/commands/command_executor.gd:15)
       [5] _mine_tile (res://core/debug/runtime_validation_driver.gd:645)
       [6] _process_mining_validation (res://core/debug/runtime_validation_driver.gd:552)
       [7] _process (res://core/debug/runtime_validation_driver.gd:107)
[CodexValidation] mined deeper tile (190, -64)
[WorldPerf] MountainRoofSystem._request_refresh: 2.03 ms
[WorldPerf] FPS: 98.0
[FrameBudget] streaming=0.0ms topology=1.6ms visual=0.0ms spawn=0.0ms total=1.7ms/6.0ms chunk_manager.streaming_load=0.0ms(60) chunk_manager.streaming_redraw=0.0ms(60) building.room_recompute=0.0ms(60) power.balance_recompute=0.0ms(60) chunk_manager.topology_rebuild=1.6ms(60) underground.fog_update=0.0ms(60) mountain_shadow.visual_rebuild=0.0ms(60)
[CodexValidation] moved player back to exterior tile (187, -64)
[CodexValidation] mining + persistence validation complete
[CodexValidation] route start
[FrameBudget] streaming=0.0ms topology=0.0ms visual=0.0ms spawn=0.0ms total=0.0ms/6.0ms chunk_manager.streaming_load=0.0ms(60) chunk_manager.streaming_redraw=0.0ms(60) building.room_recompute=0.0ms(60) power.balance_recompute=0.0ms(60) chunk_manager.topology_rebuild=0.0ms(60) underground.fog_update=0.0ms(60) mountain_shadow.visual_rebuild=0.0ms(60)
[WorldPerf] === Frame Summary (300 frames) ===
[WorldPerf] Frame time: avg=18.1 ms, p99=149.5 ms, hitches=28
[WorldPerf] Frame budget: dispatcher=0.5ms streaming=101.5ms topology=0.7ms building=0.0ms power=0.0ms visual=0.2ms spawn=0.0ms total=102.4ms/6.0ms
[WorldPerf] Boot work: streaming=0.0ms topology=0.2ms
[FrameBudget] streaming=0.0ms topology=0.0ms visual=0.0ms spawn=0.0ms total=0.1ms/6.0ms chunk_manager.streaming_load=0.0ms(60) chunk_manager.streaming_redraw=0.0ms(60) building.room_recompute=0.0ms(60) power.balance_recompute=0.0ms(60) chunk_manager.topology_rebuild=0.0ms(60) underground.fog_update=0.0ms(60) mountain_shadow.visual_rebuild=0.0ms(60)
[WorldPerf] ChunkStreaming.phase1_create (3, -1): 8.31 ms
[WorldPerf] FrameBudgetDispatcher.streaming.chunk_manager.streaming_load: 8.46 ms
[WorldPerf] FrameBudgetDispatcher.total: 8.49 ms
[WorldPerf] ChunkManager.streaming_redraw_step.terrain: 10.68 ms
[WorldPerf] FrameBudgetDispatcher.streaming.chunk_manager.streaming_redraw: 10.74 ms
[WorldPerf] FrameBudgetDispatcher.total: 11.02 ms
[WorldPerf] Shadow.edge_cache_slice: 6.32 ms
[WorldPerf] FrameBudgetDispatcher.visual.mountain_shadow.visual_rebuild: 6.99 ms
[WorldPerf] FrameBudgetDispatcher.total: 9.03 ms
[WorldPerf] FrameBudgetDispatcher.total: 2.96 ms
[WorldPerf] FrameBudgetDispatcher.total: 2.25 ms
[WorldPerf] FrameBudgetDispatcher.total: 2.09 ms
[WorldPerf] FrameBudgetDispatcher.total: 2.09 ms
[WorldPerf] FrameBudgetDispatcher.total: 2.08 ms
[WorldPerf] FrameBudgetDispatcher.total: 2.02 ms
[WorldPerf] ChunkManager.streaming_redraw_step.cover: 6.24 ms
[WorldPerf] FrameBudgetDispatcher.streaming.chunk_manager.streaming_redraw: 6.89 ms
[WorldPerf] FrameBudgetDispatcher.total: 6.97 ms
[WorldPerf] FrameBudgetDispatcher.total: 2.09 ms
[WorldPerf] FrameBudgetDispatcher.total: 2.12 ms
[WorldPerf] FrameBudgetDispatcher.total: 2.10 ms
[WorldPerf] ChunkManager.streaming_redraw_step.cliff: 2.72 ms
[WorldPerf] FrameBudgetDispatcher.streaming.chunk_manager.streaming_redraw: 4.65 ms
[WorldPerf] FrameBudgetDispatcher.total: 4.84 ms
[WorldPerf] FrameBudgetDispatcher.total: 2.05 ms
[WorldPerf] FrameBudgetDispatcher.total: 2.09 ms
[WorldPerf] FrameBudgetDispatcher.total: 2.04 ms
[WorldPerf] FrameBudgetDispatcher.total: 2.06 ms
[WorldPerf] FrameBudgetDispatcher.total: 2.04 ms
[WorldPerf] FrameBudgetDispatcher.total: 2.10 ms
[WorldPerf] FrameBudgetDispatcher.total: 2.08 ms
[FrameBudget] streaming=1.2ms topology=0.0ms visual=0.1ms spawn=0.0ms total=1.3ms/6.0ms chunk_manager.streaming_load=0.2ms(60) chunk_manager.streaming_redraw=1.0ms(59) building.room_recompute=0.0ms(57) power.balance_recompute=0.0ms(57) chunk_manager.topology_rebuild=0.0ms(57) underground.fog_update=0.0ms(57) mountain_shadow.visual_rebuild=0.1ms(57)
[FrameBudget] streaming=0.0ms topology=0.0ms visual=0.0ms spawn=0.0ms total=0.1ms/6.0ms chunk_manager.streaming_load=0.0ms(60) chunk_manager.streaming_redraw=0.0ms(60) building.room_recompute=0.0ms(60) power.balance_recompute=0.0ms(60) chunk_manager.topology_rebuild=0.0ms(60) underground.fog_update=0.0ms(60) mountain_shadow.visual_rebuild=0.0ms(60)
[CodexValidation] reached waypoint 1/6 at (24576.0, 0.0)
[FrameBudget] streaming=0.0ms topology=0.0ms visual=0.0ms spawn=0.0ms total=0.1ms/6.0ms chunk_manager.streaming_load=0.0ms(60) chunk_manager.streaming_redraw=0.0ms(60) building.room_recompute=0.0ms(60) power.balance_recompute=0.0ms(60) chunk_manager.topology_rebuild=0.0ms(60) underground.fog_update=0.0ms(60) mountain_shadow.visual_rebuild=0.0ms(60)
[WorldPerf] ChunkStreaming.phase1_create (4, -1): 12.27 ms
[WorldPerf] FrameBudgetDispatcher.streaming.chunk_manager.streaming_load: 12.47 ms
[WorldPerf] FrameBudgetDispatcher.total: 12.52 ms
[WorldPerf] FrameBudgetDispatcher.total: 3.31 ms
[WorldPerf] FrameBudgetDispatcher.total: 3.00 ms
[WorldPerf] FrameBudgetDispatcher.total: 2.98 ms
[WorldPerf] FrameBudgetDispatcher.total: 2.84 ms
[WorldPerf] FrameBudgetDispatcher.total: 2.99 ms
[WorldPerf] FrameBudgetDispatcher.total: 2.84 ms
[WorldPerf] FrameBudgetDispatcher.total: 2.87 ms
[WorldPerf] FrameBudgetDispatcher.total: 2.88 ms
[WorldPerf] FrameBudgetDispatcher.total: 2.05 ms
[WorldPerf] ChunkManager.streaming_redraw_step.terrain: 2.36 ms
[WorldPerf] FrameBudgetDispatcher.streaming.chunk_manager.streaming_redraw: 2.87 ms
[WorldPerf] FrameBudgetDispatcher.total: 3.13 ms
[WorldPerf] FrameBudgetDispatcher.total: 2.11 ms
[WorldPerf] FrameBudgetDispatcher.total: 2.08 ms
[WorldPerf] FrameBudgetDispatcher.total: 2.03 ms
[WorldPerf] FrameBudgetDispatcher.total: 2.03 ms
[WorldPerf] FrameBudgetDispatcher.total: 2.09 ms
[WorldPerf] FrameBudgetDispatcher.total: 2.11 ms
[WorldPerf] FrameBudgetDispatcher.total: 2.09 ms
[WorldPerf] FrameBudgetDispatcher.total: 2.07 ms
[WorldPerf] FrameBudgetDispatcher.total: 2.06 ms
[WorldPerf] FrameBudgetDispatcher.total: 2.10 ms
[WorldPerf] FrameBudgetDispatcher.total: 2.11 ms
[FrameBudget] streaming=1.2ms topology=0.0ms visual=0.1ms spawn=0.0ms total=1.3ms/6.0ms chunk_manager.streaming_load=0.3ms(60) chunk_manager.streaming_redraw=0.9ms(59) building.room_recompute=0.0ms(59) power.balance_recompute=0.0ms(59) chunk_manager.topology_rebuild=0.0ms(59) underground.fog_update=0.0ms(59) mountain_shadow.visual_rebuild=0.1ms(59)
[WorldPerf] === Frame Summary (300 frames) ===
[WorldPerf] Frame time: avg=6.9 ms, p99=7.1 ms, hitches=0
[WorldPerf] Frame budget: dispatcher=0.6ms streaming=0.5ms topology=0.0ms building=0.0ms power=0.0ms visual=0.1ms spawn=0.0ms total=0.6ms/6.0ms
[WorldPerf] FrameBudgetDispatcher.total: 2.05 ms
[WorldPerf] FrameBudgetDispatcher.total: 2.09 ms
[WorldPerf] FrameBudgetDispatcher.total: 2.08 ms
[WorldPerf] FrameBudgetDispatcher.total: 2.07 ms
[FrameBudget] streaming=0.2ms topology=0.0ms visual=0.0ms spawn=0.0ms total=0.2ms/6.0ms chunk_manager.streaming_load=0.0ms(60) chunk_manager.streaming_redraw=0.2ms(60) building.room_recompute=0.0ms(60) power.balance_recompute=0.0ms(60) chunk_manager.topology_rebuild=0.0ms(60) underground.fog_update=0.0ms(60) mountain_shadow.visual_rebuild=0.0ms(60)
[FrameBudget] streaming=0.0ms topology=0.0ms visual=0.0ms spawn=0.0ms total=0.1ms/6.0ms chunk_manager.streaming_load=0.0ms(60) chunk_manager.streaming_redraw=0.0ms(60) building.room_recompute=0.0ms(60) power.balance_recompute=0.0ms(60) chunk_manager.topology_rebuild=0.0ms(60) underground.fog_update=0.0ms(60) mountain_shadow.visual_rebuild=0.0ms(60)
[FrameBudget] streaming=0.0ms topology=0.0ms visual=0.0ms spawn=0.0ms total=0.1ms/6.0ms chunk_manager.streaming_load=0.0ms(60) chunk_manager.streaming_redraw=0.0ms(60) building.room_recompute=0.0ms(60) power.balance_recompute=0.0ms(60) chunk_manager.topology_rebuild=0.0ms(60) underground.fog_update=0.0ms(60) mountain_shadow.visual_rebuild=0.0ms(60)
[FrameBudget] streaming=0.0ms topology=0.0ms visual=0.0ms spawn=0.0ms total=0.1ms/6.0ms chunk_manager.streaming_load=0.0ms(60) chunk_manager.streaming_redraw=0.0ms(60) building.room_recompute=0.0ms(60) power.balance_recompute=0.0ms(60) chunk_manager.topology_rebuild=0.0ms(60) underground.fog_update=0.0ms(60) mountain_shadow.visual_rebuild=0.0ms(60)
[CodexValidation] reached waypoint 2/6 at (24576.0, 20480.0)
[FrameBudget] streaming=0.0ms topology=0.0ms visual=0.0ms spawn=0.0ms total=0.1ms/6.0ms chunk_manager.streaming_load=0.0ms(60) chunk_manager.streaming_redraw=0.0ms(60) building.room_recompute=0.0ms(60) power.balance_recompute=0.0ms(60) chunk_manager.topology_rebuild=0.0ms(60) underground.fog_update=0.0ms(60) mountain_shadow.visual_rebuild=0.0ms(60)
[WorldPerf] === Frame Summary (300 frames) ===
[WorldPerf] Frame time: avg=6.9 ms, p99=6.9 ms, hitches=0
[WorldPerf] Frame budget: dispatcher=0.2ms streaming=0.1ms topology=0.0ms building=0.0ms power=0.0ms visual=0.0ms spawn=0.0ms total=0.1ms/6.0ms
[WorldPerf] ChunkStreaming.phase1_create (6, 3): 8.73 ms
[WorldPerf] FrameBudgetDispatcher.streaming.chunk_manager.streaming_load: 8.88 ms
[WorldPerf] FrameBudgetDispatcher.total: 8.99 ms
[WorldPerf] ChunkManager.streaming_redraw_step.terrain: 8.23 ms
[WorldPerf] FrameBudgetDispatcher.streaming.chunk_manager.streaming_redraw: 8.32 ms
[WorldPerf] FrameBudgetDispatcher.total: 8.55 ms
[WorldPerf] ChunkManager.streaming_redraw_step.terrain: 32.71 ms
[WorldPerf] FrameBudgetDispatcher.streaming.chunk_manager.streaming_redraw: 32.80 ms
[WorldPerf] FrameBudgetDispatcher.total: 32.92 ms
[WorldPerf] Shadow.edge_cache_slice: 29.57 ms
[WorldPerf] FrameBudgetDispatcher.visual.mountain_shadow.visual_rebuild: 29.81 ms
[WorldPerf] FrameBudgetDispatcher.total: 31.90 ms
[WorldPerf] FPS: 145.0
[WorldPerf] ChunkManager.streaming_redraw_step.terrain: 2.16 ms
[WorldPerf] FrameBudgetDispatcher.streaming.chunk_manager.streaming_redraw: 2.20 ms
[WorldPerf] Shadow.edge_cache_slice: 5.30 ms
[WorldPerf] FrameBudgetDispatcher.visual.mountain_shadow.visual_rebuild: 5.40 ms
[WorldPerf] FrameBudgetDispatcher.total: 7.93 ms
[WorldPerf] Shadow.edge_cache_slice: 5.27 ms
[WorldPerf] FrameBudgetDispatcher.visual.mountain_shadow.visual_rebuild: 5.31 ms
[WorldPerf] FrameBudgetDispatcher.total: 7.40 ms
[WorldPerf] ChunkManager.streaming_redraw_step.terrain: 2.32 ms
[WorldPerf] FrameBudgetDispatcher.streaming.chunk_manager.streaming_redraw: 2.37 ms
[WorldPerf] Shadow.edge_cache_slice: 4.01 ms
[WorldPerf] FrameBudgetDispatcher.visual.mountain_shadow.visual_rebuild: 4.07 ms
[WorldPerf] FrameBudgetDispatcher.total: 6.57 ms
[WorldPerf] ChunkManager.streaming_redraw_step.terrain: 2.02 ms
[WorldPerf] FrameBudgetDispatcher.streaming.chunk_manager.streaming_redraw: 2.07 ms
[WorldPerf] Shadow.edge_cache_slice: 2.90 ms
[WorldPerf] FrameBudgetDispatcher.visual.mountain_shadow.visual_rebuild: 2.94 ms
[WorldPerf] FrameBudgetDispatcher.total: 5.15 ms
[WorldPerf] ChunkManager.streaming_redraw_step.terrain: 2.19 ms
[WorldPerf] FrameBudgetDispatcher.streaming.chunk_manager.streaming_redraw: 2.25 ms
[WorldPerf] Shadow.edge_cache_slice: 3.12 ms
[WorldPerf] FrameBudgetDispatcher.visual.mountain_shadow.visual_rebuild: 3.16 ms
[WorldPerf] FrameBudgetDispatcher.total: 5.74 ms
[FrameBudget] streaming=1.1ms topology=0.0ms visual=0.8ms spawn=0.0ms total=1.9ms/6.0ms chunk_manager.streaming_load=0.2ms(60) chunk_manager.streaming_redraw=0.9ms(59) building.room_recompute=0.0ms(57) power.balance_recompute=0.0ms(57) chunk_manager.topology_rebuild=0.0ms(57) underground.fog_update=0.0ms(57) mountain_shadow.visual_rebuild=0.8ms(57)
[WorldPerf] ChunkManager.streaming_redraw_step.terrain: 2.09 ms
[WorldPerf] FrameBudgetDispatcher.streaming.chunk_manager.streaming_redraw: 2.16 ms
[WorldPerf] Shadow.edge_cache_slice: 2.81 ms
[WorldPerf] FrameBudgetDispatcher.visual.mountain_shadow.visual_rebuild: 2.84 ms
[WorldPerf] FrameBudgetDispatcher.total: 5.17 ms
[WorldPerf] ChunkManager.streaming_redraw_step.terrain: 2.09 ms
[WorldPerf] FrameBudgetDispatcher.streaming.chunk_manager.streaming_redraw: 2.14 ms
[WorldPerf] Shadow.edge_cache_slice: 2.53 ms
[WorldPerf] FrameBudgetDispatcher.visual.mountain_shadow.visual_rebuild: 2.56 ms
[WorldPerf] FrameBudgetDispatcher.total: 4.87 ms
[WorldPerf] Shadow.edge_cache_slice: 3.15 ms
[WorldPerf] FrameBudgetDispatcher.visual.mountain_shadow.visual_rebuild: 3.21 ms
[WorldPerf] FrameBudgetDispatcher.total: 5.12 ms
[WorldPerf] ChunkManager.streaming_redraw_step.terrain: 2.31 ms
[WorldPerf] FrameBudgetDispatcher.streaming.chunk_manager.streaming_redraw: 2.35 ms
[WorldPerf] Shadow.edge_cache_slice: 2.99 ms
[WorldPerf] FrameBudgetDispatcher.visual.mountain_shadow.visual_rebuild: 3.02 ms
[WorldPerf] FrameBudgetDispatcher.total: 5.52 ms
[WorldPerf] ChunkManager.streaming_redraw_step.terrain: 2.08 ms
[WorldPerf] FrameBudgetDispatcher.streaming.chunk_manager.streaming_redraw: 2.12 ms
[WorldPerf] Shadow.edge_cache_slice: 3.01 ms
[WorldPerf] FrameBudgetDispatcher.visual.mountain_shadow.visual_rebuild: 3.04 ms
[WorldPerf] FrameBudgetDispatcher.total: 5.29 ms
[WorldPerf] ChunkManager.streaming_redraw_step.terrain: 2.28 ms
[WorldPerf] FrameBudgetDispatcher.streaming.chunk_manager.streaming_redraw: 2.32 ms
[WorldPerf] Shadow.edge_cache_slice: 2.96 ms
[WorldPerf] FrameBudgetDispatcher.visual.mountain_shadow.visual_rebuild: 2.99 ms
[WorldPerf] FrameBudgetDispatcher.total: 5.51 ms
[WorldPerf] ChunkManager.streaming_redraw_step.terrain: 2.10 ms
[WorldPerf] FrameBudgetDispatcher.streaming.chunk_manager.streaming_redraw: 2.14 ms
[WorldPerf] Shadow.edge_cache_slice: 3.05 ms
[WorldPerf] FrameBudgetDispatcher.visual.mountain_shadow.visual_rebuild: 3.08 ms
[WorldPerf] FrameBudgetDispatcher.total: 5.51 ms
[WorldPerf] Shadow.edge_cache_slice: 3.12 ms
[WorldPerf] FrameBudgetDispatcher.visual.mountain_shadow.visual_rebuild: 3.17 ms
[WorldPerf] FrameBudgetDispatcher.total: 4.85 ms
[WorldPerf] ChunkManager.streaming_redraw_step.terrain: 2.08 ms
[WorldPerf] FrameBudgetDispatcher.streaming.chunk_manager.streaming_redraw: 2.12 ms
[WorldPerf] Shadow.edge_cache_slice: 2.84 ms
[WorldPerf] FrameBudgetDispatcher.visual.mountain_shadow.visual_rebuild: 2.87 ms
[WorldPerf] FrameBudgetDispatcher.total: 5.13 ms
[WorldPerf] ChunkManager.streaming_redraw_step.terrain: 2.26 ms
[WorldPerf] FrameBudgetDispatcher.streaming.chunk_manager.streaming_redraw: 2.52 ms
[WorldPerf] Shadow.edge_cache_slice: 2.85 ms
[WorldPerf] FrameBudgetDispatcher.visual.mountain_shadow.visual_rebuild: 2.88 ms
[WorldPerf] FrameBudgetDispatcher.total: 5.52 ms
[WorldPerf] ChunkManager.streaming_redraw_step.terrain: 2.83 ms
[WorldPerf] FrameBudgetDispatcher.streaming.chunk_manager.streaming_redraw: 3.19 ms
[WorldPerf] Shadow.edge_cache_slice: 2.97 ms
[WorldPerf] FrameBudgetDispatcher.visual.mountain_shadow.visual_rebuild: 3.00 ms
[WorldPerf] FrameBudgetDispatcher.total: 6.32 ms
[WorldPerf] ChunkManager.streaming_redraw_step.terrain: 2.33 ms
[WorldPerf] FrameBudgetDispatcher.streaming.chunk_manager.streaming_redraw: 2.65 ms
[WorldPerf] Shadow.edge_cache_slice: 2.91 ms
[WorldPerf] FrameBudgetDispatcher.visual.mountain_shadow.visual_rebuild: 2.94 ms
[WorldPerf] FrameBudgetDispatcher.total: 5.75 ms
[WorldPerf] ChunkManager.streaming_redraw_step.terrain: 2.60 ms
[WorldPerf] FrameBudgetDispatcher.streaming.chunk_manager.streaming_redraw: 2.94 ms
[WorldPerf] Shadow.edge_cache_slice: 3.06 ms
[WorldPerf] FrameBudgetDispatcher.visual.mountain_shadow.visual_rebuild: 3.09 ms
[WorldPerf] FrameBudgetDispatcher.total: 6.17 ms
[WorldPerf] ChunkManager.streaming_redraw_step.terrain: 2.33 ms
[WorldPerf] FrameBudgetDispatcher.streaming.chunk_manager.streaming_redraw: 2.65 ms
[WorldPerf] Shadow.edge_cache_slice: 2.77 ms
[WorldPerf] FrameBudgetDispatcher.visual.mountain_shadow.visual_rebuild: 2.80 ms
[WorldPerf] FrameBudgetDispatcher.total: 5.61 ms
[WorldPerf] ChunkManager.streaming_redraw_step.terrain: 2.37 ms
[WorldPerf] FrameBudgetDispatcher.streaming.chunk_manager.streaming_redraw: 2.63 ms
[WorldPerf] FrameBudgetDispatcher.total: 4.71 ms
[WorldPerf] ChunkManager.streaming_redraw_step.terrain: 2.37 ms
[WorldPerf] FrameBudgetDispatcher.streaming.chunk_manager.streaming_redraw: 2.62 ms
[WorldPerf] FrameBudgetDispatcher.total: 3.70 ms
[WorldPerf] ChunkManager.streaming_redraw_step.terrain: 2.41 ms
[WorldPerf] FrameBudgetDispatcher.streaming.chunk_manager.streaming_redraw: 2.66 ms
[WorldPerf] FrameBudgetDispatcher.total: 3.86 ms
[WorldPerf] ChunkManager.streaming_redraw_step.terrain: 2.40 ms
[WorldPerf] FrameBudgetDispatcher.streaming.chunk_manager.streaming_redraw: 2.60 ms
[WorldPerf] FrameBudgetDispatcher.total: 3.34 ms
[WorldPerf] ChunkManager.streaming_redraw_step.terrain: 2.38 ms
[WorldPerf] FrameBudgetDispatcher.streaming.chunk_manager.streaming_redraw: 2.58 ms
[WorldPerf] Shadow.edge_cache_slice: 2.21 ms
[WorldPerf] FrameBudgetDispatcher.visual.mountain_shadow.visual_rebuild: 2.41 ms
[WorldPerf] FrameBudgetDispatcher.total: 5.17 ms
[WorldPerf] ChunkManager.streaming_redraw_step.terrain: 2.35 ms
[WorldPerf] FrameBudgetDispatcher.streaming.chunk_manager.streaming_redraw: 2.62 ms
[WorldPerf] FrameBudgetDispatcher.total: 3.77 ms
[WorldPerf] ChunkManager.streaming_redraw_step.terrain: 2.38 ms
[WorldPerf] FrameBudgetDispatcher.streaming.chunk_manager.streaming_redraw: 2.60 ms
[WorldPerf] FrameBudgetDispatcher.total: 3.23 ms
[WorldPerf] ChunkManager.streaming_redraw_step.terrain: 4.38 ms
[WorldPerf] FrameBudgetDispatcher.streaming.chunk_manager.streaming_redraw: 4.66 ms
[WorldPerf] FrameBudgetDispatcher.total: 4.88 ms
[WorldPerf] ChunkManager.streaming_redraw_step.terrain: 4.25 ms
[WorldPerf] FrameBudgetDispatcher.streaming.chunk_manager.streaming_redraw: 4.68 ms
[WorldPerf] FrameBudgetDispatcher.total: 4.97 ms
[WorldPerf] ChunkManager.streaming_redraw_step.terrain: 2.47 ms
[WorldPerf] FrameBudgetDispatcher.streaming.chunk_manager.streaming_redraw: 2.72 ms
[WorldPerf] FrameBudgetDispatcher.total: 3.05 ms
[WorldPerf] ChunkManager.streaming_redraw_step.terrain: 2.39 ms
[WorldPerf] FrameBudgetDispatcher.streaming.chunk_manager.streaming_redraw: 2.65 ms
[WorldPerf] FrameBudgetDispatcher.total: 2.77 ms
[WorldPerf] ChunkManager.streaming_redraw_step.terrain: 2.41 ms
[WorldPerf] FrameBudgetDispatcher.streaming.chunk_manager.streaming_redraw: 2.78 ms
[WorldPerf] FrameBudgetDispatcher.total: 2.91 ms
[WorldPerf] ChunkManager.streaming_redraw_step.terrain: 2.29 ms
[WorldPerf] FrameBudgetDispatcher.streaming.chunk_manager.streaming_redraw: 2.70 ms
[WorldPerf] FrameBudgetDispatcher.total: 2.83 ms
[WorldPerf] ChunkManager.streaming_redraw_step.terrain: 2.18 ms
[WorldPerf] FrameBudgetDispatcher.streaming.chunk_manager.streaming_redraw: 2.59 ms
[WorldPerf] FrameBudgetDispatcher.total: 2.91 ms
[WorldPerf] ChunkManager.streaming_redraw_step.terrain: 2.45 ms
[WorldPerf] FrameBudgetDispatcher.streaming.chunk_manager.streaming_redraw: 3.00 ms
[WorldPerf] FrameBudgetDispatcher.total: 3.16 ms
[WorldPerf] ChunkManager.streaming_redraw_step.terrain: 2.27 ms
[WorldPerf] FrameBudgetDispatcher.streaming.chunk_manager.streaming_redraw: 2.72 ms
[WorldPerf] FrameBudgetDispatcher.total: 2.85 ms
[WorldPerf] ChunkManager.streaming_redraw_step.terrain: 2.31 ms
[WorldPerf] FrameBudgetDispatcher.streaming.chunk_manager.streaming_redraw: 2.80 ms
[WorldPerf] FrameBudgetDispatcher.total: 2.92 ms
[WorldPerf] ChunkManager.streaming_redraw_step.terrain: 2.01 ms
[WorldPerf] FrameBudgetDispatcher.streaming.chunk_manager.streaming_redraw: 2.53 ms
[WorldPerf] FrameBudgetDispatcher.total: 2.67 ms
[WorldPerf] FrameBudgetDispatcher.streaming.chunk_manager.streaming_redraw: 2.51 ms
[WorldPerf] FrameBudgetDispatcher.total: 2.67 ms
[WorldPerf] ChunkManager.streaming_redraw_step.terrain: 2.03 ms
[WorldPerf] FrameBudgetDispatcher.streaming.chunk_manager.streaming_redraw: 2.64 ms
[WorldPerf] FrameBudgetDispatcher.total: 2.80 ms
[WorldPerf] FrameBudgetDispatcher.streaming.chunk_manager.streaming_redraw: 2.52 ms
[WorldPerf] FrameBudgetDispatcher.total: 2.65 ms
[WorldPerf] ChunkManager.streaming_redraw_step.terrain: 2.07 ms
[WorldPerf] FrameBudgetDispatcher.streaming.chunk_manager.streaming_redraw: 2.77 ms
[WorldPerf] FrameBudgetDispatcher.total: 2.90 ms
[WorldPerf] ChunkManager.streaming_redraw_step.terrain: 2.07 ms
[WorldPerf] FrameBudgetDispatcher.streaming.chunk_manager.streaming_redraw: 2.74 ms
[WorldPerf] FrameBudgetDispatcher.total: 2.86 ms
[WorldPerf] FrameBudgetDispatcher.streaming.chunk_manager.streaming_redraw: 2.36 ms
[WorldPerf] FrameBudgetDispatcher.total: 2.51 ms
[WorldPerf] FrameBudgetDispatcher.streaming.chunk_manager.streaming_redraw: 2.29 ms
[WorldPerf] FrameBudgetDispatcher.total: 2.44 ms
[WorldPerf] FrameBudgetDispatcher.streaming.chunk_manager.streaming_redraw: 2.60 ms
[WorldPerf] FrameBudgetDispatcher.total: 2.76 ms
[WorldPerf] FrameBudgetDispatcher.streaming.chunk_manager.streaming_redraw: 2.34 ms
[WorldPerf] FrameBudgetDispatcher.total: 2.50 ms
[WorldPerf] FrameBudgetDispatcher.streaming.chunk_manager.streaming_redraw: 2.06 ms
[WorldPerf] FrameBudgetDispatcher.total: 2.25 ms
[WorldPerf] FrameBudgetDispatcher.total: 2.09 ms
[WorldPerf] FrameBudgetDispatcher.streaming.chunk_manager.streaming_redraw: 2.09 ms
[WorldPerf] FrameBudgetDispatcher.total: 2.21 ms
[WorldPerf] FrameBudgetDispatcher.streaming.chunk_manager.streaming_redraw: 2.03 ms
[WorldPerf] FrameBudgetDispatcher.total: 2.18 ms
[WorldPerf] FrameBudgetDispatcher.total: 2.06 ms
[WorldPerf] FrameBudgetDispatcher.total: 2.09 ms
[WorldPerf] ChunkManager.streaming_redraw_step.terrain: 13.27 ms
[WorldPerf] FrameBudgetDispatcher.streaming.chunk_manager.streaming_redraw: 15.11 ms
[WorldPerf] FrameBudgetDispatcher.total: 15.20 ms
[WorldPerf] ChunkManager.streaming_redraw_step.cover: 4.83 ms
[WorldPerf] FrameBudgetDispatcher.streaming.chunk_manager.streaming_redraw: 4.89 ms
[WorldPerf] FrameBudgetDispatcher.total: 5.03 ms
[WorldPerf] ChunkManager.streaming_redraw_step.cover: 27.05 ms
[WorldPerf] FrameBudgetDispatcher.streaming.chunk_manager.streaming_redraw: 27.16 ms
[WorldPerf] FrameBudgetDispatcher.total: 27.32 ms
[WorldPerf] ChunkManager.streaming_redraw_step.cover: 2.03 ms
[WorldPerf] FrameBudgetDispatcher.streaming.chunk_manager.streaming_redraw: 2.12 ms
[WorldPerf] FrameBudgetDispatcher.total: 2.25 ms
[FrameBudget] streaming=3.1ms topology=0.0ms visual=0.8ms spawn=0.0ms total=3.9ms/6.0ms chunk_manager.streaming_load=0.0ms(60) chunk_manager.streaming_redraw=3.0ms(60) building.room_recompute=0.0ms(58) power.balance_recompute=0.0ms(58) chunk_manager.topology_rebuild=0.0ms(58) underground.fog_update=0.0ms(58) mountain_shadow.visual_rebuild=0.8ms(58)
[WorldPerf] FrameBudgetDispatcher.streaming.chunk_manager.streaming_redraw: 2.02 ms
[WorldPerf] FrameBudgetDispatcher.total: 2.19 ms
[WorldPerf] FrameBudgetDispatcher.streaming.chunk_manager.streaming_redraw: 2.04 ms
[WorldPerf] FrameBudgetDispatcher.total: 2.25 ms
[WorldPerf] ChunkManager.streaming_redraw_step.cover: 2.55 ms
[WorldPerf] FrameBudgetDispatcher.streaming.chunk_manager.streaming_redraw: 2.71 ms
[WorldPerf] FrameBudgetDispatcher.total: 2.87 ms
[WorldPerf] FrameBudgetDispatcher.total: 2.11 ms
[WorldPerf] FrameBudgetDispatcher.total: 2.01 ms
[WorldPerf] FrameBudgetDispatcher.total: 2.10 ms
[WorldPerf] ChunkManager.streaming_redraw_step.cover: 2.06 ms
[WorldPerf] FrameBudgetDispatcher.streaming.chunk_manager.streaming_redraw: 2.95 ms
[WorldPerf] FrameBudgetDispatcher.total: 3.07 ms
[WorldPerf] ChunkManager.streaming_redraw_step.cliff: 10.17 ms
[WorldPerf] FrameBudgetDispatcher.streaming.chunk_manager.streaming_redraw: 10.24 ms
[WorldPerf] FrameBudgetDispatcher.total: 10.33 ms
[WorldPerf] FrameBudgetDispatcher.total: 2.04 ms
[WorldPerf] FrameBudgetDispatcher.total: 2.01 ms
[WorldPerf] FrameBudgetDispatcher.streaming.chunk_manager.streaming_redraw: 2.09 ms
[WorldPerf] FrameBudgetDispatcher.total: 2.28 ms
[FrameBudget] streaming=1.8ms topology=0.0ms visual=0.0ms spawn=0.0ms total=1.8ms/6.0ms chunk_manager.streaming_load=0.0ms(60) chunk_manager.streaming_redraw=1.8ms(60) building.room_recompute=0.0ms(59) power.balance_recompute=0.0ms(59) chunk_manager.topology_rebuild=0.0ms(59) underground.fog_update=0.0ms(59) mountain_shadow.visual_rebuild=0.0ms(59)
[WorldPerf] FrameBudgetDispatcher.streaming.chunk_manager.streaming_redraw: 2.01 ms
[WorldPerf] FrameBudgetDispatcher.total: 2.20 ms
[WorldPerf] ChunkManager.streaming_redraw_step.cliff: 3.56 ms
[WorldPerf] FrameBudgetDispatcher.streaming.chunk_manager.streaming_redraw: 5.27 ms
[WorldPerf] FrameBudgetDispatcher.total: 5.50 ms
[WorldPerf] FrameBudgetDispatcher.total: 2.00 ms
[WorldPerf] FrameBudgetDispatcher.total: 2.03 ms
[WorldPerf] FrameBudgetDispatcher.total: 2.05 ms
[WorldPerf] FrameBudgetDispatcher.total: 2.07 ms
[WorldPerf] FrameBudgetDispatcher.total: 2.07 ms
[WorldPerf] FrameBudgetDispatcher.total: 2.02 ms
[WorldPerf] FrameBudgetDispatcher.total: 2.06 ms
[FrameBudget] streaming=0.4ms topology=0.0ms visual=0.0ms spawn=0.0ms total=0.5ms/6.0ms chunk_manager.streaming_load=0.0ms(60) chunk_manager.streaming_redraw=0.4ms(60) building.room_recompute=0.0ms(60) power.balance_recompute=0.0ms(60) chunk_manager.topology_rebuild=0.0ms(60) underground.fog_update=0.0ms(60) mountain_shadow.visual_rebuild=0.0ms(60)
[FrameBudget] streaming=0.0ms topology=0.0ms visual=0.0ms spawn=0.0ms total=0.1ms/6.0ms chunk_manager.streaming_load=0.0ms(60) chunk_manager.streaming_redraw=0.0ms(60) building.room_recompute=0.0ms(60) power.balance_recompute=0.0ms(60) chunk_manager.topology_rebuild=0.0ms(60) underground.fog_update=0.0ms(60) mountain_shadow.visual_rebuild=0.0ms(60)
[WorldPerf] === Frame Summary (300 frames) ===
[WorldPerf] Frame time: avg=7.2 ms, p99=26.2 ms, hitches=3
[WorldPerf] Frame budget: dispatcher=1.7ms streaming=1.3ms topology=0.0ms building=0.0ms power=0.0ms visual=0.9ms spawn=0.0ms total=2.2ms/6.0ms
[FrameBudget] streaming=0.0ms topology=0.0ms visual=0.0ms spawn=0.0ms total=0.1ms/6.0ms chunk_manager.streaming_load=0.0ms(60) chunk_manager.streaming_redraw=0.0ms(60) building.room_recompute=0.0ms(60) power.balance_recompute=0.0ms(60) chunk_manager.topology_rebuild=0.0ms(60) underground.fog_update=0.0ms(60) mountain_shadow.visual_rebuild=0.0ms(60)
[FrameBudget] streaming=0.0ms topology=0.0ms visual=0.0ms spawn=0.0ms total=0.0ms/6.0ms chunk_manager.streaming_load=0.0ms(60) chunk_manager.streaming_redraw=0.0ms(60) building.room_recompute=0.0ms(60) power.balance_recompute=0.0ms(60) chunk_manager.topology_rebuild=0.0ms(60) underground.fog_update=0.0ms(60) mountain_shadow.visual_rebuild=0.0ms(60)
[WorldPerf] ChunkStreaming.phase1_create (2, 5): 13.23 ms
[WorldPerf] FrameBudgetDispatcher.streaming.chunk_manager.streaming_load: 13.38 ms
[WorldPerf] FrameBudgetDispatcher.total: 13.52 ms
[WorldPerf] FrameBudgetDispatcher.total: 2.56 ms
[WorldPerf] FrameBudgetDispatcher.total: 2.12 ms
[WorldPerf] FrameBudgetDispatcher.total: 2.04 ms
[WorldPerf] FrameBudgetDispatcher.total: 2.08 ms
[WorldPerf] FrameBudgetDispatcher.total: 2.05 ms
[WorldPerf] FrameBudgetDispatcher.total: 2.07 ms
[WorldPerf] FrameBudgetDispatcher.total: 2.05 ms
[WorldPerf] FrameBudgetDispatcher.total: 2.10 ms
[WorldPerf] FrameBudgetDispatcher.total: 2.06 ms
[WorldPerf] FrameBudgetDispatcher.total: 2.06 ms
[WorldPerf] FrameBudgetDispatcher.total: 2.07 ms
[WorldPerf] FrameBudgetDispatcher.total: 2.07 ms
[WorldPerf] FrameBudgetDispatcher.total: 2.06 ms
[WorldPerf] FrameBudgetDispatcher.total: 2.04 ms
[WorldPerf] FrameBudgetDispatcher.total: 2.07 ms
[WorldPerf] FrameBudgetDispatcher.total: 2.03 ms
[WorldPerf] FrameBudgetDispatcher.streaming.chunk_manager.streaming_redraw: 2.05 ms
[WorldPerf] FrameBudgetDispatcher.total: 2.24 ms
[WorldPerf] FrameBudgetDispatcher.total: 2.06 ms
[WorldPerf] FrameBudgetDispatcher.total: 2.06 ms
[WorldPerf] FrameBudgetDispatcher.streaming.chunk_manager.streaming_redraw: 2.01 ms
[WorldPerf] FrameBudgetDispatcher.total: 2.15 ms
[FrameBudget] streaming=1.0ms topology=0.0ms visual=0.0ms spawn=0.0ms total=1.0ms/6.0ms chunk_manager.streaming_load=0.3ms(60) chunk_manager.streaming_redraw=0.7ms(59) building.room_recompute=0.0ms(59) power.balance_recompute=0.0ms(59) chunk_manager.topology_rebuild=0.0ms(59) underground.fog_update=0.0ms(59) mountain_shadow.visual_rebuild=0.0ms(59)
[FrameBudget] streaming=0.0ms topology=0.0ms visual=0.0ms spawn=0.0ms total=0.1ms/6.0ms chunk_manager.streaming_load=0.0ms(60) chunk_manager.streaming_redraw=0.0ms(60) building.room_recompute=0.0ms(60) power.balance_recompute=0.0ms(60) chunk_manager.topology_rebuild=0.0ms(60) underground.fog_update=0.0ms(60) mountain_shadow.visual_rebuild=0.0ms(60)
[FrameBudget] streaming=0.0ms topology=0.0ms visual=0.0ms spawn=0.0ms total=0.1ms/6.0ms chunk_manager.streaming_load=0.0ms(60) chunk_manager.streaming_redraw=0.0ms(60) building.room_recompute=0.0ms(60) power.balance_recompute=0.0ms(60) chunk_manager.topology_rebuild=0.0ms(60) underground.fog_update=0.0ms(60) mountain_shadow.visual_rebuild=0.0ms(60)
[WorldPerf] === Frame Summary (300 frames) ===
[WorldPerf] Frame time: avg=6.9 ms, p99=6.9 ms, hitches=0
[WorldPerf] Frame budget: dispatcher=0.3ms streaming=0.2ms topology=0.0ms building=0.0ms power=0.0ms visual=0.0ms spawn=0.0ms total=0.2ms/6.0ms
[FrameBudget] streaming=0.0ms topology=0.0ms visual=0.0ms spawn=0.0ms total=0.1ms/6.0ms chunk_manager.streaming_load=0.0ms(60) chunk_manager.streaming_redraw=0.0ms(60) building.room_recompute=0.0ms(60) power.balance_recompute=0.0ms(60) chunk_manager.topology_rebuild=0.0ms(60) underground.fog_update=0.0ms(60) mountain_shadow.visual_rebuild=0.0ms(60)
[FrameBudget] streaming=0.0ms topology=0.0ms visual=0.0ms spawn=0.0ms total=0.1ms/6.0ms chunk_manager.streaming_load=0.0ms(60) chunk_manager.streaming_redraw=0.0ms(60) building.room_recompute=0.0ms(60) power.balance_recompute=0.0ms(60) chunk_manager.topology_rebuild=0.0ms(60) underground.fog_update=0.0ms(60) mountain_shadow.visual_rebuild=0.0ms(60)
[WorldPerf] FPS: 145.0
[FrameBudget] streaming=0.0ms topology=0.0ms visual=0.0ms spawn=0.0ms total=0.1ms/6.0ms chunk_manager.streaming_load=0.0ms(60) chunk_manager.streaming_redraw=0.0ms(60) building.room_recompute=0.0ms(60) power.balance_recompute=0.0ms(60) chunk_manager.topology_rebuild=0.0ms(60) underground.fog_update=0.0ms(60) mountain_shadow.visual_rebuild=0.0ms(60)
[CodexValidation] reached waypoint 3/6 at (241664.0, 20480.0)
[WorldPerf] ChunkStreaming.phase1_create (61, 5): 2.63 ms
[WorldPerf] FrameBudgetDispatcher.streaming.chunk_manager.streaming_load: 2.79 ms
[WorldPerf] FrameBudgetDispatcher.total: 2.99 ms
[WorldPerf] ChunkManager.streaming_redraw_step.terrain: 2.37 ms
[WorldPerf] FrameBudgetDispatcher.streaming.chunk_manager.streaming_redraw: 2.42 ms
[WorldPerf] FrameBudgetDispatcher.total: 4.20 ms
[WorldPerf] Shadow.edge_cache_slice: 2.53 ms
[WorldPerf] FrameBudgetDispatcher.visual.mountain_shadow.visual_rebuild: 2.58 ms
[WorldPerf] FrameBudgetDispatcher.total: 4.65 ms
[WorldPerf] Shadow.edge_cache_slice: 2.49 ms
[WorldPerf] FrameBudgetDispatcher.visual.mountain_shadow.visual_rebuild: 2.53 ms
[WorldPerf] FrameBudgetDispatcher.total: 4.63 ms
[WorldPerf] Shadow.edge_cache_slice: 2.44 ms
[WorldPerf] FrameBudgetDispatcher.visual.mountain_shadow.visual_rebuild: 2.48 ms
[WorldPerf] FrameBudgetDispatcher.total: 4.58 ms
[WorldPerf] ChunkManager.streaming_redraw_step.terrain: 2.98 ms
[WorldPerf] FrameBudgetDispatcher.streaming.chunk_manager.streaming_redraw: 3.17 ms
[WorldPerf] Shadow.edge_cache_slice: 2.56 ms
[WorldPerf] FrameBudgetDispatcher.visual.mountain_shadow.visual_rebuild: 2.61 ms
[WorldPerf] FrameBudgetDispatcher.total: 6.19 ms
[WorldPerf] Shadow.edge_cache_slice: 2.52 ms
[WorldPerf] FrameBudgetDispatcher.visual.mountain_shadow.visual_rebuild: 2.58 ms
[WorldPerf] FrameBudgetDispatcher.total: 4.82 ms
[WorldPerf] FrameBudgetDispatcher.streaming.chunk_manager.streaming_redraw: 2.04 ms
[WorldPerf] Shadow.edge_cache_slice: 2.56 ms
[WorldPerf] FrameBudgetDispatcher.visual.mountain_shadow.visual_rebuild: 2.59 ms
[WorldPerf] FrameBudgetDispatcher.total: 4.87 ms
[WorldPerf] FrameBudgetDispatcher.streaming.chunk_manager.streaming_redraw: 2.07 ms
[WorldPerf] Shadow.edge_cache_slice: 2.55 ms
[WorldPerf] FrameBudgetDispatcher.visual.mountain_shadow.visual_rebuild: 2.58 ms
[WorldPerf] FrameBudgetDispatcher.total: 5.01 ms
[WorldPerf] FrameBudgetDispatcher.streaming.chunk_manager.streaming_redraw: 2.01 ms
[WorldPerf] Shadow.edge_cache_slice: 2.54 ms
[WorldPerf] FrameBudgetDispatcher.visual.mountain_shadow.visual_rebuild: 2.59 ms
[WorldPerf] FrameBudgetDispatcher.total: 4.76 ms
[WorldPerf] Shadow.edge_cache_slice: 2.21 ms
[WorldPerf] FrameBudgetDispatcher.visual.mountain_shadow.visual_rebuild: 2.25 ms
[WorldPerf] FrameBudgetDispatcher.total: 4.26 ms
[WorldPerf] Shadow.edge_cache_slice: 2.48 ms
[WorldPerf] FrameBudgetDispatcher.visual.mountain_shadow.visual_rebuild: 2.52 ms
[WorldPerf] FrameBudgetDispatcher.total: 4.71 ms
[WorldPerf] FrameBudgetDispatcher.streaming.chunk_manager.streaming_redraw: 2.02 ms
[WorldPerf] Shadow.edge_cache_slice: 2.50 ms
[WorldPerf] FrameBudgetDispatcher.visual.mountain_shadow.visual_rebuild: 2.54 ms
[WorldPerf] FrameBudgetDispatcher.total: 4.86 ms
[WorldPerf] FrameBudgetDispatcher.total: 2.87 ms
[WorldPerf] FrameBudgetDispatcher.total: 2.65 ms
[WorldPerf] FrameBudgetDispatcher.total: 2.06 ms
[WorldPerf] FrameBudgetDispatcher.streaming.chunk_manager.streaming_redraw: 2.04 ms
[WorldPerf] FrameBudgetDispatcher.total: 2.19 ms
[WorldPerf] ChunkManager.streaming_redraw_step.terrain: 2.09 ms
[WorldPerf] FrameBudgetDispatcher.streaming.chunk_manager.streaming_redraw: 2.24 ms
[WorldPerf] FrameBudgetDispatcher.total: 2.38 ms
[WorldPerf] FrameBudgetDispatcher.streaming.chunk_manager.streaming_redraw: 2.03 ms
[WorldPerf] FrameBudgetDispatcher.total: 2.20 ms
[WorldPerf] FrameBudgetDispatcher.streaming.chunk_manager.streaming_redraw: 2.02 ms
[WorldPerf] FrameBudgetDispatcher.total: 2.16 ms
[WorldPerf] FrameBudgetDispatcher.total: 2.10 ms
[WorldPerf] FrameBudgetDispatcher.streaming.chunk_manager.streaming_redraw: 2.03 ms
[WorldPerf] FrameBudgetDispatcher.total: 2.17 ms
[WorldPerf] ChunkManager.streaming_redraw_step.terrain: 2.23 ms
[WorldPerf] FrameBudgetDispatcher.streaming.chunk_manager.streaming_redraw: 2.43 ms
[WorldPerf] FrameBudgetDispatcher.total: 2.58 ms
[WorldPerf] ChunkManager.streaming_redraw_step.terrain: 2.02 ms
[WorldPerf] FrameBudgetDispatcher.streaming.chunk_manager.streaming_redraw: 2.21 ms
[WorldPerf] FrameBudgetDispatcher.total: 2.33 ms
[WorldPerf] FrameBudgetDispatcher.total: 2.01 ms
[WorldPerf] FrameBudgetDispatcher.total: 2.04 ms
[WorldPerf] FrameBudgetDispatcher.total: 2.04 ms
[WorldPerf] FrameBudgetDispatcher.total: 2.04 ms
[FrameBudget] streaming=1.1ms topology=0.0ms visual=0.5ms spawn=0.0ms total=1.6ms/6.0ms chunk_manager.streaming_load=0.1ms(60) chunk_manager.streaming_redraw=1.0ms(60) building.room_recompute=0.0ms(60) power.balance_recompute=0.0ms(60) chunk_manager.topology_rebuild=0.0ms(60) underground.fog_update=0.0ms(60) mountain_shadow.visual_rebuild=0.5ms(60)
[WorldPerf] FrameBudgetDispatcher.streaming.chunk_manager.streaming_redraw: 2.42 ms
[WorldPerf] FrameBudgetDispatcher.total: 2.57 ms
[WorldPerf] ChunkManager.streaming_redraw_step.cover: 2.42 ms
[WorldPerf] FrameBudgetDispatcher.streaming.chunk_manager.streaming_redraw: 2.64 ms
[WorldPerf] FrameBudgetDispatcher.total: 2.88 ms
[WorldPerf] ChunkManager.streaming_redraw_step.cover: 2.46 ms
[WorldPerf] FrameBudgetDispatcher.streaming.chunk_manager.streaming_redraw: 2.67 ms
[WorldPerf] FrameBudgetDispatcher.total: 2.88 ms
[WorldPerf] FrameBudgetDispatcher.total: 2.08 ms
[WorldPerf] FrameBudgetDispatcher.total: 2.08 ms
[WorldPerf] FrameBudgetDispatcher.streaming.chunk_manager.streaming_redraw: 2.04 ms
[WorldPerf] FrameBudgetDispatcher.total: 2.18 ms
[WorldPerf] FrameBudgetDispatcher.total: 2.07 ms
[WorldPerf] FrameBudgetDispatcher.total: 2.10 ms
[WorldPerf] FrameBudgetDispatcher.total: 2.16 ms
[WorldPerf] FrameBudgetDispatcher.total: 2.07 ms
[WorldPerf] FrameBudgetDispatcher.total: 2.11 ms
[WorldPerf] FrameBudgetDispatcher.total: 2.04 ms
[WorldPerf] FrameBudgetDispatcher.total: 2.09 ms
[FrameBudget] streaming=1.2ms topology=0.0ms visual=0.0ms spawn=0.0ms total=1.2ms/6.0ms chunk_manager.streaming_load=0.0ms(60) chunk_manager.streaming_redraw=1.1ms(60) building.room_recompute=0.0ms(60) power.balance_recompute=0.0ms(60) chunk_manager.topology_rebuild=0.0ms(60) underground.fog_update=0.0ms(60) mountain_shadow.visual_rebuild=0.0ms(60)
[WorldPerf] === Frame Summary (300 frames) ===
[WorldPerf] Frame time: avg=6.9 ms, p99=6.9 ms, hitches=0
[WorldPerf] Frame budget: dispatcher=0.7ms streaming=0.5ms topology=0.0ms building=0.0ms power=0.0ms visual=0.2ms spawn=0.0ms total=0.7ms/6.0ms
[FrameBudget] streaming=0.0ms topology=0.0ms visual=0.0ms spawn=0.0ms total=0.0ms/6.0ms chunk_manager.streaming_load=0.0ms(60) chunk_manager.streaming_redraw=0.0ms(60) building.room_recompute=0.0ms(60) power.balance_recompute=0.0ms(60) chunk_manager.topology_rebuild=0.0ms(60) underground.fog_update=0.0ms(60) mountain_shadow.visual_rebuild=0.0ms(60)
[FrameBudget] streaming=0.0ms topology=0.0ms visual=0.0ms spawn=0.0ms total=0.1ms/6.0ms chunk_manager.streaming_load=0.0ms(60) chunk_manager.streaming_redraw=0.0ms(60) building.room_recompute=0.0ms(60) power.balance_recompute=0.0ms(60) chunk_manager.topology_rebuild=0.0ms(60) underground.fog_update=0.0ms(60) mountain_shadow.visual_rebuild=0.0ms(60)
[FrameBudget] streaming=0.0ms topology=0.0ms visual=0.0ms spawn=0.0ms total=0.1ms/6.0ms chunk_manager.streaming_load=0.0ms(60) chunk_manager.streaming_redraw=0.0ms(60) building.room_recompute=0.0ms(60) power.balance_recompute=0.0ms(60) chunk_manager.topology_rebuild=0.0ms(60) underground.fog_update=0.0ms(60) mountain_shadow.visual_rebuild=0.0ms(60)
[FrameBudget] streaming=0.0ms topology=0.0ms visual=0.0ms spawn=0.0ms total=0.0ms/6.0ms chunk_manager.streaming_load=0.0ms(60) chunk_manager.streaming_redraw=0.0ms(60) building.room_recompute=0.0ms(60) power.balance_recompute=0.0ms(60) chunk_manager.topology_rebuild=0.0ms(60) underground.fog_update=0.0ms(60) mountain_shadow.visual_rebuild=0.0ms(60)
[FrameBudget] streaming=0.0ms topology=0.0ms visual=0.0ms spawn=0.0ms total=0.1ms/6.0ms chunk_manager.streaming_load=0.0ms(60) chunk_manager.streaming_redraw=0.0ms(60) building.room_recompute=0.0ms(60) power.balance_recompute=0.0ms(60) chunk_manager.topology_rebuild=0.0ms(60) underground.fog_update=0.0ms(60) mountain_shadow.visual_rebuild=0.0ms(60)
[WorldPerf] === Frame Summary (300 frames) ===
[WorldPerf] Frame time: avg=6.9 ms, p99=6.9 ms, hitches=0
[WorldPerf] Frame budget: dispatcher=0.1ms streaming=0.0ms topology=0.0ms building=0.0ms power=0.0ms visual=0.0ms spawn=0.0ms total=0.1ms/6.0ms
[FrameBudget] streaming=0.0ms topology=0.0ms visual=0.0ms spawn=0.0ms total=0.0ms/6.0ms chunk_manager.streaming_load=0.0ms(60) chunk_manager.streaming_redraw=0.0ms(60) building.room_recompute=0.0ms(60) power.balance_recompute=0.0ms(60) chunk_manager.topology_rebuild=0.0ms(60) underground.fog_update=0.0ms(60) mountain_shadow.visual_rebuild=0.0ms(60)
[FrameBudget] streaming=0.0ms topology=0.0ms visual=0.0ms spawn=0.0ms total=0.0ms/6.0ms chunk_manager.streaming_load=0.0ms(60) chunk_manager.streaming_redraw=0.0ms(60) building.room_recompute=0.0ms(60) power.balance_recompute=0.0ms(60) chunk_manager.topology_rebuild=0.0ms(60) underground.fog_update=0.0ms(60) mountain_shadow.visual_rebuild=0.0ms(60)
[WorldPerf] ChunkStreaming.phase1_create (59, -1): 3.31 ms
[WorldPerf] FrameBudgetDispatcher.streaming.chunk_manager.streaming_load: 3.45 ms
[WorldPerf] FrameBudgetDispatcher.total: 3.53 ms
[WorldPerf] FrameBudgetDispatcher.total: 2.44 ms
[WorldPerf] FrameBudgetDispatcher.total: 2.09 ms
[WorldPerf] FrameBudgetDispatcher.total: 2.02 ms
[WorldPerf] FrameBudgetDispatcher.total: 2.06 ms
[WorldPerf] FrameBudgetDispatcher.total: 2.08 ms
[WorldPerf] FrameBudgetDispatcher.total: 2.10 ms
[FrameBudget] streaming=0.3ms topology=0.0ms visual=0.0ms spawn=0.0ms total=0.3ms/6.0ms chunk_manager.streaming_load=0.1ms(60) chunk_manager.streaming_redraw=0.2ms(60) building.room_recompute=0.0ms(60) power.balance_recompute=0.0ms(60) chunk_manager.topology_rebuild=0.0ms(60) underground.fog_update=0.0ms(60) mountain_shadow.visual_rebuild=0.0ms(60)
[WorldPerf] FrameBudgetDispatcher.total: 2.01 ms
[WorldPerf] FrameBudgetDispatcher.total: 2.08 ms
[WorldPerf] FrameBudgetDispatcher.total: 2.07 ms
[WorldPerf] FrameBudgetDispatcher.total: 2.06 ms
[WorldPerf] FrameBudgetDispatcher.total: 2.08 ms
[WorldPerf] FrameBudgetDispatcher.total: 2.08 ms
[WorldPerf] FrameBudgetDispatcher.total: 2.03 ms
[WorldPerf] FrameBudgetDispatcher.total: 2.10 ms
[WorldPerf] FrameBudgetDispatcher.total: 2.12 ms
[WorldPerf] FrameBudgetDispatcher.total: 2.08 ms
[WorldPerf] FrameBudgetDispatcher.total: 2.09 ms
[WorldPerf] FrameBudgetDispatcher.total: 2.09 ms
[FrameBudget] streaming=0.4ms topology=0.0ms visual=0.0ms spawn=0.0ms total=0.4ms/6.0ms chunk_manager.streaming_load=0.0ms(60) chunk_manager.streaming_redraw=0.4ms(60) building.room_recompute=0.0ms(60) power.balance_recompute=0.0ms(60) chunk_manager.topology_rebuild=0.0ms(60) underground.fog_update=0.0ms(60) mountain_shadow.visual_rebuild=0.0ms(60)
[CodexValidation] reached waypoint 4/6 at (241664.0, -16384.0)
[FrameBudget] streaming=0.0ms topology=0.0ms visual=0.0ms spawn=0.0ms total=0.0ms/6.0ms chunk_manager.streaming_load=0.0ms(60) chunk_manager.streaming_redraw=0.0ms(60) building.room_recompute=0.0ms(60) power.balance_recompute=0.0ms(60) chunk_manager.topology_rebuild=0.0ms(60) underground.fog_update=0.0ms(60) mountain_shadow.visual_rebuild=0.0ms(60)
[WorldPerf] === Frame Summary (300 frames) ===
[WorldPerf] Frame time: avg=6.9 ms, p99=6.9 ms, hitches=0
[WorldPerf] Frame budget: dispatcher=0.2ms streaming=0.2ms topology=0.0ms building=0.0ms power=0.0ms visual=0.0ms spawn=0.0ms total=0.2ms/6.0ms
[WorldPerf] FPS: 144.0
[FrameBudget] streaming=0.0ms topology=0.0ms visual=0.0ms spawn=0.0ms total=0.0ms/6.0ms chunk_manager.streaming_load=0.0ms(60) chunk_manager.streaming_redraw=0.0ms(60) building.room_recompute=0.0ms(60) power.balance_recompute=0.0ms(60) chunk_manager.topology_rebuild=0.0ms(60) underground.fog_update=0.0ms(60) mountain_shadow.visual_rebuild=0.0ms(60)
[WorldPerf] ChunkStreaming.phase1_create (59, -3): 11.54 ms
[WorldPerf] FrameBudgetDispatcher.streaming.chunk_manager.streaming_load: 11.71 ms
[WorldPerf] FrameBudgetDispatcher.total: 11.86 ms
[WorldPerf] FrameBudgetDispatcher.total: 2.34 ms
[WorldPerf] FrameBudgetDispatcher.total: 2.09 ms
[WorldPerf] FrameBudgetDispatcher.streaming.chunk_manager.streaming_redraw: 2.00 ms
[WorldPerf] FrameBudgetDispatcher.total: 2.20 ms
[WorldPerf] FrameBudgetDispatcher.total: 2.10 ms
[WorldPerf] FrameBudgetDispatcher.total: 2.08 ms
[WorldPerf] FrameBudgetDispatcher.total: 2.04 ms
[WorldPerf] FrameBudgetDispatcher.total: 2.09 ms
[WorldPerf] FrameBudgetDispatcher.total: 2.07 ms
[WorldPerf] FrameBudgetDispatcher.total: 2.08 ms
[WorldPerf] FrameBudgetDispatcher.total: 2.08 ms
[WorldPerf] FrameBudgetDispatcher.total: 2.05 ms
[WorldPerf] FrameBudgetDispatcher.total: 2.05 ms
[WorldPerf] FrameBudgetDispatcher.total: 2.09 ms
[WorldPerf] FrameBudgetDispatcher.total: 2.01 ms
[WorldPerf] FrameBudgetDispatcher.total: 2.10 ms
[WorldPerf] FrameBudgetDispatcher.total: 2.04 ms
[WorldPerf] FrameBudgetDispatcher.total: 2.09 ms
[WorldPerf] FrameBudgetDispatcher.streaming.chunk_manager.streaming_redraw: 2.00 ms
[WorldPerf] FrameBudgetDispatcher.total: 2.17 ms
[WorldPerf] FrameBudgetDispatcher.total: 2.01 ms
[FrameBudget] streaming=1.0ms topology=0.0ms visual=0.0ms spawn=0.0ms total=1.0ms/6.0ms chunk_manager.streaming_load=0.2ms(60) chunk_manager.streaming_redraw=0.7ms(59) building.room_recompute=0.0ms(59) power.balance_recompute=0.0ms(59) chunk_manager.topology_rebuild=0.0ms(59) underground.fog_update=0.0ms(59) mountain_shadow.visual_rebuild=0.0ms(59)
[FrameBudget] streaming=0.0ms topology=0.0ms visual=0.0ms spawn=0.0ms total=0.0ms/6.0ms chunk_manager.streaming_load=0.0ms(60) chunk_manager.streaming_redraw=0.0ms(60) building.room_recompute=0.0ms(60) power.balance_recompute=0.0ms(60) chunk_manager.topology_rebuild=0.0ms(60) underground.fog_update=0.0ms(60) mountain_shadow.visual_rebuild=0.0ms(60)
[FrameBudget] streaming=0.0ms topology=0.0ms visual=0.0ms spawn=0.0ms total=0.0ms/6.0ms chunk_manager.streaming_load=0.0ms(60) chunk_manager.streaming_redraw=0.0ms(60) building.room_recompute=0.0ms(60) power.balance_recompute=0.0ms(60) chunk_manager.topology_rebuild=0.0ms(60) underground.fog_update=0.0ms(60) mountain_shadow.visual_rebuild=0.0ms(60)
[FrameBudget] streaming=0.0ms topology=0.0ms visual=0.0ms spawn=0.0ms total=0.1ms/6.0ms chunk_manager.streaming_load=0.0ms(60) chunk_manager.streaming_redraw=0.0ms(60) building.room_recompute=0.0ms(60) power.balance_recompute=0.0ms(60) chunk_manager.topology_rebuild=0.0ms(60) underground.fog_update=0.0ms(60) mountain_shadow.visual_rebuild=0.0ms(60)
[WorldPerf] === Frame Summary (300 frames) ===
[WorldPerf] Frame time: avg=6.9 ms, p99=6.9 ms, hitches=0
[WorldPerf] Frame budget: dispatcher=0.3ms streaming=0.2ms topology=0.0ms building=0.0ms power=0.0ms visual=0.0ms spawn=0.0ms total=0.2ms/6.0ms
[FrameBudget] streaming=0.0ms topology=0.0ms visual=0.0ms spawn=0.0ms total=0.0ms/6.0ms chunk_manager.streaming_load=0.0ms(60) chunk_manager.streaming_redraw=0.0ms(60) building.room_recompute=0.0ms(60) power.balance_recompute=0.0ms(60) chunk_manager.topology_rebuild=0.0ms(60) underground.fog_update=0.0ms(60) mountain_shadow.visual_rebuild=0.0ms(60)
[CodexValidation] reached waypoint 5/6 at (0.0, -16384.0)
[FrameBudget] streaming=0.0ms topology=0.0ms visual=0.0ms spawn=0.0ms total=0.0ms/6.0ms chunk_manager.streaming_load=0.0ms(60) chunk_manager.streaming_redraw=0.0ms(60) building.room_recompute=0.0ms(60) power.balance_recompute=0.0ms(60) chunk_manager.topology_rebuild=0.0ms(60) underground.fog_update=0.0ms(60) mountain_shadow.visual_rebuild=0.0ms(60)
[WorldPerf] ChunkStreaming.phase1_create (62, -4): 5.01 ms
[WorldPerf] FrameBudgetDispatcher.streaming.chunk_manager.streaming_load: 5.15 ms
[WorldPerf] FrameBudgetDispatcher.total: 5.35 ms
[WorldPerf] FrameBudgetDispatcher.total: 2.33 ms
[WorldPerf] FrameBudgetDispatcher.total: 2.04 ms
[WorldPerf] FrameBudgetDispatcher.total: 2.05 ms
[WorldPerf] FrameBudgetDispatcher.total: 2.06 ms
[WorldPerf] FrameBudgetDispatcher.total: 2.07 ms
[WorldPerf] FrameBudgetDispatcher.total: 2.10 ms
[WorldPerf] FrameBudgetDispatcher.total: 2.02 ms
[WorldPerf] FrameBudgetDispatcher.total: 2.06 ms
[WorldPerf] FrameBudgetDispatcher.streaming.chunk_manager.streaming_redraw: 2.03 ms
[WorldPerf] FrameBudgetDispatcher.total: 3.52 ms
[WorldPerf] FrameBudgetDispatcher.total: 2.09 ms
[WorldPerf] FrameBudgetDispatcher.total: 2.10 ms
[WorldPerf] FrameBudgetDispatcher.total: 2.04 ms
[WorldPerf] FrameBudgetDispatcher.total: 2.03 ms
[WorldPerf] FrameBudgetDispatcher.total: 2.09 ms
[WorldPerf] FrameBudgetDispatcher.total: 2.05 ms
[WorldPerf] FrameBudgetDispatcher.total: 2.09 ms
[WorldPerf] FrameBudgetDispatcher.total: 2.11 ms
[WorldPerf] FrameBudgetDispatcher.total: 2.05 ms
[FrameBudget] streaming=0.7ms topology=0.0ms visual=0.0ms spawn=0.0ms total=0.7ms/6.0ms chunk_manager.streaming_load=0.1ms(60) chunk_manager.streaming_redraw=0.6ms(60) building.room_recompute=0.0ms(60) power.balance_recompute=0.0ms(60) chunk_manager.topology_rebuild=0.0ms(60) underground.fog_update=0.0ms(60) mountain_shadow.visual_rebuild=0.0ms(60)
[FrameBudget] streaming=0.0ms topology=0.0ms visual=0.0ms spawn=0.0ms total=0.1ms/6.0ms chunk_manager.streaming_load=0.0ms(60) chunk_manager.streaming_redraw=0.0ms(60) building.room_recompute=0.0ms(60) power.balance_recompute=0.0ms(60) chunk_manager.topology_rebuild=0.0ms(60) underground.fog_update=0.0ms(60) mountain_shadow.visual_rebuild=0.0ms(60)
[FrameBudget] streaming=0.0ms topology=0.0ms visual=0.0ms spawn=0.0ms total=0.0ms/6.0ms chunk_manager.streaming_load=0.0ms(60) chunk_manager.streaming_redraw=0.0ms(60) building.room_recompute=0.0ms(60) power.balance_recompute=0.0ms(60) chunk_manager.topology_rebuild=0.0ms(60) underground.fog_update=0.0ms(60) mountain_shadow.visual_rebuild=0.0ms(60)
[WorldPerf] === Frame Summary (300 frames) ===
[WorldPerf] Frame time: avg=6.9 ms, p99=6.9 ms, hitches=0
[WorldPerf] Frame budget: dispatcher=0.3ms streaming=0.2ms topology=0.0ms building=0.0ms power=0.0ms visual=0.0ms spawn=0.0ms total=0.2ms/6.0ms
[WorldPerf] ChunkStreaming.phase1_create (0, -4): 3.47 ms
[WorldPerf] FrameBudgetDispatcher.streaming.chunk_manager.streaming_load: 3.61 ms
[WorldPerf] FrameBudgetDispatcher.total: 3.75 ms
[WorldPerf] FrameBudgetDispatcher.total: 3.54 ms
[WorldPerf] FrameBudgetDispatcher.total: 2.01 ms
[WorldPerf] FrameBudgetDispatcher.streaming.chunk_manager.streaming_redraw: 2.03 ms
[WorldPerf] FrameBudgetDispatcher.total: 2.19 ms
[WorldPerf] FrameBudgetDispatcher.total: 2.01 ms
[WorldPerf] FrameBudgetDispatcher.streaming.chunk_manager.streaming_redraw: 2.00 ms
[WorldPerf] FrameBudgetDispatcher.total: 2.16 ms
[WorldPerf] FrameBudgetDispatcher.total: 2.05 ms
[WorldPerf] FrameBudgetDispatcher.total: 2.04 ms
[WorldPerf] FrameBudgetDispatcher.total: 2.04 ms
[WorldPerf] FrameBudgetDispatcher.total: 2.04 ms
[WorldPerf] FrameBudgetDispatcher.total: 2.02 ms
[WorldPerf] FrameBudgetDispatcher.total: 2.02 ms
[WorldPerf] FrameBudgetDispatcher.total: 2.06 ms
[WorldPerf] FrameBudgetDispatcher.total: 2.06 ms
[WorldPerf] FrameBudgetDispatcher.total: 2.08 ms
[WorldPerf] FrameBudgetDispatcher.total: 2.10 ms
[WorldPerf] FrameBudgetDispatcher.total: 2.04 ms
[WorldPerf] FrameBudgetDispatcher.total: 2.06 ms
[WorldPerf] FrameBudgetDispatcher.total: 2.07 ms
[WorldPerf] FrameBudgetDispatcher.total: 2.09 ms
[WorldPerf] FrameBudgetDispatcher.total: 2.10 ms
[WorldPerf] FrameBudgetDispatcher.streaming.chunk_manager.streaming_redraw: 2.00 ms
[WorldPerf] FrameBudgetDispatcher.total: 2.14 ms
[WorldPerf] FrameBudgetDispatcher.total: 2.02 ms
[WorldPerf] FrameBudgetDispatcher.total: 2.04 ms
[WorldPerf] FrameBudgetDispatcher.total: 2.09 ms
[WorldPerf] FrameBudgetDispatcher.total: 2.09 ms
[WorldPerf] FrameBudgetDispatcher.total: 2.05 ms
[WorldPerf] FrameBudgetDispatcher.total: 2.08 ms
[WorldPerf] FrameBudgetDispatcher.total: 2.09 ms
[WorldPerf] FrameBudgetDispatcher.total: 2.06 ms
[WorldPerf] FrameBudgetDispatcher.streaming.chunk_manager.streaming_redraw: 2.00 ms
[WorldPerf] FrameBudgetDispatcher.total: 2.17 ms
[WorldPerf] FrameBudgetDispatcher.streaming.chunk_manager.streaming_redraw: 2.02 ms
[WorldPerf] FrameBudgetDispatcher.total: 2.21 ms
[WorldPerf] FrameBudgetDispatcher.total: 2.10 ms
[WorldPerf] FrameBudgetDispatcher.total: 2.10 ms
[WorldPerf] FrameBudgetDispatcher.total: 2.00 ms
[WorldPerf] FrameBudgetDispatcher.streaming.chunk_manager.streaming_redraw: 2.02 ms
[WorldPerf] FrameBudgetDispatcher.total: 2.19 ms
[FrameBudget] streaming=1.4ms topology=0.0ms visual=0.0ms spawn=0.0ms total=1.4ms/6.0ms chunk_manager.streaming_load=0.1ms(60) chunk_manager.streaming_redraw=1.2ms(60) building.room_recompute=0.0ms(60) power.balance_recompute=0.0ms(60) chunk_manager.topology_rebuild=0.0ms(60) underground.fog_update=0.0ms(60) mountain_shadow.visual_rebuild=0.0ms(60)
[WorldPerf] FrameBudgetDispatcher.total: 2.06 ms
[WorldPerf] FrameBudgetDispatcher.total: 2.06 ms
[CodexValidation] reached waypoint 6/6 at (0.0, 0.0)
[FrameBudget] streaming=0.1ms topology=0.0ms visual=0.0ms spawn=0.0ms total=0.2ms/6.0ms chunk_manager.streaming_load=0.0ms(60) chunk_manager.streaming_redraw=0.1ms(60) building.room_recompute=0.0ms(60) power.balance_recompute=0.0ms(60) chunk_manager.topology_rebuild=0.0ms(60) underground.fog_update=0.0ms(60) mountain_shadow.visual_rebuild=0.0ms(60)
[WorldPerf] FPS: 145.0
[CodexValidation] route complete; draining background work
[FrameBudget] streaming=0.0ms topology=0.0ms visual=0.0ms spawn=0.0ms total=0.0ms/6.0ms chunk_manager.streaming_load=0.0ms(60) chunk_manager.streaming_redraw=0.0ms(60) building.room_recompute=0.0ms(60) power.balance_recompute=0.0ms(60) chunk_manager.topology_rebuild=0.0ms(60) underground.fog_update=0.0ms(60) mountain_shadow.visual_rebuild=0.0ms(60)
[WorldPerf] FrameBudgetDispatcher.streaming.chunk_manager.streaming_load: 2.95 ms
[WorldPerf] FrameBudgetDispatcher.total: 5.24 ms
[WorldPerf] FrameBudgetDispatcher.streaming.chunk_manager.streaming_load: 2.25 ms
[WorldPerf] FrameBudgetDispatcher.total: 4.64 ms
[WorldPerf] FrameBudgetDispatcher.streaming.chunk_manager.streaming_load: 2.99 ms
[WorldPerf] FrameBudgetDispatcher.total: 5.65 ms
[WorldPerf] FrameBudgetDispatcher.streaming.chunk_manager.streaming_load: 3.07 ms
[WorldPerf] FrameBudgetDispatcher.total: 5.62 ms
[WorldPerf] ChunkStreaming.phase1_create (2, -1): 13.63 ms
[WorldPerf] FrameBudgetDispatcher.streaming.chunk_manager.streaming_load: 15.81 ms
[WorldPerf] FrameBudgetDispatcher.total: 15.84 ms
[WorldPerf] FrameBudgetDispatcher.streaming.chunk_manager.streaming_load: 2.54 ms
[WorldPerf] FrameBudgetDispatcher.total: 5.55 ms
[WorldPerf] FrameBudgetDispatcher.streaming.chunk_manager.streaming_load: 2.01 ms
[WorldPerf] FrameBudgetDispatcher.streaming.chunk_manager.streaming_redraw: 2.17 ms
[WorldPerf] FrameBudgetDispatcher.total: 5.28 ms
[WorldPerf] FrameBudgetDispatcher.streaming.chunk_manager.streaming_load: 3.02 ms
[WorldPerf] FrameBudgetDispatcher.total: 6.34 ms
[WorldPerf] FrameBudgetDispatcher.streaming.chunk_manager.streaming_load: 2.06 ms
[WorldPerf] Topology.runtime.scan: 2.04 ms
[WorldPerf] FrameBudgetDispatcher.topology.chunk_manager.topology_rebuild: 2.17 ms
[WorldPerf] FrameBudgetDispatcher.total: 6.24 ms
[WorldPerf] FrameBudgetDispatcher.streaming.chunk_manager.streaming_redraw: 2.00 ms
[WorldPerf] FrameBudgetDispatcher.total: 5.09 ms
[WorldPerf] FrameBudgetDispatcher.total: 5.20 ms
[WorldPerf] FrameBudgetDispatcher.total: 4.96 ms
[WorldPerf] FrameBudgetDispatcher.total: 4.84 ms
[WorldPerf] Topology.runtime.scan: 2.31 ms
[WorldPerf] FrameBudgetDispatcher.topology.chunk_manager.topology_rebuild: 2.36 ms
[WorldPerf] FrameBudgetDispatcher.total: 5.52 ms
[WorldPerf] FrameBudgetDispatcher.total: 5.26 ms
[WorldPerf] FrameBudgetDispatcher.total: 5.85 ms
[WorldPerf] Shadow.edge_cache_slice: 2.18 ms
[WorldPerf] FrameBudgetDispatcher.visual.mountain_shadow.visual_rebuild: 2.27 ms
[WorldPerf] FrameBudgetDispatcher.total: 6.29 ms
[WorldPerf] FrameBudgetDispatcher.streaming.chunk_manager.streaming_redraw: 2.00 ms
[WorldPerf] FrameBudgetDispatcher.total: 5.98 ms
[WorldPerf] FrameBudgetDispatcher.topology.chunk_manager.topology_rebuild: 2.00 ms
[WorldPerf] FrameBudgetDispatcher.total: 6.04 ms
[WorldPerf] FrameBudgetDispatcher.total: 5.88 ms
[WorldPerf] FrameBudgetDispatcher.total: 5.92 ms
[WorldPerf] FrameBudgetDispatcher.total: 5.86 ms
[WorldPerf] FrameBudgetDispatcher.total: 5.50 ms
[WorldPerf] FrameBudgetDispatcher.topology.chunk_manager.topology_rebuild: 3.64 ms
[WorldPerf] Shadow.edge_cache_slice: 2.01 ms
[WorldPerf] FrameBudgetDispatcher.visual.mountain_shadow.visual_rebuild: 2.05 ms
[WorldPerf] FrameBudgetDispatcher.total: 7.87 ms
[WorldPerf] Topology.runtime.scan: 2.27 ms
[WorldPerf] FrameBudgetDispatcher.topology.chunk_manager.topology_rebuild: 3.22 ms
[WorldPerf] FrameBudgetDispatcher.total: 6.17 ms
[WorldPerf] Topology.runtime.scan: 4.37 ms
[WorldPerf] FrameBudgetDispatcher.topology.chunk_manager.topology_rebuild: 4.44 ms
[WorldPerf] FrameBudgetDispatcher.total: 6.56 ms
[WorldPerf] FrameBudgetDispatcher.topology.chunk_manager.topology_rebuild: 2.36 ms
[WorldPerf] FrameBudgetDispatcher.total: 4.56 ms
[WorldPerf] FrameBudgetDispatcher.total: 3.92 ms
[FrameBudget] streaming=1.5ms topology=0.8ms visual=0.5ms spawn=0.0ms total=2.8ms/6.0ms chunk_manager.streaming_load=0.6ms(60) chunk_manager.streaming_redraw=0.9ms(59) building.room_recompute=0.0ms(59) power.balance_recompute=0.0ms(59) chunk_manager.topology_rebuild=0.8ms(59) underground.fog_update=0.0ms(57) mountain_shadow.visual_rebuild=0.5ms(57)
[WorldPerf] FrameBudgetDispatcher.total: 3.38 ms
[WorldPerf] FrameBudgetDispatcher.total: 3.69 ms
[WorldPerf] FrameBudgetDispatcher.total: 4.00 ms
[WorldPerf] Topology.runtime.scan: 2.02 ms
[WorldPerf] FrameBudgetDispatcher.topology.chunk_manager.topology_rebuild: 2.08 ms
[WorldPerf] FrameBudgetDispatcher.total: 4.29 ms
[WorldPerf] FrameBudgetDispatcher.total: 3.94 ms
[WorldPerf] FrameBudgetDispatcher.total: 4.02 ms
[WorldPerf] FrameBudgetDispatcher.total: 3.85 ms
[WorldPerf] Topology.runtime.scan: 2.04 ms
[WorldPerf] FrameBudgetDispatcher.topology.chunk_manager.topology_rebuild: 2.10 ms
[WorldPerf] FrameBudgetDispatcher.total: 4.20 ms
[WorldPerf] FrameBudgetDispatcher.total: 2.08 ms
[WorldPerf] FrameBudgetDispatcher.total: 2.13 ms
[WorldPerf] FrameBudgetDispatcher.total: 2.04 ms
[WorldPerf] FrameBudgetDispatcher.total: 2.02 ms
[WorldPerf] FrameBudgetDispatcher.total: 2.02 ms
[WorldPerf] FrameBudgetDispatcher.total: 2.05 ms
[WorldPerf] FrameBudgetDispatcher.total: 2.02 ms
[WorldPerf] FrameBudgetDispatcher.total: 2.00 ms
[WorldPerf] FrameBudgetDispatcher.total: 2.04 ms
[WorldPerf] FrameBudgetDispatcher.total: 2.06 ms
[WorldPerf] FrameBudgetDispatcher.total: 2.01 ms
[WorldPerf] FrameBudgetDispatcher.total: 2.08 ms
[WorldPerf] FrameBudgetDispatcher.total: 2.00 ms
[WorldPerf] FrameBudgetDispatcher.streaming.chunk_manager.streaming_redraw: 2.01 ms
[WorldPerf] FrameBudgetDispatcher.total: 2.12 ms
[WorldPerf] FrameBudgetDispatcher.streaming.chunk_manager.streaming_redraw: 2.06 ms
[WorldPerf] FrameBudgetDispatcher.total: 2.17 ms
[WorldPerf] FrameBudgetDispatcher.total: 2.07 ms
[WorldPerf] FrameBudgetDispatcher.total: 2.04 ms
[WorldPerf] FrameBudgetDispatcher.total: 2.08 ms
[WorldPerf] FrameBudgetDispatcher.total: 2.07 ms
[WorldPerf] FrameBudgetDispatcher.total: 2.03 ms
[WorldPerf] FrameBudgetDispatcher.streaming.chunk_manager.streaming_redraw: 2.00 ms
[WorldPerf] FrameBudgetDispatcher.total: 2.13 ms
[WorldPerf] FrameBudgetDispatcher.total: 2.05 ms
[WorldPerf] FrameBudgetDispatcher.total: 2.01 ms
[WorldPerf] FrameBudgetDispatcher.total: 2.04 ms
[WorldPerf] FrameBudgetDispatcher.total: 2.00 ms
[WorldPerf] FrameBudgetDispatcher.total: 2.05 ms
[WorldPerf] FrameBudgetDispatcher.total: 2.04 ms
[WorldPerf] FrameBudgetDispatcher.total: 2.00 ms
[WorldPerf] FrameBudgetDispatcher.total: 2.05 ms
[WorldPerf] FrameBudgetDispatcher.total: 2.06 ms
[WorldPerf] FrameBudgetDispatcher.total: 2.06 ms
[WorldPerf] FrameBudgetDispatcher.total: 2.06 ms
[WorldPerf] FrameBudgetDispatcher.total: 2.02 ms
[WorldPerf] FrameBudgetDispatcher.total: 2.03 ms
[WorldPerf] FrameBudgetDispatcher.total: 2.03 ms
[WorldPerf] FrameBudgetDispatcher.total: 2.04 ms
[WorldPerf] FrameBudgetDispatcher.total: 2.06 ms
[WorldPerf] FrameBudgetDispatcher.total: 2.03 ms
[FrameBudget] streaming=2.0ms topology=0.3ms visual=0.0ms spawn=0.0ms total=2.2ms/6.0ms chunk_manager.streaming_load=0.0ms(60) chunk_manager.streaming_redraw=2.0ms(60) building.room_recompute=0.0ms(60) power.balance_recompute=0.0ms(60) chunk_manager.topology_rebuild=0.3ms(60) underground.fog_update=0.0ms(60) mountain_shadow.visual_rebuild=0.0ms(60)
[WorldPerf] === Frame Summary (300 frames) ===
[WorldPerf] Frame time: avg=7.0 ms, p99=10.9 ms, hitches=0
[WorldPerf] Frame budget: dispatcher=1.4ms streaming=1.0ms topology=0.4ms building=0.0ms power=0.0ms visual=0.2ms spawn=0.0ms total=1.6ms/6.0ms
[WorldPerf] FrameBudgetDispatcher.total: 2.08 ms
[WorldPerf] FrameBudgetDispatcher.total: 2.00 ms
[WorldPerf] FrameBudgetDispatcher.total: 2.04 ms
[WorldPerf] FrameBudgetDispatcher.total: 2.02 ms
[WorldPerf] FrameBudgetDispatcher.streaming.chunk_manager.streaming_redraw: 2.00 ms
[WorldPerf] FrameBudgetDispatcher.total: 2.12 ms
[WorldPerf] FrameBudgetDispatcher.total: 2.01 ms
[WorldPerf] FrameBudgetDispatcher.total: 2.01 ms
[WorldPerf] FrameBudgetDispatcher.streaming.chunk_manager.streaming_redraw: 2.01 ms
[WorldPerf] FrameBudgetDispatcher.total: 2.12 ms
[CodexValidation] route drain complete with redraw backlog: streaming_truth_idle=true redraw_idle=false load_queue=0 redraw=24 staged_chunk=no staged_data=0 gen_task_id=-1 topology_ready=true native_topology=false native_dirty=false dirty=false build_in_progress=false
[WorldPerf] FrameBudgetDispatcher.total: 2.03 ms
WARNING: ObjectDB instances leaked at exit (run with --verbose for details).
   at: cleanup (core/object/object.cpp:2641)
ERROR: 7 resources still in use at exit (run with --verbose for details).
   at: clear (core/io/resource.cpp:810)
