Godot Engine v4.6.1.stable.official.14d19694e - https://godotengine.org

[WorldPerf] Startup.start_to_loading_screen_visible_ms: 13.04 ms
[WorldPerf] WorldPrePass.compute.sample_height_grid: 158.09 ms
[FrameBudget] streaming=0.0ms topology=0.0ms visual=0.0ms spawn=0.0ms total=0.0ms/6.0ms building.room_recompute=0.0ms(60) power.balance_recompute=0.0ms(60)
[WorldPerf] WorldPrePass.compute.spine_seeds: 400.11 ms
[WorldPerf] WorldPrePass.compute.ridge_graph: 82.58 ms
[WorldPerf] WorldPrePass.compute.ridge_strength_grid.native_total: 1.46 ms
[WorldPerf] WorldPrePass.compute.mountain_mass_grid: 41.13 ms
[FrameBudget] streaming=0.0ms topology=0.0ms visual=0.0ms spawn=0.0ms total=0.0ms/6.0ms building.room_recompute=0.0ms(60) power.balance_recompute=0.0ms(60)
[FrameBudget] streaming=0.0ms topology=0.0ms visual=0.0ms spawn=0.0ms total=0.0ms/6.0ms building.room_recompute=0.0ms(60) power.balance_recompute=0.0ms(60)
[WorldPerf] WorldPrePass.compute.lake_aware_fill.extract_lake_records: 552.06 ms
[WorldPerf] WorldPrePass.compute.lake_aware_fill: 557.31 ms
[FrameBudget] streaming=0.0ms topology=0.0ms visual=0.0ms spawn=0.0ms total=0.0ms/6.0ms building.room_recompute=0.0ms(60) power.balance_recompute=0.0ms(60)
[WorldPerf] WorldPrePass.compute.flow_directions: 694.71 ms
[FrameBudget] streaming=0.0ms topology=0.0ms visual=0.0ms spawn=0.0ms total=0.0ms/6.0ms building.room_recompute=0.0ms(60) power.balance_recompute=0.0ms(60)
[WorldPerf] === Frame Summary (300 frames) ===
[WorldPerf] Frame time: avg=7.4 ms, p99=10.0 ms, hitches=1
[WorldPerf] Frame budget: dispatcher=0.1ms streaming=0.0ms streaming_load=0.0ms streaming_redraw=0.0ms topology=0.0ms building=0.0ms power=0.0ms visual=0.0ms shadow=0.0ms spawn=0.0ms total=0.1ms/6.0ms
[WorldPerf] Observability: Startup.loading_screen_visible=0.0ms, Startup.start_pressed=0.0ms, Startup.start_to_loading_screen_visible_ms=13.0ms
[FrameBudget] streaming=0.0ms topology=0.0ms visual=0.0ms spawn=0.0ms total=0.0ms/6.0ms building.room_recompute=0.0ms(60) power.balance_recompute=0.0ms(60)
[WorldPerf] WorldPrePass.compute.flow_accumulation: 818.83 ms
[WorldPerf] WorldPrePass.compute.floodplain_strength: 10.61 ms
[FrameBudget] streaming=0.0ms topology=0.0ms visual=0.0ms spawn=0.0ms total=0.0ms/6.0ms building.room_recompute=0.0ms(60) power.balance_recompute=0.0ms(60)
[WorldPerf] WorldPrePass.compute.erosion_proxy: 347.65 ms
[FrameBudget] streaming=0.0ms topology=0.0ms visual=0.0ms spawn=0.0ms total=0.0ms/6.0ms building.room_recompute=0.0ms(60) power.balance_recompute=0.0ms(60)
[WorldPerf] WorldPrePass.compute.slope_grid: 413.07 ms
[FrameBudget] streaming=0.0ms topology=0.0ms visual=0.0ms spawn=0.0ms total=0.0ms/6.0ms building.room_recompute=0.0ms(60) power.balance_recompute=0.0ms(60)
[FrameBudget] streaming=0.0ms topology=0.0ms visual=0.0ms spawn=0.0ms total=0.0ms/6.0ms building.room_recompute=0.0ms(60) power.balance_recompute=0.0ms(60)
[WorldPerf] === Frame Summary (300 frames) ===
[WorldPerf] Frame time: avg=6.9 ms, p99=6.9 ms, hitches=0
[WorldPerf] Frame budget: dispatcher=0.1ms streaming=0.0ms streaming_load=0.0ms streaming_redraw=0.0ms topology=0.0ms building=0.0ms power=0.0ms visual=0.0ms shadow=0.0ms spawn=0.0ms total=0.1ms/6.0ms
[FrameBudget] streaming=0.0ms topology=0.0ms visual=0.0ms spawn=0.0ms total=0.0ms/6.0ms building.room_recompute=0.0ms(60) power.balance_recompute=0.0ms(60)
[WorldPerf] WorldPrePass.compute.rain_shadow: 979.12 ms
[WorldPerf] WorldPrePass.compute.continentalness.seed_water_sources: 33.28 ms
[WorldPerf] WorldPrePass.compute.continentalness: 43.70 ms
[WorldPerf] WorldGenerator._setup_world_pre_pass.configure: 64.88 ms
[WorldPerf] WorldGenerator._setup_world_pre_pass.compute: 4569.88 ms
[WorldPerf] WorldGenerator.initialize_world.setup_world_pre_pass: 4634.76 ms
[WorldGenerator] Native ChunkGenerator initialized (6 biomes, authoritative WorldPrePass snapshot)
[WorldPerf] WorldGenerator.complete_pending_initialize_world.pending_age_ms: 4637.31 ms
[WorldPerf] _init_world_generator: 4639.98 ms
[CodexProof] native world-truth proof driver enabled
[WorldPerf] GameWorld._setup_after_loading_screen: 4693.15 ms
[ChunkTilesetFactory] rock_atlas=240, wall_base=47, variants=5
[ChunkTilesetFactory] ground_faces: start=259 count=47
[ChunkTilesetFactory] rock_atlas=240, wall_base=47, variants=5
[ChunkTilesetFactory] ground_faces: start=259 count=47
[ChunkTilesetFactory] rock_atlas=240, wall_base=47, variants=5
[ChunkTilesetFactory] ground_faces: start=259 count=47
[ChunkTilesetFactory] rock_atlas=240, wall_base=47, variants=5
[ChunkTilesetFactory] ground_faces: start=259 count=47
[ChunkTilesetFactory] rock_atlas=240, wall_base=47, variants=5
[ChunkTilesetFactory] ground_faces: start=259 count=47
[ChunkTilesetFactory] rock_atlas=240, wall_base=47, variants=5
[ChunkTilesetFactory] ground_faces: start=259 count=47
[ChunkTilesetFactory] rock_atlas=240, wall_base=47, variants=5
[ChunkTilesetFactory] ground_faces: start=259 count=47
[WorldPerf] PlayerChunk coord=(0, 0) z=0 trigger=entered_chunk loaded=false visible=false state=not_loaded phase=none first_pass=false full_ready=false issues=not_loaded,load_queued,first_pass_not_ready ages(first=-ms full=-ms border=-ms apply=-ms converge=-ms) queues(fast=0 urgent=0 near=0 full_near=0 full_far=0) requests(load=true staged=false generating=false) scheduler(step=0.00ms exhausted=false)
[CodexProof] verifying native world truth around spawn chunk (0, 0) (radius=2 chunks)
[ChunkGen] slow native generate_chunk (62, -2): 392.1 ms
[ChunkGen] slow native generate_chunk (63, -2): 397.2 ms
[ChunkGen] slow native generate_chunk (0, -2): 384.4 ms
[ChunkGen] slow native generate_chunk (1, -2): 417.6 ms
[ChunkGen] slow native generate_chunk (2, -2): 456.5 ms
[ChunkGen] slow native generate_chunk (62, -1): 501.4 ms
[ChunkGen] slow native generate_chunk (63, -1): 376.8 ms
[ChunkGen] slow native generate_chunk (0, -1): 399.9 ms
[ChunkGen] slow native generate_chunk (1, -1): 380.1 ms
[ChunkGen] slow native generate_chunk (2, -1): 382.3 ms
[ChunkGen] slow native generate_chunk (62, 0): 386.8 ms
[ChunkGen] slow native generate_chunk (63, 0): 386.1 ms
[ChunkGen] slow native generate_chunk (0, 0): 384.3 ms
[ChunkGen] slow native generate_chunk (1, 0): 395.6 ms
[ChunkGen] slow native generate_chunk (2, 0): 398.8 ms
[ChunkGen] slow native generate_chunk (62, 1): 385.5 ms
[ChunkGen] slow native generate_chunk (63, 1): 383.9 ms
[ChunkGen] slow native generate_chunk (0, 1): 391.0 ms
[ChunkGen] slow native generate_chunk (1, 1): 391.8 ms
[ChunkGen] slow native generate_chunk (2, 1): 376.8 ms
[ChunkGen] slow native generate_chunk (62, 2): 393.3 ms
[ChunkGen] slow native generate_chunk (63, 2): 563.6 ms
[ChunkGen] slow native generate_chunk (0, 2): 387.3 ms
[ChunkGen] slow native generate_chunk (1, 2): 393.9 ms
[ChunkGen] slow native generate_chunk (2, 2): 390.4 ms
[CodexProof] compared_chunks=25 compared_tiles=102400 payload_errors=0 unexpected_flora_payloads=0
[CodexProof] terrain_mismatches=0 biome_mismatches=0 secondary_biome_mismatches=0 ecotone_mismatches=0 variation_mismatches=0 flora_density_mismatches=0 flora_modulation_mismatches=0
[CodexProof] native_truth_status=PASS
[WorldPerf] PlayerChunk coord=(0, 0) z=0 trigger=scheduler loaded=false visible=false state=not_loaded phase=none first_pass=false full_ready=false issues=not_loaded,generating,first_pass_not_ready ages(first=-ms full=-ms border=-ms apply=-ms converge=-ms) queues(fast=0 urgent=0 near=0 full_near=0 full_far=0) requests(load=false staged=false generating=true) scheduler(step=0.01ms exhausted=false)
