Godot Engine v4.6.2.stable.official.71f334935 - https://godotengine.org

[WorldPerf] Startup.start_to_loading_screen_visible_ms: 13.61 ms
[WorldPerf] WorldPrePass.compute.sample_height_grid: 122.25 ms
[FrameBudget] streaming=0.0ms topology=0.0ms visual=0.0ms spawn=0.0ms total=0.0ms/6.0ms building.room_recompute=0.0ms(60) power.balance_recompute=0.0ms(60)
[WorldPerf] WorldPrePass.compute.spine_seeds: 398.78 ms
[WorldPerf] WorldPrePass.compute.ridge_graph: 44.94 ms
[WorldPerf] WorldPrePass.compute.ridge_strength_grid.native_total: 0.80 ms
[WorldPerf] WorldPrePass.compute.mountain_mass_grid: 23.14 ms
[FrameBudget] streaming=0.0ms topology=0.0ms visual=0.0ms spawn=0.0ms total=0.0ms/6.0ms building.room_recompute=0.0ms(60) power.balance_recompute=0.0ms(60)
[WorldPerf] WorldPrePass.compute.lake_aware_fill.extract_lake_records: 531.21 ms
[WorldPerf] WorldPrePass.compute.lake_aware_fill: 536.41 ms
[FrameBudget] streaming=0.0ms topology=0.0ms visual=0.0ms spawn=0.0ms total=0.0ms/6.0ms building.room_recompute=0.0ms(60) power.balance_recompute=0.0ms(60)
[FrameBudget] streaming=0.0ms topology=0.0ms visual=0.0ms spawn=0.0ms total=0.0ms/6.0ms building.room_recompute=0.0ms(60) power.balance_recompute=0.0ms(60)
[WorldPerf] WorldPrePass.compute.flow_directions: 660.97 ms
[FrameBudget] streaming=0.0ms topology=0.0ms visual=0.0ms spawn=0.0ms total=0.0ms/6.0ms building.room_recompute=0.0ms(60) power.balance_recompute=0.0ms(60)
[WorldPerf] === Frame Summary (300 frames) ===
[WorldPerf] Frame time: avg=7.4 ms, p99=6.9 ms, hitches=1
[WorldPerf] Frame budget: dispatcher=0.1ms streaming=0.0ms streaming_load=0.0ms streaming_redraw=0.0ms topology=0.0ms building=0.0ms power=0.0ms visual=0.0ms shadow=0.0ms spawn=0.0ms total=0.1ms/6.0ms
[WorldPerf] Observability: Startup.loading_screen_visible=0.0ms, Startup.start_pressed=0.0ms, Startup.start_to_loading_screen_visible_ms=13.6ms
[FrameBudget] streaming=0.0ms topology=0.0ms visual=0.0ms spawn=0.0ms total=0.0ms/6.0ms building.room_recompute=0.0ms(60) power.balance_recompute=0.0ms(60)
[WorldPerf] WorldPrePass.compute.flow_accumulation: 798.84 ms
[WorldPerf] WorldPrePass.compute.river_extraction.native_total: 8.90 ms
[WorldPerf] WorldPrePass.compute.river_extraction: 9.09 ms
[WorldPerf] WorldPrePass.compute.floodplain_strength: 13.13 ms
[FrameBudget] streaming=0.0ms topology=0.0ms visual=0.0ms spawn=0.0ms total=0.0ms/6.0ms building.room_recompute=0.0ms(60) power.balance_recompute=0.0ms(60)
[WorldPerf] WorldPrePass.compute.erosion_proxy: 323.54 ms
[FrameBudget] streaming=0.0ms topology=0.0ms visual=0.0ms spawn=0.0ms total=0.0ms/6.0ms building.room_recompute=0.0ms(60) power.balance_recompute=0.0ms(60)
[WorldPerf] WorldPrePass.compute.slope_grid: 398.66 ms
[FrameBudget] streaming=0.0ms topology=0.0ms visual=0.0ms spawn=0.0ms total=0.0ms/6.0ms building.room_recompute=0.0ms(60) power.balance_recompute=0.0ms(60)
[FrameBudget] streaming=0.0ms topology=0.0ms visual=0.0ms spawn=0.0ms total=0.0ms/6.0ms building.room_recompute=0.0ms(60) power.balance_recompute=0.0ms(60)
[WorldPerf] === Frame Summary (300 frames) ===
[WorldPerf] Frame time: avg=6.9 ms, p99=6.9 ms, hitches=0
[WorldPerf] Frame budget: dispatcher=0.1ms streaming=0.0ms streaming_load=0.0ms streaming_redraw=0.0ms topology=0.0ms building=0.0ms power=0.0ms visual=0.0ms shadow=0.0ms spawn=0.0ms total=0.1ms/6.0ms
[WorldPerf] WorldPrePass.compute.rain_shadow: 972.77 ms
[WorldPerf] WorldPrePass.compute.continentalness.seed_water_sources: 28.33 ms
[WorldPerf] WorldPrePass.compute.continentalness: 38.91 ms
[WorldPerf] WorldGenerator._setup_world_pre_pass.configure: 58.31 ms
[WorldPerf] WorldGenerator._setup_world_pre_pass.compute: 4354.65 ms
[WorldPerf] WorldGenerator.initialize_world.setup_world_pre_pass: 4412.97 ms
[WorldGenerator] Native ChunkGenerator initialized (6 biomes, 5 flora sets, 1 decor sets)
[WorldPerf] WorldGenerator.complete_pending_initialize_world.pending_age_ms: 4416.76 ms
[WorldPerf] _init_world_generator: 4424.85 ms
[CodexProof] ecotone preview proof driver enabled
[WorldPerf] GameWorld._setup_after_loading_screen: 4489.78 ms
[ChunkTilesetFactory] rock_atlas=240, wall_base=47, variants=5
[ChunkTilesetFactory] ground_faces: start=259 count=47
[ChunkTilesetFactory] rock_atlas=240, wall_base=47, variants=5
[ChunkTilesetFactory] ground_faces: start=259 count=47
[ChunkTilesetFactory] rock_atlas=240, wall_base=47, variants=5
[ChunkTilesetFactory] ground_faces: start=259 count=47
[ChunkTilesetFactory] rock_atlas=240, wall_base=47, variants=5
[ChunkTilesetFactory] ground_faces: start=259 count=47
[ChunkTilesetFactory] rock_atlas=240, wall_base=47, variants=5
[ChunkTilesetFactory] ground_faces: start=259 count=47
[ChunkTilesetFactory] rock_atlas=240, wall_base=47, variants=5
[ChunkTilesetFactory] ground_faces: start=259 count=47
[ChunkTilesetFactory] rock_atlas=240, wall_base=47, variants=5
[ChunkTilesetFactory] ground_faces: start=259 count=47
[WorldPerf] PlayerChunk coord=(0, 0) z=0 trigger=entered_chunk loaded=false visible=false state=not_loaded phase=none first_pass=false full_ready=false issues=not_loaded,load_queued,first_pass_not_ready ages(first=-ms full=-ms border=-ms apply=-ms converge=-ms) queues(fast=0 urgent=0 near=0 full_near=0 full_far=0) requests(load=true staged=false generating=false) scheduler(step=0.00ms exhausted=false)
[CodexProof] scanning around spawn (0, 0) (radius=10 chunks, step=64 tiles)
[CodexProof] hotspot candidates found: 441
[CodexProof] hotspot 1/1 center=(288, -352) primary=plains secondary=cold_zone ecotone=1.00 mixed=104 ecotone_tiles=1089 flora=104
  biomes: C:/Users/peaceful/Station Peaceful/Station Peaceful/debug_exports/world_previews/seed_12345_local_288_-352_r16_1775657535_x4_biomes.png
  terrain: C:/Users/peaceful/Station Peaceful/Station Peaceful/debug_exports/world_previews/seed_12345_local_288_-352_r16_1775657535_x4_terrain.png
  structures: C:/Users/peaceful/Station Peaceful/Station Peaceful/debug_exports/world_previews/seed_12345_local_288_-352_r16_1775657535_x4_structures.png
  ecotone: C:/Users/peaceful/Station Peaceful/Station Peaceful/debug_exports/world_previews/seed_12345_local_288_-352_r16_1775657535_x4_ecotone.png
  vegetation: C:/Users/peaceful/Station Peaceful/Station Peaceful/debug_exports/world_previews/seed_12345_local_288_-352_r16_1775657535_x4_vegetation.png
[WorldPerf] PlayerChunk coord=(0, 0) z=0 trigger=scheduler loaded=false visible=false state=not_loaded phase=none first_pass=false full_ready=false issues=not_loaded,generating,first_pass_not_ready ages(first=-ms full=-ms border=-ms apply=-ms converge=-ms) queues(fast=0 urgent=0 near=0 full_near=0 full_far=0) requests(load=false staged=false generating=true) scheduler(step=0.00ms exhausted=false)
WARNING: ObjectDB instances leaked at exit (run with --verbose for details).
   at: cleanup (core/object/object.cpp:2641)
ERROR: 22 resources still in use at exit (run with --verbose for details).
   at: clear (core/io/resource.cpp:810)
