Godot Engine v4.6.2.stable.official.71f334935 - https://godotengine.org
TextServer: Added interface "Dummy"
TextServer: Added interface "ICU / HarfBuzz / Graphite (Built-in)"
Unrecognized output string "misc2" in mapping:
030000008a2e0000dd10000000000000,Hand Held Legend GC Ultimate,a:b0,b:b2,back:b17,dpdown:b5,dpleft:b6,dpright:b7,dpup:b4,guide:b18,leftshoulder:b10,leftstick:b8,lefttrigger:a3,leftx:a0,lefty:a1,misc1:b19,misc2:b24,paddle1:b13,paddle2:b12,rightshoulder:b11,rightstick:b9,righttrigger:a4,rightx:a2,righty:a5,start:b16,x:b1,y:b3,platform:Windows,
Unrecognized output string "misc2" in mapping:
030000000d0f00000202000000000000,Horipad O Nintendo Switch 2 Controller,a:b1,b:b0,back:b8,dpdown:h0.4,dpleft:h0.8,dpright:h0.2,dpup:h0.1,guide:b12,leftshoulder:b4,leftstick:b10,lefttrigger:b6,leftx:a0,lefty:a1,misc1:b13,misc2:b14,rightshoulder:b5,rightstick:b11,righttrigger:b7,rightx:a2,righty:a3,start:b9,x:b3,y:b2,platform:Windows,
Unrecognized output string "misc2" in mapping:
030000000d0f00009601000000000000,Horipad Steam,a:b0,b:b1,back:b10,dpdown:h0.4,dpleft:h0.8,dpright:h0.2,dpup:h0.1,guide:b12,leftshoulder:b6,leftstick:b13,lefttrigger:b8,leftx:a0,lefty:a1,misc2:b2,paddle1:b5,paddle2:b15,paddle3:b18,paddle4:b19,rightshoulder:b7,rightstick:b14,righttrigger:b9,rightx:a3,righty:a4,start:b11,x:b3,y:b4,platform:Windows,
Unrecognized output string "misc2" in mapping:
030000007e0500006920000000000000,Nintendo Switch 2 Pro Controller,a:b0,b:b1,back:b14,dpdown:b8,dpleft:b10,dpright:b9,dpup:b11,guide:b16,leftshoulder:b12,leftstick:b15,lefttrigger:b13,leftx:a0,lefty:a1~,misc1:b17,misc2:b20,paddle1:b18,paddle2:b19,rightshoulder:b4,rightstick:b7,righttrigger:b5,rightx:a2,righty:a3~,start:b6,x:b2,y:b3,platform:Windows,
Using "default" pen tablet driver...

Loading resource: res://locale/ru/messages.po
Loading resource: res://locale/en/messages.po
TextServer: Primary interface set to: "ICU / HarfBuzz / Graphite (Built-in)".
CORE API HASH: 4039755037
EDITOR API HASH: 223528947
SceneTreeFTI: traversal method DEFAULT
Loading resource: C:/Users/peaceful/AppData/Roaming/Godot/editor_settings-4.6.tres
EditorSettings: Load OK!
EditorTheme: Generating new theme for the config '3810048042'.
EditorTheme: Generating new icons.
EditorTheme: Generating new fonts.
EditorTheme: Generating new styles.
Loading resource: C:/Users/peaceful/AppData/Local/Godot/editor_doc_cache-4.6.res
MbedTLS: Some X509 certificates could not be parsed (28 certificates skipped).
Loaded system CA certificates
Failed to bind socket. Error: 3.
Loading resource: res://locale/ru/messages.po
Loading resource: res://locale/en/messages.po
Regenerating editor help cache
Class 'AbstractPolygon2DEditor' is not exposed, skipping.
Class 'AbstractPolygon2DEditorPlugin' is not exposed, skipping.
Class 'ActionMapEditor' is not exposed, skipping.
Class 'AnchorPresetPicker' is not exposed, skipping.
Class 'AnimationBezierTrackEdit' is not exposed, skipping.
Class 'AnimationLibraryEditor' is not exposed, skipping.
Class 'AnimationMarkerEdit' is not exposed, skipping.
Class 'AnimationMarkerKeyEditEditorPlugin' is not exposed, skipping.
Class 'AnimationNodeBlendSpace1DEditor' is not exposed, skipping.
Class 'AnimationNodeBlendSpace2DEditor' is not exposed, skipping.
Class 'AnimationNodeBlendTreeEditor' is not exposed, skipping.
Class 'AnimationNodeStateMachineEditor' is not exposed, skipping.
Class 'AnimationPlayerEditor' is not exposed, skipping.
Class 'AnimationPlayerEditorPlugin' is not exposed, skipping.
Class 'AnimationTimelineEdit' is not exposed, skipping.
Class 'AnimationTrackEditDefaultPlugin' is not exposed, skipping.
Class 'AnimationTrackEditPlugin' is not exposed, skipping.
Class 'AnimationTrackEditor' is not exposed, skipping.
Class 'AnimationTrackKeyEditEditorPlugin' is not exposed, skipping.
Class 'AnimationTreeEditor' is not exposed, skipping.
Class 'AnimationTreeEditorPlugin' is not exposed, skipping.
Class 'AnimationTreeNodeEditorPlugin' is not exposed, skipping.
Class 'AssetLibraryEditorPlugin' is not exposed, skipping.
Class 'AtlasMergingDialog' is not exposed, skipping.
Class 'AtlasTileProxyObject' is not exposed, skipping.
Class 'AudioBusesEditorPlugin' is not exposed, skipping.
Class 'AudioListener3DGizmoPlugin' is not exposed, skipping.
Class 'AudioStreamEditorPlugin' is not exposed, skipping.
Class 'AudioStreamImportSettingsDialog' is not exposed, skipping.
Class 'AudioStreamInteractiveEditorPlugin' is not exposed, skipping.
Class 'AudioStreamInteractiveTransitionEditor' is not exposed, skipping.
Class 'AudioStreamPlayer3DGizmoPlugin' is not exposed, skipping.
Class 'AudioStreamPlayerInternal' is not exposed, skipping.
Class 'AudioStreamPreviewGenerator' is not exposed, skipping.
Class 'AudioStreamRandomizerEditorPlugin' is not exposed, skipping.
Class 'BackgroundProgress' is not exposed, skipping.
Class 'BitMapEditorPlugin' is not exposed, skipping.
Class 'BoneMapEditorPlugin' is not exposed, skipping.
Class 'CPUParticles2DEditorPlugin' is not exposed, skipping.
Class 'CPUParticles3DEditorPlugin' is not exposed, skipping.
Class 'CPUParticles3DGizmoPlugin' is not exposed, skipping.
Class 'CSGShape3DGizmoPlugin' is not exposed, skipping.
Class 'CSGShapeEditor' is not exposed, skipping.
Class 'Camera2DEditor' is not exposed, skipping.
Class 'Camera2DEditorPlugin' is not exposed, skipping.
Class 'Camera3DEditorPlugin' is not exposed, skipping.
Class 'Camera3DGizmoPlugin' is not exposed, skipping.
Class 'CanvasItemEditor' is not exposed, skipping.
Class 'CanvasItemEditorPlugin' is not exposed, skipping.
Class 'CanvasItemEditorViewport' is not exposed, skipping.
Class 'CanvasItemMaterialConversionPlugin' is not exposed, skipping.
Class 'Cast2DEditor' is not exposed, skipping.
Class 'Cast2DEditorPlugin' is not exposed, skipping.
Class 'ChainIK3DGizmoPlugin' is not exposed, skipping.
Class 'CollisionObject3DGizmoPlugin' is not exposed, skipping.
Class 'CollisionPolygon2DEditor' is not exposed, skipping.
Class 'CollisionPolygon2DEditorPlugin' is not exposed, skipping.
Class 'CollisionPolygon3DGizmoPlugin' is not exposed, skipping.
Class 'CollisionShape2DEditor' is not exposed, skipping.
Class 'CollisionShape2DEditorPlugin' is not exposed, skipping.
Class 'CollisionShape3DGizmoPlugin' is not exposed, skipping.
Class 'ColorPickerShape' is not exposed, skipping.
Class 'ColorPickerShapeCircle' is not exposed, skipping.
Class 'ColorPickerShapeOKHLRectangle' is not exposed, skipping.
Class 'ColorPickerShapeOKHSLCircle' is not exposed, skipping.
Class 'ColorPickerShapeOKHSRectangle' is not exposed, skipping.
Class 'ColorPickerShapeVHSCircle' is not exposed, skipping.
Class 'ColorPickerShapeWheel' is not exposed, skipping.
Class 'ConnectDialog' is not exposed, skipping.
Class 'ConnectDialogBinds' is not exposed, skipping.
Class 'ConnectionsDock' is not exposed, skipping.
Class 'ControlEditorPlugin' is not exposed, skipping.
Class 'ControlEditorPopupButton' is not exposed, skipping.
Class 'ControlEditorPresetPicker' is not exposed, skipping.
Class 'ControlEditorToolbar' is not exposed, skipping.
Class 'CreateDialog' is not exposed, skipping.
Class 'CurveEditorPlugin' is not exposed, skipping.
Class 'CurvePreviewGenerator' is not exposed, skipping.
Class 'DebugAdapterParser' is not exposed, skipping.
Class 'DebugAdapterServer' is not exposed, skipping.
Class 'DebuggerEditorPlugin' is not exposed, skipping.
Class 'DecalGizmoPlugin' is not exposed, skipping.
Class 'DefaultThemeEditorPreview' is not exposed, skipping.
Class 'DependencyEditor' is not exposed, skipping.
Class 'DependencyEditorOwners' is not exposed, skipping.
Class 'DependencyErrorDialog' is not exposed, skipping.
Class 'DependencyRemoveDialog' is not exposed, skipping.
Class 'DirectoryCreateDialog' is not exposed, skipping.
Class 'DockContextPopup' is not exposed, skipping.
Class 'DockShortcutHandler' is not exposed, skipping.
Class 'DockSplitContainer' is not exposed, skipping.
Class 'DynamicFontImportSettingsData' is not exposed, skipping.
Class 'DynamicFontImportSettingsDialog' is not exposed, skipping.
Class 'EditorAbout' is not exposed, skipping.
Class 'EditorAssetLibrary' is not exposed, skipping.
Class 'EditorAudioBus' is not exposed, skipping.
Class 'EditorAudioBuses' is not exposed, skipping.
Class 'EditorAudioMeterNotches' is not exposed, skipping.
Class 'EditorAudioStreamPreviewPlugin' is not exposed, skipping.
Class 'EditorAudioStreamTooltipPlugin' is not exposed, skipping.
Class 'EditorAutoloadSettings' is not exposed, skipping.
Class 'EditorBitmapPreviewPlugin' is not exposed, skipping.
Class 'EditorBottomPanel' is not exposed, skipping.
Class 'EditorBuildProfile' is not exposed, skipping.
Class 'EditorBuildProfileManager' is not exposed, skipping.
Class 'EditorConfigFileSyntaxHighlighter' is not exposed, skipping.
Class 'EditorContextMenuPluginManager' is not exposed, skipping.
Class 'EditorDebuggerInspector' is not exposed, skipping.
Class 'EditorDebuggerNode' is not exposed, skipping.
Class 'EditorDebuggerRemoteObjects' is not exposed, skipping.
Class 'EditorDebuggerTree' is not exposed, skipping.
Class 'EditorDirDialog' is not exposed, skipping.
Class 'EditorDockDragHint' is not exposed, skipping.
Class 'EditorDockManager' is not exposed, skipping.
Class 'EditorEventSearchBar' is not exposed, skipping.
Class 'EditorExport' is not exposed, skipping.
Class 'EditorExportGDScript' is not exposed, skipping.
Class 'EditorExpressionEvaluator' is not exposed, skipping.
Class 'EditorFeatureProfileManager' is not exposed, skipping.
Class 'EditorFileServer' is not exposed, skipping.
Class 'EditorFileSystemImportFormatSupportQueryBlend' is not exposed, skipping.
Class 'EditorFontPreviewPlugin' is not exposed, skipping.
Class 'EditorGradientPreviewPlugin' is not exposed, skipping.
Class 'EditorHelpBit' is not exposed, skipping.
Class 'EditorHelpSearch' is not exposed, skipping.
Class 'EditorImagePreviewPlugin' is not exposed, skipping.
Class 'EditorImportBlendRunner' is not exposed, skipping.
Class 'EditorInspectorCategory' is not exposed, skipping.
Class 'EditorInspectorDefaultPlugin' is not exposed, skipping.
Class 'EditorInspectorParticleProcessMaterialPlugin' is not exposed, skipping.
Class 'EditorInspectorPlugin3DTexture' is not exposed, skipping.
Class 'EditorInspectorPluginAnimationMarkerKeyEdit' is not exposed, skipping.
Class 'EditorInspectorPluginAnimationNodeAnimation' is not exposed, skipping.
Class 'EditorInspectorPluginAnimationTrackKeyEdit' is not exposed, skipping.
Class 'EditorInspectorPluginAudioStream' is not exposed, skipping.
Class 'EditorInspectorPluginAudioStreamInteractive' is not exposed, skipping.
Class 'EditorInspectorPluginBitMap' is not exposed, skipping.
Class 'EditorInspectorPluginBoneMap' is not exposed, skipping.
Class 'EditorInspectorPluginCamera3DPreview' is not exposed, skipping.
Class 'EditorInspectorPluginControl' is not exposed, skipping.
Class 'EditorInspectorPluginCurve' is not exposed, skipping.
Class 'EditorInspectorPluginFontPreview' is not exposed, skipping.
Class 'EditorInspectorPluginFontVariation' is not exposed, skipping.
Class 'EditorInspectorPluginGradient' is not exposed, skipping.
Class 'EditorInspectorPluginGradientTexture2D' is not exposed, skipping.
Class 'EditorInspectorPluginInputEvent' is not exposed, skipping.
Class 'EditorInspectorPluginLayeredTexture' is not exposed, skipping.
Class 'EditorInspectorPluginMaterial' is not exposed, skipping.
Class 'EditorInspectorPluginMesh' is not exposed, skipping.
Class 'EditorInspectorPluginPackedScene' is not exposed, skipping.
Class 'EditorInspectorPluginSkeleton' is not exposed, skipping.
Class 'EditorInspectorPluginStyleBox' is not exposed, skipping.
Class 'EditorInspectorPluginSubViewportPreview' is not exposed, skipping.
Class 'EditorInspectorPluginSystemFont' is not exposed, skipping.
Class 'EditorInspectorPluginTexture' is not exposed, skipping.
Class 'EditorInspectorPluginTextureRegion' is not exposed, skipping.
Class 'EditorInspectorPluginTileData' is not exposed, skipping.
Class 'EditorInspectorRootMotionPlugin' is not exposed, skipping.
Class 'EditorInspectorToolButtonPlugin' is not exposed, skipping.
Class 'EditorInspectorVisualShaderModePlugin' is not exposed, skipping.
Class 'EditorJSONSyntaxHighlighter' is not exposed, skipping.
Class 'EditorLayoutsDialog' is not exposed, skipping.
Class 'EditorLocaleDialog' is not exposed, skipping.
Class 'EditorLog' is not exposed, skipping.
Class 'EditorMainScreen' is not exposed, skipping.
Class 'EditorMarkdownSyntaxHighlighter' is not exposed, skipping.
Class 'EditorMaterialPreviewPlugin' is not exposed, skipping.
Class 'EditorMeshPreviewPlugin' is not exposed, skipping.
Class 'EditorNativeShaderSourceVisualizer' is not exposed, skipping.
Class 'EditorNetworkProfiler' is not exposed, skipping.
Class 'EditorNode' is not exposed, skipping.
Class 'EditorOBJImporter' is not exposed, skipping.
Class 'EditorObjectSelector' is not exposed, skipping.
Class 'EditorPackedScenePreviewPlugin' is not exposed, skipping.
Class 'EditorPerformanceProfiler' is not exposed, skipping.
Class 'EditorPluginCSG' is not exposed, skipping.
Class 'EditorPluginSettings' is not exposed, skipping.
Class 'EditorProfiler' is not exposed, skipping.
Class 'EditorPropertyCheck' is not exposed, skipping.
Class 'EditorPropertyInteger' is not exposed, skipping.
Class 'EditorPropertyMultilineText' is not exposed, skipping.
Class 'EditorPropertyNameProcessor' is not exposed, skipping.
Class 'EditorPropertyPath' is not exposed, skipping.
Class 'EditorPropertyResource' is not exposed, skipping.
Class 'EditorPropertyText' is not exposed, skipping.
Class 'EditorPropertyVector2i' is not exposed, skipping.
Class 'EditorPropertyVectorN' is not exposed, skipping.
Class 'EditorQuickOpenDialog' is not exposed, skipping.
Class 'EditorRunBar' is not exposed, skipping.
Class 'EditorRunNative' is not exposed, skipping.
Class 'EditorSceneExporterGLTFSettings' is not exposed, skipping.
Class 'EditorSceneFormatImporterCollada' is not exposed, skipping.
Class 'EditorSceneFormatImporterESCN' is not exposed, skipping.
Class 'EditorSceneTabs' is not exposed, skipping.
Class 'EditorScriptPlugin' is not exposed, skipping.
Class 'EditorScriptPreviewPlugin' is not exposed, skipping.
Class 'EditorSettingsDialog' is not exposed, skipping.
Class 'EditorSettingsInspectorPlugin' is not exposed, skipping.
Class 'EditorShaderLanguagePlugin' is not exposed, skipping.
Class 'EditorTexturePreviewPlugin' is not exposed, skipping.
Class 'EditorTextureTooltipPlugin' is not exposed, skipping.
Class 'EditorTheme' is not exposed, skipping.
Class 'EditorTitleBar' is not exposed, skipping.
Class 'EditorTranslationPreviewButton' is not exposed, skipping.
Class 'EditorTranslationPreviewMenu' is not exposed, skipping.
Class 'EditorValidationPanel' is not exposed, skipping.
Class 'EditorVariantTypeOptionButton' is not exposed, skipping.
Class 'EditorVersionButton' is not exposed, skipping.
Class 'EditorVisualProfiler' is not exposed, skipping.
Class 'EditorZoomWidget' is not exposed, skipping.
Class 'EmbeddedProcess' is not exposed, skipping.
Class 'EmbeddedProcessBase' is not exposed, skipping.
Class 'EventListenerLineEdit' is not exposed, skipping.
Class 'ExportTemplateManager' is not exposed, skipping.
Class 'FBXImporterManager' is not exposed, skipping.
Class 'FileSystemList' is not exposed, skipping.
Class 'FindInFilesContainer' is not exposed, skipping.
Class 'FindInFilesDialog' is not exposed, skipping.
Class 'FindReplaceBar' is not exposed, skipping.
Class 'FogMaterialConversionPlugin' is not exposed, skipping.
Class 'FogVolumeGizmoPlugin' is not exposed, skipping.
Class 'FontEditorPlugin' is not exposed, skipping.
Class 'GDScriptEditorTranslationParserPlugin' is not exposed, skipping.
Class 'GDScriptLanguageServer' is not exposed, skipping.
Class 'GDScriptNativeClass' is not exposed, skipping.
Class 'GLTFDocumentExtensionPhysics' is not exposed, skipping.
Class 'GLTFDocumentExtensionTextureKTX' is not exposed, skipping.
Class 'GLTFDocumentExtensionTextureWebP' is not exposed, skipping.
Class 'GPUParticles2DEditorPlugin' is not exposed, skipping.
Class 'GPUParticles3DEditorPlugin' is not exposed, skipping.
Class 'GPUParticles3DGizmoPlugin' is not exposed, skipping.
Class 'GPUParticlesCollision3DGizmoPlugin' is not exposed, skipping.
Class 'GPUParticlesCollisionSDF3DEditorPlugin' is not exposed, skipping.
Class 'GameView' is not exposed, skipping.
Class 'GameViewDebugger' is not exposed, skipping.
Class 'GameViewPlugin' is not exposed, skipping.
Class 'GameViewPluginBase' is not exposed, skipping.
Class 'GeometryInstance3DGizmoPlugin' is not exposed, skipping.
Class 'Gizmo3DHelper' is not exposed, skipping.
Class 'GodotNavigationServer2D' is not exposed, skipping.
Class 'GodotPhysicsServer2D' is not exposed, skipping.
Class 'GradientEditorPlugin' is not exposed, skipping.
Class 'GradientTexture2DEditorPlugin' is not exposed, skipping.
Class 'GraphEditFilter' is not exposed, skipping.
Class 'GraphEditMinimap' is not exposed, skipping.
Class 'GridMapEditor' is not exposed, skipping.
Class 'GroupSettingsEditor' is not exposed, skipping.
Class 'GroupsDock' is not exposed, skipping.
Class 'GroupsEditor' is not exposed, skipping.
Class 'HistoryDock' is not exposed, skipping.
Class 'IPWindows' is not exposed, skipping.
Class 'ImportDefaultsEditor' is not exposed, skipping.
Class 'ImportDefaultsEditorSettings' is not exposed, skipping.
Class 'ImportDock' is not exposed, skipping.
Class 'ImportDockParameters' is not exposed, skipping.
Class 'InputEventConfigurationDialog' is not exposed, skipping.
Class 'InputEventEditorPlugin' is not exposed, skipping.
Class 'InspectorDock' is not exposed, skipping.
Class 'Joint3DGizmoPlugin' is not exposed, skipping.
Class 'JoltPhysicsServer3D' is not exposed, skipping.
Class 'Label3DGizmoPlugin' is not exposed, skipping.
Class 'Light3DGizmoPlugin' is not exposed, skipping.
Class 'LightOccluder2DEditor' is not exposed, skipping.
Class 'LightOccluder2DEditorPlugin' is not exposed, skipping.
Class 'LightmapGIEditorPlugin' is not exposed, skipping.
Class 'LightmapGIGizmoPlugin' is not exposed, skipping.
Class 'LightmapProbeGizmoPlugin' is not exposed, skipping.
Class 'Line2DEditor' is not exposed, skipping.
Class 'Line2DEditorPlugin' is not exposed, skipping.
Class 'LocalizationEditor' is not exposed, skipping.
Class 'MarginContainerEditorPlugin' is not exposed, skipping.
Class 'Marker3DGizmoPlugin' is not exposed, skipping.
Class 'MaterialEditorPlugin' is not exposed, skipping.
Class 'MeshEditorPlugin' is not exposed, skipping.
Class 'MeshInstance3DEditor' is not exposed, skipping.
Class 'MeshInstance3DEditorPlugin' is not exposed, skipping.
Class 'MeshInstance3DGizmoPlugin' is not exposed, skipping.
Class 'MeshLibraryEditor' is not exposed, skipping.
Class 'MeshLibraryEditorPlugin' is not exposed, skipping.
Class 'MovieWriterMJPEG' is not exposed, skipping.
Class 'MovieWriterOGV' is not exposed, skipping.
Class 'MovieWriterPNGWAV' is not exposed, skipping.
Class 'MultiMeshEditor' is not exposed, skipping.
Class 'MultiMeshEditorPlugin' is not exposed, skipping.
Class 'MultiplayerEditorDebugger' is not exposed, skipping.
Class 'MultiplayerEditorPlugin' is not exposed, skipping.
Class 'NavigationLink2DEditor' is not exposed, skipping.
Class 'NavigationLink2DEditorPlugin' is not exposed, skipping.
Class 'NavigationLink3DEditorPlugin' is not exposed, skipping.
Class 'NavigationLink3DGizmoPlugin' is not exposed, skipping.
Class 'NavigationObstacle2DEditor' is not exposed, skipping.
Class 'NavigationObstacle2DEditorPlugin' is not exposed, skipping.
Class 'NavigationObstacle3DEditorPlugin' is not exposed, skipping.
Class 'NavigationObstacle3DGizmoPlugin' is not exposed, skipping.
Class 'NavigationRegion2DEditor' is not exposed, skipping.
Class 'NavigationRegion2DEditorPlugin' is not exposed, skipping.
Class 'NavigationRegion3DEditor' is not exposed, skipping.
Class 'NavigationRegion3DEditorPlugin' is not exposed, skipping.
Class 'NavigationRegion3DGizmoPlugin' is not exposed, skipping.
Class 'Node3DEditor' is not exposed, skipping.
Class 'Node3DEditorPlugin' is not exposed, skipping.
Class 'Node3DEditorViewport' is not exposed, skipping.
Class 'Node3DEditorViewportContainer' is not exposed, skipping.
Class 'NoiseEditorInspectorPlugin' is not exposed, skipping.
Class 'NoiseEditorPlugin' is not exposed, skipping.
Class 'ORMMaterial3DConversionPlugin' is not exposed, skipping.
Class 'ObjectDBProfilerDebuggerPlugin' is not exposed, skipping.
Class 'ObjectDBProfilerPanel' is not exposed, skipping.
Class 'ObjectDBProfilerPlugin' is not exposed, skipping.
Class 'OccluderInstance3DEditorPlugin' is not exposed, skipping.
Class 'OccluderInstance3DGizmoPlugin' is not exposed, skipping.
Class 'OpenXREditorPlugin' is not exposed, skipping.
Class 'OpenXRExportPlugin' is not exposed, skipping.
Class 'OrphanResourcesDialog' is not exposed, skipping.
Class 'PackedSceneEditorPlugin' is not exposed, skipping.
Class 'PackedSceneEditorTranslationParserPlugin' is not exposed, skipping.
Class 'PanoramaSkyMaterialConversionPlugin' is not exposed, skipping.
Class 'ParallaxBackgroundEditorPlugin' is not exposed, skipping.
Class 'ParticleProcessMaterialConversionPlugin' is not exposed, skipping.
Class 'Particles2DEditorPlugin' is not exposed, skipping.
Class 'Particles3DEditorPlugin' is not exposed, skipping.
Class 'Particles3DEmissionShapeGizmoPlugin' is not exposed, skipping.
Class 'ParticlesEditorPlugin' is not exposed, skipping.
Class 'Path2DEditor' is not exposed, skipping.
Class 'Path2DEditorPlugin' is not exposed, skipping.
Class 'Path3DEditorPlugin' is not exposed, skipping.
Class 'Path3DGizmoPlugin' is not exposed, skipping.
Class 'PhysicalBone3DEditorPlugin' is not exposed, skipping.
Class 'PhysicalBone3DGizmoPlugin' is not exposed, skipping.
Class 'PhysicalSkyMaterialConversionPlugin' is not exposed, skipping.
Class 'PluginConfigDialog' is not exposed, skipping.
Class 'Polygon2DEditor' is not exposed, skipping.
Class 'Polygon2DEditorPlugin' is not exposed, skipping.
Class 'Polygon3DEditor' is not exposed, skipping.
Class 'Polygon3DEditorPlugin' is not exposed, skipping.
Class 'PostImportPluginSkeletonRenamer' is not exposed, skipping.
Class 'PostImportPluginSkeletonRestFixer' is not exposed, skipping.
Class 'PostImportPluginSkeletonTrackOrganizer' is not exposed, skipping.
Class 'PreviewSunEnvPopup' is not exposed, skipping.
Class 'ProceduralSkyMaterialConversionPlugin' is not exposed, skipping.
Class 'ProgressDialog' is not exposed, skipping.
Class 'ProjectExportDialog' is not exposed, skipping.
Class 'ProjectExportTextureFormatError' is not exposed, skipping.
Class 'ProjectSettingsEditor' is not exposed, skipping.
Class 'ProjectUpgradeTool' is not exposed, skipping.
Class 'PropertySelector' is not exposed, skipping.
Class 'QuickOpenResultContainer' is not exposed, skipping.
Class 'RayCast3DGizmoPlugin' is not exposed, skipping.
Class 'ReflectionProbeGizmoPlugin' is not exposed, skipping.
Class 'RenameDialog' is not exposed, skipping.
Class 'ReparentDialog' is not exposed, skipping.
Class 'ReplicationEditor' is not exposed, skipping.
Class 'ResourceFormatImporterSaver' is not exposed, skipping.
Class 'ResourcePreloaderEditor' is not exposed, skipping.
Class 'ResourcePreloaderEditorPlugin' is not exposed, skipping.
Class 'RunInstancesDialog' is not exposed, skipping.
Class 'SceneCacheInterface' is not exposed, skipping.
Class 'SceneCreateDialog' is not exposed, skipping.
Class 'SceneExporterGLTFPlugin' is not exposed, skipping.
Class 'SceneImportSettingsData' is not exposed, skipping.
Class 'SceneImportSettingsDialog' is not exposed, skipping.
Class 'SceneRPCInterface' is not exposed, skipping.
Class 'SceneReplicationInterface' is not exposed, skipping.
Class 'SceneTileProxyObject' is not exposed, skipping.
SceneTreeFTI: traversal method DEFAULT
Class 'SceneTreeDialog' is not exposed, skipping.
Class 'SceneTreeDock' is not exposed, skipping.
Class 'SceneTreeEditor' is not exposed, skipping.
Class 'ScreenSelect' is not exposed, skipping.
Class 'ScriptEditorDebugger' is not exposed, skipping.
Class 'ScriptEditorPlugin' is not exposed, skipping.
Class 'SectionedInspector' is not exposed, skipping.
Class 'SectionedInspectorFilter' is not exposed, skipping.
Class 'ShaderBakerExportPluginPlatform' is not exposed, skipping.
Class 'ShaderBakerExportPluginPlatformD3D12' is not exposed, skipping.
Class 'ShaderBakerExportPluginPlatformVulkan' is not exposed, skipping.
Class 'ShaderCreateDialog' is not exposed, skipping.
Class 'ShaderEditorPlugin' is not exposed, skipping.
Class 'ShaderFileEditor' is not exposed, skipping.
Class 'ShaderFileEditorPlugin' is not exposed, skipping.
Class 'ShaderGlobalsEditor' is not exposed, skipping.
Class 'ShaderGlobalsEditorInterface' is not exposed, skipping.
Class 'ShapeCast3DGizmoPlugin' is not exposed, skipping.
Class 'SignalsDock' is not exposed, skipping.
Class 'SizeFlagPresetPicker' is not exposed, skipping.
Class 'Skeleton2DEditor' is not exposed, skipping.
Class 'Skeleton2DEditorPlugin' is not exposed, skipping.
Class 'Skeleton3DEditorPlugin' is not exposed, skipping.
Class 'Skeleton3DGizmoPlugin' is not exposed, skipping.
Class 'SkeletonIK3DEditorPlugin' is not exposed, skipping.
Class 'SnapDialog' is not exposed, skipping.
Class 'SnapshotClassView' is not exposed, skipping.
Class 'SnapshotNodeView' is not exposed, skipping.
Class 'SnapshotObjectView' is not exposed, skipping.
Class 'SnapshotRefCountedView' is not exposed, skipping.
Class 'SnapshotSummaryView' is not exposed, skipping.
Class 'SnapshotView' is not exposed, skipping.
Class 'SoftBody3DGizmoPlugin' is not exposed, skipping.
Class 'SpinBoxLineEdit' is not exposed, skipping.
Class 'SplitContainerDragger' is not exposed, skipping.
Class 'SpringArm3DGizmoPlugin' is not exposed, skipping.
Class 'SpringBoneCollision3DGizmoPlugin' is not exposed, skipping.
Class 'SpringBoneSimulator3DGizmoPlugin' is not exposed, skipping.
Class 'Sprite2DEditor' is not exposed, skipping.
Class 'Sprite2DEditorPlugin' is not exposed, skipping.
Class 'SpriteBase3DGizmoPlugin' is not exposed, skipping.
Class 'SpriteFramesEditor' is not exposed, skipping.
Class 'SpriteFramesEditorPlugin' is not exposed, skipping.
Class 'StandardMaterial3DConversionPlugin' is not exposed, skipping.
Class 'StyleBoxEditorPlugin' is not exposed, skipping.
Class 'SubViewportPreviewEditorPlugin' is not exposed, skipping.
Class 'SwitchSeparator' is not exposed, skipping.
Class 'TextShaderLanguagePlugin' is not exposed, skipping.
Class 'Texture3DEditorPlugin' is not exposed, skipping.
Class 'TextureEditorPlugin' is not exposed, skipping.
Class 'TextureLayeredEditorPlugin' is not exposed, skipping.
Class 'TextureRegionEditor' is not exposed, skipping.
Class 'TextureRegionEditorPlugin' is not exposed, skipping.
Class 'ThemeContext' is not exposed, skipping.
Class 'ThemeEditor' is not exposed, skipping.
Class 'ThemeEditorPlugin' is not exposed, skipping.
Class 'ThemeEditorPreview' is not exposed, skipping.
Class 'ThemeItemEditorDialog' is not exposed, skipping.
Class 'ThemeItemImportTree' is not exposed, skipping.
Class 'ThemeTypeDialog' is not exposed, skipping.
Class 'ThemeTypeEditor' is not exposed, skipping.
Class 'TileAtlasView' is not exposed, skipping.
Class 'TileMapEditorPlugin' is not exposed, skipping.
Class 'TileMapLayerEditor' is not exposed, skipping.
Class 'TileMapLayerEditorTerrainsPlugin' is not exposed, skipping.
Class 'TileMapLayerEditorTilesPlugin' is not exposed, skipping.
Class 'TileProxiesManagerDialog' is not exposed, skipping.
Class 'TileSetAtlasSourceEditor' is not exposed, skipping.
Class 'TileSetAtlasSourceProxyObject' is not exposed, skipping.
Class 'TileSetEditor' is not exposed, skipping.
Class 'TileSetEditorPlugin' is not exposed, skipping.
Class 'TileSetScenesCollectionProxyObject' is not exposed, skipping.
Class 'TileSetScenesCollectionSourceEditor' is not exposed, skipping.
Class 'TileSetSourceItemList' is not exposed, skipping.
Class 'TileSourceInspectorPlugin' is not exposed, skipping.
Class 'TilesEditorUtils' is not exposed, skipping.
Class 'ToolButtonEditorPlugin' is not exposed, skipping.
Class 'TwoBoneIK3DGizmoPlugin' is not exposed, skipping.
Class 'VehicleWheel3DGizmoPlugin' is not exposed, skipping.
Class 'VersionControlEditorPlugin' is not exposed, skipping.
Class 'ViewPanner' is not exposed, skipping.
Class 'ViewportNavigationControl' is not exposed, skipping.
Class 'ViewportRotationControl' is not exposed, skipping.
Class 'VisibleOnScreenNotifier3DGizmoPlugin' is not exposed, skipping.
Class 'VisualShaderConversionPlugin' is not exposed, skipping.
Class 'VisualShaderLanguagePlugin' is not exposed, skipping.
Class 'VoxelGIEditorPlugin' is not exposed, skipping.
Class 'VoxelGIGizmoPlugin' is not exposed, skipping.
Class 'WindowWrapper' is not exposed, skipping.
[   0% ] first_scan_filesystem | Started Инициализация проекта (5 steps)
[   0% ] first_scan_filesystem | Сканирование структуры файлов…
[  16% ] first_scan_filesystem | Загрузка глобальных имен классов…
[  33% ] first_scan_filesystem | Проверка GDExtensions…
[  50% ] first_scan_filesystem | Создание скриптов автозагрузки…
Loading resource: C:/Users/peaceful/AppData/Local/Godot/editor_doc_cache-4.6.res
Loading resource: res://core/autoloads/event_bus.gd
Loading resource: res://core/autoloads/game_manager.gd
Loading resource: res://core/autoloads/time_manager.gd
Loading resource: res://core/autoloads/biome_registry.gd
Loading resource: res://core/autoloads/flora_decor_registry.gd
Loading resource: res://core/autoloads/world_feature_registry.gd
Loading resource: res://core/autoloads/world_generator.gd
Loading resource: res://core/autoloads/item_registry.gd
Loading resource: res://data/balance/power_balance.tres
Loading resource: res://data/balance/power_balance.gd
Loading resource: res://core/autoloads/save_manager.gd
Loading resource: res://core/autoloads/settings_manager.gd
Loading resource: res://core/autoloads/world_perf_monitor.gd
Loading resource: res://core/autoloads/player_authority.gd
[  66% ] first_scan_filesystem | Инициализация плагинов…
[  83% ] first_scan_filesystem | Начало сканирование файлов…
[ DONE ] first_scan_filesystem

GDScript: Reloading all scripts
GDScript: Found: res://core/systems/state_machine/entity_state.gd
GDScript: Found: res://core/entities/factories/building_factory.gd
GDScript: Found: res://core/systems/commands/remove_building_command.gd
GDScript: Found: res://core/systems/commands/place_building_command.gd
GDScript: Found: res://core/systems/building/building_persistence.gd
GDScript: Found: res://core/systems/building/building_indoor_solver.gd
GDScript: Found: res://core/systems/building/building_placement_service.gd
GDScript: Found: res://data/balance/building_balance.gd
GDScript: Found: res://core/systems/building/building_system.gd
GDScript: Found: res://data/balance/survival_balance.gd
GDScript: Found: res://core/systems/world/z_level_manager.gd
GDScript: Found: res://core/systems/world/underground_fog_state.gd
GDScript: Found: res://core/systems/world/chunk.gd
GDScript: Found: res://core/systems/world/chunk_flora_result.gd
GDScript: Found: res://core/systems/world/chunk_flora_builder.gd
GDScript: Found: res://core/systems/commands/game_command.gd
GDScript: Found: res://core/entities/player/states/player_dead_state.gd
GDScript: Found: res://core/entities/player/states/player_attack_state.gd
GDScript: Found: res://core/entities/player/states/player_harvest_state.gd
GDScript: Found: res://core/entities/player/states/player_move_state.gd
GDScript: Found: res://core/entities/player/states/player_idle_state.gd
GDScript: Found: res://core/entities/items/inventory_slot.gd
GDScript: Found: res://core/entities/player/player_popup.gd
GDScript: Found: res://core/systems/world/chunk_manager.gd
GDScript: Found: res://core/entities/player/player_camera.gd
GDScript: Found: res://core/systems/state_machine/state_machine.gd
GDScript: Found: res://core/systems/commands/command_executor.gd
GDScript: Found: res://core/entities/components/inventory_component.gd
GDScript: Found: res://core/systems/survival/oxygen_system.gd
GDScript: Found: res://data/balance/player_balance.gd
GDScript: Found: res://core/systems/commands/harvest_tile_command.gd
GDScript: Found: res://core/entities/player/player.gd
GDScript: Found: res://core/autoloads/player_authority.gd
GDScript: Found: res://core/autoloads/world_perf_monitor.gd
GDScript: Found: res://core/autoloads/settings_manager.gd
GDScript: Found: res://core/autoloads/save_appliers.gd
GDScript: Found: res://core/systems/world/chunk_save_system.gd
GDScript: Found: res://core/autoloads/save_collectors.gd
GDScript: Found: res://core/autoloads/save_io.gd
GDScript: Found: res://core/autoloads/save_manager.gd
GDScript: Found: res://core/entities/components/noise_component.gd
GDScript: Found: res://core/systems/world/world_perf_probe.gd
GDScript: Found: res://core/runtime/runtime_budget_job.gd
GDScript: Found: res://core/autoloads/frame_budget_dispatcher.gd
GDScript: Found: res://core/entities/components/power_consumer_component.gd
GDScript: Found: res://core/runtime/runtime_work_types.gd
GDScript: Found: res://core/systems/power/power_system.gd
GDScript: Found: res://core/entities/components/health_component.gd
GDScript: Found: res://core/entities/components/power_source_component.gd
GDScript: Found: res://core/entities/structures/thermo_burner.gd
GDScript: Found: res://core/entities/structures/ark_battery.gd
GDScript: Found: res://data/balance/power_balance.gd
GDScript: Found: res://core/entities/resources/resource_node_data.gd
GDScript: Found: res://core/entities/recipes/recipe_data.gd
GDScript: Found: res://core/entities/items/item_data.gd
GDScript: Found: res://core/systems/building/building_catalog.gd
GDScript: Found: res://data/buildings/building_data.gd
GDScript: Found: res://core/autoloads/item_registry.gd
GDScript: Found: res://core/systems/world/chunk_tileset_factory.gd
GDScript: Found: res://core/systems/world/world_pre_pass_channels.gd
GDScript: Found: res://core/systems/world/biome_result.gd
GDScript: Found: res://core/systems/world/local_variation_context.gd
GDScript: Found: res://core/systems/world/chunk_build_result.gd
GDScript: Found: res://core/systems/world/tile_gen_data.gd
GDScript: Found: res://core/systems/world/chunk_content_builder.gd
GDScript: Found: res://core/systems/world/local_variation_resolver.gd
GDScript: Found: res://core/systems/world/biome_resolver.gd
GDScript: Found: res://core/systems/world/planet_sampler.gd
GDScript: Found: res://data/world/world_gen_balance.gd
GDScript: Found: res://core/systems/world/surface_terrain_resolver.gd
GDScript: Found: res://core/systems/world/world_poi_resolver.gd
GDScript: Found: res://core/systems/world/world_feature_hook_resolver.gd
GDScript: Found: res://core/systems/world/world_pre_pass.gd
GDScript: Found: res://core/systems/world/world_compute_context.gd
GDScript: Found: res://core/systems/world/world_noise_utils.gd
GDScript: Found: res://core/autoloads/world_generator.gd
GDScript: Found: res://data/world/features/poi_definition.gd
GDScript: Found: res://data/world/features/feature_hook_data.gd
GDScript: Found: res://core/autoloads/world_feature_registry.gd
GDScript: Found: res://data/decor/decor_entry.gd
GDScript: Found: res://data/flora/flora_entry.gd
GDScript: Found: res://data/decor/decor_set_data.gd
GDScript: Found: res://data/flora/flora_set_data.gd
GDScript: Found: res://core/autoloads/flora_decor_registry.gd
GDScript: Found: res://core/systems/world/world_structure_context.gd
GDScript: Found: res://core/systems/world/world_channels.gd
GDScript: Found: res://data/biomes/biome_data.gd
GDScript: Found: res://core/autoloads/biome_registry.gd
GDScript: Found: res://core/autoloads/localization_service.gd
GDScript: Found: res://data/balance/time_balance.gd
GDScript: Found: res://core/autoloads/time_manager.gd
GDScript: Found: res://core/autoloads/game_manager.gd
GDScript: Found: res://core/autoloads/event_bus.gd
GDScript: Reloading: res://core/systems/state_machine/entity_state.gd
GDScript: Reloading: res://core/entities/factories/building_factory.gd
GDScript: Reloading: res://core/systems/commands/remove_building_command.gd
GDScript: Reloading: res://core/systems/commands/place_building_command.gd
GDScript: Reloading: res://core/systems/building/building_persistence.gd
GDScript: Reloading: res://core/systems/building/building_indoor_solver.gd
GDScript: Reloading: res://core/systems/building/building_placement_service.gd
GDScript: Reloading: res://data/balance/building_balance.gd
GDScript: Reloading: res://core/systems/building/building_system.gd
GDScript: Reloading: res://data/balance/survival_balance.gd
GDScript: Reloading: res://core/systems/world/z_level_manager.gd
GDScript: Reloading: res://core/systems/world/underground_fog_state.gd
GDScript: Reloading: res://core/systems/world/chunk.gd
GDScript: Reloading: res://core/systems/world/chunk_flora_result.gd
GDScript: Reloading: res://core/systems/world/chunk_flora_builder.gd
GDScript: Reloading: res://core/systems/commands/game_command.gd
GDScript: Reloading: res://core/entities/player/states/player_dead_state.gd
GDScript: Reloading: res://core/entities/player/states/player_attack_state.gd
GDScript: Reloading: res://core/entities/player/states/player_harvest_state.gd
GDScript: Reloading: res://core/entities/player/states/player_move_state.gd
GDScript: Reloading: res://core/entities/player/states/player_idle_state.gd
GDScript: Reloading: res://core/entities/items/inventory_slot.gd
GDScript: Reloading: res://core/entities/player/player_popup.gd
GDScript: Reloading: res://core/systems/world/chunk_manager.gd
GDScript: Reloading: res://core/entities/player/player_camera.gd
GDScript: Reloading: res://core/systems/state_machine/state_machine.gd
GDScript: Reloading: res://core/systems/commands/command_executor.gd
GDScript: Reloading: res://core/entities/components/inventory_component.gd
GDScript: Reloading: res://core/systems/survival/oxygen_system.gd
GDScript: Reloading: res://data/balance/player_balance.gd
GDScript: Reloading: res://core/systems/commands/harvest_tile_command.gd
GDScript: Reloading: res://core/entities/player/player.gd
GDScript: Reloading: res://core/autoloads/player_authority.gd
GDScript: Reloading: res://core/autoloads/world_perf_monitor.gd
GDScript: Reloading: res://core/autoloads/settings_manager.gd
GDScript: Reloading: res://core/autoloads/save_appliers.gd
GDScript: Reloading: res://core/systems/world/chunk_save_system.gd
GDScript: Reloading: res://core/autoloads/save_collectors.gd
GDScript: Reloading: res://core/autoloads/save_io.gd
GDScript: Reloading: res://core/autoloads/save_manager.gd
GDScript: Reloading: res://core/entities/components/noise_component.gd
GDScript: Reloading: res://core/systems/world/world_perf_probe.gd
GDScript: Reloading: res://core/runtime/runtime_budget_job.gd
GDScript: Reloading: res://core/autoloads/frame_budget_dispatcher.gd
GDScript: Reloading: res://core/entities/components/power_consumer_component.gd
GDScript: Reloading: res://core/runtime/runtime_work_types.gd
GDScript: Reloading: res://core/systems/power/power_system.gd
GDScript: Reloading: res://core/entities/components/health_component.gd
GDScript: Reloading: res://core/entities/components/power_source_component.gd
GDScript: Reloading: res://core/entities/structures/thermo_burner.gd
GDScript: Reloading: res://core/entities/structures/ark_battery.gd
GDScript: Reloading: res://data/balance/power_balance.gd
GDScript: Reloading: res://core/entities/resources/resource_node_data.gd
GDScript: Reloading: res://core/entities/recipes/recipe_data.gd
GDScript: Reloading: res://core/entities/items/item_data.gd
GDScript: Reloading: res://core/systems/building/building_catalog.gd
GDScript: Reloading: res://data/buildings/building_data.gd
GDScript: Reloading: res://core/autoloads/item_registry.gd
GDScript: Reloading: res://core/systems/world/chunk_tileset_factory.gd
GDScript: Reloading: res://core/systems/world/world_pre_pass_channels.gd
GDScript: Reloading: res://core/systems/world/biome_result.gd
GDScript: Reloading: res://core/systems/world/local_variation_context.gd
GDScript: Reloading: res://core/systems/world/chunk_build_result.gd
GDScript: Reloading: res://core/systems/world/tile_gen_data.gd
GDScript: Reloading: res://core/systems/world/chunk_content_builder.gd
GDScript: Reloading: res://core/systems/world/local_variation_resolver.gd
GDScript: Reloading: res://core/systems/world/biome_resolver.gd
GDScript: Reloading: res://core/systems/world/planet_sampler.gd
GDScript: Reloading: res://data/world/world_gen_balance.gd
GDScript: Reloading: res://core/systems/world/surface_terrain_resolver.gd
GDScript: Reloading: res://core/systems/world/world_poi_resolver.gd
GDScript: Reloading: res://core/systems/world/world_feature_hook_resolver.gd
GDScript: Reloading: res://core/systems/world/world_pre_pass.gd
GDScript: Reloading: res://core/systems/world/world_compute_context.gd
GDScript: Reloading: res://core/systems/world/world_noise_utils.gd
GDScript: Reloading: res://core/autoloads/world_generator.gd
GDScript: Reloading: res://data/world/features/poi_definition.gd
GDScript: Reloading: res://data/world/features/feature_hook_data.gd
GDScript: Reloading: res://core/autoloads/world_feature_registry.gd
GDScript: Reloading: res://data/decor/decor_entry.gd
GDScript: Reloading: res://data/flora/flora_entry.gd
GDScript: Reloading: res://data/decor/decor_set_data.gd
GDScript: Reloading: res://data/flora/flora_set_data.gd
GDScript: Reloading: res://core/autoloads/flora_decor_registry.gd
GDScript: Reloading: res://core/systems/world/world_structure_context.gd
GDScript: Reloading: res://core/systems/world/world_channels.gd
GDScript: Reloading: res://data/biomes/biome_data.gd
GDScript: Reloading: res://core/autoloads/biome_registry.gd
GDScript: Reloading: res://core/autoloads/localization_service.gd
GDScript: Reloading: res://data/balance/time_balance.gd
GDScript: Reloading: res://core/autoloads/time_manager.gd
GDScript: Reloading: res://core/autoloads/game_manager.gd
GDScript: Reloading: res://core/autoloads/event_bus.gd
[   0% ] _update_scan_actions | Started Сканирование действий… (5 steps)
[   0% ] _update_scan_actions | chunk_generator.windows.template_debug.x86_64.obj
[  16% ] _update_scan_actions | chunk_generator.windows.template_release.x86_64.obj
[  33% ] _update_scan_actions | mountain_topology_builder.windows.template_debug.x86_64.obj
[  50% ] _update_scan_actions | register_types.windows.template_debug.x86_64.obj
[  66% ] _update_scan_actions | register_types.windows.template_release.x86_64.obj
[ DONE ] _update_scan_actions

[   0% ] loading_editor_layout | Started Загрузка редактора (5 steps)
[   0% ] loading_editor_layout | Загрузка макета редактора…
[  16% ] loading_editor_layout | Загрузка док-панели…
[  33% ] loading_editor_layout | Повторное открытие сцен…
Loading resource: res://scenes/player/player.tscn
Loading resource: res://assets/sprites/player_engineer.png
Loading resource: res://.godot/imported/player_engineer.png-434a7bc774f04183c394949236bd6224.ctex
Loading resource: res://data/balance/survival_balance.tres
Loading resource: res://data/balance/player_balance.tres
Loading resource: res://scenes/world/game_world.tscn
Loading resource: res://scenes/world/game_world.gd
Loading resource: res://assets/sprites/fauna/enemy_cleaner_32.png
Loading resource: res://.godot/imported/enemy_cleaner_32.png-e8650dd82bf2e34d0c0a30327674fb29.ctex
Loading resource: res://data/balance/building_balance.tres
Loading resource: res://data/balance/enemy_balance.tres
Loading resource: res://scenes/player/player.tscn
Loading resource: res://scenes/ui/hud/hud_manager.gd
Loading resource: res://core/systems/daylight/daylight_system.gd
Loading resource: res://scenes/ui/world_creation_screen.tscn
Loading resource: res://scenes/ui/world_creation_screen.gd
[  50% ] loading_editor_layout | Загрузка макета центрального редактора…
[  66% ] loading_editor_layout | Загрузка макета окна плагина…
Loading resource: res://scenes/ui/world_lab.gd
ERROR: Could not create child process: "C:\Users\Мирный\AppData\Local\Programs\Microsoft VS Code\Code.exe" "C:/Users/peaceful/Station Peaceful/Station Peaceful" --goto "C:/Users/peaceful/Station Peaceful/Station Peaceful/scenes/ui/world_lab.gd:1:1"
   at: create_process (platform/windows/os_windows.cpp:1590)
ERROR: Couldn't open external text editor, falling back to the internal editor. Review your `text_editor/external/` editor settings.
   at: edit (editor/script/script_editor_plugin.cpp:2604)
[  83% ] loading_editor_layout | Макет редактора готов.
[ DONE ] loading_editor_layout

Failed to bind socket. Error: 3.
