Godot Engine v4.6.2.stable.official.71f334935 - https://godotengine.org
TextServer: Added interface "Dummy"
TextServer: Added interface "ICU / HarfBuzz / Graphite (Built-in)"
Unrecognized output string "misc2" in mapping:
030000008a2e0000dd10000000000000,Hand Held Legend GC Ultimate,a:b0,b:b2,back:b17,dpdown:b5,dpleft:b6,dpright:b7,dpup:b4,guide:b18,leftshoulder:b10,leftstick:b8,lefttrigger:a3,leftx:a0,lefty:a1,misc1:b19,misc2:b24,paddle1:b13,paddle2:b12,rightshoulder:b11,rightstick:b9,righttrigger:a4,rightx:a2,righty:a5,start:b16,x:b1,y:b3,platform:Windows,
Unrecognized output string "misc2" in mapping:
030000000d0f00000202000000000000,Horipad O Nintendo Switch 2 Controller,a:b1,b:b0,back:b8,dpdown:h0.4,dpleft:h0.8,dpright:h0.2,dpup:h0.1,guide:b12,leftshoulder:b4,leftstick:b10,lefttrigger:b6,leftx:a0,lefty:a1,misc1:b13,misc2:b14,rightshoulder:b5,rightstick:b11,righttrigger:b7,rightx:a2,righty:a3,start:b9,x:b3,y:b2,platform:Windows,
Unrecognized output string "misc2" in mapping:
030000000d0f00009601000000000000,Horipad Steam,a:b0,b:b1,back:b10,dpdown:h0.4,dpleft:h0.8,dpright:h0.2,dpup:h0.1,guide:b12,leftshoulder:b6,leftstick:b13,lefttrigger:b8,leftx:a0,lefty:a1,misc2:b2,paddle1:b5,paddle2:b15,paddle3:b18,paddle4:b19,rightshoulder:b7,rightstick:b14,righttrigger:b9,rightx:a3,righty:a4,start:b11,x:b3,y:b4,platform:Windows,
Unrecognized output string "misc2" in mapping:
030000007e0500006920000000000000,Nintendo Switch 2 Pro Controller,a:b0,b:b1,back:b14,dpdown:b8,dpleft:b10,dpright:b9,dpup:b11,guide:b16,leftshoulder:b12,leftstick:b15,lefttrigger:b13,leftx:a0,lefty:a1~,misc1:b17,misc2:b20,paddle1:b18,paddle2:b19,rightshoulder:b4,rightstick:b7,righttrigger:b5,rightx:a2,righty:a3~,start:b6,x:b2,y:b3,platform:Windows,
Using "default" pen tablet driver...

Loading resource: res://locale/ru/messages.po
Loading resource: res://locale/en/messages.po
TextServer: Primary interface set to: "ICU / HarfBuzz / Graphite (Built-in)".
CORE API HASH: 4039755037
EDITOR API HASH: 223528947
SceneTreeFTI: traversal method DEFAULT
Loading resource: res://core/autoloads/event_bus.gd
Loading resource: res://core/autoloads/game_manager.gd
Loading resource: res://core/autoloads/time_manager.gd
Loading resource: res://core/autoloads/biome_registry.gd
Loading resource: res://core/autoloads/flora_decor_registry.gd
Loading resource: res://core/autoloads/world_feature_registry.gd
Loading resource: res://core/autoloads/world_generator.gd
Loading resource: res://core/autoloads/item_registry.gd
Loading resource: res://data/balance/power_balance.tres
Loading resource: res://data/balance/power_balance.gd
Loading resource: res://core/autoloads/save_manager.gd
Loading resource: res://core/autoloads/settings_manager.gd
Loading resource: res://core/autoloads/world_perf_monitor.gd
Loading resource: res://core/autoloads/player_authority.gd
MbedTLS: Some X509 certificates could not be parsed (28 certificates skipped).
Loaded system CA certificates
Loading resource: res://scenes/world/game_world.tscn
Loading resource: res://scenes/world/game_world.gd
Loading resource: res://assets/sprites/fauna/enemy_cleaner_32.png
Loading resource: res://.godot/imported/enemy_cleaner_32.png-e8650dd82bf2e34d0c0a30327674fb29.ctex
Loading resource: res://data/balance/building_balance.tres
Loading resource: res://data/balance/enemy_balance.tres
Loading resource: res://scenes/player/player.tscn
Loading resource: res://assets/sprites/player_engineer.png
Loading resource: res://.godot/imported/player_engineer.png-434a7bc774f04183c394949236bd6224.ctex
Loading resource: res://data/balance/survival_balance.tres
Loading resource: res://data/balance/player_balance.tres
Loading resource: res://scenes/ui/hud/hud_manager.gd
Loading resource: res://core/systems/daylight/daylight_system.gd
Loading resource: res://data/balance/time_balance.tres
Loading resource: res://data/biomes/cold_zone_biome.tres
Loading resource: res://data/biomes/foothills_biome.tres
Loading resource: res://data/biomes/mountains_biome.tres
Loading resource: res://data/biomes/plains_biome.tres
Loading resource: res://data/biomes/scorched_biome.tres
Loading resource: res://data/biomes/wet_lowland_biome.tres
Loading resource: res://data/flora/cold_zone_flora.tres
Loading resource: res://data/flora/entries/cold_scrub.tres
Loading resource: res://data/flora/foothills_flora.tres
Loading resource: res://data/flora/entries/spore_cluster.tres
Loading resource: res://data/flora/plains_flora.tres
Loading resource: res://data/flora/entries/sporestalk.tres
Loading resource: res://data/flora/scorched_flora.tres
Loading resource: res://data/flora/entries/dry_thorn.tres
Loading resource: res://data/flora/wet_lowland_flora.tres
Loading resource: res://data/flora/entries/veinroot.tres
Loading resource: res://data/flora/entries/glowmoss.tres
Loading resource: res://data/decor/ground_decor.tres
Loading resource: res://data/decor/entries/small_rocks.tres
Loading resource: res://data/decor/entries/bone_fragment.tres
Loading resource: res://data/decor/entries/spore_patch.tres
Loading resource: res://data/world/features/test_feature.tres
Loading resource: res://data/world/features/test_poi.tres
Loading resource: res://data/world/world_gen_balance.tres
Loading resource: res://data/items/copper_ore.tres
Loading resource: res://assets/icons/items/copper_ore.png
Loading resource: res://.godot/imported/copper_ore.png-7037406748db407fe948e979c5253faf.ctex
Loading resource: res://data/items/iron_ingot.tres
Loading resource: res://data/items/iron_ore.tres
Loading resource: res://assets/icons/items/iron_ore.png
Loading resource: res://.godot/imported/iron_ore.png-99e4ee983cf5ff2b4fe12ae650b61899.ctex
Loading resource: res://data/items/scrap.tres
Loading resource: res://assets/icons/items/scrap.png
Loading resource: res://.godot/imported/scrap.png-eebda778b20f662d911f77971c0973eb.ctex
Loading resource: res://data/items/stone.tres
Loading resource: res://assets/icons/items/stone.png
Loading resource: res://.godot/imported/stone.png-940869978e9a408f99c3839fc0455c9d.ctex
Loading resource: res://data/items/water_dirty.tres
Loading resource: res://assets/icons/items/water_dirty.png
Loading resource: res://.godot/imported/water_dirty.png-7fffd9c69ccfd4e3be113c802978e6d1.ctex
Loading resource: res://data/items/wood.tres
Loading resource: res://assets/icons/items/wood.png
Loading resource: res://.godot/imported/wood.png-978063e501ced5f247578c647912f786.ctex
Loading resource: res://data/resources/copper_ore_node.tres
Loading resource: res://data/resources/dead_tree_node.tres
Loading resource: res://data/resources/iron_ore_node.tres
Loading resource: res://data/resources/stone_node.tres
Loading resource: res://data/resources/water_source_node.tres
Loading resource: res://data/recipes/basic_recipes/iron_ore_to_iron_ingot.tres
[WorldGenerator] Native ChunkGenerator initialized (6 biomes, 5 flora sets, 1 decor sets)
[WorldPerf] _init_world_generator: 154405.06 ms
Loading resource: res://data/balance/z_level_balance.tres
[CodexProof] ecotone preview proof driver enabled
[WorldPerf] GameWorld._setup_after_loading_screen: 154491.17 ms
Loading resource: res://assets/sprites/terrain/rock_faces_atlas.png
Loading resource: res://.godot/imported/rock_faces_atlas.png-4de51dc868f0dc1f35d4719cad8bee19.ctex
Loading resource: res://assets/sprites/terrain/ground_faces_atlas.png
Loading resource: res://.godot/imported/ground_faces_atlas.png-189f0ad68169197592a65b38edc711e2.ctex
Loading resource: res://assets/sprites/terrain/sand_faces_atlas.png
Loading resource: res://.godot/imported/sand_faces_atlas.png-0e4b77b4c399e08cc1e146cc623805e1.ctex
Loading resource: res://assets/sprites/terrain/rock_faces_atlas_dungeon.png
Loading resource: res://.godot/imported/rock_faces_atlas_dungeon.png-a51293f3c8dbd87e30997c45ac7a17d3.ctex
[ChunkTilesetFactory] rock_atlas=240, wall_base=47, variants=5
Loading resource: res://assets/sprites/terrain/ground_faces_atlas.png
Loading resource: res://.godot/imported/ground_faces_atlas.png-189f0ad68169197592a65b38edc711e2.ctex
[ChunkTilesetFactory] ground_faces: start=259 count=47
Loading resource: res://assets/sprites/terrain/rock_faces_atlas_dungeon.png
Loading resource: res://.godot/imported/rock_faces_atlas_dungeon.png-a51293f3c8dbd87e30997c45ac7a17d3.ctex
[ChunkTilesetFactory] rock_atlas=240, wall_base=47, variants=5
Loading resource: res://assets/sprites/terrain/ground_faces_atlas.png
Loading resource: res://.godot/imported/ground_faces_atlas.png-189f0ad68169197592a65b38edc711e2.ctex
[ChunkTilesetFactory] ground_faces: start=259 count=47
Loading resource: res://assets/sprites/terrain/rock_faces_atlas_dungeon.png
Loading resource: res://.godot/imported/rock_faces_atlas_dungeon.png-a51293f3c8dbd87e30997c45ac7a17d3.ctex
[ChunkTilesetFactory] rock_atlas=240, wall_base=47, variants=5
Loading resource: res://assets/sprites/terrain/ground_faces_atlas.png
Loading resource: res://.godot/imported/ground_faces_atlas.png-189f0ad68169197592a65b38edc711e2.ctex
[ChunkTilesetFactory] ground_faces: start=259 count=47
Loading resource: res://assets/sprites/terrain/rock_faces_atlas_dungeon.png
Loading resource: res://.godot/imported/rock_faces_atlas_dungeon.png-a51293f3c8dbd87e30997c45ac7a17d3.ctex
[ChunkTilesetFactory] rock_atlas=240, wall_base=47, variants=5
Loading resource: res://assets/sprites/terrain/ground_faces_atlas.png
Loading resource: res://.godot/imported/ground_faces_atlas.png-189f0ad68169197592a65b38edc711e2.ctex
[ChunkTilesetFactory] ground_faces: start=259 count=47
Loading resource: res://assets/sprites/terrain/rock_faces_atlas_dungeon.png
Loading resource: res://.godot/imported/rock_faces_atlas_dungeon.png-a51293f3c8dbd87e30997c45ac7a17d3.ctex
[ChunkTilesetFactory] rock_atlas=240, wall_base=47, variants=5
Loading resource: res://assets/sprites/terrain/ground_faces_atlas.png
Loading resource: res://.godot/imported/ground_faces_atlas.png-189f0ad68169197592a65b38edc711e2.ctex
[ChunkTilesetFactory] ground_faces: start=259 count=47
Loading resource: res://assets/sprites/terrain/rock_faces_atlas_dungeon.png
Loading resource: res://.godot/imported/rock_faces_atlas_dungeon.png-a51293f3c8dbd87e30997c45ac7a17d3.ctex
[ChunkTilesetFactory] rock_atlas=240, wall_base=47, variants=5
Loading resource: res://assets/sprites/terrain/ground_faces_atlas.png
Loading resource: res://.godot/imported/ground_faces_atlas.png-189f0ad68169197592a65b38edc711e2.ctex
[ChunkTilesetFactory] ground_faces: start=259 count=47
Loading resource: res://assets/sprites/terrain/rock_faces_atlas_dungeon.png
Loading resource: res://.godot/imported/rock_faces_atlas_dungeon.png-a51293f3c8dbd87e30997c45ac7a17d3.ctex
[ChunkTilesetFactory] rock_atlas=240, wall_base=47, variants=5
Loading resource: res://assets/sprites/terrain/ground_faces_atlas.png
Loading resource: res://.godot/imported/ground_faces_atlas.png-189f0ad68169197592a65b38edc711e2.ctex
[ChunkTilesetFactory] ground_faces: start=259 count=47
[CodexProof] scanning around spawn (0, 0) (radius=10 chunks, step=64 tiles)
[CodexProof] hotspot candidates found: 441
[CodexProof] hotspot 1/1 center=(288, -352) primary=plains secondary=cold_zone ecotone=1.00 mixed=316 ecotone_tiles=4225 flora=316
  biomes: C:/Users/peaceful/Station Peaceful/Station Peaceful/debug_exports/world_previews/seed_12345_local_288_-352_r32_1775308959_x4_biomes.png
  terrain: C:/Users/peaceful/Station Peaceful/Station Peaceful/debug_exports/world_previews/seed_12345_local_288_-352_r32_1775308959_x4_terrain.png
  structures: C:/Users/peaceful/Station Peaceful/Station Peaceful/debug_exports/world_previews/seed_12345_local_288_-352_r32_1775308959_x4_structures.png
  ecotone: C:/Users/peaceful/Station Peaceful/Station Peaceful/debug_exports/world_previews/seed_12345_local_288_-352_r32_1775308959_x4_ecotone.png
  vegetation: C:/Users/peaceful/Station Peaceful/Station Peaceful/debug_exports/world_previews/seed_12345_local_288_-352_r32_1775308959_x4_vegetation.png
[ChunkGen] native generate_chunk (0, -1): 42.4 ms
[ChunkGen] native generate_chunk (0, 0): 49.7 ms
[ChunkGen] native generate_chunk (1, 0): 49.8 ms
XR: Clearing primary interface
XR: Removed interface "Native mobile"
XR: Removed interface "OpenXR"
WARNING: ObjectDB instances leaked at exit (run with --verbose for details).
   at: cleanup (core/object/object.cpp:2641)
Leaked instance: GDScriptNativeClass:9223372052658914182 - Reference count: 16
Leaked instance: GDScriptNativeClass:9223372052977681305 - Reference count: 3
Leaked instance: GDScript:9223372065560593855 - Reference count: 7
Leaked instance: GDScript:9223372068412720585 - Reference count: 1
Leaked instance: GDScript:9223372070040110544 - Reference count: 1
Leaked instance: GDScript:9223372070325323218 - Reference count: 1
Leaked instance: GDScript:9223372070459540947 - Reference count: 130
Leaked instance: GDScript:9223372070476318164 - Reference count: 5
Leaked instance: GDScript:9223372070493095381 - Reference count: 36
Leaked instance: GDScript:9223372071231292891 - Reference count: 1
Leaked instance: GDScript:9223372073915647471 - Reference count: 1
Leaked instance: GDScript:9223372074033087984 - Reference count: 1
Leaked instance: GDScript:9223372074150528497 - Reference count: 1
Leaked instance: GDScript:9223372074267969010 - Reference count: 1
Leaked instance: RefCounted:9223372180769736212 - Reference count: 5
Leaked instance: GDScript:9223372097722517029 - Reference count: 1
Leaked instance: GDScript:9223372098376828458 - Reference count: 1
Leaked instance: GDScript:9223372098527823403 - Reference count: 1
Leaked instance: GDScript:9223372098678818348 - Reference count: 1
Leaked instance: GDScript:9223372098829813293 - Reference count: 1
Leaked instance: GDScript:9223372098980808238 - Reference count: 1
Leaked instance: GDScript:9223372127971837488 - Reference count: 10
Leaked instance: Resource:9223372184393614988 - Reference count: 1
Leaked instance: Resource:9223372181440824976 - Reference count: 2
Leaked instance: Resource:9223372181575042705 - Reference count: 2
Leaked instance: Resource:9223372181709260434 - Reference count: 2
Leaked instance: Resource:9223372181843478163 - Reference count: 4
Leaked instance: Resource:9223372181977695892 - Reference count: 2
Leaked instance: Resource:9223372182111913621 - Reference count: 2
Leaked instance: RefCounted:9223372189896541858 - Reference count: 1
Leaked instance: RefCounted:9223372188319483607 - Reference count: 2
Leaked instance: RefCounted:9223372188336260824 - Reference count: 1
Leaked instance: RefCounted:9223372188353038041 - Reference count: 1
Leaked instance: RefCounted:9223372188369815258 - Reference count: 1
Leaked instance: RefCounted:9223372188386592475 - Reference count: 1
Leaked instance: Resource:9223372189879764786 - Reference count: 5
Leaked instance: RefCounted:9223372189913319219 - Reference count: 2
Leaked instance: FastNoiseLite:9223372189930096436 - Reference count: 1
Leaked instance: FastNoiseLite:9223372189946873653 - Reference count: 1
Leaked instance: FastNoiseLite:9223372189963650870 - Reference count: 1
Leaked instance: FastNoiseLite:9223372189980428087 - Reference count: 1
Leaked instance: FastNoiseLite:9223372189997205304 - Reference count: 1
Leaked instance: RefCounted:9223372190013982521 - Reference count: 1
Leaked instance: RefCounted:9223372190030759738 - Reference count: 1
Leaked instance: RefCounted:9223372190047536955 - Reference count: 1
Leaked instance: RefCounted:9223372190064314172 - Reference count: 1
Leaked instance: RefCounted:9223372190081091389 - Reference count: 1
Leaked instance: RefCounted:9223372190097868606 - Reference count: 1
Leaked instance: RefCounted:9223372190114645823 - Reference count: 1
Leaked instance: RefCounted:9223372190131423040 - Reference count: 1
Leaked instance: RefCounted:9223372190148200257 - Reference count: 1
Leaked instance: RefCounted:9223372190164977474 - Reference count: 1
Leaked instance: RefCounted:9223372190181754691 - Reference count: 1
Leaked instance: RefCounted:9223372190198531908 - Reference count: 1
Leaked instance: RefCounted:9223372190215309125 - Reference count: 1
Leaked instance: RefCounted:9223372190232086342 - Reference count: 1
Leaked instance: RefCounted:9223372190248863559 - Reference count: 1
Leaked instance: RefCounted:9223372190265640776 - Reference count: 1
Leaked instance: RefCounted:9223372190282417993 - Reference count: 1
Leaked instance: RefCounted:9223372190299195210 - Reference count: 1
Leaked instance: RefCounted:9223372190315972427 - Reference count: 1
Leaked instance: RefCounted:9223372190332749644 - Reference count: 1
Leaked instance: RefCounted:9223372190349526861 - Reference count: 1
Leaked instance: RefCounted:9223372190366304078 - Reference count: 1
Leaked instance: RefCounted:9223372190383081295 - Reference count: 1
Leaked instance: RefCounted:9223372190399858512 - Reference count: 1
Leaked instance: RefCounted:9223372190416635729 - Reference count: 1
Leaked instance: RefCounted:9223372190433412946 - Reference count: 1
Leaked instance: RefCounted:9223372190450190163 - Reference count: 1
Leaked instance: RefCounted:9223372190466967380 - Reference count: 1
Leaked instance: RefCounted:9223372190483744597 - Reference count: 1
Leaked instance: RefCounted:9223372190500521814 - Reference count: 1
Leaked instance: RefCounted:9223372190517299031 - Reference count: 1
Leaked instance: RefCounted:9223372190534076248 - Reference count: 1
Leaked instance: RefCounted:9223372190550853465 - Reference count: 1
Leaked instance: RefCounted:9223372190567630682 - Reference count: 1
Leaked instance: RefCounted:9223372190584407899 - Reference count: 1
Leaked instance: RefCounted:9223372190601185116 - Reference count: 1
Leaked instance: RefCounted:9223372190617962333 - Reference count: 1
Leaked instance: RefCounted:9223372190634739550 - Reference count: 1
Leaked instance: RefCounted:9223372190651516767 - Reference count: 1
Leaked instance: RefCounted:9223372190668293984 - Reference count: 1
Leaked instance: RefCounted:9223372191742035809 - Reference count: 1
Leaked instance: RefCounted:9223372190903175010 - Reference count: 1
Leaked instance: RefCounted:9223372191406491491 - Reference count: 1
Leaked instance: RefCounted:9223372193738524516 - Reference count: 1
Leaked instance: RefCounted:9223372192278906725 - Reference count: 1
Leaked instance: RefCounted:9223372193302316902 - Reference count: 1
Leaked instance: RefCounted:9223372192513787751 - Reference count: 1
Leaked instance: RefCounted:9223372218719799144 - Reference count: 1
Leaked instance: RefCounted:9223372194543830889 - Reference count: 1
Leaked instance: RefCounted:9223372194141177706 - Reference count: 1
Leaked instance: RefCounted:9223372227175516011 - Reference count: 1
Leaked instance: RefCounted:9223372218971457388 - Reference count: 1
Leaked instance: RefCounted:9223372230514181997 - Reference count: 1
Leaked instance: RefCounted:9223372227762718574 - Reference count: 1
Leaked instance: RefCounted:9223372230128306031 - Reference count: 1
Leaked instance: RefCounted:9223372229591435120 - Reference count: 1
Leaked instance: RefCounted:9223372233114650481 - Reference count: 1
Leaked instance: RefCounted:9223372231151716210 - Reference count: 1
Leaked instance: RefCounted:9223372236000331635 - Reference count: 1
Leaked instance: RefCounted:9223372231587923828 - Reference count: 1
Leaked instance: RefCounted:9223372232460339061 - Reference count: 1
Leaked instance: RefCounted:9223372235362797430 - Reference count: 1
Leaked instance: RefCounted:9223372236486870903 - Reference count: 1
Leaked instance: RefCounted:9223372236889524088 - Reference count: 1
Leaked instance: RefCounted:9223372236721751929 - Reference count: 1
Leaked instance: RefCounted:9223372243717851002 - Reference count: 1
Leaked instance: RefCounted:9223372240077195131 - Reference count: 1
Leaked instance: RefCounted:9223372237090850684 - Reference count: 1
Leaked instance: RefCounted:9223372241553590141 - Reference count: 1
Leaked instance: RefCounted:9223372241218045822 - Reference count: 1
Leaked instance: RefCounted:9223372246385428351 - Reference count: 1
Leaked instance: RefCounted:9223372246234433408 - Reference count: 1
Leaked instance: RefCounted:9223372246771304321 - Reference count: 1
Leaked instance: RefCounted:9223372254673373058 - Reference count: 1
Leaked instance: RefCounted:9223372250143524739 - Reference count: 1
Leaked instance: RefCounted:9223372250630064004 - Reference count: 1
Leaked instance: RefCounted:9223372251989018501 - Reference count: 1
Leaked instance: RefCounted:9223372252660107142 - Reference count: 1
Leaked instance: RefCounted:9223372350504830855 - Reference count: 1
Leaked instance: RefCounted:9223372348273461128 - Reference count: 1
Leaked instance: RefCounted:9223372348541896585 - Reference count: 1
Leaked instance: RefCounted:9223372349179430794 - Reference count: 1
Leaked instance: RefCounted:9223372348910995339 - Reference count: 1
Leaked instance: RefCounted:9223372349531752332 - Reference count: 1
Leaked instance: RefCounted:9223372354749466509 - Reference count: 1
Leaked instance: RefCounted:9223372352752977806 - Reference count: 1
Leaked instance: RefCounted:9223372351243028367 - Reference count: 1
Leaked instance: RefCounted:9223372353289848720 - Reference count: 1
Leaked instance: RefCounted:9223372353843496849 - Reference count: 1
Leaked instance: RefCounted:9223372355521218450 - Reference count: 1
Leaked instance: RefCounted:9223372355168896915 - Reference count: 1
Leaked instance: RefCounted:9223372358255904660 - Reference count: 1
Leaked instance: RefCounted:9223372356628514709 - Reference count: 1
Leaked instance: RefCounted:9223372355940648854 - Reference count: 1
Leaked instance: RefCounted:9223372359480641431 - Reference count: 1
Leaked instance: RefCounted:9223372357383489432 - Reference count: 1
Leaked instance: RefCounted:9223372360084621209 - Reference count: 1
Leaked instance: RefCounted:9223372359027656602 - Reference count: 1
Leaked instance: RefCounted:9223372361695233947 - Reference count: 1
Leaked instance: RefCounted:9223372359715522460 - Reference count: 1
Leaked instance: RefCounted:9223372362601203613 - Reference count: 1
Leaked instance: RefCounted:9223372361510684574 - Reference count: 1
Leaked instance: RefCounted:9223372362953525151 - Reference count: 1
Leaked instance: RefCounted:9223372363490396064 - Reference count: 1
Leaked instance: RefCounted:9223372363138074529 - Reference count: 1
Leaked instance: RefCounted:9223372364698355618 - Reference count: 1
Leaked instance: RefCounted:9223372366275413923 - Reference count: 1
Leaked instance: RefCounted:9223372364882904996 - Reference count: 1
Leaked instance: RefCounted:9223372365738543013 - Reference count: 1
Leaked instance: RefCounted:9223372365218449318 - Reference count: 1
Leaked instance: RefCounted:9223372366006978471 - Reference count: 1
Leaked instance: RefCounted:9223372366912948136 - Reference count: 1
Leaked instance: RefCounted:9223372369798629289 - Reference count: 1
Leaked instance: RefCounted:9223372367382710186 - Reference count: 1
Leaked instance: RefCounted:9223372368741664683 - Reference count: 1
Leaked instance: RefCounted:9223372368188016556 - Reference count: 1
Leaked instance: RefCounted:9223372369043654573 - Reference count: 1
Leaked instance: RefCounted:9223372379227424686 - Reference count: 1
Leaked instance: RefCounted:9223372370738153391 - Reference count: 1
Leaked instance: RefCounted:9223372379982399408 - Reference count: 1
Leaked instance: RefCounted:9223372386525513649 - Reference count: 1
Leaked instance: RefCounted:9223372380687042482 - Reference count: 1
Leaked instance: RefCounted:9223372406540732339 - Reference count: 1
Leaked instance: RefCounted:9223372386844280756 - Reference count: 1
Leaked instance: RefCounted:9223372396205967285 - Reference count: 1
Leaked instance: RefCounted:9223372399913732022 - Reference count: 1
Leaked instance: RefCounted:9223372405416658871 - Reference count: 1
Leaked instance: RefCounted:9223372405617985464 - Reference count: 1
Leaked instance: RefCounted:9223372405970307001 - Reference count: 1
Leaked instance: RefCounted:9223372413184509882 - Reference count: 1
Leaked instance: RefCounted:9223372409225086907 - Reference count: 1
Leaked instance: RefCounted:9223372407127934908 - Reference count: 1
Leaked instance: RefCounted:9223372410198165437 - Reference count: 1
Leaked instance: RefCounted:9223372412798633918 - Reference count: 1
Leaked instance: RefCounted:9223372414006593471 - Reference count: 1
Leaked instance: RefCounted:9223372413671049152 - Reference count: 1
Leaked instance: RefCounted:9223372414342137793 - Reference count: 1
Leaked instance: RefCounted:9223372415432656834 - Reference count: 1
Leaked instance: RefCounted:9223372417127155651 - Reference count: 1
Leaked instance: RefCounted:9223372418385446852 - Reference count: 1
Leaked instance: RefCounted:9223372417378813893 - Reference count: 1
Leaked instance: RefCounted:9223372417798244294 - Reference count: 1
Leaked instance: RefCounted:9223372418620327879 - Reference count: 1
Leaked instance: RefCounted:9223372419526297544 - Reference count: 1
Leaked instance: RefCounted:9223372422562973641 - Reference count: 1
Leaked instance: RefCounted:9223372419710846922 - Reference count: 1
Leaked instance: RefCounted:9223372420314826699 - Reference count: 1
Leaked instance: RefCounted:9223372422076434380 - Reference count: 1
Leaked instance: RefCounted:9223372420885252045 - Reference count: 1
Leaked instance: RefCounted:9223372421153687502 - Reference count: 1
Leaked instance: RefCounted:9223372422764300239 - Reference count: 1
Leaked instance: RefCounted:9223372424744011728 - Reference count: 1
Leaked instance: RefCounted:9223372423083067345 - Reference count: 1
Leaked instance: RefCounted:9223372424106477522 - Reference count: 1
Leaked instance: RefCounted:9223372425918416851 - Reference count: 1
Leaked instance: RefCounted:9223372425482209236 - Reference count: 1
Leaked instance: RefCounted:9223372425733867477 - Reference count: 1
Leaked instance: RefCounted:9223372427260594134 - Reference count: 1
Leaked instance: RefCounted:9223372426388178903 - Reference count: 1
Leaked instance: RefCounted:9223372429726844888 - Reference count: 1
Leaked instance: RefCounted:9223372427747133401 - Reference count: 1
Leaked instance: RefCounted:9223372427982014426 - Reference count: 1
Leaked instance: RefCounted:9223372428200118235 - Reference count: 1
Leaked instance: RefCounted:9223372428837652444 - Reference count: 1
Leaked instance: RefCounted:9223372428485330909 - Reference count: 1
Leaked instance: RefCounted:9223372429089310686 - Reference count: 1
Leaked instance: RefCounted:9223372429307414495 - Reference count: 1
Leaked instance: RefCounted:9223372430783809504 - Reference count: 1
Leaked instance: RefCounted:9223372430012057569 - Reference count: 1
Leaked instance: FastNoiseLite:9223373531067189218 - Reference count: 1
Leaked instance: FastNoiseLite:9223373531033634787 - Reference count: 1
Leaked instance: RefCounted:9223373531016857572 - Reference count: 1
Leaked instance: FastNoiseLite:9223373531050412005 - Reference count: 1
Leaked instance: RefCounted:9223373531083966438 - Reference count: 1
Leaked instance: RefCounted:9223373531100743655 - Reference count: 1
Leaked instance: GDScriptFunctionState:9223373546569337680 - Reference count: 1
Hint: Leaked instances typically happen when nodes are removed from the scene tree (with `remove_child()`) but not freed (with `free()` or `queue_free()`).
ERROR: 22 resources still in use at exit.
   at: clear (core/io/resource.cpp:805)
Resource still in use: res://data/biomes/biome_data.gd (GDScript)
Resource still in use: res://data/world/features/feature_hook_data.gd (GDScript)
Resource still in use: res://data/world/world_gen_balance.gd (GDScript)
Resource still in use: res://core/systems/world/planet_sampler.gd (GDScript)
Resource still in use: res://core/systems/world/biome_resolver.gd (GDScript)
Resource still in use: res://core/systems/world/local_variation_resolver.gd (GDScript)
Resource still in use: res://core/systems/world/world_pre_pass.gd (GDScript)
Resource still in use: res://core/systems/world/world_compute_context.gd (GDScript)
Resource still in use: res://core/systems/world/surface_terrain_resolver.gd (GDScript)
Resource still in use: res://core/systems/state_machine/entity_state.gd (GDScript)
Resource still in use: res://core/systems/state_machine/state_machine.gd (GDScript)
Resource still in use: res://core/entities/player/states/player_idle_state.gd (GDScript)
Resource still in use: res://core/entities/player/states/player_move_state.gd (GDScript)
Resource still in use: res://core/entities/player/states/player_harvest_state.gd (GDScript)
Resource still in use: res://core/entities/player/states/player_attack_state.gd (GDScript)
Resource still in use: res://core/entities/player/states/player_dead_state.gd (GDScript)
Resource still in use: res://data/biomes/cold_zone_biome.tres (Resource)
Resource still in use: res://data/biomes/foothills_biome.tres (Resource)
Resource still in use: res://data/biomes/mountains_biome.tres (Resource)
Resource still in use: res://data/biomes/plains_biome.tres (Resource)
Resource still in use: res://data/biomes/scorched_biome.tres (Resource)
Resource still in use: res://data/biomes/wet_lowland_biome.tres (Resource)
Orphan StringName: chunk_local_to_tile (static: 0, total: 1)
Orphan StringName: _score_dense_flora (static: 0, total: 1)
Orphan StringName: foothills (static: 0, total: 3)
Orphan StringName: max_slope (static: 0, total: 10)
Orphan StringName: _current_state (static: 0, total: 4)
Orphan StringName: scorched (static: 0, total: 3)
Orphan StringName: _resolve_tag_bias (static: 0, total: 1)
Orphan StringName: ice_cap_height_bonus (static: 0, total: 5)
Orphan StringName: get_biome_by_id (static: 0, total: 1)
Orphan StringName: prepass_target_spine_count (static: 0, total: 5)
Orphan StringName: _build_branch_ridge_path (static: 0, total: 1)
Orphan StringName: _is_continentalness_water_source (static: 0, total: 1)
Orphan StringName: chunk_size_tiles (static: 0, total: 5)
Orphan StringName: tile_to_local_in_chunk (static: 0, total: 1)
Orphan StringName: _is_heap_entry_less (static: 0, total: 1)
Orphan StringName: shadow_max_length (static: 0, total: 5)
Orphan StringName: wrap_world_x (static: 0, total: 2)
Orphan StringName: _feature_hook_snapshot (static: 0, total: 3)
Orphan StringName: _lake_mask (static: 0, total: 3)
Orphan StringName: shadow_intensity (static: 0, total: 5)
Orphan StringName: wet_lowland (static: 0, total: 3)
Orphan StringName: prepass_frozen_river_threshold (static: 0, total: 5)
Orphan StringName: _resolve_latitude_half_span_tiles (static: 0, total: 2)
Orphan StringName: CONTINENTALNESS_CHANNEL (static: 0, total: 1)
Orphan StringName: rock_shadow_color (static: 0, total: 5)
Orphan StringName: handle_input (static: 0, total: 4)
Orphan StringName: ridge_strength_weight (static: 0, total: 10)
Orphan StringName: ridge_secondary_feather_tiles (static: 0, total: 5)
Orphan StringName: world_wrap_width_tiles (static: 0, total: 5)
Orphan StringName: @group_25_World Pre-pass (static: 0, total: 2)
Orphan StringName: @group_16_Quality Zones (static: 0, total: 2)
Orphan StringName: _resolve_biome_id (static: 0, total: 1)
Orphan StringName: _matches_structure_context (static: 0, total: 1)
Orphan StringName: wrap_world_tile_x (static: 0, total: 1)
Orphan StringName: _build_main_ridge_path (static: 0, total: 1)
Orphan StringName: _massif_fill_weight (static: 0, total: 4)
Orphan StringName: _reset_tile_data (static: 0, total: 1)
Orphan StringName: _wrap_width_tiles (static: 0, total: 4)
Orphan StringName: _default_biome (static: 0, total: 4)
Orphan StringName: _resolve_cold_factor (static: 0, total: 1)
Orphan StringName: harvest (static: 0, total: 2)
Orphan StringName: _resolve_biome_tags (static: 0, total: 1)
Orphan StringName: _resolve_seed_ridge_direction (static: 0, total: 1)
Orphan StringName: @group_49_Erosion Proxy (static: 0, total: 2)
Orphan StringName: _resolve_latitude_temperature_curve (static: 0, total: 1)
Orphan StringName: RAIN_SHADOW_CHANNEL (static: 0, total: 1)
Orphan StringName: sample_prepass_channels (static: 0, total: 1)
Orphan StringName: THERMAL_SMOOTHING_RIDGE_THRESHOLD (static: 0, total: 1)
Orphan StringName: min_flora_density (static: 0, total: 10)
Orphan StringName: _heap_pop (static: 0, total: 1)
Orphan StringName: _classify_lake_type (static: 0, total: 1)
Orphan StringName: bank_min_floodplain (static: 0, total: 5)
Orphan StringName: max_rain_shadow (static: 0, total: 10)
Orphan StringName: min_latitude (static: 0, total: 10)
Orphan StringName: _build_rain_shadow_columns (static: 0, total: 1)
Orphan StringName: _wrap_x (static: 0, total: 1)
Orphan StringName: _compute_floodplain_strength (static: 0, total: 1)
Orphan StringName: _KIND_NONE (static: 0, total: 1)
Orphan StringName: prepass_river_accumulation_threshold (static: 0, total: 5)
Orphan StringName: max_latitude (static: 0, total: 10)
Orphan StringName: prepass_prevailing_wind_direction (static: 0, total: 5)
Orphan StringName: _grid_span_x (static: 0, total: 4)
Orphan StringName: _grid_span_y (static: 0, total: 4)
Orphan StringName: _ruggedness_noise (static: 0, total: 3)
Orphan StringName: _spawn_branch_ridges (static: 0, total: 1)
Orphan StringName: _resolve_spawn_tile (static: 0, total: 1)
Orphan StringName: lake_type (static: 0, total: 132)
Orphan StringName: _resolve_slope_value (static: 0, total: 1)
Orphan StringName: _resolve_evaporation_rate (static: 0, total: 1)
Orphan StringName: _get_neighbor_index (static: 0, total: 1)
Orphan StringName: _drainage_grid (static: 0, total: 3)
Orphan StringName: @group_70_World Channels (static: 0, total: 2)
Orphan StringName: @group_71_Flora (static: 0, total: 7)
Orphan StringName: get_current_state_name (static: 0, total: 1)
Orphan StringName: RIVER_WIDTH_CHANNEL (static: 0, total: 1)
Orphan StringName: _index_to_grid (static: 0, total: 1)
Orphan StringName: _accumulation_grid (static: 0, total: 3)
Orphan StringName: _compute_flow_accumulation (static: 0, total: 1)
Orphan StringName: spline_samples (static: 0, total: 37)
Orphan StringName: ridge_secondary_core_width_tiles (static: 0, total: 5)
Orphan StringName: WorldComputeContext (static: 0, total: 3)
Orphan StringName: priority (static: 0, total: 10)
Orphan StringName: _extract_lake_records (static: 0, total: 1)
Orphan StringName: _KIND_ROCKY_PATCH (static: 0, total: 1)
Orphan StringName: _resolve_flat_plateau_flow (static: 0, total: 1)
Orphan StringName: MAX_LAKE_MASK_ID (static: 0, total: 1)
Orphan StringName: _sample_prepass_channels (static: 0, total: 1)
Orphan StringName: _flora_density_noise (static: 0, total: 3)
Orphan StringName: RIDGE_BRANCH_HALF_WIDTH_SCALE (static: 0, total: 1)
Orphan StringName: _resolve_min_score (static: 0, total: 1)
Orphan StringName: LAKE_TYPE_MOUNTAIN (static: 0, total: 1)
Orphan StringName: ground_color (static: 0, total: 10)
Orphan StringName: get_world_pre_pass (static: 0, total: 1)
Orphan StringName: RIDGE_STRENGTH_CHANNEL (static: 0, total: 1)
Orphan StringName: PlayerHarvestState (static: 0, total: 3)
Orphan StringName: _SCORE_EPSILON (static: 0, total: 2)
Orphan StringName: mountain_threshold_max (static: 0, total: 5)
Orphan StringName: chunk_redraw_tiles_per_step (static: 0, total: 5)
Orphan StringName: transition_to (static: 0, total: 1)
Orphan StringName: mountain_threshold_min (static: 0, total: 5)
Orphan StringName: spline_half_widths (static: 0, total: 37)
Orphan StringName: prepass_frozen_lake_temperature (static: 0, total: 5)
Orphan StringName: prepass_lake_min_area (static: 0, total: 5)
Orphan StringName: prepass_max_ridge_length_grid (static: 0, total: 5)
Orphan StringName: populate_chunk_build_data (static: 0, total: 1)
Orphan StringName: _compute_river_extraction (static: 0, total: 1)
Orphan StringName: test_feature (static: 0, total: 1)
Orphan StringName: ridge_secondary_warp_amplitude_tiles (static: 0, total: 5)
Orphan StringName: _mix_hash32 (static: 0, total: 1)
Orphan StringName: plains (static: 0, total: 3)
Orphan StringName: _register_ridge_path_cells (static: 0, total: 1)
Orphan StringName: prepass_ridge_continuation_inertia (static: 0, total: 5)
Orphan StringName: prepass_floodplain_multiplier (static: 0, total: 5)
Orphan StringName: mid_visible_chunk_radius (static: 0, total: 5)
Orphan StringName: _river_distance_grid (static: 0, total: 3)
Orphan StringName: get_world_seed (static: 0, total: 2)
Orphan StringName: sample_structure_context (static: 0, total: 1)
Orphan StringName: get_resolver_scores (static: 0, total: 1)
Orphan StringName: _current_state_name (static: 0, total: 4)
Orphan StringName: _seed_priority_flood_boundaries (static: 0, total: 1)
Orphan StringName: _heights_match (static: 0, total: 1)
Orphan StringName: mountain_debug_entrance_color (static: 0, total: 5)
Orphan StringName: latitude_band (static: 0, total: 1)
Orphan StringName: prepass_max_branch_length_grid (static: 0, total: 5)
Orphan StringName: prepass_orographic_lift_factor (static: 0, total: 5)
Orphan StringName: lowland (static: 0, total: 1)
Orphan StringName: _current_biome_palette_index (static: 0, total: 4)
Orphan StringName: max_ridge_strength (static: 0, total: 10)
Orphan StringName: prepass_branch_probability (static: 0, total: 5)
Orphan StringName: @group_21_World Topology (static: 0, total: 2)
Orphan StringName: _resolve_prepass_min_y (static: 0, total: 1)
Orphan StringName: prepass_ridge_min_height (static: 0, total: 5)
Orphan StringName: offset_chunk_coord (static: 0, total: 1)
Orphan StringName: temperature_frequency (static: 0, total: 5)
Orphan StringName: plains_flora (static: 0, total: 1)
Orphan StringName: _is_index_lexicographically_less (static: 0, total: 1)
Orphan StringName: has_biomes (static: 0, total: 1)
Orphan StringName: max_flora_density (static: 0, total: 10)
Orphan StringName: _resolve_thermal_iterations (static: 0, total: 1)
Orphan StringName: _sample_catmull_rom_points (static: 0, total: 1)
Orphan StringName: prepass_lake_min_depth (static: 0, total: 5)
Orphan StringName: max_ruggedness (static: 0, total: 10)
Orphan StringName: _rain_shadow_grid (static: 0, total: 3)
Orphan StringName: _is_candidate_better (static: 0, total: 1)
Orphan StringName: _sample_prepass_value (static: 0, total: 1)
Orphan StringName: visual_first_pass_tiles_per_step (static: 0, total: 5)
Orphan StringName: _resolve_y_span_tiles (static: 0, total: 1)
Orphan StringName: _get_weight_for_key (static: 0, total: 1)
Orphan StringName: machine (static: 0, total: 8)
Orphan StringName: get_biomes (static: 0, total: 1)
Orphan StringName: _clamp_prepass_height (static: 0, total: 1)
Orphan StringName: HEIGHT_CHANNEL (static: 0, total: 1)
Orphan StringName: _find_flat_exit_direction (static: 0, total: 1)
Orphan StringName: branch_origin (static: 0, total: 38)
Orphan StringName: @group_59_Continentalness (static: 0, total: 2)
Orphan StringName: FLOW_DIRECTION_NONE (static: 0, total: 1)
Orphan StringName: _compute_slope_grid (static: 0, total: 1)
Orphan StringName: _patch_noise (static: 0, total: 3)
Orphan StringName: upland (static: 0, total: 1)
Orphan StringName: MOUNTAIN_MASS_HEIGHT_RANGE (static: 0, total: 1)
Orphan StringName: ridge_secondary_spacing_tiles (static: 0, total: 5)
Orphan StringName: get_biome_at_tile (static: 0, total: 1)
Orphan StringName: _resolve_spine_selection_score (static: 0, total: 1)
Orphan StringName: required_structure_tags (static: 0, total: 4)
Orphan StringName: local_variation_min_score (static: 0, total: 5)
Orphan StringName: @group_36_Rivers (static: 0, total: 2)
Orphan StringName: RIDGE_SPLINE_CONTROL_STEP (static: 0, total: 1)
Orphan StringName: dead_tree (static: 0, total: 5)
Orphan StringName: rain_shadow_weight (static: 0, total: 10)
Orphan StringName: flora_density_weight (static: 0, total: 10)
Orphan StringName: canonicalize_tile (static: 0, total: 1)
Orphan StringName: _DEFAULT_DRAINAGE_MOISTURE_BONUS (static: 0, total: 1)
Orphan StringName: _resolve_glacial_melt_bonus (static: 0, total: 1)
Orphan StringName: RIDGE_MERGE_BONUS (static: 0, total: 1)
Orphan StringName: _flow_dir_grid (static: 0, total: 3)
Orphan StringName: use_native_mountain_topology (static: 0, total: 5)
Orphan StringName: @group_141_Terrain Classification (static: 0, total: 2)
Orphan StringName: _score_sparse_flora (static: 0, total: 1)
Orphan StringName: _score_wet_patch (static: 0, total: 1)
Orphan StringName: ridge_feather_tiles (static: 0, total: 5)
Orphan StringName: temperate (static: 0, total: 1)
Orphan StringName: _sample_temperature (static: 0, total: 1)
Orphan StringName: max_continentalness (static: 0, total: 10)
Orphan StringName: _build_channel_scores (static: 0, total: 1)
Orphan StringName: temperature_latitude_weight (static: 0, total: 5)
Orphan StringName: PlayerMoveState (static: 0, total: 3)
Orphan StringName: _resolve_river_core_radius_tiles (static: 0, total: 1)
Orphan StringName: _resolve_glacial_melt_temperature (static: 0, total: 1)
Orphan StringName: sample (static: 0, total: 1)
Orphan StringName: get_display_name (static: 0, total: 2)
Orphan StringName: _compute_lake_aware_fill (static: 0, total: 1)
Orphan StringName: foothills_flora (static: 0, total: 1)
Orphan StringName: min_river_strength (static: 0, total: 10)
Orphan StringName: _resolve_frozen_lake_temperature (static: 0, total: 1)
Orphan StringName: cold (static: 0, total: 1)
Orphan StringName: _apply_rain_shadow_column (static: 0, total: 1)
Orphan StringName: _compute_orographic_lift (static: 0, total: 1)
Orphan StringName: _compute_weighted_score (static: 0, total: 2)
Orphan StringName: _planet_sampler (static: 0, total: 8)
Orphan StringName: mountain_debug_mined_color (static: 0, total: 5)
Orphan StringName: _resolve_temperature_noise_amplitude (static: 0, total: 1)
Orphan StringName: BiomeData (static: 0, total: 3)
Orphan StringName: RIDGE_NOISE_WEIGHT (static: 0, total: 1)
Orphan StringName: canonicalize_world_pos (static: 0, total: 2)
Orphan StringName: _sample_grid (static: 0, total: 1)
Orphan StringName: _safe_radius_sq (static: 0, total: 4)
Orphan StringName: _fallback_direction_for_grid (static: 0, total: 1)
Orphan StringName: _KIND_DENSE_FLORA (static: 0, total: 1)
Orphan StringName: ruggedness_frequency (static: 0, total: 5)
Orphan StringName: @group_109_Mountains (static: 0, total: 2)
Orphan StringName: _get_balance_float (static: 0, total: 1)
Orphan StringName: mountains (static: 0, total: 3)
Orphan StringName: roof_color (static: 0, total: 5)
Orphan StringName: build_tile_data (static: 0, total: 1)
Orphan StringName: _resolve_hot_factor (static: 0, total: 1)
Orphan StringName: _insert_ranked_candidate (static: 0, total: 1)
Orphan StringName: MOUNTAIN_MASS_CHANNEL (static: 0, total: 1)
Orphan StringName: tectonic (static: 0, total: 31)
Orphan StringName: min_slope (static: 0, total: 10)
Orphan StringName: river_floodplain_width_tiles (static: 0, total: 5)
Orphan StringName: moisture_frequency (static: 0, total: 5)
Orphan StringName: _resolve_lake_min_area (static: 0, total: 1)
Orphan StringName: shadow_angle_threshold (static: 0, total: 5)
Orphan StringName: startup_bubble_chunk_radius (static: 0, total: 5)
Orphan StringName: mountain_debug_collision_color (static: 0, total: 5)
Orphan StringName: _resolve_precipitation_rate (static: 0, total: 1)
Orphan StringName: strength (static: 0, total: 45)
Orphan StringName: shadow_color (static: 0, total: 5)
Orphan StringName: _resolve_floodplain_width_tiles (static: 0, total: 1)
Orphan StringName: hot_evaporation_rate (static: 0, total: 5)
Orphan StringName: _collect_basin_component (static: 0, total: 1)
Orphan StringName: resource_density_multiplier (static: 0, total: 10)
Orphan StringName: sample_local_variation (static: 0, total: 1)
Orphan StringName: _continentalness_grid (static: 0, total: 3)
Orphan StringName: _compute_erosion_proxy (static: 0, total: 1)
Orphan StringName: GRID_NEIGHBOR_OFFSETS_8 (static: 0, total: 1)
Orphan StringName: spore_density_multiplier (static: 0, total: 10)
Orphan StringName: prepass_thermal_rate (static: 0, total: 5)
Orphan StringName: BiomeResolver (static: 0, total: 3)
Orphan StringName: ridge_warp_frequency (static: 0, total: 5)
Orphan StringName: mountain_topology_finalize_tiles_per_step (static: 0, total: 5)
Orphan StringName: _spine_seeds (static: 0, total: 3)
Orphan StringName: StateMachine (static: 0, total: 3)
Orphan StringName: compute_match_score (static: 0, total: 1)
Orphan StringName: max_height (static: 0, total: 10)
Orphan StringName: display_name (static: 0, total: 15)
Orphan StringName: mountain_interior_fill_color (static: 0, total: 5)
Orphan StringName: sample_ruggedness (static: 0, total: 1)
Orphan StringName: tags (static: 0, total: 13)
Orphan StringName: _resolve_branch_start_direction (static: 0, total: 1)
Orphan StringName: _resolve_ridge_strength (static: 0, total: 1)
Orphan StringName: RidgePath (static: 0, total: 2)
Orphan StringName: _world_context (static: 0, total: 4)
Orphan StringName: _is_y_edge_cell (static: 0, total: 1)
Orphan StringName: display_name_key (static: 0, total: 15)
Orphan StringName: _find_ridge_peak_point_index (static: 0, total: 1)
Orphan StringName: _resolve_latitude_evaporation_rate (static: 0, total: 1)
Orphan StringName: _rotate_direction_index (static: 0, total: 1)
Orphan StringName: chunk_wrap_delta_x (static: 0, total: 1)
Orphan StringName: _slope_grid (static: 0, total: 3)
Orphan StringName: _balance (static: 0, total: 16)
Orphan StringName: grass_color (static: 0, total: 10)
Orphan StringName: MOUNTAIN_MASS_HEIGHT_MIN (static: 0, total: 1)
Orphan StringName: idle (static: 0, total: 3)
Orphan StringName: WorldNoiseUtilsScript (static: 0, total: 4)
Orphan StringName: tree_types (static: 0, total: 9)
Orphan StringName: _resolve_river_width_scale (static: 0, total: 1)
Orphan StringName: SPINE_STRENGTH_MAX (static: 0, total: 1)
Orphan StringName: _is_flat_polar_surface (static: 0, total: 1)
Orphan StringName: populate_tile_data (static: 0, total: 1)
Orphan StringName: visual_cosmetic_tiles_per_step (static: 0, total: 5)
Orphan StringName: _compute_mountain_mass_grid (static: 0, total: 1)
Orphan StringName: sand_color (static: 0, total: 10)
Orphan StringName: SPINE_STRENGTH_MIN (static: 0, total: 1)
Orphan StringName: _is_spine_seed_far_enough (static: 0, total: 1)
Orphan StringName: compute_fallback_score (static: 0, total: 1)
Orphan StringName: latitude_temperature_curve (static: 0, total: 5)
Orphan StringName: @group_5_Eligibility (static: 0, total: 2)
Orphan StringName: spawn_tile (static: 0, total: 4)
Orphan StringName: get_channel_scores (static: 0, total: 1)
Orphan StringName: _core_bonus_weight (static: 0, total: 4)
Orphan StringName: _is_in_range (static: 0, total: 1)
Orphan StringName: configure (static: 0, total: 3)
Orphan StringName: sample_height (static: 0, total: 1)
Orphan StringName: _biome_by_id (static: 0, total: 3)
Orphan StringName: setup (static: 0, total: 2)
Orphan StringName: _resolve_thermal_rate (static: 0, total: 1)
Orphan StringName: mountain_shadow_edge_cache_tiles_per_step (static: 0, total: 5)
Orphan StringName: _resolve_default_biome (static: 0, total: 1)
Orphan StringName: bank_ridge_exclusion (static: 0, total: 5)
Orphan StringName: area_grid_cells (static: 0, total: 132)
Orphan StringName: water_tile_id (static: 0, total: 10)
Orphan StringName: _find_component_spill_index (static: 0, total: 1)
Orphan StringName: _ridge_paths (static: 0, total: 3)
Orphan StringName: _advance_ridge_front (static: 0, total: 1)
Orphan StringName: GRID_NEIGHBOR_DISTANCES_8 (static: 0, total: 1)
Orphan StringName: flora_density_frequency (static: 0, total: 5)
Orphan StringName: get_surface_terrain_type (static: 0, total: 1)
Orphan StringName: RIVER_DISTANCE_CHANNEL (static: 0, total: 1)
Orphan StringName: _mountain_mass_grid (static: 0, total: 3)
Orphan StringName: ridge_spacing_tiles (static: 0, total: 5)
Orphan StringName: drainage_weight (static: 0, total: 10)
Orphan StringName: _resolve_spine_direction_bias (static: 0, total: 1)
Orphan StringName: _get_flow_target_index (static: 0, total: 1)
Orphan StringName: _sample_ridge_path_strength (static: 0, total: 1)
Orphan StringName: test (static: 0, total: 1)
Orphan StringName: @group_113_Mountain Presentation (static: 0, total: 2)
Orphan StringName: _safe_radius (static: 0, total: 4)
Orphan StringName: _compute_spine_seeds (static: 0, total: 1)
Orphan StringName: grid_cells (static: 0, total: 131)
Orphan StringName: dry (static: 0, total: 1)
Orphan StringName: _find_nearest_arc_length_index (static: 0, total: 1)
Orphan StringName: _direction_index_from_vector (static: 0, total: 1)
Orphan StringName: _POLAR_KIND_DRY_RIVERBED (static: 0, total: 1)
Orphan StringName: Resource (static: 1, total: 4)
Orphan StringName: prepass_deposit_rate (static: 0, total: 5)
Orphan StringName: populate_canonical_tile_data (static: 0, total: 1)
Orphan StringName: _matches_weighted_range (static: 0, total: 1)
Orphan StringName: _river_mask_grid (static: 0, total: 3)
Orphan StringName: river_strength_weight (static: 0, total: 10)
Orphan StringName: _CAUSAL_SCORE_KEYS (static: 0, total: 1)
Orphan StringName: min_moisture (static: 0, total: 10)
Orphan StringName: transition (static: 0, total: 1)
Orphan StringName: max_moisture (static: 0, total: 10)
Orphan StringName: @group_153_Start Zone (static: 0, total: 2)
Orphan StringName: _blend_noise_scores (static: 0, total: 1)
Orphan StringName: _compute_ridge_strength_grid (static: 0, total: 1)
Orphan StringName: _flatten_index (static: 0, total: 1)
Orphan StringName: sand_tile_id (static: 0, total: 10)
Orphan StringName: _resolve_downstream_transfer (static: 0, total: 1)
Orphan StringName: prepass_sea_level_threshold (static: 0, total: 5)
Orphan StringName: chunk_loads_per_frame (static: 0, total: 5)
Orphan StringName: _KIND_SPARSE_FLORA (static: 0, total: 1)
Orphan StringName: rock_drop_item_id (static: 0, total: 5)
Orphan StringName: _resolve_ridge_peak_half_width (static: 0, total: 1)
Orphan StringName: hot_pole_temperature (static: 0, total: 5)
Orphan StringName: resolve_biome (static: 0, total: 2)
Orphan StringName: wet_lowland_flora (static: 0, total: 1)
Orphan StringName: cold_pole_temperature (static: 0, total: 5)
Orphan StringName: scorched_flora (static: 0, total: 1)
Orphan StringName: _is_river_core_tile_sq (static: 0, total: 1)
Orphan StringName: max_temperature (static: 0, total: 10)
Orphan StringName: _score_clearing (static: 0, total: 1)
Orphan StringName: RIDGE_HEIGHT_WEIGHT (static: 0, total: 1)
Orphan StringName: id (static: 0, total: 147)
Orphan StringName: min_continentalness (static: 0, total: 10)
Orphan StringName: base_temperature (static: 0, total: 10)
Orphan StringName: EntityState (static: 0, total: 3)
Orphan StringName: _grid_to_world_x (static: 0, total: 1)
Orphan StringName: _grid_to_world_y (static: 0, total: 1)
Orphan StringName: _resolve_target_spine_count (static: 0, total: 1)
Orphan StringName: mined_floor_color (static: 0, total: 5)
Orphan StringName: prepass_evaporation_rate (static: 0, total: 5)
Orphan StringName: _build_ridge_candidate_directions (static: 0, total: 1)
Orphan StringName: _is_mountain_core_tile_sq (static: 0, total: 1)
Orphan StringName: ridge_core_width_tiles (static: 0, total: 5)
Orphan StringName: _resolve_grid_step (static: 0, total: 1)
Orphan StringName: position (static: 0, total: 7)
Orphan StringName: _uses_causal_moisture (static: 0, total: 1)
Orphan StringName: get_world_wrap_width_tiles (static: 0, total: 1)
Orphan StringName: prepass_erosion_valley_strength (static: 0, total: 5)
Orphan StringName: resolve_local_variation (static: 0, total: 1)
Orphan StringName: hot (static: 0, total: 1)
Orphan StringName: min_rain_shadow (static: 0, total: 10)
Orphan StringName: rock_color (static: 0, total: 15)
Orphan StringName: PlayerAttackState (static: 0, total: 3)
Orphan StringName: bank_min_river (static: 0, total: 5)
Orphan StringName: prepass_min_spine_distance_grid (static: 0, total: 5)
Orphan StringName: _resolve_deposit_rate (static: 0, total: 1)
Orphan StringName: @group_84_Biome Causal Scoring (static: 0, total: 2)
Orphan StringName: exit (static: 0, total: 1)
Orphan StringName: _biomes (static: 0, total: 3)
Orphan StringName: floodplain (static: 0, total: 12)
Orphan StringName: DIAGONAL_DIRECTION_DISTANCE (static: 0, total: 1)
Orphan StringName: _KIND_WET_PATCH (static: 0, total: 1)
Orphan StringName: local_variation_octaves (static: 0, total: 5)
Orphan StringName: RIDGE_RUGGEDNESS_WEIGHT (static: 0, total: 1)
Orphan StringName: _resolve_max_branch_length_grid (static: 0, total: 1)
Orphan StringName: _resolve_orographic_lift_factor (static: 0, total: 1)
Orphan StringName: min_floodplain_strength (static: 0, total: 10)
Orphan StringName: @group_60_Placeholder Colors (static: 0, total: 7)
Orphan StringName: _smooth_ridge_path (static: 0, total: 1)
Orphan StringName: allowed_terrain_types (static: 0, total: 4)
Orphan StringName: world_seed (static: 0, total: 4)
Orphan StringName: _is_better_score (static: 0, total: 1)
Orphan StringName: debug_marker_kind (static: 0, total: 5)
Orphan StringName: ridge_secondary_weight (static: 0, total: 5)
Orphan StringName: @group_35_Resolver Weights (static: 0, total: 7)
Orphan StringName: get_feature_hook_snapshot (static: 0, total: 1)
Orphan StringName: _is_foothill_tile_sq (static: 0, total: 1)
Orphan StringName: SLOPE_CHANNEL (static: 0, total: 1)
Orphan StringName: get_structure_scores (static: 0, total: 1)
Orphan StringName: _resolve_river_base_width (static: 0, total: 1)
Orphan StringName: _get_direction_between_indices (static: 0, total: 1)
Orphan StringName: _build_moisture_grid (static: 0, total: 1)
Orphan StringName: mountain_area (static: 0, total: 5)
Orphan StringName: biome_drainage_moisture_bonus (static: 0, total: 5)
Orphan StringName: game_over (static: 0, total: 1)
Orphan StringName: _grid_height (static: 0, total: 4)
Orphan StringName: _resolve_hash_seed (static: 0, total: 1)
Orphan StringName: LAKE_TYPE_FLOODPLAIN (static: 0, total: 1)
Orphan StringName: _DEFAULT_CONTINENTAL_DRYING_FACTOR (static: 0, total: 1)
Orphan StringName: decor_set_ids (static: 0, total: 9)
Orphan StringName: water_color (static: 0, total: 10)
Orphan StringName: _get_grid_cell_world_center (static: 0, total: 1)
Orphan StringName: _lake_records (static: 0, total: 3)
Orphan StringName: current_biome (static: 0, total: 4)
Orphan StringName: min_height (static: 0, total: 10)
Orphan StringName: use_native_chunk_generation (static: 0, total: 5)
Orphan StringName: direction_bias (static: 0, total: 7)
Orphan StringName: SPINE_SELECTION_JITTER_WEIGHT (static: 0, total: 1)
Orphan StringName: _resolve_wrap_width_tiles (static: 0, total: 1)
Orphan StringName: matches_channels (static: 0, total: 1)
Orphan StringName: ground_decor (static: 0, total: 6)
Orphan StringName: _structure_value (static: 0, total: 1)
Orphan StringName: _field_noise (static: 0, total: 3)
Orphan StringName: glacial (static: 0, total: 7)
Orphan StringName: PlanetSampler (static: 0, total: 3)
Orphan StringName: grass_coverage (static: 0, total: 10)
Orphan StringName: base:stone (static: 0, total: 3)
Orphan StringName: _grid_width (static: 0, total: 4)
Orphan StringName: river_spacing_tiles (static: 0, total: 5)
Orphan StringName: state_name (static: 0, total: 8)
Orphan StringName: LocalVariationResolver (static: 0, total: 3)
Orphan StringName: compute (static: 0, total: 1)
Orphan StringName: height_weight (static: 0, total: 10)
Orphan StringName: river_min_strength (static: 0, total: 5)
Orphan StringName: _apply_floodplain_deposition (static: 0, total: 1)
Orphan StringName: @group_61_Cold Pole (static: 0, total: 2)
Orphan StringName: _height_noise (static: 0, total: 3)
Orphan StringName: prepass_river_width_scale (static: 0, total: 5)
Orphan StringName: _apply_thermal_smoothing (static: 0, total: 1)
Orphan StringName: local_variation_frequency (static: 0, total: 5)
Orphan StringName: _prepass_max_y (static: 0, total: 4)
Orphan StringName: visual_scheduler_budget_ms (static: 0, total: 5)
Orphan StringName: _build_polyline_arc_lengths (static: 0, total: 1)
Orphan StringName: LakeRecord (static: 0, total: 2)
Orphan StringName: _create_ridge_path (static: 0, total: 1)
Orphan StringName: mountain_topology_build_budget_ms (static: 0, total: 5)
Orphan StringName: is_branch (static: 0, total: 38)
Orphan StringName: _channel_value (static: 0, total: 1)
Orphan StringName: SpineSeed (static: 0, total: 2)
Orphan StringName: _resolve_spine_strength (static: 0, total: 1)
Orphan StringName: _reset_lake_inflow_accumulation (static: 0, total: 1)
Orphan StringName: @group_10_Debug (static: 0, total: 2)
Orphan StringName: _resolve_sea_level_threshold (static: 0, total: 1)
Orphan StringName: get_wrap_width_tiles (static: 0, total: 2)
Orphan StringName: _floodplain_strength_grid (static: 0, total: 3)
Orphan StringName: _resolve_branch_probability (static: 0, total: 1)
Orphan StringName: @group_42_Causal Channel Weights (static: 0, total: 7)
Orphan StringName: add_state (static: 0, total: 1)
Orphan StringName: _resolve_erosion_valley_strength (static: 0, total: 1)
Orphan StringName: ruggedness_octaves (static: 0, total: 5)
Orphan StringName: cold_pole_transition_width (static: 0, total: 5)
Orphan StringName: _biome_resolver (static: 0, total: 4)
Orphan StringName: _build_causal_context (static: 0, total: 1)
Orphan StringName: _compute_ridge_graph (static: 0, total: 1)
Orphan StringName: dead (static: 0, total: 2)
Orphan StringName: _resolve_min_spine_distance_grid (static: 0, total: 1)
Orphan StringName: _KIND_CLEARING (static: 0, total: 1)
Orphan StringName: _get_causal_weight_for_key (static: 0, total: 1)
Orphan StringName: RIDGE_SPLINE_SAMPLES_PER_SEGMENT (static: 0, total: 1)
Orphan StringName: prepass_latitude_evaporation_rate (static: 0, total: 5)
Orphan StringName: _get_direction_vector (static: 0, total: 1)
Orphan StringName: @group_66_Hot Pole (static: 0, total: 2)
Orphan StringName: _record_lake_inflow (static: 0, total: 1)
Orphan StringName: visual_full_redraw_tiles_per_step (static: 0, total: 5)
Orphan StringName: _EPSILON (static: 0, total: 1)
Orphan StringName: _normalize_score (static: 0, total: 1)
Orphan StringName: _sample_ruggedness_at_grid (static: 0, total: 1)
Orphan StringName: _palette_index_by_id (static: 0, total: 3)
Orphan StringName: mountain (static: 0, total: 81)
Orphan StringName: RIDGE_MAIN_PEAK_HALF_WIDTH_MAX (static: 0, total: 1)
Orphan StringName: @group_8_Chunk Visual Scheduler (static: 0, total: 2)
Orphan StringName: _detail_noise (static: 0, total: 3)
Orphan StringName: prepass_grid_step (static: 0, total: 5)
Orphan StringName: RIDGE_MAIN_PEAK_HALF_WIDTH_MIN (static: 0, total: 1)
Orphan StringName: _land_guarantee_radius (static: 0, total: 4)
Orphan StringName: _sample_flora_density (static: 0, total: 1)
Orphan StringName: _resolve_valley_carve_pressure (static: 0, total: 1)
Orphan StringName: temperature_noise_amplitude (static: 0, total: 5)
Orphan StringName: _resolve_ridge_continuation_inertia (static: 0, total: 1)
Orphan StringName: _hash01_for_grid (static: 0, total: 1)
Orphan StringName: _select_secondary_candidate (static: 0, total: 1)
Orphan StringName: source_seed_position (static: 0, total: 38)
Orphan StringName: wrap_chunk_x (static: 0, total: 1)
Orphan StringName: get_grid_value (static: 0, total: 1)
Orphan StringName: max_river_strength (static: 0, total: 10)
Orphan StringName: temperature_weight (static: 0, total: 10)
Orphan StringName: rock_drop_amount (static: 0, total: 5)
Orphan StringName: river_core_width_tiles (static: 0, total: 5)
Orphan StringName: floodplain_strength_weight (static: 0, total: 10)
Orphan StringName: balance (static: 0, total: 4)
Orphan StringName: sample_terrain_type (static: 0, total: 1)
Orphan StringName: _sample_catmull_rom_segment (static: 0, total: 1)
Orphan StringName: bank_min_moisture (static: 0, total: 5)
Orphan StringName: tile_size (static: 0, total: 5)
Orphan StringName: resolve_surface_terrain_type_from_context (static: 0, total: 1)
Orphan StringName: WorldGenBalance (static: 0, total: 3)
Orphan StringName: _resolve_max_river_distance_tiles (static: 0, total: 1)
Orphan StringName: _mountain_threshold_value (static: 0, total: 4)
Orphan StringName: _states (static: 0, total: 3)
Orphan StringName: land_guarantee_radius (static: 0, total: 5)
Orphan StringName: _world_seed (static: 0, total: 8)
Orphan StringName: _build_lake_record (static: 0, total: 1)
Orphan StringName: _compute_rain_shadow (static: 0, total: 1)
Orphan StringName: near_visible_chunk_radius (static: 0, total: 5)
Orphan StringName: prepass_thermal_iterations (static: 0, total: 5)
Orphan StringName: _resolve_neighbor_distance_tiles (static: 0, total: 1)
Orphan StringName: chunk_redraw_rows_per_frame (static: 0, total: 5)
Orphan StringName: visual_first_pass_max_tasks_per_tick (static: 0, total: 5)
Orphan StringName: load_radius (static: 0, total: 5)
Orphan StringName: _surface_terrain_resolver (static: 0, total: 4)
Orphan StringName: enemy_frequency_multiplier (static: 0, total: 10)
Orphan StringName: min_ridge_strength (static: 0, total: 10)
Orphan StringName: _get_wrapped_world_vector (static: 0, total: 1)
Orphan StringName: wet (static: 0, total: 1)
Orphan StringName: _LEGACY_SCORE_KEYS (static: 0, total: 1)
Orphan StringName: unload_radius (static: 0, total: 5)
Orphan StringName: offset_tile (static: 0, total: 1)
Orphan StringName: _resolve_max_ridge_length_grid (static: 0, total: 1)
Orphan StringName: @group_133_Mountain Shadows (static: 0, total: 2)
Orphan StringName: move (static: 0, total: 2)
Orphan StringName: LAKE_TYPE_TECTONIC (static: 0, total: 1)
Orphan StringName: _local_variation_resolver (static: 0, total: 4)
Orphan StringName: @group_105_Local Variation (static: 0, total: 2)
Orphan StringName: baseline (static: 0, total: 2)
Orphan StringName: _resolve_floodplain_multiplier (static: 0, total: 1)
Orphan StringName: _is_river_cell (static: 0, total: 1)
Orphan StringName: _ridge_strength_grid (static: 0, total: 3)
Orphan StringName: surface_height (static: 0, total: 132)
Orphan StringName: temperature_octaves (static: 0, total: 5)
Orphan StringName: max_depth (static: 0, total: 132)
Orphan StringName: _resolve_ridge_min_height (static: 0, total: 1)
Orphan StringName: _derive_river_strength_from_prepass (static: 0, total: 1)
Orphan StringName: _temperature_noise (static: 0, total: 3)
Orphan StringName: height_frequency (static: 0, total: 5)
Orphan StringName: set_surface_terrain_resolver (static: 0, total: 1)
Orphan StringName: prepass_glacial_melt_bonus (static: 0, total: 5)
Orphan StringName: _moisture_noise (static: 0, total: 3)
Orphan StringName: owner (static: 0, total: 8)
Orphan StringName: _resolve_river_accumulation_threshold (static: 0, total: 1)
Orphan StringName: biome_continental_drying_factor (static: 0, total: 5)
Orphan StringName: river_ridge_exclusion (static: 0, total: 5)
Orphan StringName: @group_54_Tiles (static: 0, total: 7)
Orphan StringName: _grid_wrap_delta_x (static: 0, total: 1)
Orphan StringName: _resolve_bank_outer_radius_tiles (static: 0, total: 1)
Orphan StringName: _get_structure_value (static: 0, total: 1)
Orphan StringName: ground_tile_id (static: 0, total: 10)
Orphan StringName: _measure_component_max_depth (static: 0, total: 1)
Orphan StringName: @group_66_Gameplay Surface (static: 0, total: 7)
Orphan StringName: _sample_noise (static: 0, total: 2)
Orphan StringName: _unwrap_grid_x_near_reference (static: 0, total: 1)
Orphan StringName: _distance_from_spawn_sq (static: 0, total: 1)
Orphan StringName: equator_tile_y (static: 0, total: 5)
Orphan StringName: initialize (static: 0, total: 3)
Orphan StringName: RefCounted (static: 0, total: 4)
Orphan StringName: _resolve_prevailing_wind_direction (static: 0, total: 1)
Orphan StringName: base:plains (static: 0, total: 1)
Orphan StringName: latitude_half_span_tiles (static: 0, total: 5)
Orphan StringName: @group_87_Large Structures (static: 0, total: 2)
Orphan StringName: _resolve_ridge_profile_centrality (static: 0, total: 1)
Orphan StringName: mountain_shadow_edges_per_step (static: 0, total: 5)
Orphan StringName: ridge_secondary_warp_frequency (static: 0, total: 5)
Orphan StringName: flora_density_octaves (static: 0, total: 5)
Orphan StringName: get_chunk_size_pixels (static: 0, total: 1)
Orphan StringName: _recover_rain_shadow_moisture (static: 0, total: 1)
Orphan StringName: attack (static: 0, total: 2)
Orphan StringName: sample_latitude (static: 0, total: 1)
Orphan StringName: base:test_feature (static: 0, total: 1)
Orphan StringName: _resolve_base_accumulation (static: 0, total: 1)
Orphan StringName: _score_range (static: 0, total: 1)
Orphan StringName: mountain_chaininess (static: 0, total: 5)
Orphan StringName: _matches_causal_prepass (static: 0, total: 1)
Orphan StringName: _is_bank_floodplain_tile_sq (static: 0, total: 1)
Orphan StringName: get_world_wrap_chunk_count (static: 0, total: 1)
Orphan StringName: mountain_base_threshold (static: 0, total: 5)
Orphan StringName: tile_wrap_delta_x (static: 0, total: 1)
Orphan StringName: PlayerDeadState (static: 0, total: 3)
Orphan StringName: min_drainage (static: 0, total: 10)
Orphan StringName: physics_update (static: 0, total: 7)
Orphan StringName: visual_full_redraw_max_tasks_per_tick (static: 0, total: 5)
Orphan StringName: max_drainage (static: 0, total: 10)
Orphan StringName: _river_width_grid (static: 0, total: 3)
Orphan StringName: _prepass_min_y (static: 0, total: 4)
Orphan StringName: hot_pole_transition_width (static: 0, total: 5)
Orphan StringName: river_warp_amplitude_tiles (static: 0, total: 5)
Orphan StringName: @group_27_Lakes (static: 0, total: 2)
Orphan StringName: _unwrap_ridge_points (static: 0, total: 1)
Orphan StringName: update (static: 0, total: 2)
Orphan StringName: _resolve_max_possible_neighbor_gradient (static: 0, total: 1)
Orphan StringName: _apply_modulations (static: 0, total: 1)
Orphan StringName: _eroded_height_grid (static: 0, total: 3)
Orphan StringName: _score_rocky_patch (static: 0, total: 1)
Orphan StringName: min_ruggedness (static: 0, total: 10)
Orphan StringName: sample_world_channels (static: 0, total: 2)
Orphan StringName: prepass_glacial_melt_temperature (static: 0, total: 5)
Orphan StringName: mountain_topology_scan_tiles_per_step (static: 0, total: 5)
Orphan StringName: _land_guarantee_radius_sq (static: 0, total: 4)
Orphan StringName: _POLAR_KIND_SCORCHED (static: 0, total: 1)
Orphan StringName: get_biome_palette_index (static: 0, total: 1)
Orphan StringName: mountain_debug_visualization (static: 0, total: 5)
Orphan StringName: RIDGE_INERTIA_WEIGHT (static: 0, total: 1)
Orphan StringName: _build_structure_scores (static: 0, total: 1)
Orphan StringName: MOUNTAIN_MASS_RUGGEDNESS_RANGE (static: 0, total: 1)
Orphan StringName: @group_28_Structure Ranges (static: 0, total: 7)
Orphan StringName: @group_19_Causal Channel Ranges (static: 0, total: 7)
Orphan StringName: _reset_chunk_build_data (static: 0, total: 1)
Orphan StringName: WorldPrePass (static: 0, total: 3)
Orphan StringName: _resolve_secondary_biome_id (static: 0, total: 1)
Orphan StringName: prepass_precipitation_rate (static: 0, total: 5)
Orphan StringName: _populate_tile_data (static: 0, total: 1)
Orphan StringName: _resolve_temperature_latitude_weight (static: 0, total: 1)
Orphan StringName: shadow_mountain_height (static: 0, total: 5)
Orphan StringName: moisture_octaves (static: 0, total: 5)
Orphan StringName: chunk_to_tile_origin (static: 0, total: 2)
Orphan StringName: @group_6_Resolver Ranges (static: 0, total: 7)
Orphan StringName: rock_tile_id (static: 0, total: 10)
Orphan StringName: _compute_continentalness (static: 0, total: 1)
Orphan StringName: @group_51_Sets (static: 0, total: 7)
Orphan StringName: _apply_valley_carving (static: 0, total: 1)
Orphan StringName: rock_top_color (static: 0, total: 5)
Orphan StringName: visual_border_fix_tiles_per_step (static: 0, total: 5)
Orphan StringName: @group_31_Latitude Hydrology (static: 0, total: 2)
Orphan StringName: @group_47_Structure Weights (static: 0, total: 7)
Orphan StringName: _owner (static: 0, total: 4)
Orphan StringName: _apply_polar_surface_modifiers (static: 0, total: 1)
Orphan StringName: get_chunk_size (static: 0, total: 1)
Orphan StringName: mountain_density (static: 0, total: 5)
Orphan StringName: flora_set_ids (static: 0, total: 9)
Orphan StringName: _build_ridge_control_point_indices (static: 0, total: 1)
Orphan StringName: ice_cap_max_height (static: 0, total: 5)
Orphan StringName: FLOAT_EPSILON (static: 0, total: 1)
Orphan StringName: _resolve_dominance (static: 0, total: 1)
Orphan StringName: _STRUCTURE_SCORE_KEYS (static: 0, total: 1)
Orphan StringName: get_surface_terrain_type_from_context (static: 0, total: 1)
Orphan StringName: ruggedness_weight (static: 0, total: 10)
Orphan StringName: _compute_flow_directions (static: 0, total: 1)
Orphan StringName: safe_zone_radius (static: 0, total: 5)
Orphan StringName: river_warp_frequency (static: 0, total: 5)
Orphan StringName: SurfaceTerrainResolver (static: 0, total: 3)
Orphan StringName: _cached_wrap_width (static: 0, total: 8)
Orphan StringName: highland (static: 0, total: 1)
Orphan StringName: bank_max_height (static: 0, total: 5)
Orphan StringName: LAKE_TYPE_GLACIAL (static: 0, total: 1)
Orphan StringName: points (static: 0, total: 37)
Orphan StringName: height_octaves (static: 0, total: 5)
Orphan StringName: DRAINAGE_CHANNEL (static: 0, total: 1)
Orphan StringName: inflow_accumulation (static: 0, total: 132)
Orphan StringName: completed (static: 2, total: 3)
Orphan StringName: @group_54_Rain Shadow (static: 0, total: 2)
Orphan StringName: _resolve_safe_radius (static: 0, total: 1)
Orphan StringName: _band_score (static: 0, total: 1)
Orphan StringName: min_temperature (static: 0, total: 10)
Orphan StringName: get_biome_result_at_tile (static: 0, total: 1)
Orphan StringName: @group_0_Chunks (static: 0, total: 2)
Orphan StringName: _run_boot_sequence (static: 0, total: 1)
Orphan StringName: ridge_warp_amplitude_tiles (static: 0, total: 5)
Orphan StringName: _score_ridge_candidate (static: 0, total: 1)
Orphan StringName: _resolve_floodplain_strength (static: 0, total: 1)
Orphan StringName: _world_pre_pass (static: 0, total: 4)
Orphan StringName: weight (static: 0, total: 5)
Orphan StringName: _grid_step (static: 0, total: 4)
Orphan StringName: mountain_visibility_radius (static: 0, total: 5)
Orphan StringName: _build_temperature_grid (static: 0, total: 1)
Orphan StringName: grass_tile_id (static: 0, total: 10)
Orphan StringName: @group_41_Ridge Skeleton (static: 0, total: 2)
Orphan StringName: _resolve_river_width_tiles (static: 0, total: 1)
Orphan StringName: RIDGE_END_HALF_WIDTH_RATIO (static: 0, total: 1)
Orphan StringName: _height_grid (static: 0, total: 3)
Orphan StringName: _seed_priority_flood_boundary_cell (static: 0, total: 1)
Orphan StringName: _POLAR_KIND_SALT_FLAT (static: 0, total: 1)
Orphan StringName: _compute_max_neighbor_gradient (static: 0, total: 1)
Orphan StringName: _resolve_prepass_max_y (static: 0, total: 1)
Orphan StringName: _tag_bias (static: 0, total: 1)
Orphan StringName: _heap_push (static: 0, total: 1)
Orphan StringName: FLOODPLAIN_STRENGTH_CHANNEL (static: 0, total: 1)
Orphan StringName: _compute_drainage_grid (static: 0, total: 1)
Orphan StringName: entrance_color (static: 0, total: 5)
Orphan StringName: prepass_river_base_width (static: 0, total: 5)
Orphan StringName: _resolve_secondary_biome_tags (static: 0, total: 1)
Orphan StringName: ridge_cluster_frequency (static: 0, total: 5)
Orphan StringName: FeatureHookData (static: 0, total: 3)
Orphan StringName: cold_zone (static: 0, total: 3)
Orphan StringName: cold_zone_flora (static: 0, total: 1)
Orphan StringName: _find_direct_flow_direction (static: 0, total: 1)
Orphan StringName: PlayerIdleState (static: 0, total: 3)
Orphan StringName: spill_point (static: 0, total: 132)
Orphan StringName: _sample_ridge_strength_at_grid (static: 0, total: 1)
Orphan StringName: _POLAR_KIND_ICE (static: 0, total: 1)
Orphan StringName: _ridge_backbone_weight (static: 0, total: 4)
Orphan StringName: _resolve_surface_terrain_sq (static: 0, total: 1)
Orphan StringName: canonicalize_chunk_coord (static: 0, total: 2)
Orphan StringName: _resolve_ecotone_factor (static: 0, total: 1)
Orphan StringName: max_floodplain_strength (static: 0, total: 10)
Orphan StringName: enter (static: 0, total: 5)
Orphan StringName: allowed_biome_ids (static: 0, total: 4)
Orphan StringName: continentalness_weight (static: 0, total: 10)
Orphan StringName: _resolve_lake_min_depth (static: 0, total: 1)
Orphan StringName: moisture_weight (static: 0, total: 10)
Orphan StringName: latitude_weight (static: 0, total: 10)
Orphan StringName: _resolve_equator_tile_y (static: 0, total: 1)
Orphan StringName: slope_weight (static: 0, total: 10)
Orphan StringName: _smooth_ridge_paths (static: 0, total: 1)
Orphan StringName: surface (static: 0, total: 7)
Orphan StringName: _compute_average_neighbor_height_diff (static: 0, total: 1)
Orphan StringName: _build_ridge_width_profile (static: 0, total: 1)
Orphan StringName: @group_0_Identity (static: 0, total: 9)
Orphan StringName: _filled_height_grid (static: 0, total: 3)
Orphan StringName: _resolve_rain_shadow_column_scale (static: 0, total: 1)
Orphan StringName: river_max_height (static: 0, total: 5)
Orphan StringName: far_visible_chunk_radius (static: 0, total: 5)
StringName: 712 unclaimed string names at exit.
