Godot Engine v4.6.1.stable.official.14d19694e - https://godotengine.org

[WorldPerf] Startup.start_to_loading_screen_visible_ms: 13.38 ms
[WorldPerf] WorldPrePass.compute.sample_height_grid: 123.11 ms
[FrameBudget] streaming=0.0ms topology=0.0ms visual=0.0ms spawn=0.0ms total=0.0ms/6.0ms building.room_recompute=0.0ms(60) power.balance_recompute=0.0ms(60)
[WorldPerf] WorldPrePass.compute.spine_seeds: 486.20 ms
[WorldPerf] WorldPrePass.compute.ridge_graph: 65.26 ms
[WorldPerf] WorldPrePass.compute.ridge_strength_grid.native_total: 1.24 ms
[FrameBudget] streaming=0.0ms topology=0.0ms visual=0.0ms spawn=0.0ms total=0.0ms/6.0ms building.room_recompute=0.0ms(60) power.balance_recompute=0.0ms(60)
[WorldPerf] WorldPrePass.compute.mountain_mass_grid: 316.52 ms
[FrameBudget] streaming=0.0ms topology=0.0ms visual=0.0ms spawn=0.0ms total=0.0ms/6.0ms building.room_recompute=0.0ms(60) power.balance_recompute=0.0ms(60)
[WorldPerf] WorldPrePass.compute.lake_aware_fill.extract_lake_records: 527.19 ms
[WorldPerf] WorldPrePass.compute.lake_aware_fill: 532.49 ms
[FrameBudget] streaming=0.0ms topology=0.0ms visual=0.0ms spawn=0.0ms total=0.0ms/6.0ms building.room_recompute=0.0ms(60) power.balance_recompute=0.0ms(60)
[FrameBudget] streaming=0.0ms topology=0.0ms visual=0.0ms spawn=0.0ms total=0.0ms/6.0ms building.room_recompute=0.0ms(60) power.balance_recompute=0.0ms(60)
[WorldPerf] === Frame Summary (300 frames) ===
[WorldPerf] Frame time: avg=7.4 ms, p99=6.9 ms, hitches=1
[WorldPerf] Frame budget: dispatcher=0.1ms streaming=0.0ms streaming_load=0.0ms streaming_redraw=0.0ms topology=0.0ms building=0.0ms power=0.0ms visual=0.0ms shadow=0.0ms spawn=0.0ms total=0.1ms/6.0ms
[WorldPerf] Observability: Startup.loading_screen_visible=0.0ms, Startup.start_pressed=0.0ms, Startup.start_to_loading_screen_visible_ms=13.4ms
[WorldPerf] WorldPrePass.compute.flow_directions: 660.50 ms
[FrameBudget] streaming=0.0ms topology=0.0ms visual=0.0ms spawn=0.0ms total=0.0ms/6.0ms building.room_recompute=0.0ms(60) power.balance_recompute=0.0ms(60)
[FrameBudget] streaming=0.0ms topology=0.0ms visual=0.0ms spawn=0.0ms total=0.0ms/6.0ms building.room_recompute=0.0ms(60) power.balance_recompute=0.0ms(60)
[WorldPerf] WorldPrePass.compute.flow_accumulation: 884.37 ms
[WorldPerf] WorldPrePass.compute.floodplain_strength: 18.01 ms
[FrameBudget] streaming=0.0ms topology=0.0ms visual=0.0ms spawn=0.0ms total=0.0ms/6.0ms building.room_recompute=0.0ms(60) power.balance_recompute=0.0ms(60)
[WorldPerf] WorldPrePass.compute.erosion_proxy: 329.19 ms
[FrameBudget] streaming=0.0ms topology=0.0ms visual=0.0ms spawn=0.0ms total=0.0ms/6.0ms building.room_recompute=0.0ms(60) power.balance_recompute=0.0ms(60)
[WorldPerf] WorldPrePass.compute.slope_grid: 395.04 ms
[FrameBudget] streaming=0.0ms topology=0.0ms visual=0.0ms spawn=0.0ms total=0.0ms/6.0ms building.room_recompute=0.0ms(60) power.balance_recompute=0.0ms(60)
[WorldPerf] === Frame Summary (300 frames) ===
[WorldPerf] Frame time: avg=6.9 ms, p99=6.9 ms, hitches=0
[WorldPerf] Frame budget: dispatcher=0.1ms streaming=0.0ms streaming_load=0.0ms streaming_redraw=0.0ms topology=0.0ms building=0.0ms power=0.0ms visual=0.0ms shadow=0.0ms spawn=0.0ms total=0.1ms/6.0ms
[FrameBudget] streaming=0.0ms topology=0.0ms visual=0.0ms spawn=0.0ms total=0.0ms/6.0ms building.room_recompute=0.0ms(60) power.balance_recompute=0.0ms(60)
[WorldPerf] WorldPrePass.compute.rain_shadow: 996.07 ms
[WorldPerf] WorldPrePass.compute.continentalness.seed_water_sources: 27.82 ms
[WorldPerf] WorldPrePass.compute.continentalness: 38.05 ms
[WorldPerf] WorldGenerator._setup_world_pre_pass.configure: 63.60 ms
[WorldPerf] WorldGenerator._setup_world_pre_pass.compute: 4866.27 ms
[WorldPerf] WorldGenerator.initialize_world.setup_world_pre_pass: 4929.87 ms
[WorldGenerator] Native ChunkGenerator initialized (6 biomes, authoritative WorldPrePass snapshot)
[WorldPerf] WorldGenerator.complete_pending_initialize_world.pending_age_ms: 4934.10 ms
[WorldPerf] _init_world_generator: 4937.13 ms
[CodexProof] authoritative structure-visibility proof driver enabled
[WorldPerf] GameWorld._setup_after_loading_screen: 4991.34 ms
[ChunkTilesetFactory] rock_atlas=240, wall_base=47, variants=5
[ChunkTilesetFactory] ground_faces: start=259 count=47
[ChunkTilesetFactory] rock_atlas=240, wall_base=47, variants=5
[ChunkTilesetFactory] ground_faces: start=259 count=47
[ChunkTilesetFactory] rock_atlas=240, wall_base=47, variants=5
[ChunkTilesetFactory] ground_faces: start=259 count=47
[ChunkTilesetFactory] rock_atlas=240, wall_base=47, variants=5
[ChunkTilesetFactory] ground_faces: start=259 count=47
[ChunkTilesetFactory] rock_atlas=240, wall_base=47, variants=5
[ChunkTilesetFactory] ground_faces: start=259 count=47
[ChunkTilesetFactory] rock_atlas=240, wall_base=47, variants=5
[ChunkTilesetFactory] ground_faces: start=259 count=47
[ChunkTilesetFactory] rock_atlas=240, wall_base=47, variants=5
[ChunkTilesetFactory] ground_faces: start=259 count=47
[WorldPerf] PlayerChunk coord=(0, 0) z=0 trigger=entered_chunk loaded=false visible=false state=not_loaded phase=none first_pass=false full_ready=false issues=not_loaded,load_queued,first_pass_not_ready ages(first=-ms full=-ms border=-ms apply=-ms converge=-ms) queues(fast=0 urgent=0 near=0 full_near=0 full_far=0) requests(load=true staged=false generating=false) scheduler(step=0.00ms exhausted=false)
[CodexProof] structure visibility verify radius=48
[CodexProof] structure coverage band table (auth_*_cells = exact pre-pass cells, sampled_* = sparse tile centers, band_count=8, stride=2 cells)
[CodexProof] band|zone|y_range|auth_river_cells|auth_mountain_cells|sampled_tiles|auth_river_samples|auth_mountain_samples|visible_river_samples|visible_mountain_samples|script_water|script_sand|script_rock|native_water|native_sand|native_rock|native_failures|terrain_mismatches
[CodexProof] 0|extreme_25|-4096..-3073|102|398|1024|31|88|9|76|0|9|77|0|9|77|0|0
[CodexProof] 1|extreme_25|-3072..-2049|26|376|1024|6|81|2|75|0|2|76|0|2|76|0|0
[CodexProof] 2|central_50|-2048..-1025|3|1261|1024|3|291|0|278|0|0|280|0|0|280|0|0
[CodexProof] 3|central_50|-1024..-1|2|1275|1024|2|301|0|276|0|0|276|0|0|276|0|0
[CodexProof] 4|central_50|0..1023|1|1473|1023|1|345|0|322|0|0|324|0|0|324|0|0
[CodexProof] 5|central_50|1024..2047|4|1123|1024|1|272|0|254|0|0|254|0|0|254|0|0
[CodexProof] 6|extreme_25|2048..3071|15|1032|1024|4|239|1|230|0|1|230|0|1|230|0|0
[CodexProof] 7|extreme_25|3072..4095|190|452|1024|56|109|13|101|0|13|103|0|13|103|0|0
[CodexProof] nearest_authoritative_river=1023.2 tiles @ (3184, -464)
[CodexProof] nearest_authoritative_mountain=208.6 tiles @ (208, -16)
[CodexProof] nearest_visible_river=2096.5 tiles @ (4048, -2096)
[CodexProof] nearest_visible_mountain=213.5 tiles @ (208, -48)
[CodexProof] nearest_visible_water=none
[CodexProof] nearest_visible_bank=2096.5 tiles @ (4048, -2096)
[CodexProof] nearest_visible_rock=213.5 tiles @ (208, -48)
[CodexProof] structure coverage parity sampled_tiles=8191 native_sample_failures=0 terrain_mismatches=0 tolerance=0
[CodexProof] measuring river candidate window around (4032, -4000)
[CodexProof] river candidate center=(4032, -4000) grid=(126, 3) river_width=23.303 floodplain_strength=1.000 score=27.548
[CodexProof] river metrics authoritative_tiles=579 visible_tiles=219 water=42 bank=177 rock=0 max_river_strength=1.000 max_floodplain=1.000 max_ridge=0.000 max_mass=0.000
[CodexProof] exporting river proof preview around (4032, -4000) (radius=24)
  river_biomes: C:/Users/peaceful/Station Peaceful/Station Peaceful/debug_exports/world_previews/seed_12345_local_4032_-4000_r24_1775738931_x4_biomes.png
  river_terrain: C:/Users/peaceful/Station Peaceful/Station Peaceful/debug_exports/world_previews/seed_12345_local_4032_-4000_r24_1775738931_x4_terrain.png
  river_structures: C:/Users/peaceful/Station Peaceful/Station Peaceful/debug_exports/world_previews/seed_12345_local_4032_-4000_r24_1775738931_x4_structures.png
  river_ecotone: C:/Users/peaceful/Station Peaceful/Station Peaceful/debug_exports/world_previews/seed_12345_local_4032_-4000_r24_1775738931_x4_ecotone.png
  river_vegetation: C:/Users/peaceful/Station Peaceful/Station Peaceful/debug_exports/world_previews/seed_12345_local_4032_-4000_r24_1775738931_x4_vegetation.png
[CodexProof] measuring mountain candidate window around (1408, -4064)
[CodexProof] mountain candidate center=(1408, -4064) grid=(44, 1) ridge_strength=1.000 mountain_mass=1.000 score=1.900
[CodexProof] mountain metrics authoritative_tiles=625 visible_tiles=625 water=0 bank=0 rock=625 max_river_strength=0.026 max_floodplain=0.500 max_ridge=1.000 max_mass=1.000
[CodexProof] exporting mountain proof preview around (1408, -4064) (radius=24)
  mountain_biomes: C:/Users/peaceful/Station Peaceful/Station Peaceful/debug_exports/world_previews/seed_12345_local_1408_-4064_r24_1775738961_x4_biomes.png
  mountain_terrain: C:/Users/peaceful/Station Peaceful/Station Peaceful/debug_exports/world_previews/seed_12345_local_1408_-4064_r24_1775738961_x4_terrain.png
  mountain_structures: C:/Users/peaceful/Station Peaceful/Station Peaceful/debug_exports/world_previews/seed_12345_local_1408_-4064_r24_1775738961_x4_structures.png
  mountain_ecotone: C:/Users/peaceful/Station Peaceful/Station Peaceful/debug_exports/world_previews/seed_12345_local_1408_-4064_r24_1775738961_x4_ecotone.png
  mountain_vegetation: C:/Users/peaceful/Station Peaceful/Station Peaceful/debug_exports/world_previews/seed_12345_local_1408_-4064_r24_1775738961_x4_vegetation.png
[CodexProof] structure_coverage_artifact=C:/Users/peaceful/Station Peaceful/Station Peaceful/debug_exports/world_previews/structure_coverage_seed12345_1775738961.txt
[CodexProof] structure_visibility_status=PASS
[WorldPerf] PlayerChunk coord=(0, 0) z=0 trigger=scheduler loaded=false visible=false state=not_loaded phase=none first_pass=false full_ready=false issues=not_loaded,generating,first_pass_not_ready ages(first=-ms full=-ms border=-ms apply=-ms converge=-ms) queues(fast=0 urgent=0 near=0 full_near=0 full_far=0) requests(load=false staged=false generating=true) scheduler(step=0.01ms exhausted=false)
[ChunkGen] slow native generate_chunk (0, 0): 630.7 ms
[ChunkGen] slow native generate_chunk (1, 0): 685.6 ms
[ChunkGen] slow native generate_chunk (0, -1): 668.8 ms
WARNING: ObjectDB instances leaked at exit (run with --verbose for details).
   at: cleanup (core/object/object.cpp:2641)
ERROR: 16 resources still in use at exit (run with --verbose for details).
   at: clear (core/io/resource.cpp:810)
