Godot Engine v4.6.1.stable.official.14d19694e - https://godotengine.org

[WorldPerf] Startup.start_to_loading_screen_visible_ms: 14.86 ms
[WorldPerf] WorldPrePass.compute.sample_height_grid: 128.52 ms
[FrameBudget] streaming=0.0ms topology=0.0ms visual=0.0ms spawn=0.0ms total=0.0ms/6.0ms building.room_recompute=0.0ms(60) power.balance_recompute=0.0ms(60)
[WorldPerf] WorldPrePass.compute.spine_seeds: 379.02 ms
[WorldPerf] WorldPrePass.compute.ridge_graph: 87.35 ms
[WorldPerf] WorldPrePass.compute.ridge_strength_grid.native_total: 1.53 ms
[WorldPerf] WorldPrePass.compute.mountain_mass_grid: 41.81 ms
[FrameBudget] streaming=0.0ms topology=0.0ms visual=0.0ms spawn=0.0ms total=0.0ms/6.0ms building.room_recompute=0.0ms(60) power.balance_recompute=0.0ms(60)
[FrameBudget] streaming=0.0ms topology=0.0ms visual=0.0ms spawn=0.0ms total=0.0ms/6.0ms building.room_recompute=0.0ms(60) power.balance_recompute=0.0ms(60)
[WorldPerf] WorldPrePass.compute.lake_aware_fill.extract_lake_records: 520.76 ms
[WorldPerf] WorldPrePass.compute.lake_aware_fill: 526.08 ms
[FrameBudget] streaming=0.0ms topology=0.0ms visual=0.0ms spawn=0.0ms total=0.0ms/6.0ms building.room_recompute=0.0ms(60) power.balance_recompute=0.0ms(60)
[WorldPerf] WorldPrePass.compute.flow_directions: 645.92 ms
[FrameBudget] streaming=0.0ms topology=0.0ms visual=0.0ms spawn=0.0ms total=0.0ms/6.0ms building.room_recompute=0.0ms(60) power.balance_recompute=0.0ms(60)
[WorldPerf] === Frame Summary (300 frames) ===
[WorldPerf] Frame time: avg=7.4 ms, p99=6.9 ms, hitches=2
[WorldPerf] Frame budget: dispatcher=0.1ms streaming=0.0ms streaming_load=0.0ms streaming_redraw=0.0ms topology=0.0ms building=0.0ms power=0.0ms visual=0.0ms shadow=0.0ms spawn=0.0ms total=0.1ms/6.0ms
[WorldPerf] Observability: Startup.loading_screen_visible=0.0ms, Startup.start_pressed=0.0ms, Startup.start_to_loading_screen_visible_ms=14.9ms
[FrameBudget] streaming=0.0ms topology=0.0ms visual=0.0ms spawn=0.0ms total=0.0ms/6.0ms building.room_recompute=0.0ms(60) power.balance_recompute=0.0ms(60)
[WorldPerf] WorldPrePass.compute.flow_accumulation: 869.59 ms
[WorldPerf] WorldPrePass.compute.floodplain_strength: 18.14 ms
[FrameBudget] streaming=0.0ms topology=0.0ms visual=0.0ms spawn=0.0ms total=0.0ms/6.0ms building.room_recompute=0.0ms(60) power.balance_recompute=0.0ms(60)
[WorldPerf] WorldPrePass.compute.erosion_proxy: 338.90 ms
[FrameBudget] streaming=0.0ms topology=0.0ms visual=0.0ms spawn=0.0ms total=0.0ms/6.0ms building.room_recompute=0.0ms(60) power.balance_recompute=0.0ms(60)
[WorldPerf] WorldPrePass.compute.slope_grid: 432.46 ms
[FrameBudget] streaming=0.0ms topology=0.0ms visual=0.0ms spawn=0.0ms total=0.0ms/6.0ms building.room_recompute=0.0ms(60) power.balance_recompute=0.0ms(60)
[FrameBudget] streaming=0.0ms topology=0.0ms visual=0.0ms spawn=0.0ms total=0.0ms/6.0ms building.room_recompute=0.0ms(60) power.balance_recompute=0.0ms(60)
[WorldPerf] === Frame Summary (300 frames) ===
[WorldPerf] Frame time: avg=6.9 ms, p99=6.9 ms, hitches=0
[WorldPerf] Frame budget: dispatcher=0.1ms streaming=0.0ms streaming_load=0.0ms streaming_redraw=0.0ms topology=0.0ms building=0.0ms power=0.0ms visual=0.0ms shadow=0.0ms spawn=0.0ms total=0.1ms/6.0ms
[FrameBudget] streaming=0.0ms topology=0.0ms visual=0.0ms spawn=0.0ms total=0.0ms/6.0ms building.room_recompute=0.0ms(60) power.balance_recompute=0.0ms(60)
[WorldPerf] WorldPrePass.compute.rain_shadow: 986.79 ms
[WorldPerf] WorldPrePass.compute.continentalness.seed_water_sources: 30.10 ms
[WorldPerf] WorldPrePass.compute.continentalness: 40.47 ms
[WorldPerf] WorldGenerator._setup_world_pre_pass.configure: 58.84 ms
[WorldPerf] WorldGenerator._setup_world_pre_pass.compute: 4517.79 ms
[WorldPerf] WorldGenerator.initialize_world.setup_world_pre_pass: 4576.63 ms
[WorldGenerator] Native ChunkGenerator initialized (6 biomes, authoritative WorldPrePass snapshot)
[WorldPerf] WorldGenerator.complete_pending_initialize_world.pending_age_ms: 4582.17 ms
[WorldPerf] _init_world_generator: 4584.71 ms
[CodexProof] native world-truth proof driver enabled
[WorldPerf] GameWorld._setup_after_loading_screen: 4638.15 ms
[ChunkTilesetFactory] rock_atlas=240, wall_base=47, variants=5
[ChunkTilesetFactory] ground_faces: start=259 count=47
[ChunkTilesetFactory] rock_atlas=240, wall_base=47, variants=5
[ChunkTilesetFactory] ground_faces: start=259 count=47
[ChunkTilesetFactory] rock_atlas=240, wall_base=47, variants=5
[ChunkTilesetFactory] ground_faces: start=259 count=47
[ChunkTilesetFactory] rock_atlas=240, wall_base=47, variants=5
[ChunkTilesetFactory] ground_faces: start=259 count=47
[ChunkTilesetFactory] rock_atlas=240, wall_base=47, variants=5
[ChunkTilesetFactory] ground_faces: start=259 count=47
[ChunkTilesetFactory] rock_atlas=240, wall_base=47, variants=5
[ChunkTilesetFactory] ground_faces: start=259 count=47
[ChunkTilesetFactory] rock_atlas=240, wall_base=47, variants=5
[ChunkTilesetFactory] ground_faces: start=259 count=47
[WorldPerf] PlayerChunk coord=(0, 0) z=0 trigger=entered_chunk loaded=false visible=false state=not_loaded phase=none first_pass=false full_ready=false issues=not_loaded,load_queued,first_pass_not_ready ages(first=-ms full=-ms border=-ms apply=-ms converge=-ms) queues(fast=0 urgent=0 near=0 full_near=0 full_far=0) requests(load=true staged=false generating=false) scheduler(step=0.00ms exhausted=false)
[CodexProof] verifying native world truth around spawn chunk (0, 0) (radius=2 chunks)
[ChunkGen] slow native generate_chunk (62, -2): 384.8 ms
[ChunkGen] slow native generate_chunk (63, -2): 384.2 ms
[ChunkGen] slow native generate_chunk (0, -2): 385.8 ms
[ChunkGen] slow native generate_chunk (1, -2): 385.0 ms
[ChunkGen] slow native generate_chunk (2, -2): 384.3 ms
[ChunkGen] slow native generate_chunk (62, -1): 380.0 ms
[ChunkGen] slow native generate_chunk (63, -1): 388.0 ms
[ChunkGen] slow native generate_chunk (0, -1): 382.7 ms
[ChunkGen] slow native generate_chunk (1, -1): 392.0 ms
[ChunkGen] slow native generate_chunk (2, -1): 386.6 ms
[ChunkGen] slow native generate_chunk (62, 0): 374.9 ms
[ChunkGen] slow native generate_chunk (63, 0): 384.8 ms
[ChunkGen] slow native generate_chunk (0, 0): 378.4 ms
[ChunkGen] slow native generate_chunk (1, 0): 379.4 ms
[CodexProof] flora_modulation mismatch at (115, 55) native=0.1849 script=-0.1647
[ChunkGen] slow native generate_chunk (2, 0): 378.7 ms
[ChunkGen] slow native generate_chunk (62, 1): 384.4 ms
[ChunkGen] slow native generate_chunk (63, 1): 383.4 ms
[ChunkGen] slow native generate_chunk (0, 1): 379.1 ms
[ChunkGen] slow native generate_chunk (1, 1): 376.6 ms
[ChunkGen] slow native generate_chunk (2, 1): 385.1 ms
[ChunkGen] slow native generate_chunk (62, 2): 385.0 ms
[ChunkGen] slow native generate_chunk (63, 2): 406.5 ms
[ChunkGen] slow native generate_chunk (0, 2): 378.4 ms
[ChunkGen] slow native generate_chunk (1, 2): 378.7 ms
[ChunkGen] slow native generate_chunk (2, 2): 379.7 ms
[CodexProof] compared_chunks=25 compared_tiles=102400 payload_errors=0 unexpected_flora_payloads=0
[CodexProof] terrain_mismatches=0 biome_mismatches=0 secondary_biome_mismatches=0 ecotone_mismatches=0 variation_mismatches=0 flora_density_mismatches=0 flora_modulation_mismatches=1
[CodexProof] native_truth_status=FAIL
[WorldPerf] PlayerChunk coord=(0, 0) z=0 trigger=scheduler loaded=false visible=false state=not_loaded phase=none first_pass=false full_ready=false issues=not_loaded,generating,first_pass_not_ready ages(first=-ms full=-ms border=-ms apply=-ms converge=-ms) queues(fast=0 urgent=0 near=0 full_near=0 full_far=0) requests(load=false staged=false generating=true) scheduler(step=0.01ms exhausted=false)
[ChunkGen] slow native generate_chunk (0, -1): 633.2 ms
[ChunkGen] slow native generate_chunk (0, 0): 661.9 ms
[ChunkGen] slow native generate_chunk (1, 0): 659.9 ms
WARNING: ObjectDB instances leaked at exit (run with --verbose for details).
   at: cleanup (core/object/object.cpp:2641)
ERROR: 16 resources still in use at exit (run with --verbose for details).
   at: clear (core/io/resource.cpp:810)
