Godot Engine v4.6.1.stable.official.14d19694e - https://godotengine.org

[WorldPerf] Startup.start_to_loading_screen_visible_ms: 12.94 ms
[WorldPerf] WorldPrePass.compute.sample_height_grid: 124.45 ms
[FrameBudget] streaming=0.0ms topology=0.0ms visual=0.0ms spawn=0.0ms total=0.0ms/6.0ms building.room_recompute=0.0ms(60) power.balance_recompute=0.0ms(60)
[WorldPerf] WorldPrePass.compute.spine_seeds: 373.86 ms
[WorldPerf] WorldPrePass.compute.ridge_graph: 80.95 ms
[WorldPerf] WorldPrePass.compute.ridge_strength_grid.native_total: 1.48 ms
[WorldPerf] WorldPrePass.compute.mountain_mass_grid: 41.52 ms
[FrameBudget] streaming=0.0ms topology=0.0ms visual=0.0ms spawn=0.0ms total=0.0ms/6.0ms building.room_recompute=0.0ms(60) power.balance_recompute=0.0ms(60)
[WorldPerf] WorldPrePass.compute.lake_aware_fill.extract_lake_records: 517.04 ms
[WorldPerf] WorldPrePass.compute.lake_aware_fill: 522.32 ms
[FrameBudget] streaming=0.0ms topology=0.0ms visual=0.0ms spawn=0.0ms total=0.0ms/6.0ms building.room_recompute=0.0ms(60) power.balance_recompute=0.0ms(60)
[FrameBudget] streaming=0.0ms topology=0.0ms visual=0.0ms spawn=0.0ms total=0.0ms/6.0ms building.room_recompute=0.0ms(60) power.balance_recompute=0.0ms(60)
[WorldPerf] WorldPrePass.compute.flow_directions: 645.19 ms
[FrameBudget] streaming=0.0ms topology=0.0ms visual=0.0ms spawn=0.0ms total=0.0ms/6.0ms building.room_recompute=0.0ms(60) power.balance_recompute=0.0ms(60)
[WorldPerf] === Frame Summary (300 frames) ===
[WorldPerf] Frame time: avg=7.4 ms, p99=6.9 ms, hitches=1
[WorldPerf] Frame budget: dispatcher=0.1ms streaming=0.0ms streaming_load=0.0ms streaming_redraw=0.0ms topology=0.0ms building=0.0ms power=0.0ms visual=0.0ms shadow=0.0ms spawn=0.0ms total=0.1ms/6.0ms
[WorldPerf] Observability: Startup.loading_screen_visible=0.0ms, Startup.start_pressed=0.0ms, Startup.start_to_loading_screen_visible_ms=12.9ms
[FrameBudget] streaming=0.0ms topology=0.0ms visual=0.0ms spawn=0.0ms total=0.0ms/6.0ms building.room_recompute=0.0ms(60) power.balance_recompute=0.0ms(60)
[WorldPerf] WorldPrePass.compute.flow_accumulation: 824.53 ms
[WorldPerf] WorldPrePass.compute.floodplain_strength: 18.29 ms
[FrameBudget] streaming=0.0ms topology=0.0ms visual=0.0ms spawn=0.0ms total=0.0ms/6.0ms building.room_recompute=0.0ms(60) power.balance_recompute=0.0ms(60)
[WorldPerf] WorldPrePass.compute.erosion_proxy: 339.04 ms
[FrameBudget] streaming=0.0ms topology=0.0ms visual=0.0ms spawn=0.0ms total=0.0ms/6.0ms building.room_recompute=0.0ms(60) power.balance_recompute=0.0ms(60)
[WorldPerf] WorldPrePass.compute.slope_grid: 401.30 ms
[FrameBudget] streaming=0.0ms topology=0.0ms visual=0.0ms spawn=0.0ms total=0.0ms/6.0ms building.room_recompute=0.0ms(60) power.balance_recompute=0.0ms(60)
[FrameBudget] streaming=0.0ms topology=0.0ms visual=0.0ms spawn=0.0ms total=0.0ms/6.0ms building.room_recompute=0.0ms(60) power.balance_recompute=0.0ms(60)
[WorldPerf] === Frame Summary (300 frames) ===
[WorldPerf] Frame time: avg=6.9 ms, p99=6.9 ms, hitches=0
[WorldPerf] Frame budget: dispatcher=0.1ms streaming=0.0ms streaming_load=0.0ms streaming_redraw=0.0ms topology=0.0ms building=0.0ms power=0.0ms visual=0.0ms shadow=0.0ms spawn=0.0ms total=0.1ms/6.0ms
[WorldPerf] WorldPrePass.compute.rain_shadow: 995.11 ms
[WorldPerf] WorldPrePass.compute.continentalness.seed_water_sources: 29.05 ms
[WorldPerf] WorldPrePass.compute.continentalness: 40.61 ms
[WorldPerf] WorldGenerator._setup_world_pre_pass.configure: 56.76 ms
[WorldPerf] WorldGenerator._setup_world_pre_pass.compute: 4430.19 ms
[WorldPerf] WorldGenerator.initialize_world.setup_world_pre_pass: 4486.95 ms
[WorldGenerator] Native ChunkGenerator initialized (6 biomes, authoritative WorldPrePass snapshot)
[WorldPerf] WorldGenerator.complete_pending_initialize_world.pending_age_ms: 4492.39 ms
[WorldPerf] _init_world_generator: 4494.91 ms
[CodexProof] native world-truth proof driver enabled
[WorldPerf] GameWorld._setup_after_loading_screen: 4548.87 ms
[ChunkTilesetFactory] rock_atlas=240, wall_base=47, variants=5
[ChunkTilesetFactory] ground_faces: start=259 count=47
[ChunkTilesetFactory] rock_atlas=240, wall_base=47, variants=5
[ChunkTilesetFactory] ground_faces: start=259 count=47
[ChunkTilesetFactory] rock_atlas=240, wall_base=47, variants=5
[ChunkTilesetFactory] ground_faces: start=259 count=47
[ChunkTilesetFactory] rock_atlas=240, wall_base=47, variants=5
[ChunkTilesetFactory] ground_faces: start=259 count=47
[ChunkTilesetFactory] rock_atlas=240, wall_base=47, variants=5
[ChunkTilesetFactory] ground_faces: start=259 count=47
[ChunkTilesetFactory] rock_atlas=240, wall_base=47, variants=5
[ChunkTilesetFactory] ground_faces: start=259 count=47
[ChunkTilesetFactory] rock_atlas=240, wall_base=47, variants=5
[ChunkTilesetFactory] ground_faces: start=259 count=47
[WorldPerf] PlayerChunk coord=(0, 0) z=0 trigger=entered_chunk loaded=false visible=false state=not_loaded phase=none first_pass=false full_ready=false issues=not_loaded,load_queued,first_pass_not_ready ages(first=-ms full=-ms border=-ms apply=-ms converge=-ms) queues(fast=0 urgent=0 near=0 full_near=0 full_far=0) requests(load=true staged=false generating=false) scheduler(step=0.00ms exhausted=false)
[CodexProof] verifying native world truth around spawn chunk (0, 0) (radius=2 chunks)
[ChunkGen] slow native generate_chunk (62, -2): 394.6 ms
[ChunkGen] slow native generate_chunk (63, -2): 377.8 ms
[ChunkGen] slow native generate_chunk (0, -2): 383.4 ms
[ChunkGen] slow native generate_chunk (1, -2): 378.1 ms
[ChunkGen] slow native generate_chunk (2, -2): 415.3 ms
[ChunkGen] slow native generate_chunk (62, -1): 378.7 ms
[ChunkGen] slow native generate_chunk (63, -1): 378.1 ms
[ChunkGen] slow native generate_chunk (0, -1): 381.3 ms
[ChunkGen] slow native generate_chunk (1, -1): 380.0 ms
[ChunkGen] slow native generate_chunk (2, -1): 376.7 ms
[ChunkGen] slow native generate_chunk (62, 0): 380.3 ms
[ChunkGen] slow native generate_chunk (63, 0): 385.7 ms
[ChunkGen] slow native generate_chunk (0, 0): 389.8 ms
[ChunkGen] slow native generate_chunk (1, 0): 408.0 ms
[CodexProof] flora_modulation mismatch at (115, 55) native=0.1849 script=-0.1647
[ChunkGen] slow native generate_chunk (2, 0): 378.7 ms
[ChunkGen] slow native generate_chunk (62, 1): 379.9 ms
[ChunkGen] slow native generate_chunk (63, 1): 377.3 ms
[ChunkGen] slow native generate_chunk (0, 1): 378.4 ms
[ChunkGen] slow native generate_chunk (1, 1): 378.7 ms
[ChunkGen] slow native generate_chunk (2, 1): 378.4 ms
[ChunkGen] slow native generate_chunk (62, 2): 387.0 ms
[ChunkGen] slow native generate_chunk (63, 2): 378.6 ms
[ChunkGen] slow native generate_chunk (0, 2): 380.6 ms
[ChunkGen] slow native generate_chunk (1, 2): 387.7 ms
