Godot Engine v4.6.1.stable.official.14d19694e - https://godotengine.org

[WorldPerf] Мировой перф-зонд зафиксировал заметный по времени шаг: Startup start to loading screen visible ms (Startup.start_to_loading_screen_visible_ms); причина — замер превысил порог вывода в лог и требует внимания: 19.03 ms; важность — информационно, без текущего риска игроку; состояние — наблюдается всплеск; приоритет — диагностический сигнал, не самостоятельная причина.
[WorldPerf] Startup.start_to_loading_screen_visible_ms: 19.03 ms
[WorldPerf] Мировой перф-зонд зафиксировал заметный по времени шаг: WorldPrePass compute sample height grid (WorldPrePass.compute.sample_height_grid); причина — замер превысил порог вывода в лог и требует внимания: 184.68 ms; важность — информационно, без текущего риска игроку; состояние — наблюдается всплеск; приоритет — диагностический сигнал, не самостоятельная причина.
[WorldPerf] WorldPrePass.compute.sample_height_grid: 184.68 ms
[FrameBudget] streaming=0.0ms topology=0.0ms visual=0.0ms spawn=0.0ms total=0.0ms/6.0ms building.room_recompute=0.0ms(60) power.balance_recompute=0.0ms(60)
[FrameBudget] streaming=0.0ms topology=0.0ms visual=0.0ms spawn=0.0ms total=0.0ms/6.0ms building.room_recompute=0.0ms(60) power.balance_recompute=0.0ms(60)
[WorldPerf] Мировой перф-зонд зафиксировал заметный по времени шаг: WorldPrePass compute spine seeds (WorldPrePass.compute.spine_seeds); причина — замер превысил порог вывода в лог и требует внимания: 665.26 ms; важность — информационно, без текущего риска игроку; состояние — наблюдается всплеск; приоритет — диагностический сигнал, не самостоятельная причина.
[WorldPerf] WorldPrePass.compute.spine_seeds: 665.26 ms
[WorldPerf] Мировой перф-зонд зафиксировал заметный по времени шаг: WorldPrePass compute ridge graph (WorldPrePass.compute.ridge_graph); причина — замер превысил порог вывода в лог и требует внимания: 93.96 ms; важность — информационно, без текущего риска игроку; состояние — наблюдается всплеск; приоритет — диагностический сигнал, не самостоятельная причина.
[WorldPerf] WorldPrePass.compute.ridge_graph: 93.96 ms
[WorldPerf] WorldPrePass.compute.ridge_strength_grid.native_total: 1.55 ms
[FrameBudget] streaming=0.0ms topology=0.0ms visual=0.0ms spawn=0.0ms total=0.0ms/6.0ms building.room_recompute=0.0ms(60) power.balance_recompute=0.0ms(60)
[WorldPerf] Мировой перф-зонд зафиксировал заметный по времени шаг: WorldPrePass compute mountain mass grid (WorldPrePass.compute.mountain_mass_grid); причина — замер превысил порог вывода в лог и требует внимания: 454.01 ms; важность — информационно, без текущего риска игроку; состояние — наблюдается всплеск; приоритет — диагностический сигнал, не самостоятельная причина.
[WorldPerf] WorldPrePass.compute.mountain_mass_grid: 454.01 ms
[FrameBudget] streaming=0.0ms topology=0.0ms visual=0.0ms spawn=0.0ms total=0.0ms/6.0ms building.room_recompute=0.0ms(60) power.balance_recompute=0.0ms(60)
[FrameBudget] streaming=0.0ms topology=0.0ms visual=0.0ms spawn=0.0ms total=0.0ms/6.0ms building.room_recompute=0.0ms(60) power.balance_recompute=0.0ms(60)
[WorldPerf] === Frame Summary (300 frames) ===
[WorldPerf] Frame time: avg=7.4 ms, p99=6.9 ms, hitches=2
[WorldPerf] Frame budget: dispatcher=0.1ms streaming=0.0ms streaming_load=0.0ms streaming_redraw=0.0ms topology=0.0ms building=0.0ms power=0.0ms visual=0.0ms shadow=0.0ms spawn=0.0ms total=0.1ms/6.0ms
[WorldPerf] Observability: Startup.loading_screen_visible=0.0ms, Startup.start_pressed=0.0ms, Startup.start_to_loading_screen_visible_ms=19.0ms
[WorldPerf] Мировой перф-зонд зафиксировал заметный по времени шаг: WorldPrePass compute lake aware fill extract lake records (WorldPrePass.compute.lake_aware_fill.extract_lake_records); причина — замер превысил порог вывода в лог и требует внимания: 776.45 ms; важность — информационно, без текущего риска игроку; состояние — наблюдается всплеск; приоритет — диагностический сигнал, не самостоятельная причина.
[WorldPerf] WorldPrePass.compute.lake_aware_fill.extract_lake_records: 776.45 ms
[WorldPerf] Мировой перф-зонд зафиксировал заметный по времени шаг: WorldPrePass compute lake aware fill (WorldPrePass.compute.lake_aware_fill); причина — замер превысил порог вывода в лог и требует внимания: 783.28 ms; важность — информационно, без текущего риска игроку; состояние — наблюдается всплеск; приоритет — диагностический сигнал, не самостоятельная причина.
[WorldPerf] WorldPrePass.compute.lake_aware_fill: 783.28 ms
[FrameBudget] streaming=0.0ms topology=0.0ms visual=0.0ms spawn=0.0ms total=0.0ms/6.0ms building.room_recompute=0.0ms(60) power.balance_recompute=0.0ms(60)
[FrameBudget] streaming=0.0ms topology=0.0ms visual=0.0ms spawn=0.0ms total=0.0ms/6.0ms building.room_recompute=0.0ms(60) power.balance_recompute=0.0ms(60)
[WorldPerf] Мировой перф-зонд зафиксировал заметный по времени шаг: WorldPrePass compute flow directions (WorldPrePass.compute.flow_directions); причина — замер превысил порог вывода в лог и требует внимания: 870.55 ms; важность — информационно, без текущего риска игроку; состояние — наблюдается всплеск; приоритет — диагностический сигнал, не самостоятельная причина.
[WorldPerf] WorldPrePass.compute.flow_directions: 870.55 ms
[FrameBudget] streaming=0.0ms topology=0.0ms visual=0.0ms spawn=0.0ms total=0.0ms/6.0ms building.room_recompute=0.0ms(60) power.balance_recompute=0.0ms(60)
[FrameBudget] streaming=0.0ms topology=0.0ms visual=0.0ms spawn=0.0ms total=0.0ms/6.0ms building.room_recompute=0.0ms(60) power.balance_recompute=0.0ms(60)
[FrameBudget] streaming=0.0ms topology=0.0ms visual=0.0ms spawn=0.0ms total=0.0ms/6.0ms building.room_recompute=0.0ms(60) power.balance_recompute=0.0ms(60)
[WorldPerf] === Frame Summary (300 frames) ===
[WorldPerf] Frame time: avg=6.9 ms, p99=6.9 ms, hitches=0
[WorldPerf] Frame budget: dispatcher=0.1ms streaming=0.0ms streaming_load=0.0ms streaming_redraw=0.0ms topology=0.0ms building=0.0ms power=0.0ms visual=0.0ms shadow=0.0ms spawn=0.0ms total=0.1ms/6.0ms
[WorldPerf] Мировой перф-зонд зафиксировал заметный по времени шаг: WorldPrePass compute flow accumulation (WorldPrePass.compute.flow_accumulation); причина — замер превысил порог вывода в лог и требует внимания: 1156.93 ms; важность — информационно, без текущего риска игроку; состояние — наблюдается всплеск; приоритет — диагностический сигнал, не самостоятельная причина.
[WorldPerf] WorldPrePass.compute.flow_accumulation: 1156.93 ms
[WorldPerf] Мировой перф-зонд зафиксировал заметный по времени шаг: WorldPrePass compute floodplain strength (WorldPrePass.compute.floodplain_strength); причина — замер превысил порог вывода в лог и требует внимания: 26.00 ms; важность — информационно, без текущего риска игроку; состояние — наблюдается всплеск; приоритет — диагностический сигнал, не самостоятельная причина.
[WorldPerf] WorldPrePass.compute.floodplain_strength: 26.00 ms
[FrameBudget] streaming=0.0ms topology=0.0ms visual=0.0ms spawn=0.0ms total=0.0ms/6.0ms building.room_recompute=0.0ms(60) power.balance_recompute=0.0ms(60)
[WorldPerf] Мировой перф-зонд зафиксировал заметный по времени шаг: WorldPrePass compute erosion proxy (WorldPrePass.compute.erosion_proxy); причина — замер превысил порог вывода в лог и требует внимания: 452.56 ms; важность — информационно, без текущего риска игроку; состояние — наблюдается всплеск; приоритет — диагностический сигнал, не самостоятельная причина.
[WorldPerf] WorldPrePass.compute.erosion_proxy: 452.56 ms
[FrameBudget] streaming=0.0ms topology=0.0ms visual=0.0ms spawn=0.0ms total=0.0ms/6.0ms building.room_recompute=0.0ms(60) power.balance_recompute=0.0ms(60)
[FrameBudget] streaming=0.0ms topology=0.0ms visual=0.0ms spawn=0.0ms total=0.0ms/6.0ms building.room_recompute=0.0ms(60) power.balance_recompute=0.0ms(60)
[WorldPerf] Мировой перф-зонд зафиксировал заметный по времени шаг: WorldPrePass compute slope grid (WorldPrePass.compute.slope_grid); причина — замер превысил порог вывода в лог и требует внимания: 592.05 ms; важность — информационно, без текущего риска игроку; состояние — наблюдается всплеск; приоритет — диагностический сигнал, не самостоятельная причина.
[WorldPerf] WorldPrePass.compute.slope_grid: 592.05 ms
[FrameBudget] streaming=0.0ms topology=0.0ms visual=0.0ms spawn=0.0ms total=0.0ms/6.0ms building.room_recompute=0.0ms(60) power.balance_recompute=0.0ms(60)
[FrameBudget] streaming=0.0ms topology=0.0ms visual=0.0ms spawn=0.0ms total=0.0ms/6.0ms building.room_recompute=0.0ms(60) power.balance_recompute=0.0ms(60)
[WorldPerf] === Frame Summary (300 frames) ===
[WorldPerf] Frame time: avg=6.9 ms, p99=6.9 ms, hitches=0
[WorldPerf] Frame budget: dispatcher=0.1ms streaming=0.0ms streaming_load=0.0ms streaming_redraw=0.0ms topology=0.0ms building=0.0ms power=0.0ms visual=0.0ms shadow=0.0ms spawn=0.0ms total=0.1ms/6.0ms
[FrameBudget] streaming=0.0ms topology=0.0ms visual=0.0ms spawn=0.0ms total=0.0ms/6.0ms building.room_recompute=0.0ms(60) power.balance_recompute=0.0ms(60)
[WorldPerf] Мировой перф-зонд зафиксировал заметный по времени шаг: WorldPrePass compute rain shadow (WorldPrePass.compute.rain_shadow); причина — замер превысил порог вывода в лог и требует внимания: 1373.14 ms; важность — информационно, без текущего риска игроку; состояние — наблюдается всплеск; приоритет — диагностический сигнал, не самостоятельная причина.
[WorldPerf] WorldPrePass.compute.rain_shadow: 1373.14 ms
[WorldPerf] Мировой перф-зонд зафиксировал заметный по времени шаг: WorldPrePass compute continentalness seed water sources (WorldPrePass.compute.continentalness.seed_water_sources); причина — замер превысил порог вывода в лог и требует внимания: 42.71 ms; важность — информационно, без текущего риска игроку; состояние — наблюдается всплеск; приоритет — диагностический сигнал, не самостоятельная причина.
[WorldPerf] WorldPrePass.compute.continentalness.seed_water_sources: 42.71 ms
[WorldPerf] Мировой перф-зонд зафиксировал заметный по времени шаг: WorldPrePass compute continentalness (WorldPrePass.compute.continentalness); причина — замер превысил порог вывода в лог и требует внимания: 56.80 ms; важность — информационно, без текущего риска игроку; состояние — наблюдается всплеск; приоритет — диагностический сигнал, не самостоятельная причина.
[WorldPerf] WorldPrePass.compute.continentalness: 56.80 ms
[WorldPerf] Мировой перф-зонд зафиксировал заметный по времени шаг: WorldGenerator setup world pre pass configure (WorldGenerator._setup_world_pre_pass.configure); причина — замер превысил порог вывода в лог и требует внимания: 89.03 ms; важность — информационно, без текущего риска игроку; состояние — наблюдается всплеск; приоритет — диагностический сигнал, не самостоятельная причина.
[WorldPerf] WorldGenerator._setup_world_pre_pass.configure: 89.03 ms
[WorldPerf] Мировой перф-зонд зафиксировал заметный по времени шаг: WorldGenerator setup world pre pass compute (WorldGenerator._setup_world_pre_pass.compute); причина — замер превысил порог вывода в лог и требует внимания: 6739.58 ms; важность — информационно, без текущего риска игроку; состояние — наблюдается всплеск; приоритет — диагностический сигнал, не самостоятельная причина.
[WorldPerf] WorldGenerator._setup_world_pre_pass.compute: 6739.58 ms
[WorldPerf] Мировой перф-зонд зафиксировал заметный по времени шаг: WorldGenerator initialize world setup world pre pass (WorldGenerator.initialize_world.setup_world_pre_pass); причина — замер превысил порог вывода в лог и требует внимания: 6828.61 ms; важность — информационно, без текущего риска игроку; состояние — наблюдается всплеск; приоритет — диагностический сигнал, не самостоятельная причина.
[WorldPerf] WorldGenerator.initialize_world.setup_world_pre_pass: 6828.61 ms
[WorldGenerator] Native ChunkGenerator initialized (6 biomes, authoritative WorldPrePass snapshot)
[WorldPerf] Мировой перф-зонд зафиксировал заметный по времени шаг: WorldGenerator complete pending initialize world pending age ms (WorldGenerator.complete_pending_initialize_world.pending_age_ms); причина — замер превысил порог вывода в лог и требует внимания: 6831.83 ms; важность — информационно, без текущего риска игроку; состояние — наблюдается всплеск; приоритет — диагностический сигнал, не самостоятельная причина.
[WorldPerf] WorldGenerator.complete_pending_initialize_world.pending_age_ms: 6831.83 ms
[WorldPerf] Мировой перф-зонд зафиксировал заметный по времени шаг: init world generator (_init_world_generator); причина — замер превысил порог вывода в лог и требует внимания: 6836.39 ms; важность — информационно, без текущего риска игроку; состояние — наблюдается всплеск; приоритет — диагностический сигнал, не самостоятельная причина.
[WorldPerf] _init_world_generator: 6836.39 ms
[CodexProof] authoritative structure-visibility proof driver enabled
[WorldPerf] Мировой перф-зонд зафиксировал заметный по времени шаг: GameWorld setup after loading screen (GameWorld._setup_after_loading_screen); причина — замер превысил порог вывода в лог и требует внимания: 6910.83 ms; важность — информационно, без текущего риска игроку; состояние — наблюдается всплеск; приоритет — диагностический сигнал, не самостоятельная причина.
[WorldPerf] GameWorld._setup_after_loading_screen: 6910.83 ms
[ChunkTilesetFactory] rock_atlas=240, wall_base=47, variants=5
[ChunkTilesetFactory] ground_faces: start=259 count=47
[ChunkTilesetFactory] rock_atlas=240, wall_base=47, variants=5
[ChunkTilesetFactory] ground_faces: start=259 count=47
[ChunkTilesetFactory] rock_atlas=240, wall_base=47, variants=5
[ChunkTilesetFactory] ground_faces: start=259 count=47
[ChunkTilesetFactory] rock_atlas=240, wall_base=47, variants=5
[ChunkTilesetFactory] ground_faces: start=259 count=47
[ChunkTilesetFactory] rock_atlas=240, wall_base=47, variants=5
[ChunkTilesetFactory] ground_faces: start=259 count=47
[ChunkTilesetFactory] rock_atlas=240, wall_base=47, variants=5
[ChunkTilesetFactory] ground_faces: start=259 count=47
[ChunkTilesetFactory] rock_atlas=240, wall_base=47, variants=5
[ChunkTilesetFactory] ground_faces: start=259 count=47
[WorldDiag] Система чанков зафиксировала вход игрока: чанк (0, 0); причина — игрок пересёк границу чанка, приоритеты загрузки и визуала пересчитаны; важность — информационно, без текущего риска игроку; состояние — наблюдается; приоритет — диагностический сигнал, не самостоятельная причина.
[WorldDiagDetail] actor=chunk_manager action=player_entered_chunk target=chunk reason=player_entered_chunk impact=informational_only state=observed severity=diagnostic_signal code=player_chunk chunk_coord=(0, 0) distance=0 motion=(0, 0) priority=немедленный z=0
[WorldDiag] Система чанков запросила загрузку: чанк (0, 0); причина — игрок приблизился к фактической области загрузки; важность — только фоновый долг сходимости; состояние — поставлен в очередь; приоритет — последствие или фоновый follow-up, ниже главной причины.
[WorldDiagDetail] actor=chunk_manager action=chunk_requested target=chunk reason=chunk_requested impact=background_debt_only state=queued severity=follow_up code=stream_load chunk_coord=(0, 0) distance=0 priority=немедленный queue_depth=1 z=0
[WorldDiag] Система чанков запросила загрузку: чанк (0, -1); причина — игрок приблизился к фактической области загрузки; важность — только фоновый долг сходимости; состояние — поставлен в очередь; приоритет — последствие или фоновый follow-up, ниже главной причины.
[WorldDiagDetail] actor=chunk_manager action=chunk_requested target=chunk reason=chunk_requested impact=background_debt_only state=queued severity=follow_up code=stream_load chunk_coord=(0, -1) distance=1 priority=высокий queue_depth=2 z=0
[WorldDiag] Система чанков запросила загрузку: чанк (1, 0); причина — игрок приблизился к фактической области загрузки; важность — только фоновый долг сходимости; состояние — поставлен в очередь; приоритет — последствие или фоновый follow-up, ниже главной причины.
[WorldDiagDetail] actor=chunk_manager action=chunk_requested target=chunk reason=chunk_requested impact=background_debt_only state=queued severity=follow_up code=stream_load chunk_coord=(1, 0) distance=1 priority=высокий queue_depth=3 z=0
[WorldDiag] Система чанков запросила загрузку: чанк (63, 0); причина — игрок приблизился к фактической области загрузки; важность — только фоновый долг сходимости; состояние — поставлен в очередь; приоритет — последствие или фоновый follow-up, ниже главной причины.
[WorldDiagDetail] actor=chunk_manager action=chunk_requested target=chunk reason=chunk_requested impact=background_debt_only state=queued severity=follow_up code=stream_load chunk_coord=(63, 0) distance=1 priority=высокий queue_depth=4 z=0
[WorldDiag] Система чанков запросила загрузку: чанк (0, 1); причина — игрок приблизился к фактической области загрузки; важность — только фоновый долг сходимости; состояние — поставлен в очередь; приоритет — последствие или фоновый follow-up, ниже главной причины.
[WorldDiagDetail] actor=chunk_manager action=chunk_requested target=chunk reason=chunk_requested impact=background_debt_only state=queued severity=follow_up code=stream_load chunk_coord=(0, 1) distance=1 priority=высокий queue_depth=5 z=0
[WorldDiag] Система чанков запросила загрузку: чанк (1, -1); причина — игрок приблизился к фактической области загрузки; важность — только фоновый долг сходимости; состояние — поставлен в очередь; приоритет — последствие или фоновый follow-up, ниже главной причины.
[WorldDiagDetail] actor=chunk_manager action=chunk_requested target=chunk reason=chunk_requested impact=background_debt_only state=queued severity=follow_up code=stream_load chunk_coord=(1, -1) distance=1 priority=высокий queue_depth=6 z=0
[WorldDiag] Система чанков запросила загрузку: чанк (63, -1); причина — игрок приблизился к фактической области загрузки; важность — только фоновый долг сходимости; состояние — поставлен в очередь; приоритет — последствие или фоновый follow-up, ниже главной причины.
[WorldDiagDetail] actor=chunk_manager action=chunk_requested target=chunk reason=chunk_requested impact=background_debt_only state=queued severity=follow_up code=stream_load chunk_coord=(63, -1) distance=1 priority=высокий queue_depth=7 z=0
[WorldDiag] Система чанков запросила загрузку: чанк (1, 1); причина — игрок приблизился к фактической области загрузки; важность — только фоновый долг сходимости; состояние — поставлен в очередь; приоритет — последствие или фоновый follow-up, ниже главной причины.
[WorldDiagDetail] actor=chunk_manager action=chunk_requested target=chunk reason=chunk_requested impact=background_debt_only state=queued severity=follow_up code=stream_load chunk_coord=(1, 1) distance=1 priority=высокий queue_depth=8 z=0
[WorldDiag] Система чанков запросила загрузку: чанк (63, 1); причина — игрок приблизился к фактической области загрузки; важность — только фоновый долг сходимости; состояние — поставлен в очередь; приоритет — последствие или фоновый follow-up, ниже главной причины.
[WorldDiagDetail] actor=chunk_manager action=chunk_requested target=chunk reason=chunk_requested impact=background_debt_only state=queued severity=follow_up code=stream_load chunk_coord=(63, 1) distance=1 priority=высокий queue_depth=9 z=0
[WorldDiag] Система чанков запросила загрузку: чанк (0, -2); причина — игрок приблизился к фактической области загрузки; важность — только фоновый долг сходимости; состояние — поставлен в очередь; приоритет — последствие или фоновый follow-up, ниже главной причины.
[WorldDiagDetail] actor=chunk_manager action=chunk_requested target=chunk reason=chunk_requested impact=background_debt_only state=queued severity=follow_up code=stream_load chunk_coord=(0, -2) distance=2 priority=средний queue_depth=10 z=0
[WorldDiag] Система чанков запросила загрузку: чанк (2, 0); причина — игрок приблизился к фактической области загрузки; важность — только фоновый долг сходимости; состояние — поставлен в очередь; приоритет — последствие или фоновый follow-up, ниже главной причины.
[WorldDiagDetail] actor=chunk_manager action=chunk_requested target=chunk reason=chunk_requested impact=background_debt_only state=queued severity=follow_up code=stream_load chunk_coord=(2, 0) distance=2 priority=средний queue_depth=11 z=0
[WorldDiag] Система чанков запросила загрузку: чанк (62, 0); причина — игрок приблизился к фактической области загрузки; важность — только фоновый долг сходимости; состояние — поставлен в очередь; приоритет — последствие или фоновый follow-up, ниже главной причины.
[WorldDiagDetail] actor=chunk_manager action=chunk_requested target=chunk reason=chunk_requested impact=background_debt_only state=queued severity=follow_up code=stream_load chunk_coord=(62, 0) distance=2 priority=средний queue_depth=12 z=0
[WorldDiag] Система чанков запросила загрузку: чанк (0, 2); причина — игрок приблизился к фактической области загрузки; важность — только фоновый долг сходимости; состояние — поставлен в очередь; приоритет — последствие или фоновый follow-up, ниже главной причины.
[WorldDiagDetail] actor=chunk_manager action=chunk_requested target=chunk reason=chunk_requested impact=background_debt_only state=queued severity=follow_up code=stream_load chunk_coord=(0, 2) distance=2 priority=средний queue_depth=13 z=0
[WorldDiag] Система чанков запросила загрузку: чанк (1, -2); причина — игрок приблизился к фактической области загрузки; важность — только фоновый долг сходимости; состояние — поставлен в очередь; приоритет — последствие или фоновый follow-up, ниже главной причины.
[WorldDiagDetail] actor=chunk_manager action=chunk_requested target=chunk reason=chunk_requested impact=background_debt_only state=queued severity=follow_up code=stream_load chunk_coord=(1, -2) distance=2 priority=средний queue_depth=14 z=0
[WorldDiag] Система чанков запросила загрузку: чанк (63, -2); причина — игрок приблизился к фактической области загрузки; важность — только фоновый долг сходимости; состояние — поставлен в очередь; приоритет — последствие или фоновый follow-up, ниже главной причины.
[WorldDiagDetail] actor=chunk_manager action=chunk_requested target=chunk reason=chunk_requested impact=background_debt_only state=queued severity=follow_up code=stream_load chunk_coord=(63, -2) distance=2 priority=средний queue_depth=15 z=0
[WorldDiag] Система чанков запросила загрузку: чанк (2, -1); причина — игрок приблизился к фактической области загрузки; важность — только фоновый долг сходимости; состояние — поставлен в очередь; приоритет — последствие или фоновый follow-up, ниже главной причины.
[WorldDiagDetail] actor=chunk_manager action=chunk_requested target=chunk reason=chunk_requested impact=background_debt_only state=queued severity=follow_up code=stream_load chunk_coord=(2, -1) distance=2 priority=средний queue_depth=16 z=0
[WorldDiag] Система чанков запросила загрузку: чанк (62, -1); причина — игрок приблизился к фактической области загрузки; важность — только фоновый долг сходимости; состояние — поставлен в очередь; приоритет — последствие или фоновый follow-up, ниже главной причины.
[WorldDiagDetail] actor=chunk_manager action=chunk_requested target=chunk reason=chunk_requested impact=background_debt_only state=queued severity=follow_up code=stream_load chunk_coord=(62, -1) distance=2 priority=средний queue_depth=17 z=0
[WorldDiag] Система чанков запросила загрузку: чанк (2, 1); причина — игрок приблизился к фактической области загрузки; важность — только фоновый долг сходимости; состояние — поставлен в очередь; приоритет — последствие или фоновый follow-up, ниже главной причины.
[WorldDiagDetail] actor=chunk_manager action=chunk_requested target=chunk reason=chunk_requested impact=background_debt_only state=queued severity=follow_up code=stream_load chunk_coord=(2, 1) distance=2 priority=средний queue_depth=18 z=0
[WorldDiag] Система чанков запросила загрузку: чанк (62, 1); причина — игрок приблизился к фактической области загрузки; важность — только фоновый долг сходимости; состояние — поставлен в очередь; приоритет — последствие или фоновый follow-up, ниже главной причины.
[WorldDiagDetail] actor=chunk_manager action=chunk_requested target=chunk reason=chunk_requested impact=background_debt_only state=queued severity=follow_up code=stream_load chunk_coord=(62, 1) distance=2 priority=средний queue_depth=19 z=0
[WorldDiag] Система чанков запросила загрузку: чанк (1, 2); причина — игрок приблизился к фактической области загрузки; важность — только фоновый долг сходимости; состояние — поставлен в очередь; приоритет — последствие или фоновый follow-up, ниже главной причины.
[WorldDiagDetail] actor=chunk_manager action=chunk_requested target=chunk reason=chunk_requested impact=background_debt_only state=queued severity=follow_up code=stream_load chunk_coord=(1, 2) distance=2 priority=средний queue_depth=20 z=0
[WorldDiag] Система чанков запросила загрузку: чанк (63, 2); причина — игрок приблизился к фактической области загрузки; важность — только фоновый долг сходимости; состояние — поставлен в очередь; приоритет — последствие или фоновый follow-up, ниже главной причины.
[WorldDiagDetail] actor=chunk_manager action=chunk_requested target=chunk reason=chunk_requested impact=background_debt_only state=queued severity=follow_up code=stream_load chunk_coord=(63, 2) distance=2 priority=средний queue_depth=21 z=0
[WorldDiag] Система чанков запросила загрузку: чанк (2, -2); причина — игрок приблизился к фактической области загрузки; важность — только фоновый долг сходимости; состояние — поставлен в очередь; приоритет — последствие или фоновый follow-up, ниже главной причины.
[WorldDiagDetail] actor=chunk_manager action=chunk_requested target=chunk reason=chunk_requested impact=background_debt_only state=queued severity=follow_up code=stream_load chunk_coord=(2, -2) distance=2 priority=средний queue_depth=22 z=0
[WorldDiag] Система чанков запросила загрузку: чанк (62, -2); причина — игрок приблизился к фактической области загрузки; важность — только фоновый долг сходимости; состояние — поставлен в очередь; приоритет — последствие или фоновый follow-up, ниже главной причины.
[WorldDiagDetail] actor=chunk_manager action=chunk_requested target=chunk reason=chunk_requested impact=background_debt_only state=queued severity=follow_up code=stream_load chunk_coord=(62, -2) distance=2 priority=средний queue_depth=23 z=0
[WorldDiag] Система чанков запросила загрузку: чанк (2, 2); причина — игрок приблизился к фактической области загрузки; важность — только фоновый долг сходимости; состояние — поставлен в очередь; приоритет — последствие или фоновый follow-up, ниже главной причины.
[WorldDiagDetail] actor=chunk_manager action=chunk_requested target=chunk reason=chunk_requested impact=background_debt_only state=queued severity=follow_up code=stream_load chunk_coord=(2, 2) distance=2 priority=средний queue_depth=24 z=0
[WorldDiag] Система чанков запросила загрузку: чанк (62, 2); причина — игрок приблизился к фактической области загрузки; важность — только фоновый долг сходимости; состояние — поставлен в очередь; приоритет — последствие или фоновый follow-up, ниже главной причины.
[WorldDiagDetail] actor=chunk_manager action=chunk_requested target=chunk reason=chunk_requested impact=background_debt_only state=queued severity=follow_up code=stream_load chunk_coord=(62, 2) distance=2 priority=средний queue_depth=25 z=0
[WorldDiag] Менеджер чанков мира сообщил о задержке визуальной сходимости: текущий чанк игрока; причина — очередь догрузки мира ещё не довела текущий чанк до готового состояния; важность — заметно игроку сейчас; состояние — ждёт догрузку или применение; приоритет — диагностический сигнал, не самостоятельная причина.
[WorldDiagDetail] actor=chunk_manager action=reported_visual_blocker target=player_chunk reason=queued_not_applied impact=player_visible_issue state=queued severity=diagnostic_signal code=streaming_truth apply_age_ms=- border_fix_age_ms=- budget_exhausted=false chunk=(0, 0) chunk_loaded=false chunk_visible=false convergence_age_ms=- dispatcher_step_ms=0.00 first_pass_age_ms=- first_pass_ready=false full_ready=false full_redraw_age_ms=- incident_id=1 issues_internal=not_loaded,load_queued,first_pass_not_ready phase=none queue_border_fix_far=0 queue_border_fix_near=0 queue_full_far=0 queue_full_near=0 queue_terrain_fast=0 queue_terrain_near=0 queue_terrain_urgent=0 requests_generating=false requests_load=true requests_staged=false state_name=not_loaded trace_id=trace-0001 trace_source=chunk_manager trigger=entered_chunk z=0
[CodexProof] structure visibility verify radius=64
[CodexProof] structure coverage band table (auth_*_cells = exact pre-pass cells, sampled_* = sparse tile centers, band_count=8, stride=2 cells)
[CodexProof] band|zone|y_range|auth_river_cells|auth_mountain_cells|sampled_tiles|auth_river_samples|auth_mountain_samples|visible_river_samples|visible_mountain_samples|script_water|script_sand|script_rock|native_water|native_sand|native_rock|native_failures|terrain_mismatches
[CodexProof] 0|extreme_25|-4096..-3073|102|398|1024|31|88|9|76|0|9|77|0|9|77|0|0
[CodexProof] 1|extreme_25|-3072..-2049|26|376|1024|6|81|2|75|0|2|76|0|2|76|0|0
[CodexProof] 2|central_50|-2048..-1025|3|1261|1024|3|291|0|278|0|0|280|0|0|280|0|0
[CodexProof] 3|central_50|-1024..-1|2|1275|1024|2|301|0|276|0|0|276|0|0|276|0|0
[CodexProof] 4|central_50|0..1023|1|1473|1023|1|345|0|322|0|0|324|0|0|324|0|0
[CodexProof] 5|central_50|1024..2047|4|1123|1024|1|272|0|254|0|0|254|0|0|254|0|0
[CodexProof] 6|extreme_25|2048..3071|15|1032|1024|4|239|1|230|0|1|230|0|1|230|0|0
[CodexProof] 7|extreme_25|3072..4095|190|452|1024|56|109|13|101|0|13|103|0|13|103|0|0
[CodexProof] nearest_authoritative_river=1023.2 tiles @ (3184, -464)
[CodexProof] nearest_authoritative_mountain=208.6 tiles @ (208, -16)
[CodexProof] nearest_visible_river=2096.5 tiles @ (4048, -2096)
[CodexProof] nearest_visible_mountain=213.5 tiles @ (208, -48)
[CodexProof] nearest_visible_water=none
[CodexProof] nearest_visible_bank=2096.5 tiles @ (4048, -2096)
[CodexProof] nearest_visible_rock=213.5 tiles @ (208, -48)
[CodexProof] structure coverage parity sampled_tiles=8191 native_sample_failures=0 terrain_mismatches=0 tolerance=0
[CodexProof] measuring river candidate window around (4032, -4000)
[CodexProof] river candidate center=(4032, -4000) grid=(126, 3) river_width=23.303 floodplain_strength=1.000 score=27.548
[CodexProof] river metrics authoritative_tiles=849 visible_tiles=279 water=50 bank=229 rock=0 max_river_strength=1.000 max_floodplain=1.000 max_ridge=0.000 max_mass=0.000
[CodexProof] exporting river proof preview around (4032, -4000) (radius=24)
  river_biomes: C:/Users/peaceful/Station Peaceful/Station Peaceful/debug_exports/world_previews/seed_12345_local_4032_-4000_r24_1775879646_x4_biomes.png
  river_terrain: C:/Users/peaceful/Station Peaceful/Station Peaceful/debug_exports/world_previews/seed_12345_local_4032_-4000_r24_1775879646_x4_terrain.png
  river_structures: C:/Users/peaceful/Station Peaceful/Station Peaceful/debug_exports/world_previews/seed_12345_local_4032_-4000_r24_1775879646_x4_structures.png
  river_ecotone: C:/Users/peaceful/Station Peaceful/Station Peaceful/debug_exports/world_previews/seed_12345_local_4032_-4000_r24_1775879646_x4_ecotone.png
  river_vegetation: C:/Users/peaceful/Station Peaceful/Station Peaceful/debug_exports/world_previews/seed_12345_local_4032_-4000_r24_1775879646_x4_vegetation.png
[CodexProof] measuring mountain candidate window around (1408, -4064)
[CodexProof] mountain candidate center=(1408, -4064) grid=(44, 1) ridge_strength=1.000 mountain_mass=1.000 score=1.900
[CodexProof] mountain metrics authoritative_tiles=1089 visible_tiles=1076 water=1 bank=12 rock=1076 max_river_strength=0.723 max_floodplain=1.000 max_ridge=1.000 max_mass=1.000
[CodexProof] exporting mountain proof preview around (1408, -4064) (radius=24)
  mountain_biomes: C:/Users/peaceful/Station Peaceful/Station Peaceful/debug_exports/world_previews/seed_12345_local_1408_-4064_r24_1775879681_x4_biomes.png
  mountain_terrain: C:/Users/peaceful/Station Peaceful/Station Peaceful/debug_exports/world_previews/seed_12345_local_1408_-4064_r24_1775879681_x4_terrain.png
  mountain_structures: C:/Users/peaceful/Station Peaceful/Station Peaceful/debug_exports/world_previews/seed_12345_local_1408_-4064_r24_1775879681_x4_structures.png
  mountain_ecotone: C:/Users/peaceful/Station Peaceful/Station Peaceful/debug_exports/world_previews/seed_12345_local_1408_-4064_r24_1775879681_x4_ecotone.png
  mountain_vegetation: C:/Users/peaceful/Station Peaceful/Station Peaceful/debug_exports/world_previews/seed_12345_local_1408_-4064_r24_1775879681_x4_vegetation.png
[CodexProof] structure_coverage_artifact=C:/Users/peaceful/Station Peaceful/Station Peaceful/debug_exports/world_previews/structure_coverage_seed12345_1775879681.txt
[CodexProof] structure_visibility_status=PASS
[WorldDiag] Система чанков начала генерацию данных: чанк (0, 0); причина — запрос чанка взят из очереди потоковой догрузки; важность — заметно игроку сейчас; состояние — выполняется; приоритет — диагностический сигнал, не самостоятельная причина.
[WorldDiagDetail] actor=chunk_manager action=chunk_generation_started target=chunk reason=chunk_generation_started impact=player_visible_issue state=running severity=diagnostic_signal code=stream_load active_generators=1 chunk_coord=(0, 0) distance=0 incident_id=1 priority=немедленный trace_id=trace-0001 trace_source=chunk_manager z=0
[WorldDiag] Система чанков начала генерацию данных: чанк (0, -1); причина — запрос чанка взят из очереди потоковой догрузки; важность — заметно игроку сейчас; состояние — выполняется; приоритет — диагностический сигнал, не самостоятельная причина.
[WorldDiagDetail] actor=chunk_manager action=chunk_generation_started target=chunk reason=chunk_generation_started impact=player_visible_issue state=running severity=diagnostic_signal code=stream_load active_generators=2 chunk_coord=(0, -1) distance=1 priority=высокий z=0
[WorldDiag] Система чанков начала генерацию данных: чанк (1, 0); причина — запрос чанка взят из очереди потоковой догрузки; важность — заметно игроку сейчас; состояние — выполняется; приоритет — диагностический сигнал, не самостоятельная причина.
[WorldDiagDetail] actor=chunk_manager action=chunk_generation_started target=chunk reason=chunk_generation_started impact=player_visible_issue state=running severity=diagnostic_signal code=stream_load active_generators=3 chunk_coord=(1, 0) distance=1 priority=высокий z=0
[WorldDiag] Система чанков начала генерацию данных: чанк (63, 0); причина — запрос чанка взят из очереди потоковой догрузки; важность — заметно игроку сейчас; состояние — выполняется; приоритет — диагностический сигнал, не самостоятельная причина.
[WorldDiagDetail] actor=chunk_manager action=chunk_generation_started target=chunk reason=chunk_generation_started impact=player_visible_issue state=running severity=diagnostic_signal code=stream_load active_generators=4 chunk_coord=(63, 0) distance=1 priority=высокий z=0
[WorldPerf] Мировой перф-зонд зафиксировал перерасход фонового бюджета: фоновая задача chunk_manager.streaming_load в категории streaming; причина — шаг занял 3.96 ms при лимите 3.00 ms, перерасход 32.1%; важность — только фоновый долг сходимости; состояние — вышел за бюджет; приоритет — диагностический сигнал, не самостоятельная причина.
WARNING: [WorldPerf] WARNING: FrameBudget overrun job_id=chunk_manager.streaming_load category=streaming used_ms=3.96 budget_ms=3.00 over_budget_pct=32.1
   at: push_warning (core/variant/variant_utility.cpp:1034)
   GDScript backtrace (most recent call first):
       [0] report_budget_overrun (res://core/systems/world/world_perf_probe.gd:104)
       [1] _process (res://core/autoloads/frame_budget_dispatcher.gd:76)
[WorldDiag] Менеджер чанков мира сообщил о задержке визуальной сходимости: текущий чанк игрока; причина — очередь догрузки мира ещё не довела текущий чанк до готового состояния; важность — заметно игроку сейчас; состояние — ждёт догрузку или применение; приоритет — диагностический сигнал, не самостоятельная причина.
[WorldDiagDetail] actor=chunk_manager action=reported_visual_blocker target=player_chunk reason=queued_not_applied impact=player_visible_issue state=queued severity=diagnostic_signal code=streaming_truth apply_age_ms=- border_fix_age_ms=- budget_exhausted=false chunk=(0, 0) chunk_loaded=false chunk_visible=false convergence_age_ms=- dispatcher_step_ms=0.01 first_pass_age_ms=- first_pass_ready=false full_ready=false full_redraw_age_ms=- incident_id=1 issues_internal=not_loaded,generating,first_pass_not_ready phase=none queue_border_fix_far=0 queue_border_fix_near=0 queue_full_far=0 queue_full_near=0 queue_terrain_fast=0 queue_terrain_near=0 queue_terrain_urgent=0 requests_generating=true requests_load=false requests_staged=false state_name=not_loaded trace_id=trace-0001 trace_source=chunk_manager trigger=scheduler z=0
[ChunkGen] slow native generate_chunk (0, -1): 754.0 ms
[ChunkGen] slow native generate_chunk (0, 0): 756.1 ms
[ChunkGen] slow native generate_chunk (1, 0): 753.2 ms
WARNING: ObjectDB instances leaked at exit (run with --verbose for details).
   at: cleanup (core/object/object.cpp:2641)
ERROR: 16 resources still in use at exit (run with --verbose for details).
   at: clear (core/io/resource.cpp:810)
