Godot Engine v4.6.1.stable.official.14d19694e - https://godotengine.org

[WorldPerf] Мировой перф-зонд зафиксировал заметный по времени шаг: Startup start to loading screen visible ms (Startup.start_to_loading_screen_visible_ms); причина — замер превысил порог вывода в лог и требует внимания: 14.08 ms; важность — информационно, без текущего риска игроку; состояние — наблюдается всплеск; приоритет — диагностический сигнал, не самостоятельная причина.
[WorldPerf] Startup.start_to_loading_screen_visible_ms: 14.08 ms
[WorldPerf] Мировой перф-зонд зафиксировал заметный по времени шаг: WorldPrePass compute sample height grid (WorldPrePass.compute.sample_height_grid); причина — замер превысил порог вывода в лог и требует внимания: 148.03 ms; важность — информационно, без текущего риска игроку; состояние — наблюдается всплеск; приоритет — диагностический сигнал, не самостоятельная причина.
[WorldPerf] WorldPrePass.compute.sample_height_grid: 148.03 ms
[FrameBudget] streaming=0.0ms topology=0.0ms visual=0.0ms spawn=0.0ms total=0.0ms/6.0ms building.room_recompute=0.0ms(60) power.balance_recompute=0.0ms(60)
[WorldPerf] Мировой перф-зонд зафиксировал заметный по времени шаг: WorldPrePass compute spine seeds (WorldPrePass.compute.spine_seeds); причина — замер превысил порог вывода в лог и требует внимания: 561.51 ms; важность — информационно, без текущего риска игроку; состояние — наблюдается всплеск; приоритет — диагностический сигнал, не самостоятельная причина.
[WorldPerf] WorldPrePass.compute.spine_seeds: 561.51 ms
[FrameBudget] streaming=0.0ms topology=0.0ms visual=0.0ms spawn=0.0ms total=0.0ms/6.0ms building.room_recompute=0.0ms(60) power.balance_recompute=0.0ms(60)
[WorldPerf] Мировой перф-зонд зафиксировал заметный по времени шаг: WorldPrePass compute ridge graph (WorldPrePass.compute.ridge_graph); причина — замер превысил порог вывода в лог и требует внимания: 75.79 ms; важность — информационно, без текущего риска игроку; состояние — наблюдается всплеск; приоритет — диагностический сигнал, не самостоятельная причина.
[WorldPerf] WorldPrePass.compute.ridge_graph: 75.79 ms
[WorldPerf] WorldPrePass.compute.ridge_strength_grid.native_total: 1.44 ms
[WorldPerf] Мировой перф-зонд зафиксировал заметный по времени шаг: WorldPrePass compute mountain mass grid (WorldPrePass.compute.mountain_mass_grid); причина — замер превысил порог вывода в лог и требует внимания: 352.99 ms; важность — информационно, без текущего риска игроку; состояние — наблюдается всплеск; приоритет — диагностический сигнал, не самостоятельная причина.
[WorldPerf] WorldPrePass.compute.mountain_mass_grid: 352.99 ms
[FrameBudget] streaming=0.0ms topology=0.0ms visual=0.0ms spawn=0.0ms total=0.0ms/6.0ms building.room_recompute=0.0ms(60) power.balance_recompute=0.0ms(60)
[FrameBudget] streaming=0.0ms topology=0.0ms visual=0.0ms spawn=0.0ms total=0.0ms/6.0ms building.room_recompute=0.0ms(60) power.balance_recompute=0.0ms(60)
[WorldPerf] Мировой перф-зонд зафиксировал заметный по времени шаг: WorldPrePass compute lake aware fill extract lake records (WorldPrePass.compute.lake_aware_fill.extract_lake_records); причина — замер превысил порог вывода в лог и требует внимания: 609.70 ms; важность — информационно, без текущего риска игроку; состояние — наблюдается всплеск; приоритет — диагностический сигнал, не самостоятельная причина.
[WorldPerf] WorldPrePass.compute.lake_aware_fill.extract_lake_records: 609.70 ms
[WorldPerf] Мировой перф-зонд зафиксировал заметный по времени шаг: WorldPrePass compute lake aware fill (WorldPrePass.compute.lake_aware_fill); причина — замер превысил порог вывода в лог и требует внимания: 616.07 ms; важность — информационно, без текущего риска игроку; состояние — наблюдается всплеск; приоритет — диагностический сигнал, не самостоятельная причина.
[WorldPerf] WorldPrePass.compute.lake_aware_fill: 616.07 ms
[FrameBudget] streaming=0.0ms topology=0.0ms visual=0.0ms spawn=0.0ms total=0.0ms/6.0ms building.room_recompute=0.0ms(60) power.balance_recompute=0.0ms(60)
[WorldPerf] === Frame Summary (300 frames) ===
[WorldPerf] Frame time: avg=7.4 ms, p99=7.1 ms, hitches=1
[WorldPerf] Frame budget: dispatcher=0.1ms streaming=0.0ms streaming_load=0.0ms streaming_redraw=0.0ms topology=0.0ms building=0.0ms power=0.0ms visual=0.0ms shadow=0.0ms spawn=0.0ms total=0.1ms/6.0ms
[WorldPerf] Observability: Startup.loading_screen_visible=0.0ms, Startup.start_pressed=0.0ms, Startup.start_to_loading_screen_visible_ms=14.1ms
[FrameBudget] streaming=0.0ms topology=0.0ms visual=0.0ms spawn=0.0ms total=0.0ms/6.0ms building.room_recompute=0.0ms(60) power.balance_recompute=0.0ms(60)
[WorldPerf] Мировой перф-зонд зафиксировал заметный по времени шаг: WorldPrePass compute flow directions (WorldPrePass.compute.flow_directions); причина — замер превысил порог вывода в лог и требует внимания: 780.32 ms; важность — информационно, без текущего риска игроку; состояние — наблюдается всплеск; приоритет — диагностический сигнал, не самостоятельная причина.
[WorldPerf] WorldPrePass.compute.flow_directions: 780.32 ms
[FrameBudget] streaming=0.0ms topology=0.0ms visual=0.0ms spawn=0.0ms total=0.0ms/6.0ms building.room_recompute=0.0ms(60) power.balance_recompute=0.0ms(60)
[FrameBudget] streaming=0.0ms topology=0.0ms visual=0.0ms spawn=0.0ms total=0.0ms/6.0ms building.room_recompute=0.0ms(60) power.balance_recompute=0.0ms(60)
[WorldPerf] Мировой перф-зонд зафиксировал заметный по времени шаг: WorldPrePass compute flow accumulation (WorldPrePass.compute.flow_accumulation); причина — замер превысил порог вывода в лог и требует внимания: 902.54 ms; важность — информационно, без текущего риска игроку; состояние — наблюдается всплеск; приоритет — диагностический сигнал, не самостоятельная причина.
[WorldPerf] WorldPrePass.compute.flow_accumulation: 902.54 ms
[FrameBudget] streaming=0.0ms topology=0.0ms visual=0.0ms spawn=0.0ms total=0.0ms/6.0ms building.room_recompute=0.0ms(60) power.balance_recompute=0.0ms(60)
[FrameBudget] streaming=0.0ms topology=0.0ms visual=0.0ms spawn=0.0ms total=0.0ms/6.0ms building.room_recompute=0.0ms(60) power.balance_recompute=0.0ms(60)
[WorldPerf] === Frame Summary (300 frames) ===
[WorldPerf] Frame time: avg=7.0 ms, p99=7.9 ms, hitches=1
[WorldPerf] Frame budget: dispatcher=0.1ms streaming=0.0ms streaming_load=0.0ms streaming_redraw=0.0ms topology=0.0ms building=0.0ms power=0.0ms visual=0.0ms shadow=0.0ms spawn=0.0ms total=0.1ms/6.0ms
[FrameBudget] streaming=0.0ms topology=0.0ms visual=0.0ms spawn=0.0ms total=0.0ms/6.0ms building.room_recompute=0.0ms(60) power.balance_recompute=0.0ms(60)
[WorldPerf] Мировой перф-зонд зафиксировал заметный по времени шаг: WorldPrePass compute river extraction lake augmentation (WorldPrePass.compute.river_extraction.lake_augmentation); причина — замер превысил порог вывода в лог и требует внимания: 1431.01 ms; важность — информационно, без текущего риска игроку; состояние — наблюдается всплеск; приоритет — диагностический сигнал, не самостоятельная причина.
[WorldPerf] WorldPrePass.compute.river_extraction.lake_augmentation: 1431.01 ms
[WorldPerf] Мировой перф-зонд зафиксировал заметный по времени шаг: WorldPrePass compute river extraction (WorldPrePass.compute.river_extraction); причина — замер превысил порог вывода в лог и требует внимания: 1438.19 ms; важность — информационно, без текущего риска игроку; состояние — наблюдается всплеск; приоритет — диагностический сигнал, не самостоятельная причина.
[WorldPerf] WorldPrePass.compute.river_extraction: 1438.19 ms
[FrameBudget] streaming=0.0ms topology=0.0ms visual=0.0ms spawn=0.0ms total=0.0ms/6.0ms building.room_recompute=0.0ms(60) power.balance_recompute=0.0ms(60)
[FrameBudget] streaming=0.0ms topology=0.0ms visual=0.0ms spawn=0.0ms total=0.0ms/6.0ms building.room_recompute=0.0ms(60) power.balance_recompute=0.0ms(60)
[FrameBudget] streaming=0.0ms topology=0.0ms visual=0.0ms spawn=0.0ms total=0.0ms/6.0ms building.room_recompute=0.0ms(60) power.balance_recompute=0.0ms(60)
[FrameBudget] streaming=0.0ms topology=0.0ms visual=0.0ms spawn=0.0ms total=0.0ms/6.0ms building.room_recompute=0.0ms(60) power.balance_recompute=0.0ms(60)
[WorldPerf] === Frame Summary (300 frames) ===
[WorldPerf] Frame time: avg=6.9 ms, p99=6.9 ms, hitches=0
[WorldPerf] Frame budget: dispatcher=0.1ms streaming=0.0ms streaming_load=0.0ms streaming_redraw=0.0ms topology=0.0ms building=0.0ms power=0.0ms visual=0.0ms shadow=0.0ms spawn=0.0ms total=0.1ms/6.0ms
[FrameBudget] streaming=0.0ms topology=0.0ms visual=0.0ms spawn=0.0ms total=0.0ms/6.0ms building.room_recompute=0.0ms(60) power.balance_recompute=0.0ms(60)
[FrameBudget] streaming=0.0ms topology=0.0ms visual=0.0ms spawn=0.0ms total=0.0ms/6.0ms building.room_recompute=0.0ms(60) power.balance_recompute=0.0ms(60)
[FrameBudget] streaming=0.0ms topology=0.0ms visual=0.0ms spawn=0.0ms total=0.0ms/6.0ms building.room_recompute=0.0ms(60) power.balance_recompute=0.0ms(60)
[FrameBudget] streaming=0.0ms topology=0.0ms visual=0.0ms spawn=0.0ms total=0.0ms/6.0ms building.room_recompute=0.0ms(60) power.balance_recompute=0.0ms(60)
[FrameBudget] streaming=0.0ms topology=0.0ms visual=0.0ms spawn=0.0ms total=0.0ms/6.0ms building.room_recompute=0.0ms(60) power.balance_recompute=0.0ms(60)
[WorldPerf] === Frame Summary (300 frames) ===
[WorldPerf] Frame time: avg=6.9 ms, p99=6.9 ms, hitches=0
[WorldPerf] Frame budget: dispatcher=0.1ms streaming=0.0ms streaming_load=0.0ms streaming_redraw=0.0ms topology=0.0ms building=0.0ms power=0.0ms visual=0.0ms shadow=0.0ms spawn=0.0ms total=0.1ms/6.0ms
[WorldPerf] Мировой перф-зонд зафиксировал заметный по времени шаг: WorldPrePass compute floodplain strength (WorldPrePass.compute.floodplain_strength); причина — замер превысил порог вывода в лог и требует внимания: 3713.57 ms; важность — информационно, без текущего риска игроку; состояние — наблюдается всплеск; приоритет — диагностический сигнал, не самостоятельная причина.
[WorldPerf] WorldPrePass.compute.floodplain_strength: 3713.57 ms
[FrameBudget] streaming=0.0ms topology=0.0ms visual=0.0ms spawn=0.0ms total=0.0ms/6.0ms building.room_recompute=0.0ms(60) power.balance_recompute=0.0ms(60)
[FrameBudget] streaming=0.0ms topology=0.0ms visual=0.0ms spawn=0.0ms total=0.0ms/6.0ms building.room_recompute=0.0ms(60) power.balance_recompute=0.0ms(60)
[FrameBudget] streaming=0.0ms topology=0.0ms visual=0.0ms spawn=0.0ms total=0.0ms/6.0ms building.room_recompute=0.0ms(60) power.balance_recompute=0.0ms(60)
[FrameBudget] streaming=0.0ms topology=0.0ms visual=0.0ms spawn=0.0ms total=0.0ms/6.0ms building.room_recompute=0.0ms(60) power.balance_recompute=0.0ms(60)
[FrameBudget] streaming=0.0ms topology=0.0ms visual=0.0ms spawn=0.0ms total=0.0ms/6.0ms building.room_recompute=0.0ms(60) power.balance_recompute=0.0ms(60)
[WorldPerf] === Frame Summary (300 frames) ===
[WorldPerf] Frame time: avg=6.9 ms, p99=6.9 ms, hitches=0
[WorldPerf] Frame budget: dispatcher=0.1ms streaming=0.0ms streaming_load=0.0ms streaming_redraw=0.0ms topology=0.0ms building=0.0ms power=0.0ms visual=0.0ms shadow=0.0ms spawn=0.0ms total=0.1ms/6.0ms
[FrameBudget] streaming=0.0ms topology=0.0ms visual=0.0ms spawn=0.0ms total=0.0ms/6.0ms building.room_recompute=0.0ms(60) power.balance_recompute=0.0ms(60)
[FrameBudget] streaming=0.0ms topology=0.0ms visual=0.0ms spawn=0.0ms total=0.0ms/6.0ms building.room_recompute=0.0ms(60) power.balance_recompute=0.0ms(60)
[FrameBudget] streaming=0.0ms topology=0.0ms visual=0.0ms spawn=0.0ms total=0.0ms/6.0ms building.room_recompute=0.0ms(60) power.balance_recompute=0.0ms(60)
[FrameBudget] streaming=0.0ms topology=0.0ms visual=0.0ms spawn=0.0ms total=0.0ms/6.0ms building.room_recompute=0.0ms(60) power.balance_recompute=0.0ms(60)
[FrameBudget] streaming=0.0ms topology=0.0ms visual=0.0ms spawn=0.0ms total=0.0ms/6.0ms building.room_recompute=0.0ms(60) power.balance_recompute=0.0ms(60)
[WorldPerf] === Frame Summary (300 frames) ===
[WorldPerf] Frame time: avg=6.9 ms, p99=6.9 ms, hitches=0
[WorldPerf] Frame budget: dispatcher=0.1ms streaming=0.0ms streaming_load=0.0ms streaming_redraw=0.0ms topology=0.0ms building=0.0ms power=0.0ms visual=0.0ms shadow=0.0ms spawn=0.0ms total=0.1ms/6.0ms
[FrameBudget] streaming=0.0ms topology=0.0ms visual=0.0ms spawn=0.0ms total=0.0ms/6.0ms building.room_recompute=0.0ms(60) power.balance_recompute=0.0ms(60)
[WorldPerf] Мировой перф-зонд зафиксировал заметный по времени шаг: WorldPrePass compute erosion proxy (WorldPrePass.compute.erosion_proxy); причина — замер превысил порог вывода в лог и требует внимания: 4218.24 ms; важность — информационно, без текущего риска игроку; состояние — наблюдается всплеск; приоритет — диагностический сигнал, не самостоятельная причина.
[WorldPerf] WorldPrePass.compute.erosion_proxy: 4218.24 ms
[FrameBudget] streaming=0.0ms topology=0.0ms visual=0.0ms spawn=0.0ms total=0.0ms/6.0ms building.room_recompute=0.0ms(60) power.balance_recompute=0.0ms(60)
[WorldPerf] Мировой перф-зонд зафиксировал заметный по времени шаг: WorldPrePass compute slope grid (WorldPrePass.compute.slope_grid); причина — замер превысил порог вывода в лог и требует внимания: 458.70 ms; важность — информационно, без текущего риска игроку; состояние — наблюдается всплеск; приоритет — диагностический сигнал, не самостоятельная причина.
[WorldPerf] WorldPrePass.compute.slope_grid: 458.70 ms
[FrameBudget] streaming=0.0ms topology=0.0ms visual=0.0ms spawn=0.0ms total=0.0ms/6.0ms building.room_recompute=0.0ms(60) power.balance_recompute=0.0ms(60)
[FrameBudget] streaming=0.0ms topology=0.0ms visual=0.0ms spawn=0.0ms total=0.0ms/6.0ms building.room_recompute=0.0ms(60) power.balance_recompute=0.0ms(60)
[WorldPerf] Мировой перф-зонд зафиксировал заметный по времени шаг: WorldPrePass compute rain shadow (WorldPrePass.compute.rain_shadow); причина — замер превысил порог вывода в лог и требует внимания: 1088.87 ms; важность — информационно, без текущего риска игроку; состояние — наблюдается всплеск; приоритет — диагностический сигнал, не самостоятельная причина.
[WorldPerf] WorldPrePass.compute.rain_shadow: 1088.87 ms
[WorldPerf] Мировой перф-зонд зафиксировал заметный по времени шаг: WorldPrePass compute continentalness seed water sources (WorldPrePass.compute.continentalness.seed_water_sources); причина — замер превысил порог вывода в лог и требует внимания: 29.06 ms; важность — информационно, без текущего риска игроку; состояние — наблюдается всплеск; приоритет — диагностический сигнал, не самостоятельная причина.
[WorldPerf] WorldPrePass.compute.continentalness.seed_water_sources: 29.06 ms
[WorldPerf] Мировой перф-зонд зафиксировал заметный по времени шаг: WorldPrePass compute continentalness (WorldPrePass.compute.continentalness); причина — замер превысил порог вывода в лог и требует внимания: 40.43 ms; важность — информационно, без текущего риска игроку; состояние — наблюдается всплеск; приоритет — диагностический сигнал, не самостоятельная причина.
[WorldPerf] WorldPrePass.compute.continentalness: 40.43 ms
[WorldPerf] Мировой перф-зонд зафиксировал заметный по времени шаг: WorldGenerator setup world pre pass configure (WorldGenerator._setup_world_pre_pass.configure); причина — замер превысил порог вывода в лог и требует внимания: 60.79 ms; важность — информационно, без текущего риска игроку; состояние — наблюдается всплеск; приоритет — диагностический сигнал, не самостоятельная причина.
[WorldPerf] WorldGenerator._setup_world_pre_pass.configure: 60.79 ms
[WorldPerf] Мировой перф-зонд зафиксировал заметный по времени шаг: WorldGenerator setup world pre pass compute (WorldGenerator._setup_world_pre_pass.compute); причина — замер превысил порог вывода в лог и требует внимания: 14416.73 ms; важность — информационно, без текущего риска игроку; состояние — наблюдается всплеск; приоритет — диагностический сигнал, не самостоятельная причина.
[WorldPerf] WorldGenerator._setup_world_pre_pass.compute: 14416.73 ms
[WorldPerf] Мировой перф-зонд зафиксировал заметный по времени шаг: WorldGenerator initialize world setup world pre pass (WorldGenerator.initialize_world.setup_world_pre_pass); причина — замер превысил порог вывода в лог и требует внимания: 14477.53 ms; важность — информационно, без текущего риска игроку; состояние — наблюдается всплеск; приоритет — диагностический сигнал, не самостоятельная причина.
[WorldPerf] WorldGenerator.initialize_world.setup_world_pre_pass: 14477.53 ms
[WorldGenerator] Native ChunkGenerator initialized (6 biomes, authoritative WorldPrePass snapshot)
[WorldPerf] Мировой перф-зонд зафиксировал заметный по времени шаг: WorldGenerator complete pending initialize world pending age ms (WorldGenerator.complete_pending_initialize_world.pending_age_ms); причина — замер превысил порог вывода в лог и требует внимания: 14482.33 ms; важность — информационно, без текущего риска игроку; состояние — наблюдается всплеск; приоритет — диагностический сигнал, не самостоятельная причина.
[WorldPerf] WorldGenerator.complete_pending_initialize_world.pending_age_ms: 14482.33 ms
[WorldPerf] Мировой перф-зонд зафиксировал заметный по времени шаг: init world generator (_init_world_generator); причина — замер превысил порог вывода в лог и требует внимания: 14486.61 ms; важность — информационно, без текущего риска игроку; состояние — наблюдается всплеск; приоритет — диагностический сигнал, не самостоятельная причина.
[WorldPerf] _init_world_generator: 14486.61 ms
[CodexProof] authoritative structure-visibility proof driver enabled
[WorldPerf] Мировой перф-зонд зафиксировал заметный по времени шаг: GameWorld setup after loading screen (GameWorld._setup_after_loading_screen); причина — замер превысил порог вывода в лог и требует внимания: 14546.92 ms; важность — информационно, без текущего риска игроку; состояние — наблюдается всплеск; приоритет — диагностический сигнал, не самостоятельная причина.
[WorldPerf] GameWorld._setup_after_loading_screen: 14546.92 ms
[ChunkTilesetFactory] rock_atlas=240, wall_base=47, variants=5
[ChunkTilesetFactory] ground_faces: start=259 count=47
[ChunkTilesetFactory] rock_atlas=240, wall_base=47, variants=5
[ChunkTilesetFactory] ground_faces: start=259 count=47
[ChunkTilesetFactory] rock_atlas=240, wall_base=47, variants=5
[ChunkTilesetFactory] ground_faces: start=259 count=47
[ChunkTilesetFactory] rock_atlas=240, wall_base=47, variants=5
[ChunkTilesetFactory] ground_faces: start=259 count=47
[ChunkTilesetFactory] rock_atlas=240, wall_base=47, variants=5
[ChunkTilesetFactory] ground_faces: start=259 count=47
[ChunkTilesetFactory] rock_atlas=240, wall_base=47, variants=5
[ChunkTilesetFactory] ground_faces: start=259 count=47
[ChunkTilesetFactory] rock_atlas=240, wall_base=47, variants=5
[ChunkTilesetFactory] ground_faces: start=259 count=47
[WorldDiag] Система чанков зафиксировала вход игрока: чанк (0, 0); причина — игрок пересёк границу чанка, приоритеты загрузки и визуала пересчитаны; важность — информационно, без текущего риска игроку; состояние — наблюдается; приоритет — диагностический сигнал, не самостоятельная причина.
[WorldDiagDetail] actor=chunk_manager action=player_entered_chunk target=chunk reason=player_entered_chunk impact=informational_only state=observed severity=diagnostic_signal code=player_chunk chunk_coord=(0, 0) distance=0 motion=(0, 0) priority=немедленный z=0
[WorldDiag] Система чанков запросила загрузку: чанк (0, 0); причина — игрок приблизился к фактической области загрузки; важность — только фоновый долг сходимости; состояние — поставлен в очередь; приоритет — последствие или фоновый follow-up, ниже главной причины.
[WorldDiagDetail] actor=chunk_manager action=chunk_requested target=chunk reason=chunk_requested impact=background_debt_only state=queued severity=follow_up code=stream_load chunk_coord=(0, 0) distance=0 priority=немедленный queue_depth=1 z=0
[WorldDiag] Система чанков запросила загрузку: чанк (0, -1); причина — игрок приблизился к фактической области загрузки; важность — только фоновый долг сходимости; состояние — поставлен в очередь; приоритет — последствие или фоновый follow-up, ниже главной причины.
[WorldDiagDetail] actor=chunk_manager action=chunk_requested target=chunk reason=chunk_requested impact=background_debt_only state=queued severity=follow_up code=stream_load chunk_coord=(0, -1) distance=1 priority=высокий queue_depth=2 z=0
[WorldDiag] Система чанков запросила загрузку: чанк (1, 0); причина — игрок приблизился к фактической области загрузки; важность — только фоновый долг сходимости; состояние — поставлен в очередь; приоритет — последствие или фоновый follow-up, ниже главной причины.
[WorldDiagDetail] actor=chunk_manager action=chunk_requested target=chunk reason=chunk_requested impact=background_debt_only state=queued severity=follow_up code=stream_load chunk_coord=(1, 0) distance=1 priority=высокий queue_depth=3 z=0
[WorldDiag] Система чанков запросила загрузку: чанк (63, 0); причина — игрок приблизился к фактической области загрузки; важность — только фоновый долг сходимости; состояние — поставлен в очередь; приоритет — последствие или фоновый follow-up, ниже главной причины.
[WorldDiagDetail] actor=chunk_manager action=chunk_requested target=chunk reason=chunk_requested impact=background_debt_only state=queued severity=follow_up code=stream_load chunk_coord=(63, 0) distance=1 priority=высокий queue_depth=4 z=0
[WorldDiag] Система чанков запросила загрузку: чанк (0, 1); причина — игрок приблизился к фактической области загрузки; важность — только фоновый долг сходимости; состояние — поставлен в очередь; приоритет — последствие или фоновый follow-up, ниже главной причины.
[WorldDiagDetail] actor=chunk_manager action=chunk_requested target=chunk reason=chunk_requested impact=background_debt_only state=queued severity=follow_up code=stream_load chunk_coord=(0, 1) distance=1 priority=высокий queue_depth=5 z=0
[WorldDiag] Система чанков запросила загрузку: чанк (1, -1); причина — игрок приблизился к фактической области загрузки; важность — только фоновый долг сходимости; состояние — поставлен в очередь; приоритет — последствие или фоновый follow-up, ниже главной причины.
[WorldDiagDetail] actor=chunk_manager action=chunk_requested target=chunk reason=chunk_requested impact=background_debt_only state=queued severity=follow_up code=stream_load chunk_coord=(1, -1) distance=1 priority=высокий queue_depth=6 z=0
[WorldDiag] Система чанков запросила загрузку: чанк (63, -1); причина — игрок приблизился к фактической области загрузки; важность — только фоновый долг сходимости; состояние — поставлен в очередь; приоритет — последствие или фоновый follow-up, ниже главной причины.
[WorldDiagDetail] actor=chunk_manager action=chunk_requested target=chunk reason=chunk_requested impact=background_debt_only state=queued severity=follow_up code=stream_load chunk_coord=(63, -1) distance=1 priority=высокий queue_depth=7 z=0
[WorldDiag] Система чанков запросила загрузку: чанк (1, 1); причина — игрок приблизился к фактической области загрузки; важность — только фоновый долг сходимости; состояние — поставлен в очередь; приоритет — последствие или фоновый follow-up, ниже главной причины.
[WorldDiagDetail] actor=chunk_manager action=chunk_requested target=chunk reason=chunk_requested impact=background_debt_only state=queued severity=follow_up code=stream_load chunk_coord=(1, 1) distance=1 priority=высокий queue_depth=8 z=0
[WorldDiag] Система чанков запросила загрузку: чанк (63, 1); причина — игрок приблизился к фактической области загрузки; важность — только фоновый долг сходимости; состояние — поставлен в очередь; приоритет — последствие или фоновый follow-up, ниже главной причины.
[WorldDiagDetail] actor=chunk_manager action=chunk_requested target=chunk reason=chunk_requested impact=background_debt_only state=queued severity=follow_up code=stream_load chunk_coord=(63, 1) distance=1 priority=высокий queue_depth=9 z=0
[WorldDiag] Система чанков запросила загрузку: чанк (0, -2); причина — игрок приблизился к фактической области загрузки; важность — только фоновый долг сходимости; состояние — поставлен в очередь; приоритет — последствие или фоновый follow-up, ниже главной причины.
[WorldDiagDetail] actor=chunk_manager action=chunk_requested target=chunk reason=chunk_requested impact=background_debt_only state=queued severity=follow_up code=stream_load chunk_coord=(0, -2) distance=2 priority=средний queue_depth=10 z=0
[WorldDiag] Система чанков запросила загрузку: чанк (2, 0); причина — игрок приблизился к фактической области загрузки; важность — только фоновый долг сходимости; состояние — поставлен в очередь; приоритет — последствие или фоновый follow-up, ниже главной причины.
[WorldDiagDetail] actor=chunk_manager action=chunk_requested target=chunk reason=chunk_requested impact=background_debt_only state=queued severity=follow_up code=stream_load chunk_coord=(2, 0) distance=2 priority=средний queue_depth=11 z=0
[WorldDiag] Система чанков запросила загрузку: чанк (62, 0); причина — игрок приблизился к фактической области загрузки; важность — только фоновый долг сходимости; состояние — поставлен в очередь; приоритет — последствие или фоновый follow-up, ниже главной причины.
[WorldDiagDetail] actor=chunk_manager action=chunk_requested target=chunk reason=chunk_requested impact=background_debt_only state=queued severity=follow_up code=stream_load chunk_coord=(62, 0) distance=2 priority=средний queue_depth=12 z=0
[WorldDiag] Система чанков запросила загрузку: чанк (0, 2); причина — игрок приблизился к фактической области загрузки; важность — только фоновый долг сходимости; состояние — поставлен в очередь; приоритет — последствие или фоновый follow-up, ниже главной причины.
[WorldDiagDetail] actor=chunk_manager action=chunk_requested target=chunk reason=chunk_requested impact=background_debt_only state=queued severity=follow_up code=stream_load chunk_coord=(0, 2) distance=2 priority=средний queue_depth=13 z=0
[WorldDiag] Система чанков запросила загрузку: чанк (1, -2); причина — игрок приблизился к фактической области загрузки; важность — только фоновый долг сходимости; состояние — поставлен в очередь; приоритет — последствие или фоновый follow-up, ниже главной причины.
[WorldDiagDetail] actor=chunk_manager action=chunk_requested target=chunk reason=chunk_requested impact=background_debt_only state=queued severity=follow_up code=stream_load chunk_coord=(1, -2) distance=2 priority=средний queue_depth=14 z=0
[WorldDiag] Система чанков запросила загрузку: чанк (63, -2); причина — игрок приблизился к фактической области загрузки; важность — только фоновый долг сходимости; состояние — поставлен в очередь; приоритет — последствие или фоновый follow-up, ниже главной причины.
[WorldDiagDetail] actor=chunk_manager action=chunk_requested target=chunk reason=chunk_requested impact=background_debt_only state=queued severity=follow_up code=stream_load chunk_coord=(63, -2) distance=2 priority=средний queue_depth=15 z=0
[WorldDiag] Система чанков запросила загрузку: чанк (2, -1); причина — игрок приблизился к фактической области загрузки; важность — только фоновый долг сходимости; состояние — поставлен в очередь; приоритет — последствие или фоновый follow-up, ниже главной причины.
[WorldDiagDetail] actor=chunk_manager action=chunk_requested target=chunk reason=chunk_requested impact=background_debt_only state=queued severity=follow_up code=stream_load chunk_coord=(2, -1) distance=2 priority=средний queue_depth=16 z=0
[WorldDiag] Система чанков запросила загрузку: чанк (62, -1); причина — игрок приблизился к фактической области загрузки; важность — только фоновый долг сходимости; состояние — поставлен в очередь; приоритет — последствие или фоновый follow-up, ниже главной причины.
[WorldDiagDetail] actor=chunk_manager action=chunk_requested target=chunk reason=chunk_requested impact=background_debt_only state=queued severity=follow_up code=stream_load chunk_coord=(62, -1) distance=2 priority=средний queue_depth=17 z=0
[WorldDiag] Система чанков запросила загрузку: чанк (2, 1); причина — игрок приблизился к фактической области загрузки; важность — только фоновый долг сходимости; состояние — поставлен в очередь; приоритет — последствие или фоновый follow-up, ниже главной причины.
[WorldDiagDetail] actor=chunk_manager action=chunk_requested target=chunk reason=chunk_requested impact=background_debt_only state=queued severity=follow_up code=stream_load chunk_coord=(2, 1) distance=2 priority=средний queue_depth=18 z=0
[WorldDiag] Система чанков запросила загрузку: чанк (62, 1); причина — игрок приблизился к фактической области загрузки; важность — только фоновый долг сходимости; состояние — поставлен в очередь; приоритет — последствие или фоновый follow-up, ниже главной причины.
[WorldDiagDetail] actor=chunk_manager action=chunk_requested target=chunk reason=chunk_requested impact=background_debt_only state=queued severity=follow_up code=stream_load chunk_coord=(62, 1) distance=2 priority=средний queue_depth=19 z=0
[WorldDiag] Система чанков запросила загрузку: чанк (1, 2); причина — игрок приблизился к фактической области загрузки; важность — только фоновый долг сходимости; состояние — поставлен в очередь; приоритет — последствие или фоновый follow-up, ниже главной причины.
[WorldDiagDetail] actor=chunk_manager action=chunk_requested target=chunk reason=chunk_requested impact=background_debt_only state=queued severity=follow_up code=stream_load chunk_coord=(1, 2) distance=2 priority=средний queue_depth=20 z=0
[WorldDiag] Система чанков запросила загрузку: чанк (63, 2); причина — игрок приблизился к фактической области загрузки; важность — только фоновый долг сходимости; состояние — поставлен в очередь; приоритет — последствие или фоновый follow-up, ниже главной причины.
[WorldDiagDetail] actor=chunk_manager action=chunk_requested target=chunk reason=chunk_requested impact=background_debt_only state=queued severity=follow_up code=stream_load chunk_coord=(63, 2) distance=2 priority=средний queue_depth=21 z=0
[WorldDiag] Система чанков запросила загрузку: чанк (2, -2); причина — игрок приблизился к фактической области загрузки; важность — только фоновый долг сходимости; состояние — поставлен в очередь; приоритет — последствие или фоновый follow-up, ниже главной причины.
[WorldDiagDetail] actor=chunk_manager action=chunk_requested target=chunk reason=chunk_requested impact=background_debt_only state=queued severity=follow_up code=stream_load chunk_coord=(2, -2) distance=2 priority=средний queue_depth=22 z=0
[WorldDiag] Система чанков запросила загрузку: чанк (62, -2); причина — игрок приблизился к фактической области загрузки; важность — только фоновый долг сходимости; состояние — поставлен в очередь; приоритет — последствие или фоновый follow-up, ниже главной причины.
[WorldDiagDetail] actor=chunk_manager action=chunk_requested target=chunk reason=chunk_requested impact=background_debt_only state=queued severity=follow_up code=stream_load chunk_coord=(62, -2) distance=2 priority=средний queue_depth=23 z=0
[WorldDiag] Система чанков запросила загрузку: чанк (2, 2); причина — игрок приблизился к фактической области загрузки; важность — только фоновый долг сходимости; состояние — поставлен в очередь; приоритет — последствие или фоновый follow-up, ниже главной причины.
[WorldDiagDetail] actor=chunk_manager action=chunk_requested target=chunk reason=chunk_requested impact=background_debt_only state=queued severity=follow_up code=stream_load chunk_coord=(2, 2) distance=2 priority=средний queue_depth=24 z=0
[WorldDiag] Система чанков запросила загрузку: чанк (62, 2); причина — игрок приблизился к фактической области загрузки; важность — только фоновый долг сходимости; состояние — поставлен в очередь; приоритет — последствие или фоновый follow-up, ниже главной причины.
[WorldDiagDetail] actor=chunk_manager action=chunk_requested target=chunk reason=chunk_requested impact=background_debt_only state=queued severity=follow_up code=stream_load chunk_coord=(62, 2) distance=2 priority=средний queue_depth=25 z=0
[WorldDiag] Менеджер чанков мира сообщил о задержке визуальной сходимости: текущий чанк игрока; причина — очередь догрузки мира ещё не довела текущий чанк до готового состояния; важность — заметно игроку сейчас; состояние — ждёт догрузку или применение; приоритет — диагностический сигнал, не самостоятельная причина.
[WorldDiagDetail] actor=chunk_manager action=reported_visual_blocker target=player_chunk reason=queued_not_applied impact=player_visible_issue state=queued severity=diagnostic_signal code=streaming_truth apply_age_ms=- border_fix_age_ms=- budget_exhausted=false chunk=(0, 0) chunk_loaded=false chunk_visible=false convergence_age_ms=- dispatcher_step_ms=0.00 first_pass_age_ms=- first_pass_ready=false full_ready=false full_redraw_age_ms=- incident_id=1 issues_internal=not_loaded,load_queued,first_pass_not_ready phase=none queue_border_fix_far=0 queue_border_fix_near=0 queue_full_far=0 queue_full_near=0 queue_terrain_fast=0 queue_terrain_near=0 queue_terrain_urgent=0 requests_generating=false requests_load=true requests_staged=false state_name=not_loaded trace_id=trace-0001 trace_source=chunk_manager trigger=entered_chunk z=0
[CodexProof] structure visibility verify radius=64
[CodexProof] structure coverage band table (auth_*_cells = exact pre-pass cells, sampled_* = sparse tile centers, band_count=8, stride=2 cells)
[CodexProof] band|zone|y_range|auth_river_cells|auth_mountain_cells|sampled_tiles|auth_river_samples|auth_mountain_samples|visible_river_samples|visible_mountain_samples|script_water|script_sand|script_rock|native_water|native_sand|native_rock|native_failures|terrain_mismatches
[CodexProof] 0|extreme_25|-4096..-3073|4096|398|1024|1024|88|714|20|607|107|20|607|107|20|0|0
[CodexProof] 1|extreme_25|-3072..-2049|4096|376|1024|1024|81|806|7|730|76|7|730|76|7|0|0
[CodexProof] 2|central_50|-2048..-1025|4096|1261|1024|1024|291|822|34|761|61|34|761|61|34|0|0
[CodexProof] 3|central_50|-1024..-1|4094|1275|1024|1024|301|822|45|783|39|45|783|39|45|0|0
[CodexProof] 4|central_50|0..1023|4094|1473|1023|1023|345|828|52|775|53|52|775|53|52|0|0
[CodexProof] 5|central_50|1024..2047|4096|1123|1024|1024|272|832|40|792|40|40|792|40|40|0|0
[CodexProof] 6|extreme_25|2048..3071|4096|1032|1024|1024|239|804|43|768|36|43|768|36|43|0|0
[CodexProof] 7|extreme_25|3072..4095|4090|452|1024|1017|109|679|26|481|198|26|481|198|26|0|0
[CodexProof] nearest_authoritative_river=50.6 tiles @ (16, -48)
[CodexProof] nearest_authoritative_mountain=208.6 tiles @ (208, -16)
[CodexProof] nearest_visible_river=50.6 tiles @ (16, -48)
[CodexProof] nearest_visible_mountain=339.4 tiles @ (336, -48)
[CodexProof] nearest_visible_water=50.6 tiles @ (16, -48)
[CodexProof] nearest_visible_bank=144.9 tiles @ (16, 144)
[CodexProof] nearest_visible_rock=339.4 tiles @ (336, -48)
[CodexProof] structure coverage parity sampled_tiles=8191 native_sample_failures=0 terrain_mismatches=0 tolerance=0
[CodexProof] measuring river candidate window around (3040, -3968)
[CodexProof] river candidate center=(3040, -3968) grid=(95, 4) river_width=192.000 floodplain_strength=1.000 score=221.550
[CodexProof] river metrics authoritative_tiles=1089 visible_tiles=529 water=373 bank=156 rock=0 max_river_strength=1.000 max_floodplain=1.000 max_ridge=0.000 max_mass=0.000
[CodexProof] exporting river proof preview around (3040, -3968) (radius=24)
  river_biomes: C:/Users/peaceful/Station Peaceful/Station Peaceful/debug_exports/world_previews/seed_12345_local_3040_-3968_r24_1775880686_x4_biomes.png
  river_terrain: C:/Users/peaceful/Station Peaceful/Station Peaceful/debug_exports/world_previews/seed_12345_local_3040_-3968_r24_1775880686_x4_terrain.png
  river_structures: C:/Users/peaceful/Station Peaceful/Station Peaceful/debug_exports/world_previews/seed_12345_local_3040_-3968_r24_1775880686_x4_structures.png
  river_ecotone: C:/Users/peaceful/Station Peaceful/Station Peaceful/debug_exports/world_previews/seed_12345_local_3040_-3968_r24_1775880686_x4_ecotone.png
  river_vegetation: C:/Users/peaceful/Station Peaceful/Station Peaceful/debug_exports/world_previews/seed_12345_local_3040_-3968_r24_1775880686_x4_vegetation.png
[CodexProof] measuring mountain candidate window around (1408, -4064)
[CodexProof] mountain candidate center=(1408, -4064) grid=(44, 1) ridge_strength=1.000 mountain_mass=1.000 score=1.900
[CodexProof] mountain metrics authoritative_tiles=1089 visible_tiles=963 water=39 bank=61 rock=963 max_river_strength=1.000 max_floodplain=1.000 max_ridge=1.000 max_mass=1.000
[CodexProof] exporting mountain proof preview around (1408, -4064) (radius=24)
  mountain_biomes: C:/Users/peaceful/Station Peaceful/Station Peaceful/debug_exports/world_previews/seed_12345_local_1408_-4064_r24_1775880718_x4_biomes.png
  mountain_terrain: C:/Users/peaceful/Station Peaceful/Station Peaceful/debug_exports/world_previews/seed_12345_local_1408_-4064_r24_1775880718_x4_terrain.png
  mountain_structures: C:/Users/peaceful/Station Peaceful/Station Peaceful/debug_exports/world_previews/seed_12345_local_1408_-4064_r24_1775880718_x4_structures.png
  mountain_ecotone: C:/Users/peaceful/Station Peaceful/Station Peaceful/debug_exports/world_previews/seed_12345_local_1408_-4064_r24_1775880718_x4_ecotone.png
  mountain_vegetation: C:/Users/peaceful/Station Peaceful/Station Peaceful/debug_exports/world_previews/seed_12345_local_1408_-4064_r24_1775880718_x4_vegetation.png
[CodexProof] structure_coverage_artifact=C:/Users/peaceful/Station Peaceful/Station Peaceful/debug_exports/world_previews/structure_coverage_seed12345_1775880718.txt
[CodexProof] structure_visibility_status=PASS
[WorldDiag] Система чанков начала генерацию данных: чанк (0, 0); причина — запрос чанка взят из очереди потоковой догрузки; важность — заметно игроку сейчас; состояние — выполняется; приоритет — диагностический сигнал, не самостоятельная причина.
[WorldDiagDetail] actor=chunk_manager action=chunk_generation_started target=chunk reason=chunk_generation_started impact=player_visible_issue state=running severity=diagnostic_signal code=stream_load active_generators=1 chunk_coord=(0, 0) distance=0 incident_id=1 priority=немедленный trace_id=trace-0001 trace_source=chunk_manager z=0
[WorldDiag] Система чанков начала генерацию данных: чанк (0, -1); причина — запрос чанка взят из очереди потоковой догрузки; важность — заметно игроку сейчас; состояние — выполняется; приоритет — диагностический сигнал, не самостоятельная причина.
[WorldDiagDetail] actor=chunk_manager action=chunk_generation_started target=chunk reason=chunk_generation_started impact=player_visible_issue state=running severity=diagnostic_signal code=stream_load active_generators=2 chunk_coord=(0, -1) distance=1 priority=высокий z=0
[WorldDiag] Система чанков начала генерацию данных: чанк (1, 0); причина — запрос чанка взят из очереди потоковой догрузки; важность — заметно игроку сейчас; состояние — выполняется; приоритет — диагностический сигнал, не самостоятельная причина.
[WorldDiagDetail] actor=chunk_manager action=chunk_generation_started target=chunk reason=chunk_generation_started impact=player_visible_issue state=running severity=diagnostic_signal code=stream_load active_generators=3 chunk_coord=(1, 0) distance=1 priority=высокий z=0
[WorldDiag] Система чанков начала генерацию данных: чанк (63, 0); причина — запрос чанка взят из очереди потоковой догрузки; важность — заметно игроку сейчас; состояние — выполняется; приоритет — диагностический сигнал, не самостоятельная причина.
[WorldDiagDetail] actor=chunk_manager action=chunk_generation_started target=chunk reason=chunk_generation_started impact=player_visible_issue state=running severity=diagnostic_signal code=stream_load active_generators=4 chunk_coord=(63, 0) distance=1 priority=высокий z=0
[WorldPerf] Мировой перф-зонд зафиксировал перерасход фонового бюджета: фоновая задача chunk_manager.streaming_load в категории streaming; причина — шаг занял 3.78 ms при лимите 3.00 ms, перерасход 26.0%; важность — только фоновый долг сходимости; состояние — вышел за бюджет; приоритет — диагностический сигнал, не самостоятельная причина.
WARNING: [WorldPerf] WARNING: FrameBudget overrun job_id=chunk_manager.streaming_load category=streaming used_ms=3.78 budget_ms=3.00 over_budget_pct=26.0
   at: push_warning (core/variant/variant_utility.cpp:1034)
   GDScript backtrace (most recent call first):
       [0] report_budget_overrun (res://core/systems/world/world_perf_probe.gd:104)
       [1] _process (res://core/autoloads/frame_budget_dispatcher.gd:76)
[WorldDiag] Менеджер чанков мира сообщил о задержке визуальной сходимости: текущий чанк игрока; причина — очередь догрузки мира ещё не довела текущий чанк до готового состояния; важность — заметно игроку сейчас; состояние — ждёт догрузку или применение; приоритет — диагностический сигнал, не самостоятельная причина.
[WorldDiagDetail] actor=chunk_manager action=reported_visual_blocker target=player_chunk reason=queued_not_applied impact=player_visible_issue state=queued severity=diagnostic_signal code=streaming_truth apply_age_ms=- border_fix_age_ms=- budget_exhausted=false chunk=(0, 0) chunk_loaded=false chunk_visible=false convergence_age_ms=- dispatcher_step_ms=0.01 first_pass_age_ms=- first_pass_ready=false full_ready=false full_redraw_age_ms=- incident_id=1 issues_internal=not_loaded,generating,first_pass_not_ready phase=none queue_border_fix_far=0 queue_border_fix_near=0 queue_full_far=0 queue_full_near=0 queue_terrain_fast=0 queue_terrain_near=0 queue_terrain_urgent=0 requests_generating=true requests_load=false requests_staged=false state_name=not_loaded trace_id=trace-0001 trace_source=chunk_manager trigger=scheduler z=0
[ChunkGen] slow native generate_chunk (1, 0): 730.7 ms
[ChunkGen] slow native generate_chunk (0, 0): 775.9 ms
[ChunkGen] slow native generate_chunk (0, -1): 779.4 ms
WARNING: ObjectDB instances leaked at exit (run with --verbose for details).
   at: cleanup (core/object/object.cpp:2641)
ERROR: 16 resources still in use at exit (run with --verbose for details).
   at: clear (core/io/resource.cpp:810)
