ERROR: Condition "!FileAccess::exists(path)" is true. Returning: ERR_FILE_NOT_FOUND
   at: open_dynamic_library (platform/windows/os_windows.cpp:487)
ERROR: Condition "!FileAccess::exists(path)" is true. Returning: ERR_FILE_NOT_FOUND
   at: open_dynamic_library (platform/windows/os_windows.cpp:487)
ERROR: GDExtension dynamic library not found: 'res://gdextension/station_mirny.gdextension'.
   at: open_library (core/extension/gdextension.cpp:740)
ERROR: Error loading extension: 'res://gdextension/station_mirny.gdextension'.
   at: load_extensions (core/extension/gdextension_manager.cpp:329)
Godot Engine v4.6.1.stable.official.14d19694e - https://godotengine.org

[WorldPerf] Startup.start_to_loading_screen_visible_ms: 13.01 ms
[WorldPerf] WorldPrePass.compute.sample_height_grid: 135.93 ms
[FrameBudget] streaming=0.0ms topology=0.0ms visual=0.0ms spawn=0.0ms total=0.0ms/6.0ms building.room_recompute=0.0ms(60) power.balance_recompute=0.0ms(60)
[WorldPerf] WorldPrePass.compute.spine_seeds: 420.53 ms
[WorldPerf] WorldPrePass.compute.ridge_graph: 43.17 ms
[WorldPerf] WorldPrePass.compute.ridge_strength_grid: 40.48 ms
[WorldPerf] WorldPrePass.compute.mountain_mass_grid: 23.60 ms
[FrameBudget] streaming=0.0ms topology=0.0ms visual=0.0ms spawn=0.0ms total=0.0ms/6.0ms building.room_recompute=0.0ms(60) power.balance_recompute=0.0ms(60)
[FrameBudget] streaming=0.0ms topology=0.0ms visual=0.0ms spawn=0.0ms total=0.0ms/6.0ms building.room_recompute=0.0ms(60) power.balance_recompute=0.0ms(60)
[FrameBudget] streaming=0.0ms topology=0.0ms visual=0.0ms spawn=0.0ms total=0.0ms/6.0ms building.room_recompute=0.0ms(60) power.balance_recompute=0.0ms(60)
[WorldPerf] WorldPrePass.compute.lake_aware_fill.priority_flood: 1076.56 ms
[FrameBudget] streaming=0.0ms topology=0.0ms visual=0.0ms spawn=0.0ms total=0.0ms/6.0ms building.room_recompute=0.0ms(60) power.balance_recompute=0.0ms(60)
[WorldPerf] === Frame Summary (300 frames) ===
[WorldPerf] Frame time: avg=7.4 ms, p99=7.4 ms, hitches=1
[WorldPerf] Frame budget: dispatcher=0.1ms streaming=0.0ms streaming_load=0.0ms streaming_redraw=0.0ms topology=0.0ms building=0.0ms power=0.0ms visual=0.0ms shadow=0.0ms spawn=0.0ms total=0.1ms/6.0ms
[WorldPerf] Observability: Startup.loading_screen_visible=0.0ms, Startup.start_pressed=0.0ms, Startup.start_to_loading_screen_visible_ms=13.0ms
[WorldPerf] WorldPrePass.compute.lake_aware_fill.extract_lake_records: 533.68 ms
[WorldPerf] WorldPrePass.compute.lake_aware_fill: 1611.63 ms
[FrameBudget] streaming=0.0ms topology=0.0ms visual=0.0ms spawn=0.0ms total=0.0ms/6.0ms building.room_recompute=0.0ms(60) power.balance_recompute=0.0ms(60)
[FrameBudget] streaming=0.0ms topology=0.0ms visual=0.0ms spawn=0.0ms total=0.0ms/6.0ms building.room_recompute=0.0ms(60) power.balance_recompute=0.0ms(60)
[WorldPerf] WorldPrePass.compute.flow_directions: 666.44 ms
[FrameBudget] streaming=0.0ms topology=0.0ms visual=0.0ms spawn=0.0ms total=0.0ms/6.0ms building.room_recompute=0.0ms(60) power.balance_recompute=0.0ms(60)
[FrameBudget] streaming=0.0ms topology=0.0ms visual=0.0ms spawn=0.0ms total=0.0ms/6.0ms building.room_recompute=0.0ms(60) power.balance_recompute=0.0ms(60)
[WorldPerf] WorldPrePass.compute.flow_accumulation: 785.24 ms
[WorldPerf] WorldPrePass.compute.river_extraction.seed_river_sources: 15.10 ms
[FrameBudget] streaming=0.0ms topology=0.0ms visual=0.0ms spawn=0.0ms total=0.0ms/6.0ms building.room_recompute=0.0ms(60) power.balance_recompute=0.0ms(60)
[WorldPerf] === Frame Summary (300 frames) ===
[WorldPerf] Frame time: avg=6.9 ms, p99=6.9 ms, hitches=0
[WorldPerf] Frame budget: dispatcher=0.1ms streaming=0.0ms streaming_load=0.0ms streaming_redraw=0.0ms topology=0.0ms building=0.0ms power=0.0ms visual=0.0ms shadow=0.0ms spawn=0.0ms total=0.1ms/6.0ms
[FrameBudget] streaming=0.0ms topology=0.0ms visual=0.0ms spawn=0.0ms total=0.0ms/6.0ms building.room_recompute=0.0ms(60) power.balance_recompute=0.0ms(60)
[WorldPerf] WorldPrePass.compute.river_extraction.distance_propagation: 746.58 ms
[WorldPerf] WorldPrePass.compute.river_extraction: 761.96 ms
[WorldPerf] WorldPrePass.compute.floodplain_strength: 11.39 ms
[WorldPerf] WorldPrePass.compute.erosion_proxy: 299.55 ms
[FrameBudget] streaming=0.0ms topology=0.0ms visual=0.0ms spawn=0.0ms total=0.0ms/6.0ms building.room_recompute=0.0ms(60) power.balance_recompute=0.0ms(60)
[WorldPerf] WorldPrePass.compute.slope_grid: 388.70 ms
[FrameBudget] streaming=0.0ms topology=0.0ms visual=0.0ms spawn=0.0ms total=0.0ms/6.0ms building.room_recompute=0.0ms(60) power.balance_recompute=0.0ms(60)
[FrameBudget] streaming=0.0ms topology=0.0ms visual=0.0ms spawn=0.0ms total=0.0ms/6.0ms building.room_recompute=0.0ms(60) power.balance_recompute=0.0ms(60)
[FrameBudget] streaming=0.0ms topology=0.0ms visual=0.0ms spawn=0.0ms total=0.0ms/6.0ms building.room_recompute=0.0ms(60) power.balance_recompute=0.0ms(60)
[WorldPerf] === Frame Summary (300 frames) ===
[WorldPerf] Frame time: avg=6.9 ms, p99=6.9 ms, hitches=0
[WorldPerf] Frame budget: dispatcher=0.1ms streaming=0.0ms streaming_load=0.0ms streaming_redraw=0.0ms topology=0.0ms building=0.0ms power=0.0ms visual=0.0ms shadow=0.0ms spawn=0.0ms total=0.1ms/6.0ms
[WorldPerf] WorldPrePass.compute.rain_shadow: 987.97 ms
[WorldPerf] WorldPrePass.compute.continentalness.seed_water_sources: 27.57 ms
[FrameBudget] streaming=0.0ms topology=0.0ms visual=0.0ms spawn=0.0ms total=0.0ms/6.0ms building.room_recompute=0.0ms(60) power.balance_recompute=0.0ms(60)
[FrameBudget] streaming=0.0ms topology=0.0ms visual=0.0ms spawn=0.0ms total=0.0ms/6.0ms building.room_recompute=0.0ms(60) power.balance_recompute=0.0ms(60)
[FrameBudget] streaming=0.0ms topology=0.0ms visual=0.0ms spawn=0.0ms total=0.0ms/6.0ms building.room_recompute=0.0ms(60) power.balance_recompute=0.0ms(60)
[WorldPerf] WorldPrePass.compute.continentalness.distance_propagation: 1300.50 ms
[WorldPerf] WorldPrePass.compute.continentalness: 1332.92 ms
[WorldPerf] WorldGenerator._setup_world_pre_pass.configure: 58.23 ms
[WorldPerf] WorldGenerator._setup_world_pre_pass.compute: 7521.34 ms
[WorldPerf] WorldGenerator.initialize_world.setup_world_pre_pass: 7579.57 ms
WARNING: [WorldGenerator] ChunkGenerator C++ class not available — falling back to GDScript
   at: push_warning (core/variant/variant_utility.cpp:1034)
   GDScript backtrace (most recent call first):
       [0] _setup_native_chunk_generator (res://core/autoloads/world_generator.gd:547)
       [1] _setup_compute_context (res://core/autoloads/world_generator.gd:539)
       [2] _publish_initialized_runtime_state (res://core/autoloads/world_generator.gd:743)
       [3] complete_pending_initialize_world (res://core/autoloads/world_generator.gd:150)
       [4] _init_world_generator (res://scenes/world/game_world.gd:173)
[WorldPerf] WorldGenerator.complete_pending_initialize_world.pending_age_ms: 7583.64 ms
[WorldPerf] _init_world_generator: 7586.73 ms
[CodexProof] authoritative structure-visibility proof driver enabled
[WorldPerf] GameWorld._setup_after_loading_screen: 7639.91 ms
[ChunkTilesetFactory] rock_atlas=240, wall_base=47, variants=5
[ChunkTilesetFactory] ground_faces: start=259 count=47
[ChunkTilesetFactory] rock_atlas=240, wall_base=47, variants=5
[ChunkTilesetFactory] ground_faces: start=259 count=47
[ChunkTilesetFactory] rock_atlas=240, wall_base=47, variants=5
[ChunkTilesetFactory] ground_faces: start=259 count=47
[ChunkTilesetFactory] rock_atlas=240, wall_base=47, variants=5
[ChunkTilesetFactory] ground_faces: start=259 count=47
[ChunkTilesetFactory] rock_atlas=240, wall_base=47, variants=5
[ChunkTilesetFactory] ground_faces: start=259 count=47
[ChunkTilesetFactory] rock_atlas=240, wall_base=47, variants=5
[ChunkTilesetFactory] ground_faces: start=259 count=47
[ChunkTilesetFactory] rock_atlas=240, wall_base=47, variants=5
[ChunkTilesetFactory] ground_faces: start=259 count=47
[WorldPerf] PlayerChunk coord=(0, 0) z=0 trigger=entered_chunk loaded=false visible=false state=not_loaded phase=none first_pass=false full_ready=false issues=not_loaded,load_queued,first_pass_not_ready ages(first=-ms full=-ms border=-ms apply=-ms converge=-ms) queues(fast=0 urgent=0 near=0 full_near=0 full_far=0) requests(load=true staged=false generating=false) scheduler(step=0.00ms exhausted=false)
[CodexProof] structure visibility verify radius=48
[CodexProof] measuring river candidate window around (0, -4064)
[CodexProof] river candidate center=(0, -4064) grid=(0, 1) river_width=28.195 floodplain_strength=1.000 score=33.175
[CodexProof] river metrics authoritative_tiles=625 visible_tiles=203 water=88 bank=115 rock=0 max_river_strength=1.000 max_floodplain=1.000 max_ridge=0.000 max_mass=0.000
[CodexProof] exporting river proof preview around (0, -4064) (radius=24)
  river_biomes: C:/Users/peaceful/Station Peaceful/Station Peaceful/debug_exports/world_previews/seed_12345_local_0_-4064_r24_1775725662_x4_biomes.png
  river_terrain: C:/Users/peaceful/Station Peaceful/Station Peaceful/debug_exports/world_previews/seed_12345_local_0_-4064_r24_1775725662_x4_terrain.png
  river_structures: C:/Users/peaceful/Station Peaceful/Station Peaceful/debug_exports/world_previews/seed_12345_local_0_-4064_r24_1775725662_x4_structures.png
  river_ecotone: C:/Users/peaceful/Station Peaceful/Station Peaceful/debug_exports/world_previews/seed_12345_local_0_-4064_r24_1775725662_x4_ecotone.png
  river_vegetation: C:/Users/peaceful/Station Peaceful/Station Peaceful/debug_exports/world_previews/seed_12345_local_0_-4064_r24_1775725662_x4_vegetation.png
[CodexProof] measuring mountain candidate window around (3328, -3840)
[CodexProof] mountain candidate center=(3328, -3840) grid=(104, 8) ridge_strength=1.000 mountain_mass=1.000 score=1.900
[CodexProof] mountain metrics authoritative_tiles=625 visible_tiles=611 water=0 bank=0 rock=611 max_river_strength=0.167 max_floodplain=0.000 max_ridge=1.000 max_mass=1.000
[CodexProof] exporting mountain proof preview around (3328, -3840) (radius=24)
  mountain_biomes: C:/Users/peaceful/Station Peaceful/Station Peaceful/debug_exports/world_previews/seed_12345_local_3328_-3840_r24_1775725717_x4_biomes.png
  mountain_terrain: C:/Users/peaceful/Station Peaceful/Station Peaceful/debug_exports/world_previews/seed_12345_local_3328_-3840_r24_1775725717_x4_terrain.png
  mountain_structures: C:/Users/peaceful/Station Peaceful/Station Peaceful/debug_exports/world_previews/seed_12345_local_3328_-3840_r24_1775725717_x4_structures.png
  mountain_ecotone: C:/Users/peaceful/Station Peaceful/Station Peaceful/debug_exports/world_previews/seed_12345_local_3328_-3840_r24_1775725717_x4_ecotone.png
  mountain_vegetation: C:/Users/peaceful/Station Peaceful/Station Peaceful/debug_exports/world_previews/seed_12345_local_3328_-3840_r24_1775725717_x4_vegetation.png
[CodexProof] structure_visibility_status=PASS
[WorldPerf] PlayerChunk coord=(0, 0) z=0 trigger=scheduler loaded=false visible=false state=not_loaded phase=none first_pass=false full_ready=false issues=not_loaded,generating,first_pass_not_ready ages(first=-ms full=-ms border=-ms apply=-ms converge=-ms) queues(fast=0 urgent=0 near=0 full_near=0 full_far=0) requests(load=false staged=false generating=true) scheduler(step=0.01ms exhausted=false)
WARNING: ObjectDB instances leaked at exit (run with --verbose for details).
   at: cleanup (core/object/object.cpp:2641)
ERROR: 16 resources still in use at exit (run with --verbose for details).
   at: clear (core/io/resource.cpp:810)
